===============================================================================
 RRRRR  SSSSS  H   H  RRRRR    Zbigniew ROMANOWSKI                             
 R   R  S      H   H  R   R                                                    
 RRRRR  SSSSS  HHHHH  RRRRR    version: 5.9                                    
 R  R       S  H   H  R  R                                                     
 R   R  SSSSS  H   H  R   R    compilation date: Jan  5 2013 (08:51:25)                       
===============================================================================

Start of calculation: Sat Jan  5 10:44:59 2013

PEs = 4

----INITIALIZATION----========================================================
DOMAIN:
    BsplDeg = 3, CubatOrder = 4, CubatNodeNo = 64
    h = 3.333300E-01
    Nx = 30,    Ny = 30,   Nz = 30
    X0 = -5.000000E+00,    Xmax = 4.999900E+00
    Y0 = -5.000000E+00,    Ymax = 4.999900E+00
    Z0 = -5.000000E+00,    Zmax = 4.999900E+00

NUMBER OF 'ATOMS' = 1
    Harmonic-oscylator() at (x,y,z) = ( 0.00, 0.00, 0.00)


----GRAPH-CREATION-and-PARTITIONING----=======================================
      Setup: Max:   0.077, Sum:   0.310, Balance:   1.000
   Matching: Max:   0.023, Sum:   0.092, Balance:   1.000
Contraction: Max:   0.029, Sum:   0.116, Balance:   1.000
   InitPart: Max:   0.003, Sum:   0.013, Balance:   1.000
    Project: Max:   0.000, Sum:   0.001, Balance:   1.107
 Initialize: Max:   0.027, Sum:   0.109, Balance:   1.001
      K-way: Max:   0.067, Sum:   0.268, Balance:   1.000
      Remap: Max:   0.000, Sum:   0.000, Balance:   1.000
      Total: Max:   0.227, Sum:   0.910, Balance:   1.000
Final   4-way Cut: 356111 	Balance: 1.020 

    Number of nodes:
         Rank0.........5.019E+03
         Averg.........4.921E+03
         Total.........1.968E+04
    Number of edges:
         Rank0.........1.409E+06
         Averg.........1.381E+06
         Total.........5.526E+06
    Memory usage.[MB]:
         Rank0.........2.158E+01
         Averg.........2.115E+01
         Total.........8.461E+01


----MATRIX-ALLOCATION----=====================================================
    Dimension of matrix H or S:
              Rank0..............5.019E+03 (5019)
              Averg..............4.921E+03       
              Total..............1.968E+04 (19683)
    Nonzero entries in H or S:
              Rank0..............1.414E+06 (1414233)
              Averg..............1.386E+06       
              Total..............5.545E+06 (5545233)
    Sparseness of H or S (fraction):
              Rank0..............1.432E-02
              Averg..............1.431E-02
    Sparseness of H or S (non-zero elemnts in a row):
              Rank0..............281.8
              Averg..............281.7
    Memory usage for H and S [MiB]:
              Rank0..............4.316E+01
              Averg..............4.231E+01
              Total..............1.692E+02


----ASSEMBLING----============================================================
..........10..........20..........30..........40..........50done
Assembling time = 3 [s]



----SOLVING----===============================================================
[0]PCSetData_AGG bs=1 MM=5019
EPS Object: 4 MPI processes
  type: krylovschur
    Krylov-Schur: 50% of basis vectors kept after restart
  problem type: generalized symmetric eigenvalue problem
  extraction type: Rayleigh-Ritz
  selected portion of the spectrum: smallest real parts
  number of eigenvalues (nev): 10
  number of column vectors (ncv): 50
  maximum dimension of projected problem (mpd): 50
  maximum number of iterations: 500
  tolerance: 0.0001
  convergence test: relative to the eigenvalue
  estimates of matrix norms (constant): norm(A)=1, norm(B)=1
IP Object: 4 MPI processes
  type: bilinear
  orthogonalization method: classical Gram-Schmidt
  orthogonalization refinement: if needed (eta: 0.7071)
  Matrix Object:   4 MPI processes
    type: mpiaij
    rows=19683, cols=19683
    total: nonzeros=5545233, allocated nonzeros=5545233
    total number of mallocs used during MatSetValues calls =0
      not using I-node (on process 0) routines
DS Object: 4 MPI processes
  type: hep
  solving the problem with: Implicit QR method (_steqr)
ST Object: 4 MPI processes
  type: shift
  shift: 0
  matrices A and B have same nonzero pattern
  KSP Object:  (st_)   4 MPI processes
    type: cg
    maximum iterations=10000
    using preconditioner applied to right hand side for initial guess
    tolerances:  relative=1e-05, absolute=1e-50, divergence=10000
    left preconditioning
    using nonzero initial guess
    using PRECONDITIONED norm type for convergence test
  PC Object:  (st_)   4 MPI processes
    type: gamg
      MG: type is MULTIPLICATIVE, levels=2 cycles=v
        Cycles per PCApply=1
        Using Galerkin computed coarse grid matrices
    Coarse grid solver -- level -------------------------------
      KSP Object:      (st_mg_coarse_)       4 MPI processes
        type: gmres
          GMRES: restart=30, using Classical (unmodified) Gram-Schmidt Orthogonalization with no iterative refinement
          GMRES: happy breakdown tolerance 1e-30
        maximum iterations=1, initial guess is zero
        tolerances:  relative=1e-05, absolute=1e-50, divergence=10000
        left preconditioning
        using NONE norm type for convergence test
      PC Object:      (st_mg_coarse_)       4 MPI processes
        type: bjacobi
          block Jacobi: number of blocks = 4
          Local solve info for each block is in the following KSP and PC objects:
        [0] number of local blocks = 1, first local block number = 0
          [0] local block number 0
                    KSP Object:              KSP Object:          (st_mg_coarse_sub_)        KSP Object:          (st_mg_coarse_sub_)           1 MPI processes
      (st_mg_coarse_sub_)           1 MPI processes
            type: preonly
                    KSP Object:          (st_mg_coarse_sub_)             1 MPI processes
            type: preonly
            maximum iterations=10000, initial guess is zero
                      type: preonly
            maximum iterations=10000, initial guess is zero
        maximum iterations=10000, initial guess is zero
            tolerances:  relative=1e-05, absolute=1e-50, divergence=10000
            left preconditioning
   1 MPI processes
            type: preonly
            maximum iterations=10000, initial guess is zero
  tolerances:  relative=1e-05, absolute=1e-50, divergence=10000
            left preconditioning
            using DEFAULT norm type for convergence test
                tolerances:  relative=1e-05, absolute=1e-50, divergence=10000
            left preconditioning
              using DEFAULT norm type for convergence test
          PC Object:          (st_mg_coarse_sub_)           1 MPI processes
            PC Object:          (st_mg_coarse_sub_)           1 MPI processes
            type: lu
              using DEFAULT norm type for convergence test
          PC Object:                  type: lu
              LU: out-of-place factorization
              tolerances:  relative=1e-05, absolute=1e-50, divergence=10000
            left preconditioning
                  LU: out-of-place factorization
              tolerance for zero pivot 2.22045e-14
              matrix ordering: nd
  (st_mg_coarse_sub_)           1 MPI processes
            tolerance for zero pivot 2.22045e-14
              matrix ordering: nd
            linear system matrix = precond matrix:
            Matrix Object:        using DEFAULT norm type for convergence test
          PC Object:          (st_mg_coarse_sub_)              linear system matrix = precond matrix:
            Matrix Object:             1 MPI processes
              type: seqaij
    type: lu
              LU: out-of-place factorization
                   1 MPI processes
              type: seqaij
              rows=0, cols=0
                       1 MPI processes
            type: lu
            rows=0, cols=0
              total: nonzeros=0, allocated nonzeros=0
              total number of mallocs used during MatSetValues calls =0
  tolerance for zero pivot 2.22045e-14
              matrix ordering: nd
          total: nonzeros=0, allocated nonzeros=0
              total number of mallocs used during MatSetValues calls =0
                not using I-node routines
              LU: out-of-place factorization
                            not using I-node routines
  linear system matrix = precond matrix:
            Matrix Object:             1 MPI processes
  tolerance for zero pivot 2.22045e-14
              matrix ordering: nd
                    type: seqaij
              linear system matrix = precond matrix:
                  rows=491, cols=491
        Matrix Object:                  total: nonzeros=15517, allocated nonzeros=15517
       1 MPI processes
              type: seqaij
        total number of mallocs used during MatSetValues calls =0
              rows=0, cols=0
                not using I-node routines
              total: nonzeros=0, allocated nonzeros=0
          - - - - - - - - - - - - - - - - - -
              total number of mallocs used during MatSetValues calls =0
                    [1] number of local blocks = 1, first local block number = 1
    not using I-node routines
          [1] local block number 0
          - - - - - - - - - - - - - - - - - -
        [2] number of local blocks = 1, first local block number = 2
          [2] local block number 0
          - - - - - - - - - - - - - - - - - -
        [3] number of local blocks = 1, first local block number = 3
          [3] local block number 0
          - - - - - - - - - - - - - - - - - -
        linear system matrix = precond matrix:
        Matrix Object:         4 MPI processes
          type: mpiaij
          rows=491, cols=491
          total: nonzeros=15517, allocated nonzeros=15517
          total number of mallocs used during MatSetValues calls =0
            not using I-node (on process 0) routines
    Down solver (pre-smoother) on level 1 -------------------------------
      KSP Object:      (st_mg_levels_1_)       4 MPI processes
        type: chebyshev
          Chebyshev: eigenvalue estimates:  min = 0.223599, max = 9.4117
        maximum iterations=2
        tolerances:  relative=1e-05, absolute=1e-50, divergence=10000
        left preconditioning
        using nonzero initial guess
        using NONE norm type for convergence test
      PC Object:      (st_mg_levels_1_)       4 MPI processes
        type: jacobi
        linear system matrix = precond matrix:
        Matrix Object:         4 MPI processes
          type: mpiaij
          rows=19683, cols=19683
          total: nonzeros=5545233, allocated nonzeros=5545233
          total number of mallocs used during MatSetValues calls =0
            not using I-node (on process 0) routines
    Up solver (post-smoother) same as down solver (pre-smoother)
    linear system matrix = precond matrix:
    Matrix Object:     4 MPI processes
      type: mpiaij
      rows=19683, cols=19683
      total: nonzeros=5545233, allocated nonzeros=5545233
      total number of mallocs used during MatSetValues calls =0
        not using I-node (on process 0) routines


  1 EPS nconv=0 first unconverged value (error) 1.5 (5.74223275e-04)
  2 EPS nconv=3 first unconverged value (error) 4.50001 (4.90826534e-04)
  3 EPS nconv=3 first unconverged value (error) 2.63964 (5.99013506e-01)
  4 EPS nconv=3 first unconverged value (error) 2.5 (2.47706202e-04)
  5 EPS nconv=5 first unconverged value (error) 4.5 (2.32453435e-04)
  6 EPS nconv=5 first unconverged value (error) 2.50712 (1.30276824e-01)
  7 EPS nconv=5 first unconverged value (error) 2.5 (3.41104880e-04)
  8 EPS nconv=7 first unconverged value (error) 4.31969 (7.97844524e-01)
  9 EPS nconv=7 first unconverged value (error) 3.50002 (1.71440735e-03)
 10 EPS nconv=8 first unconverged value (error) 4.5 (5.55863503e-04)
 11 EPS nconv=8 first unconverged value (error) 3.50032 (1.85961123e-02)
 12 EPS nconv=8 first unconverged value (error) 3.5 (1.66566437e-04)
 13 EPS nconv=9 first unconverged value (error) 4.5 (2.82182873e-04)
 14 EPS nconv=9 first unconverged value (error) 3.50019 (2.11480514e-02)
 15 EPS nconv=15 first unconverged value (error) 5.50001 (3.08113692e-04)

--------------------------------------------------------------
    Number of iterations of the method.............15
    Number of linear iterations of the method......30016
    Solution method................................krylovschur
    Number of requested eigenvalues................10
    Stopping condition: eps_tol....................1.000000E-04
    Stopping condition: eps_max_it.................500
--------------------------------------------------------------


             EIGENVALUES            ERROR
====================================================
    0     1.5000009783E+00     0.0000000000E+00
    1     2.4999965707E+00     0.0000000000E+00
    2     2.5000020346E+00     0.0000000000E+00
    3     2.5000023798E+00     0.0000000000E+00
    4     3.5000012250E+00     0.0000000000E+00
    5     3.5000036762E+00     0.0000000000E+00
    6     3.5000038598E+00     0.0000000000E+00
    7     3.5000084673E+00     0.0000000000E+00
    8     3.5000101546E+00     0.0000000000E+00
    9     3.5000139868E+00     0.0000000000E+00
   10     4.4999984234E+00     0.0000000000E+00
   11     4.5000081749E+00     0.0000000000E+00
   12     4.5000160280E+00     0.0000000000E+00
   13     4.5000362064E+00     0.0000000000E+00
   14     4.5000421648E+00     0.0000000000E+00
End of calculation: Sat Jan  5 11:03:11 2013



 CALCULATION TIME = 1092 [seconds] = 0.30 [hours]
