===============================================================================
 RRRRR  SSSSS  H   H  RRRRR    Zbigniew ROMANOWSKI                             
 R   R  S      H   H  R   R                                                    
 RRRRR  SSSSS  HHHHH  RRRRR    version: 5.9                                    
 R  R       S  H   H  R  R                                                     
 R   R  SSSSS  H   H  R   R    compilation date: Jan  5 2013 (08:51:25)                       
===============================================================================

Start of calculation: Sat Jan  5 11:33:25 2013

PEs = 4

----INITIALIZATION----========================================================
DOMAIN:
    BsplDeg = 3, CubatOrder = 4, CubatNodeNo = 64
    h = 5.000000E-01
    Nx = 20,    Ny = 20,   Nz = 20
    X0 = -5.000000E+00,    Xmax = 5.000000E+00
    Y0 = -5.000000E+00,    Ymax = 5.000000E+00
    Z0 = -5.000000E+00,    Zmax = 5.000000E+00

NUMBER OF 'ATOMS' = 1
    Harmonic-oscylator() at (x,y,z) = ( 0.00, 0.00, 0.00)


----GRAPH-CREATION-and-PARTITIONING----=======================================
Partitioning a graph of size 4913 serially
      Setup: Max:   0.010, Sum:   0.040, Balance:   1.000
      Remap: Max:   0.000, Sum:   0.000, Balance:   1.033
      Total: Max:   0.088, Sum:   0.350, Balance:   1.000
Final   4-way Cut: 128998 	Balance: 1.030 

    Number of nodes:
         Rank0.........1.192E+03
         Averg.........1.228E+03
         Total.........4.913E+03
    Number of edges:
         Rank0.........2.953E+05
         Averg.........3.050E+05
         Total.........1.220E+06
    Memory usage.[MB]:
         Rank0.........4.523E+00
         Averg.........4.673E+00
         Total.........1.869E+01


----MATRIX-ALLOCATION----=====================================================
    Dimension of matrix H or S:
              Rank0..............1.192E+03 (1192)
              Averg..............1.228E+03       
              Total..............4.913E+03 (4913)
    Nonzero entries in H or S:
              Rank0..............2.964E+05 (296445)
              Averg..............3.063E+05       
              Total..............1.225E+06 (1225043)
    Sparseness of H or S (fraction):
              Rank0..............5.062E-02
              Averg..............5.075E-02
    Sparseness of H or S (non-zero elemnts in a row):
              Rank0..............248.7
              Averg..............249.3
    Memory usage for H and S [MiB]:
              Rank0..............9.047E+00
              Averg..............9.346E+00
              Total..............3.739E+01


----ASSEMBLING----============================================================
..........10..........20..........30..........40..........50done
Assembling time = 1 [s]



----SOLVING----===============================================================
[0]PCSetData_AGG bs=1 MM=1192
EPS Object: 4 MPI processes
  type: krylovschur
    Krylov-Schur: 50% of basis vectors kept after restart
  problem type: generalized symmetric eigenvalue problem
  extraction type: Rayleigh-Ritz
  selected portion of the spectrum: smallest real parts
  number of eigenvalues (nev): 10
  number of column vectors (ncv): 50
  maximum dimension of projected problem (mpd): 50
  maximum number of iterations: 500
  tolerance: 0.0001
  convergence test: relative to the eigenvalue
  estimates of matrix norms (constant): norm(A)=1, norm(B)=1
IP Object: 4 MPI processes
  type: bilinear
  orthogonalization method: classical Gram-Schmidt
  orthogonalization refinement: if needed (eta: 0.7071)
  Matrix Object:   4 MPI processes
    type: mpiaij
    rows=4913, cols=4913
    total: nonzeros=1225043, allocated nonzeros=1225043
    total number of mallocs used during MatSetValues calls =0
      not using I-node (on process 0) routines
DS Object: 4 MPI processes
  type: hep
  solving the problem with: Implicit QR method (_steqr)
ST Object: 4 MPI processes
  type: shift
  shift: 0
  matrices A and B have same nonzero pattern
  KSP Object:  (st_)   4 MPI processes
    type: cg
    maximum iterations=10000
    using preconditioner applied to right hand side for initial guess
    tolerances:  relative=1e-05, absolute=1e-50, divergence=10000
    left preconditioning
    using nonzero initial guess
    using PRECONDITIONED norm type for convergence test
  PC Object:  (st_)   4 MPI processes
    type: gamg
      MG: type is MULTIPLICATIVE, levels=2 cycles=v
        Cycles per PCApply=1
        Using Galerkin computed coarse grid matrices
    Coarse grid solver -- level -------------------------------
      KSP Object:      (st_mg_coarse_)       4 MPI processes
        type: gmres
          GMRES: restart=30, using Classical (unmodified) Gram-Schmidt Orthogonalization with no iterative refinement
          GMRES: happy breakdown tolerance 1e-30
        maximum iterations=1, initial guess is zero
        tolerances:  relative=1e-05, absolute=1e-50, divergence=10000
        left preconditioning
        using NONE norm type for convergence test
      PC Object:      (st_mg_coarse_)       4 MPI processes
        type: bjacobi
          block Jacobi: number of blocks = 4
          Local solve info for each block is in the following KSP and PC objects:
        [0] number of local blocks = 1, first local block number = 0
          [0] local block number 0
          KSP Object:          (st_mg_coarse_sub_)          KSP Object:                     1 MPI processes
            type: preonly
                    KSP Object:                    KSP Object:          (st_mg_coarse_sub_)        (st_mg_coarse_sub_)           1 MPI processes
            type: preonly
            maximum iterations=10000, initial guess is zero
            maximum iterations=10000, initial guess is zero
            tolerances:  relative=1e-05, absolute=1e-50, divergence=10000
            left preconditioning
            using DEFAULT norm type for convergence test
      (st_mg_coarse_sub_)           1 MPI processes
            type: preonly
   1 MPI processes
            type: preonly
              PC Object:          (st_mg_coarse_sub_)           1 MPI processes
                      maximum iterations=10000, initial guess is zero
            maximum iterations=10000, initial guess is zero
            tolerances:  relative=1e-05, absolute=1e-50, divergence=10000
            left preconditioning
            using DEFAULT norm type for convergence test
          PC Object:          (st_mg_coarse_sub_)           1 MPI processes
            type: lu
              LU: out-of-place factorization
              tolerance for zero pivot 2.22045e-14
  type: lu
              LU: out-of-place factorization
                    matrix ordering: nd
            linear system matrix = precond matrix:
    tolerances:  relative=1e-05, absolute=1e-50, divergence=10000
            left preconditioning
        tolerances:  relative=1e-05, absolute=1e-50, divergence=10000
            left preconditioning
            using DEFAULT norm type for convergence test
          tolerance for zero pivot 2.22045e-14
              matrix ordering: nd
            linear system matrix = precond matrix:
                  Matrix Object:             1 MPI processes
              type: seqaij
              using DEFAULT norm type for convergence test
          PC Object:              PC Object:          (st_mg_coarse_sub_)        Matrix Object:             1 MPI processes
              type: seqaij
                    rows=140, cols=140
              total: nonzeros=3670, allocated nonzeros=3670
              total number of mallocs used during MatSetValues calls =0
    (st_mg_coarse_sub_)           1 MPI processes
               1 MPI processes
            type: lu
  rows=0, cols=0
              total: nonzeros=0, allocated nonzeros=0
              total number of mallocs used during MatSetValues calls =0
                    not using I-node routines
          - - - - - - - - - - - - - - - - - -
    type: lu
              LU: out-of-place factorization
              LU: out-of-place factorization
                        not using I-node routines
            tolerance for zero pivot 2.22045e-14
    tolerance for zero pivot 2.22045e-14
              matrix ordering: nd
            matrix ordering: nd
                linear system matrix = precond matrix:
            linear system matrix = precond matrix:
                Matrix Object:          Matrix Object:                 1 MPI processes
           1 MPI processes
                  type: seqaij
            type: seqaij
                  rows=0, cols=0
        rows=0, cols=0
                    total: nonzeros=0, allocated nonzeros=0
        total: nonzeros=0, allocated nonzeros=0
                  total number of mallocs used during MatSetValues calls =0
          total number of mallocs used during MatSetValues calls =0
              not using I-node routines
          not using I-node routines
        [1] number of local blocks = 1, first local block number = 1
          [1] local block number 0
          - - - - - - - - - - - - - - - - - -
        [2] number of local blocks = 1, first local block number = 2
          [2] local block number 0
          - - - - - - - - - - - - - - - - - -
        [3] number of local blocks = 1, first local block number = 3
          [3] local block number 0
          - - - - - - - - - - - - - - - - - -
        linear system matrix = precond matrix:
        Matrix Object:         4 MPI processes
          type: mpiaij
          rows=140, cols=140
          total: nonzeros=3670, allocated nonzeros=3670
          total number of mallocs used during MatSetValues calls =0
            not using I-node (on process 0) routines
    Down solver (pre-smoother) on level 1 -------------------------------
      KSP Object:      (st_mg_levels_1_)       4 MPI processes
        type: chebyshev
          Chebyshev: eigenvalue estimates:  min = 0.251061, max = 9.25097
        maximum iterations=2
        tolerances:  relative=1e-05, absolute=1e-50, divergence=10000
        left preconditioning
        using nonzero initial guess
        using NONE norm type for convergence test
      PC Object:      (st_mg_levels_1_)       4 MPI processes
        type: jacobi
        linear system matrix = precond matrix:
        Matrix Object:         4 MPI processes
          type: mpiaij
          rows=4913, cols=4913
          total: nonzeros=1225043, allocated nonzeros=1225043
          total number of mallocs used during MatSetValues calls =0
            not using I-node (on process 0) routines
    Up solver (post-smoother) same as down solver (pre-smoother)
    linear system matrix = precond matrix:
    Matrix Object:     4 MPI processes
      type: mpiaij
      rows=4913, cols=4913
      total: nonzeros=1225043, allocated nonzeros=1225043
      total number of mallocs used during MatSetValues calls =0
        not using I-node (on process 0) routines


  1 EPS nconv=3 first unconverged value (error) 4.50042 (6.62210847e-04)
  2 EPS nconv=3 first unconverged value (error) 2.50009 (1.23798109e-02)
  3 EPS nconv=4 first unconverged value (error) 3.23951 (5.25673815e-01)
  4 EPS nconv=4 first unconverged value (error) 2.50003 (1.01697196e-04)
  5 EPS nconv=6 first unconverged value (error) 3.50015 (1.18155101e-04)
  6 EPS nconv=9 first unconverged value (error) 4.50018 (1.00406887e-04)
  7 EPS nconv=9 first unconverged value (error) 3.50015 (1.45642867e-03)
  8 EPS nconv=9 first unconverged value (error) 3.50015 (1.67837264e-04)
  9 EPS nconv=15 first unconverged value (error) 4.62247 (2.79402834e-01)

--------------------------------------------------------------
    Number of iterations of the method.............9
    Number of linear iterations of the method......16806
    Solution method................................krylovschur
    Number of requested eigenvalues................10
    Stopping condition: eps_tol....................1.000000E-04
    Stopping condition: eps_max_it.................500
--------------------------------------------------------------


             EIGENVALUES            ERROR
====================================================
    0     1.5000091450E+00     0.0000000000E+00
    1     2.5000293878E+00     0.0000000000E+00
    2     2.5000331626E+00     0.0000000000E+00
    3     2.5000341457E+00     0.0000000000E+00
    4     3.5000625871E+00     0.0000000000E+00
    5     3.5000639235E+00     0.0000000000E+00
    6     3.5000651287E+00     0.0000000000E+00
    7     3.5001483032E+00     0.0000000000E+00
    8     3.5001536155E+00     0.0000000000E+00
    9     3.5001575706E+00     0.0000000000E+00
   10     4.5000898821E+00     0.0000000000E+00
   11     4.5001767483E+00     0.0000000000E+00
   12     4.5001873357E+00     0.0000000000E+00
   13     4.5005256795E+00     0.0000000000E+00
   14     4.5005342214E+00     0.0000000000E+00
End of calculation: Sat Jan  5 11:35:31 2013



 CALCULATION TIME = 126 [seconds] = 0.04 [hours]
