===============================================================================
 RRRRR  SSSSS  H   H  RRRRR    Zbigniew ROMANOWSKI                             
 R   R  S      H   H  R   R                                                    
 RRRRR  SSSSS  HHHHH  RRRRR    version: 5.9                                    
 R  R       S  H   H  R  R                                                     
 R   R  SSSSS  H   H  R   R    compilation date: Jan  7 2013 (18:03:58)                       
===============================================================================

Start of calculation: Tue Jan  8 07:55:35 2013

PEs = 4

----INITIALIZATION----========================================================
DOMAIN:
    BsplDeg = 3, CubatOrder = 4, CubatNodeNo = 64
    h = 2.500000E-01
    Nx = 40,    Ny = 40,   Nz = 40
    X0 = -5.000000E+00,    Xmax = 5.000000E+00
    Y0 = -5.000000E+00,    Ymax = 5.000000E+00
    Z0 = -5.000000E+00,    Zmax = 5.000000E+00

NUMBER OF 'ATOMS' = 1
    Harmonic-oscylator() at (x,y,z) = ( 0.00, 0.00, 0.00)


----GRAPH-CREATION-and-PARTITIONING----=======================================
      Setup: Max:   0.170, Sum:   0.680, Balance:   1.000
   Matching: Max:   0.057, Sum:   0.229, Balance:   1.000
Contraction: Max:   0.079, Sum:   0.317, Balance:   1.000
   InitPart: Max:   0.004, Sum:   0.014, Balance:   1.000
    Project: Max:   0.000, Sum:   0.001, Balance:   1.094
 Initialize: Max:   0.063, Sum:   0.251, Balance:   1.000
      K-way: Max:   0.130, Sum:   0.519, Balance:   1.000
      Remap: Max:   0.000, Sum:   0.000, Balance:   1.037
      Total: Max:   0.503, Sum:   2.012, Balance:   1.000
Final   4-way Cut: 701173 	Balance: 1.026 

    Number of nodes:
         Rank0.........1.291E+04
         Averg.........1.266E+04
         Total.........5.065E+04
    Number of edges:
         Rank0.........3.833E+06
         Averg.........3.755E+06
         Total.........1.502E+07
    Memory usage.[MB]:
         Rank0.........5.869E+01
         Averg.........5.748E+01
         Total.........2.299E+02


----MATRIX-ALLOCATION----=====================================================
    Dimension of matrix H or S:
              Rank0..............1.291E+04 (12912)
              Averg..............1.266E+04       
              Total..............5.065E+04 (50653)
    Nonzero entries in H or S:
              Rank0..............3.846E+06 (3846257)
              Averg..............3.767E+06       
              Total..............1.507E+07 (15069223)
    Sparseness of H or S (fraction):
              Rank0..............5.881E-03
              Averg..............5.873E-03
    Sparseness of H or S (non-zero elemnts in a row):
              Rank0..............297.9
              Averg..............297.5
    Memory usage for H and S [MiB]:
              Rank0..............1.174E+02
              Averg..............1.150E+02
              Total..............4.599E+02


----ASSEMBLING----============================================================
..........10..........20..........30..........40..........50done
Assembling time = 8 [s]



----SOLVING----===============================================================
EPS Object: 4 MPI processes
  type: krylovschur
    Krylov-Schur: 50% of basis vectors kept after restart
  problem type: generalized symmetric eigenvalue problem
  extraction type: Rayleigh-Ritz
  selected portion of the spectrum: smallest real parts
  number of eigenvalues (nev): 10
  number of column vectors (ncv): 50
  maximum dimension of projected problem (mpd): 50
  maximum number of iterations: 500
  tolerance: 0.0001
  convergence test: relative to the eigenvalue
  estimates of matrix norms (constant): norm(A)=1, norm(B)=1
IP Object: 4 MPI processes
  type: bilinear
  orthogonalization method: classical Gram-Schmidt
  orthogonalization refinement: if needed (eta: 0.7071)
  Matrix Object:   4 MPI processes
    type: mpiaij
    rows=50653, cols=50653
    total: nonzeros=15069223, allocated nonzeros=15069223
    total number of mallocs used during MatSetValues calls =0
      not using I-node (on process 0) routines
DS Object: 4 MPI processes
  type: hep
  solving the problem with: Implicit QR method (_steqr)
ST Object: 4 MPI processes
  type: shift
  shift: 0
  matrices A and B have same nonzero pattern
  KSP Object:  (st_)   4 MPI processes
    type: cg
    maximum iterations=10000
    using preconditioner applied to right hand side for initial guess
    tolerances:  relative=1e-05, absolute=1e-50, divergence=10000
    left preconditioning
    using nonzero initial guess
    using PRECONDITIONED norm type for convergence test
  PC Object:  (st_)   4 MPI processes
    type: asm
      Additive Schwarz: total subdomain blocks = 4, amount of overlap = 0
      Additive Schwarz: restriction/interpolation type - RESTRICT
      Local solve is same for all blocks, in the following KSP and PC objects:
    KSP Object:    (st_sub_)     1 MPI processes
      type: preonly
      maximum iterations=10000, initial guess is zero
      tolerances:  relative=1e-05, absolute=1e-50, divergence=10000
      left preconditioning
      using DEFAULT norm type for convergence test
    PC Object:    (st_sub_)     1 MPI processes
      type: icc
        0 levels of fill
        tolerance for zero pivot 2.22045e-14
        using Manteuffel shift
        matrix ordering: natural
      linear system matrix = precond matrix:
      Matrix Object:       1 MPI processes
        type: seqaij
        rows=12912, cols=12912
        total: nonzeros=3492870, allocated nonzeros=3492870
        total number of mallocs used during MatSetValues calls =0
          not using I-node routines
    linear system matrix = precond matrix:
    Matrix Object:     4 MPI processes
      type: mpiaij
      rows=50653, cols=50653
      total: nonzeros=15069223, allocated nonzeros=15069223
      total number of mallocs used during MatSetValues calls =0
        not using I-node (on process 0) routines


  1 EPS nconv=0 first unconverged value (error) 1.50007 (7.63980896e-03)
  2 EPS nconv=0 first unconverged value (error) 1.50004 (1.07151279e-04)
  3 EPS nconv=1 first unconverged value (error) 2.50002 (4.93953784e-04)
  4 EPS nconv=1 first unconverged value (error) 2.50002 (6.02918098e-04)
  5 EPS nconv=1 first unconverged value (error) 2.49993 (1.95212092e-03)
  6 EPS nconv=3 first unconverged value (error) 3.32871 (2.95988134e-01)
  7 EPS nconv=3 first unconverged value (error) 2.5001 (1.40219249e-02)
  8 EPS nconv=3 first unconverged value (error) 2.50006 (1.15122142e-04)
  9 EPS nconv=4 first unconverged value (error) 3.49981 (2.58020775e-04)
 10 EPS nconv=5 first unconverged value (error) 3.49999 (2.25721893e-04)
 11 EPS nconv=11 first unconverged value (error) 5.02789 (9.68820661e-01)

--------------------------------------------------------------
    Number of iterations of the method.............11
    Number of linear iterations of the method......14476
    Solution method................................krylovschur
    Number of requested eigenvalues................10
    Stopping condition: eps_tol....................1.000000E-04
    Stopping condition: eps_max_it.................500
--------------------------------------------------------------


             EIGENVALUES            ERROR
====================================================
    0     1.5000414887E+00     0.0000000000E+00
    1     2.4999292071E+00     0.0000000000E+00
    2     2.5000441824E+00     0.0000000000E+00
    3     2.5000584850E+00     0.0000000000E+00
    4     3.4998067497E+00     0.0000000000E+00
    5     3.4999869633E+00     0.0000000000E+00
    6     3.5002021356E+00     0.0000000000E+00
    7     3.5002649405E+00     0.0000000000E+00
    8     4.4995571455E+00     0.0000000000E+00
    9     4.4999813174E+00     0.0000000000E+00
   10     4.5003119715E+00     0.0000000000E+00


 End of calculation: Tue Jan  8 08:02:18 2013



 CALCULATION TIME = 403 [seconds] = 0.11 [hours]
