===============================================================================
 RRRRR  SSSSS  H   H  RRRRR    Zbigniew ROMANOWSKI                             
 R   R  S      H   H  R   R                                                    
 RRRRR  SSSSS  HHHHH  RRRRR    version: 5.9                                    
 R  R       S  H   H  R  R                                                     
 R   R  SSSSS  H   H  R   R    compilation date: Jan  5 2013 (08:51:25)                       
===============================================================================

Start of calculation: Sat Jan  5 11:26:56 2013

PEs = 4

----INITIALIZATION----========================================================
DOMAIN:
    BsplDeg = 3, CubatOrder = 4, CubatNodeNo = 64
    h = 5.000000E-01
    Nx = 20,    Ny = 20,   Nz = 20
    X0 = -5.000000E+00,    Xmax = 5.000000E+00
    Y0 = -5.000000E+00,    Ymax = 5.000000E+00
    Z0 = -5.000000E+00,    Zmax = 5.000000E+00

NUMBER OF 'ATOMS' = 1
    Harmonic-oscylator() at (x,y,z) = ( 0.00, 0.00, 0.00)


----GRAPH-CREATION-and-PARTITIONING----=======================================
Partitioning a graph of size 4913 serially
      Setup: Max:   0.010, Sum:   0.041, Balance:   1.000
      Remap: Max:   0.000, Sum:   0.000, Balance:   1.016
      Total: Max:   0.094, Sum:   0.377, Balance:   1.000
Final   4-way Cut: 128998 	Balance: 1.030 

    Number of nodes:
         Rank0.........1.192E+03
         Averg.........1.228E+03
         Total.........4.913E+03
    Number of edges:
         Rank0.........2.953E+05
         Averg.........3.050E+05
         Total.........1.220E+06
    Memory usage.[MB]:
         Rank0.........4.523E+00
         Averg.........4.673E+00
         Total.........1.869E+01


----MATRIX-ALLOCATION----=====================================================
    Dimension of matrix H or S:
              Rank0..............1.192E+03 (1192)
              Averg..............1.228E+03       
              Total..............4.913E+03 (4913)
    Nonzero entries in H or S:
              Rank0..............2.964E+05 (296445)
              Averg..............3.063E+05       
              Total..............1.225E+06 (1225043)
    Sparseness of H or S (fraction):
              Rank0..............5.062E-02
              Averg..............5.075E-02
    Sparseness of H or S (non-zero elemnts in a row):
              Rank0..............248.7
              Averg..............249.3
    Memory usage for H and S [MiB]:
              Rank0..............9.047E+00
              Averg..............9.346E+00
              Total..............3.739E+01


----ASSEMBLING----============================================================
..........10..........20..........30..........40..........50done
Assembling time = 1 [s]



----SOLVING----===============================================================
EPS Object: 4 MPI processes
  type: krylovschur
    Krylov-Schur: 50% of basis vectors kept after restart
  problem type: generalized symmetric eigenvalue problem
  extraction type: Rayleigh-Ritz
  selected portion of the spectrum: smallest real parts
  number of eigenvalues (nev): 10
  number of column vectors (ncv): 50
  maximum dimension of projected problem (mpd): 50
  maximum number of iterations: 500
  tolerance: 0.0001
  convergence test: relative to the eigenvalue
  estimates of matrix norms (constant): norm(A)=1, norm(B)=1
IP Object: 4 MPI processes
  type: bilinear
  orthogonalization method: classical Gram-Schmidt
  orthogonalization refinement: if needed (eta: 0.7071)
  Matrix Object:   4 MPI processes
    type: mpiaij
    rows=4913, cols=4913
    total: nonzeros=1225043, allocated nonzeros=1225043
    total number of mallocs used during MatSetValues calls =0
      not using I-node (on process 0) routines
DS Object: 4 MPI processes
  type: hep
  solving the problem with: Implicit QR method (_steqr)
ST Object: 4 MPI processes
  type: shift
  shift: 0
  matrices A and B have same nonzero pattern
  KSP Object:  (st_)   4 MPI processes
    type: cg
    maximum iterations=10000
    using preconditioner applied to right hand side for initial guess
    tolerances:  relative=1e-05, absolute=1e-50, divergence=10000
    left preconditioning
    using nonzero initial guess
    using PRECONDITIONED norm type for convergence test
  PC Object:  (st_)   4 MPI processes
    type: gamg
      MG: type is MULTIPLICATIVE, levels=3 cycles=w
        Cycles per PCApply=1
        Using Galerkin computed coarse grid matrices
    Coarse grid solver -- level -------------------------------
      KSP Object:      (st_mg_coarse_)       4 MPI processes
        type: preonly
        maximum iterations=1, initial guess is zero
        tolerances:  relative=1e-05, absolute=1e-50, divergence=10000
        left preconditioning
        using NONE norm type for convergence test
      PC Object:      (st_mg_coarse_)       4 MPI processes
        type: redundant
          Redundant preconditioner: Not yet setup
    Down solver (pre-smoother) on level 1 -------------------------------
      KSP Object:      (st_mg_levels_1_)       4 MPI processes
        type: chebyshev
          Chebyshev: eigenvalue estimates:  min = 0, max = 0
        maximum iterations=1, initial guess is zero
        tolerances:  relative=1e-05, absolute=1e-50, divergence=10000
        left preconditioning
        using NONE norm type for convergence test
      PC Object:      (st_mg_levels_1_)       4 MPI processes
        type: sor
          SOR: type = local_symmetric, iterations = 1, local iterations = 1, omega = 1
    Up solver (post-smoother) on level 1 -------------------------------
      KSP Object:      (st_mg_levels_1_)       4 MPI processes
        type: chebyshev
          Chebyshev: eigenvalue estimates:  min = 0, max = 0
        maximum iterations=1, initial guess is zero
        tolerances:  relative=1e-05, absolute=1e-50, divergence=10000
        left preconditioning
        using NONE norm type for convergence test
      PC Object:      (st_mg_levels_1_)       4 MPI processes
        type: sor
          SOR: type = local_symmetric, iterations = 1, local iterations = 1, omega = 1
    Down solver (pre-smoother) on level 2 -------------------------------
      KSP Object:      (st_mg_levels_2_)       4 MPI processes
        type: chebyshev
          Chebyshev: eigenvalue estimates:  min = 0, max = 0
        maximum iterations=1, initial guess is zero
        tolerances:  relative=1e-05, absolute=1e-50, divergence=10000
        left preconditioning
        using NONE norm type for convergence test
      PC Object:      (st_mg_levels_2_)       4 MPI processes
        type: sor
          SOR: type = local_symmetric, iterations = 1, local iterations = 1, omega = 1
    Up solver (post-smoother) on level 2 -------------------------------
      KSP Object:      (st_mg_levels_2_)       4 MPI processes
        type: chebyshev
          Chebyshev: eigenvalue estimates:  min = 0, max = 0
        maximum iterations=1, initial guess is zero
        tolerances:  relative=1e-05, absolute=1e-50, divergence=10000
        left preconditioning
        using NONE norm type for convergence test
      PC Object:      (st_mg_levels_2_)       4 MPI processes
        type: sor
          SOR: type = local_symmetric, iterations = 1, local iterations = 1, omega = 1
    linear system matrix = precond matrix:
    Matrix Object:     4 MPI processes
      type: mpiaij
      rows=4913, cols=4913
      total: nonzeros=1225043, allocated nonzeros=1225043
      total number of mallocs used during MatSetValues calls =0
        not using I-node (on process 0) routines


[0]PCSetData_AGG bs=1 MM=1192
  1 EPS nconv=3 first unconverged value (error) 4.50023 (4.98362992e-04)
  2 EPS nconv=3 first unconverged value (error) 2.50012 (1.60260692e-02)
  3 EPS nconv=4 first unconverged value (error) 3.49268 (4.76750809e-02)
  4 EPS nconv=4 first unconverged value (error) 2.50003 (4.77397741e-04)
  5 EPS nconv=5 first unconverged value (error) 3.50006 (1.62823188e-04)
  6 EPS nconv=6 first unconverged value (error) 3.50009 (1.35450286e-04)
  7 EPS nconv=9 first unconverged value (error) 4.50013 (1.07364440e-04)
  8 EPS nconv=9 first unconverged value (error) 3.50287 (4.76863420e-02)
  9 EPS nconv=15 first unconverged value (error) 4.52432 (7.78971313e-02)

--------------------------------------------------------------
    Number of iterations of the method.............9
    Number of linear iterations of the method......16878
    Solution method................................krylovschur
    Number of requested eigenvalues................10
    Stopping condition: eps_tol....................1.000000E-04
    Stopping condition: eps_max_it.................500
--------------------------------------------------------------


             EIGENVALUES            ERROR
====================================================
    0     1.5000079921E+00     0.0000000000E+00
    1     2.5000292764E+00     0.0000000000E+00
    2     2.5000352345E+00     0.0000000000E+00
    3     2.5000440006E+00     0.0000000000E+00
    4     3.5000577009E+00     0.0000000000E+00
    5     3.5000614360E+00     0.0000000000E+00
    6     3.5000654793E+00     0.0000000000E+00
    7     3.5001529966E+00     0.0000000000E+00
    8     3.5001558123E+00     0.0000000000E+00
    9     3.5001611569E+00     0.0000000000E+00
   10     4.5000868835E+00     0.0000000000E+00
   11     4.5001749029E+00     0.0000000000E+00
   12     4.5001811769E+00     0.0000000000E+00
   13     4.5005272076E+00     0.0000000000E+00
   14     4.5005334615E+00     0.0000000000E+00
End of calculation: Sat Jan  5 11:29:23 2013



 CALCULATION TIME = 147 [seconds] = 0.04 [hours]
