===============================================================================
 RRRRR  SSSSS  H   H  RRRRR    Zbigniew ROMANOWSKI                             
 R   R  S      H   H  R   R                                                    
 RRRRR  SSSSS  HHHHH  RRRRR    version: 5.4                                    
 R  R       S  H   H  R  R                                                     
 R   R  SSSSS  H   H  R   R    compilation date: Dec  8 2012 (20:50:40)                       
===============================================================================

PEs = 128

----INITIALIZATION----========================================================
DOMAIN:
    BsplDeg = 3, CubatOrder = 5, CubatNodeNo = 125
    h = 4.000000E-01
    Nx = 113,    Ny = 113,   Nz = 113
    X0 = -2.000000E+01,    Xmax = 2.520000E+01
    Y0 = -2.000000E+01,    Ymax = 2.520000E+01
    Z0 = -2.000000E+01,    Zmax = 2.520000E+01

NUMBER OF 'ATOMS' = 125
    Soft-r^4(d,a)=(-2.00, 0.10) at (x,y,z) = ( 0.00, 0.00, 0.00)
    Soft-r^4(d,a)=(-2.00, 0.10) at (x,y,z) = ( 0.00, 0.00, 1.30)
    Soft-r^4(d,a)=(-2.00, 0.10) at (x,y,z) = ( 0.00, 0.00, 2.60)
    Soft-r^4(d,a)=(-2.00, 0.10) at (x,y,z) = ( 0.00, 0.00, 3.90)
    Soft-r^4(d,a)=(-2.00, 0.10) at (x,y,z) = ( 0.00, 0.00, 5.20)
    Soft-r^4(d,a)=(-2.00, 0.10) at (x,y,z) = ( 0.00, 1.30, 0.00)
    Soft-r^4(d,a)=(-2.00, 0.10) at (x,y,z) = ( 0.00, 1.30, 1.30)
    Soft-r^4(d,a)=(-2.00, 0.10) at (x,y,z) = ( 0.00, 1.30, 2.60)
    Soft-r^4(d,a)=(-2.00, 0.10) at (x,y,z) = ( 0.00, 1.30, 3.90)
    Soft-r^4(d,a)=(-2.00, 0.10) at (x,y,z) = ( 0.00, 1.30, 5.20)
    Soft-r^4(d,a)=(-2.00, 0.10) at (x,y,z) = ( 0.00, 2.60, 0.00)
    Soft-r^4(d,a)=(-2.00, 0.10) at (x,y,z) = ( 0.00, 2.60, 1.30)
    Soft-r^4(d,a)=(-2.00, 0.10) at (x,y,z) = ( 0.00, 2.60, 2.60)
    Soft-r^4(d,a)=(-2.00, 0.10) at (x,y,z) = ( 0.00, 2.60, 3.90)
    Soft-r^4(d,a)=(-2.00, 0.10) at (x,y,z) = ( 0.00, 2.60, 5.20)
    Soft-r^4(d,a)=(-2.00, 0.10) at (x,y,z) = ( 0.00, 3.90, 0.00)
    Soft-r^4(d,a)=(-2.00, 0.10) at (x,y,z) = ( 0.00, 3.90, 1.30)
    Soft-r^4(d,a)=(-2.00, 0.10) at (x,y,z) = ( 0.00, 3.90, 2.60)
    Soft-r^4(d,a)=(-2.00, 0.10) at (x,y,z) = ( 0.00, 3.90, 3.90)
    Soft-r^4(d,a)=(-2.00, 0.10) at (x,y,z) = ( 0.00, 3.90, 5.20)
    Soft-r^4(d,a)=(-2.00, 0.10) at (x,y,z) = ( 0.00, 5.20, 0.00)
    Soft-r^4(d,a)=(-2.00, 0.10) at (x,y,z) = ( 0.00, 5.20, 1.30)
    Soft-r^4(d,a)=(-2.00, 0.10) at (x,y,z) = ( 0.00, 5.20, 2.60)
    Soft-r^4(d,a)=(-2.00, 0.10) at (x,y,z) = ( 0.00, 5.20, 3.90)
    Soft-r^4(d,a)=(-2.00, 0.10) at (x,y,z) = ( 0.00, 5.20, 5.20)
    Soft-r^4(d,a)=(-2.00, 0.10) at (x,y,z) = ( 1.30, 0.00, 0.00)
    Soft-r^4(d,a)=(-2.00, 0.10) at (x,y,z) = ( 1.30, 0.00, 1.30)
    Soft-r^4(d,a)=(-2.00, 0.10) at (x,y,z) = ( 1.30, 0.00, 2.60)
    Soft-r^4(d,a)=(-2.00, 0.10) at (x,y,z) = ( 1.30, 0.00, 3.90)
    Soft-r^4(d,a)=(-2.00, 0.10) at (x,y,z) = ( 1.30, 0.00, 5.20)
    Soft-r^4(d,a)=(-2.00, 0.10) at (x,y,z) = ( 1.30, 1.30, 0.00)
    Soft-r^4(d,a)=(-2.00, 0.10) at (x,y,z) = ( 1.30, 1.30, 1.30)
    Soft-r^4(d,a)=(-2.00, 0.10) at (x,y,z) = ( 1.30, 1.30, 2.60)
    Soft-r^4(d,a)=(-2.00, 0.10) at (x,y,z) = ( 1.30, 1.30, 3.90)
    Soft-r^4(d,a)=(-2.00, 0.10) at (x,y,z) = ( 1.30, 1.30, 5.20)
    Soft-r^4(d,a)=(-2.00, 0.10) at (x,y,z) = ( 1.30, 2.60, 0.00)
    Soft-r^4(d,a)=(-2.00, 0.10) at (x,y,z) = ( 1.30, 2.60, 1.30)
    Soft-r^4(d,a)=(-2.00, 0.10) at (x,y,z) = ( 1.30, 2.60, 2.60)
    Soft-r^4(d,a)=(-2.00, 0.10) at (x,y,z) = ( 1.30, 2.60, 3.90)
    Soft-r^4(d,a)=(-2.00, 0.10) at (x,y,z) = ( 1.30, 2.60, 5.20)
    Soft-r^4(d,a)=(-2.00, 0.10) at (x,y,z) = ( 1.30, 3.90, 0.00)
    Soft-r^4(d,a)=(-2.00, 0.10) at (x,y,z) = ( 1.30, 3.90, 1.30)
    Soft-r^4(d,a)=(-2.00, 0.10) at (x,y,z) = ( 1.30, 3.90, 2.60)
    Soft-r^4(d,a)=(-2.00, 0.10) at (x,y,z) = ( 1.30, 3.90, 3.90)
    Soft-r^4(d,a)=(-2.00, 0.10) at (x,y,z) = ( 1.30, 3.90, 5.20)
    Soft-r^4(d,a)=(-2.00, 0.10) at (x,y,z) = ( 1.30, 5.20, 0.00)
    Soft-r^4(d,a)=(-2.00, 0.10) at (x,y,z) = ( 1.30, 5.20, 1.30)
    Soft-r^4(d,a)=(-2.00, 0.10) at (x,y,z) = ( 1.30, 5.20, 2.60)
    Soft-r^4(d,a)=(-2.00, 0.10) at (x,y,z) = ( 1.30, 5.20, 3.90)
    Soft-r^4(d,a)=(-2.00, 0.10) at (x,y,z) = ( 1.30, 5.20, 5.20)
    Soft-r^4(d,a)=(-2.00, 0.10) at (x,y,z) = ( 2.60, 0.00, 0.00)
    Soft-r^4(d,a)=(-2.00, 0.10) at (x,y,z) = ( 2.60, 0.00, 1.30)
    Soft-r^4(d,a)=(-2.00, 0.10) at (x,y,z) = ( 2.60, 0.00, 2.60)
    Soft-r^4(d,a)=(-2.00, 0.10) at (x,y,z) = ( 2.60, 0.00, 3.90)
    Soft-r^4(d,a)=(-2.00, 0.10) at (x,y,z) = ( 2.60, 0.00, 5.20)
    Soft-r^4(d,a)=(-2.00, 0.10) at (x,y,z) = ( 2.60, 1.30, 0.00)
    Soft-r^4(d,a)=(-2.00, 0.10) at (x,y,z) = ( 2.60, 1.30, 1.30)
    Soft-r^4(d,a)=(-2.00, 0.10) at (x,y,z) = ( 2.60, 1.30, 2.60)
    Soft-r^4(d,a)=(-2.00, 0.10) at (x,y,z) = ( 2.60, 1.30, 3.90)
    Soft-r^4(d,a)=(-2.00, 0.10) at (x,y,z) = ( 2.60, 1.30, 5.20)
    Soft-r^4(d,a)=(-2.00, 0.10) at (x,y,z) = ( 2.60, 2.60, 0.00)
    Soft-r^4(d,a)=(-2.00, 0.10) at (x,y,z) = ( 2.60, 2.60, 1.30)
    Soft-r^4(d,a)=(-2.00, 0.10) at (x,y,z) = ( 2.60, 2.60, 2.60)
    Soft-r^4(d,a)=(-2.00, 0.10) at (x,y,z) = ( 2.60, 2.60, 3.90)
    Soft-r^4(d,a)=(-2.00, 0.10) at (x,y,z) = ( 2.60, 2.60, 5.20)
    Soft-r^4(d,a)=(-2.00, 0.10) at (x,y,z) = ( 2.60, 3.90, 0.00)
    Soft-r^4(d,a)=(-2.00, 0.10) at (x,y,z) = ( 2.60, 3.90, 1.30)
    Soft-r^4(d,a)=(-2.00, 0.10) at (x,y,z) = ( 2.60, 3.90, 2.60)
    Soft-r^4(d,a)=(-2.00, 0.10) at (x,y,z) = ( 2.60, 3.90, 3.90)
    Soft-r^4(d,a)=(-2.00, 0.10) at (x,y,z) = ( 2.60, 3.90, 5.20)
    Soft-r^4(d,a)=(-2.00, 0.10) at (x,y,z) = ( 2.60, 5.20, 0.00)
    Soft-r^4(d,a)=(-2.00, 0.10) at (x,y,z) = ( 2.60, 5.20, 1.30)
    Soft-r^4(d,a)=(-2.00, 0.10) at (x,y,z) = ( 2.60, 5.20, 2.60)
    Soft-r^4(d,a)=(-2.00, 0.10) at (x,y,z) = ( 2.60, 5.20, 3.90)
    Soft-r^4(d,a)=(-2.00, 0.10) at (x,y,z) = ( 2.60, 5.20, 5.20)
    Soft-r^4(d,a)=(-2.00, 0.10) at (x,y,z) = ( 3.90, 0.00, 0.00)
    Soft-r^4(d,a)=(-2.00, 0.10) at (x,y,z) = ( 3.90, 0.00, 1.30)
    Soft-r^4(d,a)=(-2.00, 0.10) at (x,y,z) = ( 3.90, 0.00, 2.60)
    Soft-r^4(d,a)=(-2.00, 0.10) at (x,y,z) = ( 3.90, 0.00, 3.90)
    Soft-r^4(d,a)=(-2.00, 0.10) at (x,y,z) = ( 3.90, 0.00, 5.20)
    Soft-r^4(d,a)=(-2.00, 0.10) at (x,y,z) = ( 3.90, 1.30, 0.00)
    Soft-r^4(d,a)=(-2.00, 0.10) at (x,y,z) = ( 3.90, 1.30, 1.30)
    Soft-r^4(d,a)=(-2.00, 0.10) at (x,y,z) = ( 3.90, 1.30, 2.60)
    Soft-r^4(d,a)=(-2.00, 0.10) at (x,y,z) = ( 3.90, 1.30, 3.90)
    Soft-r^4(d,a)=(-2.00, 0.10) at (x,y,z) = ( 3.90, 1.30, 5.20)
    Soft-r^4(d,a)=(-2.00, 0.10) at (x,y,z) = ( 3.90, 2.60, 0.00)
    Soft-r^4(d,a)=(-2.00, 0.10) at (x,y,z) = ( 3.90, 2.60, 1.30)
    Soft-r^4(d,a)=(-2.00, 0.10) at (x,y,z) = ( 3.90, 2.60, 2.60)
    Soft-r^4(d,a)=(-2.00, 0.10) at (x,y,z) = ( 3.90, 2.60, 3.90)
    Soft-r^4(d,a)=(-2.00, 0.10) at (x,y,z) = ( 3.90, 2.60, 5.20)
    Soft-r^4(d,a)=(-2.00, 0.10) at (x,y,z) = ( 3.90, 3.90, 0.00)
    Soft-r^4(d,a)=(-2.00, 0.10) at (x,y,z) = ( 3.90, 3.90, 1.30)
    Soft-r^4(d,a)=(-2.00, 0.10) at (x,y,z) = ( 3.90, 3.90, 2.60)
    Soft-r^4(d,a)=(-2.00, 0.10) at (x,y,z) = ( 3.90, 3.90, 3.90)
    Soft-r^4(d,a)=(-2.00, 0.10) at (x,y,z) = ( 3.90, 3.90, 5.20)
    Soft-r^4(d,a)=(-2.00, 0.10) at (x,y,z) = ( 3.90, 5.20, 0.00)
    Soft-r^4(d,a)=(-2.00, 0.10) at (x,y,z) = ( 3.90, 5.20, 1.30)
    Soft-r^4(d,a)=(-2.00, 0.10) at (x,y,z) = ( 3.90, 5.20, 2.60)
    Soft-r^4(d,a)=(-2.00, 0.10) at (x,y,z) = ( 3.90, 5.20, 3.90)
    Soft-r^4(d,a)=(-2.00, 0.10) at (x,y,z) = ( 3.90, 5.20, 5.20)
    Soft-r^4(d,a)=(-2.00, 0.10) at (x,y,z) = ( 5.20, 0.00, 0.00)
    Soft-r^4(d,a)=(-2.00, 0.10) at (x,y,z) = ( 5.20, 0.00, 1.30)
    Soft-r^4(d,a)=(-2.00, 0.10) at (x,y,z) = ( 5.20, 0.00, 2.60)
    Soft-r^4(d,a)=(-2.00, 0.10) at (x,y,z) = ( 5.20, 0.00, 3.90)
    Soft-r^4(d,a)=(-2.00, 0.10) at (x,y,z) = ( 5.20, 0.00, 5.20)
    Soft-r^4(d,a)=(-2.00, 0.10) at (x,y,z) = ( 5.20, 1.30, 0.00)
    Soft-r^4(d,a)=(-2.00, 0.10) at (x,y,z) = ( 5.20, 1.30, 1.30)
    Soft-r^4(d,a)=(-2.00, 0.10) at (x,y,z) = ( 5.20, 1.30, 2.60)
    Soft-r^4(d,a)=(-2.00, 0.10) at (x,y,z) = ( 5.20, 1.30, 3.90)
    Soft-r^4(d,a)=(-2.00, 0.10) at (x,y,z) = ( 5.20, 1.30, 5.20)
    Soft-r^4(d,a)=(-2.00, 0.10) at (x,y,z) = ( 5.20, 2.60, 0.00)
    Soft-r^4(d,a)=(-2.00, 0.10) at (x,y,z) = ( 5.20, 2.60, 1.30)
    Soft-r^4(d,a)=(-2.00, 0.10) at (x,y,z) = ( 5.20, 2.60, 2.60)
    Soft-r^4(d,a)=(-2.00, 0.10) at (x,y,z) = ( 5.20, 2.60, 3.90)
    Soft-r^4(d,a)=(-2.00, 0.10) at (x,y,z) = ( 5.20, 2.60, 5.20)
    Soft-r^4(d,a)=(-2.00, 0.10) at (x,y,z) = ( 5.20, 3.90, 0.00)
    Soft-r^4(d,a)=(-2.00, 0.10) at (x,y,z) = ( 5.20, 3.90, 1.30)
    Soft-r^4(d,a)=(-2.00, 0.10) at (x,y,z) = ( 5.20, 3.90, 2.60)
    Soft-r^4(d,a)=(-2.00, 0.10) at (x,y,z) = ( 5.20, 3.90, 3.90)
    Soft-r^4(d,a)=(-2.00, 0.10) at (x,y,z) = ( 5.20, 3.90, 5.20)
    Soft-r^4(d,a)=(-2.00, 0.10) at (x,y,z) = ( 5.20, 5.20, 0.00)
    Soft-r^4(d,a)=(-2.00, 0.10) at (x,y,z) = ( 5.20, 5.20, 1.30)
    Soft-r^4(d,a)=(-2.00, 0.10) at (x,y,z) = ( 5.20, 5.20, 2.60)
    Soft-r^4(d,a)=(-2.00, 0.10) at (x,y,z) = ( 5.20, 5.20, 3.90)
    Soft-r^4(d,a)=(-2.00, 0.10) at (x,y,z) = ( 5.20, 5.20, 5.20)


----GRAPH-CREATION-and-PARTITIONING----=======================================
      Setup: Max:   2.929, Sum: 374.911, Balance:   1.000
   Matching: Max:   2.640, Sum: 337.857, Balance:   1.000
Contraction: Max:   0.986, Sum: 126.264, Balance:   1.000
   InitPart: Max:   0.144, Sum:  18.439, Balance:   1.000
    Project: Max:   0.002, Sum:   0.266, Balance:   1.042
 Initialize: Max:   0.599, Sum:  76.670, Balance:   1.001
      K-way: Max:   2.135, Sum: 273.252, Balance:   1.000
      Remap: Max:   0.001, Sum:   0.081, Balance:   1.001
      Total: Max:   9.436, Sum: 1207.786, Balance:   1.000
Final 128-way Cut: 37478008 	Balance: 1.050 

    Number of nodes:
         Rank0.........1.080E+04
         Averg.........1.040E+04
         Total.........1.331E+06
    Number of edges:
         Rank0.........3.364E+06
         Averg.........3.392E+06
         Total.........4.342E+08
    Memory usage.[MB]:
         Rank0.........5.149E+01
         Averg.........5.192E+01
         Total.........6.646E+03


----MATRIX-ALLOCATION----=====================================================
    Dimension of matrix H or S:
              Rank0..............1.080E+04 (10800)
              Averg..............1.040E+04       
              Total..............1.331E+06 (1331000)
    Nonzero entries in H or S:
              Rank0..............3.375E+06 (3374749)
              Averg..............3.402E+06       
              Total..............4.355E+08 (435519512)
    Sparseness of H or S (fraction):
              Rank0..............2.348E-04
              Averg..............2.458E-04
    Sparseness of H or S (non-zero elemnts in a row):
              Rank0..............312.5
              Averg..............327.2
    Memory usage for H and S [MiB]:
              Rank0..............1.030E+02
              Averg..............1.038E+02
              Total..............1.329E+04


----ASSEMBLING----============================================================
..........10..........20..........30..........40..........50done
Assembling time = 109 [s]



----SOLVING----===============================================================
EPS Object: 128 MPI processes
  type: krylovschur
    Krylov-Schur: 50% of basis vectors kept after restart
  problem type: generalized symmetric eigenvalue problem
  extraction type: Rayleigh-Ritz
  selected portion of the spectrum: smallest real parts
  number of eigenvalues (nev): 1000
  number of column vectors (ncv): 2000
  maximum dimension of projected problem (mpd): 2000
  maximum number of iterations: 1500
  tolerance: 0.0001
  convergence test: relative to the eigenvalue
  estimates of matrix norms (constant): norm(A)=1, norm(B)=1
IP Object: 128 MPI processes
  type: bilinear
  orthogonalization method: classical Gram-Schmidt
  orthogonalization refinement: if needed (eta: 0.7071)
  Matrix Object:   128 MPI processes
    type: mpiaij
    rows=1331000, cols=1331000
    total: nonzeros=435519512, allocated nonzeros=435519512
    total number of mallocs used during MatSetValues calls =0
      not using I-node (on process 0) routines
DS Object: 128 MPI processes
  type: hep
  solving the problem with: Implicit QR method (_steqr)
ST Object: 128 MPI processes
  type: shift
  shift: 0
  matrices A and B have same nonzero pattern
  KSP Object:  (st_)   128 MPI processes
    type: cg
    maximum iterations=10000
    using preconditioner applied to right hand side for initial guess
    tolerances:  relative=1e-05, absolute=1e-50, divergence=10000
    left preconditioning
    using nonzero initial guess
    using PRECONDITIONED norm type for convergence test
  PC Object:  (st_)   128 MPI processes
    type: asm
      Additive Schwarz: total subdomain blocks = 128, amount of overlap = 1
      Additive Schwarz: restriction/interpolation type - RESTRICT
      Local solve is same for all blocks, in the following KSP and PC objects:
    KSP Object:    (st_sub_)     1 MPI processes
      type: preonly
      maximum iterations=10000, initial guess is zero
      tolerances:  relative=1e-05, absolute=1e-50, divergence=10000
      left preconditioning
      using DEFAULT norm type for convergence test
    PC Object:    (st_sub_)     1 MPI processes
      type: icc
        0 levels of fill
        tolerance for zero pivot 2.22045e-14
        using Manteuffel shift
        matrix ordering: natural
      linear system matrix = precond matrix:
      Matrix Object:       1 MPI processes
        type: seqaij
        rows=20120, cols=20120
        total: nonzeros=5680590, allocated nonzeros=5680590
        total number of mallocs used during MatSetValues calls =0
          not using I-node routines
    linear system matrix = precond matrix:
    Matrix Object:     128 MPI processes
      type: mpiaij
      rows=1331000, cols=1331000
      total: nonzeros=435519512, allocated nonzeros=435519512
      total number of mallocs used during MatSetValues calls =0
        not using I-node (on process 0) routines


  1 EPS nconv=226 first unconverged value (error) -10.6284 (2.15482959e-03)
  2 EPS nconv=350 first unconverged value (error) -8.17177 (1.93956113e-04)
  3 EPS nconv=524 first unconverged value (error) -5.16488 (1.34853961e-03)
  4 EPS nconv=685 first unconverged value (error) -2.81308 (1.13836671e-04)
  5 EPS nconv=836 first unconverged value (error) -1.0869 (6.19409848e-02)
  6 EPS nconv=872 first unconverged value (error) -0.742865 (1.25770801e-04)
  7 EPS nconv=918 first unconverged value (error) -0.36961 (4.35574951e-04)
  8 EPS nconv=965 first unconverged value (error) -0.0660752 (4.22059654e-04)
  9 EPS nconv=971 first unconverged value (error) -0.00894194 (1.02146960e-04)
 10 EPS nconv=985 first unconverged value (error) 0.0305183 (3.48364803e-01)
 11 EPS nconv=985 first unconverged value (error) 0.0157506 (8.86332800e-04)
 12 EPS nconv=995 first unconverged value (error) 0.0408503 (1.30341319e-01)
 13 EPS nconv=995 first unconverged value (error) 0.0299063 (4.44930043e-02)
 14 EPS nconv=999 first unconverged value (error) 0.0410225 (9.95767277e-02)
 15 EPS nconv=1005 first unconverged value (error) 0.0464529 (3.95108551e-04)

--------------------------------------------------------------
    Number of iterations of the method.............15
    Number of linear iterations of the method......41408
    Solution method................................krylovschur
    Number of requested eigenvalues................1000
    Stopping condition: eps_tol....................1.000000E-04
    Stopping condition: eps_max_it.................1500
--------------------------------------------------------------


             EIGENVALUES            ERROR
====================================================
    0    -2.0410998453E+01     6.5559489813E-08
    1    -1.9859270288E+01     7.3522916632E-08
    2    -1.9859266253E+01     6.0081515222E-08
    3    -1.9859255704E+01     7.7584562171E-08
    4    -1.9359744671E+01     3.6411115082E-08
    5    -1.9345374745E+01     5.8149951975E-08
    6    -1.9345359170E+01     9.3424745762E-08
    7    -1.9316665407E+01     6.0994223474E-08
    8    -1.9316661362E+01     5.2547505298E-08
    9    -1.9316652827E+01     6.3571584012E-08
   10    -1.8812850484E+01     7.4064874011E-08
   11    -1.8812845406E+01     6.0415719418E-08
   12    -1.8812840772E+01     5.1072221855E-08
   13    -1.8803481370E+01     8.2112820905E-08
   14    -1.8803480048E+01     5.0376881571E-08
   15    -1.8803472864E+01     7.7706674325E-08
   16    -1.8782692753E+01     5.3520654503E-08
   17    -1.8317429650E+01     5.6591621787E-08
   18    -1.8303076070E+01     6.7826674412E-08
   19    -1.8303060871E+01     7.0606671349E-08
   20    -1.8274708289E+01     5.6570085505E-08
   21    -1.8274706345E+01     4.9839965226E-08
   22    -1.8274703143E+01     6.3005167037E-08
   23    -1.7774516448E+01     5.4776498501E-08
   24    -1.7774508897E+01     6.0888455232E-08
   25    -1.7774500416E+01     6.4270213965E-08
   26    -1.7724650723E+01     4.0515102122E-08
   27    -1.7724645642E+01     6.2234040450E-08
   28    -1.7724639188E+01     9.0957942278E-08
   29    -1.7662334174E+01     7.0014227067E-08
   30    -1.7656634074E+01     4.7769171661E-08
   31    -1.7656625257E+01     9.0474184252E-08
   32    -1.7281616493E+01     6.2279752829E-08
   33    -1.7233105103E+01     5.4041871461E-08
   34    -1.7233101748E+01     6.3055155759E-08
   35    -1.7233099571E+01     5.9871833358E-08
   36    -1.7200821510E+01     5.1151838179E-08
   37    -1.7200818136E+01     4.9456787902E-08
   38    -1.7200813171E+01     6.8479272086E-08
   39    -1.7154961194E+01     5.7625291290E-08
   40    -1.7154958577E+01     5.6373384226E-08
   41    -1.7154955582E+01     5.6303600503E-08
   42    -1.7151209157E+01     5.5739918413E-08
   43    -1.7151207238E+01     6.0503190267E-08
   44    -1.7151204817E+01     5.8261034272E-08
   45    -1.6748597353E+01     5.7849016209E-08
   46    -1.6701301246E+01     4.8610785054E-08
   47    -1.6701299982E+01     4.5205049214E-08
   48    -1.6701294565E+01     6.9752504378E-08
   49    -1.6700635169E+01     5.5329416361E-08
   50    -1.6700632945E+01     5.8385773436E-08
   51    -1.6693013561E+01     5.3204764240E-08
   52    -1.6693011908E+01     6.7769846092E-08
   53    -1.6693011506E+01     5.8216159701E-08
   54    -1.6673181563E+01     7.0632479293E-08
   55    -1.6664638788E+01     6.3514641798E-08
   56    -1.6664638620E+01     5.6427588708E-08
   57    -1.6654821397E+01     4.8506712032E-08
   58    -1.6654819858E+01     5.3610279567E-08
   59    -1.6654816480E+01     6.5518920123E-08
   60    -1.6609503977E+01     5.7352092617E-08
   61    -1.6609498663E+01     5.7921559203E-08
   62    -1.6600567831E+01     5.9060781294E-08
   63    -1.6212264753E+01     6.0553922711E-08
   64    -1.6212260070E+01     6.0553395702E-08
   65    -1.6212256841E+01     6.9730398322E-08
   66    -1.6183022345E+01     4.9446807091E-08
   67    -1.6183020999E+01     6.1919349432E-08
   68    -1.6183016518E+01     6.6679815856E-08
   69    -1.6170093656E+01     6.1361934102E-08
   70    -1.6170090942E+01     5.8264615691E-08
   71    -1.6170088057E+01     5.9808879932E-08
   72    -1.6108304806E+01     5.4318154201E-08
   73    -1.6108303034E+01     5.5924166294E-08
   74    -1.6108300655E+01     6.4226930859E-08
   75    -1.5687514402E+01     6.0559687517E-08
   76    -1.5685596002E+01     6.6801950591E-08
   77    -1.5685591269E+01     5.0941498824E-08
   78    -1.5685589537E+01     6.1768122940E-08
   79    -1.5601390411E+01     6.0054175435E-08
   80    -1.5601386153E+01     6.3291378011E-08
   81    -1.5336344542E+01     5.5406597499E-08
   82    -1.5336343665E+01     5.0589458405E-08
   83    -1.5336334905E+01     8.3879029341E-08
   84    -1.5268930833E+01     5.5462594925E-08
   85    -1.5268927182E+01     6.5703588845E-08
   86    -1.5268925951E+01     7.1178491417E-08
   87    -1.5264818075E+01     4.8080613053E-08
   88    -1.5264814624E+01     6.9691013156E-08
   89    -1.5264813611E+01     7.0573942672E-08
   90    -1.5204063964E+01     5.9140212021E-08
   91    -1.5197889478E+01     5.5089615034E-08
   92    -1.5197884743E+01     7.2286074205E-08
   93    -1.4896509235E+01     6.0524997518E-08
   94    -1.4848547506E+01     5.8772763125E-08
   95    -1.4848543618E+01     6.6935536886E-08
   96    -1.4813267161E+01     6.4404448550E-08
   97    -1.4813262659E+01     5.7321199293E-08
   98    -1.4813260327E+01     6.4054450248E-08
   99    -1.4780000699E+01     6.1311067885E-08
  100    -1.4779998460E+01     7.6594041554E-08
  101    -1.4779996716E+01     5.1730507183E-08
  102    -1.4741573466E+01     7.6576319414E-08
  103    -1.4741572860E+01     5.5788458369E-08
  104    -1.4741565972E+01     7.5900117276E-08
  105    -1.4731242781E+01     5.8918148407E-08
  106    -1.4731241589E+01     5.7437865322E-08
  107    -1.4731239888E+01     6.5568183177E-08
  108    -1.4339888019E+01     6.5554668983E-08
  109    -1.4339884606E+01     5.9967802033E-08
  110    -1.4339883305E+01     8.0502301809E-08
  111    -1.4304573645E+01     5.9447554281E-08
  112    -1.4304568944E+01     6.9051719455E-08
  113    -1.4304565986E+01     6.0138557619E-08
  114    -1.4271392931E+01     6.5264630402E-08
  115    -1.4245812345E+01     7.4978463304E-08
  116    -1.4245811632E+01     5.7431249781E-08
  117    -1.4245811213E+01     7.0618984760E-08
  118    -1.4201416165E+01     7.2094384924E-08
  119    -1.4201414038E+01     6.0659080563E-08
  120    -1.4201408468E+01     1.0193358747E-07
  121    -1.4183346613E+01     6.0019389006E-08
  122    -1.4183344438E+01     7.6021917348E-08
  123    -1.4159432744E+01     7.8894643117E-08
  124    -1.4159431803E+01     6.5472331151E-08
  125    -1.4159421752E+01     8.6858418611E-08
  126    -1.3667284408E+01     6.9667612428E-08
  127    -1.3630450372E+01     5.7402619303E-08
  128    -1.3630447841E+01     6.8846295347E-08
  129    -1.3630445365E+01     6.6577010902E-08
  130    -1.3620401128E+01     7.9654547820E-08
  131    -1.3620399983E+01     7.2713390994E-08
  132    -1.3620396377E+01     7.4324131514E-08
  133    -1.3609446353E+01     8.0146549307E-08
  134    -1.3609439483E+01     7.3584958488E-08
  135    -1.3223257217E+01     6.1946097537E-08
  136    -1.3185872388E+01     6.3383006267E-08
  137    -1.3167673132E+01     6.7241425837E-08
  138    -1.3167669971E+01     8.0838898475E-08
  139    -1.3110514061E+01     5.0127359614E-08
  140    -1.3110511713E+01     4.9976911943E-08
  141    -1.3110506073E+01     1.0136579457E-07
  142    -1.3093837692E+01     8.8313136022E-08
  143    -1.3093829201E+01     7.8117392657E-08
  144    -1.3093827966E+01     8.3599665324E-08
  145    -1.3057949636E+01     7.8994745811E-08
  146    -1.3057945145E+01     6.5530593217E-08
  147    -1.3057941389E+01     9.3019733593E-08
  148    -1.3037749176E+01     4.4712937601E-08
  149    -1.3037745291E+01     5.5681998614E-08
  150    -1.3037740404E+01     9.8367324217E-08
  151    -1.2967399632E+01     6.0067025107E-08
  152    -1.2654214474E+01     6.8636782667E-08
  153    -1.2654213475E+01     7.4720099139E-08
  154    -1.2654213042E+01     8.3376095148E-08
  155    -1.2619156700E+01     7.5359540090E-08
  156    -1.2619150813E+01     7.1749999995E-08
  157    -1.2619148894E+01     1.0199397526E-07
  158    -1.2533831383E+01     8.6467120568E-08
  159    -1.2533825897E+01     7.3028398675E-08
  160    -1.2533823248E+01     6.4863504906E-08
  161    -1.2176699431E+01     6.7951674610E-08
  162    -1.2176696279E+01     6.8396995758E-08
  163    -1.2176693453E+01     9.5629079798E-08
  164    -1.2148976465E+01     6.4278637260E-08
  165    -1.2122302272E+01     8.9917715201E-08
  166    -1.2122298994E+01     8.2367073526E-08
  167    -1.2096264067E+01     8.5202792183E-08
  168    -1.2096260641E+01     7.7573261740E-08
  169    -1.2096258757E+01     9.9527416734E-08
  170    -1.2031674830E+01     8.1404235979E-08
  171    -1.2031669181E+01     8.6289668065E-08
  172    -1.2025846438E+01     6.2543546190E-08
  173    -1.2025844566E+01     6.7067384857E-08
  174    -1.2025837931E+01     9.1887114376E-08
  175    -1.2008544053E+01     8.6443741821E-08
  176    -1.2008542794E+01     6.3249770441E-08
  177    -1.2008540547E+01     7.6841457995E-08
  178    -1.2004530575E+01     6.3573529162E-08
  179    -1.2004528636E+01     6.6646301455E-08
  180    -1.2004524883E+01     9.2596914221E-08
  181    -1.2001934096E+01     7.5211450636E-08
  182    -1.1682932292E+01     7.8658689962E-08
  183    -1.1640507449E+01     8.4471099514E-08
  184    -1.1640503163E+01     8.3646024929E-08
  185    -1.1590727284E+01     8.4602779263E-08
  186    -1.1590726196E+01     7.0134375310E-08
  187    -1.1590722871E+01     9.6239525607E-08
  188    -1.1532015072E+01     7.8033457215E-08
  189    -1.1532012344E+01     8.7280073352E-08
  190    -1.1526712324E+01     7.2984500441E-08
  191    -1.1526711445E+01     5.9035034118E-08
  192    -1.1526709395E+01     6.9400145231E-08
  193    -1.1505114711E+01     6.4051310021E-08
  194    -1.1505111378E+01     8.3180781648E-08
  195    -1.1505110663E+01     9.8257961569E-08
  196    -1.1485857685E+01     9.5629069895E-08
  197    -1.1485855134E+01     9.5193569457E-08
  198    -1.1485851601E+01     8.9142132001E-08
  199    -1.1480427558E+01     8.4900497862E-08
  200    -1.1480426295E+01     8.8293481070E-08
  201    -1.1480424513E+01     8.4187995709E-08
  202    -1.1473176333E+01     8.1403164491E-08
  203    -1.1088071646E+01     9.5341111894E-08
  204    -1.1088069474E+01     7.9309225526E-08
  205    -1.1088068081E+01     8.4711049654E-08
  206    -1.1083959910E+01     7.1718640171E-08
  207    -1.1073374165E+01     1.0055980314E-07
  208    -1.1073371953E+01     8.1429366806E-08
  209    -1.1073370032E+01     8.5675853471E-08
  210    -1.0982291530E+01     7.9240514650E-08
  211    -1.0982289042E+01     9.5686776788E-08
  212    -1.0982284990E+01     8.6420517094E-08
  213    -1.0959589690E+01     8.6799039262E-08
  214    -1.0959588307E+01     7.4582983232E-08
  215    -1.0959585981E+01     7.4521399734E-08
  216    -1.0945932378E+01     8.5190028883E-08
  217    -1.0945928742E+01     9.1949869459E-08
  218    -1.0896994268E+01     8.2496924539E-08
  219    -1.0896993375E+01     7.5685644308E-08
  220    -1.0896990848E+01     9.6482534031E-08
  221    -1.0882889180E+01     8.7485905496E-08
  222    -1.0882888590E+01     8.5628837824E-08
  223    -1.0882886064E+01     7.9333028808E-08
  224    -1.0628537066E+01     7.5254868840E-08
  225    -1.0628536822E+01     8.8710900417E-08
  226    -1.0628534637E+01     9.6416987639E-08
  227    -1.0616465138E+01     8.8022535103E-08
  228    -1.0604201666E+01     7.3252046439E-08
  229    -1.0604199546E+01     8.9506467130E-08
  230    -1.0604196966E+01     1.0187133190E-07
  231    -1.0591896570E+01     8.1645897074E-08
  232    -1.0573752092E+01     7.3726771727E-08
  233    -1.0573751598E+01     8.9233219901E-08
  234    -1.0464720636E+01     7.7650206352E-08
  235    -1.0464718590E+01     8.4416230523E-08
  236    -1.0442996806E+01     8.5530318512E-08
  237    -1.0420233233E+01     9.3767182276E-08
  238    -1.0420230614E+01     6.7381559393E-08
  239    -1.0420229667E+01     1.0023104716E-07
  240    -1.0409587438E+01     1.2201659074E-07
  241    -1.0409586197E+01     7.6223132722E-08
  242    -1.0409584188E+01     8.2780681854E-08
  243    -1.0351484867E+01     9.2013049647E-08
  244    -1.0351483303E+01     1.2092106525E-07
  245    -1.0131063849E+01     1.0496807929E-07
  246    -1.0131062221E+01     9.6618797349E-08
  247    -1.0131060001E+01     8.4329670134E-08
  248    -1.0086666131E+01     9.0900588781E-08
  249    -1.0086664577E+01     1.0217681600E-07
  250    -1.0086663641E+01     1.0045581317E-07
  251    -1.0073027957E+01     9.0853003688E-08
  252    -1.0073026578E+01     1.0051582328E-07
  253    -1.0073025025E+01     9.5664032028E-08
  254    -9.9570423640E+00     9.1107715503E-08
  255    -9.9570400757E+00     1.0883735917E-07
  256    -9.9570395663E+00     1.0563468105E-07
  257    -9.9561251522E+00     1.1885531095E-07
  258    -9.9561237704E+00     1.1498631398E-07
  259    -9.9561218794E+00     8.8147641245E-08
  260    -9.9194726261E+00     8.2120535640E-08
  261    -9.8594919457E+00     8.8251235178E-08
  262    -9.8024915525E+00     1.0820799677E-07
  263    -9.8024897742E+00     1.0299032897E-07
  264    -9.8024864525E+00     9.4943467235E-08
  265    -9.6961960083E+00     9.3402476265E-08
  266    -9.6961934654E+00     9.8525326391E-08
  267    -9.6961907595E+00     9.7575808852E-08
  268    -9.6773830490E+00     1.0371302718E-07
  269    -9.6773790539E+00     1.0254042646E-07
  270    -9.6162861774E+00     8.9824339013E-08
  271    -9.6000005518E+00     7.2698813521E-08
  272    -9.5999993130E+00     1.0083148740E-07
  273    -9.5999982151E+00     9.9163173050E-08
  274    -9.5843441958E+00     1.1246970063E-07
  275    -9.5843412333E+00     9.1204608349E-08
  276    -9.5843382303E+00     1.0311893946E-07
  277    -9.5792122019E+00     9.4321431261E-08
  278    -9.5792097776E+00     9.8263603499E-08
  279    -9.5477108216E+00     9.0855052023E-08
  280    -9.5477081366E+00     9.5834108421E-08
  281    -9.5477052351E+00     1.0836900279E-07
  282    -9.4907550323E+00     7.5638608912E-08
  283    -9.4907533812E+00     1.2594571176E-07
  284    -9.4907527106E+00     1.1547732646E-07
  285    -9.4626592296E+00     1.1688711893E-07
  286    -9.4626580457E+00     8.6168955394E-08
  287    -9.4425085838E+00     1.0739718921E-07
  288    -9.4425059452E+00     9.5546974053E-08
  289    -9.3322171171E+00     1.2422864742E-07
  290    -9.3322151950E+00     1.1738083703E-07
  291    -9.3322137938E+00     7.8439480595E-08
  292    -9.3293361596E+00     9.1147353902E-08
  293    -9.3293344163E+00     1.0863498555E-07
  294    -9.3293316600E+00     1.3315814583E-07
  295    -9.3266113004E+00     1.0201079033E-07
  296    -9.2493926154E+00     1.0010507062E-07
  297    -9.2493902505E+00     1.1406869302E-07
  298    -9.2493886227E+00     1.1050414361E-07
  299    -9.0469013461E+00     1.1540773767E-07
  300    -9.0469001255E+00     1.1800814890E-07
  301    -9.0468990561E+00     1.0795057222E-07
  302    -9.0441462025E+00     1.2299771133E-07
  303    -9.0441438689E+00     8.0492744748E-08
  304    -9.0441432377E+00     9.5163707819E-08
  305    -8.9790611619E+00     8.5229341575E-08
  306    -8.9790605680E+00     9.8932270416E-08
  307    -8.9790595728E+00     1.0679725808E-07
  308    -8.9147933763E+00     1.1708170600E-07
  309    -8.9147898261E+00     9.7929658835E-08
  310    -8.9147886905E+00     9.4247582546E-08
  311    -8.9079491603E+00     1.0075972928E-07
  312    -8.9079453982E+00     8.3372633368E-08
  313    -8.9079439456E+00     9.3615497185E-08
  314    -8.8221407513E+00     1.0890650619E-07
  315    -8.7293397628E+00     1.6143689363E-07
  316    -8.7293363239E+00     1.2680291215E-07
  317    -8.6864952894E+00     1.0916907991E-07
  318    -8.6686681209E+00     1.0709269907E-07
  319    -8.6686656975E+00     1.1287237709E-07
  320    -8.6395489751E+00     1.0254158278E-07
  321    -8.6153268767E+00     1.0771240992E-07
  322    -8.6153261821E+00     1.4034823691E-07
  323    -8.6153242010E+00     9.7248355573E-08
  324    -8.5650488309E+00     1.0027326664E-07
  325    -8.5650479469E+00     9.8505910698E-08
  326    -8.4897349552E+00     1.2523898601E-07
  327    -8.4897338105E+00     1.2515527194E-07
  328    -8.4852410687E+00     1.1264384889E-07
  329    -8.4852402148E+00     9.1493066580E-08
  330    -8.4852381292E+00     1.1889272413E-07
  331    -8.4692540265E+00     1.1414569960E-07
  332    -8.4446291886E+00     1.0371980002E-07
  333    -8.4446274035E+00     1.4939327741E-07
  334    -8.3675941065E+00     1.3303093894E-07
  335    -8.3316084233E+00     1.1307266696E-07
  336    -8.3316067619E+00     1.0415098520E-07
  337    -8.3316051996E+00     1.7660125669E-07
  338    -8.3139506296E+00     1.0338204693E-07
  339    -8.3139484609E+00     1.2827763599E-07
  340    -8.3139466982E+00     1.3009635954E-07
  341    -8.2544566051E+00     1.0850658726E-07
  342    -8.2544557949E+00     1.2494978276E-07
  343    -8.2544532363E+00     1.3764144046E-07
  344    -8.1996470068E+00     1.1064058178E-07
  345    -8.1732839314E+00     3.2885848113E-07
  346    -8.1732824295E+00     4.1996925038E-07
  347    -8.1732814328E+00     1.2086141877E-07
  348    -8.1717713401E+00     1.2251617279E-07
  349    -8.1717699056E+00     5.2909190565E-07
  350    -8.1717696958E+00     1.0711197825E-07
  351    -8.1507549610E+00     1.2566090792E-07
  352    -8.1507531426E+00     1.3272273400E-07
  353    -8.1507521244E+00     1.2073810784E-07
  354    -8.0800507916E+00     1.0812658878E-07
  355    -8.0800486903E+00     1.2040648919E-07
  356    -8.0541122612E+00     1.3191212668E-07
  357    -8.0541114597E+00     1.1273157986E-07
  358    -8.0541103900E+00     1.1500688989E-07
  359    -8.0411807869E+00     1.2187599092E-07
  360    -8.0411800871E+00     1.4064592867E-07
  361    -8.0411782154E+00     9.4658682094E-08
  362    -7.9699095126E+00     1.4922548536E-07
  363    -7.9699072939E+00     9.4383346575E-08
  364    -7.9699055142E+00     1.0383947823E-07
  365    -7.9116372594E+00     1.3952755648E-07
  366    -7.9116340593E+00     1.1641947362E-07
  367    -7.9116327440E+00     1.1657070414E-07
  368    -7.8952828831E+00     1.3288772454E-07
  369    -7.8952819662E+00     1.2395996344E-07
  370    -7.8952799289E+00     1.1023452495E-07
  371    -7.8110756721E+00     1.1220002028E-07
  372    -7.8110727977E+00     1.6892640903E-07
  373    -7.8110714707E+00     1.2383688943E-07
  374    -7.8076260203E+00     1.2265042037E-07
  375    -7.8076243765E+00     1.4530847125E-07
  376    -7.8076213686E+00     1.1494796106E-07
  377    -7.7625703127E+00     1.7101914446E-07
  378    -7.7625685097E+00     1.5334570051E-07
  379    -7.7625662937E+00     1.5863382795E-07
  380    -7.6423713377E+00     1.0804089957E-07
  381    -7.6423701201E+00     1.2317309609E-07
  382    -7.6423694447E+00     1.2915853121E-07
  383    -7.6333330979E+00     1.2501039474E-07
  384    -7.6333324386E+00     1.3412272286E-07
  385    -7.6333309256E+00     1.0565832033E-07
  386    -7.5016759799E+00     1.4104400508E-07
  387    -7.4833281346E+00     1.3098294932E-07
  388    -7.4833257279E+00     9.7315971704E-08
  389    -7.3441899585E+00     1.4619065446E-07
  390    -7.3441885014E+00     9.5351711567E-08
  391    -7.3441847165E+00     1.3116682931E-07
  392    -7.2656752509E+00     1.1994655278E-07
  393    -7.2526178042E+00     1.7574787175E-07
  394    -7.2526172957E+00     2.2482727994E-07
  395    -7.2526162019E+00     1.6636276051E-07
  396    -7.2230918072E+00     1.2559647229E-07
  397    -7.2230879452E+00     1.2170352303E-07
  398    -7.2039645069E+00     1.8330342731E-07
  399    -7.2039632091E+00     3.0149910883E-07
  400    -7.2039617562E+00     1.8692406816E-07
  401    -7.1557086306E+00     1.5246483059E-07
  402    -7.1557055315E+00     1.2199078441E-07
  403    -7.1557024813E+00     1.2534083270E-07
  404    -7.1202795288E+00     1.5134108541E-07
  405    -7.1078366003E+00     1.4134778099E-07
  406    -7.1078355851E+00     1.5442782498E-07
  407    -7.0884135284E+00     1.6622446320E-07
  408    -7.0884126492E+00     1.2675276183E-07
  409    -7.0884110653E+00     1.2257935090E-07
  410    -7.0786732736E+00     1.3725554802E-07
  411    -7.0786728546E+00     1.1296310709E-07
  412    -7.0786717680E+00     1.2064067927E-07
  413    -7.0683034221E+00     1.4512251367E-07
  414    -7.0682996503E+00     1.2214439969E-07
  415    -7.0138922627E+00     1.1265288746E-07
  416    -6.9717009640E+00     1.8291045153E-07
  417    -6.8056445219E+00     1.4329855296E-07
  418    -6.7733753482E+00     1.7526328907E-07
  419    -6.7733735116E+00     1.3081148553E-07
  420    -6.7733730050E+00     1.3372591120E-07
  421    -6.7366340734E+00     1.3162940534E-07
  422    -6.7366316991E+00     1.3330923889E-07
  423    -6.7338761008E+00     1.5986723648E-07
  424    -6.7338744833E+00     1.3292009193E-07
  425    -6.7338736456E+00     1.3021533035E-07
  426    -6.7070810624E+00     1.8109121033E-07
  427    -6.7070794416E+00     1.5941067367E-07
  428    -6.7070783614E+00     1.8075150381E-07
  429    -6.6857177581E+00     1.5150362633E-07
  430    -6.6857170453E+00     1.4781203741E-07
  431    -6.6857170029E+00     1.3987817713E-07
  432    -6.6700931362E+00     1.2915885247E-07
  433    -6.6700918175E+00     1.4705779939E-07
  434    -6.6700907812E+00     1.5308243701E-07
  435    -6.6238304181E+00     1.2767554223E-07
  436    -6.6238299363E+00     1.4815655341E-07
  437    -6.6238287489E+00     1.4795829918E-07
  438    -6.6106388805E+00     1.8674994482E-07
  439    -6.6106374333E+00     1.1442157081E-07
  440    -6.6106364482E+00     1.3290432593E-07
  441    -6.6097856174E+00     1.5837755312E-07
  442    -6.6097831139E+00     1.6862517442E-07
  443    -6.5897488579E+00     1.9530449082E-07
  444    -6.5897473374E+00     1.7234067997E-07
  445    -6.5897468185E+00     2.1520337407E-07
  446    -6.5636483011E+00     1.5845323000E-07
  447    -6.5636466165E+00     1.1158477253E-07
  448    -6.5636449492E+00     1.4357264342E-07
  449    -6.5553355538E+00     1.3639593796E-07
  450    -6.5553343851E+00     1.6904456345E-07
  451    -6.5553341769E+00     1.4680354124E-07
  452    -6.5462391868E+00     1.4342393755E-07
  453    -6.5462382735E+00     1.2147785433E-07
  454    -6.5462370776E+00     1.4799723456E-07
  455    -6.5221683323E+00     1.3712609072E-07
  456    -6.5221678385E+00     1.6213489232E-07
  457    -6.5221676208E+00     1.8567234580E-07
  458    -6.3204026092E+00     1.3760628133E-07
  459    -6.2451390105E+00     1.8692569001E-07
  460    -6.2451375100E+00     2.1392659937E-07
  461    -6.1920305242E+00     1.5423221132E-07
  462    -6.1920299532E+00     1.4341258020E-07
  463    -6.1920292778E+00     2.2924534277E-07
  464    -6.1807863299E+00     1.9033498436E-07
  465    -6.1807850606E+00     1.5272915889E-07
  466    -6.1807840193E+00     1.4853339356E-07
  467    -6.1721780502E+00     1.7453259603E-07
  468    -6.1721757688E+00     1.3058830762E-07
  469    -6.1721745626E+00     1.6516261075E-07
  470    -6.1577526633E+00     1.6228059070E-07
  471    -6.1199916399E+00     1.5495322166E-07
  472    -6.1199906344E+00     1.6100887965E-07
  473    -6.1199899342E+00     1.9761529017E-07
  474    -6.1147228548E+00     1.5057447745E-07
  475    -6.1147202910E+00     1.5856787214E-07
  476    -6.0430048214E+00     1.5902011729E-07
  477    -6.0430036282E+00     1.3422965838E-07
  478    -6.0186762556E+00     1.6730810789E-07
  479    -6.0186756699E+00     1.5453737553E-07
  480    -6.0186743543E+00     1.2520374408E-07
  481    -5.9985464852E+00     1.6001784828E-07
  482    -5.8788852227E+00     1.8818720884E-07
  483    -5.7993032109E+00     1.3222418757E-07
  484    -5.7993026395E+00     1.3779811766E-07
  485    -5.7993022369E+00     2.2919436063E-07
  486    -5.7918374804E+00     1.7179711221E-07
  487    -5.7206607405E+00     2.1675304977E-07
  488    -5.7206601305E+00     2.6308090687E-07
  489    -5.7206592115E+00     2.4432104724E-07
  490    -5.7084135428E+00     2.1151487115E-07
  491    -5.7084109252E+00     1.9088397754E-07
  492    -5.6929140975E+00     1.5357395737E-07
  493    -5.6929137123E+00     1.8776910162E-07
  494    -5.6929130980E+00     1.6329266548E-07
  495    -5.6563998824E+00     2.0573183098E-07
  496    -5.6563976736E+00     1.3971523949E-07
  497    -5.6563966450E+00     1.5478534910E-07
  498    -5.6501361555E+00     1.7872571219E-07
  499    -5.6501342636E+00     1.4847496262E-07
  500    -5.6501336203E+00     1.5488503962E-07
  501    -5.4824992890E+00     2.1040922846E-07
  502    -5.4824990596E+00     1.9618716412E-07
  503    -5.4503150794E+00     1.5929373158E-07
  504    -5.4503137850E+00     3.0398524501E-07
  505    -5.3987375361E+00     2.6525502792E-07
  506    -5.3569503468E+00     2.7244104522E-07
  507    -5.3569501885E+00     2.2536688985E-07
  508    -5.3569492985E+00     1.9518421815E-07
  509    -5.3289274187E+00     1.9597896482E-07
  510    -5.2824954892E+00     2.4044067326E-07
  511    -5.2824951435E+00     2.1260530711E-07
  512    -5.2734967238E+00     2.1767939705E-07
  513    -5.2272855782E+00     2.4231897465E-07
  514    -5.2272847622E+00     3.1879553276E-07
  515    -5.2272840309E+00     3.1306577954E-07
  516    -5.2066465474E+00     1.6924266814E-07
  517    -5.2066461598E+00     1.8566072727E-07
  518    -5.1869411795E+00     2.6150410807E-07
  519    -5.1869403971E+00     4.7403568665E-07
  520    -5.1869397111E+00     4.7097498924E-07
  521    -5.1765782078E+00     2.1126529251E-07
  522    -5.1652171531E+00     1.8453610896E-07
  523    -5.1652167203E+00     1.9419457764E-07
  524    -5.1652158828E+00     2.0550750149E-07
  525    -5.1567208654E+00     2.3953433376E-07
  526    -5.1567202427E+00     2.3573185491E-07
  527    -5.1567193752E+00     2.8914472587E-07
  528    -5.1505505578E+00     2.5549624016E-07
  529    -5.1505492964E+00     2.1430311078E-07
  530    -5.1505486738E+00     1.9320286224E-07
  531    -5.0471957181E+00     2.2377474665E-07
  532    -5.0471947631E+00     2.0556550443E-07
  533    -5.0471938815E+00     2.2594747204E-07
  534    -5.0313504617E+00     2.9817635701E-07
  535    -5.0313503280E+00     1.8787096046E-07
  536    -5.0313500431E+00     3.0497572595E-07
  537    -5.0132125142E+00     2.9860800298E-07
  538    -5.0132106219E+00     2.8162395387E-07
  539    -5.0104234912E+00     2.2009044397E-07
  540    -5.0104228914E+00     2.0657939918E-07
  541    -5.0104216369E+00     2.1952886000E-07
  542    -4.9735051779E+00     2.5861737551E-07
  543    -4.9735041727E+00     2.1672428733E-07
  544    -4.9735031533E+00     2.2746393498E-07
  545    -4.9456054922E+00     2.8017134599E-07
  546    -4.9456049329E+00     2.4396501765E-07
  547    -4.9456037841E+00     2.7576421710E-07
  548    -4.9155128981E+00     3.3044694725E-07
  549    -4.9155124901E+00     2.9850023385E-07
  550    -4.9155116417E+00     3.2199264971E-07
  551    -4.9036729127E+00     2.0580832235E-07
  552    -4.8990004510E+00     2.2112727179E-07
  553    -4.8989996352E+00     2.2187598209E-07
  554    -4.8989989962E+00     2.0702172442E-07
  555    -4.7967893102E+00     1.9549017394E-07
  556    -4.7967879494E+00     1.8924428443E-07
  557    -4.7372849885E+00     2.3724297152E-07
  558    -4.7372843340E+00     2.2627890531E-07
  559    -4.7372841534E+00     1.6900967075E-07
  560    -4.6867187555E+00     3.8130473757E-07
  561    -4.6867173373E+00     3.4245698544E-07
  562    -4.6867172940E+00     2.5700096578E-07
  563    -4.6542649534E+00     2.4934225325E-07
  564    -4.6542636708E+00     2.1815356542E-07
  565    -4.6542624548E+00     2.5315148873E-07
  566    -4.6410083785E+00     2.4846860006E-07
  567    -4.6410064523E+00     1.7454067125E-07
  568    -4.6410062372E+00     2.4838142690E-07
  569    -4.6355232270E+00     2.7544219113E-07
  570    -4.6355226378E+00     3.3835332569E-07
  571    -4.6355220936E+00     3.6342769701E-07
  572    -4.6232424955E+00     1.9314396894E-07
  573    -4.5640284890E+00     3.3971871812E-07
  574    -4.5640282335E+00     3.2338780595E-07
  575    -4.5640266966E+00     2.0657531455E-07
  576    -4.5600789967E+00     2.2610683563E-07
  577    -4.5600775541E+00     2.3527739302E-07
  578    -4.5600770970E+00     2.0277614675E-07
  579    -4.5573682790E+00     2.8089650547E-07
  580    -4.5573667162E+00     3.5141885806E-07
  581    -4.5497231204E+00     2.6449003808E-07
  582    -4.5497226285E+00     2.5316751572E-07
  583    -4.5497219822E+00     2.5288556699E-07
  584    -4.3246571830E+00     2.9451930763E-07
  585    -4.3246568447E+00     3.7175861663E-07
  586    -4.2740981006E+00     2.9841470489E-07
  587    -4.2380533552E+00     3.7828498609E-07
  588    -4.2380529350E+00     3.0988882396E-07
  589    -4.2380520618E+00     3.1601402524E-07
  590    -4.2274465136E+00     3.5268705364E-07
  591    -4.2274459607E+00     3.4088808971E-07
  592    -4.2274450593E+00     3.6563975000E-07
  593    -4.1700467426E+00     2.7896436310E-07
  594    -3.9830538032E+00     3.8745910703E-07
  595    -3.9830530964E+00     4.6933519023E-07
  596    -3.9830523595E+00     3.9037455010E-07
  597    -3.9708505602E+00     4.0661144786E-07
  598    -3.9708495558E+00     3.1913591273E-07
  599    -3.9708469710E+00     6.1974505658E-07
  600    -3.9530325490E+00     4.0036421761E-07
  601    -3.9530316694E+00     3.2759872866E-07
  602    -3.9530313359E+00     3.0365152756E-07
  603    -3.8959886629E+00     3.6981715269E-07
  604    -3.8959879400E+00     4.8395337052E-07
  605    -3.8959877592E+00     4.0904446647E-07
  606    -3.8753497471E+00     3.8870008361E-07
  607    -3.8753495100E+00     4.3057802013E-07
  608    -3.8753494290E+00     3.8719968861E-07
  609    -3.8513089961E+00     2.9774432580E-07
  610    -3.8071587284E+00     4.0503010259E-07
  611    -3.8071581360E+00     4.3114719102E-07
  612    -3.8071572757E+00     3.6687997980E-07
  613    -3.8007369817E+00     3.1566035400E-07
  614    -3.8007364243E+00     4.3352678039E-07
  615    -3.8007360557E+00     4.3328396757E-07
  616    -3.7820135580E+00     3.2018101638E-07
  617    -3.7630860260E+00     3.8102416672E-07
  618    -3.7630850901E+00     3.6825902540E-07
  619    -3.6835463572E+00     3.5509757563E-07
  620    -3.6204096471E+00     3.7599086392E-07
  621    -3.6204083082E+00     3.4490602952E-07
  622    -3.5905707298E+00     4.2366967239E-07
  623    -3.5905697019E+00     4.6308653579E-07
  624    -3.5690718514E+00     4.0146766490E-07
  625    -3.5690717616E+00     3.2603700689E-07
  626    -3.5690706245E+00     3.2373260308E-07
  627    -3.5644216284E+00     4.8342992343E-07
  628    -3.5644205928E+00     4.1091006651E-07
  629    -3.5644203094E+00     3.6610405508E-07
  630    -3.5269737320E+00     3.9327632769E-07
  631    -3.5269734450E+00     4.1225366982E-07
  632    -3.5269731658E+00     4.0656830864E-07
  633    -3.5114486831E+00     3.9135886033E-07
  634    -3.5114482750E+00     4.3296232998E-07
  635    -3.5114479859E+00     4.4050573820E-07
  636    -3.5079176774E+00     3.1730150806E-07
  637    -3.5079171082E+00     4.4265885298E-07
  638    -3.5079167187E+00     3.8835694767E-07
  639    -3.5019436641E+00     3.8774454931E-07
  640    -3.4976269268E+00     3.0979684147E-07
  641    -3.4976256280E+00     3.3616370228E-07
  642    -3.4390204043E+00     2.7497559457E-07
  643    -3.4083994412E+00     5.2594607030E-07
  644    -3.4083983686E+00     4.5141084288E-07
  645    -3.4083981521E+00     5.6626491679E-07
  646    -3.3952709960E+00     3.4833313120E-07
  647    -3.3952705150E+00     3.4657077468E-07
  648    -3.3952695953E+00     3.4902017603E-07
  649    -3.3744530529E+00     3.8742697425E-07
  650    -3.3744523187E+00     3.5807926533E-07
  651    -3.3744515311E+00     3.3137141167E-07
  652    -3.3534811653E+00     3.7817814495E-07
  653    -3.3520390710E+00     4.2289267989E-07
  654    -3.3520388330E+00     5.0587436897E-07
  655    -3.3520377157E+00     6.7686630400E-07
  656    -3.3277189895E+00     3.6349817090E-07
  657    -3.3277181267E+00     4.9778656606E-07
  658    -3.3277175499E+00     4.5439926925E-07
  659    -3.2858312471E+00     4.5632507276E-07
  660    -3.2858306412E+00     6.0242967564E-07
  661    -3.2430128676E+00     5.2536569243E-07
  662    -3.2430125946E+00     4.5819865840E-07
  663    -3.2430121818E+00     4.9938712570E-07
  664    -3.2385098453E+00     3.9408522781E-07
  665    -3.2385093713E+00     5.0056861785E-07
  666    -3.2193397814E+00     4.8546864568E-07
  667    -3.2193395481E+00     4.4649105006E-07
  668    -3.2193390675E+00     4.6408099693E-07
  669    -3.1177779941E+00     5.1452283078E-07
  670    -3.1126897879E+00     6.3966120316E-07
  671    -3.1126895911E+00     5.0173523304E-07
  672    -3.1126893338E+00     4.0294332076E-07
  673    -3.1091664546E+00     3.8001390658E-07
  674    -3.1091653064E+00     5.4371277184E-07
  675    -3.1091647437E+00     4.3980046915E-07
  676    -3.1089628746E+00     2.7222782888E-07
  677    -3.0120823998E+00     5.7840737322E-07
  678    -3.0120822179E+00     4.7293139840E-07
  679    -2.9547581958E+00     4.5779252280E-07
  680    -2.9547577697E+00     4.3795778959E-07
  681    -2.8340053811E+00     5.2623578661E-07
  682    -2.8288793346E+00     7.0485638022E-07
  683    -2.8288787903E+00     6.3921602087E-07
  684    -2.8130817427E+00     6.7885167949E-07
  685    -2.8130813023E+00     6.4901029590E-07
  686    -2.8130771896E+00     4.9324581797E-07
  687    -2.8130763191E+00     5.8660921671E-07
  688    -2.8130751832E+00     8.6753703303E-07
  689    -2.8088811079E+00     6.6878075375E-07
  690    -2.8088806145E+00     5.6526223639E-07
  691    -2.8088802436E+00     5.7851607159E-07
  692    -2.8008355616E+00     7.1120697884E-07
  693    -2.7854544695E+00     5.2676490365E-07
  694    -2.7854542403E+00     5.3904614541E-07
  695    -2.7854534492E+00     6.7232956174E-07
  696    -2.7841627390E+00     6.2688720786E-07
  697    -2.7841620025E+00     6.7862848720E-07
  698    -2.7841612515E+00     8.9225912977E-07
  699    -2.7357206322E+00     6.1594506098E-07
  700    -2.7357201824E+00     6.9249805928E-07
  701    -2.7357197017E+00     6.5968155895E-07
  702    -2.7326920944E+00     7.7520979218E-07
  703    -2.7326914960E+00     7.6540071274E-07
  704    -2.7326912686E+00     7.2442301748E-07
  705    -2.6939210048E+00     6.6770317022E-07
  706    -2.6939208526E+00     6.1573948323E-07
  707    -2.6939203406E+00     6.8584170949E-07
  708    -2.6457348571E+00     7.2033215024E-07
  709    -2.6403885322E+00     7.1374346028E-07
  710    -2.6403881421E+00     6.7679268238E-07
  711    -2.6403879083E+00     5.3532104955E-07
  712    -2.4773187324E+00     6.5199726005E-07
  713    -2.4773185396E+00     6.6783284880E-07
  714    -2.4773182343E+00     7.5847031105E-07
  715    -2.4521145591E+00     7.2686237807E-07
  716    -2.4521141456E+00     6.6772570822E-07
  717    -2.4406145178E+00     7.8648294154E-07
  718    -2.4406140038E+00     8.1682166500E-07
  719    -2.4406137064E+00     8.0482225442E-07
  720    -2.3861996262E+00     9.4695322198E-07
  721    -2.3861995714E+00     6.9564809471E-07
  722    -2.3861991486E+00     9.5465307996E-07
  723    -2.2899117546E+00     1.1833036508E-06
  724    -2.2899115334E+00     7.9287238577E-07
  725    -2.2899112039E+00     9.6149063486E-07
  726    -2.2808431002E+00     9.5603669738E-07
  727    -2.2799678227E+00     8.2586679908E-07
  728    -2.2799676098E+00     8.3303403439E-07
  729    -2.2799673917E+00     8.0520976053E-07
  730    -2.2598279439E+00     8.4547445631E-07
  731    -2.2598274750E+00     9.7821867564E-07
  732    -2.2598272239E+00     1.1219954649E-06
  733    -2.2470002191E+00     9.2202630808E-07
  734    -2.2469997517E+00     1.0925008497E-06
  735    -2.2352996924E+00     7.2179823436E-07
  736    -2.2134299304E+00     1.0337444641E-06
  737    -2.1929099518E+00     9.1774452176E-07
  738    -2.1929097857E+00     7.8209242163E-07
  739    -2.1661927502E+00     9.8343021736E-07
  740    -2.1661924128E+00     7.9066515336E-07
  741    -2.1661920838E+00     1.0061988556E-06
  742    -2.1468870216E+00     9.4347415431E-07
  743    -2.1468868716E+00     1.0633645350E-06
  744    -2.1468866581E+00     1.2644354078E-06
  745    -2.1426837295E+00     9.4369452418E-07
  746    -2.1426831798E+00     1.2161076218E-06
  747    -2.1426831510E+00     1.0568343737E-06
  748    -2.1080084097E+00     5.4884737963E-07
  749    -2.1015191613E+00     1.0006572953E-06
  750    -2.1015185689E+00     1.0494673708E-06
  751    -2.1015183828E+00     9.5971029316E-07
  752    -2.0796953543E+00     1.3074171615E-06
  753    -2.0796952410E+00     1.0771906582E-06
  754    -2.0625933175E+00     1.0081287264E-06
  755    -2.0625930660E+00     1.1011284771E-06
  756    -2.0625925964E+00     1.2947541222E-06
  757    -2.0334153955E+00     1.0892957371E-06
  758    -2.0334151091E+00     1.3035264460E-06
  759    -2.0334150175E+00     9.9359425547E-07
  760    -2.0096026168E+00     9.7421677398E-07
  761    -2.0096019239E+00     1.3187542885E-06
  762    -1.9466395186E+00     9.4813406135E-07
  763    -1.9349602830E+00     1.6039738848E-06
  764    -1.9349596832E+00     1.1270177034E-06
  765    -1.9349593574E+00     1.0085423400E-06
  766    -1.9005622539E+00     1.1473600098E-06
  767    -1.9005618227E+00     1.3857785200E-06
  768    -1.8936374936E+00     1.1492019786E-06
  769    -1.8936366701E+00     1.0392921939E-06
  770    -1.8936364249E+00     1.2532441445E-06
  771    -1.8863980596E+00     1.2985086445E-06
  772    -1.8863979646E+00     8.8345811149E-07
  773    -1.8863977655E+00     1.3645885379E-06
  774    -1.8825404070E+00     9.9605667450E-07
  775    -1.8825402070E+00     1.0733797280E-06
  776    -1.8825388149E+00     1.4061931572E-06
  777    -1.8187143337E+00     1.3450863246E-06
  778    -1.8187140317E+00     1.2096588318E-06
  779    -1.8096270400E+00     1.3647696413E-06
  780    -1.8096267337E+00     1.3641425675E-06
  781    -1.8096264497E+00     1.5367485933E-06
  782    -1.7807550956E+00     1.2468820409E-06
  783    -1.7807549281E+00     1.3482132260E-06
  784    -1.7807546607E+00     1.4760984910E-06
  785    -1.7789346256E+00     1.2940238952E-06
  786    -1.6599100193E+00     1.4467536370E-06
  787    -1.6599095084E+00     1.3536835019E-06
  788    -1.6599092340E+00     2.5595196785E-06
  789    -1.6546177837E+00     1.6530093549E-06
  790    -1.6546171336E+00     1.6554096492E-06
  791    -1.6302831387E+00     1.6513336880E-06
  792    -1.6302827852E+00     1.7998833614E-06
  793    -1.6302824221E+00     1.7525734514E-06
  794    -1.6247426979E+00     1.0548486302E-06
  795    -1.6247425507E+00     1.5386689180E-06
  796    -1.6247425212E+00     1.5156383197E-06
  797    -1.6031001108E+00     1.8719928830E-06
  798    -1.6030998026E+00     1.6557337457E-06
  799    -1.6030994202E+00     1.8548760646E-06
  800    -1.5971693928E+00     1.5620804061E-06
  801    -1.5971688198E+00     1.8587154831E-06
  802    -1.5971686665E+00     2.0432976877E-06
  803    -1.5666541315E+00     2.0064930506E-06
  804    -1.5587858591E+00     2.0047239115E-06
  805    -1.5587852799E+00     1.6899993368E-06
  806    -1.5587851447E+00     2.1354272320E-06
  807    -1.5156387983E+00     1.9007549883E-06
  808    -1.5095195625E+00     1.8292337035E-06
  809    -1.5095194344E+00     1.6635453892E-06
  810    -1.5095186407E+00     2.1175659376E-06
  811    -1.4127884117E+00     2.1721029253E-06
  812    -1.4127881277E+00     1.9955794999E-06
  813    -1.4127879148E+00     1.9885975498E-06
  814    -1.3605251320E+00     2.1787463930E-06
  815    -1.3605249973E+00     1.7684751209E-06
  816    -1.3605249005E+00     2.0333844048E-06
  817    -1.3397426637E+00     2.2271108622E-06
  818    -1.3397424808E+00     2.6873175299E-06
  819    -1.2715071779E+00     3.5756145957E-06
  820    -1.2715070071E+00     2.0848271450E-06
  821    -1.2715068849E+00     2.8373587513E-06
  822    -1.2222062688E+00     2.6937030986E-06
  823    -1.2222061320E+00     2.7562844426E-06
  824    -1.2222059455E+00     3.7373566663E-06
  825    -1.2047679310E+00     3.3707073597E-06
  826    -1.2047676517E+00     3.0755999414E-06
  827    -1.2047675528E+00     2.8720529193E-06
  828    -1.1413550280E+00     3.6941792075E-06
  829    -1.1387292274E+00     4.3319984225E-06
  830    -1.1387290207E+00     5.8913979506E-06
  831    -1.1387288554E+00     7.6133016173E-06
  832    -1.1041781176E+00     3.7580568982E-06
  833    -1.1041780488E+00     3.3723583905E-06
  834    -1.0880436549E+00     4.0151823738E-06
  835    -1.0880433531E+00     3.1985547488E-06
  836    -1.0880432281E+00     3.4235482521E-06
  837    -1.0715029953E+00     3.3506182670E-06
  838    -1.0715027813E+00     3.9618946095E-06
  839    -1.0715027068E+00     3.1352640804E-06
  840    -1.0575711726E+00     2.1537790361E-06
  841    -1.0412783544E+00     3.7916087230E-06
  842    -1.0412782192E+00     4.6563777794E-06
  843    -1.0412781673E+00     5.0895765511E-06
  844    -1.0170812395E+00     4.1687635317E-06
  845    -1.0170811245E+00     3.8174915393E-06
  846    -1.0170809123E+00     3.8326940484E-06
  847    -1.0024618633E+00     4.4352075248E-06
  848    -1.0024617266E+00     3.7930905669E-06
  849    -9.6044776345E-01     3.1490862057E-06
  850    -9.2063599767E-01     5.6346745641E-06
  851    -9.0931061706E-01     4.2908912256E-06
  852    -9.0931030838E-01     5.7298624338E-06
  853    -8.7372900674E-01     5.5951983385E-06
  854    -8.7372889587E-01     5.8908234544E-06
  855    -8.7372882679E-01     6.2545890688E-06
  856    -8.6374609899E-01     4.9590321232E-06
  857    -8.6374575032E-01     6.6000289894E-06
  858    -8.5940149949E-01     5.2215285295E-06
  859    -8.5940145292E-01     5.5089661879E-06
  860    -8.5940137323E-01     5.9089315517E-06
  861    -8.4943207778E-01     5.0105550273E-06
  862    -8.0066057751E-01     7.3832073995E-06
  863    -7.8107356207E-01     6.7423042163E-06
  864    -7.8107346679E-01     1.2650940244E-05
  865    -7.8107341932E-01     8.1988860679E-06
  866    -7.8088846473E-01     7.5486796208E-06
  867    -7.8088832630E-01     7.3111137235E-06
  868    -7.8088808562E-01     7.7106697768E-06
  869    -7.4555150153E-01     7.1565613074E-06
  870    -7.4555131545E-01     6.0639187834E-06
  871    -7.4286568476E-01     7.1110384218E-06
  872    -7.4286556615E-01     7.4287849386E-06
  873    -7.4286549507E-01     9.0455450059E-06
  874    -7.4046056643E-01     8.8654950036E-06
  875    -7.4046038894E-01     7.4472759934E-06
  876    -7.4046017681E-01     9.3862356766E-06
  877    -6.9231512535E-01     6.2979121107E-06
  878    -6.9231507489E-01     8.3639434018E-06
  879    -6.9231495101E-01     8.7116500146E-06
  880    -6.9170442860E-01     8.2058570465E-06
  881    -6.9170435277E-01     8.6902633911E-06
  882    -6.2135942364E-01     1.0191850954E-05
  883    -6.1975840480E-01     1.0426215772E-05
  884    -6.1975833865E-01     1.2890403201E-05
  885    -6.1975823745E-01     9.9491048871E-06
  886    -5.9877169927E-01     1.2865528404E-05
  887    -5.9877158230E-01     1.1411139136E-05
  888    -5.9877150982E-01     1.3178018362E-05
  889    -5.9855813649E-01     1.1777632680E-05
  890    -5.9855804561E-01     1.0102775816E-05
  891    -5.9855803147E-01     1.1155213563E-05
  892    -5.7746317267E-01     8.2715537295E-06
  893    -5.5082353559E-01     1.2125863668E-05
  894    -5.5082346142E-01     1.3427969466E-05
  895    -5.5082341753E-01     1.3668032751E-05
  896    -5.5073192277E-01     9.7097846013E-06
  897    -5.5073174214E-01     1.2160094047E-05
  898    -5.3396501357E-01     1.8198162857E-05
  899    -5.3396485942E-01     1.5899332765E-05
  900    -5.3396477476E-01     1.7939543150E-05
  901    -5.2091965554E-01     1.5040786094E-05
  902    -5.2091957515E-01     1.4412831477E-05
  903    -5.2091953032E-01     1.4169060134E-05
  904    -4.7259627312E-01     1.6341623528E-05
  905    -4.7259616137E-01     2.1286073767E-05
  906    -4.7259606361E-01     1.9688894503E-05
  907    -4.7115011547E-01     1.9843816201E-05
  908    -4.7115006545E-01     1.9739364028E-05
  909    -4.6893188858E-01     1.1204053906E-05
  910    -4.6517554106E-01     1.5497859838E-05
  911    -4.6517540215E-01     1.9415855556E-05
  912    -4.6517537118E-01     2.3131649447E-05
  913    -4.4142557477E-01     1.8679348814E-05
  914    -4.4142549249E-01     2.0345136053E-05
  915    -4.4142543675E-01     2.3850159002E-05
  916    -4.2679547434E-01     2.2379892940E-05
  917    -4.2679543038E-01     2.0319369150E-05
  918    -3.6961022678E-01     3.3020043338E-05
  919    -3.6961018820E-01     2.9283863433E-05
  920    -3.6961007519E-01     3.7693766708E-05
  921    -3.6883960694E-01     4.5310100801E-05
  922    -3.6883950251E-01     3.5856725374E-05
  923    -3.6883940795E-01     3.5730944068E-05
  924    -3.3922950089E-01     3.5866845505E-05
  925    -3.3922941662E-01     3.9492549678E-05
  926    -3.3922937412E-01     2.8461906447E-05
  927    -3.1999452127E-01     5.1841797377E-05
  928    -3.1999445102E-01     5.5539471005E-05
  929    -3.1999417992E-01     4.6585050859E-05
  930    -3.1057556392E-01     3.2493654703E-05
  931    -3.1057548035E-01     3.5997223548E-05
  932    -2.9112757946E-01     5.0069462097E-05
  933    -2.9112749543E-01     4.8127671661E-05
  934    -2.7559639445E-01     4.4117482604E-05
  935    -2.7559625970E-01     5.0060874804E-05
  936    -2.7559612071E-01     5.5011662093E-05
  937    -2.5439557847E-01     7.4411974927E-05
  938    -2.5439555402E-01     7.2915142352E-05
  939    -2.5439550310E-01     7.5347583116E-05
  940    -2.4739763826E-01     7.3169705813E-05
  941    -2.4739760100E-01     5.9074468682E-05
  942    -2.4739753748E-01     6.1312135793E-05
  943    -2.4370824520E-01     5.6780082410E-05
  944    -2.4370819684E-01     5.5070681788E-05
  945    -2.4370814701E-01     5.9785801573E-05
  946    -2.1629674632E-01     8.3811054630E-05
  947    -2.1043417397E-01     9.8495696808E-05
  948    -2.1043413343E-01     1.0648164627E-04
  949    -2.1043411658E-01     1.0043617656E-04
  950    -2.0486887818E-01     9.3541363086E-05
  951    -1.7221815564E-01     1.2981673268E-04
  952    -1.6692036249E-01     2.0478275266E-04
  953    -1.6692031990E-01     1.6723411053E-04
  954    -1.4373165341E-01     1.8334531363E-04
  955    -1.4373163701E-01     2.0050366374E-04
  956    -1.4373156248E-01     1.8128259894E-04
  957    -1.2344850123E-01     2.2120768796E-04
  958    -1.0161284999E-01     4.0495442308E-04
  959    -1.0161282178E-01     3.5242822697E-04
  960    -1.0161280681E-01     5.0193376132E-04
  961    -7.5615880885E-02     7.1541006822E-04
  962    -7.5615878942E-02     6.7256030290E-04
  963    -7.5615832481E-02     8.4830280967E-04
  964    -6.6075186545E-02     9.2795004513E-04
  965    -6.6075157479E-02     9.2991788052E-04
  966    -6.6075124219E-02     9.2745395999E-04
  967    -3.0120463538E-02     4.8989113673E-03
  968    -3.0120389146E-02     4.4258457937E-03
  969    -3.0120378744E-02     4.4629244066E-03
  970    -2.9584963787E-02     5.4208303968E-03
  971    -8.9419356379E-03     5.5108986202E-02
  972    -8.9419102720E-03     5.3380396230E-02
  973    -8.9418420791E-03     5.1388009702E-02
  974     2.3523445037E-03     7.7355459722E-01
  975     1.3543391522E-02     2.6446681979E-02
  976     1.5750576320E-02     1.2919968416E-02
  977     1.5750596802E-02     1.4268538760E-02
  978     1.5750619641E-02     1.2204634979E-02
  979     1.8103441025E-02     9.8363115282E-03
  980     1.8103504329E-02     9.8275377650E-03
  981     1.8835330404E-02     9.6853768908E-03
  982     1.8835354740E-02     9.7956793079E-03
  983     1.8835384204E-02     1.0169890100E-02
  984     2.6737166952E-02     4.5489757315E-03
  985     2.9847364342E-02     4.2363721032E-03
  986     2.9847366779E-02     4.2657562960E-03
  987     2.9847394730E-02     4.1410784916E-03
  988     2.9913616784E-02     3.0691734995E-03
  989     2.9913624346E-02     3.6060242522E-03
  990     2.9913670727E-02     3.5597814793E-03
  991     3.2456580522E-02     4.9805229977E-03
  992     3.2456605146E-02     3.8395639689E-03
  993     3.7102738907E-02     2.6207012814E-03
  994     3.7102766695E-02     2.2626224578E-03
  995     3.7102797013E-02     2.3842598179E-03
  996     3.8618068066E-02     2.9959077538E-03
  997     4.0493781234E-02     2.3809960043E-03
  998     4.0493785230E-02     2.2086156730E-03
  999     4.0493811387E-02     2.3342761553E-03
 1000     4.1425979518E-02     2.0075249227E-03
 1001     4.1425992966E-02     2.2324085517E-03
 1002     4.1426013437E-02     2.0140776110E-03
 1003     4.2047152877E-02     1.7265542820E-03
 1004     4.2047186478E-02     1.6296735900E-03


 TOTAL TIME = 25522 [s]
