===============================================================================
 RRRRR  SSSSS  H   H  RRRRR    Zbigniew ROMANOWSKI                             
 R   R  S      H   H  R   R                                                    
 RRRRR  SSSSS  HHHHH  RRRRR    version: 5.4                                    
 R  R       S  H   H  R  R                                                     
 R   R  SSSSS  H   H  R   R    compilation date: Dec  8 2012 (20:50:40)                       
===============================================================================

PEs = 128

----INITIALIZATION----========================================================
DOMAIN:
    BsplDeg = 3, CubatOrder = 5, CubatNodeNo = 125
    h = 5.000000E-01
    Nx = 90,    Ny = 90,   Nz = 90
    X0 = -2.000000E+01,    Xmax = 2.500000E+01
    Y0 = -2.000000E+01,    Ymax = 2.500000E+01
    Z0 = -2.000000E+01,    Zmax = 2.500000E+01

NUMBER OF 'ATOMS' = 125
    Soft-r^4(d,a)=(-2.00, 0.10) at (x,y,z) = ( 0.00, 0.00, 0.00)
    Soft-r^4(d,a)=(-2.00, 0.10) at (x,y,z) = ( 0.00, 0.00, 1.30)
    Soft-r^4(d,a)=(-2.00, 0.10) at (x,y,z) = ( 0.00, 0.00, 2.60)
    Soft-r^4(d,a)=(-2.00, 0.10) at (x,y,z) = ( 0.00, 0.00, 3.90)
    Soft-r^4(d,a)=(-2.00, 0.10) at (x,y,z) = ( 0.00, 0.00, 5.20)
    Soft-r^4(d,a)=(-2.00, 0.10) at (x,y,z) = ( 0.00, 1.30, 0.00)
    Soft-r^4(d,a)=(-2.00, 0.10) at (x,y,z) = ( 0.00, 1.30, 1.30)
    Soft-r^4(d,a)=(-2.00, 0.10) at (x,y,z) = ( 0.00, 1.30, 2.60)
    Soft-r^4(d,a)=(-2.00, 0.10) at (x,y,z) = ( 0.00, 1.30, 3.90)
    Soft-r^4(d,a)=(-2.00, 0.10) at (x,y,z) = ( 0.00, 1.30, 5.20)
    Soft-r^4(d,a)=(-2.00, 0.10) at (x,y,z) = ( 0.00, 2.60, 0.00)
    Soft-r^4(d,a)=(-2.00, 0.10) at (x,y,z) = ( 0.00, 2.60, 1.30)
    Soft-r^4(d,a)=(-2.00, 0.10) at (x,y,z) = ( 0.00, 2.60, 2.60)
    Soft-r^4(d,a)=(-2.00, 0.10) at (x,y,z) = ( 0.00, 2.60, 3.90)
    Soft-r^4(d,a)=(-2.00, 0.10) at (x,y,z) = ( 0.00, 2.60, 5.20)
    Soft-r^4(d,a)=(-2.00, 0.10) at (x,y,z) = ( 0.00, 3.90, 0.00)
    Soft-r^4(d,a)=(-2.00, 0.10) at (x,y,z) = ( 0.00, 3.90, 1.30)
    Soft-r^4(d,a)=(-2.00, 0.10) at (x,y,z) = ( 0.00, 3.90, 2.60)
    Soft-r^4(d,a)=(-2.00, 0.10) at (x,y,z) = ( 0.00, 3.90, 3.90)
    Soft-r^4(d,a)=(-2.00, 0.10) at (x,y,z) = ( 0.00, 3.90, 5.20)
    Soft-r^4(d,a)=(-2.00, 0.10) at (x,y,z) = ( 0.00, 5.20, 0.00)
    Soft-r^4(d,a)=(-2.00, 0.10) at (x,y,z) = ( 0.00, 5.20, 1.30)
    Soft-r^4(d,a)=(-2.00, 0.10) at (x,y,z) = ( 0.00, 5.20, 2.60)
    Soft-r^4(d,a)=(-2.00, 0.10) at (x,y,z) = ( 0.00, 5.20, 3.90)
    Soft-r^4(d,a)=(-2.00, 0.10) at (x,y,z) = ( 0.00, 5.20, 5.20)
    Soft-r^4(d,a)=(-2.00, 0.10) at (x,y,z) = ( 1.30, 0.00, 0.00)
    Soft-r^4(d,a)=(-2.00, 0.10) at (x,y,z) = ( 1.30, 0.00, 1.30)
    Soft-r^4(d,a)=(-2.00, 0.10) at (x,y,z) = ( 1.30, 0.00, 2.60)
    Soft-r^4(d,a)=(-2.00, 0.10) at (x,y,z) = ( 1.30, 0.00, 3.90)
    Soft-r^4(d,a)=(-2.00, 0.10) at (x,y,z) = ( 1.30, 0.00, 5.20)
    Soft-r^4(d,a)=(-2.00, 0.10) at (x,y,z) = ( 1.30, 1.30, 0.00)
    Soft-r^4(d,a)=(-2.00, 0.10) at (x,y,z) = ( 1.30, 1.30, 1.30)
    Soft-r^4(d,a)=(-2.00, 0.10) at (x,y,z) = ( 1.30, 1.30, 2.60)
    Soft-r^4(d,a)=(-2.00, 0.10) at (x,y,z) = ( 1.30, 1.30, 3.90)
    Soft-r^4(d,a)=(-2.00, 0.10) at (x,y,z) = ( 1.30, 1.30, 5.20)
    Soft-r^4(d,a)=(-2.00, 0.10) at (x,y,z) = ( 1.30, 2.60, 0.00)
    Soft-r^4(d,a)=(-2.00, 0.10) at (x,y,z) = ( 1.30, 2.60, 1.30)
    Soft-r^4(d,a)=(-2.00, 0.10) at (x,y,z) = ( 1.30, 2.60, 2.60)
    Soft-r^4(d,a)=(-2.00, 0.10) at (x,y,z) = ( 1.30, 2.60, 3.90)
    Soft-r^4(d,a)=(-2.00, 0.10) at (x,y,z) = ( 1.30, 2.60, 5.20)
    Soft-r^4(d,a)=(-2.00, 0.10) at (x,y,z) = ( 1.30, 3.90, 0.00)
    Soft-r^4(d,a)=(-2.00, 0.10) at (x,y,z) = ( 1.30, 3.90, 1.30)
    Soft-r^4(d,a)=(-2.00, 0.10) at (x,y,z) = ( 1.30, 3.90, 2.60)
    Soft-r^4(d,a)=(-2.00, 0.10) at (x,y,z) = ( 1.30, 3.90, 3.90)
    Soft-r^4(d,a)=(-2.00, 0.10) at (x,y,z) = ( 1.30, 3.90, 5.20)
    Soft-r^4(d,a)=(-2.00, 0.10) at (x,y,z) = ( 1.30, 5.20, 0.00)
    Soft-r^4(d,a)=(-2.00, 0.10) at (x,y,z) = ( 1.30, 5.20, 1.30)
    Soft-r^4(d,a)=(-2.00, 0.10) at (x,y,z) = ( 1.30, 5.20, 2.60)
    Soft-r^4(d,a)=(-2.00, 0.10) at (x,y,z) = ( 1.30, 5.20, 3.90)
    Soft-r^4(d,a)=(-2.00, 0.10) at (x,y,z) = ( 1.30, 5.20, 5.20)
    Soft-r^4(d,a)=(-2.00, 0.10) at (x,y,z) = ( 2.60, 0.00, 0.00)
    Soft-r^4(d,a)=(-2.00, 0.10) at (x,y,z) = ( 2.60, 0.00, 1.30)
    Soft-r^4(d,a)=(-2.00, 0.10) at (x,y,z) = ( 2.60, 0.00, 2.60)
    Soft-r^4(d,a)=(-2.00, 0.10) at (x,y,z) = ( 2.60, 0.00, 3.90)
    Soft-r^4(d,a)=(-2.00, 0.10) at (x,y,z) = ( 2.60, 0.00, 5.20)
    Soft-r^4(d,a)=(-2.00, 0.10) at (x,y,z) = ( 2.60, 1.30, 0.00)
    Soft-r^4(d,a)=(-2.00, 0.10) at (x,y,z) = ( 2.60, 1.30, 1.30)
    Soft-r^4(d,a)=(-2.00, 0.10) at (x,y,z) = ( 2.60, 1.30, 2.60)
    Soft-r^4(d,a)=(-2.00, 0.10) at (x,y,z) = ( 2.60, 1.30, 3.90)
    Soft-r^4(d,a)=(-2.00, 0.10) at (x,y,z) = ( 2.60, 1.30, 5.20)
    Soft-r^4(d,a)=(-2.00, 0.10) at (x,y,z) = ( 2.60, 2.60, 0.00)
    Soft-r^4(d,a)=(-2.00, 0.10) at (x,y,z) = ( 2.60, 2.60, 1.30)
    Soft-r^4(d,a)=(-2.00, 0.10) at (x,y,z) = ( 2.60, 2.60, 2.60)
    Soft-r^4(d,a)=(-2.00, 0.10) at (x,y,z) = ( 2.60, 2.60, 3.90)
    Soft-r^4(d,a)=(-2.00, 0.10) at (x,y,z) = ( 2.60, 2.60, 5.20)
    Soft-r^4(d,a)=(-2.00, 0.10) at (x,y,z) = ( 2.60, 3.90, 0.00)
    Soft-r^4(d,a)=(-2.00, 0.10) at (x,y,z) = ( 2.60, 3.90, 1.30)
    Soft-r^4(d,a)=(-2.00, 0.10) at (x,y,z) = ( 2.60, 3.90, 2.60)
    Soft-r^4(d,a)=(-2.00, 0.10) at (x,y,z) = ( 2.60, 3.90, 3.90)
    Soft-r^4(d,a)=(-2.00, 0.10) at (x,y,z) = ( 2.60, 3.90, 5.20)
    Soft-r^4(d,a)=(-2.00, 0.10) at (x,y,z) = ( 2.60, 5.20, 0.00)
    Soft-r^4(d,a)=(-2.00, 0.10) at (x,y,z) = ( 2.60, 5.20, 1.30)
    Soft-r^4(d,a)=(-2.00, 0.10) at (x,y,z) = ( 2.60, 5.20, 2.60)
    Soft-r^4(d,a)=(-2.00, 0.10) at (x,y,z) = ( 2.60, 5.20, 3.90)
    Soft-r^4(d,a)=(-2.00, 0.10) at (x,y,z) = ( 2.60, 5.20, 5.20)
    Soft-r^4(d,a)=(-2.00, 0.10) at (x,y,z) = ( 3.90, 0.00, 0.00)
    Soft-r^4(d,a)=(-2.00, 0.10) at (x,y,z) = ( 3.90, 0.00, 1.30)
    Soft-r^4(d,a)=(-2.00, 0.10) at (x,y,z) = ( 3.90, 0.00, 2.60)
    Soft-r^4(d,a)=(-2.00, 0.10) at (x,y,z) = ( 3.90, 0.00, 3.90)
    Soft-r^4(d,a)=(-2.00, 0.10) at (x,y,z) = ( 3.90, 0.00, 5.20)
    Soft-r^4(d,a)=(-2.00, 0.10) at (x,y,z) = ( 3.90, 1.30, 0.00)
    Soft-r^4(d,a)=(-2.00, 0.10) at (x,y,z) = ( 3.90, 1.30, 1.30)
    Soft-r^4(d,a)=(-2.00, 0.10) at (x,y,z) = ( 3.90, 1.30, 2.60)
    Soft-r^4(d,a)=(-2.00, 0.10) at (x,y,z) = ( 3.90, 1.30, 3.90)
    Soft-r^4(d,a)=(-2.00, 0.10) at (x,y,z) = ( 3.90, 1.30, 5.20)
    Soft-r^4(d,a)=(-2.00, 0.10) at (x,y,z) = ( 3.90, 2.60, 0.00)
    Soft-r^4(d,a)=(-2.00, 0.10) at (x,y,z) = ( 3.90, 2.60, 1.30)
    Soft-r^4(d,a)=(-2.00, 0.10) at (x,y,z) = ( 3.90, 2.60, 2.60)
    Soft-r^4(d,a)=(-2.00, 0.10) at (x,y,z) = ( 3.90, 2.60, 3.90)
    Soft-r^4(d,a)=(-2.00, 0.10) at (x,y,z) = ( 3.90, 2.60, 5.20)
    Soft-r^4(d,a)=(-2.00, 0.10) at (x,y,z) = ( 3.90, 3.90, 0.00)
    Soft-r^4(d,a)=(-2.00, 0.10) at (x,y,z) = ( 3.90, 3.90, 1.30)
    Soft-r^4(d,a)=(-2.00, 0.10) at (x,y,z) = ( 3.90, 3.90, 2.60)
    Soft-r^4(d,a)=(-2.00, 0.10) at (x,y,z) = ( 3.90, 3.90, 3.90)
    Soft-r^4(d,a)=(-2.00, 0.10) at (x,y,z) = ( 3.90, 3.90, 5.20)
    Soft-r^4(d,a)=(-2.00, 0.10) at (x,y,z) = ( 3.90, 5.20, 0.00)
    Soft-r^4(d,a)=(-2.00, 0.10) at (x,y,z) = ( 3.90, 5.20, 1.30)
    Soft-r^4(d,a)=(-2.00, 0.10) at (x,y,z) = ( 3.90, 5.20, 2.60)
    Soft-r^4(d,a)=(-2.00, 0.10) at (x,y,z) = ( 3.90, 5.20, 3.90)
    Soft-r^4(d,a)=(-2.00, 0.10) at (x,y,z) = ( 3.90, 5.20, 5.20)
    Soft-r^4(d,a)=(-2.00, 0.10) at (x,y,z) = ( 5.20, 0.00, 0.00)
    Soft-r^4(d,a)=(-2.00, 0.10) at (x,y,z) = ( 5.20, 0.00, 1.30)
    Soft-r^4(d,a)=(-2.00, 0.10) at (x,y,z) = ( 5.20, 0.00, 2.60)
    Soft-r^4(d,a)=(-2.00, 0.10) at (x,y,z) = ( 5.20, 0.00, 3.90)
    Soft-r^4(d,a)=(-2.00, 0.10) at (x,y,z) = ( 5.20, 0.00, 5.20)
    Soft-r^4(d,a)=(-2.00, 0.10) at (x,y,z) = ( 5.20, 1.30, 0.00)
    Soft-r^4(d,a)=(-2.00, 0.10) at (x,y,z) = ( 5.20, 1.30, 1.30)
    Soft-r^4(d,a)=(-2.00, 0.10) at (x,y,z) = ( 5.20, 1.30, 2.60)
    Soft-r^4(d,a)=(-2.00, 0.10) at (x,y,z) = ( 5.20, 1.30, 3.90)
    Soft-r^4(d,a)=(-2.00, 0.10) at (x,y,z) = ( 5.20, 1.30, 5.20)
    Soft-r^4(d,a)=(-2.00, 0.10) at (x,y,z) = ( 5.20, 2.60, 0.00)
    Soft-r^4(d,a)=(-2.00, 0.10) at (x,y,z) = ( 5.20, 2.60, 1.30)
    Soft-r^4(d,a)=(-2.00, 0.10) at (x,y,z) = ( 5.20, 2.60, 2.60)
    Soft-r^4(d,a)=(-2.00, 0.10) at (x,y,z) = ( 5.20, 2.60, 3.90)
    Soft-r^4(d,a)=(-2.00, 0.10) at (x,y,z) = ( 5.20, 2.60, 5.20)
    Soft-r^4(d,a)=(-2.00, 0.10) at (x,y,z) = ( 5.20, 3.90, 0.00)
    Soft-r^4(d,a)=(-2.00, 0.10) at (x,y,z) = ( 5.20, 3.90, 1.30)
    Soft-r^4(d,a)=(-2.00, 0.10) at (x,y,z) = ( 5.20, 3.90, 2.60)
    Soft-r^4(d,a)=(-2.00, 0.10) at (x,y,z) = ( 5.20, 3.90, 3.90)
    Soft-r^4(d,a)=(-2.00, 0.10) at (x,y,z) = ( 5.20, 3.90, 5.20)
    Soft-r^4(d,a)=(-2.00, 0.10) at (x,y,z) = ( 5.20, 5.20, 0.00)
    Soft-r^4(d,a)=(-2.00, 0.10) at (x,y,z) = ( 5.20, 5.20, 1.30)
    Soft-r^4(d,a)=(-2.00, 0.10) at (x,y,z) = ( 5.20, 5.20, 2.60)
    Soft-r^4(d,a)=(-2.00, 0.10) at (x,y,z) = ( 5.20, 5.20, 3.90)
    Soft-r^4(d,a)=(-2.00, 0.10) at (x,y,z) = ( 5.20, 5.20, 5.20)


----GRAPH-CREATION-and-PARTITIONING----=======================================
      Setup: Max:   1.404, Sum: 179.709, Balance:   1.000
   Matching: Max:   1.739, Sum: 222.588, Balance:   1.000
Contraction: Max:   0.691, Sum:  88.443, Balance:   1.000
   InitPart: Max:   0.171, Sum:  21.899, Balance:   1.000
    Project: Max:   0.002, Sum:   0.200, Balance:   1.048
 Initialize: Max:   0.329, Sum:  42.010, Balance:   1.001
      K-way: Max:   1.297, Sum: 165.967, Balance:   1.000
      Remap: Max:   0.001, Sum:   0.069, Balance:   1.002
      Total: Max:   5.632, Sum: 720.926, Balance:   1.000
Final 128-way Cut: 22984340 	Balance: 1.051 

    Number of nodes:
         Rank0.........5.348E+03
         Averg.........5.145E+03
         Total.........6.585E+05
    Number of edges:
         Rank0.........1.680E+06
         Averg.........1.657E+06
         Total.........2.121E+08
    Memory usage.[MB]:
         Rank0.........2.571E+01
         Averg.........2.536E+01
         Total.........3.247E+03


----MATRIX-ALLOCATION----=====================================================
    Dimension of matrix H or S:
              Rank0..............5.348E+03 (5348)
              Averg..............5.145E+03       
              Total..............6.585E+05 (658503)
    Nonzero entries in H or S:
              Rank0..............1.685E+06 (1685061)
              Averg..............1.662E+06       
              Total..............2.128E+08 (212776173)
    Sparseness of H or S (fraction):
              Rank0..............4.785E-04
              Averg..............4.907E-04
    Sparseness of H or S (non-zero elemnts in a row):
              Rank0..............315.1
              Averg..............323.1
    Memory usage for H and S [MiB]:
              Rank0..............5.142E+01
              Averg..............5.073E+01
              Total..............6.493E+03


----ASSEMBLING----============================================================
..........10..........20..........30..........40..........50done
Assembling time = 56 [s]



----SOLVING----===============================================================
EPS Object: 128 MPI processes
  type: krylovschur
    Krylov-Schur: 50% of basis vectors kept after restart
  problem type: generalized symmetric eigenvalue problem
  extraction type: Rayleigh-Ritz
  selected portion of the spectrum: smallest real parts
  number of eigenvalues (nev): 100
  number of column vectors (ncv): 300
  maximum dimension of projected problem (mpd): 300
  maximum number of iterations: 1500
  tolerance: 0.0001
  convergence test: relative to the eigenvalue
  estimates of matrix norms (constant): norm(A)=1, norm(B)=1
IP Object: 128 MPI processes
  type: bilinear
  orthogonalization method: classical Gram-Schmidt
  orthogonalization refinement: if needed (eta: 0.7071)
  Matrix Object:   128 MPI processes
    type: mpiaij
    rows=658503, cols=658503
    total: nonzeros=212776173, allocated nonzeros=212776173
    total number of mallocs used during MatSetValues calls =0
      not using I-node (on process 0) routines
DS Object: 128 MPI processes
  type: hep
  solving the problem with: Implicit QR method (_steqr)
ST Object: 128 MPI processes
  type: shift
  shift: 0
  matrices A and B have same nonzero pattern
  KSP Object:  (st_)   128 MPI processes
    type: cg
    maximum iterations=10000
    using preconditioner applied to right hand side for initial guess
    tolerances:  relative=1e-05, absolute=1e-50, divergence=10000
    left preconditioning
    using nonzero initial guess
    using PRECONDITIONED norm type for convergence test
  PC Object:  (st_)   128 MPI processes
    type: asm
      Additive Schwarz: total subdomain blocks = 128, amount of overlap = 1
      Additive Schwarz: restriction/interpolation type - RESTRICT
      Local solve is same for all blocks, in the following KSP and PC objects:
    KSP Object:    (st_sub_)     1 MPI processes
      type: preonly
      maximum iterations=10000, initial guess is zero
      tolerances:  relative=1e-05, absolute=1e-50, divergence=10000
      left preconditioning
      using DEFAULT norm type for convergence test
    PC Object:    (st_sub_)     1 MPI processes
      type: icc
        0 levels of fill
        tolerance for zero pivot 2.22045e-14
        using Manteuffel shift
        matrix ordering: natural
      linear system matrix = precond matrix:
      Matrix Object:       1 MPI processes
        type: seqaij
        rows=12655, cols=12655
        total: nonzeros=3470071, allocated nonzeros=3470071
        total number of mallocs used during MatSetValues calls =0
          not using I-node routines
    linear system matrix = precond matrix:
    Matrix Object:     128 MPI processes
      type: mpiaij
      rows=658503, cols=658503
      total: nonzeros=212776173, allocated nonzeros=212776173
      total number of mallocs used during MatSetValues calls =0
        not using I-node (on process 0) routines


  1 EPS nconv=14 first unconverged value (error) -18.6388 (2.15846020e-02)
  2 EPS nconv=25 first unconverged value (error) -17.6354 (1.01505794e-03)
  3 EPS nconv=34 first unconverged value (error) -17.1113 (9.48202150e-04)
  4 EPS nconv=48 first unconverged value (error) -16.5909 (1.11552577e-02)
  5 EPS nconv=89 first unconverged value (error) -14.9789 (5.36771322e-04)
  6 EPS nconv=98 first unconverged value (error) -14.6244 (2.49008059e-03)
  7 EPS nconv=126 first unconverged value (error) -13.4125 (1.04753736e-02)

--------------------------------------------------------------
    Number of iterations of the method.............7
    Number of linear iterations of the method......4192
    Solution method................................krylovschur
    Number of requested eigenvalues................100
    Stopping condition: eps_tol....................1.000000E-04
    Stopping condition: eps_max_it.................1500
--------------------------------------------------------------


             EIGENVALUES            ERROR
====================================================
    0    -2.0323192963E+01     1.3494405385E-07
    1    -1.9740634835E+01     1.3358164290E-07
    2    -1.9740314446E+01     9.1748510390E-08
    3    -1.9740307838E+01     8.4294704879E-08
    4    -1.9242665428E+01     1.3129142899E-07
    5    -1.9227802577E+01     1.2443568518E-07
    6    -1.9227785796E+01     1.1039769303E-07
    7    -1.9167434614E+01     9.1468543200E-08
    8    -1.9167136663E+01     9.6732460124E-08
    9    -1.9167122688E+01     7.6985074032E-08
   10    -1.8665582120E+01     1.0430479925E-07
   11    -1.8664101902E+01     6.7529027951E-08
   12    -1.8664093650E+01     1.4569921561E-07
   13    -1.8655318155E+01     1.0463617653E-07
   14    -1.8655309063E+01     1.1379139342E-07
   15    -1.8653846395E+01     6.4362670376E-07
   16    -1.8603203381E+01     8.6312921595E-08
   17    -1.8169726041E+01     1.0989559974E-07
   18    -1.8154866908E+01     7.3832993839E-08
   19    -1.8154863895E+01     1.1656897428E-07
   20    -1.8097624485E+01     6.4087536566E-08
   21    -1.8094929112E+01     7.4194670050E-08
   22    -1.8094928339E+01     9.8963883712E-08
   23    -1.7637351212E+01     8.5065443296E-08
   24    -1.7635818432E+01     1.2536351206E-07
   25    -1.7635813927E+01     1.3246135248E-07
   26    -1.7597456603E+01     1.5428523873E-07
   27    -1.7594927354E+01     3.0361376495E-07
   28    -1.7594925071E+01     2.4047397456E-07
   29    -1.7511836360E+01     8.4023153819E-08
   30    -1.7507807289E+01     7.8710870631E-08
   31    -1.7507800973E+01     7.9038955308E-08
   32    -1.7112597265E+01     1.2500912230E-07
   33    -1.7111861077E+01     1.3654641008E-07
   34    -1.7111856466E+01     1.9506705803E-07
   35    -1.7102499438E+01     9.9489257683E-08
   36    -1.7091904040E+01     1.6240385691E-07
   37    -1.7091898010E+01     1.7280470246E-07
   38    -1.7090850609E+01     2.4132121856E-07
   39    -1.6980892105E+01     7.1618129608E-08
   40    -1.6978743164E+01     8.0213058598E-08
   41    -1.6978735814E+01     1.0122066354E-07
   42    -1.6967048936E+01     7.0930109698E-08
   43    -1.6967047852E+01     7.5748319911E-08
   44    -1.6965220640E+01     7.8379880648E-08
   45    -1.6604194575E+01     8.6273472674E-08
   46    -1.6597485904E+01     1.1621725349E-07
   47    -1.6597480937E+01     1.5865443976E-07
   48    -1.6596184770E+01     1.4162502093E-07
   49    -1.6577470895E+01     1.2960089478E-07
   50    -1.6577462553E+01     1.2384892724E-07
   51    -1.6570942906E+01     1.5792740742E-07
   52    -1.6564600660E+01     1.1804684229E-07
   53    -1.6564596657E+01     1.0864650843E-07
   54    -1.6480660284E+01     1.1323334474E-07
   55    -1.6472962516E+01     1.3334108590E-07
   56    -1.6472960323E+01     8.8422675285E-08
   57    -1.6456749700E+01     1.0459437285E-07
   58    -1.6438613121E+01     8.1122408533E-08
   59    -1.6438607411E+01     1.2177319589E-07
   60    -1.6437902443E+01     7.7336398189E-08
   61    -1.6437898202E+01     7.3149405032E-08
   62    -1.6429471614E+01     1.0234878497E-07
   63    -1.6081786551E+01     1.3459550762E-07
   64    -1.6072323324E+01     1.2770484815E-07
   65    -1.6072312528E+01     1.5719192530E-07
   66    -1.6052256181E+01     1.3587629491E-07
   67    -1.6052253045E+01     1.7793456164E-07
   68    -1.6037692858E+01     1.7801421379E-07
   69    -1.5956386491E+01     1.1072720227E-07
   70    -1.5943468342E+01     9.2546844067E-08
   71    -1.5943463000E+01     9.3229787111E-08
   72    -1.5909559438E+01     9.2626748004E-08
   73    -1.5909558216E+01     1.7832503571E-07
   74    -1.5901341288E+01     8.9860611048E-08
   75    -1.5582003666E+01     9.8301942483E-08
   76    -1.5539873498E+01     1.2141843577E-07
   77    -1.5539870059E+01     9.6388498858E-08
   78    -1.5449752145E+01     7.7690983222E-08
   79    -1.5400128008E+01     6.8144330548E-08
   80    -1.5400125494E+01     1.2094378384E-07
   81    -1.5247279234E+01     6.5237485127E-08
   82    -1.5245786942E+01     8.1950372109E-08
   83    -1.5245784436E+01     6.9099780053E-08
   84    -1.5116339422E+01     9.1655615304E-08
   85    -1.5114100725E+01     9.6476920651E-08
   86    -1.5114098941E+01     1.0931183437E-07
   87    -1.5112364810E+01     1.1686509276E-07
   88    -1.5112361152E+01     9.4770591030E-08
   89    -1.5110177890E+01     1.0205583853E-07
   90    -1.4983362752E+01     9.2876769125E-08
   91    -1.4978894824E+01     6.1969539842E-08
   92    -1.4978890544E+01     9.2010975095E-08
   93    -1.4771902249E+01     1.5562859338E-07
   94    -1.4740997257E+01     7.3928510267E-08
   95    -1.4740996900E+01     9.2485357712E-08
   96    -1.4634517055E+01     1.6867170437E-07
   97    -1.4624512761E+01     6.9688428110E-07
   98    -1.4624504235E+01     1.0898053979E-07
   99    -1.4608676264E+01     1.0966589602E-07
  100    -1.4608668418E+01     9.9993695947E-08
  101    -1.4598121404E+01     1.0274598726E-07
  102    -1.4553756393E+01     1.3552770253E-07
  103    -1.4550844572E+01     8.9585770242E-08
  104    -1.4550839798E+01     6.8995850542E-08
  105    -1.4495159517E+01     1.0396417214E-07
  106    -1.4475586282E+01     6.5339562408E-08
  107    -1.4475582370E+01     7.0695744698E-08
  108    -1.4258792016E+01     1.1687089773E-07
  109    -1.4224331539E+01     8.3912326884E-08
  110    -1.4224329701E+01     8.1299516300E-08
  111    -1.4129599653E+01     1.4579513609E-07
  112    -1.4114397723E+01     1.0433551241E-07
  113    -1.4114395260E+01     9.6921688121E-08
  114    -1.4080850792E+01     1.0902593451E-07
  115    -1.4080849760E+01     1.5317947025E-07
  116    -1.4066060397E+01     1.0341248874E-07
  117    -1.3999851612E+01     1.5530363731E-07
  118    -1.3986242978E+01     9.4384241946E-08
  119    -1.3984786534E+01     1.6385094026E-07
  120    -1.3984782766E+01     1.3772716516E-07
  121    -1.3941360891E+01     2.3944313943E-07
  122    -1.3941353354E+01     2.6049843602E-07
  123    -1.3938644952E+01     1.2493084741E-07
  124    -1.3937130149E+01     2.4248904308E-07
  125    -1.3425216747E+01     1.2791276565E-07


 TOTAL TIME = 1211 [s]
