===============================================================================
 RRRRR  SSSSS  H   H  RRRRR    Zbigniew ROMANOWSKI                             
 R   R  S      H   H  R   R                                                    
 RRRRR  SSSSS  HHHHH  RRRRR    version: 5.4                                    
 R  R       S  H   H  R  R                                                     
 R   R  SSSSS  H   H  R   R    compilation date: Dec  8 2012 (20:50:40)                       
===============================================================================

PEs = 64

----INITIALIZATION----========================================================
DOMAIN:
    BsplDeg = 3, CubatOrder = 5, CubatNodeNo = 125
    h = 5.000000E-01
    Nx = 90,    Ny = 90,   Nz = 90
    X0 = -2.000000E+01,    Xmax = 2.500000E+01
    Y0 = -2.000000E+01,    Ymax = 2.500000E+01
    Z0 = -2.000000E+01,    Zmax = 2.500000E+01

NUMBER OF 'ATOMS' = 125
    Soft-r^4(d,a)=(-2.00, 0.10) at (x,y,z) = ( 0.00, 0.00, 0.00)
    Soft-r^4(d,a)=(-2.00, 0.10) at (x,y,z) = ( 0.00, 0.00, 1.30)
    Soft-r^4(d,a)=(-2.00, 0.10) at (x,y,z) = ( 0.00, 0.00, 2.60)
    Soft-r^4(d,a)=(-2.00, 0.10) at (x,y,z) = ( 0.00, 0.00, 3.90)
    Soft-r^4(d,a)=(-2.00, 0.10) at (x,y,z) = ( 0.00, 0.00, 5.20)
    Soft-r^4(d,a)=(-2.00, 0.10) at (x,y,z) = ( 0.00, 1.30, 0.00)
    Soft-r^4(d,a)=(-2.00, 0.10) at (x,y,z) = ( 0.00, 1.30, 1.30)
    Soft-r^4(d,a)=(-2.00, 0.10) at (x,y,z) = ( 0.00, 1.30, 2.60)
    Soft-r^4(d,a)=(-2.00, 0.10) at (x,y,z) = ( 0.00, 1.30, 3.90)
    Soft-r^4(d,a)=(-2.00, 0.10) at (x,y,z) = ( 0.00, 1.30, 5.20)
    Soft-r^4(d,a)=(-2.00, 0.10) at (x,y,z) = ( 0.00, 2.60, 0.00)
    Soft-r^4(d,a)=(-2.00, 0.10) at (x,y,z) = ( 0.00, 2.60, 1.30)
    Soft-r^4(d,a)=(-2.00, 0.10) at (x,y,z) = ( 0.00, 2.60, 2.60)
    Soft-r^4(d,a)=(-2.00, 0.10) at (x,y,z) = ( 0.00, 2.60, 3.90)
    Soft-r^4(d,a)=(-2.00, 0.10) at (x,y,z) = ( 0.00, 2.60, 5.20)
    Soft-r^4(d,a)=(-2.00, 0.10) at (x,y,z) = ( 0.00, 3.90, 0.00)
    Soft-r^4(d,a)=(-2.00, 0.10) at (x,y,z) = ( 0.00, 3.90, 1.30)
    Soft-r^4(d,a)=(-2.00, 0.10) at (x,y,z) = ( 0.00, 3.90, 2.60)
    Soft-r^4(d,a)=(-2.00, 0.10) at (x,y,z) = ( 0.00, 3.90, 3.90)
    Soft-r^4(d,a)=(-2.00, 0.10) at (x,y,z) = ( 0.00, 3.90, 5.20)
    Soft-r^4(d,a)=(-2.00, 0.10) at (x,y,z) = ( 0.00, 5.20, 0.00)
    Soft-r^4(d,a)=(-2.00, 0.10) at (x,y,z) = ( 0.00, 5.20, 1.30)
    Soft-r^4(d,a)=(-2.00, 0.10) at (x,y,z) = ( 0.00, 5.20, 2.60)
    Soft-r^4(d,a)=(-2.00, 0.10) at (x,y,z) = ( 0.00, 5.20, 3.90)
    Soft-r^4(d,a)=(-2.00, 0.10) at (x,y,z) = ( 0.00, 5.20, 5.20)
    Soft-r^4(d,a)=(-2.00, 0.10) at (x,y,z) = ( 1.30, 0.00, 0.00)
    Soft-r^4(d,a)=(-2.00, 0.10) at (x,y,z) = ( 1.30, 0.00, 1.30)
    Soft-r^4(d,a)=(-2.00, 0.10) at (x,y,z) = ( 1.30, 0.00, 2.60)
    Soft-r^4(d,a)=(-2.00, 0.10) at (x,y,z) = ( 1.30, 0.00, 3.90)
    Soft-r^4(d,a)=(-2.00, 0.10) at (x,y,z) = ( 1.30, 0.00, 5.20)
    Soft-r^4(d,a)=(-2.00, 0.10) at (x,y,z) = ( 1.30, 1.30, 0.00)
    Soft-r^4(d,a)=(-2.00, 0.10) at (x,y,z) = ( 1.30, 1.30, 1.30)
    Soft-r^4(d,a)=(-2.00, 0.10) at (x,y,z) = ( 1.30, 1.30, 2.60)
    Soft-r^4(d,a)=(-2.00, 0.10) at (x,y,z) = ( 1.30, 1.30, 3.90)
    Soft-r^4(d,a)=(-2.00, 0.10) at (x,y,z) = ( 1.30, 1.30, 5.20)
    Soft-r^4(d,a)=(-2.00, 0.10) at (x,y,z) = ( 1.30, 2.60, 0.00)
    Soft-r^4(d,a)=(-2.00, 0.10) at (x,y,z) = ( 1.30, 2.60, 1.30)
    Soft-r^4(d,a)=(-2.00, 0.10) at (x,y,z) = ( 1.30, 2.60, 2.60)
    Soft-r^4(d,a)=(-2.00, 0.10) at (x,y,z) = ( 1.30, 2.60, 3.90)
    Soft-r^4(d,a)=(-2.00, 0.10) at (x,y,z) = ( 1.30, 2.60, 5.20)
    Soft-r^4(d,a)=(-2.00, 0.10) at (x,y,z) = ( 1.30, 3.90, 0.00)
    Soft-r^4(d,a)=(-2.00, 0.10) at (x,y,z) = ( 1.30, 3.90, 1.30)
    Soft-r^4(d,a)=(-2.00, 0.10) at (x,y,z) = ( 1.30, 3.90, 2.60)
    Soft-r^4(d,a)=(-2.00, 0.10) at (x,y,z) = ( 1.30, 3.90, 3.90)
    Soft-r^4(d,a)=(-2.00, 0.10) at (x,y,z) = ( 1.30, 3.90, 5.20)
    Soft-r^4(d,a)=(-2.00, 0.10) at (x,y,z) = ( 1.30, 5.20, 0.00)
    Soft-r^4(d,a)=(-2.00, 0.10) at (x,y,z) = ( 1.30, 5.20, 1.30)
    Soft-r^4(d,a)=(-2.00, 0.10) at (x,y,z) = ( 1.30, 5.20, 2.60)
    Soft-r^4(d,a)=(-2.00, 0.10) at (x,y,z) = ( 1.30, 5.20, 3.90)
    Soft-r^4(d,a)=(-2.00, 0.10) at (x,y,z) = ( 1.30, 5.20, 5.20)
    Soft-r^4(d,a)=(-2.00, 0.10) at (x,y,z) = ( 2.60, 0.00, 0.00)
    Soft-r^4(d,a)=(-2.00, 0.10) at (x,y,z) = ( 2.60, 0.00, 1.30)
    Soft-r^4(d,a)=(-2.00, 0.10) at (x,y,z) = ( 2.60, 0.00, 2.60)
    Soft-r^4(d,a)=(-2.00, 0.10) at (x,y,z) = ( 2.60, 0.00, 3.90)
    Soft-r^4(d,a)=(-2.00, 0.10) at (x,y,z) = ( 2.60, 0.00, 5.20)
    Soft-r^4(d,a)=(-2.00, 0.10) at (x,y,z) = ( 2.60, 1.30, 0.00)
    Soft-r^4(d,a)=(-2.00, 0.10) at (x,y,z) = ( 2.60, 1.30, 1.30)
    Soft-r^4(d,a)=(-2.00, 0.10) at (x,y,z) = ( 2.60, 1.30, 2.60)
    Soft-r^4(d,a)=(-2.00, 0.10) at (x,y,z) = ( 2.60, 1.30, 3.90)
    Soft-r^4(d,a)=(-2.00, 0.10) at (x,y,z) = ( 2.60, 1.30, 5.20)
    Soft-r^4(d,a)=(-2.00, 0.10) at (x,y,z) = ( 2.60, 2.60, 0.00)
    Soft-r^4(d,a)=(-2.00, 0.10) at (x,y,z) = ( 2.60, 2.60, 1.30)
    Soft-r^4(d,a)=(-2.00, 0.10) at (x,y,z) = ( 2.60, 2.60, 2.60)
    Soft-r^4(d,a)=(-2.00, 0.10) at (x,y,z) = ( 2.60, 2.60, 3.90)
    Soft-r^4(d,a)=(-2.00, 0.10) at (x,y,z) = ( 2.60, 2.60, 5.20)
    Soft-r^4(d,a)=(-2.00, 0.10) at (x,y,z) = ( 2.60, 3.90, 0.00)
    Soft-r^4(d,a)=(-2.00, 0.10) at (x,y,z) = ( 2.60, 3.90, 1.30)
    Soft-r^4(d,a)=(-2.00, 0.10) at (x,y,z) = ( 2.60, 3.90, 2.60)
    Soft-r^4(d,a)=(-2.00, 0.10) at (x,y,z) = ( 2.60, 3.90, 3.90)
    Soft-r^4(d,a)=(-2.00, 0.10) at (x,y,z) = ( 2.60, 3.90, 5.20)
    Soft-r^4(d,a)=(-2.00, 0.10) at (x,y,z) = ( 2.60, 5.20, 0.00)
    Soft-r^4(d,a)=(-2.00, 0.10) at (x,y,z) = ( 2.60, 5.20, 1.30)
    Soft-r^4(d,a)=(-2.00, 0.10) at (x,y,z) = ( 2.60, 5.20, 2.60)
    Soft-r^4(d,a)=(-2.00, 0.10) at (x,y,z) = ( 2.60, 5.20, 3.90)
    Soft-r^4(d,a)=(-2.00, 0.10) at (x,y,z) = ( 2.60, 5.20, 5.20)
    Soft-r^4(d,a)=(-2.00, 0.10) at (x,y,z) = ( 3.90, 0.00, 0.00)
    Soft-r^4(d,a)=(-2.00, 0.10) at (x,y,z) = ( 3.90, 0.00, 1.30)
    Soft-r^4(d,a)=(-2.00, 0.10) at (x,y,z) = ( 3.90, 0.00, 2.60)
    Soft-r^4(d,a)=(-2.00, 0.10) at (x,y,z) = ( 3.90, 0.00, 3.90)
    Soft-r^4(d,a)=(-2.00, 0.10) at (x,y,z) = ( 3.90, 0.00, 5.20)
    Soft-r^4(d,a)=(-2.00, 0.10) at (x,y,z) = ( 3.90, 1.30, 0.00)
    Soft-r^4(d,a)=(-2.00, 0.10) at (x,y,z) = ( 3.90, 1.30, 1.30)
    Soft-r^4(d,a)=(-2.00, 0.10) at (x,y,z) = ( 3.90, 1.30, 2.60)
    Soft-r^4(d,a)=(-2.00, 0.10) at (x,y,z) = ( 3.90, 1.30, 3.90)
    Soft-r^4(d,a)=(-2.00, 0.10) at (x,y,z) = ( 3.90, 1.30, 5.20)
    Soft-r^4(d,a)=(-2.00, 0.10) at (x,y,z) = ( 3.90, 2.60, 0.00)
    Soft-r^4(d,a)=(-2.00, 0.10) at (x,y,z) = ( 3.90, 2.60, 1.30)
    Soft-r^4(d,a)=(-2.00, 0.10) at (x,y,z) = ( 3.90, 2.60, 2.60)
    Soft-r^4(d,a)=(-2.00, 0.10) at (x,y,z) = ( 3.90, 2.60, 3.90)
    Soft-r^4(d,a)=(-2.00, 0.10) at (x,y,z) = ( 3.90, 2.60, 5.20)
    Soft-r^4(d,a)=(-2.00, 0.10) at (x,y,z) = ( 3.90, 3.90, 0.00)
    Soft-r^4(d,a)=(-2.00, 0.10) at (x,y,z) = ( 3.90, 3.90, 1.30)
    Soft-r^4(d,a)=(-2.00, 0.10) at (x,y,z) = ( 3.90, 3.90, 2.60)
    Soft-r^4(d,a)=(-2.00, 0.10) at (x,y,z) = ( 3.90, 3.90, 3.90)
    Soft-r^4(d,a)=(-2.00, 0.10) at (x,y,z) = ( 3.90, 3.90, 5.20)
    Soft-r^4(d,a)=(-2.00, 0.10) at (x,y,z) = ( 3.90, 5.20, 0.00)
    Soft-r^4(d,a)=(-2.00, 0.10) at (x,y,z) = ( 3.90, 5.20, 1.30)
    Soft-r^4(d,a)=(-2.00, 0.10) at (x,y,z) = ( 3.90, 5.20, 2.60)
    Soft-r^4(d,a)=(-2.00, 0.10) at (x,y,z) = ( 3.90, 5.20, 3.90)
    Soft-r^4(d,a)=(-2.00, 0.10) at (x,y,z) = ( 3.90, 5.20, 5.20)
    Soft-r^4(d,a)=(-2.00, 0.10) at (x,y,z) = ( 5.20, 0.00, 0.00)
    Soft-r^4(d,a)=(-2.00, 0.10) at (x,y,z) = ( 5.20, 0.00, 1.30)
    Soft-r^4(d,a)=(-2.00, 0.10) at (x,y,z) = ( 5.20, 0.00, 2.60)
    Soft-r^4(d,a)=(-2.00, 0.10) at (x,y,z) = ( 5.20, 0.00, 3.90)
    Soft-r^4(d,a)=(-2.00, 0.10) at (x,y,z) = ( 5.20, 0.00, 5.20)
    Soft-r^4(d,a)=(-2.00, 0.10) at (x,y,z) = ( 5.20, 1.30, 0.00)
    Soft-r^4(d,a)=(-2.00, 0.10) at (x,y,z) = ( 5.20, 1.30, 1.30)
    Soft-r^4(d,a)=(-2.00, 0.10) at (x,y,z) = ( 5.20, 1.30, 2.60)
    Soft-r^4(d,a)=(-2.00, 0.10) at (x,y,z) = ( 5.20, 1.30, 3.90)
    Soft-r^4(d,a)=(-2.00, 0.10) at (x,y,z) = ( 5.20, 1.30, 5.20)
    Soft-r^4(d,a)=(-2.00, 0.10) at (x,y,z) = ( 5.20, 2.60, 0.00)
    Soft-r^4(d,a)=(-2.00, 0.10) at (x,y,z) = ( 5.20, 2.60, 1.30)
    Soft-r^4(d,a)=(-2.00, 0.10) at (x,y,z) = ( 5.20, 2.60, 2.60)
    Soft-r^4(d,a)=(-2.00, 0.10) at (x,y,z) = ( 5.20, 2.60, 3.90)
    Soft-r^4(d,a)=(-2.00, 0.10) at (x,y,z) = ( 5.20, 2.60, 5.20)
    Soft-r^4(d,a)=(-2.00, 0.10) at (x,y,z) = ( 5.20, 3.90, 0.00)
    Soft-r^4(d,a)=(-2.00, 0.10) at (x,y,z) = ( 5.20, 3.90, 1.30)
    Soft-r^4(d,a)=(-2.00, 0.10) at (x,y,z) = ( 5.20, 3.90, 2.60)
    Soft-r^4(d,a)=(-2.00, 0.10) at (x,y,z) = ( 5.20, 3.90, 3.90)
    Soft-r^4(d,a)=(-2.00, 0.10) at (x,y,z) = ( 5.20, 3.90, 5.20)
    Soft-r^4(d,a)=(-2.00, 0.10) at (x,y,z) = ( 5.20, 5.20, 0.00)
    Soft-r^4(d,a)=(-2.00, 0.10) at (x,y,z) = ( 5.20, 5.20, 1.30)
    Soft-r^4(d,a)=(-2.00, 0.10) at (x,y,z) = ( 5.20, 5.20, 2.60)
    Soft-r^4(d,a)=(-2.00, 0.10) at (x,y,z) = ( 5.20, 5.20, 3.90)
    Soft-r^4(d,a)=(-2.00, 0.10) at (x,y,z) = ( 5.20, 5.20, 5.20)


----GRAPH-CREATION-and-PARTITIONING----=======================================
      Setup: Max:   2.575, Sum: 164.797, Balance:   1.000
   Matching: Max:   2.919, Sum: 186.794, Balance:   1.000
Contraction: Max:   0.987, Sum:  63.145, Balance:   1.000
   InitPart: Max:   0.108, Sum:   6.898, Balance:   1.000
    Project: Max:   0.002, Sum:   0.109, Balance:   1.046
 Initialize: Max:   0.578, Sum:  36.964, Balance:   1.001
      K-way: Max:   2.149, Sum: 137.521, Balance:   1.000
      Remap: Max:   0.000, Sum:   0.025, Balance:   1.001
      Total: Max:   9.317, Sum: 596.275, Balance:   1.000
Final  64-way Cut: 17425839 	Balance: 1.050 

    Number of nodes:
         Rank0.........1.076E+04
         Averg.........1.029E+04
         Total.........6.585E+05
    Number of edges:
         Rank0.........3.423E+06
         Averg.........3.314E+06
         Total.........2.121E+08
    Memory usage.[MB]:
         Rank0.........5.239E+01
         Averg.........5.073E+01
         Total.........3.247E+03


----MATRIX-ALLOCATION----=====================================================
    Dimension of matrix H or S:
              Rank0..............1.076E+04 (10764)
              Averg..............1.029E+04       
              Total..............6.585E+05 (658503)
    Nonzero entries in H or S:
              Rank0..............3.433E+06 (3433451)
              Averg..............3.325E+06       
              Total..............2.128E+08 (212776173)
    Sparseness of H or S (fraction):
              Rank0..............4.844E-04
              Averg..............4.907E-04
    Sparseness of H or S (non-zero elemnts in a row):
              Rank0..............319.0
              Averg..............323.1
    Memory usage for H and S [MiB]:
              Rank0..............1.048E+02
              Averg..............1.015E+02
              Total..............6.493E+03


----ASSEMBLING----============================================================
..........10..........20..........30..........40..........50done
Assembling time = 108 [s]



----SOLVING----===============================================================
EPS Object: 64 MPI processes
  type: krylovschur
    Krylov-Schur: 50% of basis vectors kept after restart
  problem type: generalized symmetric eigenvalue problem
  extraction type: Rayleigh-Ritz
  selected portion of the spectrum: smallest real parts
  number of eigenvalues (nev): 100
  number of column vectors (ncv): 300
  maximum dimension of projected problem (mpd): 300
  maximum number of iterations: 1500
  tolerance: 0.0001
  convergence test: relative to the eigenvalue
  estimates of matrix norms (constant): norm(A)=1, norm(B)=1
IP Object: 64 MPI processes
  type: bilinear
  orthogonalization method: classical Gram-Schmidt
  orthogonalization refinement: if needed (eta: 0.7071)
  Matrix Object:   64 MPI processes
    type: mpiaij
    rows=658503, cols=658503
    total: nonzeros=212776173, allocated nonzeros=212776173
    total number of mallocs used during MatSetValues calls =0
      not using I-node (on process 0) routines
DS Object: 64 MPI processes
  type: hep
  solving the problem with: Implicit QR method (_steqr)
ST Object: 64 MPI processes
  type: shift
  shift: 0
  matrices A and B have same nonzero pattern
  KSP Object:  (st_)   64 MPI processes
    type: cg
    maximum iterations=10000
    using preconditioner applied to right hand side for initial guess
    tolerances:  relative=1e-05, absolute=1e-50, divergence=10000
    left preconditioning
    using nonzero initial guess
    using PRECONDITIONED norm type for convergence test
  PC Object:  (st_)   64 MPI processes
    type: asm
      Additive Schwarz: total subdomain blocks = 64, amount of overlap = 1
      Additive Schwarz: restriction/interpolation type - RESTRICT
      Local solve is same for all blocks, in the following KSP and PC objects:
    KSP Object:    (st_sub_)     1 MPI processes
      type: preonly
      maximum iterations=10000, initial guess is zero
      tolerances:  relative=1e-05, absolute=1e-50, divergence=10000
      left preconditioning
      using DEFAULT norm type for convergence test
    PC Object:    (st_sub_)     1 MPI processes
      type: icc
        0 levels of fill
        tolerance for zero pivot 2.22045e-14
        using Manteuffel shift
        matrix ordering: natural
      linear system matrix = precond matrix:
      Matrix Object:       1 MPI processes
        type: seqaij
        rows=20271, cols=20271
        total: nonzeros=5796285, allocated nonzeros=5796285
        total number of mallocs used during MatSetValues calls =0
          not using I-node routines
    linear system matrix = precond matrix:
    Matrix Object:     64 MPI processes
      type: mpiaij
      rows=658503, cols=658503
      total: nonzeros=212776173, allocated nonzeros=212776173
      total number of mallocs used during MatSetValues calls =0
        not using I-node (on process 0) routines


  1 EPS nconv=17 first unconverged value (error) -18.1115 (6.75915640e-02)
  2 EPS nconv=26 first unconverged value (error) -17.5952 (9.20352139e-04)
  3 EPS nconv=35 first unconverged value (error) -17.1015 (2.98120171e-03)
  4 EPS nconv=49 first unconverged value (error) -16.5761 (3.55446184e-03)
  5 EPS nconv=89 first unconverged value (error) -14.9789 (1.48781488e-04)
  6 EPS nconv=98 first unconverged value (error) -14.6138 (2.98785202e-03)
  7 EPS nconv=122 first unconverged value (error) -13.9413 (5.75392079e-04)

--------------------------------------------------------------
    Number of iterations of the method.............7
    Number of linear iterations of the method......4274
    Solution method................................krylovschur
    Number of requested eigenvalues................100
    Stopping condition: eps_tol....................1.000000E-04
    Stopping condition: eps_max_it.................1500
--------------------------------------------------------------


             EIGENVALUES            ERROR
====================================================
    0    -2.0323171671E+01     1.7521282263E-07
    1    -1.9740622848E+01     1.2058972731E-07
    2    -1.9740306932E+01     1.3914353847E-07
    3    -1.9740289194E+01     1.8451067625E-07
    4    -1.9242667833E+01     1.0712106714E-07
    5    -1.9227800917E+01     1.0591155873E-07
    6    -1.9227790457E+01     1.0295823636E-07
    7    -1.9167425572E+01     1.0468686933E-07
    8    -1.9167124047E+01     1.2893836442E-07
    9    -1.9167118047E+01     1.5888166255E-07
   10    -1.8665579238E+01     1.4944394693E-07
   11    -1.8664098894E+01     1.4029769557E-07
   12    -1.8664089227E+01     1.5051342615E-07
   13    -1.8655314505E+01     1.5107167857E-07
   14    -1.8655303360E+01     1.5562489775E-07
   15    -1.8653834229E+01     1.7698726304E-07
   16    -1.8603185431E+01     1.7385744018E-07
   17    -1.8169714762E+01     1.0815804662E-07
   18    -1.8154867903E+01     1.0415082700E-07
   19    -1.8154865250E+01     1.3058996523E-07
   20    -1.8097620979E+01     1.1525264757E-07
   21    -1.8094934653E+01     9.6069482709E-08
   22    -1.8094915969E+01     1.5302613272E-07
   23    -1.7637356756E+01     1.2251677170E-07
   24    -1.7635816501E+01     1.2834659137E-07
   25    -1.7635815524E+01     1.4110843448E-07
   26    -1.7597452549E+01     1.1506669746E-07
   27    -1.7594928165E+01     1.1134227468E-07
   28    -1.7594910688E+01     1.3766538190E-07
   29    -1.7511838394E+01     1.4210174902E-07
   30    -1.7507805827E+01     1.5543107022E-07
   31    -1.7507804815E+01     8.7608096062E-08
   32    -1.7112595073E+01     1.1599494589E-07
   33    -1.7111857164E+01     1.1787473841E-07
   34    -1.7111855246E+01     1.2236953418E-07
   35    -1.7102500923E+01     1.3632515838E-07
   36    -1.7091903953E+01     1.3651544620E-07
   37    -1.7091895694E+01     1.1234784966E-07
   38    -1.7090843884E+01     1.4486201239E-07
   39    -1.6980889316E+01     1.4204818318E-07
   40    -1.6978744854E+01     1.2618485142E-07
   41    -1.6978740012E+01     1.1736395019E-07
   42    -1.6967048353E+01     1.2317824310E-07
   43    -1.6967044790E+01     1.5860180970E-07
   44    -1.6965228796E+01     1.7106228989E-07
   45    -1.6604190795E+01     1.0839897471E-07
   46    -1.6597484234E+01     1.2863104416E-07
   47    -1.6597483740E+01     1.4369079835E-07
   48    -1.6596184143E+01     1.4421603269E-07
   49    -1.6577465438E+01     2.1747425361E-07
   50    -1.6577464437E+01     1.3926331250E-07
   51    -1.6570952496E+01     1.1434465822E-07
   52    -1.6564605352E+01     1.6431333652E-07
   53    -1.6564599245E+01     1.1497323008E-07
   54    -1.6480656843E+01     1.2749364584E-07
   55    -1.6472962296E+01     1.0809015013E-07
   56    -1.6472959856E+01     1.1651925642E-07
   57    -1.6456745256E+01     1.2920152778E-07
   58    -1.6438614427E+01     1.5349646582E-07
   59    -1.6438608214E+01     2.1715415557E-07
   60    -1.6437904370E+01     1.0010930209E-07
   61    -1.6437896722E+01     1.4103675000E-07
   62    -1.6429472444E+01     1.3316674003E-07
   63    -1.6081784636E+01     1.5009777481E-07
   64    -1.6072321609E+01     1.4718002111E-07
   65    -1.6072315401E+01     1.5668517090E-07
   66    -1.6052260216E+01     1.2108694460E-07
   67    -1.6052253277E+01     1.3260604675E-07
   68    -1.6037699025E+01     1.2867510872E-07
   69    -1.5956384701E+01     1.1025586015E-07
   70    -1.5943474535E+01     1.3225652238E-07
   71    -1.5943464719E+01     1.4004082446E-07
   72    -1.5909559461E+01     1.2585928316E-07
   73    -1.5909551876E+01     1.3391777548E-07
   74    -1.5901342664E+01     1.4738028552E-07
   75    -1.5582003313E+01     1.4974749378E-07
   76    -1.5539877420E+01     1.5436716978E-07
   77    -1.5539872776E+01     1.0674039649E-07
   78    -1.5449750533E+01     1.0859755233E-07
   79    -1.5400131153E+01     1.0771240129E-07
   80    -1.5400123296E+01     1.3811725136E-07
   81    -1.5247275605E+01     1.3022487905E-07
   82    -1.5245783600E+01     1.3379774400E-07
   83    -1.5245782096E+01     1.2909230208E-07
   84    -1.5116336872E+01     1.2570684523E-07
   85    -1.5114099525E+01     1.2170128189E-07
   86    -1.5114096585E+01     1.4540426274E-07
   87    -1.5112361611E+01     1.3224336627E-07
   88    -1.5112358380E+01     1.3458749083E-07
   89    -1.5110176649E+01     1.5611493656E-07
   90    -1.4983367025E+01     1.1165161171E-07
   91    -1.4978894348E+01     1.0051168351E-07
   92    -1.4978892194E+01     1.3960370279E-07
   93    -1.4771901984E+01     1.2480412719E-07
   94    -1.4740999288E+01     6.8489639162E-08
   95    -1.4740994835E+01     1.3345360852E-07
   96    -1.4634516781E+01     1.4253768916E-07
   97    -1.4624510237E+01     1.6918505423E-07
   98    -1.4624508413E+01     1.5700285252E-07
   99    -1.4608672553E+01     1.7502772890E-07
  100    -1.4608670962E+01     1.7791348373E-07
  101    -1.4598123241E+01     1.7630884199E-07
  102    -1.4553759831E+01     1.7357016498E-07
  103    -1.4550848876E+01     1.8671743231E-07
  104    -1.4550835073E+01     3.0467248257E-07
  105    -1.4495154135E+01     1.3760442593E-07
  106    -1.4475584974E+01     1.2216953838E-07
  107    -1.4475571301E+01     1.6849132557E-07
  108    -1.4258795417E+01     1.2210532185E-07
  109    -1.4224333954E+01     1.0764532607E-07
  110    -1.4224331754E+01     1.1548478345E-07
  111    -1.4129596330E+01     1.4099002002E-07
  112    -1.4114399142E+01     1.4599783822E-07
  113    -1.4114396319E+01     1.3083171624E-07
  114    -1.4080851814E+01     1.4181416718E-07
  115    -1.4080848411E+01     1.0529809037E-07
  116    -1.4066063509E+01     1.5007411952E-07
  117    -1.3999846352E+01     1.3243151589E-07
  118    -1.3986240399E+01     1.7766098143E-07
  119    -1.3984780216E+01     1.7885034433E-06
  120    -1.3984778542E+01     1.8095021773E-06
  121    -1.3941357529E+01     3.4224638166E-07


 TOTAL TIME = 2171 [s]
