===============================================================================
 RRRRR  SSSSS  H   H  RRRRR    Zbigniew ROMANOWSKI                             
 R   R  S      H   H  R   R                                                    
 RRRRR  SSSSS  HHHHH  RRRRR    version: 5.4                                    
 R  R       S  H   H  R  R                                                     
 R   R  SSSSS  H   H  R   R    compilation date: Dec  8 2012 (20:50:40)                       
===============================================================================

PEs = 128

----INITIALIZATION----========================================================
DOMAIN:
    BsplDeg = 3, CubatOrder = 5, CubatNodeNo = 125
    h = 5.000000E-01
    Nx = 90,    Ny = 90,   Nz = 90
    X0 = -2.000000E+01,    Xmax = 2.500000E+01
    Y0 = -2.000000E+01,    Ymax = 2.500000E+01
    Z0 = -2.000000E+01,    Zmax = 2.500000E+01

NUMBER OF 'ATOMS' = 125
    Soft-r^4(d,a)=(-2.00, 0.10) at (x,y,z) = ( 0.00, 0.00, 0.00)
    Soft-r^4(d,a)=(-2.00, 0.10) at (x,y,z) = ( 0.00, 0.00, 1.30)
    Soft-r^4(d,a)=(-2.00, 0.10) at (x,y,z) = ( 0.00, 0.00, 2.60)
    Soft-r^4(d,a)=(-2.00, 0.10) at (x,y,z) = ( 0.00, 0.00, 3.90)
    Soft-r^4(d,a)=(-2.00, 0.10) at (x,y,z) = ( 0.00, 0.00, 5.20)
    Soft-r^4(d,a)=(-2.00, 0.10) at (x,y,z) = ( 0.00, 1.30, 0.00)
    Soft-r^4(d,a)=(-2.00, 0.10) at (x,y,z) = ( 0.00, 1.30, 1.30)
    Soft-r^4(d,a)=(-2.00, 0.10) at (x,y,z) = ( 0.00, 1.30, 2.60)
    Soft-r^4(d,a)=(-2.00, 0.10) at (x,y,z) = ( 0.00, 1.30, 3.90)
    Soft-r^4(d,a)=(-2.00, 0.10) at (x,y,z) = ( 0.00, 1.30, 5.20)
    Soft-r^4(d,a)=(-2.00, 0.10) at (x,y,z) = ( 0.00, 2.60, 0.00)
    Soft-r^4(d,a)=(-2.00, 0.10) at (x,y,z) = ( 0.00, 2.60, 1.30)
    Soft-r^4(d,a)=(-2.00, 0.10) at (x,y,z) = ( 0.00, 2.60, 2.60)
    Soft-r^4(d,a)=(-2.00, 0.10) at (x,y,z) = ( 0.00, 2.60, 3.90)
    Soft-r^4(d,a)=(-2.00, 0.10) at (x,y,z) = ( 0.00, 2.60, 5.20)
    Soft-r^4(d,a)=(-2.00, 0.10) at (x,y,z) = ( 0.00, 3.90, 0.00)
    Soft-r^4(d,a)=(-2.00, 0.10) at (x,y,z) = ( 0.00, 3.90, 1.30)
    Soft-r^4(d,a)=(-2.00, 0.10) at (x,y,z) = ( 0.00, 3.90, 2.60)
    Soft-r^4(d,a)=(-2.00, 0.10) at (x,y,z) = ( 0.00, 3.90, 3.90)
    Soft-r^4(d,a)=(-2.00, 0.10) at (x,y,z) = ( 0.00, 3.90, 5.20)
    Soft-r^4(d,a)=(-2.00, 0.10) at (x,y,z) = ( 0.00, 5.20, 0.00)
    Soft-r^4(d,a)=(-2.00, 0.10) at (x,y,z) = ( 0.00, 5.20, 1.30)
    Soft-r^4(d,a)=(-2.00, 0.10) at (x,y,z) = ( 0.00, 5.20, 2.60)
    Soft-r^4(d,a)=(-2.00, 0.10) at (x,y,z) = ( 0.00, 5.20, 3.90)
    Soft-r^4(d,a)=(-2.00, 0.10) at (x,y,z) = ( 0.00, 5.20, 5.20)
    Soft-r^4(d,a)=(-2.00, 0.10) at (x,y,z) = ( 1.30, 0.00, 0.00)
    Soft-r^4(d,a)=(-2.00, 0.10) at (x,y,z) = ( 1.30, 0.00, 1.30)
    Soft-r^4(d,a)=(-2.00, 0.10) at (x,y,z) = ( 1.30, 0.00, 2.60)
    Soft-r^4(d,a)=(-2.00, 0.10) at (x,y,z) = ( 1.30, 0.00, 3.90)
    Soft-r^4(d,a)=(-2.00, 0.10) at (x,y,z) = ( 1.30, 0.00, 5.20)
    Soft-r^4(d,a)=(-2.00, 0.10) at (x,y,z) = ( 1.30, 1.30, 0.00)
    Soft-r^4(d,a)=(-2.00, 0.10) at (x,y,z) = ( 1.30, 1.30, 1.30)
    Soft-r^4(d,a)=(-2.00, 0.10) at (x,y,z) = ( 1.30, 1.30, 2.60)
    Soft-r^4(d,a)=(-2.00, 0.10) at (x,y,z) = ( 1.30, 1.30, 3.90)
    Soft-r^4(d,a)=(-2.00, 0.10) at (x,y,z) = ( 1.30, 1.30, 5.20)
    Soft-r^4(d,a)=(-2.00, 0.10) at (x,y,z) = ( 1.30, 2.60, 0.00)
    Soft-r^4(d,a)=(-2.00, 0.10) at (x,y,z) = ( 1.30, 2.60, 1.30)
    Soft-r^4(d,a)=(-2.00, 0.10) at (x,y,z) = ( 1.30, 2.60, 2.60)
    Soft-r^4(d,a)=(-2.00, 0.10) at (x,y,z) = ( 1.30, 2.60, 3.90)
    Soft-r^4(d,a)=(-2.00, 0.10) at (x,y,z) = ( 1.30, 2.60, 5.20)
    Soft-r^4(d,a)=(-2.00, 0.10) at (x,y,z) = ( 1.30, 3.90, 0.00)
    Soft-r^4(d,a)=(-2.00, 0.10) at (x,y,z) = ( 1.30, 3.90, 1.30)
    Soft-r^4(d,a)=(-2.00, 0.10) at (x,y,z) = ( 1.30, 3.90, 2.60)
    Soft-r^4(d,a)=(-2.00, 0.10) at (x,y,z) = ( 1.30, 3.90, 3.90)
    Soft-r^4(d,a)=(-2.00, 0.10) at (x,y,z) = ( 1.30, 3.90, 5.20)
    Soft-r^4(d,a)=(-2.00, 0.10) at (x,y,z) = ( 1.30, 5.20, 0.00)
    Soft-r^4(d,a)=(-2.00, 0.10) at (x,y,z) = ( 1.30, 5.20, 1.30)
    Soft-r^4(d,a)=(-2.00, 0.10) at (x,y,z) = ( 1.30, 5.20, 2.60)
    Soft-r^4(d,a)=(-2.00, 0.10) at (x,y,z) = ( 1.30, 5.20, 3.90)
    Soft-r^4(d,a)=(-2.00, 0.10) at (x,y,z) = ( 1.30, 5.20, 5.20)
    Soft-r^4(d,a)=(-2.00, 0.10) at (x,y,z) = ( 2.60, 0.00, 0.00)
    Soft-r^4(d,a)=(-2.00, 0.10) at (x,y,z) = ( 2.60, 0.00, 1.30)
    Soft-r^4(d,a)=(-2.00, 0.10) at (x,y,z) = ( 2.60, 0.00, 2.60)
    Soft-r^4(d,a)=(-2.00, 0.10) at (x,y,z) = ( 2.60, 0.00, 3.90)
    Soft-r^4(d,a)=(-2.00, 0.10) at (x,y,z) = ( 2.60, 0.00, 5.20)
    Soft-r^4(d,a)=(-2.00, 0.10) at (x,y,z) = ( 2.60, 1.30, 0.00)
    Soft-r^4(d,a)=(-2.00, 0.10) at (x,y,z) = ( 2.60, 1.30, 1.30)
    Soft-r^4(d,a)=(-2.00, 0.10) at (x,y,z) = ( 2.60, 1.30, 2.60)
    Soft-r^4(d,a)=(-2.00, 0.10) at (x,y,z) = ( 2.60, 1.30, 3.90)
    Soft-r^4(d,a)=(-2.00, 0.10) at (x,y,z) = ( 2.60, 1.30, 5.20)
    Soft-r^4(d,a)=(-2.00, 0.10) at (x,y,z) = ( 2.60, 2.60, 0.00)
    Soft-r^4(d,a)=(-2.00, 0.10) at (x,y,z) = ( 2.60, 2.60, 1.30)
    Soft-r^4(d,a)=(-2.00, 0.10) at (x,y,z) = ( 2.60, 2.60, 2.60)
    Soft-r^4(d,a)=(-2.00, 0.10) at (x,y,z) = ( 2.60, 2.60, 3.90)
    Soft-r^4(d,a)=(-2.00, 0.10) at (x,y,z) = ( 2.60, 2.60, 5.20)
    Soft-r^4(d,a)=(-2.00, 0.10) at (x,y,z) = ( 2.60, 3.90, 0.00)
    Soft-r^4(d,a)=(-2.00, 0.10) at (x,y,z) = ( 2.60, 3.90, 1.30)
    Soft-r^4(d,a)=(-2.00, 0.10) at (x,y,z) = ( 2.60, 3.90, 2.60)
    Soft-r^4(d,a)=(-2.00, 0.10) at (x,y,z) = ( 2.60, 3.90, 3.90)
    Soft-r^4(d,a)=(-2.00, 0.10) at (x,y,z) = ( 2.60, 3.90, 5.20)
    Soft-r^4(d,a)=(-2.00, 0.10) at (x,y,z) = ( 2.60, 5.20, 0.00)
    Soft-r^4(d,a)=(-2.00, 0.10) at (x,y,z) = ( 2.60, 5.20, 1.30)
    Soft-r^4(d,a)=(-2.00, 0.10) at (x,y,z) = ( 2.60, 5.20, 2.60)
    Soft-r^4(d,a)=(-2.00, 0.10) at (x,y,z) = ( 2.60, 5.20, 3.90)
    Soft-r^4(d,a)=(-2.00, 0.10) at (x,y,z) = ( 2.60, 5.20, 5.20)
    Soft-r^4(d,a)=(-2.00, 0.10) at (x,y,z) = ( 3.90, 0.00, 0.00)
    Soft-r^4(d,a)=(-2.00, 0.10) at (x,y,z) = ( 3.90, 0.00, 1.30)
    Soft-r^4(d,a)=(-2.00, 0.10) at (x,y,z) = ( 3.90, 0.00, 2.60)
    Soft-r^4(d,a)=(-2.00, 0.10) at (x,y,z) = ( 3.90, 0.00, 3.90)
    Soft-r^4(d,a)=(-2.00, 0.10) at (x,y,z) = ( 3.90, 0.00, 5.20)
    Soft-r^4(d,a)=(-2.00, 0.10) at (x,y,z) = ( 3.90, 1.30, 0.00)
    Soft-r^4(d,a)=(-2.00, 0.10) at (x,y,z) = ( 3.90, 1.30, 1.30)
    Soft-r^4(d,a)=(-2.00, 0.10) at (x,y,z) = ( 3.90, 1.30, 2.60)
    Soft-r^4(d,a)=(-2.00, 0.10) at (x,y,z) = ( 3.90, 1.30, 3.90)
    Soft-r^4(d,a)=(-2.00, 0.10) at (x,y,z) = ( 3.90, 1.30, 5.20)
    Soft-r^4(d,a)=(-2.00, 0.10) at (x,y,z) = ( 3.90, 2.60, 0.00)
    Soft-r^4(d,a)=(-2.00, 0.10) at (x,y,z) = ( 3.90, 2.60, 1.30)
    Soft-r^4(d,a)=(-2.00, 0.10) at (x,y,z) = ( 3.90, 2.60, 2.60)
    Soft-r^4(d,a)=(-2.00, 0.10) at (x,y,z) = ( 3.90, 2.60, 3.90)
    Soft-r^4(d,a)=(-2.00, 0.10) at (x,y,z) = ( 3.90, 2.60, 5.20)
    Soft-r^4(d,a)=(-2.00, 0.10) at (x,y,z) = ( 3.90, 3.90, 0.00)
    Soft-r^4(d,a)=(-2.00, 0.10) at (x,y,z) = ( 3.90, 3.90, 1.30)
    Soft-r^4(d,a)=(-2.00, 0.10) at (x,y,z) = ( 3.90, 3.90, 2.60)
    Soft-r^4(d,a)=(-2.00, 0.10) at (x,y,z) = ( 3.90, 3.90, 3.90)
    Soft-r^4(d,a)=(-2.00, 0.10) at (x,y,z) = ( 3.90, 3.90, 5.20)
    Soft-r^4(d,a)=(-2.00, 0.10) at (x,y,z) = ( 3.90, 5.20, 0.00)
    Soft-r^4(d,a)=(-2.00, 0.10) at (x,y,z) = ( 3.90, 5.20, 1.30)
    Soft-r^4(d,a)=(-2.00, 0.10) at (x,y,z) = ( 3.90, 5.20, 2.60)
    Soft-r^4(d,a)=(-2.00, 0.10) at (x,y,z) = ( 3.90, 5.20, 3.90)
    Soft-r^4(d,a)=(-2.00, 0.10) at (x,y,z) = ( 3.90, 5.20, 5.20)
    Soft-r^4(d,a)=(-2.00, 0.10) at (x,y,z) = ( 5.20, 0.00, 0.00)
    Soft-r^4(d,a)=(-2.00, 0.10) at (x,y,z) = ( 5.20, 0.00, 1.30)
    Soft-r^4(d,a)=(-2.00, 0.10) at (x,y,z) = ( 5.20, 0.00, 2.60)
    Soft-r^4(d,a)=(-2.00, 0.10) at (x,y,z) = ( 5.20, 0.00, 3.90)
    Soft-r^4(d,a)=(-2.00, 0.10) at (x,y,z) = ( 5.20, 0.00, 5.20)
    Soft-r^4(d,a)=(-2.00, 0.10) at (x,y,z) = ( 5.20, 1.30, 0.00)
    Soft-r^4(d,a)=(-2.00, 0.10) at (x,y,z) = ( 5.20, 1.30, 1.30)
    Soft-r^4(d,a)=(-2.00, 0.10) at (x,y,z) = ( 5.20, 1.30, 2.60)
    Soft-r^4(d,a)=(-2.00, 0.10) at (x,y,z) = ( 5.20, 1.30, 3.90)
    Soft-r^4(d,a)=(-2.00, 0.10) at (x,y,z) = ( 5.20, 1.30, 5.20)
    Soft-r^4(d,a)=(-2.00, 0.10) at (x,y,z) = ( 5.20, 2.60, 0.00)
    Soft-r^4(d,a)=(-2.00, 0.10) at (x,y,z) = ( 5.20, 2.60, 1.30)
    Soft-r^4(d,a)=(-2.00, 0.10) at (x,y,z) = ( 5.20, 2.60, 2.60)
    Soft-r^4(d,a)=(-2.00, 0.10) at (x,y,z) = ( 5.20, 2.60, 3.90)
    Soft-r^4(d,a)=(-2.00, 0.10) at (x,y,z) = ( 5.20, 2.60, 5.20)
    Soft-r^4(d,a)=(-2.00, 0.10) at (x,y,z) = ( 5.20, 3.90, 0.00)
    Soft-r^4(d,a)=(-2.00, 0.10) at (x,y,z) = ( 5.20, 3.90, 1.30)
    Soft-r^4(d,a)=(-2.00, 0.10) at (x,y,z) = ( 5.20, 3.90, 2.60)
    Soft-r^4(d,a)=(-2.00, 0.10) at (x,y,z) = ( 5.20, 3.90, 3.90)
    Soft-r^4(d,a)=(-2.00, 0.10) at (x,y,z) = ( 5.20, 3.90, 5.20)
    Soft-r^4(d,a)=(-2.00, 0.10) at (x,y,z) = ( 5.20, 5.20, 0.00)
    Soft-r^4(d,a)=(-2.00, 0.10) at (x,y,z) = ( 5.20, 5.20, 1.30)
    Soft-r^4(d,a)=(-2.00, 0.10) at (x,y,z) = ( 5.20, 5.20, 2.60)
    Soft-r^4(d,a)=(-2.00, 0.10) at (x,y,z) = ( 5.20, 5.20, 3.90)
    Soft-r^4(d,a)=(-2.00, 0.10) at (x,y,z) = ( 5.20, 5.20, 5.20)


----GRAPH-CREATION-and-PARTITIONING----=======================================
      Setup: Max:   1.378, Sum: 176.443, Balance:   1.000
   Matching: Max:   1.310, Sum: 167.632, Balance:   1.000
Contraction: Max:   0.674, Sum:  86.257, Balance:   1.000
   InitPart: Max:   0.161, Sum:  20.552, Balance:   1.000
    Project: Max:   0.002, Sum:   0.192, Balance:   1.039
 Initialize: Max:   0.306, Sum:  39.081, Balance:   1.001
      K-way: Max:   1.284, Sum: 164.310, Balance:   1.000
      Remap: Max:   0.000, Sum:   0.060, Balance:   1.001
      Total: Max:   5.114, Sum: 654.564, Balance:   1.000
Final 128-way Cut: 22985474 	Balance: 1.050 

    Number of nodes:
         Rank0.........5.350E+03
         Averg.........5.145E+03
         Total.........6.585E+05
    Number of edges:
         Rank0.........1.680E+06
         Averg.........1.657E+06
         Total.........2.121E+08
    Memory usage.[MB]:
         Rank0.........2.572E+01
         Averg.........2.536E+01
         Total.........3.247E+03


----MATRIX-ALLOCATION----=====================================================
    Dimension of matrix H or S:
              Rank0..............5.350E+03 (5350)
              Averg..............5.145E+03       
              Total..............6.585E+05 (658503)
    Nonzero entries in H or S:
              Rank0..............1.686E+06 (1685649)
              Averg..............1.662E+06       
              Total..............2.128E+08 (212776173)
    Sparseness of H or S (fraction):
              Rank0..............4.785E-04
              Averg..............4.907E-04
    Sparseness of H or S (non-zero elemnts in a row):
              Rank0..............315.1
              Averg..............323.1
    Memory usage for H and S [MiB]:
              Rank0..............5.144E+01
              Averg..............5.073E+01
              Total..............6.493E+03


----ASSEMBLING----============================================================
..........10..........20..........30..........40..........50done
Assembling time = 56 [s]



----SOLVING----===============================================================
EPS Object: 128 MPI processes
  type: krylovschur
    Krylov-Schur: 50% of basis vectors kept after restart
  problem type: generalized symmetric eigenvalue problem
  extraction type: Rayleigh-Ritz
  selected portion of the spectrum: smallest real parts
  number of eigenvalues (nev): 1000
  number of column vectors (ncv): 2000
  maximum dimension of projected problem (mpd): 2000
  maximum number of iterations: 1500
  tolerance: 0.0001
  convergence test: relative to the eigenvalue
  estimates of matrix norms (constant): norm(A)=1, norm(B)=1
IP Object: 128 MPI processes
  type: bilinear
  orthogonalization method: classical Gram-Schmidt
  orthogonalization refinement: if needed (eta: 0.7071)
  Matrix Object:   128 MPI processes
    type: mpiaij
    rows=658503, cols=658503
    total: nonzeros=212776173, allocated nonzeros=212776173
    total number of mallocs used during MatSetValues calls =0
      not using I-node (on process 0) routines
DS Object: 128 MPI processes
  type: hep
  solving the problem with: Implicit QR method (_steqr)
ST Object: 128 MPI processes
  type: shift
  shift: 0
  matrices A and B have same nonzero pattern
  KSP Object:  (st_)   128 MPI processes
    type: cg
    maximum iterations=10000
    using preconditioner applied to right hand side for initial guess
    tolerances:  relative=1e-05, absolute=1e-50, divergence=10000
    left preconditioning
    using nonzero initial guess
    using PRECONDITIONED norm type for convergence test
  PC Object:  (st_)   128 MPI processes
    type: asm
      Additive Schwarz: total subdomain blocks = 128, amount of overlap = 1
      Additive Schwarz: restriction/interpolation type - RESTRICT
      Local solve is same for all blocks, in the following KSP and PC objects:
    KSP Object:    (st_sub_)     1 MPI processes
      type: preonly
      maximum iterations=10000, initial guess is zero
      tolerances:  relative=1e-05, absolute=1e-50, divergence=10000
      left preconditioning
      using DEFAULT norm type for convergence test
    PC Object:    (st_sub_)     1 MPI processes
      type: icc
        0 levels of fill
        tolerance for zero pivot 2.22045e-14
        using Manteuffel shift
        matrix ordering: natural
      linear system matrix = precond matrix:
      Matrix Object:       1 MPI processes
        type: seqaij
        rows=12654, cols=12654
        total: nonzeros=3470082, allocated nonzeros=3470082
        total number of mallocs used during MatSetValues calls =0
          not using I-node routines
    linear system matrix = precond matrix:
    Matrix Object:     128 MPI processes
      type: mpiaij
      rows=658503, cols=658503
      total: nonzeros=212776173, allocated nonzeros=212776173
      total number of mallocs used during MatSetValues calls =0
        not using I-node (on process 0) routines


  1 EPS nconv=333 first unconverged value (error) -8.1538 (2.58855931e-02)
  2 EPS nconv=518 first unconverged value (error) -4.89865 (1.91478202e-03)
  3 EPS nconv=708 first unconverged value (error) -2.15583 (1.59943186e-04)
  4 EPS nconv=833 first unconverged value (error) -0.732431 (3.36357194e-02)
  5 EPS nconv=882 first unconverged value (error) -0.313594 (2.00952297e-04)
  6 EPS nconv=930 first unconverged value (error) -0.0147525 (7.34864261e-01)
  7 EPS nconv=936 first unconverged value (error) 0.00962994 (6.19431012e-01)
  8 EPS nconv=938 first unconverged value (error) 0.0136754 (4.82363185e-04)
  9 EPS nconv=951 first unconverged value (error) 0.0299655 (5.00048245e-04)
 10 EPS nconv=956 first unconverged value (error) 0.0386863 (5.43848606e-04)
 11 EPS nconv=964 first unconverged value (error) 0.042961 (1.90696017e-04)
 12 EPS nconv=970 first unconverged value (error) 0.0489661 (6.37364417e-04)
 13 EPS nconv=986 first unconverged value (error) 0.062708 (2.00724938e-04)
 14 EPS nconv=997 first unconverged value (error) 0.0697734 (1.22035039e-02)
 15 EPS nconv=1012 first unconverged value (error) 0.0822487 (2.20486750e-04)

--------------------------------------------------------------
    Number of iterations of the method.............15
    Number of linear iterations of the method......40208
    Solution method................................krylovschur
    Number of requested eigenvalues................1000
    Stopping condition: eps_tol....................1.000000E-04
    Stopping condition: eps_max_it.................1500
--------------------------------------------------------------


             EIGENVALUES            ERROR
====================================================
    0    -2.0323192868E+01     1.3490391735E-07
    1    -1.9740638156E+01     1.3781842258E-07
    2    -1.9740313501E+01     9.2085433494E-08
    3    -1.9740305916E+01     8.1227365893E-08
    4    -1.9242665551E+01     1.3317495856E-07
    5    -1.9227804572E+01     1.1771834701E-07
    6    -1.9227788065E+01     1.1639090073E-07
    7    -1.9167433052E+01     8.8986134971E-08
    8    -1.9167132181E+01     9.4745957906E-08
    9    -1.9167126830E+01     7.3259023482E-08
   10    -1.8665585360E+01     1.0676298158E-07
   11    -1.8664102848E+01     6.5508896509E-08
   12    -1.8664092078E+01     1.3050654557E-07
   13    -1.8655316171E+01     6.7406792092E-08
   14    -1.8655305825E+01     1.1494917777E-07
   15    -1.8653849285E+01     8.7432985096E-08
   16    -1.8603200174E+01     8.0009421249E-08
   17    -1.8169726045E+01     1.1044026133E-07
   18    -1.8154865852E+01     8.0337428372E-08
   19    -1.8154855926E+01     1.2871477092E-07
   20    -1.8097624101E+01     6.4037414233E-08
   21    -1.8094932163E+01     9.8571191979E-08
   22    -1.8094929685E+01     6.9641533115E-08
   23    -1.7637351972E+01     8.4150983602E-08
   24    -1.7635814872E+01     1.1968734293E-07
   25    -1.7635813876E+01     1.2897175476E-07
   26    -1.7597455768E+01     7.1721931508E-08
   27    -1.7594928685E+01     8.3443407709E-08
   28    -1.7594924379E+01     9.0912145150E-08
   29    -1.7511837509E+01     8.1596658818E-08
   30    -1.7507807097E+01     5.9675064345E-08
   31    -1.7507805348E+01     8.2453660695E-08
   32    -1.7112595888E+01     1.2698475559E-07
   33    -1.7111860041E+01     1.1859872366E-07
   34    -1.7111857086E+01     1.3227387196E-07
   35    -1.7102499574E+01     7.9691229585E-08
   36    -1.7091904402E+01     1.1002973773E-07
   37    -1.7091902093E+01     1.1358516324E-07
   38    -1.7090852996E+01     1.0640479244E-07
   39    -1.6980892598E+01     7.4713923547E-08
   40    -1.6978743183E+01     6.4679368430E-08
   41    -1.6978737080E+01     9.2521473490E-08
   42    -1.6967051164E+01     6.2567390693E-08
   43    -1.6967047022E+01     7.9230673114E-08
   44    -1.6965223015E+01     7.1828581669E-08
   45    -1.6604193909E+01     8.5012947677E-08
   46    -1.6597490418E+01     1.3011013266E-07
   47    -1.6597486951E+01     1.5393821797E-07
   48    -1.6596179381E+01     1.0041542388E-07
   49    -1.6577468333E+01     1.3416728119E-07
   50    -1.6577461840E+01     1.2141623998E-07
   51    -1.6570954736E+01     1.6474203621E-07
   52    -1.6564602074E+01     1.1520963209E-07
   53    -1.6564586874E+01     1.3800398020E-07
   54    -1.6480659695E+01     1.1447252607E-07
   55    -1.6472963996E+01     7.8219734231E-08
   56    -1.6472958172E+01     7.3678825269E-08
   57    -1.6456748449E+01     7.3504725906E-08
   58    -1.6438614519E+01     5.7995674053E-08
   59    -1.6438608028E+01     8.9328871826E-08
   60    -1.6437903414E+01     7.5450668280E-08
   61    -1.6437900403E+01     6.9594741024E-08
   62    -1.6429470446E+01     8.5405624176E-08
   63    -1.6081790022E+01     9.2610190025E-08
   64    -1.6072321773E+01     1.3202495050E-07
   65    -1.6072309916E+01     1.1112986812E-07
   66    -1.6052257572E+01     9.0235718610E-08
   67    -1.6052253495E+01     8.1776448321E-08
   68    -1.6037693397E+01     1.1271925827E-07
   69    -1.5956385290E+01     8.2301599250E-08
   70    -1.5943469173E+01     6.3164876182E-08
   71    -1.5943465442E+01     8.1386554587E-08
   72    -1.5909559822E+01     7.2124936829E-08
   73    -1.5909558357E+01     7.4101759285E-08
   74    -1.5901343449E+01     8.6238903845E-08
   75    -1.5582002791E+01     9.5187463946E-08
   76    -1.5539875779E+01     1.1011330291E-07
   77    -1.5539868152E+01     1.1153709174E-07
   78    -1.5449753359E+01     7.4816329310E-08
   79    -1.5400128897E+01     5.5101648019E-08
   80    -1.5400126111E+01     9.1520025613E-08
   81    -1.5247278461E+01     6.6089984113E-08
   82    -1.5245786541E+01     7.3981670806E-08
   83    -1.5245785631E+01     6.2074681033E-08
   84    -1.5116339383E+01     9.3673929561E-08
   85    -1.5114101197E+01     1.0397660055E-07
   86    -1.5114099542E+01     7.8660457354E-08
   87    -1.5112365273E+01     6.9792221668E-08
   88    -1.5112359240E+01     9.6873779031E-08
   89    -1.5110178883E+01     8.6725215334E-08
   90    -1.4983362788E+01     9.1207942354E-08
   91    -1.4978895834E+01     6.3209058085E-08
   92    -1.4978889295E+01     9.0512128637E-08
   93    -1.4771902567E+01     7.1130869549E-08
   94    -1.4740997218E+01     7.3764067013E-08
   95    -1.4740997071E+01     8.6532008760E-08
   96    -1.4634517414E+01     7.5766804069E-08
   97    -1.4624513468E+01     7.0139622110E-08
   98    -1.4624505200E+01     1.0767046075E-07
   99    -1.4608676095E+01     7.4827199890E-08
  100    -1.4608668914E+01     9.7718934944E-08
  101    -1.4598121873E+01     8.9585148025E-08
  102    -1.4553755123E+01     1.0154766136E-07
  103    -1.4550844155E+01     7.6127534502E-08
  104    -1.4550838356E+01     7.0215104156E-08
  105    -1.4495158782E+01     7.5857811821E-08
  106    -1.4475586327E+01     6.0478592849E-08
  107    -1.4475584326E+01     6.9107810937E-08
  108    -1.4258791177E+01     7.6289163919E-08
  109    -1.4224335798E+01     8.5292989464E-08
  110    -1.4224328959E+01     8.0723570427E-08
  111    -1.4129600379E+01     1.1685501353E-07
  112    -1.4114396113E+01     6.1515565994E-08
  113    -1.4114394625E+01     8.5958301676E-08
  114    -1.4080850317E+01     8.2421697556E-08
  115    -1.4080849104E+01     8.7086275409E-08
  116    -1.4066059564E+01     8.7757216359E-08
  117    -1.3999849990E+01     1.1952862128E-07
  118    -1.3986244816E+01     8.4044151940E-08
  119    -1.3984785532E+01     1.0217528482E-07
  120    -1.3984782073E+01     9.7265760808E-08
  121    -1.3941358446E+01     1.3331084873E-07
  122    -1.3941354438E+01     7.7666836287E-08
  123    -1.3938645552E+01     1.0360397953E-07
  124    -1.3938644611E+01     7.9234230900E-08
  125    -1.3937131789E+01     9.3374572850E-08
  126    -1.3425216132E+01     8.1249155369E-08
  127    -1.3410560450E+01     1.0805086826E-07
  128    -1.3408676070E+01     8.2175480318E-08
  129    -1.3408674668E+01     1.0525543550E-07
  130    -1.3398987929E+01     1.0011444948E-07
  131    -1.3398981442E+01     1.0072325272E-07
  132    -1.3397254238E+01     1.0001344461E-07
  133    -1.3358863726E+01     1.2490636313E-07
  134    -1.3358856781E+01     9.7716439524E-08
  135    -1.3137993843E+01     7.2123579781E-08
  136    -1.3089731324E+01     6.2281538923E-08
  137    -1.3074855900E+01     1.2149057589E-07
  138    -1.3074850913E+01     1.0149581778E-07
  139    -1.2954076010E+01     7.4413917225E-08
  140    -1.2950905587E+01     4.8539549275E-08
  141    -1.2950903640E+01     7.7619803416E-08
  142    -1.2847047856E+01     1.0556171373E-07
  143    -1.2844960294E+01     9.9052349987E-08
  144    -1.2844958109E+01     9.7682089160E-08
  145    -1.2816326532E+01     9.4436972978E-08
  146    -1.2813107910E+01     6.3283774076E-08
  147    -1.2813106657E+01     9.2522731521E-08
  148    -1.2803449782E+01     9.7486720678E-08
  149    -1.2803447196E+01     1.2522148984E-07
  150    -1.2801495463E+01     1.1938514354E-07
  151    -1.2676413947E+01     6.9990000152E-08
  152    -1.2539774907E+01     1.2369402553E-07
  153    -1.2539156211E+01     7.9034216093E-08
  154    -1.2539147928E+01     1.0837581583E-07
  155    -1.2498760452E+01     1.1361394261E-07
  156    -1.2498754002E+01     1.0377808983E-07
  157    -1.2497960184E+01     9.1173259974E-08
  158    -1.2278152526E+01     1.2582612731E-07
  159    -1.2277670268E+01     1.1144391083E-07
  160    -1.2277662034E+01     1.2169153504E-07
  161    -1.2042416710E+01     1.0895898261E-07
  162    -1.2013108026E+01     1.1719455525E-07
  163    -1.2013106706E+01     8.0769323285E-08
  164    -1.1979776006E+01     1.7969788062E-07
  165    -1.1978200679E+01     1.6168670155E-07
  166    -1.1978194985E+01     1.5997287324E-07
  167    -1.1951877104E+01     9.0307952893E-08
  168    -1.1950749974E+01     9.3118479432E-08
  169    -1.1950747768E+01     8.3440089412E-08
  170    -1.1909911800E+01     8.6165702699E-08
  171    -1.1909908448E+01     8.5622918347E-08
  172    -1.1874408430E+01     1.2905904469E-07
  173    -1.1834181140E+01     1.5841493613E-07
  174    -1.1834177651E+01     1.5861693840E-07
  175    -1.1831472505E+01     1.7775286580E-07
  176    -1.1776616307E+01     9.9527173732E-08
  177    -1.1772630961E+01     1.2667433981E-07
  178    -1.1772628954E+01     1.1196664160E-07
  179    -1.1747817941E+01     8.6003270882E-08
  180    -1.1747817480E+01     8.4311991317E-08
  181    -1.1744936399E+01     7.6319739258E-08
  182    -1.1460351962E+01     1.4240335683E-07
  183    -1.1456125093E+01     9.3899640024E-08
  184    -1.1453774747E+01     9.7109333289E-08
  185    -1.1453771692E+01     1.1109901017E-07
  186    -1.1415857595E+01     2.1068845826E-07
  187    -1.1415851859E+01     1.5742405826E-07
  188    -1.1350658469E+01     1.3614353384E-07
  189    -1.1350615106E+01     7.1077506337E-08
  190    -1.1350607555E+01     9.3006081718E-08
  191    -1.1333911331E+01     9.2750385499E-08
  192    -1.1333908363E+01     1.0946248610E-07
  193    -1.1331539389E+01     8.1724598006E-08
  194    -1.1306389235E+01     1.7825678443E-07
  195    -1.1306386669E+01     1.6785408593E-07
  196    -1.1266531734E+01     2.1616255094E-07
  197    -1.1247535513E+01     1.0350428697E-07
  198    -1.1227846980E+01     1.1409721977E-07
  199    -1.1227843386E+01     1.4476977321E-07
  200    -1.1210815614E+01     1.1465757412E-07
  201    -1.1210813444E+01     1.1175362805E-07
  202    -1.1172018730E+01     1.0850819424E-07
  203    -1.0956556465E+01     1.1880445761E-07
  204    -1.0882313106E+01     1.0879768324E-07
  205    -1.0882128045E+01     8.7152014251E-08
  206    -1.0882120630E+01     1.1169660209E-07
  207    -1.0868601710E+01     2.3402401706E-07
  208    -1.0861906428E+01     1.5002242300E-07
  209    -1.0861904309E+01     2.2881139294E-07
  210    -1.0793677762E+01     1.2266959101E-07
  211    -1.0793673230E+01     7.9994493993E-08
  212    -1.0758250654E+01     1.9535554179E-07
  213    -1.0758249673E+01     1.9806566667E-07
  214    -1.0720791175E+01     2.0730773457E-07
  215    -1.0712862370E+01     1.2363029769E-07
  216    -1.0673301718E+01     1.4079095297E-07
  217    -1.0673299378E+01     1.2600392094E-07
  218    -1.0668531514E+01     1.0788525398E-07
  219    -1.0668190718E+01     9.6571952455E-08
  220    -1.0668188816E+01     1.1349025971E-07
  221    -1.0626935216E+01     1.2070960606E-07
  222    -1.0626932481E+01     1.2774786312E-07
  223    -1.0617568512E+01     1.1317041948E-07
  224    -1.0536818950E+01     1.0619009368E-07
  225    -1.0524787750E+01     1.5988457448E-07
  226    -1.0524784057E+01     1.5106767347E-07
  227    -1.0501746030E+01     1.4727083329E-07
  228    -1.0501740464E+01     1.8619284224E-07
  229    -1.0489239448E+01     1.3750560588E-07
  230    -1.0442150542E+01     1.0603680288E-07
  231    -1.0419922843E+01     8.1768472559E-08
  232    -1.0419920216E+01     9.6760090555E-08
  233    -1.0412100378E+01     9.7195592326E-08
  234    -1.0332292125E+01     1.0897805943E-07
  235    -1.0332290530E+01     1.0695349281E-07
  236    -1.0308347071E+01     1.1422238842E-07
  237    -1.0220315853E+01     9.6241467075E-08
  238    -1.0218987050E+01     1.0500010048E-07
  239    -1.0218985213E+01     1.1034368733E-07
  240    -1.0207815138E+01     8.2581870125E-08
  241    -1.0207810571E+01     1.3071290562E-07
  242    -1.0206470723E+01     1.2112782840E-07
  243    -1.0109371962E+01     1.0774791217E-07
  244    -1.0109369046E+01     1.1646205410E-07
  245    -1.0003459978E+01     1.5508840879E-07
  246    -9.9950155649E+00     1.2082340940E-07
  247    -9.9950129276E+00     1.3738848269E-07
  248    -9.9704094197E+00     1.4093478329E-07
  249    -9.9704062949E+00     1.5629969559E-07
  250    -9.9529458768E+00     1.2041745913E-07
  251    -9.9017289147E+00     9.8041411214E-08
  252    -9.8867808699E+00     9.2164114127E-08
  253    -9.8867788980E+00     1.0558216568E-07
  254    -9.7969041793E+00     1.1798472930E-07
  255    -9.7969031223E+00     1.2215508566E-07
  256    -9.7917124193E+00     1.1927768211E-07
  257    -9.7415183781E+00     1.1746392501E-07
  258    -9.7384635267E+00     9.4937563893E-08
  259    -9.7384624538E+00     1.2366462418E-07
  260    -9.7108981419E+00     1.0047131001E-07
  261    -9.6473517400E+00     1.3905339095E-07
  262    -9.5608223034E+00     1.0553433619E-07
  263    -9.5608183763E+00     1.3495833077E-07
  264    -9.5576016483E+00     1.1809962864E-07
  265    -9.5168912237E+00     1.5080057665E-07
  266    -9.4777604161E+00     1.2852204117E-07
  267    -9.4777575174E+00     1.5401858262E-07
  268    -9.4709046837E+00     1.9534344660E-07
  269    -9.4709019860E+00     1.3795241027E-07
  270    -9.4520155697E+00     1.1005701420E-07
  271    -9.4195832459E+00     1.0710086194E-07
  272    -9.4135680527E+00     9.9592773195E-08
  273    -9.4135644686E+00     1.6078234731E-07
  274    -9.3701433503E+00     1.7818083495E-07
  275    -9.3701421339E+00     1.5130591810E-07
  276    -9.3597814914E+00     9.0163102579E-08
  277    -9.3597750230E+00     1.3676757372E-07
  278    -9.3462603704E+00     1.5106186321E-07
  279    -9.3310187512E+00     1.2051739004E-07
  280    -9.3310167858E+00     1.3566850453E-07
  281    -9.3092017254E+00     1.2063996092E-07
  282    -9.3039948052E+00     1.1393632720E-07
  283    -9.3039920909E+00     1.3126901553E-07
  284    -9.2585433374E+00     1.0609620967E-07
  285    -9.2585411373E+00     1.0687586644E-07
  286    -9.2567907060E+00     1.1589899567E-07
  287    -9.2253156258E+00     9.0298560856E-08
  288    -9.2253138653E+00     9.5684505377E-08
  289    -9.1553149270E+00     1.2114851853E-07
  290    -9.1066114836E+00     1.0886577205E-07
  291    -9.1037483054E+00     1.0731759695E-07
  292    -9.1037446553E+00     1.5258438838E-07
  293    -9.1034578119E+00     1.1022913285E-07
  294    -9.1003071590E+00     1.0346798014E-07
  295    -9.1003032742E+00     1.2346589827E-07
  296    -9.0143225312E+00     1.2513636730E-07
  297    -9.0143192222E+00     1.4823482646E-07
  298    -9.0140438771E+00     1.1806864947E-07
  299    -8.8510801758E+00     1.4240078256E-07
  300    -8.8508407395E+00     1.9090446242E-07
  301    -8.8508379536E+00     1.5670222148E-07
  302    -8.8125484704E+00     1.4511805518E-07
  303    -8.8084236475E+00     4.4762339017E-07
  304    -8.8084211946E+00     1.7825186331E-07
  305    -8.8013573305E+00     1.6130346353E-07
  306    -8.8013549481E+00     1.2838332741E-07
  307    -8.7981525151E+00     1.7957267096E-07
  308    -8.7012119123E+00     1.1829072320E-07
  309    -8.6964633860E+00     1.1237485083E-07
  310    -8.6964598845E+00     1.2094077794E-07
  311    -8.6836719325E+00     1.1560723495E-07
  312    -8.6836711616E+00     1.0543052687E-07
  313    -8.6779886129E+00     1.1741057782E-07
  314    -8.5783930228E+00     1.4333850159E-07
  315    -8.4832655431E+00     1.3442669390E-07
  316    -8.4832632710E+00     1.5277622787E-07
  317    -8.4542445446E+00     1.1539737538E-07
  318    -8.4343864973E+00     2.5332422438E-07
  319    -8.4343846151E+00     1.7947554433E-07
  320    -8.4275785838E+00     1.7386268801E-07
  321    -8.3739782669E+00     8.1317872540E-07
  322    -8.3739768917E+00     4.5349922711E-07
  323    -8.3559605591E+00     1.4021699693E-07
  324    -8.3559597991E+00     3.6653149540E-07
  325    -8.3554995282E+00     1.3391148612E-07
  326    -8.2566034266E+00     1.3664299951E-07
  327    -8.2435116319E+00     1.6802935502E-07
  328    -8.2435090350E+00     1.3088638315E-07
  329    -8.2423011524E+00     1.5481009417E-07
  330    -8.2423008372E+00     1.2909577426E-07
  331    -8.2226061772E+00     9.0821590449E-07
  332    -8.2203037614E+00     2.2548629565E-07
  333    -8.2203027196E+00     2.5992150877E-07
  334    -8.2024836689E+00     1.5589791949E-07
  335    -8.1854970516E+00     1.4182567993E-07
  336    -8.1854969267E+00     3.4612345272E-07
  337    -8.1669030753E+00     2.2448258858E-07
  338    -8.0952520358E+00     1.4403412272E-07
  339    -8.0866146490E+00     3.0306963528E-07
  340    -8.0866127042E+00     1.5392580804E-07
  341    -8.0749588809E+00     1.6368854593E-07
  342    -8.0749580435E+00     2.7710379113E-07
  343    -8.0512527876E+00     1.2055250346E-07
  344    -8.0195193601E+00     1.3587358172E-07
  345    -8.0195171348E+00     5.1460400335E-07
  346    -8.0082575801E+00     1.3660004165E-07
  347    -7.9862889877E+00     1.2062443511E-07
  348    -7.9032959117E+00     2.1205702731E-07
  349    -7.9030177606E+00     1.6397698367E-07
  350    -7.9030170879E+00     1.6507874824E-07
  351    -7.8794181591E+00     1.4854003469E-07
  352    -7.8794161495E+00     1.4887010100E-07
  353    -7.7970068719E+00     1.3817139342E-07
  354    -7.7944777548E+00     9.1930762635E-08
  355    -7.7944733222E+00     1.7686928593E-07
  356    -7.7917633067E+00     1.7127743673E-07
  357    -7.7901760520E+00     1.0267800931E-07
  358    -7.7901716595E+00     1.5186969974E-07
  359    -7.7766955941E+00     1.9819509701E-07
  360    -7.7766938540E+00     1.9436137128E-07
  361    -7.7761538579E+00     2.0411498619E-07
  362    -7.7623423219E+00     1.6422881549E-07
  363    -7.7534747121E+00     1.6676013018E-07
  364    -7.7534722807E+00     2.2397783142E-07
  365    -7.7248799721E+00     1.8565030617E-07
  366    -7.7248778932E+00     1.7525975511E-07
  367    -7.7013748589E+00     1.9883652910E-07
  368    -7.6525412729E+00     1.4651097373E-07
  369    -7.6509208080E+00     1.4514914917E-07
  370    -7.6509184579E+00     1.5545813364E-07
  371    -7.6470193099E+00     1.0434787173E-07
  372    -7.6245390765E+00     1.2215035811E-07
  373    -7.6245375188E+00     1.2335849743E-07
  374    -7.6034217881E+00     1.3703515234E-07
  375    -7.6034212055E+00     1.7889633885E-07
  376    -7.6024999674E+00     1.5152474022E-07
  377    -7.5652524678E+00     1.6938679160E-07
  378    -7.5652507835E+00     1.3951169772E-07
  379    -7.5567114364E+00     1.2683579565E-07
  380    -7.2377733082E+00     1.3451943820E-07
  381    -7.2352643025E+00     1.2971801841E-07
  382    -7.2338491313E+00     1.2310632986E-07
  383    -7.2338428515E+00     2.0415813050E-07
  384    -7.2256910215E+00     1.3912955817E-07
  385    -7.2256894306E+00     1.7249909099E-07
  386    -7.2243727216E+00     1.8120165579E-07
  387    -7.2163854701E+00     1.5919685882E-07
  388    -7.2163823530E+00     1.8989017525E-07
  389    -7.1300147017E+00     1.6802594909E-07
  390    -7.1270144381E+00     1.5724665803E-07
  391    -7.1270135272E+00     1.9803320494E-07
  392    -7.0716925344E+00     1.6874734231E-07
  393    -7.0710511931E+00     1.6783847354E-07
  394    -7.0710495452E+00     1.7495696728E-07
  395    -7.0251591079E+00     1.1368976365E-07
  396    -7.0247292500E+00     2.4325526134E-07
  397    -7.0247272779E+00     1.9014950106E-07
  398    -7.0232424124E+00     2.0286435123E-07
  399    -6.9796459465E+00     1.2216513483E-07
  400    -6.9796457703E+00     1.5960168719E-07
  401    -6.9317565100E+00     2.2530645243E-07
  402    -6.9317537983E+00     4.0236453628E-07
  403    -6.9294409571E+00     1.8938487340E-07
  404    -6.8095330232E+00     1.3649196595E-07
  405    -6.8095311313E+00     1.5335067683E-07
  406    -6.7498364386E+00     3.4134862078E-07
  407    -6.7478965724E+00     1.5709848615E-07
  408    -6.6843931055E+00     1.7147400140E-07
  409    -6.6750094553E+00     1.6486523638E-07
  410    -6.6736405126E+00     1.7022373659E-07
  411    -6.6736401846E+00     1.8720568337E-07
  412    -6.6713643619E+00     2.0524828033E-07
  413    -6.6713617794E+00     2.0729660876E-07
  414    -6.6633140172E+00     1.7083987536E-07
  415    -6.6633071786E+00     2.7742450237E-07
  416    -6.6613189678E+00     2.4664045395E-07
  417    -6.5979542372E+00     2.4151606949E-07
  418    -6.5457668398E+00     1.7381597077E-07
  419    -6.5457658654E+00     1.7673952391E-07
  420    -6.5373313146E+00     2.8283707239E-07
  421    -6.5364764194E+00     2.2515100689E-07
  422    -6.5364742711E+00     1.8664876926E-07
  423    -6.5318921778E+00     2.0399937380E-07
  424    -6.5309110814E+00     2.6033839547E-07
  425    -6.5309097761E+00     1.9024943378E-07
  426    -6.5001347952E+00     2.1927558548E-07
  427    -6.5001332108E+00     2.4850378086E-07
  428    -6.4962382064E+00     2.4719601284E-07
  429    -6.4377791231E+00     1.7543769636E-07
  430    -6.4237587736E+00     1.6798890667E-07
  431    -6.4237565186E+00     1.8684677354E-07
  432    -6.4197459760E+00     1.7875806183E-07
  433    -6.4153410481E+00     1.9572188684E-07
  434    -6.4153380078E+00     1.9967917676E-07
  435    -6.3968077973E+00     1.9683478751E-07
  436    -6.3968059568E+00     1.9675841591E-07
  437    -6.3798699187E+00     2.0621088378E-07
  438    -6.3739710905E+00     4.0913117463E-07
  439    -6.3739685151E+00     4.5224301456E-07
  440    -6.3337068390E+00     4.1631227868E-07
  441    -6.3317010977E+00     2.2384525032E-07
  442    -6.3316983057E+00     1.9316440522E-07
  443    -6.3315202832E+00     2.2223903390E-07
  444    -6.3281841974E+00     3.1056431887E-07
  445    -6.3281828127E+00     1.8141453928E-07
  446    -6.3233852657E+00     1.7749013848E-07
  447    -6.3168276222E+00     1.3533324378E-07
  448    -6.3168266275E+00     2.1468286825E-07
  449    -6.2790582661E+00     1.4154866661E-07
  450    -6.2562620436E+00     1.2781402258E-07
  451    -6.2562610621E+00     1.4701234760E-07
  452    -6.2306732651E+00     1.6785112267E-07
  453    -6.1515262351E+00     1.7854225634E-07
  454    -6.1515260736E+00     1.7927534628E-07
  455    -6.1218365731E+00     2.2226906887E-07
  456    -6.1195644776E+00     2.3948276923E-07
  457    -6.1195587833E+00     2.4005622740E-07
  458    -6.1112693249E+00     1.8140712101E-07
  459    -6.1112659439E+00     2.3315648514E-07
  460    -6.1085373374E+00     1.9890530702E-07
  461    -5.9653353658E+00     2.9304236661E-07
  462    -5.9637727977E+00     2.9909145259E-07
  463    -5.9637722272E+00     3.3034512847E-07
  464    -5.9574840637E+00     1.9641244024E-07
  465    -5.9416975573E+00     2.2128481177E-07
  466    -5.9416953686E+00     2.7366084311E-07
  467    -5.9314424708E+00     2.5220604772E-07
  468    -5.9314409962E+00     2.7091024038E-07
  469    -5.9224511437E+00     2.2218835456E-07
  470    -5.8910936264E+00     3.1172258486E-07
  471    -5.8910908805E+00     2.0778458515E-07
  472    -5.8896326090E+00     3.8798094145E-07
  473    -5.8729338778E+00     1.3730242478E-07
  474    -5.8315803735E+00     1.9065157830E-07
  475    -5.8315798803E+00     1.5095875666E-07
  476    -5.7665884821E+00     1.9888722931E-07
  477    -5.7665871517E+00     2.3212502188E-07
  478    -5.7166478202E+00     2.1391131404E-07
  479    -5.6134082587E+00     2.4101276775E-07
  480    -5.6110609191E+00     2.4348918777E-07
  481    -5.6110590578E+00     2.3886418263E-07
  482    -5.5656109825E+00     2.5171452823E-07
  483    -5.5649911729E+00     1.8215601575E-07
  484    -5.5649862165E+00     2.9889279916E-07
  485    -5.5525643445E+00     2.6476947949E-07
  486    -5.4665985008E+00     2.1870668311E-07
  487    -5.4661941666E+00     2.4412595087E-07
  488    -5.4661923980E+00     3.5021086185E-07
  489    -5.4316222133E+00     2.3214054689E-07
  490    -5.4303301034E+00     2.1280014565E-07
  491    -5.4303290863E+00     2.0345311352E-07
  492    -5.3328515670E+00     2.2653338644E-07
  493    -5.3328479196E+00     2.6402136468E-07
  494    -5.3283358992E+00     2.8326686718E-07
  495    -5.2546189881E+00     1.9178038686E-07
  496    -5.2491595375E+00     2.0240587280E-07
  497    -5.2491575835E+00     2.4586057596E-07
  498    -5.2262601253E+00     3.7589073046E-07
  499    -5.2262597239E+00     3.3514896254E-07
  500    -5.2200328846E+00     1.9910311146E-07
  501    -5.2200302558E+00     2.4691332999E-07
  502    -5.2164382745E+00     1.8627235779E-07
  503    -5.1867109328E+00     4.7253769077E-07
  504    -5.1842244100E+00     3.9342243348E-07
  505    -5.1842232938E+00     4.6046288291E-07
  506    -5.1780742355E+00     2.8134011088E-07
  507    -5.1433117982E+00     3.6139027774E-07
  508    -5.0649722659E+00     1.8193125355E-07
  509    -5.0649683875E+00     4.1488308155E-07
  510    -5.0122838492E+00     5.9608782659E-07
  511    -5.0122823618E+00     3.6420225150E-07
  512    -4.9946600086E+00     3.8430525758E-07
  513    -4.9727060551E+00     3.6651181835E-07
  514    -4.9542362499E+00     3.1485718775E-07
  515    -4.9542352937E+00     3.8747000555E-07
  516    -4.9353941200E+00     2.6028007280E-07
  517    -4.8987123984E+00     3.6309475630E-07
  518    -4.8987119207E+00     2.7928581977E-07
  519    -4.8846695894E+00     2.2846599165E-07
  520    -4.8846681968E+00     3.8067413623E-07
  521    -4.8482604830E+00     3.7544924703E-07
  522    -4.8482592477E+00     3.3319046689E-07
  523    -4.8450328709E+00     3.7987517298E-07
  524    -4.8189744626E+00     2.9258150550E-07
  525    -4.8189733551E+00     2.5644083708E-07
  526    -4.8177902042E+00     2.7435940420E-07
  527    -4.8103459732E+00     3.1973605522E-07
  528    -4.8103457742E+00     2.8389622744E-07
  529    -4.8055060623E+00     2.7144692693E-07
  530    -4.8014250031E+00     3.3850167625E-07
  531    -4.8014235594E+00     3.1629304293E-07
  532    -4.7945269447E+00     3.1256168289E-07
  533    -4.7628310934E+00     4.6595333525E-07
  534    -4.7613667641E+00     4.8262723896E-07
  535    -4.7613659381E+00     2.6317474322E-07
  536    -4.7389597564E+00     2.5060185551E-07
  537    -4.7215223989E+00     2.5554115185E-07
  538    -4.7215209295E+00     2.8612586877E-07
  539    -4.7136824532E+00     2.1894197362E-07
  540    -4.7136813508E+00     3.4754311112E-07
  541    -4.7134665346E+00     2.4945615615E-07
  542    -4.7012088003E+00     2.6919661585E-07
  543    -4.7012080602E+00     3.5114641940E-07
  544    -4.6959189039E+00     3.5194294938E-07
  545    -4.6942975046E+00     4.7151286929E-07
  546    -4.6942954873E+00     3.1615596932E-07
  547    -4.6823197732E+00     3.5541056820E-07
  548    -4.6281833676E+00     3.1282183452E-07
  549    -4.6281808796E+00     3.5311335969E-07
  550    -4.6214888726E+00     4.3645321200E-07
  551    -4.6103075257E+00     2.0493362009E-07
  552    -4.5475676801E+00     3.4915280721E-07
  553    -4.5475673371E+00     3.1606350273E-07
  554    -4.5441880850E+00     3.9238963852E-07
  555    -4.5050429927E+00     3.9656632229E-07
  556    -4.5044339449E+00     3.2644741961E-07
  557    -4.5044324445E+00     3.3773322675E-07
  558    -4.4865421707E+00     2.6826146030E-07
  559    -4.4865406677E+00     3.1999312281E-07
  560    -4.4331506995E+00     3.2107184358E-07
  561    -4.4331485082E+00     4.6145070210E-07
  562    -4.4325002596E+00     5.1034780353E-07
  563    -4.3432237860E+00     2.9598066727E-07
  564    -4.3349667555E+00     3.5637040068E-07
  565    -4.3349646741E+00     3.4545266840E-07
  566    -4.2917578820E+00     2.6987467804E-07
  567    -4.2906171865E+00     3.7067422971E-07
  568    -4.2906163680E+00     3.4650324452E-07
  569    -4.2702221940E+00     4.0163245286E-07
  570    -4.2702213838E+00     3.7188496831E-07
  571    -4.2338525479E+00     3.3851165130E-07
  572    -4.2173974145E+00     2.5334762763E-07
  573    -4.1920471370E+00     3.0387543593E-07
  574    -4.1795631408E+00     4.0729528156E-07
  575    -4.1746985998E+00     3.8412296469E-07
  576    -4.1746983973E+00     4.0092890281E-07
  577    -4.1724860628E+00     3.4723255099E-07
  578    -4.1724851665E+00     3.1035990727E-07
  579    -4.1315619923E+00     2.9748322509E-07
  580    -4.1315607977E+00     4.4747039811E-07
  581    -4.1108809815E+00     3.4989901431E-07
  582    -4.1108804356E+00     3.2132298685E-07
  583    -4.0994820138E+00     3.1871087297E-07
  584    -3.9929359326E+00     4.5269674478E-07
  585    -3.9929352697E+00     4.8010252974E-07
  586    -3.9910284947E+00     3.9482455045E-07
  587    -3.9825013962E+00     3.4352662696E-07
  588    -3.9825003930E+00     4.6456158021E-07
  589    -3.9817596347E+00     4.1438405275E-07
  590    -3.9451709133E+00     4.1483391631E-07
  591    -3.9140198445E+00     4.9783441265E-07
  592    -3.9140177175E+00     4.9308184823E-07
  593    -3.8660040962E+00     4.6745731583E-07
  594    -3.7914669114E+00     4.8851008602E-07
  595    -3.7914653349E+00     4.1797866918E-07
  596    -3.7889782924E+00     4.8362254029E-07
  597    -3.7059658334E+00     6.1147986265E-07
  598    -3.6901797554E+00     4.9869608551E-07
  599    -3.6901792914E+00     4.8696464882E-07
  600    -3.6399506654E+00     3.4778284994E-07
  601    -3.6125189903E+00     5.8816384828E-07
  602    -3.5910749008E+00     4.8330695171E-07
  603    -3.5910729944E+00     5.3309010212E-07
  604    -3.5907389203E+00     5.2648325972E-07
  605    -3.5413073784E+00     6.0789957193E-07
  606    -3.5413066521E+00     5.2344788939E-07
  607    -3.5407111502E+00     5.9668385962E-07
  608    -3.5320041567E+00     5.6644482471E-07
  609    -3.5320035042E+00     7.0639040193E-07
  610    -3.5227543177E+00     5.6608264391E-07
  611    -3.5202311076E+00     4.7838713367E-07
  612    -3.5202300706E+00     5.9965071001E-07
  613    -3.4760865757E+00     6.6834681648E-07
  614    -3.4760852526E+00     5.2299088893E-07
  615    -3.4657232035E+00     4.2404472697E-07
  616    -3.4657209435E+00     7.2167209873E-07
  617    -3.4623150744E+00     5.4331796478E-07
  618    -3.3841468627E+00     7.4596547814E-07
  619    -3.3830059342E+00     6.9713111884E-07
  620    -3.3830054875E+00     6.3711545743E-07
  621    -3.3816202514E+00     5.8505772933E-07
  622    -3.3816190019E+00     8.4888296770E-07
  623    -3.3273251398E+00     4.1670200928E-07
  624    -3.3232072311E+00     4.4577484639E-07
  625    -3.3232054296E+00     7.6614103679E-07
  626    -3.3174582282E+00     6.3824847973E-07
  627    -3.3094410086E+00     5.1208109688E-07
  628    -3.3069348849E+00     3.7831855812E-07
  629    -3.3069340991E+00     4.6667930684E-07
  630    -3.2855000019E+00     8.7531609403E-07
  631    -3.2473795884E+00     5.8396479470E-07
  632    -3.2473785071E+00     6.7282898115E-07
  633    -3.2169157321E+00     4.5296921615E-07
  634    -3.2058470978E+00     7.1482118145E-07
  635    -3.2058462029E+00     6.4938482638E-07
  636    -3.2045169322E+00     5.6452882703E-07
  637    -3.1519958920E+00     5.1155853640E-07
  638    -3.1519944463E+00     5.3128856202E-07
  639    -3.1236417978E+00     3.1760777845E-07
  640    -3.1156134083E+00     4.7447131004E-07
  641    -3.0716663033E+00     4.2779019467E-07
  642    -3.0716652541E+00     4.3473092153E-07
  643    -3.0054400655E+00     4.7275233376E-07
  644    -3.0054394153E+00     5.7107825020E-07
  645    -2.9706408950E+00     5.3732410070E-07
  646    -2.9649000273E+00     6.3311236995E-07
  647    -2.9632438129E+00     5.9710524035E-07
  648    -2.9632433122E+00     5.8391844341E-07
  649    -2.9438143639E+00     7.6761283183E-07
  650    -2.9438135127E+00     7.7132818561E-07
  651    -2.9429652000E+00     7.0751774589E-07
  652    -2.9429645904E+00     9.3144182242E-07
  653    -2.9416310014E+00     8.5224573127E-07
  654    -2.9396195093E+00     5.8836464400E-07
  655    -2.9285754796E+00     5.9766531541E-07
  656    -2.9045387654E+00     6.3016779618E-07
  657    -2.9012611091E+00     5.8398179504E-07
  658    -2.9012607569E+00     8.0599358234E-07
  659    -2.8893203942E+00     8.5985970221E-07
  660    -2.8893196126E+00     7.5877300269E-07
  661    -2.8853696419E+00     8.0785823988E-07
  662    -2.8782724348E+00     5.5611354528E-07
  663    -2.8782720573E+00     5.1961565512E-07
  664    -2.8399295723E+00     8.4022882672E-07
  665    -2.8399287387E+00     9.4558681541E-07
  666    -2.8188618098E+00     8.5258786859E-07
  667    -2.8188608215E+00     1.1680803069E-06
  668    -2.8171883303E+00     6.2212282798E-07
  669    -2.7971385485E+00     4.0397813171E-07
  670    -2.7392978072E+00     1.2555094247E-06
  671    -2.7367153562E+00     7.1494713965E-07
  672    -2.7367142487E+00     9.9423169867E-07
  673    -2.7142669418E+00     1.8285065720E-06
  674    -2.7142659781E+00     9.1195388008E-07
  675    -2.6961898100E+00     9.3189681340E-07
  676    -2.6961890937E+00     8.9438876260E-07
  677    -2.6884599650E+00     1.0645022771E-06
  678    -2.6146864349E+00     9.6765171797E-07
  679    -2.6146858780E+00     8.1774364654E-07
  680    -2.5719571783E+00     8.4360801359E-07
  681    -2.5311812302E+00     8.6690349698E-07
  682    -2.5311811197E+00     8.6921911406E-07
  683    -2.4759202321E+00     1.1241057028E-06
  684    -2.4759198132E+00     8.7950388452E-07
  685    -2.4747409893E+00     1.3002256806E-06
  686    -2.4740969089E+00     9.7804593687E-07
  687    -2.4274054114E+00     9.4867323371E-07
  688    -2.4208265014E+00     9.1298645796E-07
  689    -2.4208259125E+00     9.5258909752E-07
  690    -2.4123111087E+00     1.1212017286E-06
  691    -2.4104448919E+00     9.2955665768E-07
  692    -2.4104443276E+00     1.1206107206E-06
  693    -2.3967791248E+00     1.3236404550E-06
  694    -2.3830006387E+00     1.2877382250E-06
  695    -2.3732934693E+00     9.0531596125E-07
  696    -2.3732928409E+00     1.0160384478E-06
  697    -2.3666446700E+00     1.1134833823E-06
  698    -2.3159251199E+00     1.2292745937E-06
  699    -2.3159245587E+00     1.2109419646E-06
  700    -2.2996164028E+00     1.4490177005E-06
  701    -2.2730090496E+00     1.4073522105E-06
  702    -2.2706837545E+00     1.1026130440E-06
  703    -2.2706824666E+00     1.8158418278E-06
  704    -2.2225383174E+00     1.2792028459E-06
  705    -2.2225375933E+00     1.3997101310E-06
  706    -2.1596474379E+00     1.6102355088E-06
  707    -2.1558307384E+00     1.0997589097E-06
  708    -2.1558300721E+00     1.1786017318E-06
  709    -2.1334062473E+00     1.4085603999E-06
  710    -2.1334057821E+00     1.4320426451E-06
  711    -2.1317576760E+00     1.5669306602E-06
  712    -2.1317568211E+00     1.7409057013E-06
  713    -2.1243512139E+00     1.4747532123E-06
  714    -2.1243051831E+00     1.0614244270E-06
  715    -2.1208767231E+00     1.5448826252E-06
  716    -2.1208766038E+00     1.4050984921E-06
  717    -2.1032870556E+00     2.1509054887E-06
  718    -2.1002725262E+00     1.3867651923E-06
  719    -2.1002720373E+00     1.2245757578E-06
  720    -2.0793827722E+00     1.3991277962E-06
  721    -2.0793823457E+00     1.7808911087E-06
  722    -2.0779330160E+00     1.5267290477E-06
  723    -2.0486487268E+00     1.8803700355E-06
  724    -2.0486484577E+00     1.6669577772E-06
  725    -2.0449440288E+00     1.3198776277E-06
  726    -2.0195815435E+00     1.5065680361E-06
  727    -2.0195815060E+00     1.7852806808E-06
  728    -2.0139350899E+00     1.6781599071E-06
  729    -1.9687948184E+00     1.6502684324E-06
  730    -1.9565174305E+00     1.7662128886E-06
  731    -1.9565171551E+00     1.2590023109E-06
  732    -1.8871460272E+00     1.2714819843E-06
  733    -1.8707261555E+00     1.2316785972E-06
  734    -1.8459916164E+00     1.8070147622E-06
  735    -1.8459913615E+00     2.0040197838E-06
  736    -1.8443030920E+00     1.8705225628E-06
  737    -1.8381641269E+00     1.5037475244E-06
  738    -1.8381637645E+00     1.9702871794E-06
  739    -1.8325615595E+00     1.3283349191E-06
  740    -1.8325612721E+00     1.5294613054E-06
  741    -1.8296821190E+00     1.5275550428E-06
  742    -1.7944214529E+00     1.8412896979E-06
  743    -1.7819645491E+00     1.3951528968E-06
  744    -1.7819639064E+00     1.6394794237E-06
  745    -1.7506880948E+00     1.8993052433E-06
  746    -1.7506875719E+00     2.3161394973E-06
  747    -1.7384024472E+00     1.7994832629E-06
  748    -1.7276448457E+00     1.5284856743E-06
  749    -1.7276438570E+00     2.6787116190E-06
  750    -1.7267122350E+00     1.3176422924E-06
  751    -1.7106575253E+00     1.7675002536E-06
  752    -1.7106569866E+00     1.8414827225E-06
  753    -1.7078312013E+00     2.1334348211E-06
  754    -1.6730699792E+00     1.6859697056E-06
  755    -1.6612164460E+00     1.5714680460E-06
  756    -1.6612162857E+00     3.1586447248E-06
  757    -1.6509671328E+00     2.7795918965E-06
  758    -1.6509598942E+00     2.0303407502E-06
  759    -1.6509597169E+00     2.8652188705E-06
  760    -1.6375673968E+00     2.8568392969E-06
  761    -1.6344853136E+00     2.8637699825E-06
  762    -1.6344844452E+00     3.1500125833E-06
  763    -1.6270962691E+00     2.3140219639E-06
  764    -1.6270958133E+00     2.2224506562E-06
  765    -1.6223261616E+00     2.6530108883E-06
  766    -1.6013479995E+00     2.1133742727E-06
  767    -1.5911383001E+00     1.8184479309E-06
  768    -1.5911381817E+00     1.8453459895E-06
  769    -1.5716630831E+00     2.4458743291E-06
  770    -1.5716628678E+00     2.6547936726E-06
  771    -1.5114066053E+00     2.5517573679E-06
  772    -1.5114064113E+00     2.4780821935E-06
  773    -1.5096825175E+00     3.0953626308E-06
  774    -1.5096822469E+00     2.6446865190E-06
  775    -1.5095659130E+00     3.0352277022E-06
  776    -1.5036390478E+00     2.1902298071E-06
  777    -1.4729580024E+00     2.0487869432E-06
  778    -1.4701284093E+00     2.6270650976E-06
  779    -1.4701283068E+00     2.1139301008E-06
  780    -1.4506175104E+00     1.9998257392E-06
  781    -1.4506172745E+00     3.1797712338E-06
  782    -1.3963271763E+00     2.2870148858E-06
  783    -1.3963265680E+00     2.7661866727E-06
  784    -1.3542491938E+00     3.1509426668E-06
  785    -1.3255968182E+00     3.4557132010E-06
  786    -1.3193988691E+00     3.6003578776E-06
  787    -1.3193985612E+00     3.2285631015E-06
  788    -1.3124338468E+00     3.7819844343E-06
  789    -1.2918480942E+00     2.8656621940E-06
  790    -1.2918475370E+00     3.1808280894E-06
  791    -1.2856038295E+00     3.8348865066E-06
  792    -1.2250234092E+00     2.9014369547E-06
  793    -1.2217714532E+00     2.7905884975E-06
  794    -1.2217712844E+00     3.7642416729E-06
  795    -1.1911228794E+00     3.6502684666E-06
  796    -1.1911226403E+00     4.4107898715E-06
  797    -1.1860560078E+00     3.6028958303E-06
  798    -1.1737306624E+00     3.2447759806E-06
  799    -1.1737303552E+00     4.1518247647E-06
  800    -1.1704368144E+00     3.8269417828E-06
  801    -1.1184918065E+00     4.4426228458E-06
  802    -1.1144980642E+00     3.9030263466E-06
  803    -1.1144976999E+00     4.9023421076E-06
  804    -1.0069069346E+00     5.0095047619E-06
  805    -1.0069066869E+00     4.7761525314E-06
  806    -1.0064023674E+00     5.7615145557E-06
  807    -9.7424933568E-01     6.1619776055E-06
  808    -9.6996515219E-01     5.1814342427E-06
  809    -9.6996463828E-01     5.8684173532E-06
  810    -9.5397904109E-01     7.6680601384E-06
  811    -9.4672409245E-01     6.0400053978E-06
  812    -9.4672402353E-01     6.9426428793E-06
  813    -9.3286957878E-01     6.9857178639E-06
  814    -9.1892956360E-01     4.1446953736E-06
  815    -9.1226284612E-01     7.2314055474E-06
  816    -9.0869909651E-01     6.9642250582E-06
  817    -9.0869884053E-01     6.7874225948E-06
  818    -9.0401828556E-01     9.3646044613E-06
  819    -9.0401798561E-01     7.9393259534E-06
  820    -8.9854210002E-01     7.2349210816E-06
  821    -8.8967564028E-01     5.7004516628E-06
  822    -8.7281264326E-01     7.4446805483E-06
  823    -8.7281242985E-01     7.5615895107E-06
  824    -8.6495855867E-01     6.3103198647E-06
  825    -8.6495837100E-01     7.9967418684E-06
  826    -8.5509203937E-01     6.6401149814E-06
  827    -7.9037523262E-01     1.5919252557E-05
  828    -7.9037513330E-01     1.1760163998E-05
  829    -7.6185684301E-01     9.9061895401E-06
  830    -7.6185677293E-01     9.9194484178E-06
  831    -7.4521587623E-01     1.1535292278E-05
  832    -7.3312700147E-01     1.0021334445E-05
  833    -7.3312692098E-01     1.2573913823E-05
  834    -7.3031093932E-01     7.9027762836E-06
  835    -7.2634320128E-01     9.8925403493E-06
  836    -7.2634313955E-01     1.0932348944E-05
  837    -7.0745999503E-01     1.2145672219E-05
  838    -7.0696437894E-01     1.0967507898E-05
  839    -7.0696412651E-01     1.1231865749E-05
  840    -6.9659110917E-01     1.0335422815E-05
  841    -6.8953116126E-01     1.2665695231E-05
  842    -6.8953112849E-01     1.2128305969E-05
  843    -6.8879667287E-01     8.9422269097E-06
  844    -6.7740012740E-01     9.5963026950E-06
  845    -6.4950583575E-01     1.3380966817E-05
  846    -6.4395509819E-01     1.4049263272E-05
  847    -6.4395497221E-01     1.5579423430E-05
  848    -6.2892177603E-01     1.3799514939E-05
  849    -6.2892166220E-01     1.9074841220E-05
  850    -6.0367557723E-01     1.4485384275E-05
  851    -5.4327698542E-01     2.5600562157E-05
  852    -5.4327688192E-01     2.0862657855E-05
  853    -5.3556947333E-01     2.4089534309E-05
  854    -5.3556942036E-01     1.7898632183E-05
  855    -5.1262302226E-01     2.1699283542E-05
  856    -4.8339783380E-01     1.8116488639E-05
  857    -4.8339776916E-01     3.0183216807E-05
  858    -4.5611767533E-01     2.4311688430E-05
  859    -4.5444780417E-01     3.6566938657E-05
  860    -4.5444765644E-01     2.2916390009E-05
  861    -4.4514968428E-01     2.0338599767E-05
  862    -4.3569520509E-01     2.8808863952E-05
  863    -4.3569517608E-01     2.8052914021E-05
  864    -4.1935187027E-01     3.3870485233E-05
  865    -4.1930135980E-01     3.1161112649E-05
  866    -4.1930117522E-01     2.4717312225E-05
  867    -3.9801939119E-01     3.0630424166E-05
  868    -3.9801931489E-01     2.9300408213E-05
  869    -3.8959948717E-01     3.5322244416E-05
  870    -3.8126223949E-01     4.0886554124E-05
  871    -3.7615383506E-01     2.8107675265E-05
  872    -3.7615368146E-01     3.4686470574E-05
  873    -3.6839298292E-01     3.9765923567E-05
  874    -3.6084390791E-01     3.1046493181E-05
  875    -3.6084377635E-01     4.1724426179E-05
  876    -3.5065326486E-01     3.9114680730E-05
  877    -3.5065320290E-01     4.6784296295E-05
  878    -3.4012999901E-01     4.7318677211E-05
  879    -3.2855571080E-01     5.1378549254E-05
  880    -3.2855561157E-01     5.8169723823E-05
  881    -3.1870570101E-01     4.3318181974E-05
  882    -3.1359383848E-01     4.9071526221E-05
  883    -3.1359374855E-01     5.1046636636E-05
  884    -3.0508668533E-01     8.0658759231E-05
  885    -3.0416802705E-01     4.6920948253E-05
  886    -2.9453280400E-01     6.6307730477E-05
  887    -2.9453271756E-01     7.2029758742E-05
  888    -2.9186183013E-01     5.3449935749E-05
  889    -2.8023848009E-01     5.4845841346E-05
  890    -2.7181552832E-01     7.2103945680E-05
  891    -2.7181538523E-01     7.8293493613E-05
  892    -2.7089919737E-01     6.7925920782E-05
  893    -2.6473623812E-01     5.7712332638E-05
  894    -2.6469014352E-01     6.8752534298E-05
  895    -2.6469008681E-01     6.9649395935E-05
  896    -2.5863723130E-01     6.7305452735E-05
  897    -2.2921905307E-01     7.8013658283E-05
  898    -2.2921900533E-01     8.0267874174E-05
  899    -2.1424476401E-01     1.3728614535E-04
  900    -2.1015946872E-01     1.2507979585E-04
  901    -2.1015938453E-01     1.3070672347E-04
  902    -1.9340683262E-01     1.6839445570E-04
  903    -1.9340679737E-01     1.5734947773E-04
  904    -1.7994818839E-01     1.6323466316E-04
  905    -1.7994814926E-01     1.6056343388E-04
  906    -1.6477551737E-01     2.0200057153E-04
  907    -1.5970243291E-01     2.6010326413E-04
  908    -1.5970241193E-01     1.7247594768E-04
  909    -1.5786490687E-01     3.3106713858E-04
  910    -1.5559187912E-01     2.0079196250E-04
  911    -1.4592579537E-01     2.5770261662E-04
  912    -1.4592571781E-01     2.5045885694E-04
  913    -1.4138164262E-01     2.4543578313E-04
  914    -1.4138160844E-01     2.5339065955E-04
  915    -1.3079393715E-01     3.1760664464E-04
  916    -1.3079388765E-01     3.1644445381E-04
  917    -1.1864376540E-01     5.2347029937E-04
  918    -8.9363637242E-02     7.9736838362E-04
  919    -8.9363616569E-02     6.6500511942E-04
  920    -8.4877383267E-02     6.7957601822E-04
  921    -8.4877351466E-02     7.0652502453E-04
  922    -7.7802980096E-02     9.0263661897E-04
  923    -6.1756963876E-02     1.6050740604E-03
  924    -6.1756934997E-02     1.5506725232E-03
  925    -5.5243726188E-02     1.8638963434E-03
  926    -4.0641787702E-02     3.3020467682E-03
  927    -4.0641764148E-02     3.3181267857E-03
  928    -2.6635381818E-02     9.9928568445E-03
  929    -1.4839869872E-02     2.3569818445E-02
  930    -1.4839798801E-02     2.3682450626E-02
  931    -1.1969021315E-02     4.9945727246E-02
  932    -4.7787886472E-03     2.3787979888E-01
  933    -3.2091337553E-03     5.7542610900E-01
  934     5.7652691976E-03     1.4466306973E-01
  935     9.5861789455E-03     6.0277495283E-02
  936     9.5861981934E-03     6.1205694998E-02
  937     1.3675343117E-02     2.9229905684E-02
  938     1.3675404395E-02     3.0298887109E-02
  939     1.5496206886E-02     2.5888268721E-02
  940     1.5820947595E-02     2.2941642515E-02
  941     1.5960579162E-02     2.0861639363E-02
  942     1.5960621368E-02     1.9576690675E-02
  943     2.0964232261E-02     1.3788491740E-02
  944     2.2406332358E-02     1.0159003182E-02
  945     2.4381788764E-02     8.4270456707E-03
  946     2.4381843288E-02     9.2793011517E-03
  947     2.5416720731E-02     7.7290354542E-03
  948     2.5416762885E-02     8.3465096087E-03
  949     2.8379666522E-02     8.0286250971E-03
  950     2.9653200852E-02     6.0824658121E-03
  951     2.9965482758E-02     5.0953443255E-03
  952     2.9965542111E-02     6.7441997562E-03
  953     3.2788217396E-02     4.5665231473E-03
  954     3.7492339373E-02     4.0086678601E-03
  955     3.7492350206E-02     3.3214968431E-03
  956     3.8686254331E-02     3.6940167036E-03
  957     3.8686282353E-02     3.8345003049E-03
  958     4.0331039435E-02     2.3689142037E-03
  959     4.1377675583E-02     2.8392224606E-03
  960     4.1377694807E-02     3.2599569562E-03
  961     4.2469009310E-02     3.4601853396E-03
  962     4.2782444611E-02     2.5592123479E-03
  963     4.2960994312E-02     3.5553458319E-03
  964     4.2961020493E-02     2.2482485402E-03
  965     4.6116704550E-02     2.6312244122E-03
  966     4.6793009878E-02     2.0174831131E-03
  967     4.6793029701E-02     2.1094494717E-03
  968     4.8505320420E-02     2.2237750278E-03
  969     4.8727244045E-02     1.8569578610E-03
  970     4.8966099796E-02     1.7262237535E-03
  971     4.8966112250E-02     1.9877241661E-03
  972     4.9542804072E-02     1.9842884914E-03
  973     4.9542826613E-02     2.2007982805E-03
  974     5.0139616804E-02     1.7925601633E-03
  975     5.4408027702E-02     1.5667119674E-03
  976     5.4408083547E-02     1.4882881545E-03
  977     5.4775246617E-02     1.4695389130E-03
  978     5.4775285143E-02     1.4347850088E-03
  979     5.7385044953E-02     1.5337270147E-03
  980     5.8033414775E-02     1.1911463909E-03
  981     5.8033437779E-02     1.1400696433E-03
  982     5.9201535790E-02     1.3874617350E-03
  983     5.9445879383E-02     1.2978064532E-03
  984     6.0081370920E-02     1.1970645183E-03
  985     6.0081398025E-02     1.4057166678E-03
  986     6.2708011794E-02     1.0588823308E-03
  987     6.2708061240E-02     1.1378692082E-03
  988     6.3026803964E-02     1.1870493935E-03
  989     6.3508934485E-02     1.1774384760E-03
  990     6.3508975151E-02     1.0667538270E-03
  991     6.3997854152E-02     1.3541720156E-03
  992     6.7402272688E-02     1.0234744608E-03
  993     6.8168753833E-02     8.9138949332E-04
  994     6.8168787309E-02     9.9990016161E-04
  995     6.8357280121E-02     1.1380570164E-03
  996     6.9772238678E-02     9.1565179569E-04
  997     6.9772252878E-02     9.7335914399E-04
  998     7.0248171236E-02     8.5278321791E-04
  999     7.0345388352E-02     8.6259168831E-04
 1000     7.0345413477E-02     8.5994430390E-04
 1001     7.0484672584E-02     1.4535566658E-03
 1002     7.2522351993E-02     9.0761027245E-04
 1003     7.2548666250E-02     9.5457636098E-04
 1004     7.3458722789E-02     8.1935591572E-04
 1005     7.3458739362E-02     1.0144512505E-03
 1006     7.5911771011E-02     9.3950445833E-04
 1007     7.5911806160E-02     7.2620555560E-04
 1008     7.6815360583E-02     6.8187376641E-04
 1009     7.6815399526E-02     8.1523792339E-04
 1010     7.9373236257E-02     7.8741651971E-04
 1011     8.0963867204E-02     5.9285250123E-04


 TOTAL TIME = 13287 [s]
