===============================================================================
 RRRRR  SSSSS  H   H  RRRRR    Zbigniew ROMANOWSKI                             
 R   R  S      H   H  R   R                                                    
 RRRRR  SSSSS  HHHHH  RRRRR    version: 5.4                                    
 R  R       S  H   H  R  R                                                     
 R   R  SSSSS  H   H  R   R    compilation date: Dec  8 2012 (20:50:40)                       
===============================================================================

PEs = 256

----INITIALIZATION----========================================================
DOMAIN:
    BsplDeg = 3, CubatOrder = 5, CubatNodeNo = 125
    h = 4.000000E-01
    Nx = 113,    Ny = 113,   Nz = 113
    X0 = -2.000000E+01,    Xmax = 2.520000E+01
    Y0 = -2.000000E+01,    Ymax = 2.520000E+01
    Z0 = -2.000000E+01,    Zmax = 2.520000E+01

NUMBER OF 'ATOMS' = 125
    Soft-r^4(d,a)=(-2.00, 0.10) at (x,y,z) = ( 0.00, 0.00, 0.00)
    Soft-r^4(d,a)=(-2.00, 0.10) at (x,y,z) = ( 0.00, 0.00, 1.30)
    Soft-r^4(d,a)=(-2.00, 0.10) at (x,y,z) = ( 0.00, 0.00, 2.60)
    Soft-r^4(d,a)=(-2.00, 0.10) at (x,y,z) = ( 0.00, 0.00, 3.90)
    Soft-r^4(d,a)=(-2.00, 0.10) at (x,y,z) = ( 0.00, 0.00, 5.20)
    Soft-r^4(d,a)=(-2.00, 0.10) at (x,y,z) = ( 0.00, 1.30, 0.00)
    Soft-r^4(d,a)=(-2.00, 0.10) at (x,y,z) = ( 0.00, 1.30, 1.30)
    Soft-r^4(d,a)=(-2.00, 0.10) at (x,y,z) = ( 0.00, 1.30, 2.60)
    Soft-r^4(d,a)=(-2.00, 0.10) at (x,y,z) = ( 0.00, 1.30, 3.90)
    Soft-r^4(d,a)=(-2.00, 0.10) at (x,y,z) = ( 0.00, 1.30, 5.20)
    Soft-r^4(d,a)=(-2.00, 0.10) at (x,y,z) = ( 0.00, 2.60, 0.00)
    Soft-r^4(d,a)=(-2.00, 0.10) at (x,y,z) = ( 0.00, 2.60, 1.30)
    Soft-r^4(d,a)=(-2.00, 0.10) at (x,y,z) = ( 0.00, 2.60, 2.60)
    Soft-r^4(d,a)=(-2.00, 0.10) at (x,y,z) = ( 0.00, 2.60, 3.90)
    Soft-r^4(d,a)=(-2.00, 0.10) at (x,y,z) = ( 0.00, 2.60, 5.20)
    Soft-r^4(d,a)=(-2.00, 0.10) at (x,y,z) = ( 0.00, 3.90, 0.00)
    Soft-r^4(d,a)=(-2.00, 0.10) at (x,y,z) = ( 0.00, 3.90, 1.30)
    Soft-r^4(d,a)=(-2.00, 0.10) at (x,y,z) = ( 0.00, 3.90, 2.60)
    Soft-r^4(d,a)=(-2.00, 0.10) at (x,y,z) = ( 0.00, 3.90, 3.90)
    Soft-r^4(d,a)=(-2.00, 0.10) at (x,y,z) = ( 0.00, 3.90, 5.20)
    Soft-r^4(d,a)=(-2.00, 0.10) at (x,y,z) = ( 0.00, 5.20, 0.00)
    Soft-r^4(d,a)=(-2.00, 0.10) at (x,y,z) = ( 0.00, 5.20, 1.30)
    Soft-r^4(d,a)=(-2.00, 0.10) at (x,y,z) = ( 0.00, 5.20, 2.60)
    Soft-r^4(d,a)=(-2.00, 0.10) at (x,y,z) = ( 0.00, 5.20, 3.90)
    Soft-r^4(d,a)=(-2.00, 0.10) at (x,y,z) = ( 0.00, 5.20, 5.20)
    Soft-r^4(d,a)=(-2.00, 0.10) at (x,y,z) = ( 1.30, 0.00, 0.00)
    Soft-r^4(d,a)=(-2.00, 0.10) at (x,y,z) = ( 1.30, 0.00, 1.30)
    Soft-r^4(d,a)=(-2.00, 0.10) at (x,y,z) = ( 1.30, 0.00, 2.60)
    Soft-r^4(d,a)=(-2.00, 0.10) at (x,y,z) = ( 1.30, 0.00, 3.90)
    Soft-r^4(d,a)=(-2.00, 0.10) at (x,y,z) = ( 1.30, 0.00, 5.20)
    Soft-r^4(d,a)=(-2.00, 0.10) at (x,y,z) = ( 1.30, 1.30, 0.00)
    Soft-r^4(d,a)=(-2.00, 0.10) at (x,y,z) = ( 1.30, 1.30, 1.30)
    Soft-r^4(d,a)=(-2.00, 0.10) at (x,y,z) = ( 1.30, 1.30, 2.60)
    Soft-r^4(d,a)=(-2.00, 0.10) at (x,y,z) = ( 1.30, 1.30, 3.90)
    Soft-r^4(d,a)=(-2.00, 0.10) at (x,y,z) = ( 1.30, 1.30, 5.20)
    Soft-r^4(d,a)=(-2.00, 0.10) at (x,y,z) = ( 1.30, 2.60, 0.00)
    Soft-r^4(d,a)=(-2.00, 0.10) at (x,y,z) = ( 1.30, 2.60, 1.30)
    Soft-r^4(d,a)=(-2.00, 0.10) at (x,y,z) = ( 1.30, 2.60, 2.60)
    Soft-r^4(d,a)=(-2.00, 0.10) at (x,y,z) = ( 1.30, 2.60, 3.90)
    Soft-r^4(d,a)=(-2.00, 0.10) at (x,y,z) = ( 1.30, 2.60, 5.20)
    Soft-r^4(d,a)=(-2.00, 0.10) at (x,y,z) = ( 1.30, 3.90, 0.00)
    Soft-r^4(d,a)=(-2.00, 0.10) at (x,y,z) = ( 1.30, 3.90, 1.30)
    Soft-r^4(d,a)=(-2.00, 0.10) at (x,y,z) = ( 1.30, 3.90, 2.60)
    Soft-r^4(d,a)=(-2.00, 0.10) at (x,y,z) = ( 1.30, 3.90, 3.90)
    Soft-r^4(d,a)=(-2.00, 0.10) at (x,y,z) = ( 1.30, 3.90, 5.20)
    Soft-r^4(d,a)=(-2.00, 0.10) at (x,y,z) = ( 1.30, 5.20, 0.00)
    Soft-r^4(d,a)=(-2.00, 0.10) at (x,y,z) = ( 1.30, 5.20, 1.30)
    Soft-r^4(d,a)=(-2.00, 0.10) at (x,y,z) = ( 1.30, 5.20, 2.60)
    Soft-r^4(d,a)=(-2.00, 0.10) at (x,y,z) = ( 1.30, 5.20, 3.90)
    Soft-r^4(d,a)=(-2.00, 0.10) at (x,y,z) = ( 1.30, 5.20, 5.20)
    Soft-r^4(d,a)=(-2.00, 0.10) at (x,y,z) = ( 2.60, 0.00, 0.00)
    Soft-r^4(d,a)=(-2.00, 0.10) at (x,y,z) = ( 2.60, 0.00, 1.30)
    Soft-r^4(d,a)=(-2.00, 0.10) at (x,y,z) = ( 2.60, 0.00, 2.60)
    Soft-r^4(d,a)=(-2.00, 0.10) at (x,y,z) = ( 2.60, 0.00, 3.90)
    Soft-r^4(d,a)=(-2.00, 0.10) at (x,y,z) = ( 2.60, 0.00, 5.20)
    Soft-r^4(d,a)=(-2.00, 0.10) at (x,y,z) = ( 2.60, 1.30, 0.00)
    Soft-r^4(d,a)=(-2.00, 0.10) at (x,y,z) = ( 2.60, 1.30, 1.30)
    Soft-r^4(d,a)=(-2.00, 0.10) at (x,y,z) = ( 2.60, 1.30, 2.60)
    Soft-r^4(d,a)=(-2.00, 0.10) at (x,y,z) = ( 2.60, 1.30, 3.90)
    Soft-r^4(d,a)=(-2.00, 0.10) at (x,y,z) = ( 2.60, 1.30, 5.20)
    Soft-r^4(d,a)=(-2.00, 0.10) at (x,y,z) = ( 2.60, 2.60, 0.00)
    Soft-r^4(d,a)=(-2.00, 0.10) at (x,y,z) = ( 2.60, 2.60, 1.30)
    Soft-r^4(d,a)=(-2.00, 0.10) at (x,y,z) = ( 2.60, 2.60, 2.60)
    Soft-r^4(d,a)=(-2.00, 0.10) at (x,y,z) = ( 2.60, 2.60, 3.90)
    Soft-r^4(d,a)=(-2.00, 0.10) at (x,y,z) = ( 2.60, 2.60, 5.20)
    Soft-r^4(d,a)=(-2.00, 0.10) at (x,y,z) = ( 2.60, 3.90, 0.00)
    Soft-r^4(d,a)=(-2.00, 0.10) at (x,y,z) = ( 2.60, 3.90, 1.30)
    Soft-r^4(d,a)=(-2.00, 0.10) at (x,y,z) = ( 2.60, 3.90, 2.60)
    Soft-r^4(d,a)=(-2.00, 0.10) at (x,y,z) = ( 2.60, 3.90, 3.90)
    Soft-r^4(d,a)=(-2.00, 0.10) at (x,y,z) = ( 2.60, 3.90, 5.20)
    Soft-r^4(d,a)=(-2.00, 0.10) at (x,y,z) = ( 2.60, 5.20, 0.00)
    Soft-r^4(d,a)=(-2.00, 0.10) at (x,y,z) = ( 2.60, 5.20, 1.30)
    Soft-r^4(d,a)=(-2.00, 0.10) at (x,y,z) = ( 2.60, 5.20, 2.60)
    Soft-r^4(d,a)=(-2.00, 0.10) at (x,y,z) = ( 2.60, 5.20, 3.90)
    Soft-r^4(d,a)=(-2.00, 0.10) at (x,y,z) = ( 2.60, 5.20, 5.20)
    Soft-r^4(d,a)=(-2.00, 0.10) at (x,y,z) = ( 3.90, 0.00, 0.00)
    Soft-r^4(d,a)=(-2.00, 0.10) at (x,y,z) = ( 3.90, 0.00, 1.30)
    Soft-r^4(d,a)=(-2.00, 0.10) at (x,y,z) = ( 3.90, 0.00, 2.60)
    Soft-r^4(d,a)=(-2.00, 0.10) at (x,y,z) = ( 3.90, 0.00, 3.90)
    Soft-r^4(d,a)=(-2.00, 0.10) at (x,y,z) = ( 3.90, 0.00, 5.20)
    Soft-r^4(d,a)=(-2.00, 0.10) at (x,y,z) = ( 3.90, 1.30, 0.00)
    Soft-r^4(d,a)=(-2.00, 0.10) at (x,y,z) = ( 3.90, 1.30, 1.30)
    Soft-r^4(d,a)=(-2.00, 0.10) at (x,y,z) = ( 3.90, 1.30, 2.60)
    Soft-r^4(d,a)=(-2.00, 0.10) at (x,y,z) = ( 3.90, 1.30, 3.90)
    Soft-r^4(d,a)=(-2.00, 0.10) at (x,y,z) = ( 3.90, 1.30, 5.20)
    Soft-r^4(d,a)=(-2.00, 0.10) at (x,y,z) = ( 3.90, 2.60, 0.00)
    Soft-r^4(d,a)=(-2.00, 0.10) at (x,y,z) = ( 3.90, 2.60, 1.30)
    Soft-r^4(d,a)=(-2.00, 0.10) at (x,y,z) = ( 3.90, 2.60, 2.60)
    Soft-r^4(d,a)=(-2.00, 0.10) at (x,y,z) = ( 3.90, 2.60, 3.90)
    Soft-r^4(d,a)=(-2.00, 0.10) at (x,y,z) = ( 3.90, 2.60, 5.20)
    Soft-r^4(d,a)=(-2.00, 0.10) at (x,y,z) = ( 3.90, 3.90, 0.00)
    Soft-r^4(d,a)=(-2.00, 0.10) at (x,y,z) = ( 3.90, 3.90, 1.30)
    Soft-r^4(d,a)=(-2.00, 0.10) at (x,y,z) = ( 3.90, 3.90, 2.60)
    Soft-r^4(d,a)=(-2.00, 0.10) at (x,y,z) = ( 3.90, 3.90, 3.90)
    Soft-r^4(d,a)=(-2.00, 0.10) at (x,y,z) = ( 3.90, 3.90, 5.20)
    Soft-r^4(d,a)=(-2.00, 0.10) at (x,y,z) = ( 3.90, 5.20, 0.00)
    Soft-r^4(d,a)=(-2.00, 0.10) at (x,y,z) = ( 3.90, 5.20, 1.30)
    Soft-r^4(d,a)=(-2.00, 0.10) at (x,y,z) = ( 3.90, 5.20, 2.60)
    Soft-r^4(d,a)=(-2.00, 0.10) at (x,y,z) = ( 3.90, 5.20, 3.90)
    Soft-r^4(d,a)=(-2.00, 0.10) at (x,y,z) = ( 3.90, 5.20, 5.20)
    Soft-r^4(d,a)=(-2.00, 0.10) at (x,y,z) = ( 5.20, 0.00, 0.00)
    Soft-r^4(d,a)=(-2.00, 0.10) at (x,y,z) = ( 5.20, 0.00, 1.30)
    Soft-r^4(d,a)=(-2.00, 0.10) at (x,y,z) = ( 5.20, 0.00, 2.60)
    Soft-r^4(d,a)=(-2.00, 0.10) at (x,y,z) = ( 5.20, 0.00, 3.90)
    Soft-r^4(d,a)=(-2.00, 0.10) at (x,y,z) = ( 5.20, 0.00, 5.20)
    Soft-r^4(d,a)=(-2.00, 0.10) at (x,y,z) = ( 5.20, 1.30, 0.00)
    Soft-r^4(d,a)=(-2.00, 0.10) at (x,y,z) = ( 5.20, 1.30, 1.30)
    Soft-r^4(d,a)=(-2.00, 0.10) at (x,y,z) = ( 5.20, 1.30, 2.60)
    Soft-r^4(d,a)=(-2.00, 0.10) at (x,y,z) = ( 5.20, 1.30, 3.90)
    Soft-r^4(d,a)=(-2.00, 0.10) at (x,y,z) = ( 5.20, 1.30, 5.20)
    Soft-r^4(d,a)=(-2.00, 0.10) at (x,y,z) = ( 5.20, 2.60, 0.00)
    Soft-r^4(d,a)=(-2.00, 0.10) at (x,y,z) = ( 5.20, 2.60, 1.30)
    Soft-r^4(d,a)=(-2.00, 0.10) at (x,y,z) = ( 5.20, 2.60, 2.60)
    Soft-r^4(d,a)=(-2.00, 0.10) at (x,y,z) = ( 5.20, 2.60, 3.90)
    Soft-r^4(d,a)=(-2.00, 0.10) at (x,y,z) = ( 5.20, 2.60, 5.20)
    Soft-r^4(d,a)=(-2.00, 0.10) at (x,y,z) = ( 5.20, 3.90, 0.00)
    Soft-r^4(d,a)=(-2.00, 0.10) at (x,y,z) = ( 5.20, 3.90, 1.30)
    Soft-r^4(d,a)=(-2.00, 0.10) at (x,y,z) = ( 5.20, 3.90, 2.60)
    Soft-r^4(d,a)=(-2.00, 0.10) at (x,y,z) = ( 5.20, 3.90, 3.90)
    Soft-r^4(d,a)=(-2.00, 0.10) at (x,y,z) = ( 5.20, 3.90, 5.20)
    Soft-r^4(d,a)=(-2.00, 0.10) at (x,y,z) = ( 5.20, 5.20, 0.00)
    Soft-r^4(d,a)=(-2.00, 0.10) at (x,y,z) = ( 5.20, 5.20, 1.30)
    Soft-r^4(d,a)=(-2.00, 0.10) at (x,y,z) = ( 5.20, 5.20, 2.60)
    Soft-r^4(d,a)=(-2.00, 0.10) at (x,y,z) = ( 5.20, 5.20, 3.90)
    Soft-r^4(d,a)=(-2.00, 0.10) at (x,y,z) = ( 5.20, 5.20, 5.20)


----GRAPH-CREATION-and-PARTITIONING----=======================================
      Setup: Max:   1.438, Sum: 368.237, Balance:   1.000
   Matching: Max:   1.806, Sum: 462.299, Balance:   1.000
Contraction: Max:   0.544, Sum: 139.302, Balance:   1.000
   InitPart: Max:   0.312, Sum:  79.999, Balance:   1.000
    Project: Max:   0.002, Sum:   0.461, Balance:   1.057
 Initialize: Max:   0.340, Sum:  86.999, Balance:   1.001
      K-way: Max:   1.470, Sum: 376.273, Balance:   1.000
      Remap: Max:   0.001, Sum:   0.185, Balance:   1.001
      Total: Max:   5.913, Sum: 1513.840, Balance:   1.000
Final 256-way Cut: 48695992 	Balance: 1.053 

    Number of nodes:
         Rank0.........5.435E+03
         Averg.........5.199E+03
         Total.........1.331E+06
    Number of edges:
         Rank0.........1.732E+06
         Averg.........1.696E+06
         Total.........4.342E+08
    Memory usage.[MB]:
         Rank0.........2.651E+01
         Averg.........2.596E+01
         Total.........6.646E+03


----MATRIX-ALLOCATION----=====================================================
    Dimension of matrix H or S:
              Rank0..............5.435E+03 (5435)
              Averg..............5.199E+03       
              Total..............1.331E+06 (1331000)
    Nonzero entries in H or S:
              Rank0..............1.738E+06 (1737638)
              Averg..............1.701E+06       
              Total..............4.355E+08 (435519512)
    Sparseness of H or S (fraction):
              Rank0..............2.402E-04
              Averg..............2.458E-04
    Sparseness of H or S (non-zero elemnts in a row):
              Rank0..............319.7
              Averg..............327.2
    Memory usage for H and S [MiB]:
              Rank0..............5.303E+01
              Averg..............5.192E+01
              Total..............1.329E+04


----ASSEMBLING----============================================================
..........10..........20..........30..........40..........50done
Assembling time = 56 [s]



----SOLVING----===============================================================
EPS Object: 256 MPI processes
  type: krylovschur
    Krylov-Schur: 50% of basis vectors kept after restart
  problem type: generalized symmetric eigenvalue problem
  extraction type: Rayleigh-Ritz
  selected portion of the spectrum: smallest real parts
  number of eigenvalues (nev): 100
  number of column vectors (ncv): 300
  maximum dimension of projected problem (mpd): 300
  maximum number of iterations: 1500
  tolerance: 0.0001
  convergence test: relative to the eigenvalue
  estimates of matrix norms (constant): norm(A)=1, norm(B)=1
IP Object: 256 MPI processes
  type: bilinear
  orthogonalization method: classical Gram-Schmidt
  orthogonalization refinement: if needed (eta: 0.7071)
  Matrix Object:   256 MPI processes
    type: mpiaij
    rows=1331000, cols=1331000
    total: nonzeros=435519512, allocated nonzeros=435519512
    total number of mallocs used during MatSetValues calls =0
      not using I-node (on process 0) routines
DS Object: 256 MPI processes
  type: hep
  solving the problem with: Implicit QR method (_steqr)
ST Object: 256 MPI processes
  type: shift
  shift: 0
  matrices A and B have same nonzero pattern
  KSP Object:  (st_)   256 MPI processes
    type: cg
    maximum iterations=10000
    using preconditioner applied to right hand side for initial guess
    tolerances:  relative=1e-05, absolute=1e-50, divergence=10000
    left preconditioning
    using nonzero initial guess
    using PRECONDITIONED norm type for convergence test
  PC Object:  (st_)   256 MPI processes
    type: asm
      Additive Schwarz: total subdomain blocks = 256, amount of overlap = 1
      Additive Schwarz: restriction/interpolation type - RESTRICT
      Local solve is same for all blocks, in the following KSP and PC objects:
    KSP Object:    (st_sub_)     1 MPI processes
      type: preonly
      maximum iterations=10000, initial guess is zero
      tolerances:  relative=1e-05, absolute=1e-50, divergence=10000
      left preconditioning
      using DEFAULT norm type for convergence test
    PC Object:    (st_sub_)     1 MPI processes
      type: icc
        0 levels of fill
        tolerance for zero pivot 2.22045e-14
        using Manteuffel shift
        matrix ordering: natural
      linear system matrix = precond matrix:
      Matrix Object:       1 MPI processes
        type: seqaij
        rows=12873, cols=12873
        total: nonzeros=3566787, allocated nonzeros=3566787
        total number of mallocs used during MatSetValues calls =0
          not using I-node routines
    linear system matrix = precond matrix:
    Matrix Object:     256 MPI processes
      type: mpiaij
      rows=1331000, cols=1331000
      total: nonzeros=435519512, allocated nonzeros=435519512
      total number of mallocs used during MatSetValues calls =0
        not using I-node (on process 0) routines


  1 EPS nconv=9 first unconverged value (error) -18.9102 (7.41393112e-02)
  2 EPS nconv=11 first unconverged value (error) -18.8128 (4.15801023e-04)
  3 EPS nconv=35 first unconverged value (error) -17.2008 (1.03801406e-04)
  4 EPS nconv=38 first unconverged value (error) -17.2006 (8.64966281e-04)
  5 EPS nconv=65 first unconverged value (error) -16.1083 (3.46693645e-04)
  6 EPS nconv=65 first unconverged value (error) -16.7012 (3.28404778e-04)
  7 EPS nconv=86 first unconverged value (error) -15.2684 (4.11604550e-03)
  8 EPS nconv=98 first unconverged value (error) -14.8132 (9.09366126e-04)
  9 EPS nconv=150 first unconverged value (error) -12.6524 (2.23737337e-03)

--------------------------------------------------------------
    Number of iterations of the method.............9
    Number of linear iterations of the method......5224
    Solution method................................krylovschur
    Number of requested eigenvalues................100
    Stopping condition: eps_tol....................1.000000E-04
    Stopping condition: eps_max_it.................1500
--------------------------------------------------------------


             EIGENVALUES            ERROR
====================================================
    0    -2.0411003801E+01     1.3025024022E-07
    1    -1.9859288715E+01     1.3313758595E-07
    2    -1.9859285720E+01     1.1964303275E-07
    3    -1.9859238170E+01     1.6903920624E-07
    4    -1.9359738430E+01     1.0067160507E-07
    5    -1.9345400382E+01     1.7713464170E-07
    6    -1.9345346803E+01     1.5676390190E-07
    7    -1.9316671111E+01     1.4253878083E-07
    8    -1.9316653496E+01     8.4662386439E-08
    9    -1.9316641007E+01     1.2091042374E-07
   10    -1.8812853935E+01     1.7069207292E-07
   11    -1.8812845906E+01     1.1276160188E-07
   12    -1.8812825384E+01     1.7569293565E-07
   13    -1.8803476837E+01     1.0739894626E-07
   14    -1.8803474180E+01     1.3419019239E-07
   15    -1.8803467625E+01     1.3567431155E-07
   16    -1.8782690645E+01     1.0931163386E-07
   17    -1.8317434037E+01     9.2872385376E-08
   18    -1.8303063753E+01     1.4669059274E-07
   19    -1.8303049428E+01     1.4270791360E-07
   20    -1.8274713091E+01     1.2155422834E-07
   21    -1.8274698219E+01     8.6385453124E-08
   22    -1.8274688865E+01     1.2147661984E-07
   23    -1.7774509975E+01     1.0025449373E-07
   24    -1.7774502270E+01     1.8022508380E-07
   25    -1.7774477490E+01     1.7625756632E-07
   26    -1.7724649301E+01     1.3974892911E-07
   27    -1.7724644499E+01     2.3431751277E-07
   28    -1.7724633663E+01     1.3254049632E-07
   29    -1.7662327025E+01     8.4221156166E-08
   30    -1.7656630773E+01     1.2777094392E-07
   31    -1.7656623787E+01     1.0362631284E-07
   32    -1.7281601209E+01     1.3386892548E-07
   33    -1.7233102812E+01     7.0189275018E-07
   34    -1.7233099983E+01     2.6636498939E-07
   35    -1.7233087576E+01     3.1972393293E-07
   36    -1.7200821761E+01     1.1588310112E-07
   37    -1.7200814049E+01     8.3417800394E-08
   38    -1.7200809910E+01     9.5879747339E-08
   39    -1.7154956397E+01     1.7997188841E-07
   40    -1.7154955175E+01     1.6941945525E-07
   41    -1.7154947065E+01     2.3396570501E-07
   42    -1.7151206837E+01     1.7058454826E-07
   43    -1.7151205444E+01     1.7108936472E-07
   44    -1.7151198274E+01     2.1331202364E-07
   45    -1.6748587795E+01     9.6766041360E-08
   46    -1.6701298138E+01     6.8340035190E-07
   47    -1.6701296036E+01     7.5062283891E-08
   48    -1.6701278854E+01     4.1905781165E-07
   49    -1.6700631576E+01     2.3428237224E-07
   50    -1.6700626280E+01     7.4461478106E-08
   51    -1.6693018197E+01     5.4232144085E-07
   52    -1.6693013122E+01     8.0469413295E-08
   53    -1.6693010687E+01     5.5372967577E-07
   54    -1.6673175289E+01     1.0503801567E-07
   55    -1.6664641236E+01     8.8495900829E-07
   56    -1.6664633520E+01     9.7316622267E-07
   57    -1.6654816477E+01     1.2670290898E-07
   58    -1.6654814838E+01     1.4088151835E-07
   59    -1.6654804690E+01     1.8268059349E-07
   60    -1.6609500883E+01     8.6134763894E-08
   61    -1.6609488907E+01     9.3295453007E-08
   62    -1.6600567316E+01     9.1380567556E-08
   63    -1.6212260491E+01     2.9311322559E-07
   64    -1.6212260167E+01     1.9655557557E-07
   65    -1.6212253067E+01     1.8369560475E-07
   66    -1.6183021919E+01     1.5813796854E-07
   67    -1.6183019836E+01     7.9036778174E-08
   68    -1.6183017655E+01     2.9274731760E-07
   69    -1.6170091838E+01     5.9529703850E-07
   70    -1.6170090225E+01     1.1072483694E-07
   71    -1.6170083489E+01     1.2352402488E-07
   72    -1.6108308947E+01     7.9523205820E-08
   73    -1.6108303594E+01     9.1466711179E-08
   74    -1.6108295217E+01     1.0010484275E-07
   75    -1.5687511632E+01     1.0639076330E-07
   76    -1.5685599840E+01     1.1620326776E-07
   77    -1.5685591951E+01     1.7507749536E-07
   78    -1.5685587424E+01     7.6663543527E-07
   79    -1.5601393308E+01     7.7560643887E-08
   80    -1.5601383004E+01     1.0759758523E-07
   81    -1.5336345082E+01     6.3231479662E-08
   82    -1.5336342215E+01     7.8315203082E-08
   83    -1.5336338520E+01     8.1416988925E-08
   84    -1.5268931693E+01     1.2826937696E-07
   85    -1.5268927001E+01     7.2998788894E-08
   86    -1.5268926622E+01     5.3185435439E-07
   87    -1.5264819271E+01     1.0440219273E-07
   88    -1.5264817119E+01     8.6775220157E-08
   89    -1.5264814908E+01     1.0656559550E-07
   90    -1.5204060908E+01     8.2390225123E-08
   91    -1.5197889214E+01     1.1418885821E-07
   92    -1.5197884970E+01     1.3666789249E-07
   93    -1.4896508003E+01     8.5997197699E-08
   94    -1.4848546464E+01     1.3338426287E-07
   95    -1.4848544500E+01     2.2972978517E-07
   96    -1.4813265323E+01     3.2566449463E-07
   97    -1.4813262014E+01     6.8864314433E-08
   98    -1.4813258578E+01     2.8188551663E-07
   99    -1.4780000331E+01     2.0957291713E-07
  100    -1.4779996763E+01     1.7639117806E-07
  101    -1.4779995608E+01     8.4530144044E-08
  102    -1.4741585181E+01     1.8711262579E-07
  103    -1.4741571008E+01     2.2024333150E-07
  104    -1.4741563634E+01     2.4109406817E-07
  105    -1.4731244471E+01     1.7887431761E-07
  106    -1.4731240629E+01     6.5876049928E-08
  107    -1.4731236646E+01     7.7878683291E-08
  108    -1.4339888784E+01     1.0276093916E-07
  109    -1.4339887235E+01     7.7928154745E-08
  110    -1.4339880920E+01     1.6057908574E-07
  111    -1.4304572159E+01     1.3918861898E-07
  112    -1.4304570322E+01     2.8817511075E-07
  113    -1.4304567643E+01     1.0040357060E-07
  114    -1.4271392924E+01     8.4163978526E-08
  115    -1.4245812438E+01     1.5214080817E-07
  116    -1.4245811730E+01     1.6172121443E-07
  117    -1.4245808815E+01     2.8967747892E-07
  118    -1.4201418997E+01     1.3601474741E-07
  119    -1.4201411282E+01     2.8109768763E-07
  120    -1.4201400182E+01     1.8295822362E-07
  121    -1.4183349790E+01     1.7415641570E-07
  122    -1.4183345915E+01     1.6735280127E-07
  123    -1.4159432099E+01     1.9777302003E-07
  124    -1.4159428182E+01     1.4658295881E-07
  125    -1.4159418785E+01     1.6304384573E-07
  126    -1.3667280263E+01     1.3574956983E-07
  127    -1.3630445807E+01     2.7704272136E-07
  128    -1.3630442004E+01     1.9919512718E-07
  129    -1.3630437943E+01     2.3531707674E-07
  130    -1.3620402201E+01     2.7834365812E-07
  131    -1.3620395001E+01     1.2526294615E-06
  132    -1.3620389511E+01     3.3449807200E-07
  133    -1.3609443779E+01     1.4254478827E-07
  134    -1.3609440205E+01     1.5256083673E-07
  135    -1.3223264420E+01     1.3783241055E-07
  136    -1.3185873072E+01     2.7498979565E-07
  137    -1.3167677164E+01     2.1815165167E-07
  138    -1.3167670275E+01     1.9007479599E-07
  139    -1.3110515099E+01     2.0792613596E-07
  140    -1.3110512344E+01     2.3684797672E-07
  141    -1.3093827287E+01     3.0043028235E-07
  142    -1.3093818707E+01     2.9396207763E-07
  143    -1.3057946978E+01     2.8769007217E-07
  144    -1.3057936285E+01     2.3625709092E-07
  145    -1.3037747032E+01     2.3219083564E-07
  146    -1.3037745421E+01     2.1744818150E-07
  147    -1.2967401948E+01     1.1715420427E-07
  148    -1.2654217578E+01     4.6065998127E-07
  149    -1.2654207388E+01     2.5510498387E-07


 TOTAL TIME = 1545 [s]
