===============================================================================
 RRRRR  SSSSS  H   H  RRRRR    Zbigniew ROMANOWSKI                             
 R   R  S      H   H  R   R                                                    
 RRRRR  SSSSS  HHHHH  RRRRR    version: 5.x                                    
 R  R       S  H   H  R  R                                                     
 R   R  SSSSS  H   H  R   R    compilation date: Dec 19 2012 (09:23:33)                       
===============================================================================

Start of calculation: Wed Dec 19 09:52:21 2012

PEs = 4

----INITIALIZATION----========================================================
DOMAIN:
    BsplDeg = 3, CubatOrder = 6, CubatNodeNo = 216
    h = 4.000000E-01
    Nx = 50,    Ny = 50,   Nz = 50
    X0 = -5.000000E+00,    Xmax = 1.500000E+01
    Y0 = -5.000000E+00,    Ymax = 1.500000E+01
    Z0 = -5.000000E+00,    Zmax = 1.500000E+01

NUMBER OF 'ATOMS' = 512
    Gauss(d,a)=(-20.00,-2.00) at (x,y,z) = ( 0.00, 0.00, 0.00)
    Gauss(d,a)=(-20.00,-2.00) at (x,y,z) = ( 0.00, 0.00, 1.40)
    Gauss(d,a)=(-20.00,-2.00) at (x,y,z) = ( 0.00, 0.00, 2.80)
    Gauss(d,a)=(-20.00,-2.00) at (x,y,z) = ( 0.00, 0.00, 4.20)
    Gauss(d,a)=(-20.00,-2.00) at (x,y,z) = ( 0.00, 0.00, 5.60)
    Gauss(d,a)=(-20.00,-2.00) at (x,y,z) = ( 0.00, 0.00, 7.00)
    Gauss(d,a)=(-20.00,-2.00) at (x,y,z) = ( 0.00, 0.00, 8.40)
    Gauss(d,a)=(-20.00,-2.00) at (x,y,z) = ( 0.00, 0.00, 9.80)
    Gauss(d,a)=(-20.00,-2.00) at (x,y,z) = ( 0.00, 1.40, 0.00)
    Gauss(d,a)=(-20.00,-2.00) at (x,y,z) = ( 0.00, 1.40, 1.40)
    Gauss(d,a)=(-20.00,-2.00) at (x,y,z) = ( 0.00, 1.40, 2.80)
    Gauss(d,a)=(-20.00,-2.00) at (x,y,z) = ( 0.00, 1.40, 4.20)
    Gauss(d,a)=(-20.00,-2.00) at (x,y,z) = ( 0.00, 1.40, 5.60)
    Gauss(d,a)=(-20.00,-2.00) at (x,y,z) = ( 0.00, 1.40, 7.00)
    Gauss(d,a)=(-20.00,-2.00) at (x,y,z) = ( 0.00, 1.40, 8.40)
    Gauss(d,a)=(-20.00,-2.00) at (x,y,z) = ( 0.00, 1.40, 9.80)
    Gauss(d,a)=(-20.00,-2.00) at (x,y,z) = ( 0.00, 2.80, 0.00)
    Gauss(d,a)=(-20.00,-2.00) at (x,y,z) = ( 0.00, 2.80, 1.40)
    Gauss(d,a)=(-20.00,-2.00) at (x,y,z) = ( 0.00, 2.80, 2.80)
    Gauss(d,a)=(-20.00,-2.00) at (x,y,z) = ( 0.00, 2.80, 4.20)
    Gauss(d,a)=(-20.00,-2.00) at (x,y,z) = ( 0.00, 2.80, 5.60)
    Gauss(d,a)=(-20.00,-2.00) at (x,y,z) = ( 0.00, 2.80, 7.00)
    Gauss(d,a)=(-20.00,-2.00) at (x,y,z) = ( 0.00, 2.80, 8.40)
    Gauss(d,a)=(-20.00,-2.00) at (x,y,z) = ( 0.00, 2.80, 9.80)
    Gauss(d,a)=(-20.00,-2.00) at (x,y,z) = ( 0.00, 4.20, 0.00)
    Gauss(d,a)=(-20.00,-2.00) at (x,y,z) = ( 0.00, 4.20, 1.40)
    Gauss(d,a)=(-20.00,-2.00) at (x,y,z) = ( 0.00, 4.20, 2.80)
    Gauss(d,a)=(-20.00,-2.00) at (x,y,z) = ( 0.00, 4.20, 4.20)
    Gauss(d,a)=(-20.00,-2.00) at (x,y,z) = ( 0.00, 4.20, 5.60)
    Gauss(d,a)=(-20.00,-2.00) at (x,y,z) = ( 0.00, 4.20, 7.00)
    Gauss(d,a)=(-20.00,-2.00) at (x,y,z) = ( 0.00, 4.20, 8.40)
    Gauss(d,a)=(-20.00,-2.00) at (x,y,z) = ( 0.00, 4.20, 9.80)
    Gauss(d,a)=(-20.00,-2.00) at (x,y,z) = ( 0.00, 5.60, 0.00)
    Gauss(d,a)=(-20.00,-2.00) at (x,y,z) = ( 0.00, 5.60, 1.40)
    Gauss(d,a)=(-20.00,-2.00) at (x,y,z) = ( 0.00, 5.60, 2.80)
    Gauss(d,a)=(-20.00,-2.00) at (x,y,z) = ( 0.00, 5.60, 4.20)
    Gauss(d,a)=(-20.00,-2.00) at (x,y,z) = ( 0.00, 5.60, 5.60)
    Gauss(d,a)=(-20.00,-2.00) at (x,y,z) = ( 0.00, 5.60, 7.00)
    Gauss(d,a)=(-20.00,-2.00) at (x,y,z) = ( 0.00, 5.60, 8.40)
    Gauss(d,a)=(-20.00,-2.00) at (x,y,z) = ( 0.00, 5.60, 9.80)
    Gauss(d,a)=(-20.00,-2.00) at (x,y,z) = ( 0.00, 7.00, 0.00)
    Gauss(d,a)=(-20.00,-2.00) at (x,y,z) = ( 0.00, 7.00, 1.40)
    Gauss(d,a)=(-20.00,-2.00) at (x,y,z) = ( 0.00, 7.00, 2.80)
    Gauss(d,a)=(-20.00,-2.00) at (x,y,z) = ( 0.00, 7.00, 4.20)
    Gauss(d,a)=(-20.00,-2.00) at (x,y,z) = ( 0.00, 7.00, 5.60)
    Gauss(d,a)=(-20.00,-2.00) at (x,y,z) = ( 0.00, 7.00, 7.00)
    Gauss(d,a)=(-20.00,-2.00) at (x,y,z) = ( 0.00, 7.00, 8.40)
    Gauss(d,a)=(-20.00,-2.00) at (x,y,z) = ( 0.00, 7.00, 9.80)
    Gauss(d,a)=(-20.00,-2.00) at (x,y,z) = ( 0.00, 8.40, 0.00)
    Gauss(d,a)=(-20.00,-2.00) at (x,y,z) = ( 0.00, 8.40, 1.40)
    Gauss(d,a)=(-20.00,-2.00) at (x,y,z) = ( 0.00, 8.40, 2.80)
    Gauss(d,a)=(-20.00,-2.00) at (x,y,z) = ( 0.00, 8.40, 4.20)
    Gauss(d,a)=(-20.00,-2.00) at (x,y,z) = ( 0.00, 8.40, 5.60)
    Gauss(d,a)=(-20.00,-2.00) at (x,y,z) = ( 0.00, 8.40, 7.00)
    Gauss(d,a)=(-20.00,-2.00) at (x,y,z) = ( 0.00, 8.40, 8.40)
    Gauss(d,a)=(-20.00,-2.00) at (x,y,z) = ( 0.00, 8.40, 9.80)
    Gauss(d,a)=(-20.00,-2.00) at (x,y,z) = ( 0.00, 9.80, 0.00)
    Gauss(d,a)=(-20.00,-2.00) at (x,y,z) = ( 0.00, 9.80, 1.40)
    Gauss(d,a)=(-20.00,-2.00) at (x,y,z) = ( 0.00, 9.80, 2.80)
    Gauss(d,a)=(-20.00,-2.00) at (x,y,z) = ( 0.00, 9.80, 4.20)
    Gauss(d,a)=(-20.00,-2.00) at (x,y,z) = ( 0.00, 9.80, 5.60)
    Gauss(d,a)=(-20.00,-2.00) at (x,y,z) = ( 0.00, 9.80, 7.00)
    Gauss(d,a)=(-20.00,-2.00) at (x,y,z) = ( 0.00, 9.80, 8.40)
    Gauss(d,a)=(-20.00,-2.00) at (x,y,z) = ( 0.00, 9.80, 9.80)
    Gauss(d,a)=(-20.00,-2.00) at (x,y,z) = ( 1.40, 0.00, 0.00)
    Gauss(d,a)=(-20.00,-2.00) at (x,y,z) = ( 1.40, 0.00, 1.40)
    Gauss(d,a)=(-20.00,-2.00) at (x,y,z) = ( 1.40, 0.00, 2.80)
    Gauss(d,a)=(-20.00,-2.00) at (x,y,z) = ( 1.40, 0.00, 4.20)
    Gauss(d,a)=(-20.00,-2.00) at (x,y,z) = ( 1.40, 0.00, 5.60)
    Gauss(d,a)=(-20.00,-2.00) at (x,y,z) = ( 1.40, 0.00, 7.00)
    Gauss(d,a)=(-20.00,-2.00) at (x,y,z) = ( 1.40, 0.00, 8.40)
    Gauss(d,a)=(-20.00,-2.00) at (x,y,z) = ( 1.40, 0.00, 9.80)
    Gauss(d,a)=(-20.00,-2.00) at (x,y,z) = ( 1.40, 1.40, 0.00)
    Gauss(d,a)=(-20.00,-2.00) at (x,y,z) = ( 1.40, 1.40, 1.40)
    Gauss(d,a)=(-20.00,-2.00) at (x,y,z) = ( 1.40, 1.40, 2.80)
    Gauss(d,a)=(-20.00,-2.00) at (x,y,z) = ( 1.40, 1.40, 4.20)
    Gauss(d,a)=(-20.00,-2.00) at (x,y,z) = ( 1.40, 1.40, 5.60)
    Gauss(d,a)=(-20.00,-2.00) at (x,y,z) = ( 1.40, 1.40, 7.00)
    Gauss(d,a)=(-20.00,-2.00) at (x,y,z) = ( 1.40, 1.40, 8.40)
    Gauss(d,a)=(-20.00,-2.00) at (x,y,z) = ( 1.40, 1.40, 9.80)
    Gauss(d,a)=(-20.00,-2.00) at (x,y,z) = ( 1.40, 2.80, 0.00)
    Gauss(d,a)=(-20.00,-2.00) at (x,y,z) = ( 1.40, 2.80, 1.40)
    Gauss(d,a)=(-20.00,-2.00) at (x,y,z) = ( 1.40, 2.80, 2.80)
    Gauss(d,a)=(-20.00,-2.00) at (x,y,z) = ( 1.40, 2.80, 4.20)
    Gauss(d,a)=(-20.00,-2.00) at (x,y,z) = ( 1.40, 2.80, 5.60)
    Gauss(d,a)=(-20.00,-2.00) at (x,y,z) = ( 1.40, 2.80, 7.00)
    Gauss(d,a)=(-20.00,-2.00) at (x,y,z) = ( 1.40, 2.80, 8.40)
    Gauss(d,a)=(-20.00,-2.00) at (x,y,z) = ( 1.40, 2.80, 9.80)
    Gauss(d,a)=(-20.00,-2.00) at (x,y,z) = ( 1.40, 4.20, 0.00)
    Gauss(d,a)=(-20.00,-2.00) at (x,y,z) = ( 1.40, 4.20, 1.40)
    Gauss(d,a)=(-20.00,-2.00) at (x,y,z) = ( 1.40, 4.20, 2.80)
    Gauss(d,a)=(-20.00,-2.00) at (x,y,z) = ( 1.40, 4.20, 4.20)
    Gauss(d,a)=(-20.00,-2.00) at (x,y,z) = ( 1.40, 4.20, 5.60)
    Gauss(d,a)=(-20.00,-2.00) at (x,y,z) = ( 1.40, 4.20, 7.00)
    Gauss(d,a)=(-20.00,-2.00) at (x,y,z) = ( 1.40, 4.20, 8.40)
    Gauss(d,a)=(-20.00,-2.00) at (x,y,z) = ( 1.40, 4.20, 9.80)
    Gauss(d,a)=(-20.00,-2.00) at (x,y,z) = ( 1.40, 5.60, 0.00)
    Gauss(d,a)=(-20.00,-2.00) at (x,y,z) = ( 1.40, 5.60, 1.40)
    Gauss(d,a)=(-20.00,-2.00) at (x,y,z) = ( 1.40, 5.60, 2.80)
    Gauss(d,a)=(-20.00,-2.00) at (x,y,z) = ( 1.40, 5.60, 4.20)
    Gauss(d,a)=(-20.00,-2.00) at (x,y,z) = ( 1.40, 5.60, 5.60)
    Gauss(d,a)=(-20.00,-2.00) at (x,y,z) = ( 1.40, 5.60, 7.00)
    Gauss(d,a)=(-20.00,-2.00) at (x,y,z) = ( 1.40, 5.60, 8.40)
    Gauss(d,a)=(-20.00,-2.00) at (x,y,z) = ( 1.40, 5.60, 9.80)
    Gauss(d,a)=(-20.00,-2.00) at (x,y,z) = ( 1.40, 7.00, 0.00)
    Gauss(d,a)=(-20.00,-2.00) at (x,y,z) = ( 1.40, 7.00, 1.40)
    Gauss(d,a)=(-20.00,-2.00) at (x,y,z) = ( 1.40, 7.00, 2.80)
    Gauss(d,a)=(-20.00,-2.00) at (x,y,z) = ( 1.40, 7.00, 4.20)
    Gauss(d,a)=(-20.00,-2.00) at (x,y,z) = ( 1.40, 7.00, 5.60)
    Gauss(d,a)=(-20.00,-2.00) at (x,y,z) = ( 1.40, 7.00, 7.00)
    Gauss(d,a)=(-20.00,-2.00) at (x,y,z) = ( 1.40, 7.00, 8.40)
    Gauss(d,a)=(-20.00,-2.00) at (x,y,z) = ( 1.40, 7.00, 9.80)
    Gauss(d,a)=(-20.00,-2.00) at (x,y,z) = ( 1.40, 8.40, 0.00)
    Gauss(d,a)=(-20.00,-2.00) at (x,y,z) = ( 1.40, 8.40, 1.40)
    Gauss(d,a)=(-20.00,-2.00) at (x,y,z) = ( 1.40, 8.40, 2.80)
    Gauss(d,a)=(-20.00,-2.00) at (x,y,z) = ( 1.40, 8.40, 4.20)
    Gauss(d,a)=(-20.00,-2.00) at (x,y,z) = ( 1.40, 8.40, 5.60)
    Gauss(d,a)=(-20.00,-2.00) at (x,y,z) = ( 1.40, 8.40, 7.00)
    Gauss(d,a)=(-20.00,-2.00) at (x,y,z) = ( 1.40, 8.40, 8.40)
    Gauss(d,a)=(-20.00,-2.00) at (x,y,z) = ( 1.40, 8.40, 9.80)
    Gauss(d,a)=(-20.00,-2.00) at (x,y,z) = ( 1.40, 9.80, 0.00)
    Gauss(d,a)=(-20.00,-2.00) at (x,y,z) = ( 1.40, 9.80, 1.40)
    Gauss(d,a)=(-20.00,-2.00) at (x,y,z) = ( 1.40, 9.80, 2.80)
    Gauss(d,a)=(-20.00,-2.00) at (x,y,z) = ( 1.40, 9.80, 4.20)
    Gauss(d,a)=(-20.00,-2.00) at (x,y,z) = ( 1.40, 9.80, 5.60)
    Gauss(d,a)=(-20.00,-2.00) at (x,y,z) = ( 1.40, 9.80, 7.00)
    Gauss(d,a)=(-20.00,-2.00) at (x,y,z) = ( 1.40, 9.80, 8.40)
    Gauss(d,a)=(-20.00,-2.00) at (x,y,z) = ( 1.40, 9.80, 9.80)
    Gauss(d,a)=(-20.00,-2.00) at (x,y,z) = ( 2.80, 0.00, 0.00)
    Gauss(d,a)=(-20.00,-2.00) at (x,y,z) = ( 2.80, 0.00, 1.40)
    Gauss(d,a)=(-20.00,-2.00) at (x,y,z) = ( 2.80, 0.00, 2.80)
    Gauss(d,a)=(-20.00,-2.00) at (x,y,z) = ( 2.80, 0.00, 4.20)
    Gauss(d,a)=(-20.00,-2.00) at (x,y,z) = ( 2.80, 0.00, 5.60)
    Gauss(d,a)=(-20.00,-2.00) at (x,y,z) = ( 2.80, 0.00, 7.00)
    Gauss(d,a)=(-20.00,-2.00) at (x,y,z) = ( 2.80, 0.00, 8.40)
    Gauss(d,a)=(-20.00,-2.00) at (x,y,z) = ( 2.80, 0.00, 9.80)
    Gauss(d,a)=(-20.00,-2.00) at (x,y,z) = ( 2.80, 1.40, 0.00)
    Gauss(d,a)=(-20.00,-2.00) at (x,y,z) = ( 2.80, 1.40, 1.40)
    Gauss(d,a)=(-20.00,-2.00) at (x,y,z) = ( 2.80, 1.40, 2.80)
    Gauss(d,a)=(-20.00,-2.00) at (x,y,z) = ( 2.80, 1.40, 4.20)
    Gauss(d,a)=(-20.00,-2.00) at (x,y,z) = ( 2.80, 1.40, 5.60)
    Gauss(d,a)=(-20.00,-2.00) at (x,y,z) = ( 2.80, 1.40, 7.00)
    Gauss(d,a)=(-20.00,-2.00) at (x,y,z) = ( 2.80, 1.40, 8.40)
    Gauss(d,a)=(-20.00,-2.00) at (x,y,z) = ( 2.80, 1.40, 9.80)
    Gauss(d,a)=(-20.00,-2.00) at (x,y,z) = ( 2.80, 2.80, 0.00)
    Gauss(d,a)=(-20.00,-2.00) at (x,y,z) = ( 2.80, 2.80, 1.40)
    Gauss(d,a)=(-20.00,-2.00) at (x,y,z) = ( 2.80, 2.80, 2.80)
    Gauss(d,a)=(-20.00,-2.00) at (x,y,z) = ( 2.80, 2.80, 4.20)
    Gauss(d,a)=(-20.00,-2.00) at (x,y,z) = ( 2.80, 2.80, 5.60)
    Gauss(d,a)=(-20.00,-2.00) at (x,y,z) = ( 2.80, 2.80, 7.00)
    Gauss(d,a)=(-20.00,-2.00) at (x,y,z) = ( 2.80, 2.80, 8.40)
    Gauss(d,a)=(-20.00,-2.00) at (x,y,z) = ( 2.80, 2.80, 9.80)
    Gauss(d,a)=(-20.00,-2.00) at (x,y,z) = ( 2.80, 4.20, 0.00)
    Gauss(d,a)=(-20.00,-2.00) at (x,y,z) = ( 2.80, 4.20, 1.40)
    Gauss(d,a)=(-20.00,-2.00) at (x,y,z) = ( 2.80, 4.20, 2.80)
    Gauss(d,a)=(-20.00,-2.00) at (x,y,z) = ( 2.80, 4.20, 4.20)
    Gauss(d,a)=(-20.00,-2.00) at (x,y,z) = ( 2.80, 4.20, 5.60)
    Gauss(d,a)=(-20.00,-2.00) at (x,y,z) = ( 2.80, 4.20, 7.00)
    Gauss(d,a)=(-20.00,-2.00) at (x,y,z) = ( 2.80, 4.20, 8.40)
    Gauss(d,a)=(-20.00,-2.00) at (x,y,z) = ( 2.80, 4.20, 9.80)
    Gauss(d,a)=(-20.00,-2.00) at (x,y,z) = ( 2.80, 5.60, 0.00)
    Gauss(d,a)=(-20.00,-2.00) at (x,y,z) = ( 2.80, 5.60, 1.40)
    Gauss(d,a)=(-20.00,-2.00) at (x,y,z) = ( 2.80, 5.60, 2.80)
    Gauss(d,a)=(-20.00,-2.00) at (x,y,z) = ( 2.80, 5.60, 4.20)
    Gauss(d,a)=(-20.00,-2.00) at (x,y,z) = ( 2.80, 5.60, 5.60)
    Gauss(d,a)=(-20.00,-2.00) at (x,y,z) = ( 2.80, 5.60, 7.00)
    Gauss(d,a)=(-20.00,-2.00) at (x,y,z) = ( 2.80, 5.60, 8.40)
    Gauss(d,a)=(-20.00,-2.00) at (x,y,z) = ( 2.80, 5.60, 9.80)
    Gauss(d,a)=(-20.00,-2.00) at (x,y,z) = ( 2.80, 7.00, 0.00)
    Gauss(d,a)=(-20.00,-2.00) at (x,y,z) = ( 2.80, 7.00, 1.40)
    Gauss(d,a)=(-20.00,-2.00) at (x,y,z) = ( 2.80, 7.00, 2.80)
    Gauss(d,a)=(-20.00,-2.00) at (x,y,z) = ( 2.80, 7.00, 4.20)
    Gauss(d,a)=(-20.00,-2.00) at (x,y,z) = ( 2.80, 7.00, 5.60)
    Gauss(d,a)=(-20.00,-2.00) at (x,y,z) = ( 2.80, 7.00, 7.00)
    Gauss(d,a)=(-20.00,-2.00) at (x,y,z) = ( 2.80, 7.00, 8.40)
    Gauss(d,a)=(-20.00,-2.00) at (x,y,z) = ( 2.80, 7.00, 9.80)
    Gauss(d,a)=(-20.00,-2.00) at (x,y,z) = ( 2.80, 8.40, 0.00)
    Gauss(d,a)=(-20.00,-2.00) at (x,y,z) = ( 2.80, 8.40, 1.40)
    Gauss(d,a)=(-20.00,-2.00) at (x,y,z) = ( 2.80, 8.40, 2.80)
    Gauss(d,a)=(-20.00,-2.00) at (x,y,z) = ( 2.80, 8.40, 4.20)
    Gauss(d,a)=(-20.00,-2.00) at (x,y,z) = ( 2.80, 8.40, 5.60)
    Gauss(d,a)=(-20.00,-2.00) at (x,y,z) = ( 2.80, 8.40, 7.00)
    Gauss(d,a)=(-20.00,-2.00) at (x,y,z) = ( 2.80, 8.40, 8.40)
    Gauss(d,a)=(-20.00,-2.00) at (x,y,z) = ( 2.80, 8.40, 9.80)
    Gauss(d,a)=(-20.00,-2.00) at (x,y,z) = ( 2.80, 9.80, 0.00)
    Gauss(d,a)=(-20.00,-2.00) at (x,y,z) = ( 2.80, 9.80, 1.40)
    Gauss(d,a)=(-20.00,-2.00) at (x,y,z) = ( 2.80, 9.80, 2.80)
    Gauss(d,a)=(-20.00,-2.00) at (x,y,z) = ( 2.80, 9.80, 4.20)
    Gauss(d,a)=(-20.00,-2.00) at (x,y,z) = ( 2.80, 9.80, 5.60)
    Gauss(d,a)=(-20.00,-2.00) at (x,y,z) = ( 2.80, 9.80, 7.00)
    Gauss(d,a)=(-20.00,-2.00) at (x,y,z) = ( 2.80, 9.80, 8.40)
    Gauss(d,a)=(-20.00,-2.00) at (x,y,z) = ( 2.80, 9.80, 9.80)
    Gauss(d,a)=(-20.00,-2.00) at (x,y,z) = ( 4.20, 0.00, 0.00)
    Gauss(d,a)=(-20.00,-2.00) at (x,y,z) = ( 4.20, 0.00, 1.40)
    Gauss(d,a)=(-20.00,-2.00) at (x,y,z) = ( 4.20, 0.00, 2.80)
    Gauss(d,a)=(-20.00,-2.00) at (x,y,z) = ( 4.20, 0.00, 4.20)
    Gauss(d,a)=(-20.00,-2.00) at (x,y,z) = ( 4.20, 0.00, 5.60)
    Gauss(d,a)=(-20.00,-2.00) at (x,y,z) = ( 4.20, 0.00, 7.00)
    Gauss(d,a)=(-20.00,-2.00) at (x,y,z) = ( 4.20, 0.00, 8.40)
    Gauss(d,a)=(-20.00,-2.00) at (x,y,z) = ( 4.20, 0.00, 9.80)
    Gauss(d,a)=(-20.00,-2.00) at (x,y,z) = ( 4.20, 1.40, 0.00)
    Gauss(d,a)=(-20.00,-2.00) at (x,y,z) = ( 4.20, 1.40, 1.40)
    Gauss(d,a)=(-20.00,-2.00) at (x,y,z) = ( 4.20, 1.40, 2.80)
    Gauss(d,a)=(-20.00,-2.00) at (x,y,z) = ( 4.20, 1.40, 4.20)
    Gauss(d,a)=(-20.00,-2.00) at (x,y,z) = ( 4.20, 1.40, 5.60)
    Gauss(d,a)=(-20.00,-2.00) at (x,y,z) = ( 4.20, 1.40, 7.00)
    Gauss(d,a)=(-20.00,-2.00) at (x,y,z) = ( 4.20, 1.40, 8.40)
    Gauss(d,a)=(-20.00,-2.00) at (x,y,z) = ( 4.20, 1.40, 9.80)
    Gauss(d,a)=(-20.00,-2.00) at (x,y,z) = ( 4.20, 2.80, 0.00)
    Gauss(d,a)=(-20.00,-2.00) at (x,y,z) = ( 4.20, 2.80, 1.40)
    Gauss(d,a)=(-20.00,-2.00) at (x,y,z) = ( 4.20, 2.80, 2.80)
    Gauss(d,a)=(-20.00,-2.00) at (x,y,z) = ( 4.20, 2.80, 4.20)
    Gauss(d,a)=(-20.00,-2.00) at (x,y,z) = ( 4.20, 2.80, 5.60)
    Gauss(d,a)=(-20.00,-2.00) at (x,y,z) = ( 4.20, 2.80, 7.00)
    Gauss(d,a)=(-20.00,-2.00) at (x,y,z) = ( 4.20, 2.80, 8.40)
    Gauss(d,a)=(-20.00,-2.00) at (x,y,z) = ( 4.20, 2.80, 9.80)
    Gauss(d,a)=(-20.00,-2.00) at (x,y,z) = ( 4.20, 4.20, 0.00)
    Gauss(d,a)=(-20.00,-2.00) at (x,y,z) = ( 4.20, 4.20, 1.40)
    Gauss(d,a)=(-20.00,-2.00) at (x,y,z) = ( 4.20, 4.20, 2.80)
    Gauss(d,a)=(-20.00,-2.00) at (x,y,z) = ( 4.20, 4.20, 4.20)
    Gauss(d,a)=(-20.00,-2.00) at (x,y,z) = ( 4.20, 4.20, 5.60)
    Gauss(d,a)=(-20.00,-2.00) at (x,y,z) = ( 4.20, 4.20, 7.00)
    Gauss(d,a)=(-20.00,-2.00) at (x,y,z) = ( 4.20, 4.20, 8.40)
    Gauss(d,a)=(-20.00,-2.00) at (x,y,z) = ( 4.20, 4.20, 9.80)
    Gauss(d,a)=(-20.00,-2.00) at (x,y,z) = ( 4.20, 5.60, 0.00)
    Gauss(d,a)=(-20.00,-2.00) at (x,y,z) = ( 4.20, 5.60, 1.40)
    Gauss(d,a)=(-20.00,-2.00) at (x,y,z) = ( 4.20, 5.60, 2.80)
    Gauss(d,a)=(-20.00,-2.00) at (x,y,z) = ( 4.20, 5.60, 4.20)
    Gauss(d,a)=(-20.00,-2.00) at (x,y,z) = ( 4.20, 5.60, 5.60)
    Gauss(d,a)=(-20.00,-2.00) at (x,y,z) = ( 4.20, 5.60, 7.00)
    Gauss(d,a)=(-20.00,-2.00) at (x,y,z) = ( 4.20, 5.60, 8.40)
    Gauss(d,a)=(-20.00,-2.00) at (x,y,z) = ( 4.20, 5.60, 9.80)
    Gauss(d,a)=(-20.00,-2.00) at (x,y,z) = ( 4.20, 7.00, 0.00)
    Gauss(d,a)=(-20.00,-2.00) at (x,y,z) = ( 4.20, 7.00, 1.40)
    Gauss(d,a)=(-20.00,-2.00) at (x,y,z) = ( 4.20, 7.00, 2.80)
    Gauss(d,a)=(-20.00,-2.00) at (x,y,z) = ( 4.20, 7.00, 4.20)
    Gauss(d,a)=(-20.00,-2.00) at (x,y,z) = ( 4.20, 7.00, 5.60)
    Gauss(d,a)=(-20.00,-2.00) at (x,y,z) = ( 4.20, 7.00, 7.00)
    Gauss(d,a)=(-20.00,-2.00) at (x,y,z) = ( 4.20, 7.00, 8.40)
    Gauss(d,a)=(-20.00,-2.00) at (x,y,z) = ( 4.20, 7.00, 9.80)
    Gauss(d,a)=(-20.00,-2.00) at (x,y,z) = ( 4.20, 8.40, 0.00)
    Gauss(d,a)=(-20.00,-2.00) at (x,y,z) = ( 4.20, 8.40, 1.40)
    Gauss(d,a)=(-20.00,-2.00) at (x,y,z) = ( 4.20, 8.40, 2.80)
    Gauss(d,a)=(-20.00,-2.00) at (x,y,z) = ( 4.20, 8.40, 4.20)
    Gauss(d,a)=(-20.00,-2.00) at (x,y,z) = ( 4.20, 8.40, 5.60)
    Gauss(d,a)=(-20.00,-2.00) at (x,y,z) = ( 4.20, 8.40, 7.00)
    Gauss(d,a)=(-20.00,-2.00) at (x,y,z) = ( 4.20, 8.40, 8.40)
    Gauss(d,a)=(-20.00,-2.00) at (x,y,z) = ( 4.20, 8.40, 9.80)
    Gauss(d,a)=(-20.00,-2.00) at (x,y,z) = ( 4.20, 9.80, 0.00)
    Gauss(d,a)=(-20.00,-2.00) at (x,y,z) = ( 4.20, 9.80, 1.40)
    Gauss(d,a)=(-20.00,-2.00) at (x,y,z) = ( 4.20, 9.80, 2.80)
    Gauss(d,a)=(-20.00,-2.00) at (x,y,z) = ( 4.20, 9.80, 4.20)
    Gauss(d,a)=(-20.00,-2.00) at (x,y,z) = ( 4.20, 9.80, 5.60)
    Gauss(d,a)=(-20.00,-2.00) at (x,y,z) = ( 4.20, 9.80, 7.00)
    Gauss(d,a)=(-20.00,-2.00) at (x,y,z) = ( 4.20, 9.80, 8.40)
    Gauss(d,a)=(-20.00,-2.00) at (x,y,z) = ( 4.20, 9.80, 9.80)
    Gauss(d,a)=(-20.00,-2.00) at (x,y,z) = ( 5.60, 0.00, 0.00)
    Gauss(d,a)=(-20.00,-2.00) at (x,y,z) = ( 5.60, 0.00, 1.40)
    Gauss(d,a)=(-20.00,-2.00) at (x,y,z) = ( 5.60, 0.00, 2.80)
    Gauss(d,a)=(-20.00,-2.00) at (x,y,z) = ( 5.60, 0.00, 4.20)
    Gauss(d,a)=(-20.00,-2.00) at (x,y,z) = ( 5.60, 0.00, 5.60)
    Gauss(d,a)=(-20.00,-2.00) at (x,y,z) = ( 5.60, 0.00, 7.00)
    Gauss(d,a)=(-20.00,-2.00) at (x,y,z) = ( 5.60, 0.00, 8.40)
    Gauss(d,a)=(-20.00,-2.00) at (x,y,z) = ( 5.60, 0.00, 9.80)
    Gauss(d,a)=(-20.00,-2.00) at (x,y,z) = ( 5.60, 1.40, 0.00)
    Gauss(d,a)=(-20.00,-2.00) at (x,y,z) = ( 5.60, 1.40, 1.40)
    Gauss(d,a)=(-20.00,-2.00) at (x,y,z) = ( 5.60, 1.40, 2.80)
    Gauss(d,a)=(-20.00,-2.00) at (x,y,z) = ( 5.60, 1.40, 4.20)
    Gauss(d,a)=(-20.00,-2.00) at (x,y,z) = ( 5.60, 1.40, 5.60)
    Gauss(d,a)=(-20.00,-2.00) at (x,y,z) = ( 5.60, 1.40, 7.00)
    Gauss(d,a)=(-20.00,-2.00) at (x,y,z) = ( 5.60, 1.40, 8.40)
    Gauss(d,a)=(-20.00,-2.00) at (x,y,z) = ( 5.60, 1.40, 9.80)
    Gauss(d,a)=(-20.00,-2.00) at (x,y,z) = ( 5.60, 2.80, 0.00)
    Gauss(d,a)=(-20.00,-2.00) at (x,y,z) = ( 5.60, 2.80, 1.40)
    Gauss(d,a)=(-20.00,-2.00) at (x,y,z) = ( 5.60, 2.80, 2.80)
    Gauss(d,a)=(-20.00,-2.00) at (x,y,z) = ( 5.60, 2.80, 4.20)
    Gauss(d,a)=(-20.00,-2.00) at (x,y,z) = ( 5.60, 2.80, 5.60)
    Gauss(d,a)=(-20.00,-2.00) at (x,y,z) = ( 5.60, 2.80, 7.00)
    Gauss(d,a)=(-20.00,-2.00) at (x,y,z) = ( 5.60, 2.80, 8.40)
    Gauss(d,a)=(-20.00,-2.00) at (x,y,z) = ( 5.60, 2.80, 9.80)
    Gauss(d,a)=(-20.00,-2.00) at (x,y,z) = ( 5.60, 4.20, 0.00)
    Gauss(d,a)=(-20.00,-2.00) at (x,y,z) = ( 5.60, 4.20, 1.40)
    Gauss(d,a)=(-20.00,-2.00) at (x,y,z) = ( 5.60, 4.20, 2.80)
    Gauss(d,a)=(-20.00,-2.00) at (x,y,z) = ( 5.60, 4.20, 4.20)
    Gauss(d,a)=(-20.00,-2.00) at (x,y,z) = ( 5.60, 4.20, 5.60)
    Gauss(d,a)=(-20.00,-2.00) at (x,y,z) = ( 5.60, 4.20, 7.00)
    Gauss(d,a)=(-20.00,-2.00) at (x,y,z) = ( 5.60, 4.20, 8.40)
    Gauss(d,a)=(-20.00,-2.00) at (x,y,z) = ( 5.60, 4.20, 9.80)
    Gauss(d,a)=(-20.00,-2.00) at (x,y,z) = ( 5.60, 5.60, 0.00)
    Gauss(d,a)=(-20.00,-2.00) at (x,y,z) = ( 5.60, 5.60, 1.40)
    Gauss(d,a)=(-20.00,-2.00) at (x,y,z) = ( 5.60, 5.60, 2.80)
    Gauss(d,a)=(-20.00,-2.00) at (x,y,z) = ( 5.60, 5.60, 4.20)
    Gauss(d,a)=(-20.00,-2.00) at (x,y,z) = ( 5.60, 5.60, 5.60)
    Gauss(d,a)=(-20.00,-2.00) at (x,y,z) = ( 5.60, 5.60, 7.00)
    Gauss(d,a)=(-20.00,-2.00) at (x,y,z) = ( 5.60, 5.60, 8.40)
    Gauss(d,a)=(-20.00,-2.00) at (x,y,z) = ( 5.60, 5.60, 9.80)
    Gauss(d,a)=(-20.00,-2.00) at (x,y,z) = ( 5.60, 7.00, 0.00)
    Gauss(d,a)=(-20.00,-2.00) at (x,y,z) = ( 5.60, 7.00, 1.40)
    Gauss(d,a)=(-20.00,-2.00) at (x,y,z) = ( 5.60, 7.00, 2.80)
    Gauss(d,a)=(-20.00,-2.00) at (x,y,z) = ( 5.60, 7.00, 4.20)
    Gauss(d,a)=(-20.00,-2.00) at (x,y,z) = ( 5.60, 7.00, 5.60)
    Gauss(d,a)=(-20.00,-2.00) at (x,y,z) = ( 5.60, 7.00, 7.00)
    Gauss(d,a)=(-20.00,-2.00) at (x,y,z) = ( 5.60, 7.00, 8.40)
    Gauss(d,a)=(-20.00,-2.00) at (x,y,z) = ( 5.60, 7.00, 9.80)
    Gauss(d,a)=(-20.00,-2.00) at (x,y,z) = ( 5.60, 8.40, 0.00)
    Gauss(d,a)=(-20.00,-2.00) at (x,y,z) = ( 5.60, 8.40, 1.40)
    Gauss(d,a)=(-20.00,-2.00) at (x,y,z) = ( 5.60, 8.40, 2.80)
    Gauss(d,a)=(-20.00,-2.00) at (x,y,z) = ( 5.60, 8.40, 4.20)
    Gauss(d,a)=(-20.00,-2.00) at (x,y,z) = ( 5.60, 8.40, 5.60)
    Gauss(d,a)=(-20.00,-2.00) at (x,y,z) = ( 5.60, 8.40, 7.00)
    Gauss(d,a)=(-20.00,-2.00) at (x,y,z) = ( 5.60, 8.40, 8.40)
    Gauss(d,a)=(-20.00,-2.00) at (x,y,z) = ( 5.60, 8.40, 9.80)
    Gauss(d,a)=(-20.00,-2.00) at (x,y,z) = ( 5.60, 9.80, 0.00)
    Gauss(d,a)=(-20.00,-2.00) at (x,y,z) = ( 5.60, 9.80, 1.40)
    Gauss(d,a)=(-20.00,-2.00) at (x,y,z) = ( 5.60, 9.80, 2.80)
    Gauss(d,a)=(-20.00,-2.00) at (x,y,z) = ( 5.60, 9.80, 4.20)
    Gauss(d,a)=(-20.00,-2.00) at (x,y,z) = ( 5.60, 9.80, 5.60)
    Gauss(d,a)=(-20.00,-2.00) at (x,y,z) = ( 5.60, 9.80, 7.00)
    Gauss(d,a)=(-20.00,-2.00) at (x,y,z) = ( 5.60, 9.80, 8.40)
    Gauss(d,a)=(-20.00,-2.00) at (x,y,z) = ( 5.60, 9.80, 9.80)
    Gauss(d,a)=(-20.00,-2.00) at (x,y,z) = ( 7.00, 0.00, 0.00)
    Gauss(d,a)=(-20.00,-2.00) at (x,y,z) = ( 7.00, 0.00, 1.40)
    Gauss(d,a)=(-20.00,-2.00) at (x,y,z) = ( 7.00, 0.00, 2.80)
    Gauss(d,a)=(-20.00,-2.00) at (x,y,z) = ( 7.00, 0.00, 4.20)
    Gauss(d,a)=(-20.00,-2.00) at (x,y,z) = ( 7.00, 0.00, 5.60)
    Gauss(d,a)=(-20.00,-2.00) at (x,y,z) = ( 7.00, 0.00, 7.00)
    Gauss(d,a)=(-20.00,-2.00) at (x,y,z) = ( 7.00, 0.00, 8.40)
    Gauss(d,a)=(-20.00,-2.00) at (x,y,z) = ( 7.00, 0.00, 9.80)
    Gauss(d,a)=(-20.00,-2.00) at (x,y,z) = ( 7.00, 1.40, 0.00)
    Gauss(d,a)=(-20.00,-2.00) at (x,y,z) = ( 7.00, 1.40, 1.40)
    Gauss(d,a)=(-20.00,-2.00) at (x,y,z) = ( 7.00, 1.40, 2.80)
    Gauss(d,a)=(-20.00,-2.00) at (x,y,z) = ( 7.00, 1.40, 4.20)
    Gauss(d,a)=(-20.00,-2.00) at (x,y,z) = ( 7.00, 1.40, 5.60)
    Gauss(d,a)=(-20.00,-2.00) at (x,y,z) = ( 7.00, 1.40, 7.00)
    Gauss(d,a)=(-20.00,-2.00) at (x,y,z) = ( 7.00, 1.40, 8.40)
    Gauss(d,a)=(-20.00,-2.00) at (x,y,z) = ( 7.00, 1.40, 9.80)
    Gauss(d,a)=(-20.00,-2.00) at (x,y,z) = ( 7.00, 2.80, 0.00)
    Gauss(d,a)=(-20.00,-2.00) at (x,y,z) = ( 7.00, 2.80, 1.40)
    Gauss(d,a)=(-20.00,-2.00) at (x,y,z) = ( 7.00, 2.80, 2.80)
    Gauss(d,a)=(-20.00,-2.00) at (x,y,z) = ( 7.00, 2.80, 4.20)
    Gauss(d,a)=(-20.00,-2.00) at (x,y,z) = ( 7.00, 2.80, 5.60)
    Gauss(d,a)=(-20.00,-2.00) at (x,y,z) = ( 7.00, 2.80, 7.00)
    Gauss(d,a)=(-20.00,-2.00) at (x,y,z) = ( 7.00, 2.80, 8.40)
    Gauss(d,a)=(-20.00,-2.00) at (x,y,z) = ( 7.00, 2.80, 9.80)
    Gauss(d,a)=(-20.00,-2.00) at (x,y,z) = ( 7.00, 4.20, 0.00)
    Gauss(d,a)=(-20.00,-2.00) at (x,y,z) = ( 7.00, 4.20, 1.40)
    Gauss(d,a)=(-20.00,-2.00) at (x,y,z) = ( 7.00, 4.20, 2.80)
    Gauss(d,a)=(-20.00,-2.00) at (x,y,z) = ( 7.00, 4.20, 4.20)
    Gauss(d,a)=(-20.00,-2.00) at (x,y,z) = ( 7.00, 4.20, 5.60)
    Gauss(d,a)=(-20.00,-2.00) at (x,y,z) = ( 7.00, 4.20, 7.00)
    Gauss(d,a)=(-20.00,-2.00) at (x,y,z) = ( 7.00, 4.20, 8.40)
    Gauss(d,a)=(-20.00,-2.00) at (x,y,z) = ( 7.00, 4.20, 9.80)
    Gauss(d,a)=(-20.00,-2.00) at (x,y,z) = ( 7.00, 5.60, 0.00)
    Gauss(d,a)=(-20.00,-2.00) at (x,y,z) = ( 7.00, 5.60, 1.40)
    Gauss(d,a)=(-20.00,-2.00) at (x,y,z) = ( 7.00, 5.60, 2.80)
    Gauss(d,a)=(-20.00,-2.00) at (x,y,z) = ( 7.00, 5.60, 4.20)
    Gauss(d,a)=(-20.00,-2.00) at (x,y,z) = ( 7.00, 5.60, 5.60)
    Gauss(d,a)=(-20.00,-2.00) at (x,y,z) = ( 7.00, 5.60, 7.00)
    Gauss(d,a)=(-20.00,-2.00) at (x,y,z) = ( 7.00, 5.60, 8.40)
    Gauss(d,a)=(-20.00,-2.00) at (x,y,z) = ( 7.00, 5.60, 9.80)
    Gauss(d,a)=(-20.00,-2.00) at (x,y,z) = ( 7.00, 7.00, 0.00)
    Gauss(d,a)=(-20.00,-2.00) at (x,y,z) = ( 7.00, 7.00, 1.40)
    Gauss(d,a)=(-20.00,-2.00) at (x,y,z) = ( 7.00, 7.00, 2.80)
    Gauss(d,a)=(-20.00,-2.00) at (x,y,z) = ( 7.00, 7.00, 4.20)
    Gauss(d,a)=(-20.00,-2.00) at (x,y,z) = ( 7.00, 7.00, 5.60)
    Gauss(d,a)=(-20.00,-2.00) at (x,y,z) = ( 7.00, 7.00, 7.00)
    Gauss(d,a)=(-20.00,-2.00) at (x,y,z) = ( 7.00, 7.00, 8.40)
    Gauss(d,a)=(-20.00,-2.00) at (x,y,z) = ( 7.00, 7.00, 9.80)
    Gauss(d,a)=(-20.00,-2.00) at (x,y,z) = ( 7.00, 8.40, 0.00)
    Gauss(d,a)=(-20.00,-2.00) at (x,y,z) = ( 7.00, 8.40, 1.40)
    Gauss(d,a)=(-20.00,-2.00) at (x,y,z) = ( 7.00, 8.40, 2.80)
    Gauss(d,a)=(-20.00,-2.00) at (x,y,z) = ( 7.00, 8.40, 4.20)
    Gauss(d,a)=(-20.00,-2.00) at (x,y,z) = ( 7.00, 8.40, 5.60)
    Gauss(d,a)=(-20.00,-2.00) at (x,y,z) = ( 7.00, 8.40, 7.00)
    Gauss(d,a)=(-20.00,-2.00) at (x,y,z) = ( 7.00, 8.40, 8.40)
    Gauss(d,a)=(-20.00,-2.00) at (x,y,z) = ( 7.00, 8.40, 9.80)
    Gauss(d,a)=(-20.00,-2.00) at (x,y,z) = ( 7.00, 9.80, 0.00)
    Gauss(d,a)=(-20.00,-2.00) at (x,y,z) = ( 7.00, 9.80, 1.40)
    Gauss(d,a)=(-20.00,-2.00) at (x,y,z) = ( 7.00, 9.80, 2.80)
    Gauss(d,a)=(-20.00,-2.00) at (x,y,z) = ( 7.00, 9.80, 4.20)
    Gauss(d,a)=(-20.00,-2.00) at (x,y,z) = ( 7.00, 9.80, 5.60)
    Gauss(d,a)=(-20.00,-2.00) at (x,y,z) = ( 7.00, 9.80, 7.00)
    Gauss(d,a)=(-20.00,-2.00) at (x,y,z) = ( 7.00, 9.80, 8.40)
    Gauss(d,a)=(-20.00,-2.00) at (x,y,z) = ( 7.00, 9.80, 9.80)
    Gauss(d,a)=(-20.00,-2.00) at (x,y,z) = ( 8.40, 0.00, 0.00)
    Gauss(d,a)=(-20.00,-2.00) at (x,y,z) = ( 8.40, 0.00, 1.40)
    Gauss(d,a)=(-20.00,-2.00) at (x,y,z) = ( 8.40, 0.00, 2.80)
    Gauss(d,a)=(-20.00,-2.00) at (x,y,z) = ( 8.40, 0.00, 4.20)
    Gauss(d,a)=(-20.00,-2.00) at (x,y,z) = ( 8.40, 0.00, 5.60)
    Gauss(d,a)=(-20.00,-2.00) at (x,y,z) = ( 8.40, 0.00, 7.00)
    Gauss(d,a)=(-20.00,-2.00) at (x,y,z) = ( 8.40, 0.00, 8.40)
    Gauss(d,a)=(-20.00,-2.00) at (x,y,z) = ( 8.40, 0.00, 9.80)
    Gauss(d,a)=(-20.00,-2.00) at (x,y,z) = ( 8.40, 1.40, 0.00)
    Gauss(d,a)=(-20.00,-2.00) at (x,y,z) = ( 8.40, 1.40, 1.40)
    Gauss(d,a)=(-20.00,-2.00) at (x,y,z) = ( 8.40, 1.40, 2.80)
    Gauss(d,a)=(-20.00,-2.00) at (x,y,z) = ( 8.40, 1.40, 4.20)
    Gauss(d,a)=(-20.00,-2.00) at (x,y,z) = ( 8.40, 1.40, 5.60)
    Gauss(d,a)=(-20.00,-2.00) at (x,y,z) = ( 8.40, 1.40, 7.00)
    Gauss(d,a)=(-20.00,-2.00) at (x,y,z) = ( 8.40, 1.40, 8.40)
    Gauss(d,a)=(-20.00,-2.00) at (x,y,z) = ( 8.40, 1.40, 9.80)
    Gauss(d,a)=(-20.00,-2.00) at (x,y,z) = ( 8.40, 2.80, 0.00)
    Gauss(d,a)=(-20.00,-2.00) at (x,y,z) = ( 8.40, 2.80, 1.40)
    Gauss(d,a)=(-20.00,-2.00) at (x,y,z) = ( 8.40, 2.80, 2.80)
    Gauss(d,a)=(-20.00,-2.00) at (x,y,z) = ( 8.40, 2.80, 4.20)
    Gauss(d,a)=(-20.00,-2.00) at (x,y,z) = ( 8.40, 2.80, 5.60)
    Gauss(d,a)=(-20.00,-2.00) at (x,y,z) = ( 8.40, 2.80, 7.00)
    Gauss(d,a)=(-20.00,-2.00) at (x,y,z) = ( 8.40, 2.80, 8.40)
    Gauss(d,a)=(-20.00,-2.00) at (x,y,z) = ( 8.40, 2.80, 9.80)
    Gauss(d,a)=(-20.00,-2.00) at (x,y,z) = ( 8.40, 4.20, 0.00)
    Gauss(d,a)=(-20.00,-2.00) at (x,y,z) = ( 8.40, 4.20, 1.40)
    Gauss(d,a)=(-20.00,-2.00) at (x,y,z) = ( 8.40, 4.20, 2.80)
    Gauss(d,a)=(-20.00,-2.00) at (x,y,z) = ( 8.40, 4.20, 4.20)
    Gauss(d,a)=(-20.00,-2.00) at (x,y,z) = ( 8.40, 4.20, 5.60)
    Gauss(d,a)=(-20.00,-2.00) at (x,y,z) = ( 8.40, 4.20, 7.00)
    Gauss(d,a)=(-20.00,-2.00) at (x,y,z) = ( 8.40, 4.20, 8.40)
    Gauss(d,a)=(-20.00,-2.00) at (x,y,z) = ( 8.40, 4.20, 9.80)
    Gauss(d,a)=(-20.00,-2.00) at (x,y,z) = ( 8.40, 5.60, 0.00)
    Gauss(d,a)=(-20.00,-2.00) at (x,y,z) = ( 8.40, 5.60, 1.40)
    Gauss(d,a)=(-20.00,-2.00) at (x,y,z) = ( 8.40, 5.60, 2.80)
    Gauss(d,a)=(-20.00,-2.00) at (x,y,z) = ( 8.40, 5.60, 4.20)
    Gauss(d,a)=(-20.00,-2.00) at (x,y,z) = ( 8.40, 5.60, 5.60)
    Gauss(d,a)=(-20.00,-2.00) at (x,y,z) = ( 8.40, 5.60, 7.00)
    Gauss(d,a)=(-20.00,-2.00) at (x,y,z) = ( 8.40, 5.60, 8.40)
    Gauss(d,a)=(-20.00,-2.00) at (x,y,z) = ( 8.40, 5.60, 9.80)
    Gauss(d,a)=(-20.00,-2.00) at (x,y,z) = ( 8.40, 7.00, 0.00)
    Gauss(d,a)=(-20.00,-2.00) at (x,y,z) = ( 8.40, 7.00, 1.40)
    Gauss(d,a)=(-20.00,-2.00) at (x,y,z) = ( 8.40, 7.00, 2.80)
    Gauss(d,a)=(-20.00,-2.00) at (x,y,z) = ( 8.40, 7.00, 4.20)
    Gauss(d,a)=(-20.00,-2.00) at (x,y,z) = ( 8.40, 7.00, 5.60)
    Gauss(d,a)=(-20.00,-2.00) at (x,y,z) = ( 8.40, 7.00, 7.00)
    Gauss(d,a)=(-20.00,-2.00) at (x,y,z) = ( 8.40, 7.00, 8.40)
    Gauss(d,a)=(-20.00,-2.00) at (x,y,z) = ( 8.40, 7.00, 9.80)
    Gauss(d,a)=(-20.00,-2.00) at (x,y,z) = ( 8.40, 8.40, 0.00)
    Gauss(d,a)=(-20.00,-2.00) at (x,y,z) = ( 8.40, 8.40, 1.40)
    Gauss(d,a)=(-20.00,-2.00) at (x,y,z) = ( 8.40, 8.40, 2.80)
    Gauss(d,a)=(-20.00,-2.00) at (x,y,z) = ( 8.40, 8.40, 4.20)
    Gauss(d,a)=(-20.00,-2.00) at (x,y,z) = ( 8.40, 8.40, 5.60)
    Gauss(d,a)=(-20.00,-2.00) at (x,y,z) = ( 8.40, 8.40, 7.00)
    Gauss(d,a)=(-20.00,-2.00) at (x,y,z) = ( 8.40, 8.40, 8.40)
    Gauss(d,a)=(-20.00,-2.00) at (x,y,z) = ( 8.40, 8.40, 9.80)
    Gauss(d,a)=(-20.00,-2.00) at (x,y,z) = ( 8.40, 9.80, 0.00)
    Gauss(d,a)=(-20.00,-2.00) at (x,y,z) = ( 8.40, 9.80, 1.40)
    Gauss(d,a)=(-20.00,-2.00) at (x,y,z) = ( 8.40, 9.80, 2.80)
    Gauss(d,a)=(-20.00,-2.00) at (x,y,z) = ( 8.40, 9.80, 4.20)
    Gauss(d,a)=(-20.00,-2.00) at (x,y,z) = ( 8.40, 9.80, 5.60)
    Gauss(d,a)=(-20.00,-2.00) at (x,y,z) = ( 8.40, 9.80, 7.00)
    Gauss(d,a)=(-20.00,-2.00) at (x,y,z) = ( 8.40, 9.80, 8.40)
    Gauss(d,a)=(-20.00,-2.00) at (x,y,z) = ( 8.40, 9.80, 9.80)
    Gauss(d,a)=(-20.00,-2.00) at (x,y,z) = ( 9.80, 0.00, 0.00)
    Gauss(d,a)=(-20.00,-2.00) at (x,y,z) = ( 9.80, 0.00, 1.40)
    Gauss(d,a)=(-20.00,-2.00) at (x,y,z) = ( 9.80, 0.00, 2.80)
    Gauss(d,a)=(-20.00,-2.00) at (x,y,z) = ( 9.80, 0.00, 4.20)
    Gauss(d,a)=(-20.00,-2.00) at (x,y,z) = ( 9.80, 0.00, 5.60)
    Gauss(d,a)=(-20.00,-2.00) at (x,y,z) = ( 9.80, 0.00, 7.00)
    Gauss(d,a)=(-20.00,-2.00) at (x,y,z) = ( 9.80, 0.00, 8.40)
    Gauss(d,a)=(-20.00,-2.00) at (x,y,z) = ( 9.80, 0.00, 9.80)
    Gauss(d,a)=(-20.00,-2.00) at (x,y,z) = ( 9.80, 1.40, 0.00)
    Gauss(d,a)=(-20.00,-2.00) at (x,y,z) = ( 9.80, 1.40, 1.40)
    Gauss(d,a)=(-20.00,-2.00) at (x,y,z) = ( 9.80, 1.40, 2.80)
    Gauss(d,a)=(-20.00,-2.00) at (x,y,z) = ( 9.80, 1.40, 4.20)
    Gauss(d,a)=(-20.00,-2.00) at (x,y,z) = ( 9.80, 1.40, 5.60)
    Gauss(d,a)=(-20.00,-2.00) at (x,y,z) = ( 9.80, 1.40, 7.00)
    Gauss(d,a)=(-20.00,-2.00) at (x,y,z) = ( 9.80, 1.40, 8.40)
    Gauss(d,a)=(-20.00,-2.00) at (x,y,z) = ( 9.80, 1.40, 9.80)
    Gauss(d,a)=(-20.00,-2.00) at (x,y,z) = ( 9.80, 2.80, 0.00)
    Gauss(d,a)=(-20.00,-2.00) at (x,y,z) = ( 9.80, 2.80, 1.40)
    Gauss(d,a)=(-20.00,-2.00) at (x,y,z) = ( 9.80, 2.80, 2.80)
    Gauss(d,a)=(-20.00,-2.00) at (x,y,z) = ( 9.80, 2.80, 4.20)
    Gauss(d,a)=(-20.00,-2.00) at (x,y,z) = ( 9.80, 2.80, 5.60)
    Gauss(d,a)=(-20.00,-2.00) at (x,y,z) = ( 9.80, 2.80, 7.00)
    Gauss(d,a)=(-20.00,-2.00) at (x,y,z) = ( 9.80, 2.80, 8.40)
    Gauss(d,a)=(-20.00,-2.00) at (x,y,z) = ( 9.80, 2.80, 9.80)
    Gauss(d,a)=(-20.00,-2.00) at (x,y,z) = ( 9.80, 4.20, 0.00)
    Gauss(d,a)=(-20.00,-2.00) at (x,y,z) = ( 9.80, 4.20, 1.40)
    Gauss(d,a)=(-20.00,-2.00) at (x,y,z) = ( 9.80, 4.20, 2.80)
    Gauss(d,a)=(-20.00,-2.00) at (x,y,z) = ( 9.80, 4.20, 4.20)
    Gauss(d,a)=(-20.00,-2.00) at (x,y,z) = ( 9.80, 4.20, 5.60)
    Gauss(d,a)=(-20.00,-2.00) at (x,y,z) = ( 9.80, 4.20, 7.00)
    Gauss(d,a)=(-20.00,-2.00) at (x,y,z) = ( 9.80, 4.20, 8.40)
    Gauss(d,a)=(-20.00,-2.00) at (x,y,z) = ( 9.80, 4.20, 9.80)
    Gauss(d,a)=(-20.00,-2.00) at (x,y,z) = ( 9.80, 5.60, 0.00)
    Gauss(d,a)=(-20.00,-2.00) at (x,y,z) = ( 9.80, 5.60, 1.40)
    Gauss(d,a)=(-20.00,-2.00) at (x,y,z) = ( 9.80, 5.60, 2.80)
    Gauss(d,a)=(-20.00,-2.00) at (x,y,z) = ( 9.80, 5.60, 4.20)
    Gauss(d,a)=(-20.00,-2.00) at (x,y,z) = ( 9.80, 5.60, 5.60)
    Gauss(d,a)=(-20.00,-2.00) at (x,y,z) = ( 9.80, 5.60, 7.00)
    Gauss(d,a)=(-20.00,-2.00) at (x,y,z) = ( 9.80, 5.60, 8.40)
    Gauss(d,a)=(-20.00,-2.00) at (x,y,z) = ( 9.80, 5.60, 9.80)
    Gauss(d,a)=(-20.00,-2.00) at (x,y,z) = ( 9.80, 7.00, 0.00)
    Gauss(d,a)=(-20.00,-2.00) at (x,y,z) = ( 9.80, 7.00, 1.40)
    Gauss(d,a)=(-20.00,-2.00) at (x,y,z) = ( 9.80, 7.00, 2.80)
    Gauss(d,a)=(-20.00,-2.00) at (x,y,z) = ( 9.80, 7.00, 4.20)
    Gauss(d,a)=(-20.00,-2.00) at (x,y,z) = ( 9.80, 7.00, 5.60)
    Gauss(d,a)=(-20.00,-2.00) at (x,y,z) = ( 9.80, 7.00, 7.00)
    Gauss(d,a)=(-20.00,-2.00) at (x,y,z) = ( 9.80, 7.00, 8.40)
    Gauss(d,a)=(-20.00,-2.00) at (x,y,z) = ( 9.80, 7.00, 9.80)
    Gauss(d,a)=(-20.00,-2.00) at (x,y,z) = ( 9.80, 8.40, 0.00)
    Gauss(d,a)=(-20.00,-2.00) at (x,y,z) = ( 9.80, 8.40, 1.40)
    Gauss(d,a)=(-20.00,-2.00) at (x,y,z) = ( 9.80, 8.40, 2.80)
    Gauss(d,a)=(-20.00,-2.00) at (x,y,z) = ( 9.80, 8.40, 4.20)
    Gauss(d,a)=(-20.00,-2.00) at (x,y,z) = ( 9.80, 8.40, 5.60)
    Gauss(d,a)=(-20.00,-2.00) at (x,y,z) = ( 9.80, 8.40, 7.00)
    Gauss(d,a)=(-20.00,-2.00) at (x,y,z) = ( 9.80, 8.40, 8.40)
    Gauss(d,a)=(-20.00,-2.00) at (x,y,z) = ( 9.80, 8.40, 9.80)
    Gauss(d,a)=(-20.00,-2.00) at (x,y,z) = ( 9.80, 9.80, 0.00)
    Gauss(d,a)=(-20.00,-2.00) at (x,y,z) = ( 9.80, 9.80, 1.40)
    Gauss(d,a)=(-20.00,-2.00) at (x,y,z) = ( 9.80, 9.80, 2.80)
    Gauss(d,a)=(-20.00,-2.00) at (x,y,z) = ( 9.80, 9.80, 4.20)
    Gauss(d,a)=(-20.00,-2.00) at (x,y,z) = ( 9.80, 9.80, 5.60)
    Gauss(d,a)=(-20.00,-2.00) at (x,y,z) = ( 9.80, 9.80, 7.00)
    Gauss(d,a)=(-20.00,-2.00) at (x,y,z) = ( 9.80, 9.80, 8.40)
    Gauss(d,a)=(-20.00,-2.00) at (x,y,z) = ( 9.80, 9.80, 9.80)


----GRAPH-CREATION-and-PARTITIONING----=======================================
      Setup: Max:   0.326, Sum:   1.305, Balance:   1.000
   Matching: Max:   0.117, Sum:   0.467, Balance:   1.000
Contraction: Max:   0.202, Sum:   0.807, Balance:   1.000
   InitPart: Max:   0.003, Sum:   0.013, Balance:   1.000
    Project: Max:   0.001, Sum:   0.002, Balance:   1.028
 Initialize: Max:   0.138, Sum:   0.554, Balance:   1.000
      K-way: Max:   0.238, Sum:   0.951, Balance:   1.000
      Remap: Max:   0.000, Sum:   0.000, Balance:   1.007
      Total: Max:   1.025, Sum:   4.099, Balance:   1.000
Final   4-way Cut: 1179468 	Balance: 1.046 

    Number of nodes:
         Rank0.........2.506E+04
         Averg.........2.596E+04
         Total.........1.038E+05
    Number of edges:
         Rank0.........7.632E+06
         Averg.........7.938E+06
         Total.........3.175E+07
    Memory usage.[MB]:
         Rank0.........1.168E+02
         Averg.........1.215E+02
         Total.........4.861E+02


----MATRIX-ALLOCATION----=====================================================
    Dimension of matrix H or S:
              Rank0..............2.506E+04 (25064)
              Averg..............2.596E+04       
              Total..............1.038E+05 (103823)
    Nonzero entries in H or S:
              Rank0..............7.657E+06 (7656595)
              Averg..............7.964E+06       
              Total..............3.186E+07 (31855013)
    Sparseness of H or S (fraction):
              Rank0..............2.942E-03
              Averg..............2.955E-03
    Sparseness of H or S (non-zero elemnts in a row):
              Rank0..............305.5
              Averg..............306.8
    Memory usage for H and S [MiB]:
              Rank0..............2.337E+02
              Averg..............2.430E+02
              Total..............9.721E+02


----ASSEMBLING----============================================================
..........10..........20..........30..........40..........50done
Assembling time = 222 [s]



----SOLVING----===============================================================
EPS Object: 4 MPI processes
  type: krylovschur
    Krylov-Schur: 50% of basis vectors kept after restart
  problem type: generalized symmetric eigenvalue problem
  extraction type: Rayleigh-Ritz
  selected portion of the spectrum: smallest real parts
  number of eigenvalues (nev): 600
  number of column vectors (ncv): 1200
  maximum dimension of projected problem (mpd): 1200
  maximum number of iterations: 500
  tolerance: 0.0001
  convergence test: relative to the eigenvalue
  estimates of matrix norms (constant): norm(A)=1, norm(B)=1
IP Object: 4 MPI processes
  type: bilinear
  orthogonalization method: classical Gram-Schmidt
  orthogonalization refinement: if needed (eta: 0.7071)
  Matrix Object:   4 MPI processes
    type: mpiaij
    rows=103823, cols=103823
    total: nonzeros=31855013, allocated nonzeros=31855013
    total number of mallocs used during MatSetValues calls =0
      not using I-node (on process 0) routines
DS Object: 4 MPI processes
  type: hep
  solving the problem with: Implicit QR method (_steqr)
ST Object: 4 MPI processes
  type: shift
  shift: 0
  matrices A and B have same nonzero pattern
  KSP Object:  (st_)   4 MPI processes
    type: cg
    maximum iterations=10000
    using preconditioner applied to right hand side for initial guess
    tolerances:  relative=1e-05, absolute=1e-50, divergence=10000
    left preconditioning
    using nonzero initial guess
    using PRECONDITIONED norm type for convergence test
  PC Object:  (st_)   4 MPI processes
    type: asm
      Additive Schwarz: total subdomain blocks = 4, amount of overlap = 1
      Additive Schwarz: restriction/interpolation type - RESTRICT
      Local solve is same for all blocks, in the following KSP and PC objects:
    KSP Object:    (st_sub_)     1 MPI processes
      type: preonly
      maximum iterations=10000, initial guess is zero
      tolerances:  relative=1e-05, absolute=1e-50, divergence=10000
      left preconditioning
      using DEFAULT norm type for convergence test
    PC Object:    (st_sub_)     1 MPI processes
      type: icc
        0 levels of fill
        tolerance for zero pivot 2.22045e-14
        using Manteuffel shift
        matrix ordering: natural
      linear system matrix = precond matrix:
      Matrix Object:       1 MPI processes
        type: seqaij
        rows=32532, cols=32532
        total: nonzeros=9408756, allocated nonzeros=9408756
        total number of mallocs used during MatSetValues calls =0
          not using I-node routines
    linear system matrix = precond matrix:
    Matrix Object:     4 MPI processes
      type: mpiaij
      rows=103823, cols=103823
      total: nonzeros=31855013, allocated nonzeros=31855013
      total number of mallocs used during MatSetValues calls =0
        not using I-node (on process 0) routines


  1 EPS nconv=28 first unconverged value (error) -14.4004 (1.96741155e-03)
  2 EPS nconv=65 first unconverged value (error) -13.9206 (1.62844847e-02)
  3 EPS nconv=107 first unconverged value (error) -13.5691 (3.66224385e-04)
  4 EPS nconv=128 first unconverged value (error) -13.4552 (4.67526789e-04)
  5 EPS nconv=143 first unconverged value (error) -13.3493 (2.68358888e-04)
  6 EPS nconv=202 first unconverged value (error) -13.0421 (3.86429915e-03)
  7 EPS nconv=274 first unconverged value (error) -12.6526 (1.75554398e-04)
  8 EPS nconv=412 first unconverged value (error) -11.7859 (1.14254638e-04)
  9 EPS nconv=574 first unconverged value (error) -10.0459 (2.10561964e-04)
 10 EPS nconv=624 first unconverged value (error) -9.68635 (4.89315361e-03)

--------------------------------------------------------------
    Number of iterations of the method.............10
    Number of linear iterations of the method......17041
    Solution method................................krylovschur
    Number of requested eigenvalues................600
    Stopping condition: eps_tol....................1.000000E-04
    Stopping condition: eps_max_it.................500
--------------------------------------------------------------


             EIGENVALUES            ERROR
====================================================
    0    -1.5070739040E+01     1.3123203486E-07
    1    -1.4956382775E+01     1.7188702305E-07
    2    -1.4956376512E+01     1.7842294773E-07
    3    -1.4956373354E+01     2.1914057660E-07
    4    -1.4842025496E+01     1.3940264659E-07
    5    -1.4842022661E+01     1.2918072826E-07
    6    -1.4842021569E+01     1.0733018231E-07
    7    -1.4769038930E+01     1.4221882714E-07
    8    -1.4769006122E+01     1.3675608109E-07
    9    -1.4768996345E+01     1.9494940159E-07
   10    -1.4727682920E+01     1.7184875249E-07
   11    -1.4654695209E+01     2.0438046598E-07
   12    -1.4654693460E+01     3.6930987035E-07
   13    -1.4654688248E+01     1.6648591084E-07
   14    -1.4654668513E+01     3.0423706118E-07
   15    -1.4654664046E+01     2.4985565804E-07
   16    -1.4654660122E+01     2.2504081404E-07
   17    -1.4540356531E+01     1.8777044686E-07
   18    -1.4540356358E+01     1.0757383887E-07
   19    -1.4540350823E+01     1.3308650829E-07
   20    -1.4514742436E+01     2.0273628856E-07
   21    -1.4514728720E+01     1.6723704269E-07
   22    -1.4514726239E+01     1.8182086328E-07
   23    -1.4467402286E+01     1.7584575352E-07
   24    -1.4467360943E+01     1.4207129776E-07
   25    -1.4467356921E+01     1.5881470522E-07
   26    -1.4400538963E+01     2.9595499844E-07
   27    -1.4400537485E+01     2.6347049702E-07
   28    -1.4400536633E+01     3.7098420787E-07
   29    -1.4400328802E+01     1.1539734074E-07
   30    -1.4400326738E+01     1.4512882200E-07
   31    -1.4400323520E+01     1.4649535530E-07
   32    -1.4353074207E+01     1.5001680471E-07
   33    -1.4353067721E+01     1.2632570068E-07
   34    -1.4353064472E+01     1.4756111556E-07
   35    -1.4286356610E+01     1.3664792395E-07
   36    -1.4286040702E+01     1.2345386300E-07
   37    -1.4286039756E+01     1.1172326269E-07
   38    -1.4213220194E+01     1.5831854369E-07
   39    -1.4213215367E+01     1.8888957448E-07
   40    -1.4213206574E+01     1.7569678631E-07
   41    -1.4213185922E+01     2.6551556656E-07
   42    -1.4213184229E+01     2.0703881385E-07
   43    -1.4213182409E+01     2.0329985157E-07
   44    -1.4206079271E+01     1.8324915719E-07
   45    -1.4205947798E+01     1.3124176105E-07
   46    -1.4205945349E+01     2.0272205177E-07
   47    -1.4165823753E+01     1.6790928764E-07
   48    -1.4099042404E+01     2.4625263283E-07
   49    -1.4099036648E+01     2.4714159863E-07
   50    -1.4099033949E+01     2.5819042158E-07
   51    -1.4098830399E+01     2.1175958330E-07
   52    -1.4098829610E+01     2.5205942532E-07
   53    -1.4098819703E+01     1.6463186168E-07
   54    -1.4091801599E+01     1.6686199281E-07
   55    -1.4091796146E+01     1.6409858420E-07
   56    -1.4091789600E+01     1.3211465888E-07
   57    -1.4091714983E+01     1.8283111269E-07
   58    -1.4091710469E+01     3.7736596817E-07
   59    -1.4091704560E+01     2.2719404098E-07
   60    -1.3977535445E+01     1.4888261839E-07
   61    -1.3977526377E+01     1.9185334567E-07
   62    -1.3977520776E+01     1.3772326615E-07
   63    -1.3959152508E+01     1.7524686798E-07
   64    -1.3959147404E+01     1.9205133674E-07
   65    -1.3959146905E+01     1.7093988006E-07
   66    -1.3911772741E+01     2.6332182870E-07
   67    -1.3911753745E+01     2.0254982502E-07
   68    -1.3911751919E+01     1.8375419825E-07
   69    -1.3905106414E+01     1.7141830454E-07
   70    -1.3905029044E+01     1.9149215792E-07
   71    -1.3905022720E+01     1.5160796964E-07
   72    -1.3904264038E+01     1.6847246006E-07
   73    -1.3904259456E+01     1.4755409025E-07
   74    -1.3904177468E+01     1.2988929702E-07
   75    -1.3870116088E+01     3.4185786351E-07
   76    -1.3870102492E+01     2.1861266678E-07
   77    -1.3870092973E+01     3.4016392163E-07
   78    -1.3845133236E+01     1.5994074910E-07
   79    -1.3844813004E+01     1.5273725306E-07
   80    -1.3844812491E+01     1.4194390034E-07
   81    -1.3790851640E+01     1.0847674496E-07
   82    -1.3790845773E+01     1.3000856927E-07
   83    -1.3790843749E+01     1.2513163564E-07
   84    -1.3790033946E+01     1.3421794208E-07
   85    -1.3790031415E+01     1.0268212614E-07
   86    -1.3790026792E+01     1.2800009577E-07
   87    -1.3756240095E+01     1.6845025034E-07
   88    -1.3756239435E+01     2.9994335839E-07
   89    -1.3756231200E+01     1.9548865078E-07
   90    -1.3755733434E+01     2.0496475092E-07
   91    -1.3755732123E+01     4.3016118401E-07
   92    -1.3755728345E+01     1.7708334802E-07
   93    -1.3657831307E+01     2.1965077635E-07
   94    -1.3657818795E+01     1.5921606060E-07
   95    -1.3657813777E+01     2.0643061657E-07
   96    -1.3650867193E+01     2.1325006239E-07
   97    -1.3650862589E+01     2.6080400632E-07
   98    -1.3650861943E+01     3.2791101183E-07
   99    -1.3650780070E+01     1.7971962892E-07
  100    -1.3650778664E+01     2.9452857540E-07
  101    -1.3650774823E+01     3.1608255725E-07
  102    -1.3642383847E+01     1.6537487386E-07
  103    -1.3641624425E+01     1.3734854573E-07
  104    -1.3641622793E+01     1.2820725802E-07
  105    -1.3604215465E+01     1.6800046704E-07
  106    -1.3602987167E+01     1.0767522941E-07
  107    -1.3602981987E+01     1.2178927739E-07
  108    -1.3569125148E+01     1.9261424183E-07
  109    -1.3569116920E+01     2.3148377119E-07
  110    -1.3569114057E+01     1.9033935702E-06
  111    -1.3569095151E+01     1.4666030199E-07
  112    -1.3569090649E+01     1.6918008462E-07
  113    -1.3569080012E+01     1.7289890470E-07
  114    -1.3536771017E+01     2.4719051358E-07
  115    -1.3536761847E+01     1.8902325039E-07
  116    -1.3536758310E+01     1.5290241322E-07
  117    -1.3536554701E+01     1.3818283686E-07
  118    -1.3536550812E+01     2.3489525583E-07
  119    -1.3536541816E+01     1.8225110990E-07
  120    -1.3509544697E+01     1.4702381406E-07
  121    -1.3508959019E+01     2.2926301462E-07
  122    -1.3508954953E+01     2.3769329012E-07
  123    -1.3457217265E+01     1.7437672655E-07
  124    -1.3457187402E+01     4.2086440206E-07
  125    -1.3457183640E+01     4.0333198570E-07
  126    -1.3455279389E+01     4.5101438485E-07
  127    -1.3455274371E+01     1.2466814595E-07
  128    -1.3455272067E+01     2.1585203769E-07
  129    -1.3454768061E+01     3.4207503140E-07
  130    -1.3454766379E+01     2.4583229278E-07
  131    -1.3454764160E+01     3.0544170719E-07
  132    -1.3404012621E+01     1.5039358474E-07
  133    -1.3395119024E+01     2.0077279981E-07
  134    -1.3395114893E+01     2.1719530660E-07
  135    -1.3395113150E+01     2.2531719828E-07
  136    -1.3394731574E+01     2.2931900997E-07
  137    -1.3394729131E+01     1.8165182053E-07
  138    -1.3394723921E+01     1.8970731395E-07
  139    -1.3350110599E+01     2.2863925139E-07
  140    -1.3350102526E+01     2.2035692569E-07
  141    -1.3350099107E+01     2.0503009057E-07
  142    -1.3349274725E+01     2.1830537501E-07
  143    -1.3349273887E+01     1.0511663105E-07
  144    -1.3349263648E+01     2.2143267944E-07
  145    -1.3343944675E+01     1.4119933823E-07
  146    -1.3343931671E+01     2.3531215042E-07
  147    -1.3343928610E+01     1.6312425488E-07
  148    -1.3342980481E+01     1.6603943662E-07
  149    -1.3342858445E+01     1.4507756395E-07
  150    -1.3342855409E+01     2.2405323609E-07
  151    -1.3342451177E+01     1.4163041441E-07
  152    -1.3342448868E+01     1.3214446891E-07
  153    -1.3342435677E+01     1.7815466703E-07
  154    -1.3316710512E+01     2.3034428922E-07
  155    -1.3316704583E+01     2.2171281877E-07
  156    -1.3316699069E+01     2.4810285893E-07
  157    -1.3314550834E+01     2.5354811557E-07
  158    -1.3314546246E+01     1.5024703529E-07
  159    -1.3314540193E+01     2.1581082034E-07
  160    -1.3280706714E+01     2.7906096064E-07
  161    -1.3280697812E+01     2.3620111579E-07
  162    -1.3280696845E+01     1.6560499556E-07
  163    -1.3268213185E+01     1.5671392672E-07
  164    -1.3268206776E+01     1.9429692744E-07
  165    -1.3268202969E+01     1.7341586515E-07
  166    -1.3230680933E+01     1.7829468175E-07
  167    -1.3228812255E+01     1.6451119566E-07
  168    -1.3228802044E+01     1.5919638789E-07
  169    -1.3228797640E+01     1.1336710089E-07
  170    -1.3228454944E+01     1.7239150192E-07
  171    -1.3228454158E+01     9.2687816395E-08
  172    -1.3209947319E+01     2.0011965531E-07
  173    -1.3209645736E+01     1.7436956455E-07
  174    -1.3209642268E+01     1.3283827263E-07
  175    -1.3205961602E+01     1.7662359815E-07
  176    -1.3205956963E+01     2.4493383979E-07
  177    -1.3205650997E+01     1.6887223796E-07
  178    -1.3202898654E+01     2.3278857403E-07
  179    -1.3202556181E+01     2.0696547777E-07
  180    -1.3202552541E+01     1.2420986042E-07
  181    -1.3200670241E+01     1.4678433510E-07
  182    -1.3200668306E+01     2.3837152768E-07
  183    -1.3200150941E+01     1.4870112119E-07
  184    -1.3156417682E+01     2.6279015148E-07
  185    -1.3156386978E+01     3.9460183333E-07
  186    -1.3156384813E+01     3.1677380685E-07
  187    -1.3156374731E+01     2.8699514048E-07
  188    -1.3156371549E+01     1.4252950143E-07
  189    -1.3156340700E+01     5.1662044335E-07
  190    -1.3096117889E+01     1.9328115455E-07
  191    -1.3096113496E+01     1.2036478797E-06
  192    -1.3096112439E+01     1.7408733148E-07
  193    -1.3095547474E+01     1.3702821174E-07
  194    -1.3095543828E+01     4.6895212464E-07
  195    -1.3095541356E+01     1.6454408488E-07
  196    -1.3091659098E+01     1.8585542210E-07
  197    -1.3091656359E+01     1.5289597384E-07
  198    -1.3091652548E+01     1.5062258339E-07
  199    -1.3043167214E+01     2.1192339938E-07
  200    -1.3043141310E+01     1.2053414537E-07
  201    -1.3043140123E+01     1.7392254895E-07
  202    -1.3042822020E+01     2.2282354474E-07
  203    -1.3041675425E+01     3.7172633211E-07
  204    -1.3041671979E+01     1.2559001891E-07
  205    -1.3041648477E+01     1.2246580558E-07
  206    -1.3041539270E+01     3.2626425261E-07
  207    -1.3041537964E+01     2.1291104077E-07
  208    -1.3015933612E+01     1.8237196447E-07
  209    -1.3015923098E+01     1.5513398745E-07
  210    -1.3015914816E+01     2.4207052779E-07
  211    -1.3013781663E+01     1.4594301364E-07
  212    -1.3013778775E+01     1.4611737737E-07
  213    -1.3013765408E+01     1.4734678645E-07
  214    -1.3008621250E+01     1.8047523310E-07
  215    -1.3008609148E+01     3.0352251559E-07
  216    -1.3008602531E+01     2.2760586592E-07
  217    -1.3008536884E+01     2.0353072708E-07
  218    -1.3008532057E+01     1.8286348393E-07
  219    -1.3008523601E+01     1.8011844770E-07
  220    -1.2954047731E+01     1.5925265073E-07
  221    -1.2954040006E+01     1.9359535466E-07
  222    -1.2954037852E+01     2.2269235379E-07
  223    -1.2953654029E+01     1.3907628141E-07
  224    -1.2953652413E+01     2.0466070880E-07
  225    -1.2953646652E+01     2.4330841574E-07
  226    -1.2910434473E+01     1.4287099101E-07
  227    -1.2906302694E+01     1.8642435214E-07
  228    -1.2906289970E+01     1.6306219981E-07
  229    -1.2906285429E+01     1.4312991998E-07
  230    -1.2904595390E+01     1.6410368803E-07
  231    -1.2904593714E+01     2.2815329886E-07
  232    -1.2899898240E+01     1.4690576005E-07
  233    -1.2899895765E+01     1.3309236375E-07
  234    -1.2899881010E+01     1.6399838361E-07
  235    -1.2894850994E+01     2.5634282358E-07
  236    -1.2894842006E+01     1.6187269741E-07
  237    -1.2894841020E+01     1.6792472318E-07
  238    -1.2894361000E+01     2.5501488858E-07
  239    -1.2894359779E+01     1.7480686530E-07
  240    -1.2894350196E+01     2.2454782441E-07
  241    -1.2855694959E+01     1.9018748255E-07
  242    -1.2855644925E+01     1.4373990141E-07
  243    -1.2855642688E+01     2.1726318668E-07
  244    -1.2839793207E+01     1.3607682246E-07
  245    -1.2839782163E+01     1.3858052439E-07
  246    -1.2839779266E+01     3.3356040861E-07
  247    -1.2839586820E+01     2.6324318861E-07
  248    -1.2839584882E+01     2.6681733645E-07
  249    -1.2839573535E+01     1.2770697581E-07
  250    -1.2793312279E+01     2.3099566911E-07
  251    -1.2791982011E+01     1.7008417464E-07
  252    -1.2791980967E+01     1.2893717405E-07
  253    -1.2788643286E+01     1.5180598888E-07
  254    -1.2788637099E+01     2.3804780669E-07
  255    -1.2788636380E+01     2.1246635562E-07
  256    -1.2786285050E+01     2.8275162036E-07
  257    -1.2786284172E+01     1.1357238054E-07
  258    -1.2785086082E+01     2.7701391323E-07
  259    -1.2763814885E+01     2.3214720223E-07
  260    -1.2760556202E+01     2.1222468380E-07
  261    -1.2760549957E+01     2.4919076926E-07
  262    -1.2708384883E+01     1.3987019164E-07
  263    -1.2708380570E+01     2.5582061935E-07
  264    -1.2708373310E+01     2.6655180277E-07
  265    -1.2707639163E+01     2.5872272059E-07
  266    -1.2707636436E+01     3.8138896593E-07
  267    -1.2707632318E+01     2.9725186997E-07
  268    -1.2675385159E+01     3.0469652341E-07
  269    -1.2675368082E+01     2.7547994737E-07
  270    -1.2675361526E+01     2.0862366151E-07
  271    -1.2654627651E+01     2.0136343839E-07
  272    -1.2654615833E+01     1.3841250208E-07
  273    -1.2654614175E+01     1.8131253677E-07
  274    -1.2652837936E+01     1.5529101915E-07
  275    -1.2652476652E+01     1.2291093794E-07
  276    -1.2652471933E+01     2.0411017922E-07
  277    -1.2650782793E+01     1.7018085227E-07
  278    -1.2650780528E+01     1.6449151779E-07
  279    -1.2650765635E+01     1.8523088116E-07
  280    -1.2639440868E+01     1.8100814900E-07
  281    -1.2639438300E+01     1.9112098735E-07
  282    -1.2639077005E+01     2.4544778812E-07
  283    -1.2605759972E+01     1.6135393339E-07
  284    -1.2605722829E+01     1.6468274138E-07
  285    -1.2605721573E+01     2.2528350751E-07
  286    -1.2599248852E+01     1.9115549580E-07
  287    -1.2599245817E+01     2.1657027334E-07
  288    -1.2599214662E+01     1.7507234432E-07
  289    -1.2596228364E+01     2.1580235257E-07
  290    -1.2596175403E+01     1.6452155308E-07
  291    -1.2596171192E+01     1.4048010895E-07
  292    -1.2596122074E+01     1.5200294140E-07
  293    -1.2596119428E+01     1.7131640083E-07
  294    -1.2596062555E+01     2.1074594717E-07
  295    -1.2562019704E+01     1.8767725471E-07
  296    -1.2561296356E+01     2.4889649298E-07
  297    -1.2561292960E+01     2.4477080924E-07
  298    -1.2538519102E+01     3.0778847661E-07
  299    -1.2538508025E+01     2.1386348819E-07
  300    -1.2538504648E+01     4.3115833721E-07
  301    -1.2525209358E+01     2.4023038271E-07
  302    -1.2525207697E+01     2.3454192250E-07
  303    -1.2525199325E+01     2.1094356477E-07
  304    -1.2483071824E+01     1.7620455723E-07
  305    -1.2483020310E+01     1.4720605111E-07
  306    -1.2483017819E+01     1.5338583642E-07
  307    -1.2481598382E+01     2.2199579704E-07
  308    -1.2481542747E+01     1.4081620521E-07
  309    -1.2481542388E+01     2.1354577197E-07
  310    -1.2481490296E+01     2.2521654427E-07
  311    -1.2456245601E+01     3.0678828154E-07
  312    -1.2456241588E+01     3.2941061946E-07
  313    -1.2456239260E+01     2.3405203334E-07
  314    -1.2453852864E+01     1.5413737753E-07
  315    -1.2453846125E+01     2.3751361679E-07
  316    -1.2453845421E+01     2.7424088227E-07
  317    -1.2399003520E+01     2.4442813269E-07
  318    -1.2398984504E+01     1.5693689988E-07
  319    -1.2398983529E+01     2.2729724227E-07
  320    -1.2375208500E+01     1.7961837616E-07
  321    -1.2375204544E+01     2.2229646530E-07
  322    -1.2375197966E+01     2.8206690258E-07
  323    -1.2355907409E+01     2.6702861852E-07
  324    -1.2353919973E+01     1.6241366519E-07
  325    -1.2350701999E+01     1.9441451435E-07
  326    -1.2350700110E+01     2.1474003659E-07
  327    -1.2346210297E+01     3.5370850957E-07
  328    -1.2346209359E+01     3.2394499936E-07
  329    -1.2339368294E+01     2.0911870748E-07
  330    -1.2339365359E+01     2.0899513557E-07
  331    -1.2335935804E+01     3.3080399826E-07
  332    -1.2311462081E+01     1.7491165294E-07
  333    -1.2311437265E+01     2.6573267896E-07
  334    -1.2311431256E+01     1.9747834509E-07
  335    -1.2311057806E+01     1.4238646437E-07
  336    -1.2311054957E+01     2.0278217999E-07
  337    -1.2311024814E+01     2.2887408053E-07
  338    -1.2296203172E+01     2.7171813440E-07
  339    -1.2296133671E+01     2.4311103778E-07
  340    -1.2296130283E+01     2.8420187743E-07
  341    -1.2295351461E+01     2.3970584643E-07
  342    -1.2295348736E+01     1.0878948585E-07
  343    -1.2295270293E+01     2.0013069779E-07
  344    -1.2271942236E+01     2.0505057167E-07
  345    -1.2271914877E+01     2.9615786314E-07
  346    -1.2271907729E+01     3.2795359528E-07
  347    -1.2254560186E+01     2.2118428537E-07
  348    -1.2254556491E+01     2.1085545455E-07
  349    -1.2254535678E+01     2.1509736585E-07
  350    -1.2197534966E+01     1.7620170476E-07
  351    -1.2197510608E+01     1.5719836808E-07
  352    -1.2197507544E+01     1.3176480836E-07
  353    -1.2197025838E+01     2.7871556752E-07
  354    -1.2197022743E+01     1.5178819733E-07
  355    -1.2196995610E+01     1.7107453877E-07
  356    -1.2159264989E+01     2.4813015180E-07
  357    -1.2157690662E+01     1.6847798056E-07
  358    -1.2157688544E+01     2.0732983847E-07
  359    -1.2148944639E+01     1.9584304349E-07
  360    -1.2148940887E+01     1.9845856553E-07
  361    -1.2148937140E+01     2.5355476399E-07
  362    -1.2141246043E+01     1.8591086821E-07
  363    -1.2141245265E+01     2.9514669279E-07
  364    -1.2139771987E+01     2.0429713548E-07
  365    -1.2124691596E+01     2.5321674763E-07
  366    -1.2121638328E+01     1.3898524614E-07
  367    -1.2121633955E+01     2.2926139058E-07
  368    -1.2098118543E+01     1.8106479592E-07
  369    -1.2098108845E+01     2.1526360056E-07
  370    -1.2098108554E+01     2.3659047996E-07
  371    -1.2084909623E+01     1.4842170428E-07
  372    -1.2084906983E+01     1.7367494903E-07
  373    -1.2084890855E+01     2.0302228366E-07
  374    -1.2046185522E+01     1.6116319487E-07
  375    -1.2046132496E+01     1.7292147257E-07
  376    -1.2046131115E+01     2.0590646458E-07
  377    -1.2039736189E+01     1.7167882672E-07
  378    -1.2039734362E+01     1.5501331947E-07
  379    -1.2039685674E+01     2.0932978079E-07
  380    -1.2012628287E+01     1.4729974156E-07
  381    -1.2012604690E+01     1.7157310543E-07
  382    -1.2012603229E+01     1.3761147345E-07
  383    -1.2008687003E+01     2.5951713706E-07
  384    -1.2008684498E+01     2.3051718518E-07
  385    -1.2008652709E+01     1.6754606136E-07
  386    -1.1971968892E+01     1.7995963398E-07
  387    -1.1971929684E+01     2.4534965581E-07
  388    -1.1971928568E+01     1.9606132680E-07
  389    -1.1954440779E+01     1.3760913493E-07
  390    -1.1954437723E+01     2.1045943483E-07
  391    -1.1954408625E+01     1.6253120320E-07
  392    -1.1949570312E+01     1.4633617894E-07
  393    -1.1948969826E+01     2.8193428376E-07
  394    -1.1948962205E+01     4.9000033877E-07
  395    -1.1899222769E+01     1.8117709924E-07
  396    -1.1899166963E+01     1.9770681135E-07
  397    -1.1899162211E+01     2.5644429291E-07
  398    -1.1898802654E+01     2.0372839712E-07
  399    -1.1898800304E+01     9.1583336459E-08
  400    -1.1898741366E+01     1.3143457142E-07
  401    -1.1851145945E+01     1.5900739028E-07
  402    -1.1851113345E+01     2.6503088161E-07
  403    -1.1851108529E+01     2.8241261359E-07
  404    -1.1835075230E+01     2.2879702517E-07
  405    -1.1835065809E+01     1.0947335986E-07
  406    -1.1835062282E+01     1.2149365474E-07
  407    -1.1817450047E+01     2.6158035450E-07
  408    -1.1817440201E+01     2.4093742388E-07
  409    -1.1817436819E+01     2.8779454434E-07
  410    -1.1797946372E+01     2.3475599778E-07
  411    -1.1785901322E+01     4.0603978331E-07
  412    -1.1785855473E+01     1.5554538669E-07
  413    -1.1785854054E+01     1.7019385282E-07
  414    -1.1784355425E+01     1.6700428262E-07
  415    -1.1784354614E+01     1.1315222517E-07
  416    -1.1784305027E+01     2.1149635667E-07
  417    -1.1777724971E+01     3.8104862300E-07
  418    -1.1777723530E+01     2.3639764649E-07
  419    -1.1758509768E+01     1.7395362295E-07
  420    -1.1758468262E+01     2.2409094881E-07
  421    -1.1758466200E+01     1.6597949659E-07
  422    -1.1756595444E+01     1.4705472340E-07
  423    -1.1756591963E+01     2.1445027076E-07
  424    -1.1756559545E+01     2.3049567742E-07
  425    -1.1739171060E+01     1.6421349557E-07
  426    -1.1736914302E+01     1.5000395399E-07
  427    -1.1736819461E+01     1.7560964533E-07
  428    -1.1736819067E+01     1.6778667646E-07
  429    -1.1736688683E+01     1.8116790007E-07
  430    -1.1736687505E+01     1.4335194230E-07
  431    -1.1723602355E+01     2.1162084392E-07
  432    -1.1717681770E+01     2.2211008966E-07
  433    -1.1717679236E+01     2.4097745054E-07
  434    -1.1703841675E+01     2.4303021035E-07
  435    -1.1703840656E+01     2.6396729240E-07
  436    -1.1697606911E+01     2.4763620363E-07
  437    -1.1652164240E+01     1.6697122996E-07
  438    -1.1646204036E+01     1.1281696683E-07
  439    -1.1646202141E+01     1.6756588266E-07
  440    -1.1600567299E+01     3.7806149979E-07
  441    -1.1600499076E+01     2.5971067175E-07
  442    -1.1600496671E+01     2.0042976650E-07
  443    -1.1596568453E+01     9.6306145633E-08
  444    -1.1596566890E+01     2.3255975424E-07
  445    -1.1596488631E+01     1.7213931730E-07
  446    -1.1551222783E+01     1.7866362010E-07
  447    -1.1551160568E+01     1.5286922651E-07
  448    -1.1551159709E+01     1.0433863988E-07
  449    -1.1487363028E+01     3.6246784275E-07
  450    -1.1457975273E+01     2.2634751116E-07
  451    -1.1457956755E+01     2.5156217095E-07
  452    -1.1457953051E+01     4.6467656778E-07
  453    -1.1444696170E+01     2.1967615234E-07
  454    -1.1444695102E+01     1.3364120225E-07
  455    -1.1444644261E+01     2.2788980662E-07
  456    -1.1414505560E+01     2.7647223934E-07
  457    -1.1414425358E+01     2.3839621511E-07
  458    -1.1414423565E+01     1.9498600027E-07
  459    -1.1396592134E+01     2.6016812195E-07
  460    -1.1396587557E+01     1.6047128789E-07
  461    -1.1396539986E+01     1.7652481398E-07
  462    -1.1394610226E+01     1.7959474146E-07
  463    -1.1394592074E+01     1.4990089238E-07
  464    -1.1394589533E+01     1.1910293319E-07
  465    -1.1348900776E+01     1.8492230509E-07
  466    -1.1348839137E+01     2.5183263766E-07
  467    -1.1348837563E+01     2.1040078748E-07
  468    -1.1342288633E+01     2.9221246975E-07
  469    -1.1342286516E+01     1.9494490968E-07
  470    -1.1342232749E+01     2.2214304319E-07
  471    -1.1305408291E+01     1.9359704351E-07
  472    -1.1295535792E+01     1.9165302807E-07
  473    -1.1295534205E+01     1.9741417099E-07
  474    -1.1119457810E+01     1.4906669982E-07
  475    -1.1119364138E+01     2.4337476027E-07
  476    -1.1119361972E+01     2.3422566919E-07
  477    -1.1100789783E+01     1.7687733144E-07
  478    -1.1092877579E+01     3.0503001961E-07
  479    -1.1080868827E+01     2.1702614901E-07
  480    -1.1080864898E+01     2.8123309927E-07
  481    -1.1066650532E+01     2.0962951411E-07
  482    -1.1066646477E+01     1.9656516271E-07
  483    -1.1046198589E+01     3.6104292260E-07
  484    -1.1046102252E+01     3.0213781475E-07
  485    -1.1046099486E+01     1.2485850508E-07
  486    -1.1032741441E+01     1.3302428367E-07
  487    -1.1032739195E+01     1.5132554297E-07
  488    -1.1032619945E+01     2.4812044030E-07
  489    -1.0993643906E+01     1.7506902287E-07
  490    -1.0993524253E+01     1.3147829559E-07
  491    -1.0993522103E+01     1.8745095014E-07
  492    -1.0914064773E+01     3.0440084351E-07
  493    -1.0913995478E+01     3.9354875585E-07
  494    -1.0913988853E+01     4.5270596222E-07
  495    -1.0798607422E+01     2.3629262161E-07
  496    -1.0798603097E+01     2.4642005793E-07
  497    -1.0798601667E+01     1.9348054963E-07
  498    -1.0798560539E+01     2.8162678855E-07
  499    -1.0798554435E+01     3.6453443350E-07
  500    -1.0798552672E+01     3.2949261509E-07
  501    -1.0753985996E+01     1.8845795512E-07
  502    -1.0753935149E+01     1.1125321971E-07
  503    -1.0753932386E+01     1.1666142028E-07
  504    -1.0716153948E+01     5.4001043584E-07
  505    -1.0716059816E+01     4.5352216045E-07
  506    -1.0716059513E+01     3.8860715066E-07
  507    -1.0699168592E+01     1.5438361658E-07
  508    -1.0699165173E+01     2.0720166462E-07
  509    -1.0699094228E+01     2.5551718378E-07
  510    -1.0683157144E+01     2.5764190710E-07
  511    -1.0683147695E+01     2.4596562134E-07
  512    -1.0683145100E+01     2.6987839369E-07
  513    -1.0680433361E+01     2.0218908799E-07
  514    -1.0654925227E+01     2.4291382143E-07
  515    -1.0654920406E+01     2.1264587175E-07
  516    -1.0609420183E+01     2.6529824675E-07
  517    -1.0609358665E+01     4.4613676811E-07
  518    -1.0609356478E+01     2.8283032564E-07
  519    -1.0608831898E+01     3.8470770842E-07
  520    -1.0608824757E+01     3.0373836149E-07
  521    -1.0608770987E+01     3.4491572260E-07
  522    -1.0493961922E+01     2.4803843418E-07
  523    -1.0493960436E+01     2.8971106955E-07
  524    -1.0493956278E+01     2.3135059880E-07
  525    -1.0493392947E+01     5.7411364441E-07
  526    -1.0493391906E+01     3.4356827155E-07
  527    -1.0493385975E+01     8.3676854422E-07
  528    -1.0396248014E+01     4.1273308356E-07
  529    -1.0396237706E+01     4.2502987940E-07
  530    -1.0396235292E+01     3.8356342250E-07
  531    -1.0390705587E+01     2.9925836238E-07
  532    -1.0351022382E+01     3.2839478235E-07
  533    -1.0351020073E+01     2.1909015191E-07
  534    -1.0351017509E+01     4.1023060867E-07
  535    -1.0350978284E+01     3.1866714235E-07
  536    -1.0350974260E+01     2.0882135651E-07
  537    -1.0350970752E+01     3.5452730273E-07
  538    -1.0342245571E+01     2.3912176571E-07
  539    -1.0342154840E+01     2.7254417594E-07
  540    -1.0342153597E+01     2.7121675607E-07
  541    -1.0304793315E+01     3.3820731245E-07
  542    -1.0303932474E+01     4.8848401764E-07
  543    -1.0303931143E+01     5.3372909393E-07
  544    -1.0295907381E+01     2.1373496659E-07
  545    -1.0295811613E+01     1.3240742515E-07
  546    -1.0295811178E+01     1.4369896956E-07
  547    -1.0281298036E+01     2.7578093679E-07
  548    -1.0281295083E+01     3.0026536078E-07
  549    -1.0281293974E+01     3.0362904069E-07
  550    -1.0280576060E+01     3.7340473090E-07
  551    -1.0280571814E+01     2.9111074203E-07
  552    -1.0280568620E+01     3.0769256117E-07
  553    -1.0251450002E+01     1.6784762457E-07
  554    -1.0235713479E+01     4.1013452492E-07
  555    -1.0235708154E+01     3.0841827985E-07
  556    -1.0235704050E+01     3.3460663806E-07
  557    -1.0235489844E+01     3.6142074718E-07
  558    -1.0235486508E+01     4.2365119542E-07
  559    -1.0235481931E+01     2.2120544104E-07
  560    -1.0166361286E+01     2.4062413867E-07
  561    -1.0165271987E+01     2.8782561111E-07
  562    -1.0165269292E+01     2.4002812056E-07
  563    -1.0091752216E+01     2.8695112685E-07
  564    -1.0091733638E+01     2.6168382246E-07
  565    -1.0091729555E+01     2.7485987582E-07
  566    -1.0091712910E+01     2.0720110878E-07
  567    -1.0091709726E+01     2.7848795692E-07
  568    -1.0091691816E+01     2.5259204841E-07
  569    -1.0046474865E+01     7.0683094638E-07
  570    -1.0046473139E+01     1.7786340139E-06
  571    -1.0046470113E+01     5.6704143708E-07
  572    -1.0045892131E+01     4.2126134511E-07
  573    -1.0045886998E+01     2.3727412679E-07
  574    -1.0045886848E+01     1.0569936675E-06
  575    -1.0037232861E+01     5.1524903402E-07
  576    -1.0037125621E+01     3.0260698913E-07
  577    -1.0037122289E+01     3.7553002265E-07
  578    -1.0033585587E+01     2.6648467604E-07
  579    -1.0033583837E+01     3.3461874274E-07
  580    -1.0033473074E+01     3.8718770728E-07
  581    -9.9768124527E+00     3.9409952807E-07
  582    -9.9767943726E+00     2.7418260193E-07
  583    -9.9767922677E+00     2.9816822312E-07
  584    -9.9760721160E+00     3.2545986176E-07
  585    -9.9760714681E+00     2.5002093954E-07
  586    -9.9760529141E+00     5.6124977150E-07
  587    -9.9218052397E+00     3.1694723457E-07
  588    -9.9217972896E+00     3.0033175303E-07
  589    -9.9217957614E+00     3.6443834452E-07
  590    -9.9181796245E+00     2.7526108330E-07
  591    -9.9181787787E+00     4.5220220761E-07
  592    -9.9181708298E+00     2.4754772036E-07
  593    -9.8369133652E+00     3.1861518334E-07
  594    -9.8369082014E+00     3.2453020766E-07
  595    -9.8369070818E+00     3.7851334334E-07
  596    -9.8314095878E+00     3.2238308515E-07
  597    -9.8314081986E+00     3.6319136493E-07
  598    -9.8314051890E+00     2.8507912882E-07
  599    -9.7882146207E+00     3.6666064766E-07
  600    -9.7882139002E+00     6.7470835358E-07
  601    -9.7882090948E+00     5.4469464469E-07
  602    -9.7872790114E+00     2.6124341144E-07
  603    -9.7872448431E+00     2.1925233966E-07
  604    -9.7872437164E+00     3.0763287522E-07
  605    -9.7331766197E+00     2.9012405892E-07
  606    -9.7321103243E+00     3.2249853243E-07
  607    -9.7321078667E+00     3.0222419662E-07
  608    -9.7291995590E+00     4.1341755407E-07
  609    -9.7291964591E+00     5.3983822522E-07
  610    -9.7280477401E+00     3.5658361369E-07
  611    -9.7221154445E+00     4.3177644564E-07
  612    -9.7214332324E+00     9.8370537969E-07
  613    -9.7214315871E+00     2.9218740613E-07
  614    -9.7163738945E+00     3.7927404970E-07
  615    -9.7163723430E+00     4.3828325799E-07
  616    -9.7156254146E+00     2.6627769686E-07
  617    -9.6982322384E+00     2.6335879775E-07
  618    -9.6977829770E+00     2.6913202226E-07
  619    -9.6977810970E+00     2.8642859114E-07
  620    -9.6867695717E+00     4.5531092005E-07
  621    -9.6867609766E+00     5.5477126298E-07
  622    -9.6867207093E+00     1.6357500446E-06
  623    -9.6867163500E+00     1.3652544300E-06


 TOTAL TIME = 4492 [seconds] = 1.25 [hours]
