===============================================================================
 RRRRR  SSSSS  H   H  RRRRR    Zbigniew ROMANOWSKI                             
 R   R  S      H   H  R   R                                                    
 RRRRR  SSSSS  HHHHH  RRRRR    version: 5.4                                    
 R  R       S  H   H  R  R                                                     
 R   R  SSSSS  H   H  R   R    compilation date: Dec  8 2012 (20:50:40)                       
===============================================================================

PEs = 2048

----INITIALIZATION----========================================================
DOMAIN:
    BsplDeg = 3, CubatOrder = 5, CubatNodeNo = 125
    h = 5.000000E-01
    Nx = 90,    Ny = 90,   Nz = 90
    X0 = -2.000000E+01,    Xmax = 2.500000E+01
    Y0 = -2.000000E+01,    Ymax = 2.500000E+01
    Z0 = -2.000000E+01,    Zmax = 2.500000E+01

NUMBER OF 'ATOMS' = 125
    Soft-r^4(d,a)=(-2.00, 0.10) at (x,y,z) = ( 0.00, 0.00, 0.00)
    Soft-r^4(d,a)=(-2.00, 0.10) at (x,y,z) = ( 0.00, 0.00, 1.30)
    Soft-r^4(d,a)=(-2.00, 0.10) at (x,y,z) = ( 0.00, 0.00, 2.60)
    Soft-r^4(d,a)=(-2.00, 0.10) at (x,y,z) = ( 0.00, 0.00, 3.90)
    Soft-r^4(d,a)=(-2.00, 0.10) at (x,y,z) = ( 0.00, 0.00, 5.20)
    Soft-r^4(d,a)=(-2.00, 0.10) at (x,y,z) = ( 0.00, 1.30, 0.00)
    Soft-r^4(d,a)=(-2.00, 0.10) at (x,y,z) = ( 0.00, 1.30, 1.30)
    Soft-r^4(d,a)=(-2.00, 0.10) at (x,y,z) = ( 0.00, 1.30, 2.60)
    Soft-r^4(d,a)=(-2.00, 0.10) at (x,y,z) = ( 0.00, 1.30, 3.90)
    Soft-r^4(d,a)=(-2.00, 0.10) at (x,y,z) = ( 0.00, 1.30, 5.20)
    Soft-r^4(d,a)=(-2.00, 0.10) at (x,y,z) = ( 0.00, 2.60, 0.00)
    Soft-r^4(d,a)=(-2.00, 0.10) at (x,y,z) = ( 0.00, 2.60, 1.30)
    Soft-r^4(d,a)=(-2.00, 0.10) at (x,y,z) = ( 0.00, 2.60, 2.60)
    Soft-r^4(d,a)=(-2.00, 0.10) at (x,y,z) = ( 0.00, 2.60, 3.90)
    Soft-r^4(d,a)=(-2.00, 0.10) at (x,y,z) = ( 0.00, 2.60, 5.20)
    Soft-r^4(d,a)=(-2.00, 0.10) at (x,y,z) = ( 0.00, 3.90, 0.00)
    Soft-r^4(d,a)=(-2.00, 0.10) at (x,y,z) = ( 0.00, 3.90, 1.30)
    Soft-r^4(d,a)=(-2.00, 0.10) at (x,y,z) = ( 0.00, 3.90, 2.60)
    Soft-r^4(d,a)=(-2.00, 0.10) at (x,y,z) = ( 0.00, 3.90, 3.90)
    Soft-r^4(d,a)=(-2.00, 0.10) at (x,y,z) = ( 0.00, 3.90, 5.20)
    Soft-r^4(d,a)=(-2.00, 0.10) at (x,y,z) = ( 0.00, 5.20, 0.00)
    Soft-r^4(d,a)=(-2.00, 0.10) at (x,y,z) = ( 0.00, 5.20, 1.30)
    Soft-r^4(d,a)=(-2.00, 0.10) at (x,y,z) = ( 0.00, 5.20, 2.60)
    Soft-r^4(d,a)=(-2.00, 0.10) at (x,y,z) = ( 0.00, 5.20, 3.90)
    Soft-r^4(d,a)=(-2.00, 0.10) at (x,y,z) = ( 0.00, 5.20, 5.20)
    Soft-r^4(d,a)=(-2.00, 0.10) at (x,y,z) = ( 1.30, 0.00, 0.00)
    Soft-r^4(d,a)=(-2.00, 0.10) at (x,y,z) = ( 1.30, 0.00, 1.30)
    Soft-r^4(d,a)=(-2.00, 0.10) at (x,y,z) = ( 1.30, 0.00, 2.60)
    Soft-r^4(d,a)=(-2.00, 0.10) at (x,y,z) = ( 1.30, 0.00, 3.90)
    Soft-r^4(d,a)=(-2.00, 0.10) at (x,y,z) = ( 1.30, 0.00, 5.20)
    Soft-r^4(d,a)=(-2.00, 0.10) at (x,y,z) = ( 1.30, 1.30, 0.00)
    Soft-r^4(d,a)=(-2.00, 0.10) at (x,y,z) = ( 1.30, 1.30, 1.30)
    Soft-r^4(d,a)=(-2.00, 0.10) at (x,y,z) = ( 1.30, 1.30, 2.60)
    Soft-r^4(d,a)=(-2.00, 0.10) at (x,y,z) = ( 1.30, 1.30, 3.90)
    Soft-r^4(d,a)=(-2.00, 0.10) at (x,y,z) = ( 1.30, 1.30, 5.20)
    Soft-r^4(d,a)=(-2.00, 0.10) at (x,y,z) = ( 1.30, 2.60, 0.00)
    Soft-r^4(d,a)=(-2.00, 0.10) at (x,y,z) = ( 1.30, 2.60, 1.30)
    Soft-r^4(d,a)=(-2.00, 0.10) at (x,y,z) = ( 1.30, 2.60, 2.60)
    Soft-r^4(d,a)=(-2.00, 0.10) at (x,y,z) = ( 1.30, 2.60, 3.90)
    Soft-r^4(d,a)=(-2.00, 0.10) at (x,y,z) = ( 1.30, 2.60, 5.20)
    Soft-r^4(d,a)=(-2.00, 0.10) at (x,y,z) = ( 1.30, 3.90, 0.00)
    Soft-r^4(d,a)=(-2.00, 0.10) at (x,y,z) = ( 1.30, 3.90, 1.30)
    Soft-r^4(d,a)=(-2.00, 0.10) at (x,y,z) = ( 1.30, 3.90, 2.60)
    Soft-r^4(d,a)=(-2.00, 0.10) at (x,y,z) = ( 1.30, 3.90, 3.90)
    Soft-r^4(d,a)=(-2.00, 0.10) at (x,y,z) = ( 1.30, 3.90, 5.20)
    Soft-r^4(d,a)=(-2.00, 0.10) at (x,y,z) = ( 1.30, 5.20, 0.00)
    Soft-r^4(d,a)=(-2.00, 0.10) at (x,y,z) = ( 1.30, 5.20, 1.30)
    Soft-r^4(d,a)=(-2.00, 0.10) at (x,y,z) = ( 1.30, 5.20, 2.60)
    Soft-r^4(d,a)=(-2.00, 0.10) at (x,y,z) = ( 1.30, 5.20, 3.90)
    Soft-r^4(d,a)=(-2.00, 0.10) at (x,y,z) = ( 1.30, 5.20, 5.20)
    Soft-r^4(d,a)=(-2.00, 0.10) at (x,y,z) = ( 2.60, 0.00, 0.00)
    Soft-r^4(d,a)=(-2.00, 0.10) at (x,y,z) = ( 2.60, 0.00, 1.30)
    Soft-r^4(d,a)=(-2.00, 0.10) at (x,y,z) = ( 2.60, 0.00, 2.60)
    Soft-r^4(d,a)=(-2.00, 0.10) at (x,y,z) = ( 2.60, 0.00, 3.90)
    Soft-r^4(d,a)=(-2.00, 0.10) at (x,y,z) = ( 2.60, 0.00, 5.20)
    Soft-r^4(d,a)=(-2.00, 0.10) at (x,y,z) = ( 2.60, 1.30, 0.00)
    Soft-r^4(d,a)=(-2.00, 0.10) at (x,y,z) = ( 2.60, 1.30, 1.30)
    Soft-r^4(d,a)=(-2.00, 0.10) at (x,y,z) = ( 2.60, 1.30, 2.60)
    Soft-r^4(d,a)=(-2.00, 0.10) at (x,y,z) = ( 2.60, 1.30, 3.90)
    Soft-r^4(d,a)=(-2.00, 0.10) at (x,y,z) = ( 2.60, 1.30, 5.20)
    Soft-r^4(d,a)=(-2.00, 0.10) at (x,y,z) = ( 2.60, 2.60, 0.00)
    Soft-r^4(d,a)=(-2.00, 0.10) at (x,y,z) = ( 2.60, 2.60, 1.30)
    Soft-r^4(d,a)=(-2.00, 0.10) at (x,y,z) = ( 2.60, 2.60, 2.60)
    Soft-r^4(d,a)=(-2.00, 0.10) at (x,y,z) = ( 2.60, 2.60, 3.90)
    Soft-r^4(d,a)=(-2.00, 0.10) at (x,y,z) = ( 2.60, 2.60, 5.20)
    Soft-r^4(d,a)=(-2.00, 0.10) at (x,y,z) = ( 2.60, 3.90, 0.00)
    Soft-r^4(d,a)=(-2.00, 0.10) at (x,y,z) = ( 2.60, 3.90, 1.30)
    Soft-r^4(d,a)=(-2.00, 0.10) at (x,y,z) = ( 2.60, 3.90, 2.60)
    Soft-r^4(d,a)=(-2.00, 0.10) at (x,y,z) = ( 2.60, 3.90, 3.90)
    Soft-r^4(d,a)=(-2.00, 0.10) at (x,y,z) = ( 2.60, 3.90, 5.20)
    Soft-r^4(d,a)=(-2.00, 0.10) at (x,y,z) = ( 2.60, 5.20, 0.00)
    Soft-r^4(d,a)=(-2.00, 0.10) at (x,y,z) = ( 2.60, 5.20, 1.30)
    Soft-r^4(d,a)=(-2.00, 0.10) at (x,y,z) = ( 2.60, 5.20, 2.60)
    Soft-r^4(d,a)=(-2.00, 0.10) at (x,y,z) = ( 2.60, 5.20, 3.90)
    Soft-r^4(d,a)=(-2.00, 0.10) at (x,y,z) = ( 2.60, 5.20, 5.20)
    Soft-r^4(d,a)=(-2.00, 0.10) at (x,y,z) = ( 3.90, 0.00, 0.00)
    Soft-r^4(d,a)=(-2.00, 0.10) at (x,y,z) = ( 3.90, 0.00, 1.30)
    Soft-r^4(d,a)=(-2.00, 0.10) at (x,y,z) = ( 3.90, 0.00, 2.60)
    Soft-r^4(d,a)=(-2.00, 0.10) at (x,y,z) = ( 3.90, 0.00, 3.90)
    Soft-r^4(d,a)=(-2.00, 0.10) at (x,y,z) = ( 3.90, 0.00, 5.20)
    Soft-r^4(d,a)=(-2.00, 0.10) at (x,y,z) = ( 3.90, 1.30, 0.00)
    Soft-r^4(d,a)=(-2.00, 0.10) at (x,y,z) = ( 3.90, 1.30, 1.30)
    Soft-r^4(d,a)=(-2.00, 0.10) at (x,y,z) = ( 3.90, 1.30, 2.60)
    Soft-r^4(d,a)=(-2.00, 0.10) at (x,y,z) = ( 3.90, 1.30, 3.90)
    Soft-r^4(d,a)=(-2.00, 0.10) at (x,y,z) = ( 3.90, 1.30, 5.20)
    Soft-r^4(d,a)=(-2.00, 0.10) at (x,y,z) = ( 3.90, 2.60, 0.00)
    Soft-r^4(d,a)=(-2.00, 0.10) at (x,y,z) = ( 3.90, 2.60, 1.30)
    Soft-r^4(d,a)=(-2.00, 0.10) at (x,y,z) = ( 3.90, 2.60, 2.60)
    Soft-r^4(d,a)=(-2.00, 0.10) at (x,y,z) = ( 3.90, 2.60, 3.90)
    Soft-r^4(d,a)=(-2.00, 0.10) at (x,y,z) = ( 3.90, 2.60, 5.20)
    Soft-r^4(d,a)=(-2.00, 0.10) at (x,y,z) = ( 3.90, 3.90, 0.00)
    Soft-r^4(d,a)=(-2.00, 0.10) at (x,y,z) = ( 3.90, 3.90, 1.30)
    Soft-r^4(d,a)=(-2.00, 0.10) at (x,y,z) = ( 3.90, 3.90, 2.60)
    Soft-r^4(d,a)=(-2.00, 0.10) at (x,y,z) = ( 3.90, 3.90, 3.90)
    Soft-r^4(d,a)=(-2.00, 0.10) at (x,y,z) = ( 3.90, 3.90, 5.20)
    Soft-r^4(d,a)=(-2.00, 0.10) at (x,y,z) = ( 3.90, 5.20, 0.00)
    Soft-r^4(d,a)=(-2.00, 0.10) at (x,y,z) = ( 3.90, 5.20, 1.30)
    Soft-r^4(d,a)=(-2.00, 0.10) at (x,y,z) = ( 3.90, 5.20, 2.60)
    Soft-r^4(d,a)=(-2.00, 0.10) at (x,y,z) = ( 3.90, 5.20, 3.90)
    Soft-r^4(d,a)=(-2.00, 0.10) at (x,y,z) = ( 3.90, 5.20, 5.20)
    Soft-r^4(d,a)=(-2.00, 0.10) at (x,y,z) = ( 5.20, 0.00, 0.00)
    Soft-r^4(d,a)=(-2.00, 0.10) at (x,y,z) = ( 5.20, 0.00, 1.30)
    Soft-r^4(d,a)=(-2.00, 0.10) at (x,y,z) = ( 5.20, 0.00, 2.60)
    Soft-r^4(d,a)=(-2.00, 0.10) at (x,y,z) = ( 5.20, 0.00, 3.90)
    Soft-r^4(d,a)=(-2.00, 0.10) at (x,y,z) = ( 5.20, 0.00, 5.20)
    Soft-r^4(d,a)=(-2.00, 0.10) at (x,y,z) = ( 5.20, 1.30, 0.00)
    Soft-r^4(d,a)=(-2.00, 0.10) at (x,y,z) = ( 5.20, 1.30, 1.30)
    Soft-r^4(d,a)=(-2.00, 0.10) at (x,y,z) = ( 5.20, 1.30, 2.60)
    Soft-r^4(d,a)=(-2.00, 0.10) at (x,y,z) = ( 5.20, 1.30, 3.90)
    Soft-r^4(d,a)=(-2.00, 0.10) at (x,y,z) = ( 5.20, 1.30, 5.20)
    Soft-r^4(d,a)=(-2.00, 0.10) at (x,y,z) = ( 5.20, 2.60, 0.00)
    Soft-r^4(d,a)=(-2.00, 0.10) at (x,y,z) = ( 5.20, 2.60, 1.30)
    Soft-r^4(d,a)=(-2.00, 0.10) at (x,y,z) = ( 5.20, 2.60, 2.60)
    Soft-r^4(d,a)=(-2.00, 0.10) at (x,y,z) = ( 5.20, 2.60, 3.90)
    Soft-r^4(d,a)=(-2.00, 0.10) at (x,y,z) = ( 5.20, 2.60, 5.20)
    Soft-r^4(d,a)=(-2.00, 0.10) at (x,y,z) = ( 5.20, 3.90, 0.00)
    Soft-r^4(d,a)=(-2.00, 0.10) at (x,y,z) = ( 5.20, 3.90, 1.30)
    Soft-r^4(d,a)=(-2.00, 0.10) at (x,y,z) = ( 5.20, 3.90, 2.60)
    Soft-r^4(d,a)=(-2.00, 0.10) at (x,y,z) = ( 5.20, 3.90, 3.90)
    Soft-r^4(d,a)=(-2.00, 0.10) at (x,y,z) = ( 5.20, 3.90, 5.20)
    Soft-r^4(d,a)=(-2.00, 0.10) at (x,y,z) = ( 5.20, 5.20, 0.00)
    Soft-r^4(d,a)=(-2.00, 0.10) at (x,y,z) = ( 5.20, 5.20, 1.30)
    Soft-r^4(d,a)=(-2.00, 0.10) at (x,y,z) = ( 5.20, 5.20, 2.60)
    Soft-r^4(d,a)=(-2.00, 0.10) at (x,y,z) = ( 5.20, 5.20, 3.90)
    Soft-r^4(d,a)=(-2.00, 0.10) at (x,y,z) = ( 5.20, 5.20, 5.20)


----GRAPH-CREATION-and-PARTITIONING----=======================================
      Setup: Max:   0.101, Sum: 207.459, Balance:   1.000
   Matching: Max:   0.183, Sum: 374.538, Balance:   1.000
Contraction: Max:   0.053, Sum: 107.910, Balance:   1.000
   InitPart: Max:   4.892, Sum: 10018.678, Balance:   1.000
    Project: Max:   0.001, Sum:   1.404, Balance:   1.130
 Initialize: Max:   0.037, Sum:  74.598, Balance:   1.006
      K-way: Max:   0.332, Sum: 680.615, Balance:   1.000
      Remap: Max:   0.004, Sum:   8.266, Balance:   1.000
      Total: Max:   5.603, Sum: 11473.991, Balance:   1.000
Final 2048-way Cut: 60161051 	Balance: 1.113 

    Number of nodes:
         Rank0.........3.260E+02
         Averg.........3.215E+02
         Total.........6.585E+05
    Number of edges:
         Rank0.........8.056E+04
         Averg.........1.036E+05
         Total.........2.121E+08
    Memory usage.[MB]:
         Rank0.........1.234E+00
         Averg.........1.585E+00
         Total.........3.247E+03


----MATRIX-ALLOCATION----=====================================================
    Dimension of matrix H or S:
              Rank0..............3.260E+02 (326)
              Averg..............3.215E+02       
              Total..............6.585E+05 (658503)
    Nonzero entries in H or S:
              Rank0..............8.088E+04 (80885)
              Averg..............1.039E+05       
              Total..............2.128E+08 (212776173)
    Sparseness of H or S (fraction):
              Rank0..............3.768E-04
              Averg..............4.907E-04
    Sparseness of H or S (non-zero elemnts in a row):
              Rank0..............248.1
              Averg..............323.1
    Memory usage for H and S [MiB]:
              Rank0..............2.468E+00
              Averg..............3.171E+00
              Total..............6.493E+03


----ASSEMBLING----============================================================
..........10..........20..........30..........40..........50done
Assembling time = 5 [s]



----SOLVING----===============================================================
EPS Object: 2048 MPI processes
  type: krylovschur
    Krylov-Schur: 50% of basis vectors kept after restart
  problem type: generalized symmetric eigenvalue problem
  extraction type: Rayleigh-Ritz
  selected portion of the spectrum: smallest real parts
  number of eigenvalues (nev): 100
  number of column vectors (ncv): 300
  maximum dimension of projected problem (mpd): 300
  maximum number of iterations: 1500
  tolerance: 0.0001
  convergence test: relative to the eigenvalue
  estimates of matrix norms (constant): norm(A)=1, norm(B)=1
IP Object: 2048 MPI processes
  type: bilinear
  orthogonalization method: classical Gram-Schmidt
  orthogonalization refinement: if needed (eta: 0.7071)
  Matrix Object:   2048 MPI processes
    type: mpiaij
    rows=658503, cols=658503
    total: nonzeros=212776173, allocated nonzeros=212776173
    total number of mallocs used during MatSetValues calls =0
      not using I-node (on process 0) routines
DS Object: 2048 MPI processes
  type: hep
  solving the problem with: Implicit QR method (_steqr)
ST Object: 2048 MPI processes
  type: shift
  shift: 0
  matrices A and B have same nonzero pattern
  KSP Object:  (st_)   2048 MPI processes
    type: cg
    maximum iterations=10000
    using preconditioner applied to right hand side for initial guess
    tolerances:  relative=1e-05, absolute=1e-50, divergence=10000
    left preconditioning
    using nonzero initial guess
    using PRECONDITIONED norm type for convergence test
  PC Object:  (st_)   2048 MPI processes
    type: asm
      Additive Schwarz: total subdomain blocks = 2048, amount of overlap = 1
      Additive Schwarz: restriction/interpolation type - RESTRICT
      Local solve is same for all blocks, in the following KSP and PC objects:
    KSP Object:    (st_sub_)     1 MPI processes
      type: preonly
      maximum iterations=10000, initial guess is zero
      tolerances:  relative=1e-05, absolute=1e-50, divergence=10000
      left preconditioning
      using DEFAULT norm type for convergence test
    PC Object:    (st_sub_)     1 MPI processes
      type: icc
        0 levels of fill
        tolerance for zero pivot 2.22045e-14
        using Manteuffel shift
        matrix ordering: natural
      linear system matrix = precond matrix:
      Matrix Object:       1 MPI processes
        type: seqaij
        rows=1517, cols=1517
        total: nonzeros=320791, allocated nonzeros=320791
        total number of mallocs used during MatSetValues calls =0
          not using I-node routines
    linear system matrix = precond matrix:
    Matrix Object:     2048 MPI processes
      type: mpiaij
      rows=658503, cols=658503
      total: nonzeros=212776173, allocated nonzeros=212776173
      total number of mallocs used during MatSetValues calls =0
        not using I-node (on process 0) routines


  1 EPS nconv=15 first unconverged value (error) -18.561 (4.19368142e-02)
  2 EPS nconv=25 first unconverged value (error) -17.6348 (4.33134184e-03)
  3 EPS nconv=35 first unconverged value (error) -17.092 (2.85072927e-04)
  4 EPS nconv=50 first unconverged value (error) -16.5668 (6.76114457e-03)
  5 EPS nconv=92 first unconverged value (error) -14.7524 (1.57244688e-02)
  6 EPS nconv=98 first unconverged value (error) -14.6244 (5.19340863e-04)
  7 EPS nconv=122 first unconverged value (error) -13.9413 (1.70398435e-04)

--------------------------------------------------------------
    Number of iterations of the method.............7
    Number of linear iterations of the method......5227
    Solution method................................krylovschur
    Number of requested eigenvalues................100
    Stopping condition: eps_tol....................1.000000E-04
    Stopping condition: eps_max_it.................1500
--------------------------------------------------------------


             EIGENVALUES            ERROR
====================================================
    0    -2.0323169685E+01     2.1192068353E-07
    1    -1.9740608789E+01     2.0396943761E-07
    2    -1.9740301692E+01     1.9681027513E-07
    3    -1.9740288335E+01     1.8482358522E-07
    4    -1.9242646652E+01     2.1515012266E-07
    5    -1.9227795068E+01     1.6938652890E-07
    6    -1.9227787568E+01     2.0266317442E-07
    7    -1.9167432333E+01     1.7574660401E-07
    8    -1.9167121062E+01     1.7398593911E-07
    9    -1.9167115887E+01     2.4401795570E-07
   10    -1.8665575224E+01     1.6502532194E-07
   11    -1.8664089678E+01     1.8033758968E-07
   12    -1.8664082008E+01     1.7057737454E-07
   13    -1.8655305700E+01     1.8736502846E-07
   14    -1.8655294173E+01     2.1087471653E-07
   15    -1.8653834114E+01     2.0815737003E-07
   16    -1.8603194606E+01     1.8974283240E-07
   17    -1.8169715349E+01     2.2590391622E-07
   18    -1.8154859132E+01     1.6352720512E-07
   19    -1.8154846270E+01     1.6789483260E-07
   20    -1.8097618284E+01     1.4445090940E-07
   21    -1.8094924863E+01     1.8557842495E-07
   22    -1.8094909431E+01     1.9503989402E-07
   23    -1.7637356827E+01     1.7721046802E-07
   24    -1.7635815807E+01     1.5732149118E-07
   25    -1.7635809508E+01     6.4171195547E-07
   26    -1.7597449161E+01     1.7910540258E-07
   27    -1.7594929206E+01     1.8749002971E-07
   28    -1.7594909402E+01     1.9976170745E-07
   29    -1.7511838899E+01     2.1841656698E-07
   30    -1.7507798288E+01     2.2113380892E-07
   31    -1.7507793094E+01     2.2848275554E-07
   32    -1.7112581909E+01     2.0847382178E-07
   33    -1.7111858585E+01     1.8879123302E-07
   34    -1.7111844349E+01     3.2686680787E-07
   35    -1.7102497888E+01     2.0216990826E-07
   36    -1.7091900724E+01     1.5715960209E-07
   37    -1.7091883251E+01     2.0557589459E-07
   38    -1.7090838667E+01     2.1416743611E-07
   39    -1.6980892648E+01     2.1357977482E-07
   40    -1.6978734004E+01     2.1682556296E-07
   41    -1.6978728820E+01     2.2069694128E-07
   42    -1.6967052093E+01     2.6663812938E-07
   43    -1.6967043947E+01     1.8291821576E-07
   44    -1.6965202942E+01     3.7605832522E-07
   45    -1.6604190576E+01     1.8864096084E-07
   46    -1.6597482463E+01     1.8179661924E-07
   47    -1.6597474327E+01     2.3657981009E-07
   48    -1.6596177182E+01     2.3849105986E-07
   49    -1.6577463956E+01     2.5632268524E-07
   50    -1.6577450395E+01     1.9205353190E-07
   51    -1.6570946620E+01     7.1717131627E-07
   52    -1.6564595364E+01     2.1906407424E-07
   53    -1.6564589295E+01     2.0447882434E-07
   54    -1.6480667448E+01     2.2678929024E-07
   55    -1.6472959344E+01     2.6103257862E-07
   56    -1.6472950689E+01     1.9819072976E-07
   57    -1.6456748549E+01     2.2491210019E-07
   58    -1.6438627589E+01     4.4683109007E-07
   59    -1.6438595049E+01     2.2683110370E-07
   60    -1.6437898574E+01     2.4815286643E-07
   61    -1.6437892719E+01     2.1048697413E-07
   62    -1.6429466642E+01     2.1980910242E-07
   63    -1.6081774641E+01     2.0960667889E-07
   64    -1.6072314415E+01     1.8090123248E-07
   65    -1.6072307971E+01     1.9225374064E-07
   66    -1.6052253205E+01     1.7335563335E-07
   67    -1.6052237342E+01     2.1129859836E-07
   68    -1.6037679011E+01     2.2386011136E-07
   69    -1.5956379658E+01     2.0257343722E-07
   70    -1.5943456288E+01     2.2191348795E-07
   71    -1.5943454583E+01     2.6088944129E-07
   72    -1.5909550964E+01     2.2980579679E-07
   73    -1.5909544456E+01     2.0215118582E-07
   74    -1.5901335136E+01     2.1840160750E-07
   75    -1.5581995337E+01     1.8164131807E-07
   76    -1.5539868077E+01     1.5328473229E-07
   77    -1.5539862500E+01     2.1075962079E-07
   78    -1.5449748239E+01     2.2942360475E-07
   79    -1.5400130166E+01     2.2980265791E-07
   80    -1.5400110883E+01     2.3595472541E-07
   81    -1.5247268652E+01     1.9578451852E-07
   82    -1.5245782408E+01     1.6321680471E-07
   83    -1.5245771739E+01     1.8417318636E-07
   84    -1.5116332111E+01     2.2779036507E-07
   85    -1.5114106165E+01     2.8163402290E-07
   86    -1.5114092387E+01     7.6236841454E-07
   87    -1.5112351314E+01     9.1365195568E-07
   88    -1.5112346363E+01     3.4393368528E-07
   89    -1.5110166152E+01     3.6838204698E-07
   90    -1.4983360861E+01     2.1425290601E-07
   91    -1.4978891102E+01     1.6051587588E-06
   92    -1.4978884413E+01     3.5606527077E-07
   93    -1.4771894962E+01     3.0112643422E-07
   94    -1.4740993867E+01     2.0443852252E-07
   95    -1.4740992622E+01     2.5723651596E-07
   96    -1.4634509163E+01     1.8743735557E-07
   97    -1.4624504433E+01     2.3627019004E-07
   98    -1.4624503676E+01     2.0183838559E-07
   99    -1.4608671030E+01     2.0708046718E-07
  100    -1.4608659612E+01     2.1011253156E-07
  101    -1.4598120625E+01     1.8289519894E-07
  102    -1.4553746834E+01     2.8435487490E-07
  103    -1.4550837016E+01     2.5821340859E-07
  104    -1.4550826500E+01     3.0567275713E-07
  105    -1.4495153373E+01     2.1925413687E-07
  106    -1.4475583471E+01     3.7470959986E-07
  107    -1.4475575244E+01     3.5224826958E-07
  108    -1.4258790360E+01     1.6353664708E-07
  109    -1.4224323895E+01     3.5417458219E-07
  110    -1.4224320604E+01     2.3096975060E-07
  111    -1.4129587145E+01     2.0984497981E-07
  112    -1.4114391114E+01     2.7637417674E-07
  113    -1.4114380584E+01     2.7009651194E-07
  114    -1.4080844267E+01     1.9700440833E-07
  115    -1.4080833578E+01     2.0669602719E-07
  116    -1.4066046012E+01     1.9852271092E-07
  117    -1.3999842556E+01     2.1746458183E-07
  118    -1.3986235704E+01     2.5500354037E-07
  119    -1.3984775097E+01     8.5496713019E-07
  120    -1.3984756945E+01     1.2286016334E-06
  121    -1.3941345861E+01     3.8381542391E-07


 TOTAL TIME = 308 [s]
