===============================================================================
 RRRRR  SSSSS  H   H  RRRRR    Zbigniew ROMANOWSKI                             
 R   R  S      H   H  R   R                                                    
 RRRRR  SSSSS  HHHHH  RRRRR    version: 5.4                                    
 R  R       S  H   H  R  R                                                     
 R   R  SSSSS  H   H  R   R    compilation date: Dec  8 2012 (20:50:40)                       
===============================================================================

PEs = 256

----INITIALIZATION----========================================================
DOMAIN:
    BsplDeg = 3, CubatOrder = 5, CubatNodeNo = 125
    h = 5.000000E-01
    Nx = 90,    Ny = 90,   Nz = 90
    X0 = -2.000000E+01,    Xmax = 2.500000E+01
    Y0 = -2.000000E+01,    Ymax = 2.500000E+01
    Z0 = -2.000000E+01,    Zmax = 2.500000E+01

NUMBER OF 'ATOMS' = 125
    Soft-r^4(d,a)=(-2.00, 0.10) at (x,y,z) = ( 0.00, 0.00, 0.00)
    Soft-r^4(d,a)=(-2.00, 0.10) at (x,y,z) = ( 0.00, 0.00, 1.30)
    Soft-r^4(d,a)=(-2.00, 0.10) at (x,y,z) = ( 0.00, 0.00, 2.60)
    Soft-r^4(d,a)=(-2.00, 0.10) at (x,y,z) = ( 0.00, 0.00, 3.90)
    Soft-r^4(d,a)=(-2.00, 0.10) at (x,y,z) = ( 0.00, 0.00, 5.20)
    Soft-r^4(d,a)=(-2.00, 0.10) at (x,y,z) = ( 0.00, 1.30, 0.00)
    Soft-r^4(d,a)=(-2.00, 0.10) at (x,y,z) = ( 0.00, 1.30, 1.30)
    Soft-r^4(d,a)=(-2.00, 0.10) at (x,y,z) = ( 0.00, 1.30, 2.60)
    Soft-r^4(d,a)=(-2.00, 0.10) at (x,y,z) = ( 0.00, 1.30, 3.90)
    Soft-r^4(d,a)=(-2.00, 0.10) at (x,y,z) = ( 0.00, 1.30, 5.20)
    Soft-r^4(d,a)=(-2.00, 0.10) at (x,y,z) = ( 0.00, 2.60, 0.00)
    Soft-r^4(d,a)=(-2.00, 0.10) at (x,y,z) = ( 0.00, 2.60, 1.30)
    Soft-r^4(d,a)=(-2.00, 0.10) at (x,y,z) = ( 0.00, 2.60, 2.60)
    Soft-r^4(d,a)=(-2.00, 0.10) at (x,y,z) = ( 0.00, 2.60, 3.90)
    Soft-r^4(d,a)=(-2.00, 0.10) at (x,y,z) = ( 0.00, 2.60, 5.20)
    Soft-r^4(d,a)=(-2.00, 0.10) at (x,y,z) = ( 0.00, 3.90, 0.00)
    Soft-r^4(d,a)=(-2.00, 0.10) at (x,y,z) = ( 0.00, 3.90, 1.30)
    Soft-r^4(d,a)=(-2.00, 0.10) at (x,y,z) = ( 0.00, 3.90, 2.60)
    Soft-r^4(d,a)=(-2.00, 0.10) at (x,y,z) = ( 0.00, 3.90, 3.90)
    Soft-r^4(d,a)=(-2.00, 0.10) at (x,y,z) = ( 0.00, 3.90, 5.20)
    Soft-r^4(d,a)=(-2.00, 0.10) at (x,y,z) = ( 0.00, 5.20, 0.00)
    Soft-r^4(d,a)=(-2.00, 0.10) at (x,y,z) = ( 0.00, 5.20, 1.30)
    Soft-r^4(d,a)=(-2.00, 0.10) at (x,y,z) = ( 0.00, 5.20, 2.60)
    Soft-r^4(d,a)=(-2.00, 0.10) at (x,y,z) = ( 0.00, 5.20, 3.90)
    Soft-r^4(d,a)=(-2.00, 0.10) at (x,y,z) = ( 0.00, 5.20, 5.20)
    Soft-r^4(d,a)=(-2.00, 0.10) at (x,y,z) = ( 1.30, 0.00, 0.00)
    Soft-r^4(d,a)=(-2.00, 0.10) at (x,y,z) = ( 1.30, 0.00, 1.30)
    Soft-r^4(d,a)=(-2.00, 0.10) at (x,y,z) = ( 1.30, 0.00, 2.60)
    Soft-r^4(d,a)=(-2.00, 0.10) at (x,y,z) = ( 1.30, 0.00, 3.90)
    Soft-r^4(d,a)=(-2.00, 0.10) at (x,y,z) = ( 1.30, 0.00, 5.20)
    Soft-r^4(d,a)=(-2.00, 0.10) at (x,y,z) = ( 1.30, 1.30, 0.00)
    Soft-r^4(d,a)=(-2.00, 0.10) at (x,y,z) = ( 1.30, 1.30, 1.30)
    Soft-r^4(d,a)=(-2.00, 0.10) at (x,y,z) = ( 1.30, 1.30, 2.60)
    Soft-r^4(d,a)=(-2.00, 0.10) at (x,y,z) = ( 1.30, 1.30, 3.90)
    Soft-r^4(d,a)=(-2.00, 0.10) at (x,y,z) = ( 1.30, 1.30, 5.20)
    Soft-r^4(d,a)=(-2.00, 0.10) at (x,y,z) = ( 1.30, 2.60, 0.00)
    Soft-r^4(d,a)=(-2.00, 0.10) at (x,y,z) = ( 1.30, 2.60, 1.30)
    Soft-r^4(d,a)=(-2.00, 0.10) at (x,y,z) = ( 1.30, 2.60, 2.60)
    Soft-r^4(d,a)=(-2.00, 0.10) at (x,y,z) = ( 1.30, 2.60, 3.90)
    Soft-r^4(d,a)=(-2.00, 0.10) at (x,y,z) = ( 1.30, 2.60, 5.20)
    Soft-r^4(d,a)=(-2.00, 0.10) at (x,y,z) = ( 1.30, 3.90, 0.00)
    Soft-r^4(d,a)=(-2.00, 0.10) at (x,y,z) = ( 1.30, 3.90, 1.30)
    Soft-r^4(d,a)=(-2.00, 0.10) at (x,y,z) = ( 1.30, 3.90, 2.60)
    Soft-r^4(d,a)=(-2.00, 0.10) at (x,y,z) = ( 1.30, 3.90, 3.90)
    Soft-r^4(d,a)=(-2.00, 0.10) at (x,y,z) = ( 1.30, 3.90, 5.20)
    Soft-r^4(d,a)=(-2.00, 0.10) at (x,y,z) = ( 1.30, 5.20, 0.00)
    Soft-r^4(d,a)=(-2.00, 0.10) at (x,y,z) = ( 1.30, 5.20, 1.30)
    Soft-r^4(d,a)=(-2.00, 0.10) at (x,y,z) = ( 1.30, 5.20, 2.60)
    Soft-r^4(d,a)=(-2.00, 0.10) at (x,y,z) = ( 1.30, 5.20, 3.90)
    Soft-r^4(d,a)=(-2.00, 0.10) at (x,y,z) = ( 1.30, 5.20, 5.20)
    Soft-r^4(d,a)=(-2.00, 0.10) at (x,y,z) = ( 2.60, 0.00, 0.00)
    Soft-r^4(d,a)=(-2.00, 0.10) at (x,y,z) = ( 2.60, 0.00, 1.30)
    Soft-r^4(d,a)=(-2.00, 0.10) at (x,y,z) = ( 2.60, 0.00, 2.60)
    Soft-r^4(d,a)=(-2.00, 0.10) at (x,y,z) = ( 2.60, 0.00, 3.90)
    Soft-r^4(d,a)=(-2.00, 0.10) at (x,y,z) = ( 2.60, 0.00, 5.20)
    Soft-r^4(d,a)=(-2.00, 0.10) at (x,y,z) = ( 2.60, 1.30, 0.00)
    Soft-r^4(d,a)=(-2.00, 0.10) at (x,y,z) = ( 2.60, 1.30, 1.30)
    Soft-r^4(d,a)=(-2.00, 0.10) at (x,y,z) = ( 2.60, 1.30, 2.60)
    Soft-r^4(d,a)=(-2.00, 0.10) at (x,y,z) = ( 2.60, 1.30, 3.90)
    Soft-r^4(d,a)=(-2.00, 0.10) at (x,y,z) = ( 2.60, 1.30, 5.20)
    Soft-r^4(d,a)=(-2.00, 0.10) at (x,y,z) = ( 2.60, 2.60, 0.00)
    Soft-r^4(d,a)=(-2.00, 0.10) at (x,y,z) = ( 2.60, 2.60, 1.30)
    Soft-r^4(d,a)=(-2.00, 0.10) at (x,y,z) = ( 2.60, 2.60, 2.60)
    Soft-r^4(d,a)=(-2.00, 0.10) at (x,y,z) = ( 2.60, 2.60, 3.90)
    Soft-r^4(d,a)=(-2.00, 0.10) at (x,y,z) = ( 2.60, 2.60, 5.20)
    Soft-r^4(d,a)=(-2.00, 0.10) at (x,y,z) = ( 2.60, 3.90, 0.00)
    Soft-r^4(d,a)=(-2.00, 0.10) at (x,y,z) = ( 2.60, 3.90, 1.30)
    Soft-r^4(d,a)=(-2.00, 0.10) at (x,y,z) = ( 2.60, 3.90, 2.60)
    Soft-r^4(d,a)=(-2.00, 0.10) at (x,y,z) = ( 2.60, 3.90, 3.90)
    Soft-r^4(d,a)=(-2.00, 0.10) at (x,y,z) = ( 2.60, 3.90, 5.20)
    Soft-r^4(d,a)=(-2.00, 0.10) at (x,y,z) = ( 2.60, 5.20, 0.00)
    Soft-r^4(d,a)=(-2.00, 0.10) at (x,y,z) = ( 2.60, 5.20, 1.30)
    Soft-r^4(d,a)=(-2.00, 0.10) at (x,y,z) = ( 2.60, 5.20, 2.60)
    Soft-r^4(d,a)=(-2.00, 0.10) at (x,y,z) = ( 2.60, 5.20, 3.90)
    Soft-r^4(d,a)=(-2.00, 0.10) at (x,y,z) = ( 2.60, 5.20, 5.20)
    Soft-r^4(d,a)=(-2.00, 0.10) at (x,y,z) = ( 3.90, 0.00, 0.00)
    Soft-r^4(d,a)=(-2.00, 0.10) at (x,y,z) = ( 3.90, 0.00, 1.30)
    Soft-r^4(d,a)=(-2.00, 0.10) at (x,y,z) = ( 3.90, 0.00, 2.60)
    Soft-r^4(d,a)=(-2.00, 0.10) at (x,y,z) = ( 3.90, 0.00, 3.90)
    Soft-r^4(d,a)=(-2.00, 0.10) at (x,y,z) = ( 3.90, 0.00, 5.20)
    Soft-r^4(d,a)=(-2.00, 0.10) at (x,y,z) = ( 3.90, 1.30, 0.00)
    Soft-r^4(d,a)=(-2.00, 0.10) at (x,y,z) = ( 3.90, 1.30, 1.30)
    Soft-r^4(d,a)=(-2.00, 0.10) at (x,y,z) = ( 3.90, 1.30, 2.60)
    Soft-r^4(d,a)=(-2.00, 0.10) at (x,y,z) = ( 3.90, 1.30, 3.90)
    Soft-r^4(d,a)=(-2.00, 0.10) at (x,y,z) = ( 3.90, 1.30, 5.20)
    Soft-r^4(d,a)=(-2.00, 0.10) at (x,y,z) = ( 3.90, 2.60, 0.00)
    Soft-r^4(d,a)=(-2.00, 0.10) at (x,y,z) = ( 3.90, 2.60, 1.30)
    Soft-r^4(d,a)=(-2.00, 0.10) at (x,y,z) = ( 3.90, 2.60, 2.60)
    Soft-r^4(d,a)=(-2.00, 0.10) at (x,y,z) = ( 3.90, 2.60, 3.90)
    Soft-r^4(d,a)=(-2.00, 0.10) at (x,y,z) = ( 3.90, 2.60, 5.20)
    Soft-r^4(d,a)=(-2.00, 0.10) at (x,y,z) = ( 3.90, 3.90, 0.00)
    Soft-r^4(d,a)=(-2.00, 0.10) at (x,y,z) = ( 3.90, 3.90, 1.30)
    Soft-r^4(d,a)=(-2.00, 0.10) at (x,y,z) = ( 3.90, 3.90, 2.60)
    Soft-r^4(d,a)=(-2.00, 0.10) at (x,y,z) = ( 3.90, 3.90, 3.90)
    Soft-r^4(d,a)=(-2.00, 0.10) at (x,y,z) = ( 3.90, 3.90, 5.20)
    Soft-r^4(d,a)=(-2.00, 0.10) at (x,y,z) = ( 3.90, 5.20, 0.00)
    Soft-r^4(d,a)=(-2.00, 0.10) at (x,y,z) = ( 3.90, 5.20, 1.30)
    Soft-r^4(d,a)=(-2.00, 0.10) at (x,y,z) = ( 3.90, 5.20, 2.60)
    Soft-r^4(d,a)=(-2.00, 0.10) at (x,y,z) = ( 3.90, 5.20, 3.90)
    Soft-r^4(d,a)=(-2.00, 0.10) at (x,y,z) = ( 3.90, 5.20, 5.20)
    Soft-r^4(d,a)=(-2.00, 0.10) at (x,y,z) = ( 5.20, 0.00, 0.00)
    Soft-r^4(d,a)=(-2.00, 0.10) at (x,y,z) = ( 5.20, 0.00, 1.30)
    Soft-r^4(d,a)=(-2.00, 0.10) at (x,y,z) = ( 5.20, 0.00, 2.60)
    Soft-r^4(d,a)=(-2.00, 0.10) at (x,y,z) = ( 5.20, 0.00, 3.90)
    Soft-r^4(d,a)=(-2.00, 0.10) at (x,y,z) = ( 5.20, 0.00, 5.20)
    Soft-r^4(d,a)=(-2.00, 0.10) at (x,y,z) = ( 5.20, 1.30, 0.00)
    Soft-r^4(d,a)=(-2.00, 0.10) at (x,y,z) = ( 5.20, 1.30, 1.30)
    Soft-r^4(d,a)=(-2.00, 0.10) at (x,y,z) = ( 5.20, 1.30, 2.60)
    Soft-r^4(d,a)=(-2.00, 0.10) at (x,y,z) = ( 5.20, 1.30, 3.90)
    Soft-r^4(d,a)=(-2.00, 0.10) at (x,y,z) = ( 5.20, 1.30, 5.20)
    Soft-r^4(d,a)=(-2.00, 0.10) at (x,y,z) = ( 5.20, 2.60, 0.00)
    Soft-r^4(d,a)=(-2.00, 0.10) at (x,y,z) = ( 5.20, 2.60, 1.30)
    Soft-r^4(d,a)=(-2.00, 0.10) at (x,y,z) = ( 5.20, 2.60, 2.60)
    Soft-r^4(d,a)=(-2.00, 0.10) at (x,y,z) = ( 5.20, 2.60, 3.90)
    Soft-r^4(d,a)=(-2.00, 0.10) at (x,y,z) = ( 5.20, 2.60, 5.20)
    Soft-r^4(d,a)=(-2.00, 0.10) at (x,y,z) = ( 5.20, 3.90, 0.00)
    Soft-r^4(d,a)=(-2.00, 0.10) at (x,y,z) = ( 5.20, 3.90, 1.30)
    Soft-r^4(d,a)=(-2.00, 0.10) at (x,y,z) = ( 5.20, 3.90, 2.60)
    Soft-r^4(d,a)=(-2.00, 0.10) at (x,y,z) = ( 5.20, 3.90, 3.90)
    Soft-r^4(d,a)=(-2.00, 0.10) at (x,y,z) = ( 5.20, 3.90, 5.20)
    Soft-r^4(d,a)=(-2.00, 0.10) at (x,y,z) = ( 5.20, 5.20, 0.00)
    Soft-r^4(d,a)=(-2.00, 0.10) at (x,y,z) = ( 5.20, 5.20, 1.30)
    Soft-r^4(d,a)=(-2.00, 0.10) at (x,y,z) = ( 5.20, 5.20, 2.60)
    Soft-r^4(d,a)=(-2.00, 0.10) at (x,y,z) = ( 5.20, 5.20, 3.90)
    Soft-r^4(d,a)=(-2.00, 0.10) at (x,y,z) = ( 5.20, 5.20, 5.20)


----GRAPH-CREATION-and-PARTITIONING----=======================================
      Setup: Max:   0.683, Sum: 174.744, Balance:   1.000
   Matching: Max:   0.908, Sum: 232.565, Balance:   1.000
Contraction: Max:   0.379, Sum:  96.997, Balance:   1.000
   InitPart: Max:   0.359, Sum:  91.878, Balance:   1.000
    Project: Max:   0.001, Sum:   0.326, Balance:   1.061
 Initialize: Max:   0.182, Sum:  46.415, Balance:   1.001
      K-way: Max:   0.860, Sum: 220.036, Balance:   1.000
      Remap: Max:   0.001, Sum:   0.191, Balance:   1.001
      Total: Max:   3.372, Sum: 863.225, Balance:   1.000
Final 256-way Cut: 29775464 	Balance: 1.054 

    Number of nodes:
         Rank0.........2.554E+03
         Averg.........2.572E+03
         Total.........6.585E+05
    Number of edges:
         Rank0.........7.569E+05
         Averg.........8.286E+05
         Total.........2.121E+08
    Memory usage.[MB]:
         Rank0.........1.159E+01
         Averg.........1.268E+01
         Total.........3.247E+03


----MATRIX-ALLOCATION----=====================================================
    Dimension of matrix H or S:
              Rank0..............2.554E+03 (2554)
              Averg..............2.572E+03       
              Total..............6.585E+05 (658503)
    Nonzero entries in H or S:
              Rank0..............7.595E+05 (759458)
              Averg..............8.312E+05       
              Total..............2.128E+08 (212776173)
    Sparseness of H or S (fraction):
              Rank0..............4.516E-04
              Averg..............4.907E-04
    Sparseness of H or S (non-zero elemnts in a row):
              Rank0..............297.4
              Averg..............323.1
    Memory usage for H and S [MiB]:
              Rank0..............2.318E+01
              Averg..............2.536E+01
              Total..............6.493E+03


----ASSEMBLING----============================================================
..........10..........20..........30..........40..........50done
Assembling time = 28 [s]



----SOLVING----===============================================================
EPS Object: 256 MPI processes
  type: krylovschur
    Krylov-Schur: 50% of basis vectors kept after restart
  problem type: generalized symmetric eigenvalue problem
  extraction type: Rayleigh-Ritz
  selected portion of the spectrum: smallest real parts
  number of eigenvalues (nev): 1000
  number of column vectors (ncv): 2000
  maximum dimension of projected problem (mpd): 2000
  maximum number of iterations: 1500
  tolerance: 0.0001
  convergence test: relative to the eigenvalue
  estimates of matrix norms (constant): norm(A)=1, norm(B)=1
IP Object: 256 MPI processes
  type: bilinear
  orthogonalization method: classical Gram-Schmidt
  orthogonalization refinement: if needed (eta: 0.7071)
  Matrix Object:   256 MPI processes
    type: mpiaij
    rows=658503, cols=658503
    total: nonzeros=212776173, allocated nonzeros=212776173
    total number of mallocs used during MatSetValues calls =0
      not using I-node (on process 0) routines
DS Object: 256 MPI processes
  type: hep
  solving the problem with: Implicit QR method (_steqr)
ST Object: 256 MPI processes
  type: shift
  shift: 0
  matrices A and B have same nonzero pattern
  KSP Object:  (st_)   256 MPI processes
    type: cg
    maximum iterations=10000
    using preconditioner applied to right hand side for initial guess
    tolerances:  relative=1e-05, absolute=1e-50, divergence=10000
    left preconditioning
    using nonzero initial guess
    using PRECONDITIONED norm type for convergence test
  PC Object:  (st_)   256 MPI processes
    type: asm
      Additive Schwarz: total subdomain blocks = 256, amount of overlap = 1
      Additive Schwarz: restriction/interpolation type - RESTRICT
      Local solve is same for all blocks, in the following KSP and PC objects:
    KSP Object:    (st_sub_)     1 MPI processes
      type: preonly
      maximum iterations=10000, initial guess is zero
      tolerances:  relative=1e-05, absolute=1e-50, divergence=10000
      left preconditioning
      using DEFAULT norm type for convergence test
    PC Object:    (st_sub_)     1 MPI processes
      type: icc
        0 levels of fill
        tolerance for zero pivot 2.22045e-14
        using Manteuffel shift
        matrix ordering: natural
      linear system matrix = precond matrix:
      Matrix Object:       1 MPI processes
        type: seqaij
        rows=6285, cols=6285
        total: nonzeros=1624179, allocated nonzeros=1624179
        total number of mallocs used during MatSetValues calls =0
          not using I-node routines
    linear system matrix = precond matrix:
    Matrix Object:     256 MPI processes
      type: mpiaij
      rows=658503, cols=658503
      total: nonzeros=212776173, allocated nonzeros=212776173
      total number of mallocs used during MatSetValues calls =0
        not using I-node (on process 0) routines


  1 EPS nconv=304 first unconverged value (error) -8.80842 (3.71520632e-04)
  2 EPS nconv=517 first unconverged value (error) -4.89871 (1.40522978e-04)
  3 EPS nconv=711 first unconverged value (error) -2.12435 (6.84801520e-04)
  4 EPS nconv=832 first unconverged value (error) -0.733126 (3.05671104e-04)
  5 EPS nconv=886 first unconverged value (error) -0.294533 (3.64442612e-04)
  6 EPS nconv=929 first unconverged value (error) -0.0148399 (8.98199638e-03)
  7 EPS nconv=935 first unconverged value (error) 0.0095861 (6.87265531e-03)
  8 EPS nconv=941 first unconverged value (error) 0.0159604 (2.58423356e-03)
  9 EPS nconv=951 first unconverged value (error) 0.0299652 (3.10857343e-04)
 10 EPS nconv=959 first unconverged value (error) 0.0413771 (2.14123564e-03)
 11 EPS nconv=966 first unconverged value (error) 0.0467925 (6.54644169e-03)
 12 EPS nconv=977 first unconverged value (error) 0.0547739 (3.80080449e-04)
 13 EPS nconv=986 first unconverged value (error) 0.0627079 (4.17806690e-04)
 14 EPS nconv=996 first unconverged value (error) 0.0697724 (2.35077866e-04)
 15 EPS nconv=1013 first unconverged value (error) 0.0822493 (3.79897207e-04)

--------------------------------------------------------------
    Number of iterations of the method.............15
    Number of linear iterations of the method......40993
    Solution method................................krylovschur
    Number of requested eigenvalues................1000
    Stopping condition: eps_tol....................1.000000E-04
    Stopping condition: eps_max_it.................1500
--------------------------------------------------------------


             EIGENVALUES            ERROR
====================================================
    0    -2.0323183502E+01     1.5365390048E-07
    1    -1.9740621837E+01     2.6796978949E-07
    2    -1.9740318902E+01     1.7552492237E-07
    3    -1.9740298982E+01     2.3060238687E-07
    4    -1.9242658500E+01     1.7247344532E-07
    5    -1.9227787793E+01     1.7657981662E-07
    6    -1.9227777059E+01     1.6928489361E-07
    7    -1.9167423346E+01     2.0264985027E-07
    8    -1.9167155575E+01     2.8076367657E-07
    9    -1.9167122221E+01     1.7358817777E-07
   10    -1.8665587996E+01     2.0222104171E-07
   11    -1.8664102562E+01     2.3913801622E-07
   12    -1.8664073224E+01     1.9502113527E-07
   13    -1.8655312320E+01     2.5605231804E-07
   14    -1.8655298110E+01     2.1720691129E-07
   15    -1.8653842247E+01     1.8632185139E-07
   16    -1.8603175459E+01     2.7093020383E-07
   17    -1.8169716136E+01     2.1298488460E-07
   18    -1.8154864686E+01     1.9245133198E-07
   19    -1.8154850402E+01     2.3777652500E-07
   20    -1.8097617568E+01     2.0105009625E-07
   21    -1.8094915138E+01     2.3381437381E-07
   22    -1.8094900226E+01     2.4159977423E-07
   23    -1.7637359691E+01     1.6647392729E-07
   24    -1.7635822956E+01     1.7832245319E-07
   25    -1.7635820025E+01     2.2295251270E-07
   26    -1.7597457841E+01     2.3197225210E-07
   27    -1.7594915955E+01     2.6740412719E-07
   28    -1.7594904369E+01     2.3768448676E-07
   29    -1.7511830755E+01     1.9400294892E-07
   30    -1.7507801758E+01     1.3886232522E-07
   31    -1.7507798854E+01     1.7975288468E-07
   32    -1.7112591558E+01     1.9846590554E-07
   33    -1.7111852074E+01     1.9039579312E-07
   34    -1.7111842846E+01     2.5778929334E-07
   35    -1.7102497852E+01     2.4673014883E-07
   36    -1.7091891971E+01     1.5437018892E-07
   37    -1.7091886354E+01     2.1555150017E-07
   38    -1.7090832826E+01     2.3907679880E-07
   39    -1.6980892265E+01     2.3124782835E-07
   40    -1.6978743541E+01     1.9820192476E-07
   41    -1.6978735003E+01     1.6880949950E-07
   42    -1.6967046410E+01     2.1899219680E-07
   43    -1.6967042287E+01     2.0305645175E-07
   44    -1.6965221206E+01     2.0140620047E-07
   45    -1.6604186547E+01     1.8685633537E-07
   46    -1.6597488319E+01     2.3181677461E-07
   47    -1.6597480990E+01     2.2834151127E-07
   48    -1.6596180542E+01     2.3154988108E-07
   49    -1.6577471905E+01     1.6902436441E-07
   50    -1.6577459482E+01     2.1488885643E-07
   51    -1.6570950521E+01     2.0645453012E-07
   52    -1.6564590175E+01     1.8597148559E-07
   53    -1.6564568248E+01     2.3487025785E-07
   54    -1.6480646519E+01     1.8127680820E-07
   55    -1.6472967308E+01     2.2514331272E-07
   56    -1.6472959612E+01     2.0855860870E-07
   57    -1.6456749292E+01     2.3455497654E-07
   58    -1.6438604914E+01     1.6493438142E-07
   59    -1.6438594004E+01     2.7681069537E-07
   60    -1.6437903982E+01     1.5487986628E-07
   61    -1.6437881375E+01     2.5742254578E-07
   62    -1.6429470631E+01     1.4708492391E-07
   63    -1.6081776995E+01     2.1694144029E-07
   64    -1.6072312932E+01     1.8602832780E-07
   65    -1.6072308456E+01     2.5804233874E-07
   66    -1.6052250447E+01     1.5513732445E-07
   67    -1.6052239395E+01     1.9591273756E-07
   68    -1.6037685572E+01     2.2722521944E-07
   69    -1.5956381757E+01     2.0972471022E-07
   70    -1.5943463828E+01     2.4442652902E-07
   71    -1.5943463542E+01     1.3759493817E-07
   72    -1.5909560462E+01     2.0524835158E-07
   73    -1.5909545098E+01     1.8689549116E-07
   74    -1.5901340151E+01     2.1024450335E-07
   75    -1.5581998752E+01     1.9572608889E-07
   76    -1.5539876749E+01     2.2128544042E-07
   77    -1.5539867586E+01     2.4923490103E-07
   78    -1.5449744467E+01     1.9137694268E-07
   79    -1.5400128986E+01     1.2360145402E-07
   80    -1.5400118587E+01     2.3688927349E-07
   81    -1.5247272280E+01     2.2662817832E-07
   82    -1.5245782413E+01     1.2921016325E-07
   83    -1.5245773217E+01     2.9036768026E-07
   84    -1.5116337342E+01     2.0342976843E-07
   85    -1.5114097447E+01     1.6430221057E-07
   86    -1.5114096597E+01     2.4441875863E-07
   87    -1.5112364881E+01     2.3973204729E-07
   88    -1.5112356375E+01     2.5150801506E-07
   89    -1.5110174744E+01     2.3575852563E-07
   90    -1.4983370778E+01     1.8457299071E-07
   91    -1.4978893223E+01     1.7751366614E-07
   92    -1.4978890784E+01     2.3033599403E-07
   93    -1.4771892573E+01     2.0521812589E-07
   94    -1.4740989645E+01     1.8536743499E-07
   95    -1.4740984456E+01     2.0079057537E-07
   96    -1.4634515637E+01     1.6642787126E-07
   97    -1.4624511788E+01     1.4540518185E-07
   98    -1.4624500837E+01     2.1671290251E-07
   99    -1.4608667787E+01     1.6902187036E-07
  100    -1.4608657562E+01     2.3082003768E-07
  101    -1.4598113223E+01     2.0605721606E-07
  102    -1.4553759617E+01     2.0888859538E-07
  103    -1.4550840014E+01     1.3830052471E-07
  104    -1.4550836926E+01     1.6477736509E-07
  105    -1.4495155875E+01     1.4404632327E-07
  106    -1.4475589002E+01     1.4213130695E-07
  107    -1.4475576212E+01     1.3878889612E-07
  108    -1.4258778917E+01     2.1096701406E-07
  109    -1.4224323280E+01     1.4177715771E-07
  110    -1.4224308587E+01     2.7047385776E-07
  111    -1.4129588619E+01     2.2159709583E-07
  112    -1.4114393421E+01     2.0618790167E-07
  113    -1.4114377757E+01     2.6887420133E-07
  114    -1.4080847182E+01     2.2538859984E-07
  115    -1.4080836362E+01     2.0128302207E-07
  116    -1.4066048033E+01     2.6364152844E-07
  117    -1.3999843516E+01     2.0865836523E-07
  118    -1.3986246409E+01     2.3260998357E-07
  119    -1.3984783241E+01     2.4464746923E-07
  120    -1.3984776965E+01     1.4122253508E-07
  121    -1.3941357879E+01     1.6412706653E-07
  122    -1.3941351019E+01     1.4191815035E-07
  123    -1.3938651234E+01     2.9654024327E-07
  124    -1.3938643827E+01     2.3420704414E-07
  125    -1.3937129574E+01     2.5572393755E-07
  126    -1.3425216829E+01     2.2612708146E-07
  127    -1.3410558096E+01     2.1681064555E-07
  128    -1.3408675826E+01     2.8466371201E-07
  129    -1.3408670833E+01     2.5767101031E-07
  130    -1.3398986564E+01     2.6333071630E-07
  131    -1.3398977531E+01     2.6330641873E-07
  132    -1.3397255945E+01     1.9093934980E-07
  133    -1.3358853822E+01     2.0035633309E-07
  134    -1.3358848630E+01     2.5111922548E-07
  135    -1.3137994790E+01     3.3850589662E-07
  136    -1.3089732617E+01     2.0404578061E-07
  137    -1.3074855315E+01     1.7661240241E-07
  138    -1.3074850903E+01     2.1506752185E-07
  139    -1.2954071715E+01     1.9559166105E-07
  140    -1.2950904519E+01     1.5780788452E-07
  141    -1.2950898357E+01     2.0869485865E-07
  142    -1.2847049098E+01     2.3273003317E-07
  143    -1.2844963305E+01     2.3569864950E-07
  144    -1.2844953575E+01     2.6109158829E-07
  145    -1.2816313006E+01     2.4277069618E-07
  146    -1.2813107701E+01     1.0524065688E-07
  147    -1.2813089524E+01     1.7982579250E-07
  148    -1.2803445469E+01     2.1688544540E-07
  149    -1.2803436716E+01     2.7743130554E-07
  150    -1.2801486604E+01     2.9566872923E-07
  151    -1.2676402281E+01     3.1518639733E-07
  152    -1.2539764240E+01     2.5110595671E-07
  153    -1.2539157869E+01     2.4495183818E-07
  154    -1.2539150589E+01     2.6964222377E-07
  155    -1.2498754863E+01     2.6314630713E-07
  156    -1.2498745218E+01     2.0615464669E-07
  157    -1.2497956068E+01     2.4783729299E-07
  158    -1.2278147159E+01     3.1117370769E-07
  159    -1.2277666701E+01     2.6389741281E-07
  160    -1.2277654177E+01     2.2100076039E-07
  161    -1.2042412839E+01     2.5632996002E-07
  162    -1.2013114455E+01     2.8191772598E-07
  163    -1.2013109193E+01     2.6353004189E-07
  164    -1.1979775029E+01     3.4561462453E-07
  165    -1.1978199498E+01     3.2555330014E-07
  166    -1.1978196886E+01     2.8349617876E-07
  167    -1.1951881915E+01     2.6619124940E-07
  168    -1.1950740245E+01     2.7874390688E-07
  169    -1.1950738104E+01     2.7420082432E-07
  170    -1.1909912845E+01     2.6819116093E-07
  171    -1.1909908956E+01     1.5809033360E-07
  172    -1.1874402889E+01     2.7941228009E-07
  173    -1.1834175610E+01     2.8079178576E-07
  174    -1.1834170570E+01     3.0082969759E-07
  175    -1.1831473240E+01     2.9346157460E-07
  176    -1.1776619316E+01     2.9303595252E-07
  177    -1.1772635777E+01     3.2249751150E-07
  178    -1.1772630200E+01     2.7864239792E-07
  179    -1.1747825354E+01     2.5966196689E-07
  180    -1.1747819391E+01     1.9792344726E-07
  181    -1.1744944809E+01     2.5488714128E-07
  182    -1.1460354919E+01     3.5596395666E-07
  183    -1.1456130980E+01     3.2156864465E-07
  184    -1.1453777284E+01     3.2468039332E-07
  185    -1.1453752751E+01     3.2945399530E-07
  186    -1.1415852071E+01     3.3789073746E-07
  187    -1.1415842041E+01     2.6218512693E-07
  188    -1.1350664781E+01     3.1016936784E-07
  189    -1.1350615056E+01     4.0904005626E-07
  190    -1.1350603752E+01     3.2996585855E-07
  191    -1.1333909491E+01     2.2167413988E-07
  192    -1.1333906427E+01     2.4791526737E-07
  193    -1.1331534481E+01     2.5412966427E-07
  194    -1.1306383191E+01     3.0814328778E-07
  195    -1.1306379165E+01     3.0416206533E-07
  196    -1.1266520249E+01     3.1881000793E-07
  197    -1.1247536941E+01     2.6381236071E-07
  198    -1.1227849160E+01     3.8512616112E-07
  199    -1.1227843434E+01     3.1862747781E-07
  200    -1.1210812819E+01     3.2180892305E-07
  201    -1.1210809067E+01     2.8313870968E-07
  202    -1.1172016701E+01     3.0749533020E-07
  203    -1.0956553851E+01     3.0783502914E-07
  204    -1.0882311085E+01     2.9014754524E-07
  205    -1.0882129126E+01     3.1106663134E-07
  206    -1.0882118745E+01     2.8070318378E-07
  207    -1.0868603052E+01     3.2298458377E-07
  208    -1.0861910223E+01     4.1611298278E-07
  209    -1.0861905430E+01     3.5994304605E-07
  210    -1.0793674697E+01     3.0574319474E-07
  211    -1.0793668416E+01     2.8569582682E-07
  212    -1.0758252768E+01     3.0829014026E-07
  213    -1.0758247092E+01     1.9803812563E-07
  214    -1.0720787695E+01     3.7034613513E-07
  215    -1.0712865637E+01     3.4861574729E-07
  216    -1.0673299324E+01     3.1697264781E-07
  217    -1.0673295481E+01     3.9901901953E-07
  218    -1.0668531817E+01     3.4608964782E-07
  219    -1.0668189778E+01     2.0418985535E-07
  220    -1.0668184631E+01     3.2257709831E-07
  221    -1.0626934470E+01     2.9912507975E-07
  222    -1.0626933125E+01     3.8534187528E-07
  223    -1.0617562859E+01     3.1578533332E-07
  224    -1.0536814167E+01     3.0767708289E-07
  225    -1.0524784377E+01     3.6394618984E-07
  226    -1.0524779209E+01     3.5956662345E-07
  227    -1.0501750645E+01     3.4423570921E-07
  228    -1.0501738473E+01     2.7660072559E-07
  229    -1.0489235528E+01     4.1306602132E-07
  230    -1.0442150127E+01     3.1305358259E-07
  231    -1.0419926204E+01     3.8874840294E-07
  232    -1.0419920630E+01     3.0615183152E-07
  233    -1.0412093790E+01     2.9863675207E-07
  234    -1.0332295512E+01     4.5284347164E-07
  235    -1.0332288926E+01     3.4937553640E-07
  236    -1.0308347322E+01     3.1386506529E-07
  237    -1.0220313948E+01     3.0914246706E-07
  238    -1.0218989783E+01     2.2560396523E-07
  239    -1.0218985368E+01     3.1336096177E-07
  240    -1.0207815960E+01     3.1320750853E-07
  241    -1.0207808876E+01     2.4821411506E-07
  242    -1.0206476522E+01     3.5999198869E-07
  243    -1.0109366495E+01     3.0452539004E-07
  244    -1.0109365343E+01     2.7860287104E-07
  245    -1.0003458686E+01     3.1795579812E-07
  246    -9.9950115957E+00     3.1071013576E-07
  247    -9.9950086570E+00     3.0869018281E-07
  248    -9.9704076001E+00     2.7588300118E-07
  249    -9.9703966754E+00     3.4502762742E-07
  250    -9.9529327515E+00     3.6244399534E-07
  251    -9.9017267372E+00     2.9528192537E-07
  252    -9.8867859932E+00     3.8080971772E-07
  253    -9.8867767093E+00     3.1326761670E-07
  254    -9.7969083603E+00     2.7600545886E-07
  255    -9.7969012911E+00     2.7115255073E-07
  256    -9.7917118976E+00     4.9759334117E-07
  257    -9.7415175248E+00     2.5571048882E-07
  258    -9.7384609279E+00     2.4969670575E-07
  259    -9.7384591596E+00     3.7885133575E-07
  260    -9.7109006572E+00     3.7710626959E-07
  261    -9.6473527489E+00     3.4460499385E-07
  262    -9.5608231858E+00     2.8483502873E-07
  263    -9.5608114382E+00     3.1425926796E-07
  264    -9.5576006900E+00     3.9343114535E-07
  265    -9.5168838185E+00     3.2819964569E-07
  266    -9.4777632769E+00     4.1041645024E-07
  267    -9.4777604292E+00     3.1804402438E-07
  268    -9.4709038556E+00     5.9568207535E-07
  269    -9.4708913984E+00     4.1673815039E-07
  270    -9.4520179595E+00     2.8547582075E-07
  271    -9.4195819409E+00     3.6291865415E-07
  272    -9.4135681340E+00     4.0241452318E-07
  273    -9.4135645803E+00     3.7131317335E-07
  274    -9.3701448444E+00     3.3608852610E-07
  275    -9.3701390009E+00     3.4150616594E-07
  276    -9.3597833936E+00     3.0756758113E-07
  277    -9.3597734199E+00     3.3850898176E-07
  278    -9.3462565551E+00     3.0410621568E-07
  279    -9.3310207759E+00     3.2806374618E-07
  280    -9.3310154637E+00     2.5935162584E-07
  281    -9.3092002819E+00     3.9581892738E-07
  282    -9.3039931282E+00     3.4360293777E-07
  283    -9.3039905907E+00     3.2787936273E-07
  284    -9.2585421487E+00     3.1528949343E-07
  285    -9.2585411250E+00     3.3968138011E-07
  286    -9.2567906642E+00     3.5490198992E-07
  287    -9.2253178806E+00     3.1629828838E-07
  288    -9.2253147041E+00     3.9345276487E-07
  289    -9.1553145192E+00     3.3696032631E-07
  290    -9.1066091799E+00     4.2956777109E-07
  291    -9.1037480639E+00     2.9804623604E-07
  292    -9.1037417621E+00     2.6810313507E-07
  293    -9.1034563038E+00     3.3757954513E-07
  294    -9.1003079165E+00     3.4376599862E-07
  295    -9.1003020863E+00     3.6490020989E-07
  296    -9.0143218109E+00     4.8480850380E-07
  297    -9.0143184740E+00     4.1628024804E-07
  298    -9.0140383042E+00     3.7834673328E-07
  299    -8.8510793972E+00     3.9754648486E-07
  300    -8.8508392493E+00     2.8728136719E-07
  301    -8.8508363117E+00     4.3247621349E-07
  302    -8.8125458345E+00     3.5703560438E-07
  303    -8.8084232554E+00     4.8153932928E-07
  304    -8.8084196044E+00     2.6112719222E-07
  305    -8.8013535150E+00     3.6319834789E-07
  306    -8.8013502580E+00     3.5321961614E-07
  307    -8.7981487764E+00     4.1275640171E-07
  308    -8.7012092653E+00     4.0229294498E-07
  309    -8.6964649581E+00     3.8098046910E-07
  310    -8.6964525766E+00     3.8868263577E-07
  311    -8.6836719052E+00     5.0044063372E-07
  312    -8.6836707960E+00     4.2196886987E-07
  313    -8.6779864221E+00     3.2939481611E-07
  314    -8.5783929806E+00     3.7071092355E-07
  315    -8.4832662480E+00     5.3390079554E-07
  316    -8.4832647549E+00     4.2795650187E-07
  317    -8.4542425807E+00     4.2350193991E-07
  318    -8.4343903366E+00     4.3599962363E-07
  319    -8.4343843770E+00     3.1394841650E-07
  320    -8.4275767468E+00     3.7702864772E-07
  321    -8.3739775690E+00     3.0209608629E-07
  322    -8.3739738083E+00     4.0805832744E-07
  323    -8.3559601685E+00     3.5561689063E-07
  324    -8.3559471212E+00     4.3885511362E-07
  325    -8.3554939407E+00     4.2194649063E-07
  326    -8.2565964108E+00     3.8127027368E-07
  327    -8.2435134702E+00     4.3560111770E-07
  328    -8.2435086715E+00     3.3200042305E-07
  329    -8.2423017051E+00     3.6206075223E-07
  330    -8.2422899780E+00     4.9226903240E-07
  331    -8.2226097852E+00     4.4609991392E-07
  332    -8.2203034674E+00     4.7875290945E-07
  333    -8.2202994836E+00     4.1911176192E-07
  334    -8.2024861447E+00     5.0264297089E-07
  335    -8.1854982098E+00     3.6773768510E-07
  336    -8.1854937260E+00     4.2893721777E-07
  337    -8.1669025840E+00     5.4368284180E-07
  338    -8.0952480372E+00     4.0326349062E-07
  339    -8.0866124299E+00     2.9835857367E-07
  340    -8.0866100383E+00     3.0606802443E-07
  341    -8.0749570795E+00     3.3399582369E-07
  342    -8.0749542910E+00     3.2276110433E-07
  343    -8.0512508103E+00     3.5889114623E-07
  344    -8.0195186644E+00     2.9189976718E-07
  345    -8.0195159645E+00     3.6043361382E-07
  346    -8.0082574946E+00     3.9282075607E-07
  347    -7.9862908033E+00     4.2964262872E-07
  348    -7.9032958386E+00     5.0871703385E-07
  349    -7.9030170079E+00     4.2272598640E-07
  350    -7.9030129907E+00     3.3367865031E-07
  351    -7.8794206399E+00     3.0251199411E-07
  352    -7.8794201077E+00     4.2956776935E-07
  353    -7.7969984763E+00     4.1311170382E-07
  354    -7.7944770388E+00     3.9537626818E-07
  355    -7.7944626855E+00     3.3177973077E-07
  356    -7.7917588805E+00     4.2419310201E-07
  357    -7.7901732577E+00     5.1879353265E-07
  358    -7.7901696490E+00     4.6438807385E-07
  359    -7.7767030129E+00     6.8877319248E-07
  360    -7.7766931261E+00     5.0905882623E-07
  361    -7.7761527928E+00     4.9199059652E-07
  362    -7.7623389079E+00     3.9289910365E-07
  363    -7.7534720444E+00     3.9587785247E-07
  364    -7.7534703867E+00     3.2239199368E-07
  365    -7.7248755701E+00     3.5908268570E-07
  366    -7.7248715925E+00     4.8285726062E-07
  367    -7.7013730312E+00     4.3008550793E-07
  368    -7.6525408424E+00     2.4357092568E-07
  369    -7.6509223531E+00     4.1020095567E-07
  370    -7.6509194537E+00     3.4021087905E-07
  371    -7.6470131067E+00     4.4735414865E-07
  372    -7.6245378738E+00     4.0634250446E-07
  373    -7.6245333192E+00     4.1281583310E-07
  374    -7.6034236056E+00     4.3003794111E-07
  375    -7.6034193651E+00     2.8038631151E-07
  376    -7.6024996936E+00     4.5482770904E-07
  377    -7.5652502788E+00     4.5700616568E-07
  378    -7.5652462746E+00     3.5494842142E-07
  379    -7.5567059728E+00     3.9890880982E-07
  380    -7.2377751380E+00     4.7460793620E-07
  381    -7.2352584925E+00     5.5902035074E-07
  382    -7.2338440554E+00     5.8581909917E-07
  383    -7.2338362619E+00     4.3960541407E-07
  384    -7.2256880636E+00     5.1427218278E-07
  385    -7.2256798050E+00     4.4937662572E-07
  386    -7.2243684007E+00     5.2598084633E-07
  387    -7.2163879911E+00     6.3152772833E-07
  388    -7.2163849937E+00     4.5660260179E-07
  389    -7.1300098223E+00     5.5687101849E-07
  390    -7.1270125779E+00     5.1680362513E-07
  391    -7.1270090363E+00     5.0096036610E-07
  392    -7.0716934541E+00     4.9676528172E-07
  393    -7.0710521899E+00     5.9706585389E-07
  394    -7.0710486596E+00     4.8600751867E-07
  395    -7.0251570250E+00     4.4883585763E-07
  396    -7.0247316995E+00     3.9000237317E-07
  397    -7.0247232679E+00     4.3712844971E-07
  398    -7.0232415884E+00     6.8320264404E-07
  399    -6.9796451804E+00     4.0447098481E-07
  400    -6.9796401568E+00     5.0203783824E-07
  401    -6.9317553006E+00     4.8567365174E-07
  402    -6.9317510346E+00     5.3349857056E-07
  403    -6.9294382824E+00     5.0680737319E-07
  404    -6.8095340348E+00     4.4552448074E-07
  405    -6.8095292859E+00     4.8204121877E-07
  406    -6.7498391722E+00     7.0442516743E-07
  407    -6.7478939350E+00     5.3530945415E-07
  408    -6.6843865812E+00     5.9960708563E-07
  409    -6.6750061225E+00     5.7951269488E-07
  410    -6.6736388941E+00     5.2147760221E-07
  411    -6.6736308781E+00     5.3836920320E-07
  412    -6.6713602461E+00     5.4098387190E-07
  413    -6.6713477056E+00     6.3553329650E-07
  414    -6.6633133801E+00     5.2025557000E-07
  415    -6.6633008607E+00     5.1370720579E-07
  416    -6.6613155625E+00     4.3240164113E-07
  417    -6.5979499925E+00     5.4166267633E-07
  418    -6.5457653978E+00     5.7020703012E-07
  419    -6.5457642366E+00     7.4589167029E-07
  420    -6.5373302973E+00     6.0949302339E-07
  421    -6.5364748298E+00     4.9601260290E-07
  422    -6.5364738518E+00     5.2784360266E-07
  423    -6.5318905422E+00     7.0163233017E-07
  424    -6.5309116106E+00     5.4662138432E-07
  425    -6.5309053843E+00     5.8399476743E-07
  426    -6.5001317823E+00     6.9341150318E-07
  427    -6.5001277164E+00     6.5028690710E-07
  428    -6.4962337826E+00     4.9249465893E-07
  429    -6.4377766601E+00     5.9930185714E-07
  430    -6.4237549848E+00     5.9803203049E-07
  431    -6.4237531278E+00     7.7839855266E-07
  432    -6.4197439842E+00     8.6133219136E-07
  433    -6.4153377501E+00     6.2947096941E-07
  434    -6.4153351787E+00     5.2738053260E-07
  435    -6.3968056952E+00     6.5347096189E-07
  436    -6.3968025331E+00     6.2556821730E-07
  437    -6.3798664900E+00     5.6751618361E-07
  438    -6.3739712286E+00     5.5133324329E-07
  439    -6.3739699468E+00     7.3140534913E-07
  440    -6.3337104233E+00     6.1126607016E-07
  441    -6.3317003490E+00     5.6736690885E-07
  442    -6.3316987988E+00     6.5170481892E-07
  443    -6.3315201566E+00     8.3391809961E-07
  444    -6.3281824700E+00     5.3877695020E-07
  445    -6.3281788436E+00     5.9537161313E-07
  446    -6.3233810812E+00     5.2730448462E-07
  447    -6.3168324189E+00     7.9981309831E-07
  448    -6.3168261624E+00     6.2809600221E-07
  449    -6.2790542851E+00     5.2677586275E-07
  450    -6.2562616615E+00     8.6094987636E-07
  451    -6.2562578694E+00     6.0674263428E-07
  452    -6.2306712571E+00     5.6824458879E-07
  453    -6.1515293950E+00     6.8644342540E-07
  454    -6.1515232023E+00     4.8830949020E-07
  455    -6.1218314776E+00     6.7392723989E-07
  456    -6.1195573731E+00     5.8575700634E-07
  457    -6.1195551572E+00     5.4792089650E-07
  458    -6.1112641762E+00     6.4510371688E-07
  459    -6.1112629356E+00     7.3673140650E-07
  460    -6.1085323267E+00     7.2199731888E-07
  461    -5.9653367378E+00     6.7402587590E-07
  462    -5.9637752613E+00     6.0464101222E-07
  463    -5.9637721185E+00     1.0786906497E-06
  464    -5.9574829136E+00     6.8401004252E-07
  465    -5.9416951805E+00     8.6265853176E-07
  466    -5.9416937146E+00     7.4947271286E-07
  467    -5.9314405544E+00     7.9344945166E-07
  468    -5.9314368227E+00     9.5774170366E-07
  469    -5.9224455858E+00     6.0675804428E-07
  470    -5.8910941557E+00     6.3467507865E-07
  471    -5.8910925638E+00     5.9713117198E-07
  472    -5.8896321781E+00     6.6400816906E-07
  473    -5.8729302332E+00     6.0074650879E-07
  474    -5.8315775032E+00     7.4953248898E-07
  475    -5.8315754823E+00     8.3310629968E-07
  476    -5.7665890955E+00     6.1016388045E-07
  477    -5.7665790560E+00     5.1232212198E-07
  478    -5.7166451773E+00     6.6938314733E-07
  479    -5.6134045176E+00     7.1489792495E-07
  480    -5.6110621077E+00     6.7019304860E-07
  481    -5.6110545921E+00     7.5934420357E-07
  482    -5.5656122991E+00     8.0051128235E-07
  483    -5.5649855880E+00     6.7534247624E-07
  484    -5.5649804709E+00     7.2496311285E-07
  485    -5.5525654222E+00     7.5919422050E-07
  486    -5.4665958145E+00     7.6653371751E-07
  487    -5.4661917034E+00     7.4774254414E-07
  488    -5.4661903540E+00     7.5572415296E-07
  489    -5.4316169698E+00     7.5227827435E-07
  490    -5.4303279377E+00     6.6507864883E-07
  491    -5.4303230200E+00     8.0948942703E-07
  492    -5.3328498373E+00     8.4040212758E-07
  493    -5.3328465808E+00     7.6258808009E-07
  494    -5.3283352343E+00     9.0551677210E-07
  495    -5.2546153291E+00     6.6119278127E-07
  496    -5.2491567071E+00     7.4458136522E-07
  497    -5.2491520711E+00     7.8934292007E-07
  498    -5.2262625938E+00     8.2220111003E-07
  499    -5.2262617756E+00     8.1433860170E-07
  500    -5.2200287524E+00     6.8183457564E-07
  501    -5.2200236206E+00     6.8834603382E-07
  502    -5.2164327481E+00     7.2326722423E-07
  503    -5.1867109154E+00     9.1064118264E-07
  504    -5.1842241143E+00     1.1596216967E-06
  505    -5.1842240030E+00     9.4451613120E-07
  506    -5.1780736303E+00     8.8895367379E-07
  507    -5.1433117177E+00     9.1348100440E-07
  508    -5.0649740147E+00     9.7705293791E-07
  509    -5.0649629000E+00     1.0975917477E-06
  510    -5.0122838296E+00     7.7023832701E-07
  511    -5.0122807149E+00     9.5079983365E-07
  512    -4.9946611681E+00     8.2182296261E-07
  513    -4.9727064608E+00     9.6365334051E-07
  514    -4.9542372621E+00     7.3100422245E-07
  515    -4.9542365587E+00     8.1968988219E-07
  516    -4.9353909744E+00     7.3441564774E-07
  517    -4.8987110918E+00     9.4032797062E-07
  518    -4.8987087559E+00     8.9696509991E-07
  519    -4.8846663856E+00     8.9645462942E-07
  520    -4.8846610208E+00     1.1449959651E-06
  521    -4.8482601081E+00     9.6603479887E-07
  522    -4.8482586818E+00     6.6768193634E-07
  523    -4.8450346166E+00     1.1279065876E-06
  524    -4.8189713224E+00     8.1787951672E-07
  525    -4.8189685182E+00     7.4886128585E-07
  526    -4.8177860860E+00     9.9715731740E-07
  527    -4.8103444657E+00     7.2511974749E-07
  528    -4.8103409588E+00     9.9135028799E-07
  529    -4.8055015137E+00     1.0453218724E-06
  530    -4.8014230517E+00     8.5458916639E-07
  531    -4.8014181531E+00     9.1743340087E-07
  532    -4.7945211712E+00     9.2704550185E-07
  533    -4.7628316773E+00     7.6968219757E-07
  534    -4.7613689251E+00     9.8561657336E-07
  535    -4.7613658581E+00     6.0306729174E-07
  536    -4.7389550294E+00     8.6812027046E-07
  537    -4.7215188802E+00     9.1692347521E-07
  538    -4.7215165364E+00     9.4369180612E-07
  539    -4.7136794129E+00     8.6683799295E-07
  540    -4.7136772566E+00     7.3056204207E-07
  541    -4.7134601519E+00     9.1322955527E-07
  542    -4.7012073649E+00     1.0431582584E-06
  543    -4.7012032448E+00     8.6159926004E-07
  544    -4.6959204838E+00     9.7229773678E-07
  545    -4.6942964976E+00     7.8363660802E-07
  546    -4.6942956157E+00     8.0342663611E-07
  547    -4.6823139158E+00     9.3483922978E-07
  548    -4.6281798398E+00     7.5365554397E-07
  549    -4.6281788628E+00     9.0426895843E-07
  550    -4.6214853987E+00     7.8350734095E-07
  551    -4.6103016113E+00     8.9181508464E-07
  552    -4.5475663760E+00     1.1205553049E-06
  553    -4.5475636631E+00     1.1392387700E-06
  554    -4.5441861322E+00     8.6056089367E-07
  555    -4.5050421354E+00     1.0196275181E-06
  556    -4.5044336037E+00     1.1570881223E-06
  557    -4.5044317670E+00     1.0762522537E-06
  558    -4.4865393769E+00     8.4803820098E-07
  559    -4.4865363436E+00     9.6686910751E-07
  560    -4.4331481684E+00     8.9811928614E-07
  561    -4.4331467294E+00     1.1934686612E-06
  562    -4.4324987481E+00     1.2560321787E-06
  563    -4.3432224555E+00     8.6060559892E-07
  564    -4.3349636428E+00     1.2007601508E-06
  565    -4.3349624847E+00     8.8530028691E-07
  566    -4.2917579886E+00     9.9943363261E-07
  567    -4.2906179553E+00     1.2412828431E-06
  568    -4.2906172190E+00     1.0883001161E-06
  569    -4.2702247241E+00     1.7291769726E-06
  570    -4.2702177243E+00     7.0072666499E-07
  571    -4.2338493161E+00     8.6075438437E-07
  572    -4.2173912412E+00     9.2752165362E-07
  573    -4.1920454354E+00     8.7027707687E-07
  574    -4.1795612034E+00     1.3283419831E-06
  575    -4.1746962426E+00     1.2062697228E-06
  576    -4.1746929175E+00     1.4959276283E-06
  577    -4.1724838534E+00     1.1450876919E-06
  578    -4.1724770040E+00     1.3217181253E-06
  579    -4.1315616454E+00     1.3437479108E-06
  580    -4.1315571200E+00     1.2277979685E-06
  581    -4.1108797791E+00     8.9668593133E-07
  582    -4.1108748743E+00     1.2707407484E-06
  583    -4.0994771999E+00     8.5967334009E-07
  584    -3.9929342534E+00     1.4336683091E-06
  585    -3.9929306327E+00     1.4965866289E-06
  586    -3.9910246099E+00     1.4080833594E-06
  587    -3.9825007560E+00     1.0045865592E-06
  588    -3.9824980321E+00     1.3017312059E-06
  589    -3.9817596087E+00     1.5763387450E-06
  590    -3.9451704514E+00     1.3775838094E-06
  591    -3.9140180232E+00     1.4799144351E-06
  592    -3.9140100914E+00     1.7872941333E-06
  593    -3.8660040039E+00     1.6272742350E-06
  594    -3.7914660908E+00     1.4929949094E-06
  595    -3.7914642403E+00     1.3472263039E-06
  596    -3.7889742763E+00     1.7395867274E-06
  597    -3.7059644902E+00     1.9485583223E-06
  598    -3.6901796189E+00     1.3884098195E-06
  599    -3.6901764522E+00     1.5471347749E-06
  600    -3.6399511989E+00     1.5377887136E-06
  601    -3.6125200953E+00     1.6416518458E-06
  602    -3.5910763087E+00     1.8007149515E-06
  603    -3.5910713194E+00     1.4905457502E-06
  604    -3.5907390990E+00     1.6209746105E-06
  605    -3.5413064655E+00     1.6334473456E-06
  606    -3.5413049376E+00     1.6892854928E-06
  607    -3.5407108425E+00     1.6922034216E-06
  608    -3.5320045584E+00     1.7456126122E-06
  609    -3.5320024582E+00     1.5005788122E-06
  610    -3.5227496675E+00     1.7738888296E-06
  611    -3.5202314588E+00     2.0194952583E-06
  612    -3.5202285137E+00     1.7710751502E-06
  613    -3.4760887149E+00     1.8704949885E-06
  614    -3.4760852342E+00     1.7375852918E-06
  615    -3.4657240628E+00     1.9214469331E-06
  616    -3.4657163212E+00     1.9238446178E-06
  617    -3.4623134626E+00     1.4780665961E-06
  618    -3.3841454816E+00     1.6730860730E-06
  619    -3.3830057469E+00     1.8481106136E-06
  620    -3.3830037052E+00     1.6284751824E-06
  621    -3.3816197513E+00     1.3121335037E-06
  622    -3.3816193057E+00     1.5700746299E-06
  623    -3.3273220375E+00     2.0555652154E-06
  624    -3.3232061551E+00     2.4805781675E-06
  625    -3.3232028834E+00     1.4395042339E-06
  626    -3.3174568135E+00     1.8151469181E-06
  627    -3.3094370138E+00     1.8918247832E-06
  628    -3.3069349034E+00     1.2369558929E-06
  629    -3.3069340320E+00     1.7159561833E-06
  630    -3.2855009046E+00     1.7883656738E-06
  631    -3.2473792003E+00     1.7855380020E-06
  632    -3.2473787120E+00     1.7860968510E-06
  633    -3.2169156669E+00     1.5503290937E-06
  634    -3.2058461090E+00     1.5273204087E-06
  635    -3.2058449608E+00     1.8112703256E-06
  636    -3.2045150696E+00     2.0257059538E-06
  637    -3.1519955134E+00     1.9974876533E-06
  638    -3.1519892508E+00     2.1322437031E-06
  639    -3.1236404508E+00     2.1974206511E-06
  640    -3.1156084500E+00     1.5646067808E-06
  641    -3.0716628428E+00     1.9500790948E-06
  642    -3.0716610319E+00     2.1726633997E-06
  643    -3.0054394057E+00     1.8049233994E-06
  644    -3.0054336370E+00     1.8853343301E-06
  645    -2.9706369188E+00     2.4801118740E-06
  646    -2.9649004530E+00     2.3812422891E-06
  647    -2.9632446519E+00     2.7699230054E-06
  648    -2.9632425143E+00     2.6434491582E-06
  649    -2.9438134324E+00     2.2786915745E-06
  650    -2.9438116961E+00     2.5786125910E-06
  651    -2.9429645514E+00     1.7735987331E-06
  652    -2.9429634462E+00     1.8929980649E-06
  653    -2.9416295013E+00     1.8843077754E-06
  654    -2.9396195888E+00     2.1421032909E-06
  655    -2.9285701127E+00     1.9836859497E-06
  656    -2.9045376190E+00     2.8597217378E-06
  657    -2.9012609779E+00     2.7338906699E-06
  658    -2.9012590901E+00     2.0333694915E-06
  659    -2.8893200994E+00     2.4713467051E-06
  660    -2.8893186459E+00     2.4669464000E-06
  661    -2.8853693738E+00     2.6513753655E-06
  662    -2.8782701410E+00     2.1133735707E-06
  663    -2.8782683361E+00     2.9140596928E-06
  664    -2.8399315551E+00     3.4804680335E-06
  665    -2.8399252246E+00     2.9348158477E-06
  666    -2.8188613968E+00     2.9542680877E-06
  667    -2.8188596992E+00     2.5167059572E-06
  668    -2.8171873284E+00     2.5243418125E-06
  669    -2.7971382111E+00     2.2673619084E-06
  670    -2.7392971202E+00     3.0749439144E-06
  671    -2.7367140449E+00     2.1082087565E-06
  672    -2.7367112268E+00     3.0793827975E-06
  673    -2.7142656471E+00     3.0919357627E-06
  674    -2.7142642417E+00     2.5420315127E-06
  675    -2.6961884748E+00     2.8816177974E-06
  676    -2.6961862669E+00     2.9086598028E-06
  677    -2.6884567746E+00     3.2677080977E-06
  678    -2.6146858425E+00     3.1020357770E-06
  679    -2.6146847766E+00     2.5713490442E-06
  680    -2.5719554696E+00     2.7402463976E-06
  681    -2.5311811645E+00     2.9413356615E-06
  682    -2.5311788495E+00     3.9878155404E-06
  683    -2.4759207529E+00     3.5362938914E-06
  684    -2.4759183269E+00     3.3535068581E-06
  685    -2.4747404055E+00     3.1310831312E-06
  686    -2.4740957896E+00     3.6896484111E-06
  687    -2.4274048964E+00     3.1701832619E-06
  688    -2.4208253418E+00     3.0002123112E-06
  689    -2.4208239615E+00     4.1473162859E-06
  690    -2.4123094326E+00     3.3756022105E-06
  691    -2.4104449266E+00     2.5938958545E-06
  692    -2.4104424576E+00     3.5971533017E-06
  693    -2.3967778663E+00     3.9330307854E-06
  694    -2.3829995085E+00     2.9926092881E-06
  695    -2.3732921736E+00     3.7955838106E-06
  696    -2.3732899814E+00     3.7701447636E-06
  697    -2.3666419888E+00     3.2516864811E-06
  698    -2.3159237969E+00     3.7587972398E-06
  699    -2.3159212444E+00     3.4016238044E-06
  700    -2.2996138831E+00     3.4582617622E-06
  701    -2.2730074656E+00     4.2667577515E-06
  702    -2.2706828587E+00     3.3164026840E-06
  703    -2.2706813899E+00     4.4525390789E-06
  704    -2.2225371830E+00     4.3323294950E-06
  705    -2.2225366017E+00     3.6096024078E-06
  706    -2.1596461030E+00     4.4866641521E-06
  707    -2.1558300514E+00     5.1027344082E-06
  708    -2.1558292316E+00     3.7874708865E-06
  709    -2.1334056293E+00     4.6551896205E-06
  710    -2.1334047967E+00     3.3534160376E-06
  711    -2.1317559962E+00     4.8430818724E-06
  712    -2.1317553842E+00     4.9275540815E-06
  713    -2.1243502184E+00     2.7120771501E-06
  714    -2.1243020933E+00     5.0331703564E-06
  715    -2.1208760215E+00     4.4970562574E-06
  716    -2.1208750567E+00     3.2972504193E-06
  717    -2.1032864946E+00     4.0851094116E-06
  718    -2.1002727173E+00     3.2193254973E-06
  719    -2.1002712715E+00     3.7621832880E-06
  720    -2.0793817778E+00     4.2077370833E-06
  721    -2.0793803864E+00     3.8340017844E-06
  722    -2.0779325445E+00     4.3052288910E-06
  723    -2.0486483497E+00     4.5807695726E-06
  724    -2.0486475472E+00     2.8898783026E-06
  725    -2.0449445340E+00     4.7532157098E-06
  726    -2.0195814654E+00     5.1173287382E-06
  727    -2.0195799463E+00     4.4510584203E-06
  728    -2.0139335427E+00     4.9155684862E-06
  729    -1.9687947802E+00     5.2672581773E-06
  730    -1.9565171351E+00     3.9503983494E-06
  731    -1.9565167334E+00     3.7001498666E-06
  732    -1.8871470684E+00     5.3950003551E-06
  733    -1.8707239606E+00     5.2965740614E-06
  734    -1.8459918049E+00     5.0927662267E-06
  735    -1.8459902527E+00     6.0267895039E-06
  736    -1.8443022647E+00     6.4711938220E-06
  737    -1.8381620783E+00     9.5743803332E-06
  738    -1.8381619333E+00     7.9753543347E-06
  739    -1.8325618208E+00     4.6918996540E-06
  740    -1.8325605033E+00     6.1188449771E-06
  741    -1.8296815615E+00     5.8219558053E-06
  742    -1.7944218014E+00     6.6491560111E-06
  743    -1.7819644329E+00     4.8983066101E-06
  744    -1.7819608857E+00     5.8012290101E-06
  745    -1.7506874488E+00     3.4414119865E-06
  746    -1.7506855766E+00     6.7439137131E-06
  747    -1.7384020727E+00     6.8694216664E-06
  748    -1.7276434696E+00     7.1635532480E-06
  749    -1.7276418701E+00     5.8531017552E-06
  750    -1.7267114593E+00     8.3134113265E-06
  751    -1.7106570045E+00     5.4488658284E-06
  752    -1.7106562134E+00     6.2001650814E-06
  753    -1.7078297224E+00     6.0574802968E-06
  754    -1.6730691421E+00     6.6312681714E-06
  755    -1.6612174656E+00     6.9153442758E-06
  756    -1.6612169748E+00     8.0805553598E-06
  757    -1.6509649576E+00     7.0387968184E-06
  758    -1.6509601964E+00     1.1263868339E-05
  759    -1.6509579666E+00     6.7798891651E-06
  760    -1.6375660468E+00     6.2111919504E-06
  761    -1.6344843995E+00     1.0026448625E-05
  762    -1.6344838215E+00     7.4140203299E-06
  763    -1.6270958111E+00     7.1073311461E-06
  764    -1.6270941999E+00     5.3070598489E-06
  765    -1.6223262013E+00     6.9356134587E-06
  766    -1.6013470391E+00     6.4125411477E-06
  767    -1.5911385617E+00     6.8333232502E-06
  768    -1.5911376374E+00     7.8763038776E-06
  769    -1.5716625905E+00     5.6899808927E-06
  770    -1.5716622489E+00     6.7606624252E-06
  771    -1.5114060218E+00     8.7710617228E-06
  772    -1.5114056707E+00     6.8852679698E-06
  773    -1.5096823781E+00     7.6857331225E-06
  774    -1.5096814991E+00     6.0857155296E-06
  775    -1.5095647373E+00     8.3243731872E-06
  776    -1.5036388284E+00     8.4932732703E-06
  777    -1.4729579706E+00     7.5411518690E-06
  778    -1.4701297274E+00     8.7914405725E-06
  779    -1.4701284138E+00     6.9529068979E-06
  780    -1.4506165981E+00     8.3903591223E-06
  781    -1.4506161800E+00     7.8307396489E-06
  782    -1.3963268727E+00     1.2424150494E-05
  783    -1.3963259508E+00     8.5082577486E-06
  784    -1.3542483531E+00     8.9256541560E-06
  785    -1.3255966136E+00     1.0868852641E-05
  786    -1.3193981515E+00     9.3410389309E-06
  787    -1.3193969900E+00     9.9984455061E-06
  788    -1.3124335180E+00     1.0259347048E-05
  789    -1.2918481713E+00     1.1336329137E-05
  790    -1.2918477129E+00     1.1001399933E-05
  791    -1.2856038118E+00     1.1222789163E-05
  792    -1.2250217712E+00     9.6484341978E-06
  793    -1.2217709783E+00     1.1685172498E-05
  794    -1.2217698040E+00     9.2349155579E-06
  795    -1.1911219898E+00     1.2576034455E-05
  796    -1.1911217038E+00     1.0884855685E-05
  797    -1.1860550237E+00     1.1756241072E-05
  798    -1.1737304521E+00     1.3097395066E-05
  799    -1.1737297221E+00     1.5133106234E-05
  800    -1.1704370186E+00     1.3833586186E-05
  801    -1.1184914412E+00     1.3577663946E-05
  802    -1.1144980058E+00     1.7583222516E-05
  803    -1.1144974391E+00     1.6989060509E-05
  804    -1.0069071527E+00     1.8428802308E-05
  805    -1.0069066496E+00     2.6102548995E-05
  806    -1.0064024687E+00     1.7938842245E-05
  807    -9.7424910269E-01     1.7851062390E-05
  808    -9.6996443829E-01     1.2730271921E-05
  809    -9.6996414524E-01     1.7901118975E-05
  810    -9.5397849472E-01     1.8684527783E-05
  811    -9.4672457432E-01     1.4788560766E-05
  812    -9.4672401728E-01     1.8798113754E-05
  813    -9.3286851428E-01     2.1134940648E-05
  814    -9.1893015895E-01     1.9128880812E-05
  815    -9.1226337663E-01     1.9215590630E-05
  816    -9.0869876274E-01     1.7119750594E-05
  817    -9.0869764061E-01     1.5997515329E-05
  818    -9.0401829248E-01     2.5745800728E-05
  819    -9.0401721633E-01     2.0965405061E-05
  820    -8.9854173952E-01     2.8393224510E-05
  821    -8.8967482182E-01     2.3582426042E-05
  822    -8.7281277074E-01     2.3526699430E-05
  823    -8.7281218963E-01     2.2282178362E-05
  824    -8.6495854675E-01     2.1267487767E-05
  825    -8.6495775072E-01     1.8859759361E-05
  826    -8.5509161085E-01     2.2555768092E-05
  827    -7.9037490555E-01     2.0302753129E-05
  828    -7.9037397799E-01     2.6208126256E-05
  829    -7.6185728870E-01     3.5732935881E-05
  830    -7.6185669726E-01     2.4968754971E-05
  831    -7.4521518156E-01     3.3854175560E-05
  832    -7.3312627967E-01     2.8257127779E-05
  833    -7.3312571410E-01     3.9058085354E-05
  834    -7.3031086789E-01     4.3546195502E-05
  835    -7.2634328532E-01     5.0606735534E-05
  836    -7.2634255745E-01     3.2457955615E-05
  837    -7.0746002470E-01     2.8059434985E-05
  838    -7.0696454833E-01     4.8218688737E-05
  839    -7.0696369396E-01     4.0306388142E-05
  840    -6.9659064256E-01     3.0977654892E-05
  841    -6.8953122197E-01     4.2825695600E-05
  842    -6.8953086041E-01     3.5855427641E-05
  843    -6.8879628734E-01     4.6619858803E-05
  844    -6.7739917828E-01     3.8257387081E-05
  845    -6.4950461602E-01     4.2568296001E-05
  846    -6.4395450391E-01     3.4780165052E-05
  847    -6.4395423514E-01     4.1139253162E-05
  848    -6.2892252570E-01     4.5324234071E-05
  849    -6.2892145341E-01     4.8985081987E-05
  850    -6.0367549461E-01     5.1055735016E-05
  851    -5.4327746199E-01     5.6754008170E-05
  852    -5.4327682264E-01     6.0823299625E-05
  853    -5.3556953683E-01     5.8689126838E-05
  854    -5.3556911944E-01     6.6949524878E-05
  855    -5.1262360510E-01     8.8802626635E-05
  856    -4.8339831334E-01     8.7059347079E-05
  857    -4.8339747214E-01     8.0368219518E-05
  858    -4.5611777910E-01     9.7043702798E-05
  859    -4.5444770549E-01     7.7770985037E-05
  860    -4.5444727185E-01     1.0610655871E-04
  861    -4.4514968407E-01     7.6049068046E-05
  862    -4.3569525309E-01     8.9176885043E-05
  863    -4.3569424062E-01     9.8639550053E-05
  864    -4.1935175607E-01     1.2508535719E-04
  865    -4.1930125442E-01     9.2520893435E-05
  866    -4.1930068319E-01     1.1061150707E-04
  867    -3.9801894786E-01     9.8829761518E-05
  868    -3.9801884139E-01     8.8360765555E-05
  869    -3.8959898482E-01     1.0211012661E-04
  870    -3.8126191502E-01     1.0494138070E-04
  871    -3.7615368951E-01     9.5893656820E-05
  872    -3.7615351260E-01     9.2011560718E-05
  873    -3.6839286202E-01     1.2230476050E-04
  874    -3.6084365591E-01     1.2108375104E-04
  875    -3.6084344731E-01     1.3566436445E-04
  876    -3.5065311315E-01     1.4918590973E-04
  877    -3.5065282972E-01     1.3546828536E-04
  878    -3.4012911110E-01     1.5550515946E-04
  879    -3.2855592582E-01     1.5678679577E-04
  880    -3.2855552342E-01     1.6096756135E-04
  881    -3.1870530302E-01     1.7168671962E-04
  882    -3.1359363103E-01     1.5541881282E-04
  883    -3.1359325076E-01     1.3047023266E-04
  884    -3.0508707996E-01     1.9517907767E-04
  885    -3.0416807283E-01     1.8115183735E-04
  886    -2.9453282680E-01     2.4154961254E-04
  887    -2.9453272584E-01     1.8632735284E-04
  888    -2.9186241071E-01     1.8313435114E-04
  889    -2.8023773917E-01     1.9180780933E-04
  890    -2.7181559198E-01     3.4943645469E-04
  891    -2.7181539754E-01     2.1058514345E-04
  892    -2.7089908083E-01     1.9496654437E-04
  893    -2.6473719265E-01     2.6487634512E-04
  894    -2.6469050939E-01     2.7277208878E-04
  895    -2.6468982271E-01     3.1376797010E-04
  896    -2.5863737019E-01     3.1138766609E-04
  897    -2.2921917441E-01     3.1987651954E-04
  898    -2.2921888854E-01     1.9238953635E-04
  899    -2.1424484301E-01     3.7417161641E-04
  900    -2.1016010726E-01     3.6562140104E-04
  901    -2.1015934026E-01     3.7595158589E-04
  902    -1.9340669334E-01     5.1746012560E-04
  903    -1.9340660091E-01     4.3796187699E-04
  904    -1.7994816378E-01     5.4158015884E-04
  905    -1.7994763375E-01     4.2574058227E-04
  906    -1.6477539265E-01     6.6108944389E-04
  907    -1.5970296802E-01     8.1037283019E-04
  908    -1.5970214981E-01     4.3873513071E-04
  909    -1.5786502279E-01     6.2941373567E-04
  910    -1.5559194530E-01     1.0020020513E-03
  911    -1.4592577868E-01     6.7856097647E-04
  912    -1.4592526179E-01     8.9399310338E-04
  913    -1.4138154863E-01     7.4128235498E-04
  914    -1.4138129098E-01     8.5448478437E-04
  915    -1.3079404583E-01     1.0485002112E-03
  916    -1.3079384219E-01     7.4807545633E-04
  917    -1.1864409329E-01     1.6802490731E-03
  918    -8.9363876774E-02     2.2350166648E-03
  919    -8.9363405971E-02     2.3866976868E-03
  920    -8.4877383524E-02     2.7830661393E-03
  921    -8.4877251327E-02     2.4469124064E-03
  922    -7.7803644053E-02     3.9922280432E-03
  923    -6.1756961226E-02     5.7474239697E-03
  924    -6.1756551724E-02     3.6788024266E-03
  925    -5.5243250912E-02     8.4343349691E-03
  926    -4.0642068182E-02     1.3436785722E-02
  927    -4.0641835697E-02     9.9150085286E-03
  928    -2.6635217715E-02     3.1280969378E-02
  929    -1.4839960734E-02     1.0316252916E-01
  930    -1.4839352108E-02     1.1166382909E-01
  931    -1.1968586899E-02     2.5002309247E-01
  932    -4.7788773389E-03     8.6918909712E-01
  933    -3.2090270297E-03     2.2184453239E+00
  934     5.7651600062E-03     8.5476391966E-01
  935     9.5860253199E-03     3.3655909689E-01
  936     9.5865635292E-03     2.9573513651E-01
  937     1.3675431982E-02     1.5052311645E-01
  938     1.3676312658E-02     1.6225562032E-01
  939     1.5495653212E-02     1.4881113514E-01
  940     1.5821265806E-02     8.4388877711E-02
  941     1.5960385180E-02     2.0144500803E-01
  942     1.5960793853E-02     2.0845513175E-01
  943     2.0964579605E-02     1.0482963995E-01
  944     2.2406365763E-02     6.1511220351E-02
  945     2.4381272716E-02     5.4051383534E-02
  946     2.4382157213E-02     4.2180578284E-02
  947     2.5416598629E-02     4.1165071507E-02
  948     2.5417776884E-02     5.6320104734E-02
  949     2.8380526619E-02     5.7211936901E-02
  950     2.9653806497E-02     5.5408023285E-02
  951     2.9965151976E-02     2.7858568787E-02
  952     2.9965500126E-02     1.6549531014E-02
  953     3.2788726784E-02     4.2481989421E-02
  954     3.7492217652E-02     2.0583357069E-02
  955     3.7492759344E-02     2.0553892151E-02
  956     3.8686129076E-02     1.9872745951E-02
  957     3.8686663909E-02     1.8741708064E-02
  958     4.0330482445E-02     3.1033836704E-02
  959     4.1377105659E-02     2.5477090640E-02
  960     4.1377605755E-02     2.4026678776E-02
  961     4.2468258750E-02     2.2976907797E-02
  962     4.2782343090E-02     1.2644958566E-02
  963     4.2960774333E-02     1.7727891608E-02
  964     4.2960877775E-02     2.2986310611E-02
  965     4.6116640056E-02     2.1966143045E-02
  966     4.6792186566E-02     2.6047077810E-02
  967     4.6793540959E-02     2.3962066886E-02
  968     4.8505599193E-02     2.1284141987E-02
  969     4.8727671409E-02     2.0819867052E-02
  970     4.8965648539E-02     2.0216382260E-02
  971     4.8966401628E-02     1.7503933807E-02
  972     4.9542259088E-02     8.9302659497E-03
  973     4.9543163039E-02     1.0150599675E-02
  974     5.0138859446E-02     1.5351579634E-02
  975     5.4406950095E-02     1.1234671188E-02
  976     5.4407954536E-02     8.9516990829E-03
  977     5.4773899818E-02     1.3494539592E-02
  978     5.4775346261E-02     1.2701529012E-02
  979     5.7384938155E-02     1.4306806848E-02
  980     5.8032851729E-02     1.6755264141E-02
  981     5.8033605565E-02     1.6814762583E-02
  982     5.9201799981E-02     6.4937963149E-03
  983     5.9445667128E-02     1.4673080578E-02
  984     6.0081470501E-02     8.2406597157E-03
  985     6.0082267177E-02     9.4118542606E-03
  986     6.2707861733E-02     8.8120864341E-03
  987     6.2708642767E-02     7.9472838380E-03
  988     6.3026731126E-02     8.8437005225E-03
  989     6.3508851350E-02     6.4864907775E-03
  990     6.3509214042E-02     8.8152683998E-03
  991     6.3997531568E-02     1.1673246000E-02
  992     6.7402061830E-02     1.1517705252E-02
  993     6.8168670167E-02     5.7728662001E-03
  994     6.8168982067E-02     6.2298827635E-03
  995     6.8357269828E-02     9.8891337306E-03
  996     6.9772429554E-02     7.9674347248E-03
  997     6.9772932353E-02     7.8760479953E-03
  998     7.0248379348E-02     1.0137126119E-02
  999     7.0344764665E-02     1.1515759831E-02
 1000     7.0345692688E-02     1.0679466497E-02
 1001     7.0484534058E-02     9.9076910193E-03
 1002     7.2523077875E-02     8.2188148510E-03
 1003     7.2547995594E-02     8.6011276214E-03
 1004     7.3458386872E-02     6.2210145941E-03
 1005     7.3458875133E-02     6.2977961480E-03
 1006     7.5911161802E-02     5.5434443352E-03
 1007     7.5911976477E-02     6.1687650318E-03
 1008     7.6814849771E-02     7.8138906602E-03
 1009     7.6815629389E-02     8.3560817473E-03
 1010     7.9372824977E-02     6.6478826846E-03
 1011     8.0964603897E-02     6.9942479622E-03
 1012     8.2248208724E-02     6.4190222492E-03


 TOTAL TIME = 7877 [s]
