===============================================================================
 RRRRR  SSSSS  H   H  RRRRR    Zbigniew ROMANOWSKI                             
 R   R  S      H   H  R   R                                                    
 RRRRR  SSSSS  HHHHH  RRRRR    version: 5.4                                    
 R  R       S  H   H  R  R                                                     
 R   R  SSSSS  H   H  R   R    compilation date: Dec  8 2012 (15:15:27)                       
===============================================================================

PEs = 64

----INITIALIZATION----========================================================
DOMAIN:
    BsplDeg = 3, CubatOrder = 5, CubatNodeNo = 125
    h = 4.000000E-01
    Nx = 113,    Ny = 113,   Nz = 113
    X0 = -2.000000E+01,    Xmax = 2.520000E+01
    Y0 = -2.000000E+01,    Ymax = 2.520000E+01
    Z0 = -2.000000E+01,    Zmax = 2.520000E+01

NUMBER OF 'ATOMS' = 125
    Soft-r^4(d,a)=(-2.00, 0.10) at (x,y,z) = ( 0.00, 0.00, 0.00)
    Soft-r^4(d,a)=(-2.00, 0.10) at (x,y,z) = ( 0.00, 0.00, 1.30)
    Soft-r^4(d,a)=(-2.00, 0.10) at (x,y,z) = ( 0.00, 0.00, 2.60)
    Soft-r^4(d,a)=(-2.00, 0.10) at (x,y,z) = ( 0.00, 0.00, 3.90)
    Soft-r^4(d,a)=(-2.00, 0.10) at (x,y,z) = ( 0.00, 0.00, 5.20)
    Soft-r^4(d,a)=(-2.00, 0.10) at (x,y,z) = ( 0.00, 1.30, 0.00)
    Soft-r^4(d,a)=(-2.00, 0.10) at (x,y,z) = ( 0.00, 1.30, 1.30)
    Soft-r^4(d,a)=(-2.00, 0.10) at (x,y,z) = ( 0.00, 1.30, 2.60)
    Soft-r^4(d,a)=(-2.00, 0.10) at (x,y,z) = ( 0.00, 1.30, 3.90)
    Soft-r^4(d,a)=(-2.00, 0.10) at (x,y,z) = ( 0.00, 1.30, 5.20)
    Soft-r^4(d,a)=(-2.00, 0.10) at (x,y,z) = ( 0.00, 2.60, 0.00)
    Soft-r^4(d,a)=(-2.00, 0.10) at (x,y,z) = ( 0.00, 2.60, 1.30)
    Soft-r^4(d,a)=(-2.00, 0.10) at (x,y,z) = ( 0.00, 2.60, 2.60)
    Soft-r^4(d,a)=(-2.00, 0.10) at (x,y,z) = ( 0.00, 2.60, 3.90)
    Soft-r^4(d,a)=(-2.00, 0.10) at (x,y,z) = ( 0.00, 2.60, 5.20)
    Soft-r^4(d,a)=(-2.00, 0.10) at (x,y,z) = ( 0.00, 3.90, 0.00)
    Soft-r^4(d,a)=(-2.00, 0.10) at (x,y,z) = ( 0.00, 3.90, 1.30)
    Soft-r^4(d,a)=(-2.00, 0.10) at (x,y,z) = ( 0.00, 3.90, 2.60)
    Soft-r^4(d,a)=(-2.00, 0.10) at (x,y,z) = ( 0.00, 3.90, 3.90)
    Soft-r^4(d,a)=(-2.00, 0.10) at (x,y,z) = ( 0.00, 3.90, 5.20)
    Soft-r^4(d,a)=(-2.00, 0.10) at (x,y,z) = ( 0.00, 5.20, 0.00)
    Soft-r^4(d,a)=(-2.00, 0.10) at (x,y,z) = ( 0.00, 5.20, 1.30)
    Soft-r^4(d,a)=(-2.00, 0.10) at (x,y,z) = ( 0.00, 5.20, 2.60)
    Soft-r^4(d,a)=(-2.00, 0.10) at (x,y,z) = ( 0.00, 5.20, 3.90)
    Soft-r^4(d,a)=(-2.00, 0.10) at (x,y,z) = ( 0.00, 5.20, 5.20)
    Soft-r^4(d,a)=(-2.00, 0.10) at (x,y,z) = ( 1.30, 0.00, 0.00)
    Soft-r^4(d,a)=(-2.00, 0.10) at (x,y,z) = ( 1.30, 0.00, 1.30)
    Soft-r^4(d,a)=(-2.00, 0.10) at (x,y,z) = ( 1.30, 0.00, 2.60)
    Soft-r^4(d,a)=(-2.00, 0.10) at (x,y,z) = ( 1.30, 0.00, 3.90)
    Soft-r^4(d,a)=(-2.00, 0.10) at (x,y,z) = ( 1.30, 0.00, 5.20)
    Soft-r^4(d,a)=(-2.00, 0.10) at (x,y,z) = ( 1.30, 1.30, 0.00)
    Soft-r^4(d,a)=(-2.00, 0.10) at (x,y,z) = ( 1.30, 1.30, 1.30)
    Soft-r^4(d,a)=(-2.00, 0.10) at (x,y,z) = ( 1.30, 1.30, 2.60)
    Soft-r^4(d,a)=(-2.00, 0.10) at (x,y,z) = ( 1.30, 1.30, 3.90)
    Soft-r^4(d,a)=(-2.00, 0.10) at (x,y,z) = ( 1.30, 1.30, 5.20)
    Soft-r^4(d,a)=(-2.00, 0.10) at (x,y,z) = ( 1.30, 2.60, 0.00)
    Soft-r^4(d,a)=(-2.00, 0.10) at (x,y,z) = ( 1.30, 2.60, 1.30)
    Soft-r^4(d,a)=(-2.00, 0.10) at (x,y,z) = ( 1.30, 2.60, 2.60)
    Soft-r^4(d,a)=(-2.00, 0.10) at (x,y,z) = ( 1.30, 2.60, 3.90)
    Soft-r^4(d,a)=(-2.00, 0.10) at (x,y,z) = ( 1.30, 2.60, 5.20)
    Soft-r^4(d,a)=(-2.00, 0.10) at (x,y,z) = ( 1.30, 3.90, 0.00)
    Soft-r^4(d,a)=(-2.00, 0.10) at (x,y,z) = ( 1.30, 3.90, 1.30)
    Soft-r^4(d,a)=(-2.00, 0.10) at (x,y,z) = ( 1.30, 3.90, 2.60)
    Soft-r^4(d,a)=(-2.00, 0.10) at (x,y,z) = ( 1.30, 3.90, 3.90)
    Soft-r^4(d,a)=(-2.00, 0.10) at (x,y,z) = ( 1.30, 3.90, 5.20)
    Soft-r^4(d,a)=(-2.00, 0.10) at (x,y,z) = ( 1.30, 5.20, 0.00)
    Soft-r^4(d,a)=(-2.00, 0.10) at (x,y,z) = ( 1.30, 5.20, 1.30)
    Soft-r^4(d,a)=(-2.00, 0.10) at (x,y,z) = ( 1.30, 5.20, 2.60)
    Soft-r^4(d,a)=(-2.00, 0.10) at (x,y,z) = ( 1.30, 5.20, 3.90)
    Soft-r^4(d,a)=(-2.00, 0.10) at (x,y,z) = ( 1.30, 5.20, 5.20)
    Soft-r^4(d,a)=(-2.00, 0.10) at (x,y,z) = ( 2.60, 0.00, 0.00)
    Soft-r^4(d,a)=(-2.00, 0.10) at (x,y,z) = ( 2.60, 0.00, 1.30)
    Soft-r^4(d,a)=(-2.00, 0.10) at (x,y,z) = ( 2.60, 0.00, 2.60)
    Soft-r^4(d,a)=(-2.00, 0.10) at (x,y,z) = ( 2.60, 0.00, 3.90)
    Soft-r^4(d,a)=(-2.00, 0.10) at (x,y,z) = ( 2.60, 0.00, 5.20)
    Soft-r^4(d,a)=(-2.00, 0.10) at (x,y,z) = ( 2.60, 1.30, 0.00)
    Soft-r^4(d,a)=(-2.00, 0.10) at (x,y,z) = ( 2.60, 1.30, 1.30)
    Soft-r^4(d,a)=(-2.00, 0.10) at (x,y,z) = ( 2.60, 1.30, 2.60)
    Soft-r^4(d,a)=(-2.00, 0.10) at (x,y,z) = ( 2.60, 1.30, 3.90)
    Soft-r^4(d,a)=(-2.00, 0.10) at (x,y,z) = ( 2.60, 1.30, 5.20)
    Soft-r^4(d,a)=(-2.00, 0.10) at (x,y,z) = ( 2.60, 2.60, 0.00)
    Soft-r^4(d,a)=(-2.00, 0.10) at (x,y,z) = ( 2.60, 2.60, 1.30)
    Soft-r^4(d,a)=(-2.00, 0.10) at (x,y,z) = ( 2.60, 2.60, 2.60)
    Soft-r^4(d,a)=(-2.00, 0.10) at (x,y,z) = ( 2.60, 2.60, 3.90)
    Soft-r^4(d,a)=(-2.00, 0.10) at (x,y,z) = ( 2.60, 2.60, 5.20)
    Soft-r^4(d,a)=(-2.00, 0.10) at (x,y,z) = ( 2.60, 3.90, 0.00)
    Soft-r^4(d,a)=(-2.00, 0.10) at (x,y,z) = ( 2.60, 3.90, 1.30)
    Soft-r^4(d,a)=(-2.00, 0.10) at (x,y,z) = ( 2.60, 3.90, 2.60)
    Soft-r^4(d,a)=(-2.00, 0.10) at (x,y,z) = ( 2.60, 3.90, 3.90)
    Soft-r^4(d,a)=(-2.00, 0.10) at (x,y,z) = ( 2.60, 3.90, 5.20)
    Soft-r^4(d,a)=(-2.00, 0.10) at (x,y,z) = ( 2.60, 5.20, 0.00)
    Soft-r^4(d,a)=(-2.00, 0.10) at (x,y,z) = ( 2.60, 5.20, 1.30)
    Soft-r^4(d,a)=(-2.00, 0.10) at (x,y,z) = ( 2.60, 5.20, 2.60)
    Soft-r^4(d,a)=(-2.00, 0.10) at (x,y,z) = ( 2.60, 5.20, 3.90)
    Soft-r^4(d,a)=(-2.00, 0.10) at (x,y,z) = ( 2.60, 5.20, 5.20)
    Soft-r^4(d,a)=(-2.00, 0.10) at (x,y,z) = ( 3.90, 0.00, 0.00)
    Soft-r^4(d,a)=(-2.00, 0.10) at (x,y,z) = ( 3.90, 0.00, 1.30)
    Soft-r^4(d,a)=(-2.00, 0.10) at (x,y,z) = ( 3.90, 0.00, 2.60)
    Soft-r^4(d,a)=(-2.00, 0.10) at (x,y,z) = ( 3.90, 0.00, 3.90)
    Soft-r^4(d,a)=(-2.00, 0.10) at (x,y,z) = ( 3.90, 0.00, 5.20)
    Soft-r^4(d,a)=(-2.00, 0.10) at (x,y,z) = ( 3.90, 1.30, 0.00)
    Soft-r^4(d,a)=(-2.00, 0.10) at (x,y,z) = ( 3.90, 1.30, 1.30)
    Soft-r^4(d,a)=(-2.00, 0.10) at (x,y,z) = ( 3.90, 1.30, 2.60)
    Soft-r^4(d,a)=(-2.00, 0.10) at (x,y,z) = ( 3.90, 1.30, 3.90)
    Soft-r^4(d,a)=(-2.00, 0.10) at (x,y,z) = ( 3.90, 1.30, 5.20)
    Soft-r^4(d,a)=(-2.00, 0.10) at (x,y,z) = ( 3.90, 2.60, 0.00)
    Soft-r^4(d,a)=(-2.00, 0.10) at (x,y,z) = ( 3.90, 2.60, 1.30)
    Soft-r^4(d,a)=(-2.00, 0.10) at (x,y,z) = ( 3.90, 2.60, 2.60)
    Soft-r^4(d,a)=(-2.00, 0.10) at (x,y,z) = ( 3.90, 2.60, 3.90)
    Soft-r^4(d,a)=(-2.00, 0.10) at (x,y,z) = ( 3.90, 2.60, 5.20)
    Soft-r^4(d,a)=(-2.00, 0.10) at (x,y,z) = ( 3.90, 3.90, 0.00)
    Soft-r^4(d,a)=(-2.00, 0.10) at (x,y,z) = ( 3.90, 3.90, 1.30)
    Soft-r^4(d,a)=(-2.00, 0.10) at (x,y,z) = ( 3.90, 3.90, 2.60)
    Soft-r^4(d,a)=(-2.00, 0.10) at (x,y,z) = ( 3.90, 3.90, 3.90)
    Soft-r^4(d,a)=(-2.00, 0.10) at (x,y,z) = ( 3.90, 3.90, 5.20)
    Soft-r^4(d,a)=(-2.00, 0.10) at (x,y,z) = ( 3.90, 5.20, 0.00)
    Soft-r^4(d,a)=(-2.00, 0.10) at (x,y,z) = ( 3.90, 5.20, 1.30)
    Soft-r^4(d,a)=(-2.00, 0.10) at (x,y,z) = ( 3.90, 5.20, 2.60)
    Soft-r^4(d,a)=(-2.00, 0.10) at (x,y,z) = ( 3.90, 5.20, 3.90)
    Soft-r^4(d,a)=(-2.00, 0.10) at (x,y,z) = ( 3.90, 5.20, 5.20)
    Soft-r^4(d,a)=(-2.00, 0.10) at (x,y,z) = ( 5.20, 0.00, 0.00)
    Soft-r^4(d,a)=(-2.00, 0.10) at (x,y,z) = ( 5.20, 0.00, 1.30)
    Soft-r^4(d,a)=(-2.00, 0.10) at (x,y,z) = ( 5.20, 0.00, 2.60)
    Soft-r^4(d,a)=(-2.00, 0.10) at (x,y,z) = ( 5.20, 0.00, 3.90)
    Soft-r^4(d,a)=(-2.00, 0.10) at (x,y,z) = ( 5.20, 0.00, 5.20)
    Soft-r^4(d,a)=(-2.00, 0.10) at (x,y,z) = ( 5.20, 1.30, 0.00)
    Soft-r^4(d,a)=(-2.00, 0.10) at (x,y,z) = ( 5.20, 1.30, 1.30)
    Soft-r^4(d,a)=(-2.00, 0.10) at (x,y,z) = ( 5.20, 1.30, 2.60)
    Soft-r^4(d,a)=(-2.00, 0.10) at (x,y,z) = ( 5.20, 1.30, 3.90)
    Soft-r^4(d,a)=(-2.00, 0.10) at (x,y,z) = ( 5.20, 1.30, 5.20)
    Soft-r^4(d,a)=(-2.00, 0.10) at (x,y,z) = ( 5.20, 2.60, 0.00)
    Soft-r^4(d,a)=(-2.00, 0.10) at (x,y,z) = ( 5.20, 2.60, 1.30)
    Soft-r^4(d,a)=(-2.00, 0.10) at (x,y,z) = ( 5.20, 2.60, 2.60)
    Soft-r^4(d,a)=(-2.00, 0.10) at (x,y,z) = ( 5.20, 2.60, 3.90)
    Soft-r^4(d,a)=(-2.00, 0.10) at (x,y,z) = ( 5.20, 2.60, 5.20)
    Soft-r^4(d,a)=(-2.00, 0.10) at (x,y,z) = ( 5.20, 3.90, 0.00)
    Soft-r^4(d,a)=(-2.00, 0.10) at (x,y,z) = ( 5.20, 3.90, 1.30)
    Soft-r^4(d,a)=(-2.00, 0.10) at (x,y,z) = ( 5.20, 3.90, 2.60)
    Soft-r^4(d,a)=(-2.00, 0.10) at (x,y,z) = ( 5.20, 3.90, 3.90)
    Soft-r^4(d,a)=(-2.00, 0.10) at (x,y,z) = ( 5.20, 3.90, 5.20)
    Soft-r^4(d,a)=(-2.00, 0.10) at (x,y,z) = ( 5.20, 5.20, 0.00)
    Soft-r^4(d,a)=(-2.00, 0.10) at (x,y,z) = ( 5.20, 5.20, 1.30)
    Soft-r^4(d,a)=(-2.00, 0.10) at (x,y,z) = ( 5.20, 5.20, 2.60)
    Soft-r^4(d,a)=(-2.00, 0.10) at (x,y,z) = ( 5.20, 5.20, 3.90)
    Soft-r^4(d,a)=(-2.00, 0.10) at (x,y,z) = ( 5.20, 5.20, 5.20)


----GRAPH-CREATION-and-PARTITIONING----=======================================
      Setup: Max:   5.230, Sum: 334.718, Balance:   1.000
   Matching: Max:   5.428, Sum: 347.400, Balance:   1.000
Contraction: Max:   1.604, Sum: 102.686, Balance:   1.000
   InitPart: Max:   0.097, Sum:   6.218, Balance:   1.000
    Project: Max:   0.003, Sum:   0.156, Balance:   1.034
 Initialize: Max:   1.089, Sum:  69.662, Balance:   1.000
      K-way: Max:   3.319, Sum: 212.386, Balance:   1.000
      Remap: Max:   0.001, Sum:   0.041, Balance:   1.001
      Total: Max:  16.770, Sum: 1073.294, Balance:   1.000
Final  64-way Cut: 28452614 	Balance: 1.050 

    Number of nodes:
         Rank0.........1.444E+04
         Averg.........2.080E+04
         Total.........1.331E+06
    Number of edges:
         Rank0.........4.649E+06
         Averg.........6.784E+06
         Total.........4.342E+08
    Memory usage.[MB]:
         Rank0.........7.117E+01
         Averg.........1.038E+02
         Total.........6.646E+03


----MATRIX-ALLOCATION----=====================================================
    Dimension of matrix H or S:
              Rank0..............1.444E+04 (14443)
              Averg..............2.080E+04       
              Total..............1.331E+06 (1331000)
    Nonzero entries in H or S:
              Rank0..............4.664E+06 (4663918)
              Averg..............6.805E+06       
              Total..............4.355E+08 (435519512)
    Sparseness of H or S (fraction):
              Rank0..............2.426E-04
              Averg..............2.458E-04
    Sparseness of H or S (non-zero elemnts in a row):
              Rank0..............322.9
              Averg..............327.2
    Memory usage for H and S [MiB]:
              Rank0..............1.423E+02
              Averg..............2.077E+02
              Total..............1.329E+04


----ASSEMBLING----============================================================
..........10..........20..........30..........40..........50done
Assembling time = 211 [s]



----SOLVING----===============================================================
EPS Object: 64 MPI processes
  type: krylovschur
    Krylov-Schur: 50% of basis vectors kept after restart
  problem type: generalized symmetric eigenvalue problem
  extraction type: Rayleigh-Ritz
  selected portion of the spectrum: smallest real parts
  number of eigenvalues (nev): 10
  number of column vectors (ncv): 30
  maximum dimension of projected problem (mpd): 30
  maximum number of iterations: 500
  tolerance: 0.0001
  convergence test: relative to the eigenvalue
  estimates of matrix norms (constant): norm(A)=1, norm(B)=1
IP Object: 64 MPI processes
  type: bilinear
  orthogonalization method: classical Gram-Schmidt
  orthogonalization refinement: if needed (eta: 0.7071)
  Matrix Object:   64 MPI processes
    type: mpiaij
    rows=1331000, cols=1331000
    total: nonzeros=435519512, allocated nonzeros=435519512
    total number of mallocs used during MatSetValues calls =0
      not using I-node (on process 0) routines
DS Object: 64 MPI processes
  type: hep
  solving the problem with: Implicit QR method (_steqr)
ST Object: 64 MPI processes
  type: shift
  shift: 0
  matrices A and B have same nonzero pattern
  KSP Object:  (st_)   64 MPI processes
    type: cg
    maximum iterations=10000
    using preconditioner applied to right hand side for initial guess
    tolerances:  relative=1e-05, absolute=1e-50, divergence=10000
    left preconditioning
    using nonzero initial guess
    using PRECONDITIONED norm type for convergence test
  PC Object:  (st_)   64 MPI processes
    type: asm
      Additive Schwarz: total subdomain blocks = 64, amount of overlap = 1
      Additive Schwarz: restriction/interpolation type - RESTRICT
      Local solve is same for all blocks, in the following KSP and PC objects:
    KSP Object:    (st_sub_)     1 MPI processes
      type: preonly
      maximum iterations=10000, initial guess is zero
      tolerances:  relative=1e-05, absolute=1e-50, divergence=10000
      left preconditioning
      using DEFAULT norm type for convergence test
    PC Object:    (st_sub_)     1 MPI processes
      type: icc
        0 levels of fill
        tolerance for zero pivot 2.22045e-14
        using Manteuffel shift
        matrix ordering: natural
      linear system matrix = precond matrix:
      Matrix Object:       1 MPI processes
        type: seqaij
        rows=27346, cols=27346
        total: nonzeros=7904960, allocated nonzeros=7904960
        total number of mallocs used during MatSetValues calls =0
          not using I-node routines
    linear system matrix = precond matrix:
    Matrix Object:     64 MPI processes
      type: mpiaij
      rows=1331000, cols=1331000
      total: nonzeros=435519512, allocated nonzeros=435519512
      total number of mallocs used during MatSetValues calls =0
        not using I-node (on process 0) routines


  1 EPS nconv=0 first unconverged value (error) -20.4109 (2.02672413e-03)
  2 EPS nconv=1 first unconverged value (error) -19.3604 (3.38918388e-03)
  3 EPS nconv=1 first unconverged value (error) -19.8472 (2.05124890e-02)
  4 EPS nconv=1 first unconverged value (error) -19.8591 (1.96934547e-03)
  5 EPS nconv=2 first unconverged value (error) -19.3597 (2.19220900e-04)
  6 EPS nconv=3 first unconverged value (error) -19.3174 (1.38276307e-03)
  7 EPS nconv=3 first unconverged value (error) -19.3177 (1.93947735e-03)
  8 EPS nconv=3 first unconverged value (error) -19.344 (7.70373391e-03)
  9 EPS nconv=3 first unconverged value (error) -19.6627 (1.17620643e-01)
 10 EPS nconv=3 first unconverged value (error) -19.859 (1.28925990e-03)
 11 EPS nconv=3 first unconverged value (error) -19.8593 (1.73511944e-04)
 12 EPS nconv=6 first unconverged value (error) -18.8128 (4.18113965e-04)
 13 EPS nconv=6 first unconverged value (error) -18.8129 (1.50973375e-03)
 14 EPS nconv=6 first unconverged value (error) -19.3101 (1.52278732e-02)
 15 EPS nconv=6 first unconverged value (error) -19.3222 (1.88073522e-02)
 16 EPS nconv=6 first unconverged value (error) -19.8575 (4.17722992e-03)
 17 EPS nconv=6 first unconverged value (error) -19.8591 (2.15297258e-03)
 18 EPS nconv=7 first unconverged value (error) -19.3443 (3.88585398e-03)
 19 EPS nconv=7 first unconverged value (error) -19.3453 (1.09009911e-03)
 20 EPS nconv=7 first unconverged value (error) -19.3454 (1.51375247e-04)
 21 EPS nconv=10 first unconverged value (error) -18.8122 (3.37126147e-03)

--------------------------------------------------------------
    Number of iterations of the method.............21
    Number of linear iterations of the method......1188
    Solution method................................krylovschur
    Number of requested eigenvalues................10
    Stopping condition: eps_tol....................1.000000E-04
    Stopping condition: eps_max_it.................500
--------------------------------------------------------------


             EIGENVALUES            ERROR
====================================================
    0    -2.0410998993E+01     1.9091855258E-06
    1    -1.9859269089E+01     1.3791411387E-07
    2    -1.9859268262E+01     2.1639431871E-06
    3    -1.9859266389E+01     1.5628430192E-06
    4    -1.9359742432E+01     1.0035486692E-06
    5    -1.9345374802E+01     4.7113450010E-07
    6    -1.9345371473E+01     2.8529675486E-07
    7    -1.9316661916E+01     6.2263707144E-08
    8    -1.9316660273E+01     1.7878679174E-07
    9    -1.8812847477E+01     6.4543523415E-07


 TOTAL TIME = 1185 [s]
