===============================================================================
 RRRRR  SSSSS  H   H  RRRRR    Zbigniew ROMANOWSKI                             
 R   R  S      H   H  R   R                                                    
 RRRRR  SSSSS  HHHHH  RRRRR    version: 5.x                                    
 R  R       S  H   H  R  R                                                     
 R   R  SSSSS  H   H  R   R    compilation date: Dec 21 2012 (12:36:10)                       
===============================================================================

  C A L C U L A T I O N   D A T E   Fri Dec 28 14:30:32 2012



*************************************
*                                   *
*      I N P U T   P A R A M S      *
*      (in alphabetic order)        *
*                                   *
*************************************
Domain_Nx                        20

Domain_Ny                        20

Domain_Nz                        20

Domain_X0                        -5.0

Domain_Y0                        -5.0

Domain_Z0                        -5.0

Domain_h                         0.5

General_BsplDeg                  3

General_CubatOrder               6

General_PotCache                 Tree

Slepc_eps_max_it                 500

Slepc_eps_mpd                    50

Slepc_eps_ncv                    50

Slepc_eps_nev                    10

Slepc_eps_tol                    1E-4

Slepc_eps_type                   krylovschur

Slepc_st_ksp_rtol                1E-5

Slepc_st_ksp_type                cg

Slepc_st_pc_type                 asm

