===============================================================================
 RRRRR  SSSSS  H   H  RRRRR    Zbigniew ROMANOWSKI                             
 R   R  S      H   H  R   R                                                    
 RRRRR  SSSSS  HHHHH  RRRRR    version: 5.x                                    
 R  R       S  H   H  R  R                                                     
 R   R  SSSSS  H   H  R   R    compilation date: Dec 21 2012 (12:36:10)                       
===============================================================================

Start of calculation: Fri Dec 28 14:30:32 2012

PEs = 4

----INITIALIZATION----========================================================
DOMAIN:
    BsplDeg = 3, CubatOrder = 6, CubatNodeNo = 216
    h = 5.000000E-01
    Nx = 20,    Ny = 20,   Nz = 20
    X0 = -5.000000E+00,    Xmax = 5.000000E+00
    Y0 = -5.000000E+00,    Ymax = 5.000000E+00
    Z0 = -5.000000E+00,    Zmax = 5.000000E+00

NUMBER OF 'ATOMS' = 1
    Soft-Squared(d,a)=(-2.00, 0.10) at (x,y,z) = ( 0.00, 0.00, 0.00)


----GRAPH-CREATION-and-PARTITIONING----=======================================
Partitioning a graph of size 4913 serially
      Setup: Max:   0.010, Sum:   0.040, Balance:   1.000
      Remap: Max:   0.000, Sum:   0.000, Balance:   1.029
      Total: Max:   0.087, Sum:   0.349, Balance:   1.000
Final   4-way Cut: 128998 	Balance: 1.030 

    Number of nodes:
         Rank0.........1.192E+03
         Averg.........1.228E+03
         Total.........4.913E+03
    Number of edges:
         Rank0.........2.953E+05
         Averg.........3.050E+05
         Total.........1.220E+06
    Memory usage.[MB]:
         Rank0.........4.523E+00
         Averg.........4.673E+00
         Total.........1.869E+01


----MATRIX-ALLOCATION----=====================================================
    Dimension of matrix H or S:
              Rank0..............1.192E+03 (1192)
              Averg..............1.228E+03       
              Total..............4.913E+03 (4913)
    Nonzero entries in H or S:
              Rank0..............2.964E+05 (296445)
              Averg..............3.063E+05       
              Total..............1.225E+06 (1225043)
    Sparseness of H or S (fraction):
              Rank0..............5.062E-02
              Averg..............5.075E-02
    Sparseness of H or S (non-zero elemnts in a row):
              Rank0..............248.7
              Averg..............249.3
    Memory usage for H and S [MiB]:
              Rank0..............9.047E+00
              Averg..............9.346E+00
              Total..............3.739E+01


----ASSEMBLING----============================================================
..........10..........20..........30..........40..........50done
Assembling time = 2 [s]



----SOLVING----===============================================================
EPS Object: 4 MPI processes
  type: krylovschur
    Krylov-Schur: 50% of basis vectors kept after restart
  problem type: generalized symmetric eigenvalue problem
  extraction type: Rayleigh-Ritz
  selected portion of the spectrum: smallest real parts
  number of eigenvalues (nev): 10
  number of column vectors (ncv): 50
  maximum dimension of projected problem (mpd): 50
  maximum number of iterations: 500
  tolerance: 0.0001
  convergence test: relative to the eigenvalue
  estimates of matrix norms (constant): norm(A)=1, norm(B)=1
IP Object: 4 MPI processes
  type: bilinear
  orthogonalization method: classical Gram-Schmidt
  orthogonalization refinement: if needed (eta: 0.7071)
  Matrix Object:   4 MPI processes
    type: mpiaij
    rows=4913, cols=4913
    total: nonzeros=1225043, allocated nonzeros=1225043
    total number of mallocs used during MatSetValues calls =0
      not using I-node (on process 0) routines
DS Object: 4 MPI processes
  type: hep
  solving the problem with: Implicit QR method (_steqr)
ST Object: 4 MPI processes
  type: shift
  shift: 0
  matrices A and B have same nonzero pattern
  KSP Object:  (st_)   4 MPI processes
    type: cg
    maximum iterations=10000
    using preconditioner applied to right hand side for initial guess
    tolerances:  relative=1e-05, absolute=1e-50, divergence=10000
    left preconditioning
    using nonzero initial guess
    using PRECONDITIONED norm type for convergence test
  PC Object:  (st_)   4 MPI processes
    type: asm
      Additive Schwarz: total subdomain blocks = 4, amount of overlap = 1
      Additive Schwarz: restriction/interpolation type - RESTRICT
      Local solve is same for all blocks, in the following KSP and PC objects:
    KSP Object:    (st_sub_)     1 MPI processes
      type: preonly
      maximum iterations=10000, initial guess is zero
      tolerances:  relative=1e-05, absolute=1e-50, divergence=10000
      left preconditioning
      using DEFAULT norm type for convergence test
    PC Object:    (st_sub_)     1 MPI processes
      type: icc
        0 levels of fill
        tolerance for zero pivot 2.22045e-14
        using Manteuffel shift
        matrix ordering: natural
      linear system matrix = precond matrix:
      Matrix Object:       1 MPI processes
        type: seqaij
        rows=2659, cols=2659
        total: nonzeros=616911, allocated nonzeros=616911
        total number of mallocs used during MatSetValues calls =0
          not using I-node routines
    linear system matrix = precond matrix:
    Matrix Object:     4 MPI processes
      type: mpiaij
      rows=4913, cols=4913
      total: nonzeros=1225043, allocated nonzeros=1225043
      total number of mallocs used during MatSetValues calls =0
        not using I-node (on process 0) routines


  1 EPS nconv=1 first unconverged value (error) -0.130588 (1.27813363e-02)
  2 EPS nconv=1 first unconverged value (error) -0.130595 (1.93928156e-02)
  3 EPS nconv=1 first unconverged value (error) -0.130596 (2.00795823e-04)
  4 EPS nconv=3 first unconverged value (error) 0.319565 (5.19633933e-02)
  5 EPS nconv=3 first unconverged value (error) -0.0291856 (1.76551257e+01)
  6 EPS nconv=3 first unconverged value (error) -0.119229 (3.42584926e-02)
  7 EPS nconv=5 first unconverged value (error) 0.370412 (1.32180379e-04)
  8 EPS nconv=5 first unconverged value (error) 0.263069 (1.66442858e+00)
  9 EPS nconv=5 first unconverged value (error) -0.119201 (6.80993013e-02)
 10 EPS nconv=5 first unconverged value (error) -0.119232 (4.45629392e-04)
 11 EPS nconv=6 first unconverged value (error) 0.319482 (2.14799562e-04)
 12 EPS nconv=7 first unconverged value (error) 0.370411 (7.74478857e-04)
 13 EPS nconv=10 first unconverged value (error) 0.392014 (2.93351657e-02)

--------------------------------------------------------------
    Number of iterations of the method.............13
    Number of linear iterations of the method......1336
    Solution method................................krylovschur
    Number of requested eigenvalues................10
    Stopping condition: eps_tol....................1.000000E-04
    Stopping condition: eps_max_it.................500
--------------------------------------------------------------


             EIGENVALUES            ERROR
====================================================
    0    -3.4165637622E+00     1.9739123347E-07
    1    -1.3059603757E-01     2.3606319533E-04
    2    -1.1923229025E-01     3.6321977585E-04
    3    -1.1923214184E-01     5.2739175906E-04
    4    -1.1923213324E-01     2.4167067490E-04
    5     3.1948222151E-01     5.5518171061E-05
    6     3.1948283335E-01     4.7685048733E-05
    7     3.7041115532E-01     5.4798234151E-05
    8     3.7041241941E-01     5.8849995612E-05
    9     3.9198535844E-01     3.2981484170E-05
End of calculation: Fri Dec 28 14:30:40 2012



 CALCULATION TIME = 8 [seconds] = 0.00 [hours]
