===============================================================================
 RRRRR  SSSSS  H   H  RRRRR    Zbigniew ROMANOWSKI                             
 R   R  S      H   H  R   R                                                    
 RRRRR  SSSSS  HHHHH  RRRRR    version: 5.4                                    
 R  R       S  H   H  R  R                                                     
 R   R  SSSSS  H   H  R   R    compilation date: Dec  8 2012 (20:50:40)                       
===============================================================================

  C A L C U L A T I O N   D A T E   Mon Dec 10 07:17:20 2012



*************************************
*                                   *
*      I N P U T   P A R A M S      *
*      (in alphabetic order)        *
*                                   *
*************************************
Domain_Nx                        135

Domain_Ny                        135

Domain_Nz                        135

Domain_X0                        -20.0

Domain_Y0                        -20.0

Domain_Z0                        -20.0

Domain_h                         0.33333333

General_BsplDeg                  3

General_CubatOrder               5

Slepc_eps_max_it                 1500

Slepc_eps_mpd                    300

Slepc_eps_ncv                    300

Slepc_eps_nev                    100

Slepc_eps_tol                    1E-4

Slepc_eps_type                   krylovschur

Slepc_st_ksp_rtol                1E-5

Slepc_st_ksp_type                cg

Slepc_st_pc_type                 asm

