===============================================================================
 RRRRR  SSSSS  H   H  RRRRR    Zbigniew ROMANOWSKI                             
 R   R  S      H   H  R   R                                                    
 RRRRR  SSSSS  HHHHH  RRRRR    version: 5.4                                    
 R  R       S  H   H  R  R                                                     
 R   R  SSSSS  H   H  R   R    compilation date: Dec  8 2012 (20:50:40)                       
===============================================================================

PEs = 1024

----INITIALIZATION----========================================================
DOMAIN:
    BsplDeg = 3, CubatOrder = 5, CubatNodeNo = 125
    h = 3.333333E-01
    Nx = 135,    Ny = 135,   Nz = 135
    X0 = -2.000000E+01,    Xmax = 2.500000E+01
    Y0 = -2.000000E+01,    Ymax = 2.500000E+01
    Z0 = -2.000000E+01,    Zmax = 2.500000E+01

NUMBER OF 'ATOMS' = 125
    Soft-r^4(d,a)=(-2.00, 0.10) at (x,y,z) = ( 0.00, 0.00, 0.00)
    Soft-r^4(d,a)=(-2.00, 0.10) at (x,y,z) = ( 0.00, 0.00, 1.30)
    Soft-r^4(d,a)=(-2.00, 0.10) at (x,y,z) = ( 0.00, 0.00, 2.60)
    Soft-r^4(d,a)=(-2.00, 0.10) at (x,y,z) = ( 0.00, 0.00, 3.90)
    Soft-r^4(d,a)=(-2.00, 0.10) at (x,y,z) = ( 0.00, 0.00, 5.20)
    Soft-r^4(d,a)=(-2.00, 0.10) at (x,y,z) = ( 0.00, 1.30, 0.00)
    Soft-r^4(d,a)=(-2.00, 0.10) at (x,y,z) = ( 0.00, 1.30, 1.30)
    Soft-r^4(d,a)=(-2.00, 0.10) at (x,y,z) = ( 0.00, 1.30, 2.60)
    Soft-r^4(d,a)=(-2.00, 0.10) at (x,y,z) = ( 0.00, 1.30, 3.90)
    Soft-r^4(d,a)=(-2.00, 0.10) at (x,y,z) = ( 0.00, 1.30, 5.20)
    Soft-r^4(d,a)=(-2.00, 0.10) at (x,y,z) = ( 0.00, 2.60, 0.00)
    Soft-r^4(d,a)=(-2.00, 0.10) at (x,y,z) = ( 0.00, 2.60, 1.30)
    Soft-r^4(d,a)=(-2.00, 0.10) at (x,y,z) = ( 0.00, 2.60, 2.60)
    Soft-r^4(d,a)=(-2.00, 0.10) at (x,y,z) = ( 0.00, 2.60, 3.90)
    Soft-r^4(d,a)=(-2.00, 0.10) at (x,y,z) = ( 0.00, 2.60, 5.20)
    Soft-r^4(d,a)=(-2.00, 0.10) at (x,y,z) = ( 0.00, 3.90, 0.00)
    Soft-r^4(d,a)=(-2.00, 0.10) at (x,y,z) = ( 0.00, 3.90, 1.30)
    Soft-r^4(d,a)=(-2.00, 0.10) at (x,y,z) = ( 0.00, 3.90, 2.60)
    Soft-r^4(d,a)=(-2.00, 0.10) at (x,y,z) = ( 0.00, 3.90, 3.90)
    Soft-r^4(d,a)=(-2.00, 0.10) at (x,y,z) = ( 0.00, 3.90, 5.20)
    Soft-r^4(d,a)=(-2.00, 0.10) at (x,y,z) = ( 0.00, 5.20, 0.00)
    Soft-r^4(d,a)=(-2.00, 0.10) at (x,y,z) = ( 0.00, 5.20, 1.30)
    Soft-r^4(d,a)=(-2.00, 0.10) at (x,y,z) = ( 0.00, 5.20, 2.60)
    Soft-r^4(d,a)=(-2.00, 0.10) at (x,y,z) = ( 0.00, 5.20, 3.90)
    Soft-r^4(d,a)=(-2.00, 0.10) at (x,y,z) = ( 0.00, 5.20, 5.20)
    Soft-r^4(d,a)=(-2.00, 0.10) at (x,y,z) = ( 1.30, 0.00, 0.00)
    Soft-r^4(d,a)=(-2.00, 0.10) at (x,y,z) = ( 1.30, 0.00, 1.30)
    Soft-r^4(d,a)=(-2.00, 0.10) at (x,y,z) = ( 1.30, 0.00, 2.60)
    Soft-r^4(d,a)=(-2.00, 0.10) at (x,y,z) = ( 1.30, 0.00, 3.90)
    Soft-r^4(d,a)=(-2.00, 0.10) at (x,y,z) = ( 1.30, 0.00, 5.20)
    Soft-r^4(d,a)=(-2.00, 0.10) at (x,y,z) = ( 1.30, 1.30, 0.00)
    Soft-r^4(d,a)=(-2.00, 0.10) at (x,y,z) = ( 1.30, 1.30, 1.30)
    Soft-r^4(d,a)=(-2.00, 0.10) at (x,y,z) = ( 1.30, 1.30, 2.60)
    Soft-r^4(d,a)=(-2.00, 0.10) at (x,y,z) = ( 1.30, 1.30, 3.90)
    Soft-r^4(d,a)=(-2.00, 0.10) at (x,y,z) = ( 1.30, 1.30, 5.20)
    Soft-r^4(d,a)=(-2.00, 0.10) at (x,y,z) = ( 1.30, 2.60, 0.00)
    Soft-r^4(d,a)=(-2.00, 0.10) at (x,y,z) = ( 1.30, 2.60, 1.30)
    Soft-r^4(d,a)=(-2.00, 0.10) at (x,y,z) = ( 1.30, 2.60, 2.60)
    Soft-r^4(d,a)=(-2.00, 0.10) at (x,y,z) = ( 1.30, 2.60, 3.90)
    Soft-r^4(d,a)=(-2.00, 0.10) at (x,y,z) = ( 1.30, 2.60, 5.20)
    Soft-r^4(d,a)=(-2.00, 0.10) at (x,y,z) = ( 1.30, 3.90, 0.00)
    Soft-r^4(d,a)=(-2.00, 0.10) at (x,y,z) = ( 1.30, 3.90, 1.30)
    Soft-r^4(d,a)=(-2.00, 0.10) at (x,y,z) = ( 1.30, 3.90, 2.60)
    Soft-r^4(d,a)=(-2.00, 0.10) at (x,y,z) = ( 1.30, 3.90, 3.90)
    Soft-r^4(d,a)=(-2.00, 0.10) at (x,y,z) = ( 1.30, 3.90, 5.20)
    Soft-r^4(d,a)=(-2.00, 0.10) at (x,y,z) = ( 1.30, 5.20, 0.00)
    Soft-r^4(d,a)=(-2.00, 0.10) at (x,y,z) = ( 1.30, 5.20, 1.30)
    Soft-r^4(d,a)=(-2.00, 0.10) at (x,y,z) = ( 1.30, 5.20, 2.60)
    Soft-r^4(d,a)=(-2.00, 0.10) at (x,y,z) = ( 1.30, 5.20, 3.90)
    Soft-r^4(d,a)=(-2.00, 0.10) at (x,y,z) = ( 1.30, 5.20, 5.20)
    Soft-r^4(d,a)=(-2.00, 0.10) at (x,y,z) = ( 2.60, 0.00, 0.00)
    Soft-r^4(d,a)=(-2.00, 0.10) at (x,y,z) = ( 2.60, 0.00, 1.30)
    Soft-r^4(d,a)=(-2.00, 0.10) at (x,y,z) = ( 2.60, 0.00, 2.60)
    Soft-r^4(d,a)=(-2.00, 0.10) at (x,y,z) = ( 2.60, 0.00, 3.90)
    Soft-r^4(d,a)=(-2.00, 0.10) at (x,y,z) = ( 2.60, 0.00, 5.20)
    Soft-r^4(d,a)=(-2.00, 0.10) at (x,y,z) = ( 2.60, 1.30, 0.00)
    Soft-r^4(d,a)=(-2.00, 0.10) at (x,y,z) = ( 2.60, 1.30, 1.30)
    Soft-r^4(d,a)=(-2.00, 0.10) at (x,y,z) = ( 2.60, 1.30, 2.60)
    Soft-r^4(d,a)=(-2.00, 0.10) at (x,y,z) = ( 2.60, 1.30, 3.90)
    Soft-r^4(d,a)=(-2.00, 0.10) at (x,y,z) = ( 2.60, 1.30, 5.20)
    Soft-r^4(d,a)=(-2.00, 0.10) at (x,y,z) = ( 2.60, 2.60, 0.00)
    Soft-r^4(d,a)=(-2.00, 0.10) at (x,y,z) = ( 2.60, 2.60, 1.30)
    Soft-r^4(d,a)=(-2.00, 0.10) at (x,y,z) = ( 2.60, 2.60, 2.60)
    Soft-r^4(d,a)=(-2.00, 0.10) at (x,y,z) = ( 2.60, 2.60, 3.90)
    Soft-r^4(d,a)=(-2.00, 0.10) at (x,y,z) = ( 2.60, 2.60, 5.20)
    Soft-r^4(d,a)=(-2.00, 0.10) at (x,y,z) = ( 2.60, 3.90, 0.00)
    Soft-r^4(d,a)=(-2.00, 0.10) at (x,y,z) = ( 2.60, 3.90, 1.30)
    Soft-r^4(d,a)=(-2.00, 0.10) at (x,y,z) = ( 2.60, 3.90, 2.60)
    Soft-r^4(d,a)=(-2.00, 0.10) at (x,y,z) = ( 2.60, 3.90, 3.90)
    Soft-r^4(d,a)=(-2.00, 0.10) at (x,y,z) = ( 2.60, 3.90, 5.20)
    Soft-r^4(d,a)=(-2.00, 0.10) at (x,y,z) = ( 2.60, 5.20, 0.00)
    Soft-r^4(d,a)=(-2.00, 0.10) at (x,y,z) = ( 2.60, 5.20, 1.30)
    Soft-r^4(d,a)=(-2.00, 0.10) at (x,y,z) = ( 2.60, 5.20, 2.60)
    Soft-r^4(d,a)=(-2.00, 0.10) at (x,y,z) = ( 2.60, 5.20, 3.90)
    Soft-r^4(d,a)=(-2.00, 0.10) at (x,y,z) = ( 2.60, 5.20, 5.20)
    Soft-r^4(d,a)=(-2.00, 0.10) at (x,y,z) = ( 3.90, 0.00, 0.00)
    Soft-r^4(d,a)=(-2.00, 0.10) at (x,y,z) = ( 3.90, 0.00, 1.30)
    Soft-r^4(d,a)=(-2.00, 0.10) at (x,y,z) = ( 3.90, 0.00, 2.60)
    Soft-r^4(d,a)=(-2.00, 0.10) at (x,y,z) = ( 3.90, 0.00, 3.90)
    Soft-r^4(d,a)=(-2.00, 0.10) at (x,y,z) = ( 3.90, 0.00, 5.20)
    Soft-r^4(d,a)=(-2.00, 0.10) at (x,y,z) = ( 3.90, 1.30, 0.00)
    Soft-r^4(d,a)=(-2.00, 0.10) at (x,y,z) = ( 3.90, 1.30, 1.30)
    Soft-r^4(d,a)=(-2.00, 0.10) at (x,y,z) = ( 3.90, 1.30, 2.60)
    Soft-r^4(d,a)=(-2.00, 0.10) at (x,y,z) = ( 3.90, 1.30, 3.90)
    Soft-r^4(d,a)=(-2.00, 0.10) at (x,y,z) = ( 3.90, 1.30, 5.20)
    Soft-r^4(d,a)=(-2.00, 0.10) at (x,y,z) = ( 3.90, 2.60, 0.00)
    Soft-r^4(d,a)=(-2.00, 0.10) at (x,y,z) = ( 3.90, 2.60, 1.30)
    Soft-r^4(d,a)=(-2.00, 0.10) at (x,y,z) = ( 3.90, 2.60, 2.60)
    Soft-r^4(d,a)=(-2.00, 0.10) at (x,y,z) = ( 3.90, 2.60, 3.90)
    Soft-r^4(d,a)=(-2.00, 0.10) at (x,y,z) = ( 3.90, 2.60, 5.20)
    Soft-r^4(d,a)=(-2.00, 0.10) at (x,y,z) = ( 3.90, 3.90, 0.00)
    Soft-r^4(d,a)=(-2.00, 0.10) at (x,y,z) = ( 3.90, 3.90, 1.30)
    Soft-r^4(d,a)=(-2.00, 0.10) at (x,y,z) = ( 3.90, 3.90, 2.60)
    Soft-r^4(d,a)=(-2.00, 0.10) at (x,y,z) = ( 3.90, 3.90, 3.90)
    Soft-r^4(d,a)=(-2.00, 0.10) at (x,y,z) = ( 3.90, 3.90, 5.20)
    Soft-r^4(d,a)=(-2.00, 0.10) at (x,y,z) = ( 3.90, 5.20, 0.00)
    Soft-r^4(d,a)=(-2.00, 0.10) at (x,y,z) = ( 3.90, 5.20, 1.30)
    Soft-r^4(d,a)=(-2.00, 0.10) at (x,y,z) = ( 3.90, 5.20, 2.60)
    Soft-r^4(d,a)=(-2.00, 0.10) at (x,y,z) = ( 3.90, 5.20, 3.90)
    Soft-r^4(d,a)=(-2.00, 0.10) at (x,y,z) = ( 3.90, 5.20, 5.20)
    Soft-r^4(d,a)=(-2.00, 0.10) at (x,y,z) = ( 5.20, 0.00, 0.00)
    Soft-r^4(d,a)=(-2.00, 0.10) at (x,y,z) = ( 5.20, 0.00, 1.30)
    Soft-r^4(d,a)=(-2.00, 0.10) at (x,y,z) = ( 5.20, 0.00, 2.60)
    Soft-r^4(d,a)=(-2.00, 0.10) at (x,y,z) = ( 5.20, 0.00, 3.90)
    Soft-r^4(d,a)=(-2.00, 0.10) at (x,y,z) = ( 5.20, 0.00, 5.20)
    Soft-r^4(d,a)=(-2.00, 0.10) at (x,y,z) = ( 5.20, 1.30, 0.00)
    Soft-r^4(d,a)=(-2.00, 0.10) at (x,y,z) = ( 5.20, 1.30, 1.30)
    Soft-r^4(d,a)=(-2.00, 0.10) at (x,y,z) = ( 5.20, 1.30, 2.60)
    Soft-r^4(d,a)=(-2.00, 0.10) at (x,y,z) = ( 5.20, 1.30, 3.90)
    Soft-r^4(d,a)=(-2.00, 0.10) at (x,y,z) = ( 5.20, 1.30, 5.20)
    Soft-r^4(d,a)=(-2.00, 0.10) at (x,y,z) = ( 5.20, 2.60, 0.00)
    Soft-r^4(d,a)=(-2.00, 0.10) at (x,y,z) = ( 5.20, 2.60, 1.30)
    Soft-r^4(d,a)=(-2.00, 0.10) at (x,y,z) = ( 5.20, 2.60, 2.60)
    Soft-r^4(d,a)=(-2.00, 0.10) at (x,y,z) = ( 5.20, 2.60, 3.90)
    Soft-r^4(d,a)=(-2.00, 0.10) at (x,y,z) = ( 5.20, 2.60, 5.20)
    Soft-r^4(d,a)=(-2.00, 0.10) at (x,y,z) = ( 5.20, 3.90, 0.00)
    Soft-r^4(d,a)=(-2.00, 0.10) at (x,y,z) = ( 5.20, 3.90, 1.30)
    Soft-r^4(d,a)=(-2.00, 0.10) at (x,y,z) = ( 5.20, 3.90, 2.60)
    Soft-r^4(d,a)=(-2.00, 0.10) at (x,y,z) = ( 5.20, 3.90, 3.90)
    Soft-r^4(d,a)=(-2.00, 0.10) at (x,y,z) = ( 5.20, 3.90, 5.20)
    Soft-r^4(d,a)=(-2.00, 0.10) at (x,y,z) = ( 5.20, 5.20, 0.00)
    Soft-r^4(d,a)=(-2.00, 0.10) at (x,y,z) = ( 5.20, 5.20, 1.30)
    Soft-r^4(d,a)=(-2.00, 0.10) at (x,y,z) = ( 5.20, 5.20, 2.60)
    Soft-r^4(d,a)=(-2.00, 0.10) at (x,y,z) = ( 5.20, 5.20, 3.90)
    Soft-r^4(d,a)=(-2.00, 0.10) at (x,y,z) = ( 5.20, 5.20, 5.20)


----GRAPH-CREATION-and-PARTITIONING----=======================================
      Setup: Max:   0.627, Sum: 641.920, Balance:   1.000
   Matching: Max:   0.838, Sum: 858.620, Balance:   1.000
Contraction: Max:   0.321, Sum: 328.909, Balance:   1.000
   InitPart: Max:   1.588, Sum: 1626.490, Balance:   1.000
    Project: Max:   0.001, Sum:   1.309, Balance:   1.075
 Initialize: Max:   0.171, Sum: 174.486, Balance:   1.002
      K-way: Max:   0.872, Sum: 892.683, Balance:   1.000
      Remap: Max:   0.002, Sum:   2.234, Balance:   1.000
      Total: Max:   4.421, Sum: 4526.917, Balance:   1.000
Final 1024-way Cut: 115357397 	Balance: 1.055 

    Number of nodes:
         Rank0.........2.354E+03
         Averg.........2.246E+03
         Total.........2.300E+06
    Number of edges:
         Rank0.........6.876E+05
         Averg.........7.385E+05
         Total.........7.563E+08
    Memory usage.[MB]:
         Rank0.........1.053E+01
         Averg.........1.130E+01
         Total.........1.157E+04


----MATRIX-ALLOCATION----=====================================================
    Dimension of matrix H or S:
              Rank0..............2.354E+03 (2354)
              Averg..............2.246E+03       
              Total..............2.300E+06 (2299968)
    Nonzero entries in H or S:
              Rank0..............6.900E+05 (690004)
              Averg..............7.408E+05       
              Total..............7.586E+08 (758550528)
    Sparseness of H or S (fraction):
              Rank0..............1.274E-04
              Averg..............1.434E-04
    Sparseness of H or S (non-zero elemnts in a row):
              Rank0..............293.1
              Averg..............329.8
    Memory usage for H and S [MiB]:
              Rank0..............2.106E+01
              Averg..............2.261E+01
              Total..............2.315E+04


----ASSEMBLING----============================================================
..........10..........20..........30..........40..........50done
Assembling time = 25 [s]



----SOLVING----===============================================================
EPS Object: 1024 MPI processes
  type: krylovschur
    Krylov-Schur: 50% of basis vectors kept after restart
  problem type: generalized symmetric eigenvalue problem
  extraction type: Rayleigh-Ritz
  selected portion of the spectrum: smallest real parts
  number of eigenvalues (nev): 100
  number of column vectors (ncv): 300
  maximum dimension of projected problem (mpd): 300
  maximum number of iterations: 1500
  tolerance: 0.0001
  convergence test: relative to the eigenvalue
  estimates of matrix norms (constant): norm(A)=1, norm(B)=1
IP Object: 1024 MPI processes
  type: bilinear
  orthogonalization method: classical Gram-Schmidt
  orthogonalization refinement: if needed (eta: 0.7071)
  Matrix Object:   1024 MPI processes
    type: mpiaij
    rows=2299968, cols=2299968
    total: nonzeros=758550528, allocated nonzeros=758550528
    total number of mallocs used during MatSetValues calls =0
      not using I-node (on process 0) routines
DS Object: 1024 MPI processes
  type: hep
  solving the problem with: Implicit QR method (_steqr)
ST Object: 1024 MPI processes
  type: shift
  shift: 0
  matrices A and B have same nonzero pattern
  KSP Object:  (st_)   1024 MPI processes
    type: cg
    maximum iterations=10000
    using preconditioner applied to right hand side for initial guess
    tolerances:  relative=1e-05, absolute=1e-50, divergence=10000
    left preconditioning
    using nonzero initial guess
    using PRECONDITIONED norm type for convergence test
  PC Object:  (st_)   1024 MPI processes
    type: asm
      Additive Schwarz: total subdomain blocks = 1024, amount of overlap = 1
      Additive Schwarz: restriction/interpolation type - RESTRICT
      Local solve is same for all blocks, in the following KSP and PC objects:
    KSP Object:    (st_sub_)     1 MPI processes
      type: preonly
      maximum iterations=10000, initial guess is zero
      tolerances:  relative=1e-05, absolute=1e-50, divergence=10000
      left preconditioning
      using DEFAULT norm type for convergence test
    PC Object:    (st_sub_)     1 MPI processes
      type: icc
        0 levels of fill
        tolerance for zero pivot 2.22045e-14
        using Manteuffel shift
        matrix ordering: natural
      linear system matrix = precond matrix:
      Matrix Object:       1 MPI processes
        type: seqaij
        rows=6255, cols=6255
        total: nonzeros=1608447, allocated nonzeros=1608447
        total number of mallocs used during MatSetValues calls =0
          not using I-node routines
    linear system matrix = precond matrix:
    Matrix Object:     1024 MPI processes
      type: mpiaij
      rows=2299968, cols=2299968
      total: nonzeros=758550528, allocated nonzeros=758550528
      total number of mallocs used during MatSetValues calls =0
        not using I-node (on process 0) routines


  1 EPS nconv=7 first unconverged value (error) -19.3425 (1.27273695e-04)
  2 EPS nconv=20 first unconverged value (error) -17.8334 (6.52546170e-04)
  3 EPS nconv=25 first unconverged value (error) -17.8299 (1.26353678e-02)
  4 EPS nconv=35 first unconverged value (error) -17.2282 (1.06747918e-04)
  5 EPS nconv=37 first unconverged value (error) -17.2282 (1.72693130e-04)
  6 EPS nconv=46 first unconverged value (error) -16.742 (1.88559526e-04)
  7 EPS nconv=48 first unconverged value (error) -16.7406 (7.18882473e-03)
  8 EPS nconv=86 first unconverged value (error) -15.2963 (2.37004918e-03)
  9 EPS nconv=97 first unconverged value (error) -14.8481 (1.00600192e-04)
 10 EPS nconv=113 first unconverged value (error) -14.3481 (6.43293153e-03)

--------------------------------------------------------------
    Number of iterations of the method.............10
    Number of linear iterations of the method......5860
    Solution method................................krylovschur
    Number of requested eigenvalues................100
    Stopping condition: eps_tol....................1.000000E-04
    Stopping condition: eps_max_it.................1500
--------------------------------------------------------------


             EIGENVALUES            ERROR
====================================================
    0    -2.0430457212E+01     2.2183946721E-07
    1    -1.9881829178E+01     1.1523535186E-07
    2    -1.9881822406E+01     1.2146147099E-07
    3    -1.9881809745E+01     9.2388510755E-08
    4    -1.9396073462E+01     2.5393160213E-07
    5    -1.9381856266E+01     6.6209953816E-07
    6    -1.9381841613E+01     9.7315053135E-07
    7    -1.9342541430E+01     1.5888578364E-07
    8    -1.9342530118E+01     1.1957025858E-07
    9    -1.9342525057E+01     1.4723489964E-07
   10    -1.8852865235E+01     1.0043606304E-07
   11    -1.8852847655E+01     4.2368521030E-07
   12    -1.8852845822E+01     5.1904506233E-07
   13    -1.8843606447E+01     6.4200792731E-07
   14    -1.8843600257E+01     5.1527588066E-07
   15    -1.8843594448E+01     2.9579562377E-07
   16    -1.8812141680E+01     8.2666563079E-08
   17    -1.8371996828E+01     1.6822366742E-07
   18    -1.8357925345E+01     5.0128952243E-07
   19    -1.8357902251E+01     4.6932863651E-07
   20    -1.8318668246E+01     4.7833870153E-07
   21    -1.8318641678E+01     5.1641055360E-07
   22    -1.8318639109E+01     3.6747706965E-07
   23    -1.7833397391E+01     1.4282004496E-07
   24    -1.7833396401E+01     8.7140934245E-08
   25    -1.7833375722E+01     1.6620412392E-07
   26    -1.7748491204E+01     1.3261766854E-07
   27    -1.7748478855E+01     1.2935368828E-07
   28    -1.7748478060E+01     1.2282358177E-07
   29    -1.7688768623E+01     3.2288284604E-07
   30    -1.7683187081E+01     1.1777394980E-07
   31    -1.7683179760E+01     1.3956884892E-07
   32    -1.7355620231E+01     9.8194951648E-08
   33    -1.7260093912E+01     2.5073298053E-07
   34    -1.7260089386E+01     1.1869200254E-06
   35    -1.7260075546E+01     2.6126835301E-07
   36    -1.7228169711E+01     2.9532832302E-07
   37    -1.7228168441E+01     9.1102646895E-07
   38    -1.7228158382E+01     2.9557755178E-07
   39    -1.7184917921E+01     1.1605522589E-07
   40    -1.7184908473E+01     1.6674964218E-07
   41    -1.7184895924E+01     1.7151462292E-07
   42    -1.7181231122E+01     1.9014368231E-07
   43    -1.7181225362E+01     1.6099774439E-07
   44    -1.7181218889E+01     2.0392185401E-07
   45    -1.6778957743E+01     4.4719275937E-07
   46    -1.6742056443E+01     9.0284185523E-08
   47    -1.6742054057E+01     4.7816859387E-07
   48    -1.6742033927E+01     2.7166093540E-07
   49    -1.6733874365E+01     7.8043217737E-08
   50    -1.6733870926E+01     8.3104423634E-08
   51    -1.6733853717E+01     2.2454247803E-07
   52    -1.6731617957E+01     1.8380070589E-07
   53    -1.6731613010E+01     1.4556404138E-07
   54    -1.6716215734E+01     2.5754293731E-07
   55    -1.6707721622E+01     2.6193013525E-07
   56    -1.6707713316E+01     9.3828041165E-08
   57    -1.6688549946E+01     1.7488260441E-07
   58    -1.6688548052E+01     4.0698366706E-07
   59    -1.6688529114E+01     3.5420473352E-07
   60    -1.6653637457E+01     1.1869422685E-07
   61    -1.6653615481E+01     9.7850758886E-08
   62    -1.6644897189E+01     2.0371503995E-07
   63    -1.6256709193E+01     2.4225641961E-07
   64    -1.6256691109E+01     2.4007575545E-07
   65    -1.6256681286E+01     1.7031013852E-07
   66    -1.6228053504E+01     1.1253569317E-07
   67    -1.6228045169E+01     1.9113483278E-07
   68    -1.6228006825E+01     1.3752059928E-07
   69    -1.6217067067E+01     2.3849861179E-07
   70    -1.6217033117E+01     3.0435667359E-07
   71    -1.6217025899E+01     9.4254957705E-08
   72    -1.6156638723E+01     1.0621851366E-07
   73    -1.6156634872E+01     1.9591713905E-07
   74    -1.6156625586E+01     2.0603261373E-07
   75    -1.5747925947E+01     1.7181260835E-07
   76    -1.5744700193E+01     2.6179999098E-07
   77    -1.5744693803E+01     1.4789718874E-07
   78    -1.5744374812E+01     2.3517215705E-07
   79    -1.5664262895E+01     1.3989867542E-07
   80    -1.5664255399E+01     1.3094285522E-07
   81    -1.5364091628E+01     4.0943696859E-07
   82    -1.5364087373E+01     2.9577517737E-07
   83    -1.5364078953E+01     3.6806379052E-07
   84    -1.5299964675E+01     3.3416750703E-07
   85    -1.5299948820E+01     3.2681661663E-07
   86    -1.5299948602E+01     1.6239330116E-07
   87    -1.5295879582E+01     2.7193010521E-07
   88    -1.5295872050E+01     2.4384812918E-07
   89    -1.5295859306E+01     3.1372535339E-07
   90    -1.5238181285E+01     3.7893800444E-07
   91    -1.5232073428E+01     2.4313114651E-07
   92    -1.5232066428E+01     1.7867793214E-07
   93    -1.4927722505E+01     2.7937856277E-07
   94    -1.4880324075E+01     2.0764758472E-07
   95    -1.4880315502E+01     2.6812835910E-07
   96    -1.4848106099E+01     1.0660971240E-06
   97    -1.4848092611E+01     3.4275616552E-07
   98    -1.4848082132E+01     3.7847057720E-07
   99    -1.4815288033E+01     4.0936141840E-07
  100    -1.4815279703E+01     1.6720536773E-07
  101    -1.4815262458E+01     2.1628251777E-07
  102    -1.4769581454E+01     2.0422462932E-07
  103    -1.4769569840E+01     1.9638576083E-07
  104    -1.4769565196E+01     1.5658068354E-07
  105    -1.4749237544E+01     3.0555522912E-07
  106    -1.4749231916E+01     5.7118912136E-07
  107    -1.4749216376E+01     2.6912285422E-07
  108    -1.4384781807E+01     3.4094920345E-07
  109    -1.4384758650E+01     9.7205583640E-07
  110    -1.4384744989E+01     3.5488246558E-07
  111    -1.4352336670E+01     2.6783338306E-07
  112    -1.4352294811E+01     2.5899918853E-07


 TOTAL TIME = 908 [s]
