===============================================================================
 RRRRR  SSSSS  H   H  RRRRR    Zbigniew ROMANOWSKI                             
 R   R  S      H   H  R   R                                                    
 RRRRR  SSSSS  HHHHH  RRRRR    version: 5.4                                    
 R  R       S  H   H  R  R                                                     
 R   R  SSSSS  H   H  R   R    compilation date: Dec  8 2012 (20:50:40)                       
===============================================================================

PEs = 512

----INITIALIZATION----========================================================
DOMAIN:
    BsplDeg = 3, CubatOrder = 5, CubatNodeNo = 125
    h = 5.000000E-01
    Nx = 90,    Ny = 90,   Nz = 90
    X0 = -2.000000E+01,    Xmax = 2.500000E+01
    Y0 = -2.000000E+01,    Ymax = 2.500000E+01
    Z0 = -2.000000E+01,    Zmax = 2.500000E+01

NUMBER OF 'ATOMS' = 125
    Soft-r^4(d,a)=(-2.00, 0.10) at (x,y,z) = ( 0.00, 0.00, 0.00)
    Soft-r^4(d,a)=(-2.00, 0.10) at (x,y,z) = ( 0.00, 0.00, 1.30)
    Soft-r^4(d,a)=(-2.00, 0.10) at (x,y,z) = ( 0.00, 0.00, 2.60)
    Soft-r^4(d,a)=(-2.00, 0.10) at (x,y,z) = ( 0.00, 0.00, 3.90)
    Soft-r^4(d,a)=(-2.00, 0.10) at (x,y,z) = ( 0.00, 0.00, 5.20)
    Soft-r^4(d,a)=(-2.00, 0.10) at (x,y,z) = ( 0.00, 1.30, 0.00)
    Soft-r^4(d,a)=(-2.00, 0.10) at (x,y,z) = ( 0.00, 1.30, 1.30)
    Soft-r^4(d,a)=(-2.00, 0.10) at (x,y,z) = ( 0.00, 1.30, 2.60)
    Soft-r^4(d,a)=(-2.00, 0.10) at (x,y,z) = ( 0.00, 1.30, 3.90)
    Soft-r^4(d,a)=(-2.00, 0.10) at (x,y,z) = ( 0.00, 1.30, 5.20)
    Soft-r^4(d,a)=(-2.00, 0.10) at (x,y,z) = ( 0.00, 2.60, 0.00)
    Soft-r^4(d,a)=(-2.00, 0.10) at (x,y,z) = ( 0.00, 2.60, 1.30)
    Soft-r^4(d,a)=(-2.00, 0.10) at (x,y,z) = ( 0.00, 2.60, 2.60)
    Soft-r^4(d,a)=(-2.00, 0.10) at (x,y,z) = ( 0.00, 2.60, 3.90)
    Soft-r^4(d,a)=(-2.00, 0.10) at (x,y,z) = ( 0.00, 2.60, 5.20)
    Soft-r^4(d,a)=(-2.00, 0.10) at (x,y,z) = ( 0.00, 3.90, 0.00)
    Soft-r^4(d,a)=(-2.00, 0.10) at (x,y,z) = ( 0.00, 3.90, 1.30)
    Soft-r^4(d,a)=(-2.00, 0.10) at (x,y,z) = ( 0.00, 3.90, 2.60)
    Soft-r^4(d,a)=(-2.00, 0.10) at (x,y,z) = ( 0.00, 3.90, 3.90)
    Soft-r^4(d,a)=(-2.00, 0.10) at (x,y,z) = ( 0.00, 3.90, 5.20)
    Soft-r^4(d,a)=(-2.00, 0.10) at (x,y,z) = ( 0.00, 5.20, 0.00)
    Soft-r^4(d,a)=(-2.00, 0.10) at (x,y,z) = ( 0.00, 5.20, 1.30)
    Soft-r^4(d,a)=(-2.00, 0.10) at (x,y,z) = ( 0.00, 5.20, 2.60)
    Soft-r^4(d,a)=(-2.00, 0.10) at (x,y,z) = ( 0.00, 5.20, 3.90)
    Soft-r^4(d,a)=(-2.00, 0.10) at (x,y,z) = ( 0.00, 5.20, 5.20)
    Soft-r^4(d,a)=(-2.00, 0.10) at (x,y,z) = ( 1.30, 0.00, 0.00)
    Soft-r^4(d,a)=(-2.00, 0.10) at (x,y,z) = ( 1.30, 0.00, 1.30)
    Soft-r^4(d,a)=(-2.00, 0.10) at (x,y,z) = ( 1.30, 0.00, 2.60)
    Soft-r^4(d,a)=(-2.00, 0.10) at (x,y,z) = ( 1.30, 0.00, 3.90)
    Soft-r^4(d,a)=(-2.00, 0.10) at (x,y,z) = ( 1.30, 0.00, 5.20)
    Soft-r^4(d,a)=(-2.00, 0.10) at (x,y,z) = ( 1.30, 1.30, 0.00)
    Soft-r^4(d,a)=(-2.00, 0.10) at (x,y,z) = ( 1.30, 1.30, 1.30)
    Soft-r^4(d,a)=(-2.00, 0.10) at (x,y,z) = ( 1.30, 1.30, 2.60)
    Soft-r^4(d,a)=(-2.00, 0.10) at (x,y,z) = ( 1.30, 1.30, 3.90)
    Soft-r^4(d,a)=(-2.00, 0.10) at (x,y,z) = ( 1.30, 1.30, 5.20)
    Soft-r^4(d,a)=(-2.00, 0.10) at (x,y,z) = ( 1.30, 2.60, 0.00)
    Soft-r^4(d,a)=(-2.00, 0.10) at (x,y,z) = ( 1.30, 2.60, 1.30)
    Soft-r^4(d,a)=(-2.00, 0.10) at (x,y,z) = ( 1.30, 2.60, 2.60)
    Soft-r^4(d,a)=(-2.00, 0.10) at (x,y,z) = ( 1.30, 2.60, 3.90)
    Soft-r^4(d,a)=(-2.00, 0.10) at (x,y,z) = ( 1.30, 2.60, 5.20)
    Soft-r^4(d,a)=(-2.00, 0.10) at (x,y,z) = ( 1.30, 3.90, 0.00)
    Soft-r^4(d,a)=(-2.00, 0.10) at (x,y,z) = ( 1.30, 3.90, 1.30)
    Soft-r^4(d,a)=(-2.00, 0.10) at (x,y,z) = ( 1.30, 3.90, 2.60)
    Soft-r^4(d,a)=(-2.00, 0.10) at (x,y,z) = ( 1.30, 3.90, 3.90)
    Soft-r^4(d,a)=(-2.00, 0.10) at (x,y,z) = ( 1.30, 3.90, 5.20)
    Soft-r^4(d,a)=(-2.00, 0.10) at (x,y,z) = ( 1.30, 5.20, 0.00)
    Soft-r^4(d,a)=(-2.00, 0.10) at (x,y,z) = ( 1.30, 5.20, 1.30)
    Soft-r^4(d,a)=(-2.00, 0.10) at (x,y,z) = ( 1.30, 5.20, 2.60)
    Soft-r^4(d,a)=(-2.00, 0.10) at (x,y,z) = ( 1.30, 5.20, 3.90)
    Soft-r^4(d,a)=(-2.00, 0.10) at (x,y,z) = ( 1.30, 5.20, 5.20)
    Soft-r^4(d,a)=(-2.00, 0.10) at (x,y,z) = ( 2.60, 0.00, 0.00)
    Soft-r^4(d,a)=(-2.00, 0.10) at (x,y,z) = ( 2.60, 0.00, 1.30)
    Soft-r^4(d,a)=(-2.00, 0.10) at (x,y,z) = ( 2.60, 0.00, 2.60)
    Soft-r^4(d,a)=(-2.00, 0.10) at (x,y,z) = ( 2.60, 0.00, 3.90)
    Soft-r^4(d,a)=(-2.00, 0.10) at (x,y,z) = ( 2.60, 0.00, 5.20)
    Soft-r^4(d,a)=(-2.00, 0.10) at (x,y,z) = ( 2.60, 1.30, 0.00)
    Soft-r^4(d,a)=(-2.00, 0.10) at (x,y,z) = ( 2.60, 1.30, 1.30)
    Soft-r^4(d,a)=(-2.00, 0.10) at (x,y,z) = ( 2.60, 1.30, 2.60)
    Soft-r^4(d,a)=(-2.00, 0.10) at (x,y,z) = ( 2.60, 1.30, 3.90)
    Soft-r^4(d,a)=(-2.00, 0.10) at (x,y,z) = ( 2.60, 1.30, 5.20)
    Soft-r^4(d,a)=(-2.00, 0.10) at (x,y,z) = ( 2.60, 2.60, 0.00)
    Soft-r^4(d,a)=(-2.00, 0.10) at (x,y,z) = ( 2.60, 2.60, 1.30)
    Soft-r^4(d,a)=(-2.00, 0.10) at (x,y,z) = ( 2.60, 2.60, 2.60)
    Soft-r^4(d,a)=(-2.00, 0.10) at (x,y,z) = ( 2.60, 2.60, 3.90)
    Soft-r^4(d,a)=(-2.00, 0.10) at (x,y,z) = ( 2.60, 2.60, 5.20)
    Soft-r^4(d,a)=(-2.00, 0.10) at (x,y,z) = ( 2.60, 3.90, 0.00)
    Soft-r^4(d,a)=(-2.00, 0.10) at (x,y,z) = ( 2.60, 3.90, 1.30)
    Soft-r^4(d,a)=(-2.00, 0.10) at (x,y,z) = ( 2.60, 3.90, 2.60)
    Soft-r^4(d,a)=(-2.00, 0.10) at (x,y,z) = ( 2.60, 3.90, 3.90)
    Soft-r^4(d,a)=(-2.00, 0.10) at (x,y,z) = ( 2.60, 3.90, 5.20)
    Soft-r^4(d,a)=(-2.00, 0.10) at (x,y,z) = ( 2.60, 5.20, 0.00)
    Soft-r^4(d,a)=(-2.00, 0.10) at (x,y,z) = ( 2.60, 5.20, 1.30)
    Soft-r^4(d,a)=(-2.00, 0.10) at (x,y,z) = ( 2.60, 5.20, 2.60)
    Soft-r^4(d,a)=(-2.00, 0.10) at (x,y,z) = ( 2.60, 5.20, 3.90)
    Soft-r^4(d,a)=(-2.00, 0.10) at (x,y,z) = ( 2.60, 5.20, 5.20)
    Soft-r^4(d,a)=(-2.00, 0.10) at (x,y,z) = ( 3.90, 0.00, 0.00)
    Soft-r^4(d,a)=(-2.00, 0.10) at (x,y,z) = ( 3.90, 0.00, 1.30)
    Soft-r^4(d,a)=(-2.00, 0.10) at (x,y,z) = ( 3.90, 0.00, 2.60)
    Soft-r^4(d,a)=(-2.00, 0.10) at (x,y,z) = ( 3.90, 0.00, 3.90)
    Soft-r^4(d,a)=(-2.00, 0.10) at (x,y,z) = ( 3.90, 0.00, 5.20)
    Soft-r^4(d,a)=(-2.00, 0.10) at (x,y,z) = ( 3.90, 1.30, 0.00)
    Soft-r^4(d,a)=(-2.00, 0.10) at (x,y,z) = ( 3.90, 1.30, 1.30)
    Soft-r^4(d,a)=(-2.00, 0.10) at (x,y,z) = ( 3.90, 1.30, 2.60)
    Soft-r^4(d,a)=(-2.00, 0.10) at (x,y,z) = ( 3.90, 1.30, 3.90)
    Soft-r^4(d,a)=(-2.00, 0.10) at (x,y,z) = ( 3.90, 1.30, 5.20)
    Soft-r^4(d,a)=(-2.00, 0.10) at (x,y,z) = ( 3.90, 2.60, 0.00)
    Soft-r^4(d,a)=(-2.00, 0.10) at (x,y,z) = ( 3.90, 2.60, 1.30)
    Soft-r^4(d,a)=(-2.00, 0.10) at (x,y,z) = ( 3.90, 2.60, 2.60)
    Soft-r^4(d,a)=(-2.00, 0.10) at (x,y,z) = ( 3.90, 2.60, 3.90)
    Soft-r^4(d,a)=(-2.00, 0.10) at (x,y,z) = ( 3.90, 2.60, 5.20)
    Soft-r^4(d,a)=(-2.00, 0.10) at (x,y,z) = ( 3.90, 3.90, 0.00)
    Soft-r^4(d,a)=(-2.00, 0.10) at (x,y,z) = ( 3.90, 3.90, 1.30)
    Soft-r^4(d,a)=(-2.00, 0.10) at (x,y,z) = ( 3.90, 3.90, 2.60)
    Soft-r^4(d,a)=(-2.00, 0.10) at (x,y,z) = ( 3.90, 3.90, 3.90)
    Soft-r^4(d,a)=(-2.00, 0.10) at (x,y,z) = ( 3.90, 3.90, 5.20)
    Soft-r^4(d,a)=(-2.00, 0.10) at (x,y,z) = ( 3.90, 5.20, 0.00)
    Soft-r^4(d,a)=(-2.00, 0.10) at (x,y,z) = ( 3.90, 5.20, 1.30)
    Soft-r^4(d,a)=(-2.00, 0.10) at (x,y,z) = ( 3.90, 5.20, 2.60)
    Soft-r^4(d,a)=(-2.00, 0.10) at (x,y,z) = ( 3.90, 5.20, 3.90)
    Soft-r^4(d,a)=(-2.00, 0.10) at (x,y,z) = ( 3.90, 5.20, 5.20)
    Soft-r^4(d,a)=(-2.00, 0.10) at (x,y,z) = ( 5.20, 0.00, 0.00)
    Soft-r^4(d,a)=(-2.00, 0.10) at (x,y,z) = ( 5.20, 0.00, 1.30)
    Soft-r^4(d,a)=(-2.00, 0.10) at (x,y,z) = ( 5.20, 0.00, 2.60)
    Soft-r^4(d,a)=(-2.00, 0.10) at (x,y,z) = ( 5.20, 0.00, 3.90)
    Soft-r^4(d,a)=(-2.00, 0.10) at (x,y,z) = ( 5.20, 0.00, 5.20)
    Soft-r^4(d,a)=(-2.00, 0.10) at (x,y,z) = ( 5.20, 1.30, 0.00)
    Soft-r^4(d,a)=(-2.00, 0.10) at (x,y,z) = ( 5.20, 1.30, 1.30)
    Soft-r^4(d,a)=(-2.00, 0.10) at (x,y,z) = ( 5.20, 1.30, 2.60)
    Soft-r^4(d,a)=(-2.00, 0.10) at (x,y,z) = ( 5.20, 1.30, 3.90)
    Soft-r^4(d,a)=(-2.00, 0.10) at (x,y,z) = ( 5.20, 1.30, 5.20)
    Soft-r^4(d,a)=(-2.00, 0.10) at (x,y,z) = ( 5.20, 2.60, 0.00)
    Soft-r^4(d,a)=(-2.00, 0.10) at (x,y,z) = ( 5.20, 2.60, 1.30)
    Soft-r^4(d,a)=(-2.00, 0.10) at (x,y,z) = ( 5.20, 2.60, 2.60)
    Soft-r^4(d,a)=(-2.00, 0.10) at (x,y,z) = ( 5.20, 2.60, 3.90)
    Soft-r^4(d,a)=(-2.00, 0.10) at (x,y,z) = ( 5.20, 2.60, 5.20)
    Soft-r^4(d,a)=(-2.00, 0.10) at (x,y,z) = ( 5.20, 3.90, 0.00)
    Soft-r^4(d,a)=(-2.00, 0.10) at (x,y,z) = ( 5.20, 3.90, 1.30)
    Soft-r^4(d,a)=(-2.00, 0.10) at (x,y,z) = ( 5.20, 3.90, 2.60)
    Soft-r^4(d,a)=(-2.00, 0.10) at (x,y,z) = ( 5.20, 3.90, 3.90)
    Soft-r^4(d,a)=(-2.00, 0.10) at (x,y,z) = ( 5.20, 3.90, 5.20)
    Soft-r^4(d,a)=(-2.00, 0.10) at (x,y,z) = ( 5.20, 5.20, 0.00)
    Soft-r^4(d,a)=(-2.00, 0.10) at (x,y,z) = ( 5.20, 5.20, 1.30)
    Soft-r^4(d,a)=(-2.00, 0.10) at (x,y,z) = ( 5.20, 5.20, 2.60)
    Soft-r^4(d,a)=(-2.00, 0.10) at (x,y,z) = ( 5.20, 5.20, 3.90)
    Soft-r^4(d,a)=(-2.00, 0.10) at (x,y,z) = ( 5.20, 5.20, 5.20)


----GRAPH-CREATION-and-PARTITIONING----=======================================
      Setup: Max:   0.338, Sum: 173.261, Balance:   1.000
   Matching: Max:   0.488, Sum: 250.040, Balance:   1.000
Contraction: Max:   0.171, Sum:  87.593, Balance:   1.000
   InitPart: Max:   0.824, Sum: 421.782, Balance:   1.000
    Project: Max:   0.001, Sum:   0.536, Balance:   1.080
 Initialize: Max:   0.106, Sum:  54.309, Balance:   1.002
      K-way: Max:   0.574, Sum: 293.664, Balance:   1.000
      Remap: Max:   0.001, Sum:   0.573, Balance:   1.001
      Total: Max:   2.504, Sum: 1281.885, Balance:   1.000
Final 512-way Cut: 38111009 	Balance: 1.065 

    Number of nodes:
         Rank0.........1.278E+03
         Averg.........1.286E+03
         Total.........6.585E+05
    Number of edges:
         Rank0.........3.634E+05
         Averg.........4.143E+05
         Total.........2.121E+08
    Memory usage.[MB]:
         Rank0.........5.564E+00
         Averg.........6.341E+00
         Total.........3.247E+03


----MATRIX-ALLOCATION----=====================================================
    Dimension of matrix H or S:
              Rank0..............1.278E+03 (1278)
              Averg..............1.286E+03       
              Total..............6.585E+05 (658503)
    Nonzero entries in H or S:
              Rank0..............3.646E+05 (364630)
              Averg..............4.156E+05       
              Total..............2.128E+08 (212776173)
    Sparseness of H or S (fraction):
              Rank0..............4.333E-04
              Averg..............4.907E-04
    Sparseness of H or S (non-zero elemnts in a row):
              Rank0..............285.3
              Averg..............323.1
    Memory usage for H and S [MiB]:
              Rank0..............1.113E+01
              Averg..............1.268E+01
              Total..............6.493E+03


----ASSEMBLING----============================================================
..........10..........20..........30..........40..........50done
Assembling time = 15 [s]



----SOLVING----===============================================================
EPS Object: 512 MPI processes
  type: krylovschur
    Krylov-Schur: 50% of basis vectors kept after restart
  problem type: generalized symmetric eigenvalue problem
  extraction type: Rayleigh-Ritz
  selected portion of the spectrum: smallest real parts
  number of eigenvalues (nev): 1000
  number of column vectors (ncv): 2000
  maximum dimension of projected problem (mpd): 2000
  maximum number of iterations: 1500
  tolerance: 0.0001
  convergence test: relative to the eigenvalue
  estimates of matrix norms (constant): norm(A)=1, norm(B)=1
IP Object: 512 MPI processes
  type: bilinear
  orthogonalization method: classical Gram-Schmidt
  orthogonalization refinement: if needed (eta: 0.7071)
  Matrix Object:   512 MPI processes
    type: mpiaij
    rows=658503, cols=658503
    total: nonzeros=212776173, allocated nonzeros=212776173
    total number of mallocs used during MatSetValues calls =0
      not using I-node (on process 0) routines
DS Object: 512 MPI processes
  type: hep
  solving the problem with: Implicit QR method (_steqr)
ST Object: 512 MPI processes
  type: shift
  shift: 0
  matrices A and B have same nonzero pattern
  KSP Object:  (st_)   512 MPI processes
    type: cg
    maximum iterations=10000
    using preconditioner applied to right hand side for initial guess
    tolerances:  relative=1e-05, absolute=1e-50, divergence=10000
    left preconditioning
    using nonzero initial guess
    using PRECONDITIONED norm type for convergence test
  PC Object:  (st_)   512 MPI processes
    type: asm
      Additive Schwarz: total subdomain blocks = 512, amount of overlap = 1
      Additive Schwarz: restriction/interpolation type - RESTRICT
      Local solve is same for all blocks, in the following KSP and PC objects:
    KSP Object:    (st_sub_)     1 MPI processes
      type: preonly
      maximum iterations=10000, initial guess is zero
      tolerances:  relative=1e-05, absolute=1e-50, divergence=10000
      left preconditioning
      using DEFAULT norm type for convergence test
    PC Object:    (st_sub_)     1 MPI processes
      type: icc
        0 levels of fill
        tolerance for zero pivot 2.22045e-14
        using Manteuffel shift
        matrix ordering: natural
      linear system matrix = precond matrix:
      Matrix Object:       1 MPI processes
        type: seqaij
        rows=3909, cols=3909
        total: nonzeros=952515, allocated nonzeros=952515
        total number of mallocs used during MatSetValues calls =0
          not using I-node routines
    linear system matrix = precond matrix:
    Matrix Object:     512 MPI processes
      type: mpiaij
      rows=658503, cols=658503
      total: nonzeros=212776173, allocated nonzeros=212776173
      total number of mallocs used during MatSetValues calls =0
        not using I-node (on process 0) routines


  1 EPS nconv=319 first unconverged value (error) -8.43438 (4.05696029e-04)
  2 EPS nconv=515 first unconverged value (error) -4.95423 (5.21330763e-04)
  3 EPS nconv=708 first unconverged value (error) -2.15583 (1.55036435e-04)
  4 EPS nconv=833 first unconverged value (error) -0.730989 (5.17996055e-02)
  5 EPS nconv=887 first unconverged value (error) -0.294532 (1.66679705e-03)
  6 EPS nconv=931 first unconverged value (error) -0.01005 (7.56193299e+00)
  7 EPS nconv=935 first unconverged value (error) 0.00958617 (2.02681962e-03)
  8 EPS nconv=941 first unconverged value (error) 0.0159606 (2.80157782e-03)
  9 EPS nconv=945 first unconverged value (error) 0.0243818 (2.86050426e-04)
 10 EPS nconv=956 first unconverged value (error) 0.0386862 (2.39403288e-04)
 11 EPS nconv=967 first unconverged value (error) 0.0467936 (1.38291955e-02)
 12 EPS nconv=975 first unconverged value (error) 0.054408 (1.26622814e-04)
 13 EPS nconv=986 first unconverged value (error) 0.062708 (7.83187564e-04)
 14 EPS nconv=996 first unconverged value (error) 0.0697722 (8.60011057e-04)
 15 EPS nconv=1013 first unconverged value (error) 0.082249 (5.50478472e-03)

--------------------------------------------------------------
    Number of iterations of the method.............15
    Number of linear iterations of the method......50295
    Solution method................................krylovschur
    Number of requested eigenvalues................1000
    Stopping condition: eps_tol....................1.000000E-04
    Stopping condition: eps_max_it.................1500
--------------------------------------------------------------


             EIGENVALUES            ERROR
====================================================
    0    -2.0323190979E+01     2.6088451892E-08
    1    -1.9740626144E+01     3.4223044959E-08
    2    -1.9740311827E+01     4.4236805608E-08
    3    -1.9740309869E+01     3.5126252961E-08
    4    -1.9242671644E+01     3.8597517599E-08
    5    -1.9227803624E+01     5.1676086820E-08
    6    -1.9227798776E+01     2.1664158917E-08
    7    -1.9167436046E+01     4.4819826632E-08
    8    -1.9167134824E+01     2.7537359717E-08
    9    -1.9167132707E+01     3.0680097711E-08
   10    -1.8665586612E+01     4.1223203829E-08
   11    -1.8664102247E+01     3.4942317740E-08
   12    -1.8664100789E+01     3.2457082702E-08
   13    -1.8655319121E+01     3.8544623442E-08
   14    -1.8655318101E+01     2.5882350642E-08
   15    -1.8653844489E+01     2.3765907437E-08
   16    -1.8603203080E+01     4.0650246395E-08
   17    -1.8169727054E+01     4.1237152762E-08
   18    -1.8154870289E+01     4.1899911227E-08
   19    -1.8154868664E+01     2.8171384451E-08
   20    -1.8097625485E+01     3.4266711604E-08
   21    -1.8094933738E+01     3.5125993136E-08
   22    -1.8094931671E+01     3.5429065974E-08
   23    -1.7637363120E+01     5.9123281279E-08
   24    -1.7635818644E+01     5.3968290949E-08
   25    -1.7635818529E+01     4.4316206222E-08
   26    -1.7597461856E+01     4.2910155431E-08
   27    -1.7594930370E+01     3.5357770723E-08
   28    -1.7594928572E+01     3.6800771555E-08
   29    -1.7511842001E+01     2.6172117229E-08
   30    -1.7507806380E+01     3.3801691786E-08
   31    -1.7507805443E+01     2.7431598154E-08
   32    -1.7112600126E+01     4.5088265127E-08
   33    -1.7111861154E+01     6.5953623491E-08
   34    -1.7111860794E+01     5.6568082122E-08
   35    -1.7102504772E+01     4.3562469841E-08
   36    -1.7091901973E+01     4.1928593399E-08
   37    -1.7091901105E+01     4.0161278412E-08
   38    -1.7090850403E+01     6.4401024738E-08
   39    -1.6980894389E+01     2.6912603148E-08
   40    -1.6978742300E+01     3.0902629696E-08
   41    -1.6978741648E+01     3.7667605355E-08
   42    -1.6967050665E+01     2.5944518499E-08
   43    -1.6967049582E+01     2.4545956274E-08
   44    -1.6965226443E+01     3.5148892474E-08
   45    -1.6604195886E+01     4.2358274814E-08
   46    -1.6597485272E+01     4.7495969357E-08
   47    -1.6597483898E+01     4.7262118651E-08
   48    -1.6596190539E+01     4.2714017324E-08
   49    -1.6577470043E+01     4.7243522089E-08
   50    -1.6577468556E+01     4.7982025312E-08
   51    -1.6570951210E+01     2.4944200871E-08
   52    -1.6564604274E+01     3.4296895895E-08
   53    -1.6564603741E+01     6.0636130506E-08
   54    -1.6480660980E+01     2.7551035579E-08
   55    -1.6472965065E+01     2.8632510358E-08
   56    -1.6472963730E+01     2.8028487506E-08
   57    -1.6456751393E+01     3.3793610307E-08
   58    -1.6438615848E+01     2.9113350432E-08
   59    -1.6438615582E+01     3.1396201162E-08
   60    -1.6437902966E+01     2.3856643025E-08
   61    -1.6437902468E+01     2.7956490339E-08
   62    -1.6429476512E+01     3.9771058498E-08
   63    -1.6081790123E+01     4.1272487252E-08
   64    -1.6072321736E+01     3.2340985392E-08
   65    -1.6072320327E+01     4.1958164190E-08
   66    -1.6052256591E+01     4.3411193192E-08
   67    -1.6052255939E+01     4.2318483102E-08
   68    -1.6037698453E+01     3.8404781679E-08
   69    -1.5956387289E+01     4.0145356562E-08
   70    -1.5943471090E+01     2.9992691675E-08
   71    -1.5943470296E+01     3.9066733886E-08
   72    -1.5909561448E+01     3.4744498075E-08
   73    -1.5909560318E+01     3.8603461939E-08
   74    -1.5901347434E+01     2.9929303277E-08
   75    -1.5582008645E+01     4.5875612435E-08
   76    -1.5539876865E+01     4.0601371597E-08
   77    -1.5539875550E+01     4.7088717807E-08
   78    -1.5449754533E+01     3.6125129202E-08
   79    -1.5400130636E+01     3.1872479220E-08
   80    -1.5400130046E+01     3.0741281860E-08
   81    -1.5247280725E+01     5.8718210921E-08
   82    -1.5245785821E+01     2.9720559113E-08
   83    -1.5245785248E+01     4.9691135331E-08
   84    -1.5116338561E+01     6.3317611227E-08
   85    -1.5114101632E+01     3.1474150054E-08
   86    -1.5114099675E+01     3.2285297013E-08
   87    -1.5112363877E+01     3.0488926038E-08
   88    -1.5112362890E+01     3.2213992489E-08
   89    -1.5110179628E+01     5.9344445914E-08
   90    -1.4983367413E+01     4.6705073172E-08
   91    -1.4978895220E+01     5.5213489693E-08
   92    -1.4978892797E+01     2.1809354501E-08
   93    -1.4771903735E+01     5.9953457415E-08
   94    -1.4740999802E+01     4.0459336586E-08
   95    -1.4740999156E+01     3.7066708809E-08
   96    -1.4634521162E+01     7.0399163668E-08
   97    -1.4624513253E+01     6.6044623536E-08
   98    -1.4624512224E+01     2.3154303347E-08
   99    -1.4608678117E+01     2.5827353340E-08
  100    -1.4608677287E+01     3.5276899550E-08
  101    -1.4598128826E+01     6.3883705727E-08
  102    -1.4553758367E+01     3.7201814869E-08
  103    -1.4550840614E+01     5.6148312523E-08
  104    -1.4550838754E+01     3.7380440789E-08
  105    -1.4495160900E+01     2.6395554134E-08
  106    -1.4475588430E+01     2.2058579072E-08
  107    -1.4475587476E+01     2.3804411360E-08
  108    -1.4258795953E+01     4.4343042045E-08
  109    -1.4224335302E+01     4.5977169290E-08
  110    -1.4224334427E+01     7.1818530438E-08
  111    -1.4129598389E+01     6.8583142437E-08
  112    -1.4114397591E+01     3.8054897449E-08
  113    -1.4114396988E+01     2.4970254700E-08
  114    -1.4080851548E+01     3.8973581199E-08
  115    -1.4080851004E+01     6.4365518750E-08
  116    -1.4066062532E+01     5.1286895650E-08
  117    -1.3999852764E+01     6.5625205285E-08
  118    -1.3986246408E+01     6.0430353970E-08
  119    -1.3984783111E+01     6.5216112709E-08
  120    -1.3984781133E+01     3.8437830388E-08
  121    -1.3941359342E+01     2.9150806026E-08
  122    -1.3941357721E+01     5.5600494974E-08
  123    -1.3938645352E+01     3.7915944101E-08
  124    -1.3938643892E+01     3.4755540600E-08
  125    -1.3937129485E+01     5.1672002384E-08
  126    -1.3425217664E+01     4.1307552606E-08
  127    -1.3410562523E+01     4.6998820798E-08
  128    -1.3408677239E+01     4.4469426205E-08
  129    -1.3408676358E+01     3.8406363314E-08
  130    -1.3398985664E+01     4.2342085054E-08
  131    -1.3398984252E+01     4.0449034270E-08
  132    -1.3397253381E+01     4.5475178614E-08
  133    -1.3358860143E+01     3.8405814557E-08
  134    -1.3358859050E+01     2.8121826373E-08
  135    -1.3137993672E+01     3.0635487672E-08
  136    -1.3089733099E+01     3.3126170540E-08
  137    -1.3074852341E+01     3.7838345077E-08
  138    -1.3074851673E+01     3.7430835679E-08
  139    -1.2954077114E+01     6.8853749047E-08
  140    -1.2950906489E+01     3.9959324022E-08
  141    -1.2950905013E+01     2.6377559004E-08
  142    -1.2847047835E+01     4.4356490092E-08
  143    -1.2844961090E+01     5.3891449567E-08
  144    -1.2844958258E+01     3.6244980763E-08
  145    -1.2816326702E+01     3.1118890035E-08
  146    -1.2813109011E+01     5.1588758915E-08
  147    -1.2813108475E+01     3.2018204778E-08
  148    -1.2803448990E+01     4.6840118460E-08
  149    -1.2803447729E+01     4.3085422800E-08
  150    -1.2801496201E+01     5.1905989517E-08
  151    -1.2676415431E+01     4.9352213574E-08
  152    -1.2539773740E+01     4.1000315779E-08
  153    -1.2539153457E+01     3.2756885710E-08
  154    -1.2539153214E+01     5.6670767666E-08
  155    -1.2498754974E+01     2.9970579458E-08
  156    -1.2498754652E+01     6.2927195794E-08
  157    -1.2497958438E+01     3.9206854818E-08
  158    -1.2278150967E+01     3.9439165411E-08
  159    -1.2277665662E+01     3.8437439737E-08
  160    -1.2277665255E+01     4.9780726980E-08
  161    -1.2042418286E+01     4.2138012521E-08
  162    -1.2013108512E+01     5.1959586264E-08
  163    -1.2013107558E+01     2.9571038377E-08
  164    -1.1979773269E+01     3.8905737464E-08
  165    -1.1978197769E+01     5.6121022322E-08
  166    -1.1978195963E+01     4.1156716080E-08
  167    -1.1951874581E+01     4.2171388412E-08
  168    -1.1950746900E+01     3.7080793386E-08
  169    -1.1950746672E+01     3.9392563448E-08
  170    -1.1909911140E+01     3.8473723845E-08
  171    -1.1909910337E+01     4.0680379795E-08
  172    -1.1874405928E+01     4.1957866925E-08
  173    -1.1834179284E+01     3.1128749537E-08
  174    -1.1834178291E+01     3.7476042740E-08
  175    -1.1831472710E+01     5.9730884749E-08
  176    -1.1776616770E+01     3.6468442720E-08
  177    -1.1772631395E+01     5.1970546432E-08
  178    -1.1772630923E+01     3.8185824040E-08
  179    -1.1747819407E+01     4.1905666674E-08
  180    -1.1747818788E+01     2.8108398688E-08
  181    -1.1744936892E+01     3.6994361984E-08
  182    -1.1460351904E+01     4.9340840948E-08
  183    -1.1456126268E+01     4.6283971337E-08
  184    -1.1453771808E+01     5.2344057389E-08
  185    -1.1453770983E+01     3.5853727951E-08
  186    -1.1415854228E+01     3.3092787968E-08
  187    -1.1415853343E+01     7.1250273977E-08
  188    -1.1350665903E+01     4.1898051653E-08
  189    -1.1350613651E+01     5.0143917129E-08
  190    -1.1350612522E+01     4.4795841423E-08
  191    -1.1333910556E+01     4.0636159728E-08
  192    -1.1333910200E+01     4.5874196500E-08
  193    -1.1331539216E+01     3.9384069921E-08
  194    -1.1306386843E+01     5.6607511207E-08
  195    -1.1306386218E+01     6.0629459728E-08
  196    -1.1266529156E+01     4.4363129298E-08
  197    -1.1247536190E+01     4.2058965433E-08
  198    -1.1227847198E+01     3.3546304997E-08
  199    -1.1227846631E+01     3.4730193577E-08
  200    -1.1210812775E+01     4.5787356490E-08
  201    -1.1210812656E+01     2.9655116836E-08
  202    -1.1172018526E+01     3.5362341637E-08
  203    -1.0956558348E+01     4.9262447407E-08
  204    -1.0882315013E+01     4.4549527355E-08
  205    -1.0882127672E+01     4.7380416831E-08
  206    -1.0882126336E+01     3.7077195166E-08
  207    -1.0868603831E+01     4.3884949919E-08
  208    -1.0861908387E+01     4.6427468322E-08
  209    -1.0861908107E+01     4.1052832551E-08
  210    -1.0793676124E+01     4.5397912018E-08
  211    -1.0793674812E+01     3.6166469506E-08
  212    -1.0758252885E+01     4.1661395218E-08
  213    -1.0758252502E+01     5.1873293979E-08
  214    -1.0720792919E+01     5.5703012581E-08
  215    -1.0712865173E+01     4.2194976839E-08
  216    -1.0673302591E+01     5.2425341923E-08
  217    -1.0673301551E+01     3.5651102868E-08
  218    -1.0668534164E+01     3.7378620084E-08
  219    -1.0668193114E+01     4.5924219641E-08
  220    -1.0668192878E+01     4.7064513127E-08
  221    -1.0626933935E+01     3.9863351848E-08
  222    -1.0626933510E+01     3.6859983408E-08
  223    -1.0617570969E+01     3.7903138246E-08
  224    -1.0536816208E+01     4.7586649265E-08
  225    -1.0524785623E+01     5.5813920041E-08
  226    -1.0524784856E+01     5.0750157917E-08
  227    -1.0501742043E+01     4.4712448001E-08
  228    -1.0501741285E+01     3.3055948707E-08
  229    -1.0489237333E+01     4.1706672716E-08
  230    -1.0442150688E+01     3.6583215290E-08
  231    -1.0419923373E+01     4.1259438453E-08
  232    -1.0419922665E+01     3.7065558267E-08
  233    -1.0412102782E+01     4.1097499598E-08
  234    -1.0332293436E+01     4.9038850197E-08
  235    -1.0332292999E+01     3.9369254608E-08
  236    -1.0308347865E+01     3.8066298842E-08
  237    -1.0220319615E+01     4.7237680249E-08
  238    -1.0218990558E+01     5.3044398578E-08
  239    -1.0218989217E+01     4.5445779109E-08
  240    -1.0207816944E+01     4.4642458025E-08
  241    -1.0207816772E+01     3.6952161823E-08
  242    -1.0206475610E+01     4.0574690538E-08
  243    -1.0109370642E+01     3.8637632790E-08
  244    -1.0109370437E+01     5.0558231492E-08
  245    -1.0003459767E+01     5.0736963065E-08
  246    -9.9950150092E+00     4.1566606778E-08
  247    -9.9950143449E+00     3.3255962958E-08
  248    -9.9704097842E+00     4.5480934571E-08
  249    -9.9704093832E+00     5.4391902981E-08
  250    -9.9529461047E+00     6.1095230304E-08
  251    -9.9017296121E+00     3.8865417588E-08
  252    -9.8867808970E+00     3.2710801285E-08
  253    -9.8867806276E+00     3.2956047752E-08
  254    -9.7969041432E+00     5.1591944531E-08
  255    -9.7969040709E+00     4.8097607323E-08
  256    -9.7917136949E+00     4.4312131473E-08
  257    -9.7415223108E+00     4.9946439300E-08
  258    -9.7384659554E+00     4.3540459814E-08
  259    -9.7384657976E+00     3.6325766487E-08
  260    -9.7108990768E+00     3.5515373217E-08
  261    -9.6473536077E+00     5.4926919477E-08
  262    -9.5608238602E+00     4.2806899784E-08
  263    -9.5608236914E+00     5.5969635818E-08
  264    -9.5576054333E+00     3.4078406496E-08
  265    -9.5168924783E+00     5.4296393880E-08
  266    -9.4777602854E+00     6.3526741311E-08
  267    -9.4777598308E+00     4.6487355532E-08
  268    -9.4709048681E+00     4.7446052044E-08
  269    -9.4709043854E+00     4.4714110248E-08
  270    -9.4520152083E+00     5.1132179736E-08
  271    -9.4195840750E+00     4.8025550012E-08
  272    -9.4135671251E+00     3.8202611337E-08
  273    -9.4135667279E+00     6.3668999822E-08
  274    -9.3701441515E+00     4.9200233133E-08
  275    -9.3701437321E+00     4.0546196999E-08
  276    -9.3597819254E+00     6.3237240566E-08
  277    -9.3597810401E+00     6.3828364995E-08
  278    -9.3462609998E+00     4.0946052069E-08
  279    -9.3310179324E+00     4.4657702427E-08
  280    -9.3310177038E+00     5.3590652814E-08
  281    -9.3092013870E+00     5.0545279538E-08
  282    -9.3039940889E+00     4.4750421827E-08
  283    -9.3039936253E+00     3.8076010024E-08
  284    -9.2585439001E+00     4.1763939948E-08
  285    -9.2585432207E+00     4.8648361619E-08
  286    -9.2567898182E+00     5.7295776984E-08
  287    -9.2253171902E+00     4.6615822881E-08
  288    -9.2253153465E+00     5.5762672999E-08
  289    -9.1553163995E+00     4.4534478717E-08
  290    -9.1066109829E+00     6.1816834821E-08
  291    -9.1037463858E+00     7.8739553662E-08
  292    -9.1037454756E+00     6.9986129823E-08
  293    -9.1034623240E+00     5.0087289871E-08
  294    -9.1003079770E+00     5.6309026697E-08
  295    -9.1003072903E+00     4.5798025345E-08
  296    -9.0143244683E+00     4.8870866752E-08
  297    -9.0143242906E+00     3.6814885485E-08
  298    -9.0140468739E+00     5.0183908757E-08
  299    -8.8510802499E+00     4.2148684047E-08
  300    -8.8508417032E+00     4.8913868604E-08
  301    -8.8508405501E+00     4.2477921368E-08
  302    -8.8125504043E+00     4.6230057875E-08
  303    -8.8084250072E+00     1.8406182570E-07
  304    -8.8084241605E+00     1.3633915360E-07
  305    -8.8013569673E+00     5.1988396488E-07
  306    -8.8013564564E+00     1.8862481478E-07
  307    -8.7981539648E+00     4.7025429442E-08
  308    -8.7012135160E+00     4.0331276454E-08
  309    -8.6964620489E+00     1.8126629570E-07
  310    -8.6964619050E+00     6.2911115537E-08
  311    -8.6836725925E+00     6.6622949095E-08
  312    -8.6836720516E+00     1.0690256052E-07
  313    -8.6779896845E+00     3.8130768722E-08
  314    -8.5783930041E+00     5.2513716607E-08
  315    -8.4832639944E+00     4.9704967540E-08
  316    -8.4832636432E+00     6.2670138026E-08
  317    -8.4542506978E+00     5.9073404638E-08
  318    -8.4343871554E+00     4.9909810931E-08
  319    -8.4343864975E+00     7.9160200339E-08
  320    -8.4275798044E+00     4.5867921279E-08
  321    -8.3739804611E+00     5.0159443918E-08
  322    -8.3739802247E+00     4.8649672297E-08
  323    -8.3559627645E+00     1.7975031251E-07
  324    -8.3559622178E+00     8.8077675570E-08
  325    -8.3555017362E+00     3.9086836653E-08
  326    -8.2566048284E+00     5.4006984302E-08
  327    -8.2435143726E+00     5.6974948559E-08
  328    -8.2435139622E+00     4.5058310004E-08
  329    -8.2423031343E+00     4.4736196747E-08
  330    -8.2423027228E+00     4.7476101065E-08
  331    -8.2226101683E+00     7.4229932861E-08
  332    -8.2203054619E+00     4.8808335930E-08
  333    -8.2203053796E+00     4.7689063218E-08
  334    -8.2024857666E+00     5.4439091817E-08
  335    -8.1854974370E+00     5.4896369603E-08
  336    -8.1854970547E+00     4.9558867193E-08
  337    -8.1669076053E+00     4.3885750014E-08
  338    -8.0952509521E+00     4.8316647006E-08
  339    -8.0866140200E+00     1.6892430337E-07
  340    -8.0866134573E+00     5.5592256928E-08
  341    -8.0749602607E+00     9.9988202637E-08
  342    -8.0749598098E+00     1.7732393073E-07
  343    -8.0512548096E+00     4.8665692109E-08
  344    -8.0195195096E+00     8.0106993474E-08
  345    -8.0195192977E+00     1.4903469382E-07
  346    -8.0082594062E+00     6.6766398077E-08
  347    -7.9862901832E+00     6.2097053963E-08
  348    -7.9032962272E+00     6.8624796146E-08
  349    -7.9030175875E+00     6.1567948393E-08
  350    -7.9030170600E+00     7.8296983428E-08
  351    -7.8794194726E+00     2.3918691514E-07
  352    -7.8794192580E+00     1.1148788902E-07
  353    -7.7970090414E+00     5.9558286275E-08
  354    -7.7944796811E+00     7.4708975803E-08
  355    -7.7944787872E+00     6.8663811791E-08
  356    -7.7917661831E+00     4.1915110970E-08
  357    -7.7901776502E+00     5.2201119385E-08
  358    -7.7901773741E+00     4.9951049193E-08
  359    -7.7766987537E+00     9.3033483130E-08
  360    -7.7766977838E+00     8.3406370165E-08
  361    -7.7761571447E+00     1.1041663459E-07
  362    -7.7623457655E+00     5.2715670544E-08
  363    -7.7534761340E+00     6.5894987573E-08
  364    -7.7534758314E+00     5.6668587501E-08
  365    -7.7248810060E+00     4.9034345061E-08
  366    -7.7248804241E+00     5.4015087713E-08
  367    -7.7013769951E+00     4.5298654711E-08
  368    -7.6525416027E+00     6.9294224855E-08
  369    -7.6509193030E+00     7.0929211000E-08
  370    -7.6509184086E+00     8.5893949423E-08
  371    -7.6470206791E+00     4.8300306777E-08
  372    -7.6245408171E+00     4.4744355195E-08
  373    -7.6245405442E+00     4.6216825181E-08
  374    -7.6034212521E+00     6.8739058655E-08
  375    -7.6034209131E+00     6.7930497996E-08
  376    -7.6024979183E+00     6.0968147007E-08
  377    -7.5652533774E+00     5.0477268154E-08
  378    -7.5652530381E+00     5.8019513437E-08
  379    -7.5567125586E+00     4.9574206730E-08
  380    -7.2377802352E+00     5.9894026276E-08
  381    -7.2352671975E+00     7.7570740875E-08
  382    -7.2338500894E+00     7.5725593640E-08
  383    -7.2338495837E+00     5.3683916368E-08
  384    -7.2256940158E+00     6.5822979730E-08
  385    -7.2256930629E+00     5.7364478675E-08
  386    -7.2243768832E+00     6.4269935998E-08
  387    -7.2163891951E+00     6.5462089923E-08
  388    -7.2163890494E+00     5.8278127690E-08
  389    -7.1300169808E+00     5.6940101689E-08
  390    -7.1270166125E+00     4.5985677862E-08
  391    -7.1270162208E+00     7.0941235748E-08
  392    -7.0716924359E+00     7.4637707602E-08
  393    -7.0710497149E+00     7.4763839276E-08
  394    -7.0710493342E+00     6.7000272201E-08
  395    -7.0251598384E+00     4.2851891336E-08
  396    -7.0247276857E+00     6.1167552801E-08
  397    -7.0247275809E+00     5.8779869312E-08
  398    -7.0232414768E+00     8.1247604482E-08
  399    -6.9796469615E+00     7.6509612574E-08
  400    -6.9796466228E+00     6.3477891058E-08
  401    -6.9317573602E+00     4.5677210278E-08
  402    -6.9317571849E+00     6.7097456199E-08
  403    -6.9294435417E+00     4.8541184312E-08
  404    -6.8095344778E+00     9.4973262617E-08
  405    -6.8095342449E+00     1.0513016030E-07
  406    -6.7498373272E+00     7.8638225291E-08
  407    -6.7478976263E+00     7.1967892730E-08
  408    -6.6843955188E+00     5.4137428870E-08
  409    -6.6750138868E+00     7.3063289615E-08
  410    -6.6736438285E+00     6.6902161469E-08
  411    -6.6736436328E+00     6.1333125375E-08
  412    -6.6713668498E+00     9.2401114050E-08
  413    -6.6713664730E+00     9.3322014878E-08
  414    -6.6633163310E+00     1.2126612530E-07
  415    -6.6633150848E+00     8.6723207198E-08
  416    -6.6613248900E+00     1.8144281585E-07
  417    -6.5979558389E+00     4.9888229111E-08
  418    -6.5457681715E+00     6.6408582282E-08
  419    -6.5457677065E+00     5.0094821966E-08
  420    -6.5373306239E+00     7.0066899463E-08
  421    -6.5364755279E+00     6.3144021427E-08
  422    -6.5364753423E+00     6.4555809162E-08
  423    -6.5318943031E+00     5.7826573008E-08
  424    -6.5309138046E+00     6.9871210711E-08
  425    -6.5309132859E+00     6.1352884141E-08
  426    -6.5001366824E+00     6.1248439974E-08
  427    -6.5001366493E+00     6.1658538793E-08
  428    -6.4962409697E+00     1.1192442768E-07
  429    -6.4377805985E+00     6.1410210130E-08
  430    -6.4237594198E+00     5.9622658031E-08
  431    -6.4237592438E+00     6.1181375310E-08
  432    -6.4197479307E+00     4.9424925352E-08
  433    -6.4153424439E+00     7.2403776088E-08
  434    -6.4153420576E+00     5.9666104709E-08
  435    -6.3968081496E+00     5.7525599144E-08
  436    -6.3968077956E+00     6.3655272061E-08
  437    -6.3798705387E+00     8.5392584103E-08
  438    -6.3739710831E+00     8.7449834616E-08
  439    -6.3739703631E+00     8.1189185254E-08
  440    -6.3337077858E+00     1.2239274664E-07
  441    -6.3317001809E+00     1.1053324571E-07
  442    -6.3316995554E+00     7.9669508532E-08
  443    -6.3315188161E+00     7.5638759914E-08
  444    -6.3281862757E+00     8.6420494186E-08
  445    -6.3281859735E+00     7.0502795778E-08
  446    -6.3233878169E+00     6.9147473897E-08
  447    -6.3168278242E+00     6.5033524183E-08
  448    -6.3168273725E+00     6.4457066007E-08
  449    -6.2790593535E+00     7.7181254592E-08
  450    -6.2562629239E+00     4.9228110940E-08
  451    -6.2562627457E+00     5.3776873039E-08
  452    -6.2306725518E+00     6.7398639639E-08
  453    -6.1515253918E+00     6.9268370650E-08
  454    -6.1515251006E+00     6.2064066889E-08
  455    -6.1218399334E+00     8.8430230203E-08
  456    -6.1195655680E+00     8.5409168022E-08
  457    -6.1195652113E+00     8.0635484523E-08
  458    -6.1112713705E+00     5.7541545502E-08
  459    -6.1112707505E+00     8.6674903127E-08
  460    -6.1085414878E+00     8.0836870212E-08
  461    -5.9653376639E+00     8.3691936983E-08
  462    -5.9637733193E+00     1.1832916934E-07
  463    -5.9637728907E+00     1.0353635242E-07
  464    -5.9574873096E+00     5.6092890396E-08
  465    -5.9416997014E+00     6.4728387579E-08
  466    -5.9416992374E+00     5.9798043136E-08
  467    -5.9314447614E+00     7.0660152274E-08
  468    -5.9314446781E+00     5.9171145389E-08
  469    -5.9224544476E+00     5.8526800150E-08
  470    -5.8910929231E+00     8.5500409282E-08
  471    -5.8910925719E+00     1.0395750113E-07
  472    -5.8896334734E+00     1.2838482845E-07
  473    -5.8729353833E+00     5.2318473638E-08
  474    -5.8315820593E+00     6.5378184169E-08
  475    -5.8315818812E+00     6.7384206450E-08
  476    -5.7665908957E+00     6.4737490276E-08
  477    -5.7665904444E+00     6.8828471896E-08
  478    -5.7166510769E+00     7.6322193441E-08
  479    -5.6134069344E+00     6.6694538726E-08
  480    -5.6110581284E+00     7.7753530840E-08
  481    -5.6110578938E+00     6.2108406031E-08
  482    -5.5656163843E+00     8.1832924170E-08
  483    -5.5649926382E+00     8.1503927820E-08
  484    -5.5649918455E+00     1.0218003041E-07
  485    -5.5525645472E+00     9.5805866626E-08
  486    -5.4666008085E+00     7.3818045860E-08
  487    -5.4661936989E+00     9.8472988790E-08
  488    -5.4661933109E+00     8.4689715395E-08
  489    -5.4316230159E+00     7.5900555602E-08
  490    -5.4303326924E+00     6.0223737249E-08
  491    -5.4303323632E+00     7.6008454970E-08
  492    -5.3328533143E+00     8.1847186772E-08
  493    -5.3328532037E+00     7.2813639341E-08
  494    -5.3283403041E+00     1.0125068687E-07
  495    -5.2546218634E+00     6.2975912117E-08
  496    -5.2491607168E+00     1.0323921435E-07
  497    -5.2491603390E+00     8.3722682881E-08
  498    -5.2262609704E+00     2.6153983758E-07
  499    -5.2262604332E+00     1.2568069415E-07
  500    -5.2200330425E+00     8.7390245711E-08
  501    -5.2200326608E+00     9.2410101677E-08
  502    -5.2164396032E+00     1.9274008838E-07
  503    -5.1867107063E+00     1.0324699937E-07
  504    -5.1842236108E+00     8.5611151541E-08
  505    -5.1842231786E+00     8.6250954677E-08
  506    -5.1780741978E+00     1.4411442549E-07
  507    -5.1433126823E+00     9.9959208066E-08
  508    -5.0649730524E+00     1.2301254601E-07
  509    -5.0649724500E+00     1.2860824715E-07
  510    -5.0122820221E+00     8.4053375452E-08
  511    -5.0122818686E+00     9.7110515678E-08
  512    -4.9946593698E+00     9.2533106368E-08
  513    -4.9727053872E+00     9.4777122170E-08
  514    -4.9542362377E+00     9.9448726692E-08
  515    -4.9542360264E+00     1.0366649092E-07
  516    -4.9353967599E+00     7.9214837832E-08
  517    -4.8987110066E+00     1.1467263211E-07
  518    -4.8987109346E+00     9.6010533555E-08
  519    -4.8846716959E+00     8.7733906772E-08
  520    -4.8846713694E+00     9.4961238590E-08
  521    -4.8482594329E+00     8.0397227176E-08
  522    -4.8482592353E+00     1.1660420782E-07
  523    -4.8450335937E+00     8.9308665412E-08
  524    -4.8189766826E+00     7.3115880671E-08
  525    -4.8189764954E+00     6.8749789719E-08
  526    -4.8177920247E+00     8.1113264759E-08
  527    -4.8103488922E+00     9.1937670581E-08
  528    -4.8103486433E+00     7.0943263243E-08
  529    -4.8055072075E+00     1.0446984618E-07
  530    -4.8014250656E+00     1.0608029616E-07
  531    -4.8014247229E+00     1.0431666580E-07
  532    -4.7945291157E+00     8.6804736616E-08
  533    -4.7628325530E+00     1.1881803566E-07
  534    -4.7613678344E+00     1.3657655679E-07
  535    -4.7613674319E+00     9.9454630807E-08
  536    -4.7389610422E+00     7.4974576754E-08
  537    -4.7215239422E+00     9.4971595971E-08
  538    -4.7215236596E+00     9.0004730702E-08
  539    -4.7136845418E+00     8.9954637482E-08
  540    -4.7136843394E+00     7.6033179023E-08
  541    -4.7134689272E+00     7.6538365465E-08
  542    -4.7012107658E+00     1.0401224357E-07
  543    -4.7012105905E+00     7.3302763065E-08
  544    -4.6959196316E+00     1.1601368154E-07
  545    -4.6942980944E+00     1.1015822670E-07
  546    -4.6942979058E+00     1.1119597321E-07
  547    -4.6823215530E+00     1.2363370327E-07
  548    -4.6281850013E+00     9.4854569691E-08
  549    -4.6281847592E+00     7.2414232353E-08
  550    -4.6214912454E+00     9.5264036194E-08
  551    -4.6103093318E+00     7.7703857077E-08
  552    -4.5475682603E+00     1.5075066092E-07
  553    -4.5475679085E+00     1.0511918295E-07
  554    -4.5441887960E+00     1.3289601600E-07
  555    -4.5050433441E+00     8.9897696916E-08
  556    -4.5044339620E+00     1.5176911561E-07
  557    -4.5044337106E+00     1.3671687926E-07
  558    -4.4865433437E+00     8.1408537572E-08
  559    -4.4865430461E+00     9.0860913589E-08
  560    -4.4331504881E+00     1.8224122925E-07
  561    -4.4331499887E+00     9.4939326646E-08
  562    -4.4325016449E+00     1.7574313453E-07
  563    -4.3432264694E+00     8.2814323320E-08
  564    -4.3349687014E+00     1.0822448883E-07
  565    -4.3349686074E+00     1.0370731420E-07
  566    -4.2917581444E+00     1.3635906690E-07
  567    -4.2906174156E+00     1.5650920190E-07
  568    -4.2906171792E+00     1.8247720636E-07
  569    -4.2702250501E+00     1.0755249022E-07
  570    -4.2702248038E+00     9.1755956150E-08
  571    -4.2338560144E+00     1.1876961735E-07
  572    -4.2173996249E+00     1.5552837366E-07
  573    -4.1920507911E+00     1.5096640318E-07
  574    -4.1795644568E+00     1.1021992193E-07
  575    -4.1746990842E+00     1.2217479782E-07
  576    -4.1746988876E+00     1.1791440086E-07
  577    -4.1724869143E+00     1.2256882754E-07
  578    -4.1724868366E+00     1.1812976178E-07
  579    -4.1315629241E+00     1.8093365782E-07
  580    -4.1315624236E+00     1.3822777553E-07
  581    -4.1108826126E+00     1.0311308705E-07
  582    -4.1108822574E+00     8.6929776278E-08
  583    -4.0994834510E+00     1.1861921937E-07
  584    -3.9929363278E+00     1.5109025487E-07
  585    -3.9929359260E+00     1.2717828545E-07
  586    -3.9910291410E+00     1.4379774656E-07
  587    -3.9825021364E+00     1.4864067627E-07
  588    -3.9825020235E+00     1.5293203263E-07
  589    -3.9817601974E+00     1.4322199209E-07
  590    -3.9451700326E+00     1.7721595947E-07
  591    -3.9140208916E+00     2.0327624382E-07
  592    -3.9140205069E+00     2.1699418551E-07
  593    -3.8660054013E+00     1.7476518821E-07
  594    -3.7914663618E+00     1.4277761603E-07
  595    -3.7914662018E+00     1.2696053798E-07
  596    -3.7889776362E+00     1.5634768809E-07
  597    -3.7059642292E+00     1.0557788818E-07
  598    -3.6901784736E+00     1.3354182348E-07
  599    -3.6901783438E+00     1.3622081504E-07
  600    -3.6399509603E+00     1.0120198715E-07
  601    -3.6125191461E+00     2.8959226320E-07
  602    -3.5910749540E+00     2.5639091512E-07
  603    -3.5910744920E+00     1.9281146701E-07
  604    -3.5907397492E+00     2.1267543880E-07
  605    -3.5413081202E+00     1.7906959567E-07
  606    -3.5413078244E+00     1.8173610274E-07
  607    -3.5407118857E+00     2.2334576555E-07
  608    -3.5320050320E+00     1.5063686686E-07
  609    -3.5320048375E+00     1.4487178821E-07
  610    -3.5227560334E+00     1.8625612816E-07
  611    -3.5202326804E+00     1.9337639872E-07
  612    -3.5202320534E+00     1.3227128864E-07
  613    -3.4760854329E+00     1.5174851729E-07
  614    -3.4760853159E+00     1.5329990554E-07
  615    -3.4657239392E+00     1.6064722545E-07
  616    -3.4657236448E+00     1.4769705318E-07
  617    -3.4623158477E+00     1.7503729454E-07
  618    -3.3841477831E+00     1.3190170409E-07
  619    -3.3830061645E+00     2.0852176000E-07
  620    -3.3830060015E+00     1.5356535801E-07
  621    -3.3816207619E+00     1.7676817159E-07
  622    -3.3816205763E+00     1.7730163406E-07
  623    -3.3273262838E+00     1.3902703862E-07
  624    -3.3232068931E+00     3.1594057877E-07
  625    -3.3232067921E+00     2.4614779120E-07
  626    -3.3174582181E+00     2.0786053813E-07
  627    -3.3094421754E+00     1.2620607950E-07
  628    -3.3069347134E+00     1.6705510296E-07
  629    -3.3069344943E+00     1.6155165077E-07
  630    -3.2855010949E+00     1.6113314382E-07
  631    -3.2473797153E+00     1.5272976471E-07
  632    -3.2473796138E+00     1.9664951481E-07
  633    -3.2169163085E+00     3.1740971112E-07
  634    -3.2058469896E+00     2.0010554259E-07
  635    -3.2058468616E+00     1.8917725271E-07
  636    -3.2045170935E+00     2.5131224268E-07
  637    -3.1519965023E+00     1.2798155152E-07
  638    -3.1519963365E+00     1.1349209714E-07
  639    -3.1236423926E+00     1.8780410282E-07
  640    -3.1156143297E+00     1.9922027032E-07
  641    -3.0716666253E+00     1.9335812132E-07
  642    -3.0716665773E+00     2.0447415632E-07
  643    -3.0054407204E+00     4.0014998313E-07
  644    -3.0054404769E+00     2.2199577861E-07
  645    -2.9706418790E+00     1.6841903914E-07
  646    -2.9649010756E+00     3.0261181541E-07
  647    -2.9632446511E+00     2.3895144850E-07
  648    -2.9632442811E+00     2.1322388311E-07
  649    -2.9438146342E+00     1.8778096707E-07
  650    -2.9438144451E+00     2.4969831171E-07
  651    -2.9429659020E+00     2.8451813508E-07
  652    -2.9429657794E+00     2.4923018810E-07
  653    -2.9416318689E+00     2.1615401193E-07
  654    -2.9396216289E+00     3.7298797359E-07
  655    -2.9285761489E+00     2.4228259231E-07
  656    -2.9045397282E+00     2.9173337779E-07
  657    -2.9012616461E+00     3.2294416636E-07
  658    -2.9012613298E+00     3.2319356091E-07
  659    -2.8893209041E+00     2.3590240494E-07
  660    -2.8893207340E+00     2.5760579784E-07
  661    -2.8853704972E+00     2.3105466339E-07
  662    -2.8782727867E+00     2.2480578916E-07
  663    -2.8782725042E+00     2.1548022742E-07
  664    -2.8399306075E+00     4.7869671105E-07
  665    -2.8399303710E+00     4.3774492189E-07
  666    -2.8188624388E+00     3.1261985401E-07
  667    -2.8188622795E+00     2.9957158186E-07
  668    -2.8171889852E+00     3.1080238458E-07
  669    -2.7971398630E+00     2.0681633521E-07
  670    -2.7392993131E+00     3.3624033878E-07
  671    -2.7367157705E+00     2.7405198648E-07
  672    -2.7367156370E+00     2.1491686176E-07
  673    -2.7142673101E+00     4.3223254351E-07
  674    -2.7142672331E+00     5.0371251558E-07
  675    -2.6961904777E+00     4.1857229283E-07
  676    -2.6961903561E+00     3.1713859797E-07
  677    -2.6884606992E+00     4.4121900868E-07
  678    -2.6146869624E+00     3.0388246492E-07
  679    -2.6146868290E+00     2.9937906392E-07
  680    -2.5719575426E+00     2.6931914539E-07
  681    -2.5311819462E+00     2.9174069991E-07
  682    -2.5311818547E+00     2.5428301674E-07
  683    -2.4759199928E+00     3.9774401216E-07
  684    -2.4759198992E+00     4.2142979146E-07
  685    -2.4747418266E+00     3.4918150952E-07
  686    -2.4740970311E+00     3.8525633356E-07
  687    -2.4274062827E+00     3.6858809748E-07
  688    -2.4208267607E+00     4.8774848870E-07
  689    -2.4208267206E+00     2.9712397415E-07
  690    -2.4123113204E+00     3.2164451583E-07
  691    -2.4104452677E+00     3.3055110300E-07
  692    -2.4104451425E+00     2.7236197011E-07
  693    -2.3967802147E+00     3.3896872221E-07
  694    -2.3830018523E+00     3.0765883372E-07
  695    -2.3732941557E+00     4.6958224247E-07
  696    -2.3732939895E+00     4.2010513064E-07
  697    -2.3666450804E+00     3.9064036483E-07
  698    -2.3159257067E+00     4.9720349052E-07
  699    -2.3159256263E+00     4.0927161989E-07
  700    -2.2996170309E+00     6.6975049378E-07
  701    -2.2730101257E+00     4.2723743823E-07
  702    -2.2706843866E+00     3.3692477877E-07
  703    -2.2706841376E+00     3.1180824340E-07
  704    -2.2225385510E+00     3.2447071415E-07
  705    -2.2225385121E+00     3.3403821689E-07
  706    -2.1596481825E+00     3.1831066206E-07
  707    -2.1558311506E+00     3.4849887061E-07
  708    -2.1558311332E+00     1.4149955267E-06
  709    -2.1334065857E+00     4.5185454075E-07
  710    -2.1334064379E+00     4.2122359577E-07
  711    -2.1317578536E+00     4.9085574336E-07
  712    -2.1317575990E+00     4.0407106486E-07
  713    -2.1243517086E+00     4.4460130467E-07
  714    -2.1243059108E+00     3.6727517454E-07
  715    -2.1208774626E+00     5.2462234317E-07
  716    -2.1208772874E+00     3.6883209346E-07
  717    -2.1032873562E+00     2.7428923894E-07
  718    -2.1002726492E+00     4.2832557036E-07
  719    -2.1002725019E+00     3.2242977406E-07
  720    -2.0793834909E+00     3.6489077937E-07
  721    -2.0793832713E+00     3.0823827672E-07
  722    -2.0779336792E+00     3.8659991940E-07
  723    -2.0486489355E+00     2.8221476198E-07
  724    -2.0486489305E+00     3.3531975750E-07
  725    -2.0449439941E+00     3.2481825765E-07
  726    -2.0195822159E+00     4.2435725726E-07
  727    -2.0195820773E+00     4.4778324973E-07
  728    -2.0139356167E+00     3.9162317575E-07
  729    -1.9687949317E+00     2.8849557245E-07
  730    -1.9565173719E+00     1.0970086651E-06
  731    -1.9565173363E+00     7.5617975565E-07
  732    -1.8871469021E+00     3.3152477825E-07
  733    -1.8707269627E+00     6.4636012018E-07
  734    -1.8459921279E+00     4.9604882270E-07
  735    -1.8459920310E+00     4.8428660061E-07
  736    -1.8443037179E+00     4.1657484393E-07
  737    -1.8381645157E+00     5.1242145171E-07
  738    -1.8381644116E+00     5.3925512728E-07
  739    -1.8325618336E+00     3.8112343698E-07
  740    -1.8325617724E+00     4.1946526344E-07
  741    -1.8296823462E+00     4.3700506351E-07
  742    -1.7944222393E+00     6.4943880214E-07
  743    -1.7819648001E+00     9.2805497620E-07
  744    -1.7819647261E+00     4.3562894800E-07
  745    -1.7506883254E+00     5.3504478328E-07
  746    -1.7506883227E+00     4.2804177795E-07
  747    -1.7384029212E+00     5.0310478887E-07
  748    -1.7276453839E+00     6.0606451685E-07
  749    -1.7276452178E+00     5.2051382528E-07
  750    -1.7267125301E+00     7.2383253028E-07
  751    -1.7106576347E+00     6.6033852249E-07
  752    -1.7106575679E+00     6.1732046523E-07
  753    -1.7078316206E+00     7.4441144974E-07
  754    -1.6730705820E+00     5.6493187292E-07
  755    -1.6612165941E+00     9.8621909165E-07
  756    -1.6612164293E+00     1.0573470750E-06
  757    -1.6509679312E+00     7.5858824478E-07
  758    -1.6509606437E+00     6.3126141320E-07
  759    -1.6509605613E+00     6.0657146336E-07
  760    -1.6375682031E+00     8.3070984518E-07
  761    -1.6344856100E+00     6.6420962078E-07
  762    -1.6344855559E+00     7.5866153004E-07
  763    -1.6270968265E+00     7.2017212645E-07
  764    -1.6270966924E+00     7.5331387181E-07
  765    -1.6223269270E+00     5.8640784624E-07
  766    -1.6013483964E+00     5.6374943033E-07
  767    -1.5911386984E+00     6.9721285139E-07
  768    -1.5911385828E+00     6.8705750261E-07
  769    -1.5716636867E+00     8.1065760022E-07
  770    -1.5716636753E+00     5.2738369266E-07
  771    -1.5114072247E+00     1.0141967741E-06
  772    -1.5114070082E+00     6.7381682232E-07
  773    -1.5096829625E+00     1.0150738014E-06
  774    -1.5096828846E+00     8.4346916106E-07
  775    -1.5095665438E+00     1.1035181287E-06
  776    -1.5036394631E+00     7.2549111407E-07
  777    -1.4729584035E+00     7.5273637120E-07
  778    -1.4701288022E+00     9.8014481650E-07
  779    -1.4701287109E+00     8.2309713295E-07
  780    -1.4506179456E+00     7.2190322097E-07
  781    -1.4506179136E+00     6.5806183332E-07
  782    -1.3963273298E+00     6.7247531813E-07
  783    -1.3963271820E+00     8.7130141374E-07
  784    -1.3542497014E+00     1.4138774472E-06
  785    -1.3255971370E+00     1.1415907552E-06
  786    -1.3193990565E+00     1.2818861979E-06
  787    -1.3193989653E+00     9.4129928270E-07
  788    -1.3124345724E+00     7.7218335308E-07
  789    -1.2918480733E+00     1.4069533270E-06
  790    -1.2918478967E+00     1.1420790380E-06
  791    -1.2856043445E+00     1.2038462145E-06
  792    -1.2250237097E+00     1.0601194283E-06
  793    -1.2217719527E+00     1.2168734906E-06
  794    -1.2217718919E+00     1.1073819242E-06
  795    -1.1911231802E+00     1.5089713309E-06
  796    -1.1911231061E+00     1.3041126448E-06
  797    -1.1860565187E+00     1.7459317572E-06
  798    -1.1737306896E+00     1.5356666588E-06
  799    -1.1737306492E+00     1.4283222965E-06
  800    -1.1704370310E+00     1.4729309208E-06
  801    -1.1184920118E+00     1.5170920367E-06
  802    -1.1144981625E+00     1.3762243916E-06
  803    -1.1144980928E+00     1.8719432308E-06
  804    -1.0069066928E+00     1.9027551693E-06
  805    -1.0069066334E+00     1.8523485781E-06
  806    -1.0064023954E+00     2.0515427850E-06
  807    -9.7424965319E-01     1.4742678353E-06
  808    -9.6996524387E-01     1.7542821695E-06
  809    -9.6996522155E-01     2.2682870448E-06
  810    -9.5397949637E-01     2.9980196114E-06
  811    -9.4672440426E-01     1.8721554057E-06
  812    -9.4672432431E-01     1.5582953774E-06
  813    -9.3286974448E-01     1.6931314724E-06
  814    -9.1892994002E-01     2.4863567905E-06
  815    -9.1226296763E-01     3.1790137328E-06
  816    -9.0869928637E-01     1.9919618856E-06
  817    -9.0869919740E-01     1.6574956541E-06
  818    -9.0401828110E-01     2.5941576409E-06
  819    -9.0401826637E-01     3.0643991684E-06
  820    -8.9854228093E-01     2.1176706690E-06
  821    -8.8967584877E-01     2.3910633462E-06
  822    -8.7281267511E-01     3.0828470358E-06
  823    -8.7281262650E-01     2.5009689201E-06
  824    -8.6495861204E-01     3.8448918928E-06
  825    -8.6495856648E-01     3.8019116383E-06
  826    -8.5509203928E-01     3.7942895234E-06
  827    -7.9037558798E-01     4.1801812077E-06
  828    -7.9037554567E-01     2.8642551456E-06
  829    -7.6185686290E-01     3.1649254822E-06
  830    -7.6185675988E-01     2.9677841957E-06
  831    -7.4521600896E-01     2.3600664295E-06
  832    -7.3312717596E-01     3.7289393123E-06
  833    -7.3312717380E-01     2.1866584131E-06
  834    -7.3031124795E-01     2.3793760861E-06
  835    -7.2634344502E-01     4.3052668082E-06
  836    -7.2634340572E-01     3.6421762142E-06
  837    -7.0746016567E-01     3.0434995002E-06
  838    -7.0696451575E-01     3.4274710641E-06
  839    -7.0696447249E-01     2.7714875279E-06
  840    -6.9659116639E-01     3.7271176833E-06
  841    -6.8953137929E-01     3.2047912052E-06
  842    -6.8953132666E-01     2.7769947765E-06
  843    -6.8879690936E-01     3.6367386704E-06
  844    -6.7740017488E-01     3.8902595974E-06
  845    -6.4950608820E-01     3.4400714540E-06
  846    -6.4395526138E-01     3.5323442517E-06
  847    -6.4395523867E-01     3.1986762652E-06
  848    -6.2892195529E-01     5.8244629969E-06
  849    -6.2892192764E-01     6.8207738988E-06
  850    -6.0367574463E-01     3.3052957674E-06
  851    -5.4327701443E-01     6.9180852340E-06
  852    -5.4327700448E-01     6.5685543793E-06
  853    -5.3556955575E-01     7.3762461101E-06
  854    -5.3556953532E-01     5.0342040620E-06
  855    -5.1262303855E-01     1.0083891522E-05
  856    -4.8339795684E-01     9.4079747352E-06
  857    -4.8339794691E-01     1.3460686982E-05
  858    -4.5611775201E-01     1.0999962004E-05
  859    -4.5444774011E-01     6.9708673363E-06
  860    -4.5444771416E-01     6.1157162298E-06
  861    -4.4514975895E-01     6.2681433099E-06
  862    -4.3569530150E-01     6.5865968675E-06
  863    -4.3569527616E-01     7.4312947886E-06
  864    -4.1935188360E-01     9.3216545978E-06
  865    -4.1930139174E-01     7.4498984753E-06
  866    -4.1930138184E-01     9.7752524870E-06
  867    -3.9801945633E-01     7.8728597384E-06
  868    -3.9801941714E-01     6.3332807936E-06
  869    -3.8959950952E-01     1.7629214505E-05
  870    -3.8126238014E-01     7.6347050377E-06
  871    -3.7615391785E-01     7.4219233920E-06
  872    -3.7615388162E-01     8.2919753200E-06
  873    -3.6839305379E-01     1.6973040867E-05
  874    -3.6084391996E-01     1.3745617510E-05
  875    -3.6084390029E-01     1.2389528232E-05
  876    -3.5065325101E-01     1.2317214323E-05
  877    -3.5065324937E-01     1.3339104890E-05
  878    -3.4013001067E-01     1.6396439274E-05
  879    -3.2855577707E-01     1.4778908467E-05
  880    -3.2855573051E-01     1.1956485671E-05
  881    -3.1870573854E-01     1.4404812330E-05
  882    -3.1359382460E-01     1.6651985646E-05
  883    -3.1359380590E-01     1.4191037936E-05
  884    -3.0508679876E-01     1.4903589177E-05
  885    -3.0416810025E-01     2.2945643119E-05
  886    -2.9453273228E-01     1.8984781537E-05
  887    -2.9453271820E-01     1.9073412073E-05
  888    -2.9186198475E-01     1.4808347776E-05
  889    -2.8023857740E-01     1.4947269167E-05
  890    -2.7181557697E-01     1.3719984973E-05
  891    -2.7181555415E-01     1.4804275980E-05
  892    -2.7089930902E-01     3.0857265458E-05
  893    -2.6473624985E-01     3.3286391155E-05
  894    -2.6469026112E-01     3.0278120650E-05
  895    -2.6469023551E-01     2.2839079418E-05
  896    -2.5863734963E-01     1.8627486516E-05
  897    -2.2921912525E-01     3.3232826592E-05
  898    -2.2921907945E-01     3.5820664960E-05
  899    -2.1424482714E-01     4.5275582725E-05
  900    -2.1015946409E-01     3.4865213106E-05
  901    -2.1015944928E-01     4.4468373004E-05
  902    -1.9340686899E-01     8.3513155397E-05
  903    -1.9340682963E-01     4.1987752437E-05
  904    -1.7994824705E-01     4.5638488129E-05
  905    -1.7994823577E-01     4.2028865581E-05
  906    -1.6477554873E-01     6.7496761929E-05
  907    -1.5970247620E-01     5.9869450968E-05
  908    -1.5970246834E-01     5.9411202644E-05
  909    -1.5786494231E-01     1.4091112225E-04
  910    -1.5559189891E-01     5.8108259836E-05
  911    -1.4592583072E-01     7.0449543140E-05
  912    -1.4592581345E-01     8.2243881302E-05
  913    -1.4138170292E-01     8.8882058547E-05
  914    -1.4138167066E-01     1.0225988186E-04
  915    -1.3079396392E-01     6.6855388343E-05
  916    -1.3079395595E-01     5.9439526950E-05
  917    -1.1864379319E-01     1.9980448640E-04
  918    -8.9363647108E-02     2.7508382270E-04
  919    -8.9363634600E-02     3.2237077788E-04
  920    -8.4877426745E-02     2.6867396412E-04
  921    -8.4877417718E-02     2.3681253080E-04
  922    -7.7802993142E-02     3.5934899733E-04
  923    -6.1756943817E-02     4.5995957626E-04
  924    -6.1756941847E-02     5.2192768787E-04
  925    -5.5243783330E-02     7.5030139407E-04
  926    -4.0641816569E-02     1.1864194749E-03
  927    -4.0641804808E-02     1.2677617937E-03
  928    -2.6635395493E-02     3.2612408229E-03
  929    -1.4839795588E-02     9.7014259443E-03
  930    -1.4839790963E-02     1.0158231474E-02
  931    -1.1969060421E-02     2.2203529094E-02
  932    -4.7788094370E-03     7.5059550929E-02
  933    -3.2091717731E-03     2.3767178989E-01
  934     5.7652676729E-03     6.4123415853E-02
  935     9.5861658876E-03     2.2510102132E-02
  936     9.5862050287E-03     2.4887520832E-02
  937     1.3675368680E-02     9.2838633883E-03
  938     1.3675375688E-02     1.0174748298E-02
  939     1.5496204240E-02     8.9681318606E-03
  940     1.5820925469E-02     6.1831669372E-03
  941     1.5960592134E-02     8.0733284592E-03
  942     1.5960624612E-02     7.9804556807E-03
  943     2.0964262995E-02     6.3114017632E-03
  944     2.2406324900E-02     3.9277630539E-03
  945     2.4381816656E-02     2.8176820906E-03
  946     2.4381817498E-02     2.6466448536E-03
  947     2.5416709724E-02     3.0982148987E-03
  948     2.5416734268E-02     2.8183648700E-03
  949     2.8379662330E-02     3.8707055378E-03
  950     2.9653211203E-02     2.7657454087E-03
  951     2.9965443761E-02     1.7265019796E-03
  952     2.9965456211E-02     2.0979889173E-03
  953     3.2788225806E-02     1.8584808710E-03
  954     3.7492306119E-02     1.2365187201E-03
  955     3.7492334385E-02     1.4266790136E-03
  956     3.8686233929E-02     1.2252455378E-03
  957     3.8686240593E-02     1.2677032880E-03
  958     4.0331045509E-02     1.2493882146E-03
  959     4.1377696332E-02     1.0855361134E-03
  960     4.1377703146E-02     1.1549080631E-03
  961     4.2468973507E-02     1.4436780787E-03
  962     4.2782465094E-02     8.9696623124E-04
  963     4.2960948628E-02     9.5814364447E-04
  964     4.2960985354E-02     1.0947859533E-03
  965     4.6116654955E-02     1.3206473385E-03
  966     4.6792963714E-02     8.5514214010E-04
  967     4.6792977965E-02     8.1389989125E-04
  968     4.8505326357E-02     1.0757118757E-03
  969     4.8727221414E-02     8.1970025677E-04
  970     4.8966091775E-02     8.2363123002E-04
  971     4.8966115009E-02     7.9901637963E-04
  972     4.9542789409E-02     4.8296278111E-04
  973     4.9542832150E-02     5.2771465137E-04
  974     5.0139592986E-02     7.2283623196E-04
  975     5.4408018024E-02     5.0561908427E-04
  976     5.4408037979E-02     5.7131746118E-04
  977     5.4775229121E-02     4.5802666893E-04
  978     5.4775259091E-02     5.5195983933E-04
  979     5.7385034726E-02     6.4392397895E-04
  980     5.8033410935E-02     6.2811966912E-04
  981     5.8033427531E-02     5.0110312926E-04
  982     5.9201538579E-02     4.6189829541E-04
  983     5.9445885561E-02     6.0343828222E-04
  984     6.0081352226E-02     4.7933960688E-04
  985     6.0081355978E-02     4.9151274514E-04
  986     6.2708001752E-02     4.7315200787E-04
  987     6.2708019356E-02     3.8460067934E-04
  988     6.3026821033E-02     4.5513018740E-04
  989     6.3508916875E-02     4.0910911959E-04
  990     6.3508930929E-02     4.1099525792E-04
  991     6.3997836225E-02     6.2510264503E-04
  992     6.7402223929E-02     4.8095283373E-04
  993     6.8168708981E-02     4.1203538471E-04
  994     6.8168733566E-02     3.2955979011E-04
  995     6.8357214356E-02     4.2692657246E-04
  996     6.9772216393E-02     3.1712886226E-04
  997     6.9772238297E-02     3.2489298702E-04
  998     7.0248141543E-02     3.7547425867E-04
  999     7.0345362284E-02     4.0011905370E-04
 1000     7.0345378544E-02     4.0510594993E-04
 1001     7.0484598388E-02     7.4791370083E-04
 1002     7.2522332693E-02     3.4881312090E-04
 1003     7.2548587025E-02     3.8631718080E-04
 1004     7.3458679824E-02     3.1311576158E-04
 1005     7.3458698825E-02     3.7212782474E-04
 1006     7.5911730559E-02     3.3523386706E-04
 1007     7.5911738057E-02     3.2023530820E-04
 1008     7.6815362323E-02     3.3175583830E-04
 1009     7.6815367686E-02     3.5442433337E-04
 1010     7.9373237657E-02     3.4324907590E-04
 1011     8.0963843715E-02     2.8511294842E-04
 1012     8.2248733006E-02     3.0312841912E-04


 TOTAL TIME = 5360 [s]
