===============================================================================
 RRRRR  SSSSS  H   H  RRRRR    Zbigniew ROMANOWSKI                             
 R   R  S      H   H  R   R                                                    
 RRRRR  SSSSS  HHHHH  RRRRR    version: 5.4                                    
 R  R       S  H   H  R  R                                                     
 R   R  SSSSS  H   H  R   R    compilation date: Dec  8 2012 (20:50:40)                       
===============================================================================

PEs = 256

----INITIALIZATION----========================================================
DOMAIN:
    BsplDeg = 3, CubatOrder = 5, CubatNodeNo = 125
    h = 4.000000E-01
    Nx = 113,    Ny = 113,   Nz = 113
    X0 = -2.000000E+01,    Xmax = 2.520000E+01
    Y0 = -2.000000E+01,    Ymax = 2.520000E+01
    Z0 = -2.000000E+01,    Zmax = 2.520000E+01

NUMBER OF 'ATOMS' = 125
    Soft-r^4(d,a)=(-2.00, 0.10) at (x,y,z) = ( 0.00, 0.00, 0.00)
    Soft-r^4(d,a)=(-2.00, 0.10) at (x,y,z) = ( 0.00, 0.00, 1.30)
    Soft-r^4(d,a)=(-2.00, 0.10) at (x,y,z) = ( 0.00, 0.00, 2.60)
    Soft-r^4(d,a)=(-2.00, 0.10) at (x,y,z) = ( 0.00, 0.00, 3.90)
    Soft-r^4(d,a)=(-2.00, 0.10) at (x,y,z) = ( 0.00, 0.00, 5.20)
    Soft-r^4(d,a)=(-2.00, 0.10) at (x,y,z) = ( 0.00, 1.30, 0.00)
    Soft-r^4(d,a)=(-2.00, 0.10) at (x,y,z) = ( 0.00, 1.30, 1.30)
    Soft-r^4(d,a)=(-2.00, 0.10) at (x,y,z) = ( 0.00, 1.30, 2.60)
    Soft-r^4(d,a)=(-2.00, 0.10) at (x,y,z) = ( 0.00, 1.30, 3.90)
    Soft-r^4(d,a)=(-2.00, 0.10) at (x,y,z) = ( 0.00, 1.30, 5.20)
    Soft-r^4(d,a)=(-2.00, 0.10) at (x,y,z) = ( 0.00, 2.60, 0.00)
    Soft-r^4(d,a)=(-2.00, 0.10) at (x,y,z) = ( 0.00, 2.60, 1.30)
    Soft-r^4(d,a)=(-2.00, 0.10) at (x,y,z) = ( 0.00, 2.60, 2.60)
    Soft-r^4(d,a)=(-2.00, 0.10) at (x,y,z) = ( 0.00, 2.60, 3.90)
    Soft-r^4(d,a)=(-2.00, 0.10) at (x,y,z) = ( 0.00, 2.60, 5.20)
    Soft-r^4(d,a)=(-2.00, 0.10) at (x,y,z) = ( 0.00, 3.90, 0.00)
    Soft-r^4(d,a)=(-2.00, 0.10) at (x,y,z) = ( 0.00, 3.90, 1.30)
    Soft-r^4(d,a)=(-2.00, 0.10) at (x,y,z) = ( 0.00, 3.90, 2.60)
    Soft-r^4(d,a)=(-2.00, 0.10) at (x,y,z) = ( 0.00, 3.90, 3.90)
    Soft-r^4(d,a)=(-2.00, 0.10) at (x,y,z) = ( 0.00, 3.90, 5.20)
    Soft-r^4(d,a)=(-2.00, 0.10) at (x,y,z) = ( 0.00, 5.20, 0.00)
    Soft-r^4(d,a)=(-2.00, 0.10) at (x,y,z) = ( 0.00, 5.20, 1.30)
    Soft-r^4(d,a)=(-2.00, 0.10) at (x,y,z) = ( 0.00, 5.20, 2.60)
    Soft-r^4(d,a)=(-2.00, 0.10) at (x,y,z) = ( 0.00, 5.20, 3.90)
    Soft-r^4(d,a)=(-2.00, 0.10) at (x,y,z) = ( 0.00, 5.20, 5.20)
    Soft-r^4(d,a)=(-2.00, 0.10) at (x,y,z) = ( 1.30, 0.00, 0.00)
    Soft-r^4(d,a)=(-2.00, 0.10) at (x,y,z) = ( 1.30, 0.00, 1.30)
    Soft-r^4(d,a)=(-2.00, 0.10) at (x,y,z) = ( 1.30, 0.00, 2.60)
    Soft-r^4(d,a)=(-2.00, 0.10) at (x,y,z) = ( 1.30, 0.00, 3.90)
    Soft-r^4(d,a)=(-2.00, 0.10) at (x,y,z) = ( 1.30, 0.00, 5.20)
    Soft-r^4(d,a)=(-2.00, 0.10) at (x,y,z) = ( 1.30, 1.30, 0.00)
    Soft-r^4(d,a)=(-2.00, 0.10) at (x,y,z) = ( 1.30, 1.30, 1.30)
    Soft-r^4(d,a)=(-2.00, 0.10) at (x,y,z) = ( 1.30, 1.30, 2.60)
    Soft-r^4(d,a)=(-2.00, 0.10) at (x,y,z) = ( 1.30, 1.30, 3.90)
    Soft-r^4(d,a)=(-2.00, 0.10) at (x,y,z) = ( 1.30, 1.30, 5.20)
    Soft-r^4(d,a)=(-2.00, 0.10) at (x,y,z) = ( 1.30, 2.60, 0.00)
    Soft-r^4(d,a)=(-2.00, 0.10) at (x,y,z) = ( 1.30, 2.60, 1.30)
    Soft-r^4(d,a)=(-2.00, 0.10) at (x,y,z) = ( 1.30, 2.60, 2.60)
    Soft-r^4(d,a)=(-2.00, 0.10) at (x,y,z) = ( 1.30, 2.60, 3.90)
    Soft-r^4(d,a)=(-2.00, 0.10) at (x,y,z) = ( 1.30, 2.60, 5.20)
    Soft-r^4(d,a)=(-2.00, 0.10) at (x,y,z) = ( 1.30, 3.90, 0.00)
    Soft-r^4(d,a)=(-2.00, 0.10) at (x,y,z) = ( 1.30, 3.90, 1.30)
    Soft-r^4(d,a)=(-2.00, 0.10) at (x,y,z) = ( 1.30, 3.90, 2.60)
    Soft-r^4(d,a)=(-2.00, 0.10) at (x,y,z) = ( 1.30, 3.90, 3.90)
    Soft-r^4(d,a)=(-2.00, 0.10) at (x,y,z) = ( 1.30, 3.90, 5.20)
    Soft-r^4(d,a)=(-2.00, 0.10) at (x,y,z) = ( 1.30, 5.20, 0.00)
    Soft-r^4(d,a)=(-2.00, 0.10) at (x,y,z) = ( 1.30, 5.20, 1.30)
    Soft-r^4(d,a)=(-2.00, 0.10) at (x,y,z) = ( 1.30, 5.20, 2.60)
    Soft-r^4(d,a)=(-2.00, 0.10) at (x,y,z) = ( 1.30, 5.20, 3.90)
    Soft-r^4(d,a)=(-2.00, 0.10) at (x,y,z) = ( 1.30, 5.20, 5.20)
    Soft-r^4(d,a)=(-2.00, 0.10) at (x,y,z) = ( 2.60, 0.00, 0.00)
    Soft-r^4(d,a)=(-2.00, 0.10) at (x,y,z) = ( 2.60, 0.00, 1.30)
    Soft-r^4(d,a)=(-2.00, 0.10) at (x,y,z) = ( 2.60, 0.00, 2.60)
    Soft-r^4(d,a)=(-2.00, 0.10) at (x,y,z) = ( 2.60, 0.00, 3.90)
    Soft-r^4(d,a)=(-2.00, 0.10) at (x,y,z) = ( 2.60, 0.00, 5.20)
    Soft-r^4(d,a)=(-2.00, 0.10) at (x,y,z) = ( 2.60, 1.30, 0.00)
    Soft-r^4(d,a)=(-2.00, 0.10) at (x,y,z) = ( 2.60, 1.30, 1.30)
    Soft-r^4(d,a)=(-2.00, 0.10) at (x,y,z) = ( 2.60, 1.30, 2.60)
    Soft-r^4(d,a)=(-2.00, 0.10) at (x,y,z) = ( 2.60, 1.30, 3.90)
    Soft-r^4(d,a)=(-2.00, 0.10) at (x,y,z) = ( 2.60, 1.30, 5.20)
    Soft-r^4(d,a)=(-2.00, 0.10) at (x,y,z) = ( 2.60, 2.60, 0.00)
    Soft-r^4(d,a)=(-2.00, 0.10) at (x,y,z) = ( 2.60, 2.60, 1.30)
    Soft-r^4(d,a)=(-2.00, 0.10) at (x,y,z) = ( 2.60, 2.60, 2.60)
    Soft-r^4(d,a)=(-2.00, 0.10) at (x,y,z) = ( 2.60, 2.60, 3.90)
    Soft-r^4(d,a)=(-2.00, 0.10) at (x,y,z) = ( 2.60, 2.60, 5.20)
    Soft-r^4(d,a)=(-2.00, 0.10) at (x,y,z) = ( 2.60, 3.90, 0.00)
    Soft-r^4(d,a)=(-2.00, 0.10) at (x,y,z) = ( 2.60, 3.90, 1.30)
    Soft-r^4(d,a)=(-2.00, 0.10) at (x,y,z) = ( 2.60, 3.90, 2.60)
    Soft-r^4(d,a)=(-2.00, 0.10) at (x,y,z) = ( 2.60, 3.90, 3.90)
    Soft-r^4(d,a)=(-2.00, 0.10) at (x,y,z) = ( 2.60, 3.90, 5.20)
    Soft-r^4(d,a)=(-2.00, 0.10) at (x,y,z) = ( 2.60, 5.20, 0.00)
    Soft-r^4(d,a)=(-2.00, 0.10) at (x,y,z) = ( 2.60, 5.20, 1.30)
    Soft-r^4(d,a)=(-2.00, 0.10) at (x,y,z) = ( 2.60, 5.20, 2.60)
    Soft-r^4(d,a)=(-2.00, 0.10) at (x,y,z) = ( 2.60, 5.20, 3.90)
    Soft-r^4(d,a)=(-2.00, 0.10) at (x,y,z) = ( 2.60, 5.20, 5.20)
    Soft-r^4(d,a)=(-2.00, 0.10) at (x,y,z) = ( 3.90, 0.00, 0.00)
    Soft-r^4(d,a)=(-2.00, 0.10) at (x,y,z) = ( 3.90, 0.00, 1.30)
    Soft-r^4(d,a)=(-2.00, 0.10) at (x,y,z) = ( 3.90, 0.00, 2.60)
    Soft-r^4(d,a)=(-2.00, 0.10) at (x,y,z) = ( 3.90, 0.00, 3.90)
    Soft-r^4(d,a)=(-2.00, 0.10) at (x,y,z) = ( 3.90, 0.00, 5.20)
    Soft-r^4(d,a)=(-2.00, 0.10) at (x,y,z) = ( 3.90, 1.30, 0.00)
    Soft-r^4(d,a)=(-2.00, 0.10) at (x,y,z) = ( 3.90, 1.30, 1.30)
    Soft-r^4(d,a)=(-2.00, 0.10) at (x,y,z) = ( 3.90, 1.30, 2.60)
    Soft-r^4(d,a)=(-2.00, 0.10) at (x,y,z) = ( 3.90, 1.30, 3.90)
    Soft-r^4(d,a)=(-2.00, 0.10) at (x,y,z) = ( 3.90, 1.30, 5.20)
    Soft-r^4(d,a)=(-2.00, 0.10) at (x,y,z) = ( 3.90, 2.60, 0.00)
    Soft-r^4(d,a)=(-2.00, 0.10) at (x,y,z) = ( 3.90, 2.60, 1.30)
    Soft-r^4(d,a)=(-2.00, 0.10) at (x,y,z) = ( 3.90, 2.60, 2.60)
    Soft-r^4(d,a)=(-2.00, 0.10) at (x,y,z) = ( 3.90, 2.60, 3.90)
    Soft-r^4(d,a)=(-2.00, 0.10) at (x,y,z) = ( 3.90, 2.60, 5.20)
    Soft-r^4(d,a)=(-2.00, 0.10) at (x,y,z) = ( 3.90, 3.90, 0.00)
    Soft-r^4(d,a)=(-2.00, 0.10) at (x,y,z) = ( 3.90, 3.90, 1.30)
    Soft-r^4(d,a)=(-2.00, 0.10) at (x,y,z) = ( 3.90, 3.90, 2.60)
    Soft-r^4(d,a)=(-2.00, 0.10) at (x,y,z) = ( 3.90, 3.90, 3.90)
    Soft-r^4(d,a)=(-2.00, 0.10) at (x,y,z) = ( 3.90, 3.90, 5.20)
    Soft-r^4(d,a)=(-2.00, 0.10) at (x,y,z) = ( 3.90, 5.20, 0.00)
    Soft-r^4(d,a)=(-2.00, 0.10) at (x,y,z) = ( 3.90, 5.20, 1.30)
    Soft-r^4(d,a)=(-2.00, 0.10) at (x,y,z) = ( 3.90, 5.20, 2.60)
    Soft-r^4(d,a)=(-2.00, 0.10) at (x,y,z) = ( 3.90, 5.20, 3.90)
    Soft-r^4(d,a)=(-2.00, 0.10) at (x,y,z) = ( 3.90, 5.20, 5.20)
    Soft-r^4(d,a)=(-2.00, 0.10) at (x,y,z) = ( 5.20, 0.00, 0.00)
    Soft-r^4(d,a)=(-2.00, 0.10) at (x,y,z) = ( 5.20, 0.00, 1.30)
    Soft-r^4(d,a)=(-2.00, 0.10) at (x,y,z) = ( 5.20, 0.00, 2.60)
    Soft-r^4(d,a)=(-2.00, 0.10) at (x,y,z) = ( 5.20, 0.00, 3.90)
    Soft-r^4(d,a)=(-2.00, 0.10) at (x,y,z) = ( 5.20, 0.00, 5.20)
    Soft-r^4(d,a)=(-2.00, 0.10) at (x,y,z) = ( 5.20, 1.30, 0.00)
    Soft-r^4(d,a)=(-2.00, 0.10) at (x,y,z) = ( 5.20, 1.30, 1.30)
    Soft-r^4(d,a)=(-2.00, 0.10) at (x,y,z) = ( 5.20, 1.30, 2.60)
    Soft-r^4(d,a)=(-2.00, 0.10) at (x,y,z) = ( 5.20, 1.30, 3.90)
    Soft-r^4(d,a)=(-2.00, 0.10) at (x,y,z) = ( 5.20, 1.30, 5.20)
    Soft-r^4(d,a)=(-2.00, 0.10) at (x,y,z) = ( 5.20, 2.60, 0.00)
    Soft-r^4(d,a)=(-2.00, 0.10) at (x,y,z) = ( 5.20, 2.60, 1.30)
    Soft-r^4(d,a)=(-2.00, 0.10) at (x,y,z) = ( 5.20, 2.60, 2.60)
    Soft-r^4(d,a)=(-2.00, 0.10) at (x,y,z) = ( 5.20, 2.60, 3.90)
    Soft-r^4(d,a)=(-2.00, 0.10) at (x,y,z) = ( 5.20, 2.60, 5.20)
    Soft-r^4(d,a)=(-2.00, 0.10) at (x,y,z) = ( 5.20, 3.90, 0.00)
    Soft-r^4(d,a)=(-2.00, 0.10) at (x,y,z) = ( 5.20, 3.90, 1.30)
    Soft-r^4(d,a)=(-2.00, 0.10) at (x,y,z) = ( 5.20, 3.90, 2.60)
    Soft-r^4(d,a)=(-2.00, 0.10) at (x,y,z) = ( 5.20, 3.90, 3.90)
    Soft-r^4(d,a)=(-2.00, 0.10) at (x,y,z) = ( 5.20, 3.90, 5.20)
    Soft-r^4(d,a)=(-2.00, 0.10) at (x,y,z) = ( 5.20, 5.20, 0.00)
    Soft-r^4(d,a)=(-2.00, 0.10) at (x,y,z) = ( 5.20, 5.20, 1.30)
    Soft-r^4(d,a)=(-2.00, 0.10) at (x,y,z) = ( 5.20, 5.20, 2.60)
    Soft-r^4(d,a)=(-2.00, 0.10) at (x,y,z) = ( 5.20, 5.20, 3.90)
    Soft-r^4(d,a)=(-2.00, 0.10) at (x,y,z) = ( 5.20, 5.20, 5.20)


----GRAPH-CREATION-and-PARTITIONING----=======================================
      Setup: Max:   1.438, Sum: 368.151, Balance:   1.000
   Matching: Max:   1.806, Sum: 462.221, Balance:   1.000
Contraction: Max:   0.544, Sum: 139.277, Balance:   1.000
   InitPart: Max:   0.313, Sum:  80.058, Balance:   1.000
    Project: Max:   0.002, Sum:   0.461, Balance:   1.057
 Initialize: Max:   0.341, Sum:  87.074, Balance:   1.001
      K-way: Max:   1.470, Sum: 376.410, Balance:   1.000
      Remap: Max:   0.001, Sum:   0.185, Balance:   1.001
      Total: Max:   5.914, Sum: 1513.923, Balance:   1.000
Final 256-way Cut: 48695992 	Balance: 1.053 

    Number of nodes:
         Rank0.........5.435E+03
         Averg.........5.199E+03
         Total.........1.331E+06
    Number of edges:
         Rank0.........1.732E+06
         Averg.........1.696E+06
         Total.........4.342E+08
    Memory usage.[MB]:
         Rank0.........2.651E+01
         Averg.........2.596E+01
         Total.........6.646E+03


----MATRIX-ALLOCATION----=====================================================
    Dimension of matrix H or S:
              Rank0..............5.435E+03 (5435)
              Averg..............5.199E+03       
              Total..............1.331E+06 (1331000)
    Nonzero entries in H or S:
              Rank0..............1.738E+06 (1737638)
              Averg..............1.701E+06       
              Total..............4.355E+08 (435519512)
    Sparseness of H or S (fraction):
              Rank0..............2.402E-04
              Averg..............2.458E-04
    Sparseness of H or S (non-zero elemnts in a row):
              Rank0..............319.7
              Averg..............327.2
    Memory usage for H and S [MiB]:
              Rank0..............5.303E+01
              Averg..............5.192E+01
              Total..............1.329E+04


----ASSEMBLING----============================================================
..........10..........20..........30..........40..........50done
Assembling time = 56 [s]



----SOLVING----===============================================================
EPS Object: 256 MPI processes
  type: krylovschur
    Krylov-Schur: 50% of basis vectors kept after restart
  problem type: generalized symmetric eigenvalue problem
  extraction type: Rayleigh-Ritz
  selected portion of the spectrum: smallest real parts
  number of eigenvalues (nev): 1000
  number of column vectors (ncv): 2000
  maximum dimension of projected problem (mpd): 2000
  maximum number of iterations: 1500
  tolerance: 0.0001
  convergence test: relative to the eigenvalue
  estimates of matrix norms (constant): norm(A)=1, norm(B)=1
IP Object: 256 MPI processes
  type: bilinear
  orthogonalization method: classical Gram-Schmidt
  orthogonalization refinement: if needed (eta: 0.7071)
  Matrix Object:   256 MPI processes
    type: mpiaij
    rows=1331000, cols=1331000
    total: nonzeros=435519512, allocated nonzeros=435519512
    total number of mallocs used during MatSetValues calls =0
      not using I-node (on process 0) routines
DS Object: 256 MPI processes
  type: hep
  solving the problem with: Implicit QR method (_steqr)
ST Object: 256 MPI processes
  type: shift
  shift: 0
  matrices A and B have same nonzero pattern
  KSP Object:  (st_)   256 MPI processes
    type: cg
    maximum iterations=10000
    using preconditioner applied to right hand side for initial guess
    tolerances:  relative=1e-05, absolute=1e-50, divergence=10000
    left preconditioning
    using nonzero initial guess
    using PRECONDITIONED norm type for convergence test
  PC Object:  (st_)   256 MPI processes
    type: asm
      Additive Schwarz: total subdomain blocks = 256, amount of overlap = 1
      Additive Schwarz: restriction/interpolation type - RESTRICT
      Local solve is same for all blocks, in the following KSP and PC objects:
    KSP Object:    (st_sub_)     1 MPI processes
      type: preonly
      maximum iterations=10000, initial guess is zero
      tolerances:  relative=1e-05, absolute=1e-50, divergence=10000
      left preconditioning
      using DEFAULT norm type for convergence test
    PC Object:    (st_sub_)     1 MPI processes
      type: icc
        0 levels of fill
        tolerance for zero pivot 2.22045e-14
        using Manteuffel shift
        matrix ordering: natural
      linear system matrix = precond matrix:
      Matrix Object:       1 MPI processes
        type: seqaij
        rows=12873, cols=12873
        total: nonzeros=3566787, allocated nonzeros=3566787
        total number of mallocs used during MatSetValues calls =0
          not using I-node routines
    linear system matrix = precond matrix:
    Matrix Object:     256 MPI processes
      type: mpiaij
      rows=1331000, cols=1331000
      total: nonzeros=435519512, allocated nonzeros=435519512
      total number of mallocs used during MatSetValues calls =0
        not using I-node (on process 0) routines


  1 EPS nconv=226 first unconverged value (error) -10.6285 (1.10143316e-04)
  2 EPS nconv=395 first unconverged value (error) -7.25261 (3.05983468e-04)
  3 EPS nconv=520 first unconverged value (error) -5.18694 (5.71391134e-04)
  4 EPS nconv=692 first unconverged value (error) -2.7842 (1.74365204e-03)
  5 EPS nconv=796 first unconverged value (error) -1.62474 (1.52881443e-04)
  6 EPS nconv=868 first unconverged value (error) -0.780887 (3.28285031e-03)
  7 EPS nconv=918 first unconverged value (error) -0.36961 (1.09579027e-03)
  8 EPS nconv=967 first unconverged value (error) -0.0301209 (8.90916175e-04)
  9 EPS nconv=976 first unconverged value (error) 0.0157503 (8.90420636e-03)
 10 EPS nconv=978 first unconverged value (error) 0.0178875 (2.34844988e+00)
 11 EPS nconv=981 first unconverged value (error) 0.0188351 (4.44812475e-04)
 12 EPS nconv=987 first unconverged value (error) 0.0299138 (7.78116439e-04)
 13 EPS nconv=987 first unconverged value (error) 0.0298474 (1.88660727e-03)
 14 EPS nconv=999 first unconverged value (error) 0.0405902 (5.91609802e-02)
 15 EPS nconv=1006 first unconverged value (error) 0.0464528 (1.94703844e-04)

--------------------------------------------------------------
    Number of iterations of the method.............15
    Number of linear iterations of the method......41650
    Solution method................................krylovschur
    Number of requested eigenvalues................1000
    Stopping condition: eps_tol....................1.000000E-04
    Stopping condition: eps_max_it.................1500
--------------------------------------------------------------


             EIGENVALUES            ERROR
====================================================
    0    -2.0411003801E+01     1.3025024021E-07
    1    -1.9859288715E+01     1.3313756705E-07
    2    -1.9859285720E+01     1.1964305116E-07
    3    -1.9859238170E+01     1.6903920701E-07
    4    -1.9359738430E+01     1.0067160154E-07
    5    -1.9345400382E+01     1.7750621511E-07
    6    -1.9345346803E+01     1.5668938583E-07
    7    -1.9316671139E+01     1.4160224066E-07
    8    -1.9316657984E+01     1.0009382875E-07
    9    -1.9316636344E+01     1.1081877436E-07
   10    -1.8812853924E+01     1.4180197739E-07
   11    -1.8812845412E+01     1.0827526284E-07
   12    -1.8812825368E+01     1.7590051962E-07
   13    -1.8803476705E+01     1.0711398744E-07
   14    -1.8803474099E+01     1.3409967066E-07
   15    -1.8803467404E+01     1.3594245426E-07
   16    -1.8782690645E+01     1.0931163876E-07
   17    -1.8317434037E+01     9.2872378783E-08
   18    -1.8303063919E+01     1.4566775700E-07
   19    -1.8303049428E+01     1.4265815921E-07
   20    -1.8274713080E+01     1.2193416858E-07
   21    -1.8274698161E+01     8.6552483007E-08
   22    -1.8274688802E+01     1.2268523596E-07
   23    -1.7774510025E+01     1.0951686772E-07
   24    -1.7774502438E+01     2.9393179314E-07
   25    -1.7774477085E+01     1.8166431105E-07
   26    -1.7724649338E+01     8.3512285146E-08
   27    -1.7724645357E+01     8.5912606264E-08
   28    -1.7724633570E+01     1.1922908686E-07
   29    -1.7662327025E+01     8.4220805142E-08
   30    -1.7656632007E+01     8.3493662907E-08
   31    -1.7656623831E+01     1.0545099106E-07
   32    -1.7281601209E+01     1.3386586726E-07
   33    -1.7233104167E+01     7.6483913135E-08
   34    -1.7233099545E+01     7.8402714322E-08
   35    -1.7233087572E+01     1.0077815790E-07
   36    -1.7200821360E+01     1.3191817044E-07
   37    -1.7200815258E+01     8.2981709973E-08
   38    -1.7200809909E+01     9.8234485495E-08
   39    -1.7154956052E+01     8.9061777521E-08
   40    -1.7154953266E+01     7.6151743327E-08
   41    -1.7154947683E+01     1.0860728929E-07
   42    -1.7151208050E+01     7.7759054579E-08
   43    -1.7151206570E+01     9.3210745249E-08
   44    -1.7151198551E+01     9.5841748951E-08
   45    -1.6748587835E+01     9.6109231214E-08
   46    -1.6701300665E+01     9.0313795436E-08
   47    -1.6701294591E+01     1.0847389102E-07
   48    -1.6701278771E+01     1.1511460160E-07
   49    -1.6700631458E+01     7.1362282679E-08
   50    -1.6700626513E+01     8.1273925055E-08
   51    -1.6693019403E+01     9.9224420839E-08
   52    -1.6693014635E+01     9.7549940136E-08
   53    -1.6693008229E+01     1.1229411517E-07
   54    -1.6673175293E+01     1.0477682684E-07
   55    -1.6664641864E+01     1.0512877525E-07
   56    -1.6664634277E+01     9.8161617151E-08
   57    -1.6654819191E+01     7.1422487945E-08
   58    -1.6654813980E+01     8.1993971954E-08
   59    -1.6654804025E+01     9.3530403557E-08
   60    -1.6609501213E+01     8.0981520588E-08
   61    -1.6609489846E+01     9.0202471782E-08
   62    -1.6600567495E+01     8.2361079806E-08
   63    -1.6212261221E+01     1.0048969718E-07
   64    -1.6212260702E+01     1.0619350326E-07
   65    -1.6212253279E+01     8.9641468014E-08
   66    -1.6183021898E+01     1.3026136777E-07
   67    -1.6183020576E+01     1.7261536160E-07
   68    -1.6183016454E+01     2.1648990289E-07
   69    -1.6170095388E+01     1.1515618469E-07
   70    -1.6170089458E+01     8.8795379903E-08
   71    -1.6170083426E+01     1.0162914714E-07
   72    -1.6108308789E+01     7.3254490296E-08
   73    -1.6108303461E+01     8.6530798249E-08
   74    -1.6108295214E+01     9.9968254190E-08
   75    -1.5687511631E+01     1.0549419775E-07
   76    -1.5685601339E+01     8.0994622124E-08
   77    -1.5685591834E+01     1.1997111046E-07
   78    -1.5685588351E+01     1.5633575258E-07
   79    -1.5601393289E+01     7.3082241242E-08
   80    -1.5601382928E+01     1.0014790670E-07
   81    -1.5336344457E+01     6.4328465660E-08
   82    -1.5336342242E+01     9.0667651613E-08
   83    -1.5336338411E+01     7.8649925551E-08
   84    -1.5268932248E+01     1.1350883598E-07
   85    -1.5268930835E+01     1.0879179630E-07
   86    -1.5268922764E+01     1.3165382384E-07
   87    -1.5264819483E+01     8.3499522587E-08
   88    -1.5264816391E+01     9.3204402980E-08
   89    -1.5264815029E+01     8.6104288774E-08
   90    -1.5204060908E+01     8.2523522036E-08
   91    -1.5197889707E+01     8.3295665822E-08
   92    -1.5197884895E+01     9.2209698551E-08
   93    -1.4896508073E+01     8.2985724246E-08
   94    -1.4848546818E+01     9.3234506636E-08
   95    -1.4848545057E+01     8.2886977579E-08
   96    -1.4813265505E+01     1.0988457160E-07
   97    -1.4813262559E+01     6.7905043743E-08
   98    -1.4813259491E+01     1.3181587466E-07
   99    -1.4780001006E+01     8.6627812975E-08
  100    -1.4779997592E+01     8.0447996996E-08
  101    -1.4779996854E+01     8.3217451664E-08
  102    -1.4741585016E+01     1.2500676802E-07
  103    -1.4741572431E+01     1.5719592398E-07
  104    -1.4741563712E+01     1.9441751016E-07
  105    -1.4731244597E+01     1.6713488286E-07
  106    -1.4731242337E+01     6.8350217694E-08
  107    -1.4731236253E+01     7.6726374398E-08
  108    -1.4339888841E+01     8.8000849009E-08
  109    -1.4339887367E+01     6.5839925786E-08
  110    -1.4339881280E+01     1.1056937107E-07
  111    -1.4304571943E+01     1.3418764871E-07
  112    -1.4304570888E+01     8.5039390030E-08
  113    -1.4304567226E+01     1.8225753994E-07
  114    -1.4271392926E+01     8.3734288267E-08
  115    -1.4245813021E+01     8.4383655610E-08
  116    -1.4245811664E+01     8.5170099111E-08
  117    -1.4245808720E+01     6.9403638419E-08
  118    -1.4201419578E+01     1.1654631734E-07
  119    -1.4201411007E+01     9.7930983701E-08
  120    -1.4201400415E+01     1.8421251294E-07
  121    -1.4183349576E+01     7.1707506248E-08
  122    -1.4183345686E+01     8.3220632815E-08
  123    -1.4159431384E+01     1.8730037116E-07
  124    -1.4159428453E+01     1.4202397619E-07
  125    -1.4159418371E+01     1.5246107535E-07
  126    -1.3667279753E+01     1.1542915984E-07
  127    -1.3630446232E+01     1.3991370242E-07
  128    -1.3630441833E+01     1.4602801908E-07
  129    -1.3630437019E+01     1.7138759352E-07
  130    -1.3620402515E+01     1.7741477459E-07
  131    -1.3620396439E+01     1.4512739361E-07
  132    -1.3620389439E+01     2.2655059072E-07
  133    -1.3609443530E+01     1.3033993598E-07
  134    -1.3609440303E+01     1.4282026631E-07
  135    -1.3223264419E+01     1.3814412302E-07
  136    -1.3185872582E+01     9.5523465747E-08
  137    -1.3167677232E+01     2.0938178963E-07
  138    -1.3167670185E+01     1.5165435671E-07
  139    -1.3110515258E+01     1.0337793111E-07
  140    -1.3110512779E+01     9.9806503220E-08
  141    -1.3110510541E+01     6.6864636808E-08
  142    -1.3093836350E+01     2.5718020130E-07
  143    -1.3093825519E+01     1.5850708461E-07
  144    -1.3093818909E+01     1.6487107774E-07
  145    -1.3057947696E+01     2.1727065097E-07
  146    -1.3057945794E+01     1.7185880170E-07
  147    -1.3057937107E+01     2.2943539468E-07
  148    -1.3037747083E+01     7.4686508570E-08
  149    -1.3037746856E+01     1.3891867124E-07
  150    -1.3037744929E+01     1.2124993573E-07
  151    -1.2967401947E+01     1.1757135808E-07
  152    -1.2654219639E+01     2.8413969728E-07
  153    -1.2654216433E+01     1.8469855691E-07
  154    -1.2654207100E+01     1.4084249459E-07
  155    -1.2619161261E+01     1.7862576413E-07
  156    -1.2619153190E+01     3.0368306138E-07
  157    -1.2619148590E+01     1.3283601053E-07
  158    -1.2533830891E+01     1.7197278088E-07
  159    -1.2533824230E+01     1.5387122932E-07
  160    -1.2533817050E+01     1.8568157506E-07
  161    -1.2176696828E+01     1.8937693349E-07
  162    -1.2176694924E+01     4.5366608766E-07
  163    -1.2176688313E+01     1.6612783192E-07
  164    -1.2148975554E+01     1.2004524434E-07
  165    -1.2122302525E+01     2.4700052722E-07
  166    -1.2122295010E+01     1.6183622671E-07
  167    -1.2096266224E+01     1.7616654891E-07
  168    -1.2096261023E+01     1.5464746397E-07
  169    -1.2096258632E+01     1.7656150884E-07
  170    -1.2031675466E+01     1.2826967845E-07
  171    -1.2031672667E+01     1.7830213348E-07
  172    -1.2025844213E+01     2.7610193856E-07
  173    -1.2025841921E+01     1.5778795186E-07
  174    -1.2025835014E+01     1.5869712628E-07
  175    -1.2008542034E+01     1.6981046097E-07
  176    -1.2008539799E+01     1.2939886039E-07
  177    -1.2008535128E+01     2.2356908971E-07
  178    -1.2004532761E+01     1.6747206260E-07
  179    -1.2004527856E+01     1.4760107579E-07
  180    -1.2004526676E+01     1.6129239909E-07
  181    -1.2001932399E+01     1.8480041461E-07
  182    -1.1682924849E+01     1.3103904528E-07
  183    -1.1640503252E+01     1.4401488204E-07
  184    -1.1640502302E+01     1.0519179185E-07
  185    -1.1590727609E+01     1.6539271014E-07
  186    -1.1590724478E+01     1.8686647465E-07
  187    -1.1590723389E+01     2.0300795761E-07
  188    -1.1532011966E+01     2.0314134168E-07
  189    -1.1532007548E+01     2.0369149432E-07
  190    -1.1526721332E+01     2.1988283828E-07
  191    -1.1526710515E+01     1.3274195639E-07
  192    -1.1526708633E+01     2.0982704829E-07
  193    -1.1505114064E+01     2.2456973435E-07
  194    -1.1505110508E+01     1.8915373485E-07
  195    -1.1505104768E+01     2.2672117684E-07
  196    -1.1485859505E+01     2.2664146850E-07
  197    -1.1485858581E+01     1.5214335016E-07
  198    -1.1485854923E+01     1.5090524265E-07
  199    -1.1480428669E+01     1.5471985948E-07
  200    -1.1480427037E+01     1.0373149924E-07
  201    -1.1480418896E+01     1.8835196346E-07
  202    -1.1473176317E+01     1.8599592782E-07
  203    -1.1088069549E+01     1.8320105203E-07
  204    -1.1088068158E+01     1.2806730219E-07
  205    -1.1088064265E+01     1.9681784917E-07
  206    -1.1083960157E+01     1.4257834105E-07
  207    -1.1073374610E+01     3.0374346800E-07
  208    -1.1073372448E+01     2.0562373576E-07
  209    -1.1073366250E+01     2.1549064212E-07
  210    -1.0982292584E+01     2.5559481032E-07
  211    -1.0982289446E+01     2.5978679772E-07
  212    -1.0982285990E+01     2.7346876121E-07
  213    -1.0959589793E+01     1.4657029655E-07
  214    -1.0959589250E+01     1.7026136710E-07
  215    -1.0959583498E+01     2.2395570326E-07
  216    -1.0945934774E+01     2.0756577686E-07
  217    -1.0945931489E+01     3.1639124498E-07
  218    -1.0896996253E+01     1.6971744120E-07
  219    -1.0896989283E+01     1.8583188945E-07
  220    -1.0896988220E+01     1.1681556627E-07
  221    -1.0882891792E+01     2.1167212383E-07
  222    -1.0882886922E+01     2.3883826859E-07
  223    -1.0882883081E+01     2.5656805267E-07
  224    -1.0628538886E+01     1.9465486018E-07
  225    -1.0628534544E+01     6.3990646755E-07
  226    -1.0628532254E+01     1.2620357310E-07
  227    -1.0616463747E+01     2.2849665344E-07
  228    -1.0604200383E+01     1.7834439809E-07
  229    -1.0604199198E+01     1.7053018394E-07
  230    -1.0604193959E+01     1.9166261600E-07
  231    -1.0591894614E+01     1.3147635424E-07
  232    -1.0573752076E+01     1.5622715863E-07
  233    -1.0573750610E+01     1.7972552279E-07
  234    -1.0464720225E+01     1.4677560593E-07
  235    -1.0464717897E+01     2.0544591101E-07
  236    -1.0442999147E+01     1.9327962190E-07
  237    -1.0420235688E+01     1.9370163135E-07
  238    -1.0420231336E+01     3.3739336910E-07
  239    -1.0420229448E+01     3.8028524469E-07
  240    -1.0409592064E+01     1.8787062589E-07
  241    -1.0409585941E+01     1.3457494161E-07
  242    -1.0409581844E+01     2.0105353612E-07
  243    -1.0351482990E+01     2.2715301896E-07
  244    -1.0351479545E+01     2.6265932921E-07
  245    -1.0131060909E+01     1.2865653079E-07
  246    -1.0131060334E+01     2.6035322734E-07
  247    -1.0131058695E+01     2.9279244759E-07
  248    -1.0086665569E+01     1.7989203449E-07
  249    -1.0086664198E+01     1.8987894293E-07
  250    -1.0086662228E+01     1.7387995996E-07
  251    -1.0073027107E+01     2.8773187413E-07
  252    -1.0073025537E+01     2.4479915295E-07
  253    -1.0073023453E+01     2.1528076941E-07
  254    -9.9570425255E+00     1.7589310452E-07
  255    -9.9570404247E+00     1.9315546156E-07
  256    -9.9570393922E+00     1.1280555891E-07
  257    -9.9561270617E+00     2.0002041211E-07
  258    -9.9561242345E+00     3.4420747893E-07
  259    -9.9561190170E+00     1.5448932780E-07
  260    -9.9194727622E+00     2.2498746021E-07
  261    -9.8594907624E+00     1.5265573961E-07
  262    -9.8024916699E+00     3.0349395679E-07
  263    -9.8024883139E+00     2.4654054427E-07
  264    -9.8024852793E+00     2.6737406423E-07
  265    -9.6961965456E+00     1.3155943712E-07
  266    -9.6961935423E+00     1.4974551688E-07
  267    -9.6961912702E+00     2.2210104250E-07
  268    -9.6773821823E+00     1.2386366693E-07
  269    -9.6773801730E+00     1.9717913218E-07
  270    -9.6162852024E+00     1.9955554032E-07
  271    -9.6000000234E+00     1.2913546463E-07
  272    -9.5999981535E+00     2.5117378511E-07
  273    -9.5999935992E+00     1.7331124554E-07
  274    -9.5843438099E+00     1.7171221216E-07
  275    -9.5843415162E+00     2.1087510300E-07
  276    -9.5843400143E+00     1.6543933896E-07
  277    -9.5792133553E+00     1.8776447711E-07
  278    -9.5792101482E+00     2.6595939433E-07
  279    -9.5477103031E+00     2.1878528747E-07
  280    -9.5477095386E+00     1.2487357103E-07
  281    -9.5477066567E+00     2.6310925580E-07
  282    -9.4907556212E+00     2.8902051169E-07
  283    -9.4907538969E+00     1.3695430959E-07
  284    -9.4907525710E+00     2.8274088013E-07
  285    -9.4626593602E+00     3.4914250762E-07
  286    -9.4626565698E+00     3.2842395530E-07
  287    -9.4425078217E+00     2.5153352535E-07
  288    -9.4425059073E+00     3.0000152150E-07
  289    -9.3322216475E+00     2.4213944454E-07
  290    -9.3322137375E+00     2.4468452776E-07
  291    -9.3322089042E+00     2.8986945603E-07
  292    -9.3293382139E+00     2.8836395894E-07
  293    -9.3293308632E+00     3.0908309973E-07
  294    -9.3293287273E+00     3.3182552416E-07
  295    -9.3266117000E+00     2.0790205883E-07
  296    -9.2493939941E+00     2.3034803291E-07
  297    -9.2493869362E+00     1.7778866174E-07
  298    -9.2493867071E+00     1.9371988892E-07
  299    -9.0469011735E+00     2.3691993168E-07
  300    -9.0468982032E+00     2.5380449825E-07
  301    -9.0468972316E+00     2.5480890638E-07
  302    -9.0441450447E+00     2.4485020697E-07
  303    -9.0441432716E+00     8.6946468228E-07
  304    -9.0441418555E+00     2.6578932308E-07
  305    -8.9790615031E+00     2.1360051638E-07
  306    -8.9790599656E+00     1.0503946683E-07
  307    -8.9790587300E+00     1.8670521934E-07
  308    -8.9147904020E+00     3.2091799264E-07
  309    -8.9147898323E+00     3.9513876368E-07
  310    -8.9147882611E+00     3.1470317758E-07
  311    -8.9079471587E+00     1.2455041376E-07
  312    -8.9079461563E+00     2.3750370559E-07
  313    -8.9079435724E+00     1.8484674821E-07
  314    -8.8221365700E+00     3.0898226215E-07
  315    -8.7293394723E+00     2.7413609704E-07
  316    -8.7293343482E+00     2.2262854372E-07
  317    -8.6864953417E+00     1.7083262839E-07
  318    -8.6686699244E+00     2.7990958774E-07
  319    -8.6686664199E+00     2.8756249566E-07
  320    -8.6395482071E+00     3.5081696445E-07
  321    -8.6153270858E+00     2.4549264626E-07
  322    -8.6153257471E+00     2.1046062011E-07
  323    -8.6153242376E+00     2.3902804850E-07
  324    -8.5650481778E+00     3.5875624985E-07
  325    -8.5650460078E+00     2.8554965744E-07
  326    -8.4897359482E+00     2.9578407236E-07
  327    -8.4897329469E+00     3.1485154471E-07
  328    -8.4852411840E+00     2.6926064212E-07
  329    -8.4852403670E+00     1.3725066813E-07
  330    -8.4852375227E+00     2.9607059964E-07
  331    -8.4692544074E+00     3.2875102998E-07
  332    -8.4446277779E+00     2.9249961234E-07
  333    -8.4446269703E+00     1.7162633393E-07
  334    -8.3675965803E+00     2.7027045725E-07
  335    -8.3316074402E+00     2.2597223600E-07
  336    -8.3316070380E+00     1.9408020117E-07
  337    -8.3316050821E+00     2.8585940366E-07
  338    -8.3139502564E+00     3.9844705527E-07
  339    -8.3139486199E+00     3.0986904161E-07
  340    -8.3139480987E+00     2.1319057634E-07
  341    -8.2544556813E+00     1.6999626384E-07
  342    -8.2544549154E+00     2.4570549029E-07
  343    -8.2544541162E+00     1.3212280148E-07
  344    -8.1996481688E+00     2.9434346245E-07
  345    -8.1732863356E+00     3.2076829733E-07
  346    -8.1732856604E+00     2.4895426420E-07
  347    -8.1732801698E+00     1.8611319564E-07
  348    -8.1717710407E+00     2.5107292786E-07
  349    -8.1717699379E+00     7.9201886522E-07
  350    -8.1717688543E+00     2.4117162796E-07
  351    -8.1507523557E+00     2.9577799924E-07
  352    -8.1507479086E+00     3.9520505659E-07
  353    -8.1507448274E+00     4.3817852432E-07
  354    -8.0800507253E+00     2.4823192948E-07
  355    -8.0800489505E+00     2.2040272873E-07
  356    -8.0541130934E+00     3.4057156989E-07
  357    -8.0541122771E+00     2.0779734528E-07
  358    -8.0541104466E+00     2.6712114883E-07
  359    -8.0411811298E+00     4.7375187972E-07
  360    -8.0411798921E+00     2.6532285002E-07
  361    -8.0411779948E+00     2.7677634026E-07
  362    -7.9699087340E+00     2.5859396225E-07
  363    -7.9699082133E+00     3.8675468442E-07
  364    -7.9699045302E+00     3.5144859761E-07
  365    -7.9116362970E+00     6.1828811531E-07
  366    -7.9116358303E+00     8.2038212589E-07
  367    -7.9116321886E+00     3.2264388476E-07
  368    -7.8952832695E+00     5.3719531607E-07
  369    -7.8952819795E+00     6.1884234339E-07
  370    -7.8952786817E+00     9.0622698035E-07
  371    -7.8110799061E+00     3.4047023680E-07
  372    -7.8110764592E+00     4.0583350525E-07
  373    -7.8110716560E+00     4.4265982945E-07
  374    -7.8076259493E+00     3.3075607228E-07
  375    -7.8076243547E+00     4.2710968825E-07
  376    -7.8076211963E+00     2.2167699243E-07
  377    -7.7625721302E+00     2.4563434571E-07
  378    -7.7625669169E+00     2.7935146494E-07
  379    -7.7625657176E+00     3.0200590516E-07
  380    -7.6423719893E+00     2.5900335284E-07
  381    -7.6423693756E+00     2.1964002285E-07
  382    -7.6423658637E+00     2.7699010710E-07
  383    -7.6333340498E+00     3.3071321861E-07
  384    -7.6333325149E+00     2.2102061321E-07
  385    -7.6333291152E+00     2.4760669213E-07
  386    -7.5016738597E+00     3.0971707814E-07
  387    -7.4833277166E+00     3.4633917556E-07
  388    -7.4833251063E+00     4.0758637886E-07
  389    -7.3441895513E+00     3.3462015634E-07
  390    -7.3441863229E+00     2.8793095867E-07
  391    -7.3441842542E+00     3.5027921562E-07
  392    -7.2656728585E+00     3.6599695395E-07
  393    -7.2526197498E+00     3.9568193362E-07
  394    -7.2526149532E+00     2.3070121328E-07
  395    -7.2526140656E+00     8.1569775932E-07
  396    -7.2230910004E+00     3.8765485020E-07
  397    -7.2230881962E+00     4.1085633618E-07
  398    -7.2039643654E+00     3.4937551747E-07
  399    -7.2039631422E+00     3.0784086927E-07
  400    -7.2039591208E+00     3.7541264366E-07
  401    -7.1557064899E+00     3.2762242952E-07
  402    -7.1557048497E+00     5.5154805267E-07
  403    -7.1557026369E+00     4.0840300842E-07
  404    -7.1202782315E+00     3.6084496910E-07
  405    -7.1078359384E+00     3.9048536022E-07
  406    -7.1078352547E+00     5.5876063892E-07
  407    -7.0884124638E+00     6.1765028395E-07
  408    -7.0884105680E+00     3.1795121554E-07
  409    -7.0884098336E+00     4.6182727489E-07
  410    -7.0786734669E+00     3.0261141585E-07
  411    -7.0786707927E+00     3.4100457293E-07
  412    -7.0786692319E+00     3.4714943111E-07
  413    -7.0683019481E+00     4.6271730553E-07
  414    -7.0682999211E+00     4.1032218181E-07
  415    -7.0138917195E+00     3.9668750737E-07
  416    -6.9716986805E+00     4.1891879470E-07
  417    -6.8056446139E+00     4.8985522155E-07
  418    -6.7733742393E+00     3.9753638960E-07
  419    -6.7733731713E+00     4.7649156183E-07
  420    -6.7733715866E+00     3.3583094610E-07
  421    -6.7366334079E+00     4.5809638807E-07
  422    -6.7366322270E+00     4.7199934748E-07
  423    -6.7338765794E+00     2.4117916118E-07
  424    -6.7338755743E+00     2.0744814672E-07
  425    -6.7338726302E+00     4.0449525924E-07
  426    -6.7070814491E+00     3.7741896260E-07
  427    -6.7070796522E+00     2.3158625774E-07
  428    -6.7070789024E+00     3.3371404361E-07
  429    -6.6857182878E+00     3.9664889794E-07
  430    -6.6857176643E+00     5.5047071111E-07
  431    -6.6857151433E+00     4.4895079855E-07
  432    -6.6700923297E+00     3.7000283711E-07
  433    -6.6700918506E+00     3.5754414109E-07
  434    -6.6700913535E+00     3.6590648124E-07
  435    -6.6238307703E+00     2.6077538126E-07
  436    -6.6238295158E+00     2.8891727406E-07
  437    -6.6238286675E+00     1.7278000180E-07
  438    -6.6106375031E+00     2.6072104913E-07
  439    -6.6106366159E+00     3.3334267220E-07
  440    -6.6106356556E+00     2.7195271497E-07
  441    -6.6097845774E+00     1.8463071923E-07
  442    -6.6097833091E+00     2.8556223066E-07
  443    -6.5897471364E+00     2.5298178701E-07
  444    -6.5897462251E+00     4.6097442586E-07
  445    -6.5897439734E+00     3.9485968640E-07
  446    -6.5636489280E+00     4.6239430664E-07
  447    -6.5636462441E+00     3.2582261778E-07
  448    -6.5636437040E+00     2.9526040595E-07
  449    -6.5553354810E+00     4.0471932911E-07
  450    -6.5553335478E+00     2.7642521796E-07
  451    -6.5553309790E+00     4.2019405695E-07
  452    -6.5462391580E+00     3.0657606069E-07
  453    -6.5462382894E+00     4.4267707163E-07
  454    -6.5462368052E+00     4.0376504786E-07
  455    -6.5221675300E+00     4.5003132621E-07
  456    -6.5221666731E+00     3.0956423422E-07
  457    -6.5221652011E+00     5.5015259843E-07
  458    -6.3204036302E+00     4.6170634359E-07
  459    -6.2451422341E+00     3.8447950880E-07
  460    -6.2451383339E+00     5.1935289063E-07
  461    -6.1920321414E+00     4.4385788990E-07
  462    -6.1920299851E+00     4.0780852951E-07
  463    -6.1920270033E+00     5.5122179552E-07
  464    -6.1807864280E+00     6.4170224958E-07
  465    -6.1807855475E+00     3.7542312448E-07
  466    -6.1807831732E+00     3.2100059000E-07
  467    -6.1721776317E+00     3.2217578269E-07
  468    -6.1721768135E+00     4.8424978047E-07
  469    -6.1721760340E+00     3.3392623860E-07
  470    -6.1577526623E+00     5.9494209616E-07
  471    -6.1199944619E+00     3.6353325236E-07
  472    -6.1199909504E+00     2.6914532801E-07
  473    -6.1199886070E+00     4.5091183417E-07
  474    -6.1147228970E+00     5.9390075068E-07
  475    -6.1147202653E+00     3.4262677123E-07
  476    -6.0430046730E+00     4.5669296654E-07
  477    -6.0430034480E+00     3.5875224972E-07
  478    -6.0186771978E+00     4.2777294849E-07
  479    -6.0186730568E+00     4.5458914885E-07
  480    -6.0186715755E+00     4.8001466057E-07
  481    -5.9985470219E+00     4.2011003399E-07
  482    -5.8788850744E+00     2.3531662795E-07
  483    -5.7993025651E+00     1.8528563740E-07
  484    -5.7993021877E+00     3.4330801211E-07
  485    -5.7993002006E+00     4.1740858643E-07
  486    -5.7918368719E+00     5.9140892220E-07
  487    -5.7206616308E+00     3.9686800348E-07
  488    -5.7206600510E+00     3.6649013581E-07
  489    -5.7206582454E+00     5.3856610683E-07
  490    -5.7084131760E+00     4.1561495346E-07
  491    -5.7084111633E+00     4.6402066492E-07
  492    -5.6929138232E+00     3.5272173908E-07
  493    -5.6929136607E+00     4.7333249722E-07
  494    -5.6929124729E+00     5.4573820192E-07
  495    -5.6563987775E+00     4.9055217147E-07
  496    -5.6563966711E+00     4.4070784476E-07
  497    -5.6563964787E+00     3.6538049808E-07
  498    -5.6501348017E+00     4.2237984039E-07
  499    -5.6501342633E+00     4.5693454942E-07
  500    -5.6501333303E+00     3.7984615754E-07
  501    -5.4825004144E+00     5.5126411184E-07
  502    -5.4824970208E+00     4.2030475863E-07
  503    -5.4503143216E+00     7.9532495412E-07
  504    -5.4503118418E+00     5.5848537369E-07
  505    -5.3987371884E+00     6.7713312078E-07
  506    -5.3569497502E+00     5.5313858411E-07
  507    -5.3569490930E+00     6.4910633788E-07
  508    -5.3569481712E+00     7.9513072286E-07
  509    -5.3289269817E+00     6.0131540931E-07
  510    -5.2824960206E+00     4.4811701907E-07
  511    -5.2824946477E+00     4.1099558367E-07
  512    -5.2734973683E+00     4.3732902365E-07
  513    -5.2272848695E+00     3.5330034493E-07
  514    -5.2272837555E+00     5.9128498887E-07
  515    -5.2272815003E+00     6.9285873594E-07
  516    -5.2066463453E+00     5.3448546326E-07
  517    -5.2066456711E+00     4.4525084721E-07
  518    -5.1869405246E+00     7.7016192550E-07
  519    -5.1869396415E+00     1.7370928724E-06
  520    -5.1869383729E+00     7.5736831255E-07
  521    -5.1765785216E+00     3.5191024194E-07
  522    -5.1652178855E+00     1.1016661891E-06
  523    -5.1652164181E+00     6.1100474108E-07
  524    -5.1652154292E+00     8.0396714800E-07
  525    -5.1567201074E+00     5.1952485434E-07
  526    -5.1567199650E+00     1.0085206863E-06
  527    -5.1567190285E+00     7.3267726448E-07
  528    -5.1505499000E+00     7.6026445088E-07
  529    -5.1505491384E+00     1.0805394009E-06
  530    -5.1505482769E+00     1.1718345483E-06
  531    -5.0471950349E+00     8.0494340576E-07
  532    -5.0471949082E+00     3.2863011025E-07
  533    -5.0471940823E+00     4.8543734295E-07
  534    -5.0313503936E+00     3.4335155492E-07
  535    -5.0313498338E+00     5.2663282601E-07
  536    -5.0313489786E+00     6.8362764538E-07
  537    -5.0132138978E+00     5.7913077821E-07
  538    -5.0132117555E+00     4.6273474179E-07
  539    -5.0104236714E+00     9.0679611430E-07
  540    -5.0104218264E+00     6.3451357234E-07
  541    -5.0104202964E+00     5.9017007364E-07
  542    -4.9735043997E+00     6.4698090281E-07
  543    -4.9735038259E+00     1.9720672881E-07
  544    -4.9735027328E+00     3.8303585699E-07
  545    -4.9456064262E+00     6.9218223959E-07
  546    -4.9456037411E+00     4.8049125683E-07
  547    -4.9456032261E+00     3.8101578661E-07
  548    -4.9155116312E+00     6.2561235389E-07
  549    -4.9155109356E+00     6.8518517798E-07
  550    -4.9155087915E+00     7.2320450999E-07
  551    -4.9036731303E+00     5.1501504870E-07
  552    -4.8990000054E+00     8.0137851153E-07
  553    -4.8989996200E+00     3.4726623288E-07
  554    -4.8989987921E+00     5.6909149521E-07
  555    -4.7967883937E+00     6.3811980822E-07
  556    -4.7967881641E+00     7.1582666442E-07
  557    -4.7372854572E+00     5.4877466041E-07
  558    -4.7372847000E+00     6.8850028311E-07
  559    -4.7372835851E+00     9.7451675125E-07
  560    -4.6867193414E+00     7.0978686023E-07
  561    -4.6867182275E+00     8.6724908463E-07
  562    -4.6867174578E+00     8.5191629971E-07
  563    -4.6542646467E+00     6.0034217764E-07
  564    -4.6542641884E+00     6.7444225294E-07
  565    -4.6542633757E+00     4.4634051003E-07
  566    -4.6410083282E+00     5.3635554878E-07
  567    -4.6410071068E+00     6.1184329383E-07
  568    -4.6410055687E+00     3.4779029422E-07
  569    -4.6355234384E+00     7.2707742996E-07
  570    -4.6355233775E+00     5.4237347432E-07
  571    -4.6355211215E+00     9.8755888665E-07
  572    -4.6232417922E+00     2.5518585606E-07
  573    -4.5640264032E+00     4.0930611187E-07
  574    -4.5640261688E+00     7.9747375575E-07
  575    -4.5640255974E+00     5.9184855630E-07
  576    -4.5600792133E+00     3.2890001683E-07
  577    -4.5600782585E+00     6.3316581142E-07
  578    -4.5600768988E+00     3.7084302056E-07
  579    -4.5573674019E+00     8.0405991743E-07
  580    -4.5573659299E+00     6.9916001572E-07
  581    -4.5497242477E+00     8.2139069334E-07
  582    -4.5497222904E+00     7.4208398396E-07
  583    -4.5497220468E+00     6.3231772876E-07
  584    -4.3246568596E+00     6.9782756492E-07
  585    -4.3246551425E+00     4.5062192807E-07
  586    -4.2740976703E+00     1.1017233232E-06
  587    -4.2380541906E+00     1.2187048146E-06
  588    -4.2380528368E+00     1.0218279568E-06
  589    -4.2380521259E+00     1.2789174542E-06
  590    -4.2274459861E+00     7.6616460059E-07
  591    -4.2274459399E+00     8.7307039750E-07
  592    -4.2274450238E+00     1.0816396508E-06
  593    -4.1700464790E+00     1.1635064834E-06
  594    -3.9830545879E+00     1.0583396818E-06
  595    -3.9830538589E+00     1.3907327207E-06
  596    -3.9830525214E+00     9.8093095126E-07
  597    -3.9708501131E+00     7.3026362243E-07
  598    -3.9708473318E+00     1.2564068258E-06
  599    -3.9708466053E+00     1.2963562483E-06
  600    -3.9530314575E+00     9.5002180174E-07
  601    -3.9530306431E+00     7.2287353415E-07
  602    -3.9530300353E+00     8.6549695189E-07
  603    -3.8959881453E+00     1.3482321025E-06
  604    -3.8959867418E+00     6.2397569324E-07
  605    -3.8959857018E+00     9.3021954591E-07
  606    -3.8753506318E+00     9.1841088524E-07
  607    -3.8753493066E+00     5.8358301829E-07
  608    -3.8753484777E+00     9.7772417463E-07
  609    -3.8513088994E+00     1.3411436320E-06
  610    -3.8071590397E+00     1.2093231487E-06
  611    -3.8071576855E+00     8.5521649416E-07
  612    -3.8071576406E+00     5.5997084830E-07
  613    -3.8007367868E+00     4.3802436015E-07
  614    -3.8007361196E+00     1.0890187500E-06
  615    -3.8007354870E+00     1.2660082313E-06
  616    -3.7820131436E+00     1.0951917610E-06
  617    -3.7630855886E+00     7.6155267938E-07
  618    -3.7630854252E+00     1.2674186774E-06
  619    -3.6835466000E+00     6.6161012770E-07
  620    -3.6204088910E+00     1.4231944169E-06
  621    -3.6204077329E+00     9.4803680591E-07
  622    -3.5905701140E+00     1.0124647277E-06
  623    -3.5905691500E+00     1.1736148919E-06
  624    -3.5690720597E+00     6.1735927548E-07
  625    -3.5690712429E+00     7.2312363742E-07
  626    -3.5690702062E+00     4.9210899648E-07
  627    -3.5644216920E+00     1.0164297576E-06
  628    -3.5644211057E+00     7.7570320049E-07
  629    -3.5644200415E+00     8.5662251589E-07
  630    -3.5269738030E+00     4.9587650268E-07
  631    -3.5269732171E+00     1.1608549227E-06
  632    -3.5269721283E+00     7.2328745637E-07
  633    -3.5114483601E+00     1.0665382079E-06
  634    -3.5114478225E+00     1.0201458086E-06
  635    -3.5114464070E+00     1.0546898148E-06
  636    -3.5079177668E+00     1.7096032138E-06
  637    -3.5079169467E+00     2.0059497388E-06
  638    -3.5079159920E+00     1.2901030592E-06
  639    -3.5019437871E+00     8.0174367115E-07
  640    -3.4976269200E+00     1.2392239627E-06
  641    -3.4976264657E+00     5.4562734413E-07
  642    -3.4390199741E+00     8.2766901706E-07
  643    -3.4084001912E+00     1.1073438246E-06
  644    -3.4083987251E+00     7.8501317857E-07
  645    -3.4083979257E+00     9.1800291374E-07
  646    -3.3952711751E+00     2.7056571367E-06
  647    -3.3952703773E+00     1.6290703959E-06
  648    -3.3952700171E+00     2.8004893090E-06
  649    -3.3744527656E+00     9.8241145800E-07
  650    -3.3744522941E+00     1.3236112151E-06
  651    -3.3744521532E+00     1.5786166475E-06
  652    -3.3534802514E+00     7.8923832606E-07
  653    -3.3520378069E+00     3.0433009531E-06
  654    -3.3520371894E+00     2.2975883669E-06
  655    -3.3520352263E+00     1.5419807459E-06
  656    -3.3277182279E+00     1.2877337744E-06
  657    -3.3277177995E+00     1.1319864425E-06
  658    -3.3277170478E+00     1.1457316694E-06
  659    -3.2858314483E+00     1.4990626603E-06
  660    -3.2858300048E+00     1.2631446689E-06
  661    -3.2430131163E+00     1.7561002193E-06
  662    -3.2430125670E+00     1.4393205574E-06
  663    -3.2430117434E+00     7.7056994449E-07
  664    -3.2385099437E+00     7.2615085111E-07
  665    -3.2385095240E+00     1.0695846996E-06
  666    -3.2193402947E+00     1.4207617555E-06
  667    -3.2193392309E+00     2.8013454321E-06
  668    -3.2193386245E+00     2.2059958385E-06
  669    -3.1177765634E+00     2.0179947718E-06
  670    -3.1126906301E+00     2.3648190404E-06
  671    -3.1126897714E+00     1.5814943926E-06
  672    -3.1126889544E+00     2.5079693508E-06
  673    -3.1091656962E+00     1.1914549947E-06
  674    -3.1091653207E+00     9.9582308619E-07
  675    -3.1091642652E+00     1.3774097381E-06
  676    -3.1089626791E+00     2.8894961076E-06
  677    -3.0120826701E+00     1.7240941916E-06
  678    -3.0120822509E+00     1.5128948209E-06
  679    -2.9547577635E+00     1.3331320178E-06
  680    -2.9547573880E+00     1.6537301019E-06
  681    -2.8340050803E+00     2.3352510271E-06
  682    -2.8288784379E+00     1.8483675634E-06
  683    -2.8288769947E+00     1.8650438462E-06
  684    -2.8130822964E+00     1.0437139933E-06
  685    -2.8130812654E+00     1.9147921018E-06
  686    -2.8130759081E+00     7.8230663712E-07
  687    -2.8130758218E+00     1.9023179727E-06
  688    -2.8130741463E+00     2.4305950548E-06
  689    -2.8088804501E+00     1.8130034183E-06
  690    -2.8088799653E+00     9.0067557199E-07
  691    -2.8088797508E+00     1.6139639371E-06
  692    -2.8008358916E+00     1.5352220598E-06
  693    -2.7854546314E+00     1.2233702574E-06
  694    -2.7854539506E+00     1.5808499424E-06
  695    -2.7854526719E+00     1.8474816267E-06
  696    -2.7841626369E+00     1.2987584054E-06
  697    -2.7841608906E+00     1.4564749151E-06
  698    -2.7841599202E+00     1.3349555841E-06
  699    -2.7357199769E+00     2.1001266011E-06
  700    -2.7357194748E+00     1.3611302333E-06
  701    -2.7357188893E+00     2.2807353415E-06
  702    -2.7326914401E+00     1.2676550604E-06
  703    -2.7326910245E+00     1.1976967154E-06
  704    -2.7326906734E+00     1.9346551363E-06
  705    -2.6939206493E+00     2.2000523303E-06
  706    -2.6939205031E+00     1.7337378876E-06
  707    -2.6939198157E+00     1.5165276536E-06
  708    -2.6457348333E+00     2.3397336750E-06
  709    -2.6403890673E+00     1.8295770840E-06
  710    -2.6403883797E+00     1.9587593409E-06
  711    -2.6403871892E+00     2.2130761680E-06
  712    -2.4773187599E+00     2.4217809077E-06
  713    -2.4773183806E+00     4.1130301041E-06
  714    -2.4773180636E+00     2.6102820859E-06
  715    -2.4521147864E+00     1.5014458716E-06
  716    -2.4521137331E+00     4.9057419342E-06
  717    -2.4406144166E+00     3.5491974446E-06
  718    -2.4406140787E+00     5.0630312296E-06
  719    -2.4406133953E+00     3.3789186113E-06
  720    -2.3861996859E+00     2.9598157639E-06
  721    -2.3861992581E+00     2.6773303470E-06
  722    -2.3861988393E+00     3.0620103900E-06
  723    -2.2899119492E+00     3.1022027688E-06
  724    -2.2899118041E+00     1.4639011731E-06
  725    -2.2899115900E+00     2.5625615947E-06
  726    -2.2808426190E+00     2.7183128043E-06
  727    -2.2799677568E+00     2.0846615165E-06
  728    -2.2799673530E+00     2.8031689246E-06
  729    -2.2799666298E+00     2.3905960611E-06
  730    -2.2598279289E+00     3.5254453949E-06
  731    -2.2598271616E+00     1.6092369700E-06
  732    -2.2598267219E+00     2.9146543058E-06
  733    -2.2469997912E+00     2.7713779511E-06
  734    -2.2469986727E+00     2.1587111125E-06
  735    -2.2352998267E+00     1.7671067242E-06
  736    -2.2134297749E+00     2.5427722459E-06
  737    -2.1929105009E+00     4.0667896271E-06
  738    -2.1929101189E+00     3.7380556771E-06
  739    -2.1661927599E+00     5.1776179039E-06
  740    -2.1661922778E+00     3.8153566718E-06
  741    -2.1661919917E+00     3.9008366053E-06
  742    -2.1468868788E+00     4.1607306275E-06
  743    -2.1468864969E+00     2.9727451766E-06
  744    -2.1468862340E+00     2.4727352121E-06
  745    -2.1426839936E+00     1.9252764255E-06
  746    -2.1426831427E+00     2.1384361155E-06
  747    -2.1426828361E+00     6.0962841272E-06
  748    -2.1080078296E+00     1.8495250012E-06
  749    -2.1015192705E+00     5.8026369334E-06
  750    -2.1015187268E+00     3.7161209455E-06
  751    -2.1015178315E+00     3.6772156888E-06
  752    -2.0796957242E+00     2.6243165398E-06
  753    -2.0796948529E+00     2.9385479326E-06
  754    -2.0625932585E+00     2.9068058455E-06
  755    -2.0625929547E+00     6.9405713287E-06
  756    -2.0625927139E+00     3.8367970167E-06
  757    -2.0334156873E+00     3.7843457666E-06
  758    -2.0334150814E+00     3.2514709718E-06
  759    -2.0334149111E+00     3.1915097073E-06
  760    -2.0096020295E+00     6.7655909149E-06
  761    -2.0096006771E+00     5.7993606762E-06
  762    -1.9466394318E+00     2.8264338248E-06
  763    -1.9349601872E+00     3.3775587760E-06
  764    -1.9349598264E+00     3.5935778152E-06
  765    -1.9349591284E+00     3.7351151656E-06
  766    -1.9005623860E+00     2.9342948851E-06
  767    -1.9005618186E+00     2.3044840815E-06
  768    -1.8936372038E+00     2.3983306986E-06
  769    -1.8936368381E+00     2.9226932413E-06
  770    -1.8936362521E+00     2.2707942102E-06
  771    -1.8863979508E+00     3.6464271357E-06
  772    -1.8863978021E+00     2.4664093992E-06
  773    -1.8863976045E+00     2.2274127213E-06
  774    -1.8825399930E+00     2.8957406024E-06
  775    -1.8825395534E+00     1.9685972701E-06
  776    -1.8825386549E+00     3.3568100152E-06
  777    -1.8187146836E+00     4.3366342767E-06
  778    -1.8187139241E+00     4.3816695801E-06
  779    -1.8096266440E+00     6.9296011665E-06
  780    -1.8096264419E+00     3.5259516576E-06
  781    -1.8096262310E+00     4.5853405643E-06
  782    -1.7807551668E+00     4.4462528000E-06
  783    -1.7807548615E+00     4.5805958036E-06
  784    -1.7807544416E+00     5.4718369473E-06
  785    -1.7789348709E+00     2.8416047003E-06
  786    -1.6599097070E+00     3.8800018603E-06
  787    -1.6599093307E+00     4.3837652151E-06
  788    -1.6599086651E+00     4.5114830740E-06
  789    -1.6546178193E+00     6.5596495566E-06
  790    -1.6546173773E+00     5.8727173303E-06
  791    -1.6302830133E+00     5.7758731455E-06
  792    -1.6302824215E+00     5.3282481534E-06
  793    -1.6302822721E+00     5.6715717276E-06
  794    -1.6247429542E+00     5.1951803312E-06
  795    -1.6247422491E+00     5.0223980554E-06
  796    -1.6247418501E+00     3.3574742919E-06
  797    -1.6030999589E+00     6.0124552548E-06
  798    -1.6030995761E+00     7.6767446018E-06
  799    -1.6030992735E+00     1.0125908187E-05
  800    -1.5971689530E+00     4.3668978666E-06
  801    -1.5971686266E+00     4.8819015692E-06
  802    -1.5971682554E+00     5.6739564899E-06
  803    -1.5666540908E+00     4.4588946217E-06
  804    -1.5587856918E+00     7.5408631235E-06
  805    -1.5587852377E+00     7.1484981754E-06
  806    -1.5587850211E+00     4.4270019221E-06
  807    -1.5156380602E+00     6.8169343982E-06
  808    -1.5095191580E+00     4.3187161350E-06
  809    -1.5095189613E+00     7.1088595948E-06
  810    -1.5095183921E+00     3.8156418474E-06
  811    -1.4127884479E+00     6.4263455777E-06
  812    -1.4127880701E+00     5.0558930016E-06
  813    -1.4127875998E+00     5.7614365344E-06
  814    -1.3605253230E+00     6.5820533006E-06
  815    -1.3605248340E+00     6.7484731322E-06
  816    -1.3605245712E+00     6.5457197670E-06
  817    -1.3397425705E+00     7.7033700796E-06
  818    -1.3397419747E+00     1.0057617160E-05
  819    -1.2715069936E+00     7.9784708405E-06
  820    -1.2715068365E+00     7.4875529664E-06
  821    -1.2715067126E+00     8.3684755592E-06
  822    -1.2222061803E+00     7.7660488217E-06
  823    -1.2222058723E+00     1.0856059541E-05
  824    -1.2222054440E+00     8.2926076834E-06
  825    -1.2047679846E+00     8.9587236650E-06
  826    -1.2047674907E+00     6.2978962227E-06
  827    -1.2047672053E+00     7.2564391022E-06
  828    -1.1413547318E+00     1.1815769580E-05
  829    -1.1387297669E+00     2.8424365193E-05
  830    -1.1387293447E+00     1.7454048879E-05
  831    -1.1387290170E+00     1.2758250010E-05
  832    -1.1041778346E+00     1.3085048684E-05
  833    -1.1041776377E+00     1.2989524307E-05
  834    -1.0880435236E+00     1.4144227537E-05
  835    -1.0880431612E+00     8.0097456285E-06
  836    -1.0880431241E+00     1.3840721339E-05
  837    -1.0715029235E+00     2.0337408996E-05
  838    -1.0715026161E+00     8.9695353806E-06
  839    -1.0715024081E+00     1.5557933399E-05
  840    -1.0575710993E+00     7.1518680916E-06
  841    -1.0412780801E+00     1.4198868610E-05
  842    -1.0412779032E+00     2.0602123212E-05
  843    -1.0412775541E+00     3.8690349309E-05
  844    -1.0170811482E+00     1.1520024367E-05
  845    -1.0170810174E+00     6.3610676294E-06
  846    -1.0170806260E+00     1.3340233028E-05
  847    -1.0024617652E+00     1.4685942782E-05
  848    -1.0024615906E+00     1.5545018037E-05
  849    -9.6044720852E-01     6.9747208514E-06
  850    -9.2063631218E-01     1.7981981585E-05
  851    -9.0931036514E-01     1.1923772011E-05
  852    -9.0931027278E-01     1.7378996102E-05
  853    -8.7372907602E-01     1.8435388700E-05
  854    -8.7372889630E-01     1.5732592326E-05
  855    -8.7372841419E-01     1.7674964906E-05
  856    -8.6374627907E-01     4.0242426613E-05
  857    -8.6374519706E-01     2.7960728877E-05
  858    -8.5940169997E-01     3.0900182212E-05
  859    -8.5940123685E-01     2.1966369489E-05
  860    -8.5940111461E-01     1.4311918360E-05
  861    -8.4943233579E-01     1.5587159391E-05
  862    -8.0066041167E-01     2.4738052183E-05
  863    -7.8107381402E-01     2.3918326828E-05
  864    -7.8107346321E-01     1.4716675885E-05
  865    -7.8107340616E-01     2.0049102376E-05
  866    -7.8088823947E-01     2.0998110601E-05
  867    -7.8088818689E-01     1.6758793531E-05
  868    -7.8088804651E-01     9.9081403023E-06
  869    -7.4555148689E-01     2.3155220797E-05
  870    -7.4555142189E-01     1.0588570339E-05
  871    -7.4286575613E-01     8.5461824959E-06
  872    -7.4286551088E-01     2.0442554622E-05
  873    -7.4286514347E-01     2.2327976346E-05
  874    -7.4046038627E-01     3.0951242276E-05
  875    -7.4046006778E-01     3.3011209561E-05
  876    -7.4045992218E-01     3.4165294972E-05
  877    -6.9231512232E-01     3.1589697893E-05
  878    -6.9231498632E-01     3.1645146922E-05
  879    -6.9231487692E-01     3.8637683028E-05
  880    -6.9170445815E-01     3.4386853240E-05
  881    -6.9170437160E-01     2.1575842699E-05
  882    -6.2135941907E-01     4.8176460513E-05
  883    -6.1975839777E-01     4.6914348267E-05
  884    -6.1975815001E-01     5.1073835239E-05
  885    -6.1975801123E-01     5.3724054248E-05
  886    -5.9877155214E-01     2.6436888467E-05
  887    -5.9877147007E-01     3.2236385045E-05
  888    -5.9877141761E-01     1.4985311936E-05
  889    -5.9855808637E-01     2.1964225140E-05
  890    -5.9855799689E-01     2.7830105979E-05
  891    -5.9855796610E-01     2.0997205620E-05
  892    -5.7746295537E-01     2.9271920252E-05
  893    -5.5082361127E-01     3.9729229362E-05
  894    -5.5082348464E-01     2.1655141185E-05
  895    -5.5082334921E-01     2.4267044400E-05
  896    -5.5073180856E-01     3.3957361160E-05
  897    -5.5073169882E-01     4.5331317314E-05
  898    -5.3396495880E-01     4.9177871645E-05
  899    -5.3396488128E-01     6.5138816298E-05
  900    -5.3396480722E-01     5.3972081513E-05
  901    -5.2091967687E-01     5.4353389388E-05
  902    -5.2091962438E-01     6.6376646456E-05
  903    -5.2091951135E-01     5.7396637254E-05
  904    -4.7259634731E-01     4.7892666945E-05
  905    -4.7259608395E-01     5.3052116237E-05
  906    -4.7259565467E-01     5.6344963081E-05
  907    -4.7115028493E-01     3.6941239760E-05
  908    -4.7115012044E-01     3.0158987552E-05
  909    -4.6893204279E-01     7.7883116532E-05
  910    -4.6517558739E-01     3.7426765411E-05
  911    -4.6517533945E-01     3.2664436439E-05
  912    -4.6517519004E-01     4.9649626642E-05
  913    -4.4142584626E-01     7.7347486447E-05
  914    -4.4142550203E-01     5.4508038394E-05
  915    -4.4142529371E-01     6.9337113313E-05
  916    -4.2679560308E-01     9.3651884708E-05
  917    -4.2679538624E-01     4.7253020726E-05
  918    -3.6961024394E-01     4.1179874928E-05
  919    -3.6961015239E-01     5.4349412431E-05
  920    -3.6961004140E-01     7.5894104823E-05
  921    -3.6883966221E-01     1.3324303112E-04
  922    -3.6883958603E-01     6.4404657159E-05
  923    -3.6883922831E-01     1.8457591469E-04
  924    -3.3922972812E-01     1.1731878267E-04
  925    -3.3922956922E-01     6.5916183132E-05
  926    -3.3922910164E-01     1.1609769346E-04
  927    -3.1999474799E-01     2.6785793671E-04
  928    -3.1999456949E-01     1.8319946751E-04
  929    -3.1999428999E-01     1.0397978902E-04
  930    -3.1057556046E-01     1.1403971627E-04
  931    -3.1057539582E-01     1.2117436185E-04
  932    -2.9112772114E-01     1.6540060401E-04
  933    -2.9112734588E-01     1.4356108186E-04
  934    -2.7559629537E-01     1.2504937336E-04
  935    -2.7559616056E-01     8.6323204108E-05
  936    -2.7559604045E-01     1.5593950103E-04
  937    -2.5439561852E-01     2.5379687822E-04
  938    -2.5439538557E-01     1.7481583146E-04
  939    -2.5439526267E-01     2.4057943336E-04
  940    -2.4739776334E-01     2.6082828922E-04
  941    -2.4739765750E-01     1.9965729571E-04
  942    -2.4739743045E-01     1.7442458762E-04
  943    -2.4370826372E-01     2.2549745925E-04
  944    -2.4370820428E-01     1.1118566508E-04
  945    -2.4370807416E-01     2.7374596795E-04
  946    -2.1629678749E-01     2.3447900624E-04
  947    -2.1043429063E-01     3.0919819271E-04
  948    -2.1043417615E-01     2.0482306443E-04
  949    -2.1043397194E-01     4.0993729091E-04
  950    -2.0486883578E-01     3.6994730370E-04
  951    -1.7221795504E-01     6.8132060273E-04
  952    -1.6692046034E-01     6.5118817967E-04
  953    -1.6692011695E-01     9.6644125032E-04
  954    -1.4373166433E-01     4.8678409807E-04
  955    -1.4373162642E-01     5.1356727888E-04
  956    -1.4373153071E-01     6.3813737788E-04
  957    -1.2344839439E-01     8.2218444869E-04
  958    -1.0161307160E-01     1.5904662594E-03
  959    -1.0161288397E-01     1.1644220559E-03
  960    -1.0161262406E-01     1.5006523508E-03
  961    -7.5616022963E-02     2.3750437172E-03
  962    -7.5615910810E-02     9.5535527531E-04
  963    -7.5615757059E-02     2.3216873735E-03
  964    -6.6075249195E-02     2.9011664494E-03
  965    -6.6075065588E-02     1.2190550248E-03
  966    -6.6074923673E-02     3.2016446679E-03
  967    -3.0120878122E-02     3.1574352237E-02
  968    -3.0120381562E-02     1.3589927632E-02
  969    -3.0120168140E-02     3.1641637737E-02
  970    -2.9584744293E-02     2.8052509667E-02
  971    -8.9423392911E-03     2.7908652994E-01
  972    -8.9419223157E-03     2.8189190011E-01
  973    -8.9413802999E-03     3.0284756226E-01
  974     2.3523747681E-03     2.1611371687E+00
  975     1.3543604884E-02     1.5834388750E-01
  976     1.5750297698E-02     1.2156352443E-01
  977     1.5750600605E-02     1.4426992437E-01
  978     1.5750611432E-02     6.7910017786E-02
  979     1.8103368007E-02     7.3626508659E-02
  980     1.8103523863E-02     1.3888322131E-01
  981     1.8835062355E-02     1.0009941437E-01
  982     1.8835146154E-02     7.6663440995E-02
  983     1.8835665022E-02     8.4420076964E-02
  984     2.6736846185E-02     3.6204873620E-02
  985     2.9847153628E-02     3.4225744717E-02
  986     2.9847412226E-02     9.4832663563E-03
  987     2.9847464593E-02     3.0670903296E-02
  988     2.9913525941E-02     2.6073466702E-02
  989     2.9913881847E-02     2.1382780756E-02
  990     2.9914056060E-02     3.6558998553E-02
  991     3.2456555026E-02     1.5983144042E-02
  992     3.2456715709E-02     2.6484796183E-02
  993     3.7102774132E-02     1.4079554273E-02
  994     3.7102810821E-02     1.5468912025E-02
  995     3.7102940363E-02     1.3769959336E-02
  996     3.8617714107E-02     2.1483280369E-02
  997     4.0493683260E-02     7.2715365904E-03
  998     4.0493848854E-02     1.0233541990E-02
  999     4.0493953063E-02     9.0898951775E-03
 1000     4.1425826263E-02     1.3509398119E-02
 1001     4.1426030037E-02     2.2247272108E-02
 1002     4.1426295618E-02     1.3450813737E-02
 1003     4.2046635468E-02     1.7190387649E-02
 1004     4.2047243107E-02     1.3961284174E-02
 1005     4.6452480463E-02     1.3081913922E-02


 TOTAL TIME = 14432 [s]
