===============================================================================
 RRRRR  SSSSS  H   H  RRRRR    Zbigniew ROMANOWSKI                             
 R   R  S      H   H  R   R                                                    
 RRRRR  SSSSS  HHHHH  RRRRR    version: 5.4                                    
 R  R       S  H   H  R  R                                                     
 R   R  SSSSS  H   H  R   R    compilation date: Dec  8 2012 (20:50:40)                       
===============================================================================

PEs = 3072

----INITIALIZATION----========================================================
DOMAIN:
    BsplDeg = 3, CubatOrder = 5, CubatNodeNo = 125
    h = 1.666667E-01
    Nx = 270,    Ny = 270,   Nz = 270
    X0 = -2.000000E+01,    Xmax = 2.500001E+01
    Y0 = -2.000000E+01,    Ymax = 2.500001E+01
    Z0 = -2.000000E+01,    Zmax = 2.500001E+01

NUMBER OF 'ATOMS' = 125
    Soft-r^4(d,a)=(-2.00, 0.10) at (x,y,z) = ( 0.00, 0.00, 0.00)
    Soft-r^4(d,a)=(-2.00, 0.10) at (x,y,z) = ( 0.00, 0.00, 1.30)
    Soft-r^4(d,a)=(-2.00, 0.10) at (x,y,z) = ( 0.00, 0.00, 2.60)
    Soft-r^4(d,a)=(-2.00, 0.10) at (x,y,z) = ( 0.00, 0.00, 3.90)
    Soft-r^4(d,a)=(-2.00, 0.10) at (x,y,z) = ( 0.00, 0.00, 5.20)
    Soft-r^4(d,a)=(-2.00, 0.10) at (x,y,z) = ( 0.00, 1.30, 0.00)
    Soft-r^4(d,a)=(-2.00, 0.10) at (x,y,z) = ( 0.00, 1.30, 1.30)
    Soft-r^4(d,a)=(-2.00, 0.10) at (x,y,z) = ( 0.00, 1.30, 2.60)
    Soft-r^4(d,a)=(-2.00, 0.10) at (x,y,z) = ( 0.00, 1.30, 3.90)
    Soft-r^4(d,a)=(-2.00, 0.10) at (x,y,z) = ( 0.00, 1.30, 5.20)
    Soft-r^4(d,a)=(-2.00, 0.10) at (x,y,z) = ( 0.00, 2.60, 0.00)
    Soft-r^4(d,a)=(-2.00, 0.10) at (x,y,z) = ( 0.00, 2.60, 1.30)
    Soft-r^4(d,a)=(-2.00, 0.10) at (x,y,z) = ( 0.00, 2.60, 2.60)
    Soft-r^4(d,a)=(-2.00, 0.10) at (x,y,z) = ( 0.00, 2.60, 3.90)
    Soft-r^4(d,a)=(-2.00, 0.10) at (x,y,z) = ( 0.00, 2.60, 5.20)
    Soft-r^4(d,a)=(-2.00, 0.10) at (x,y,z) = ( 0.00, 3.90, 0.00)
    Soft-r^4(d,a)=(-2.00, 0.10) at (x,y,z) = ( 0.00, 3.90, 1.30)
    Soft-r^4(d,a)=(-2.00, 0.10) at (x,y,z) = ( 0.00, 3.90, 2.60)
    Soft-r^4(d,a)=(-2.00, 0.10) at (x,y,z) = ( 0.00, 3.90, 3.90)
    Soft-r^4(d,a)=(-2.00, 0.10) at (x,y,z) = ( 0.00, 3.90, 5.20)
    Soft-r^4(d,a)=(-2.00, 0.10) at (x,y,z) = ( 0.00, 5.20, 0.00)
    Soft-r^4(d,a)=(-2.00, 0.10) at (x,y,z) = ( 0.00, 5.20, 1.30)
    Soft-r^4(d,a)=(-2.00, 0.10) at (x,y,z) = ( 0.00, 5.20, 2.60)
    Soft-r^4(d,a)=(-2.00, 0.10) at (x,y,z) = ( 0.00, 5.20, 3.90)
    Soft-r^4(d,a)=(-2.00, 0.10) at (x,y,z) = ( 0.00, 5.20, 5.20)
    Soft-r^4(d,a)=(-2.00, 0.10) at (x,y,z) = ( 1.30, 0.00, 0.00)
    Soft-r^4(d,a)=(-2.00, 0.10) at (x,y,z) = ( 1.30, 0.00, 1.30)
    Soft-r^4(d,a)=(-2.00, 0.10) at (x,y,z) = ( 1.30, 0.00, 2.60)
    Soft-r^4(d,a)=(-2.00, 0.10) at (x,y,z) = ( 1.30, 0.00, 3.90)
    Soft-r^4(d,a)=(-2.00, 0.10) at (x,y,z) = ( 1.30, 0.00, 5.20)
    Soft-r^4(d,a)=(-2.00, 0.10) at (x,y,z) = ( 1.30, 1.30, 0.00)
    Soft-r^4(d,a)=(-2.00, 0.10) at (x,y,z) = ( 1.30, 1.30, 1.30)
    Soft-r^4(d,a)=(-2.00, 0.10) at (x,y,z) = ( 1.30, 1.30, 2.60)
    Soft-r^4(d,a)=(-2.00, 0.10) at (x,y,z) = ( 1.30, 1.30, 3.90)
    Soft-r^4(d,a)=(-2.00, 0.10) at (x,y,z) = ( 1.30, 1.30, 5.20)
    Soft-r^4(d,a)=(-2.00, 0.10) at (x,y,z) = ( 1.30, 2.60, 0.00)
    Soft-r^4(d,a)=(-2.00, 0.10) at (x,y,z) = ( 1.30, 2.60, 1.30)
    Soft-r^4(d,a)=(-2.00, 0.10) at (x,y,z) = ( 1.30, 2.60, 2.60)
    Soft-r^4(d,a)=(-2.00, 0.10) at (x,y,z) = ( 1.30, 2.60, 3.90)
    Soft-r^4(d,a)=(-2.00, 0.10) at (x,y,z) = ( 1.30, 2.60, 5.20)
    Soft-r^4(d,a)=(-2.00, 0.10) at (x,y,z) = ( 1.30, 3.90, 0.00)
    Soft-r^4(d,a)=(-2.00, 0.10) at (x,y,z) = ( 1.30, 3.90, 1.30)
    Soft-r^4(d,a)=(-2.00, 0.10) at (x,y,z) = ( 1.30, 3.90, 2.60)
    Soft-r^4(d,a)=(-2.00, 0.10) at (x,y,z) = ( 1.30, 3.90, 3.90)
    Soft-r^4(d,a)=(-2.00, 0.10) at (x,y,z) = ( 1.30, 3.90, 5.20)
    Soft-r^4(d,a)=(-2.00, 0.10) at (x,y,z) = ( 1.30, 5.20, 0.00)
    Soft-r^4(d,a)=(-2.00, 0.10) at (x,y,z) = ( 1.30, 5.20, 1.30)
    Soft-r^4(d,a)=(-2.00, 0.10) at (x,y,z) = ( 1.30, 5.20, 2.60)
    Soft-r^4(d,a)=(-2.00, 0.10) at (x,y,z) = ( 1.30, 5.20, 3.90)
    Soft-r^4(d,a)=(-2.00, 0.10) at (x,y,z) = ( 1.30, 5.20, 5.20)
    Soft-r^4(d,a)=(-2.00, 0.10) at (x,y,z) = ( 2.60, 0.00, 0.00)
    Soft-r^4(d,a)=(-2.00, 0.10) at (x,y,z) = ( 2.60, 0.00, 1.30)
    Soft-r^4(d,a)=(-2.00, 0.10) at (x,y,z) = ( 2.60, 0.00, 2.60)
    Soft-r^4(d,a)=(-2.00, 0.10) at (x,y,z) = ( 2.60, 0.00, 3.90)
    Soft-r^4(d,a)=(-2.00, 0.10) at (x,y,z) = ( 2.60, 0.00, 5.20)
    Soft-r^4(d,a)=(-2.00, 0.10) at (x,y,z) = ( 2.60, 1.30, 0.00)
    Soft-r^4(d,a)=(-2.00, 0.10) at (x,y,z) = ( 2.60, 1.30, 1.30)
    Soft-r^4(d,a)=(-2.00, 0.10) at (x,y,z) = ( 2.60, 1.30, 2.60)
    Soft-r^4(d,a)=(-2.00, 0.10) at (x,y,z) = ( 2.60, 1.30, 3.90)
    Soft-r^4(d,a)=(-2.00, 0.10) at (x,y,z) = ( 2.60, 1.30, 5.20)
    Soft-r^4(d,a)=(-2.00, 0.10) at (x,y,z) = ( 2.60, 2.60, 0.00)
    Soft-r^4(d,a)=(-2.00, 0.10) at (x,y,z) = ( 2.60, 2.60, 1.30)
    Soft-r^4(d,a)=(-2.00, 0.10) at (x,y,z) = ( 2.60, 2.60, 2.60)
    Soft-r^4(d,a)=(-2.00, 0.10) at (x,y,z) = ( 2.60, 2.60, 3.90)
    Soft-r^4(d,a)=(-2.00, 0.10) at (x,y,z) = ( 2.60, 2.60, 5.20)
    Soft-r^4(d,a)=(-2.00, 0.10) at (x,y,z) = ( 2.60, 3.90, 0.00)
    Soft-r^4(d,a)=(-2.00, 0.10) at (x,y,z) = ( 2.60, 3.90, 1.30)
    Soft-r^4(d,a)=(-2.00, 0.10) at (x,y,z) = ( 2.60, 3.90, 2.60)
    Soft-r^4(d,a)=(-2.00, 0.10) at (x,y,z) = ( 2.60, 3.90, 3.90)
    Soft-r^4(d,a)=(-2.00, 0.10) at (x,y,z) = ( 2.60, 3.90, 5.20)
    Soft-r^4(d,a)=(-2.00, 0.10) at (x,y,z) = ( 2.60, 5.20, 0.00)
    Soft-r^4(d,a)=(-2.00, 0.10) at (x,y,z) = ( 2.60, 5.20, 1.30)
    Soft-r^4(d,a)=(-2.00, 0.10) at (x,y,z) = ( 2.60, 5.20, 2.60)
    Soft-r^4(d,a)=(-2.00, 0.10) at (x,y,z) = ( 2.60, 5.20, 3.90)
    Soft-r^4(d,a)=(-2.00, 0.10) at (x,y,z) = ( 2.60, 5.20, 5.20)
    Soft-r^4(d,a)=(-2.00, 0.10) at (x,y,z) = ( 3.90, 0.00, 0.00)
    Soft-r^4(d,a)=(-2.00, 0.10) at (x,y,z) = ( 3.90, 0.00, 1.30)
    Soft-r^4(d,a)=(-2.00, 0.10) at (x,y,z) = ( 3.90, 0.00, 2.60)
    Soft-r^4(d,a)=(-2.00, 0.10) at (x,y,z) = ( 3.90, 0.00, 3.90)
    Soft-r^4(d,a)=(-2.00, 0.10) at (x,y,z) = ( 3.90, 0.00, 5.20)
    Soft-r^4(d,a)=(-2.00, 0.10) at (x,y,z) = ( 3.90, 1.30, 0.00)
    Soft-r^4(d,a)=(-2.00, 0.10) at (x,y,z) = ( 3.90, 1.30, 1.30)
    Soft-r^4(d,a)=(-2.00, 0.10) at (x,y,z) = ( 3.90, 1.30, 2.60)
    Soft-r^4(d,a)=(-2.00, 0.10) at (x,y,z) = ( 3.90, 1.30, 3.90)
    Soft-r^4(d,a)=(-2.00, 0.10) at (x,y,z) = ( 3.90, 1.30, 5.20)
    Soft-r^4(d,a)=(-2.00, 0.10) at (x,y,z) = ( 3.90, 2.60, 0.00)
    Soft-r^4(d,a)=(-2.00, 0.10) at (x,y,z) = ( 3.90, 2.60, 1.30)
    Soft-r^4(d,a)=(-2.00, 0.10) at (x,y,z) = ( 3.90, 2.60, 2.60)
    Soft-r^4(d,a)=(-2.00, 0.10) at (x,y,z) = ( 3.90, 2.60, 3.90)
    Soft-r^4(d,a)=(-2.00, 0.10) at (x,y,z) = ( 3.90, 2.60, 5.20)
    Soft-r^4(d,a)=(-2.00, 0.10) at (x,y,z) = ( 3.90, 3.90, 0.00)
    Soft-r^4(d,a)=(-2.00, 0.10) at (x,y,z) = ( 3.90, 3.90, 1.30)
    Soft-r^4(d,a)=(-2.00, 0.10) at (x,y,z) = ( 3.90, 3.90, 2.60)
    Soft-r^4(d,a)=(-2.00, 0.10) at (x,y,z) = ( 3.90, 3.90, 3.90)
    Soft-r^4(d,a)=(-2.00, 0.10) at (x,y,z) = ( 3.90, 3.90, 5.20)
    Soft-r^4(d,a)=(-2.00, 0.10) at (x,y,z) = ( 3.90, 5.20, 0.00)
    Soft-r^4(d,a)=(-2.00, 0.10) at (x,y,z) = ( 3.90, 5.20, 1.30)
    Soft-r^4(d,a)=(-2.00, 0.10) at (x,y,z) = ( 3.90, 5.20, 2.60)
    Soft-r^4(d,a)=(-2.00, 0.10) at (x,y,z) = ( 3.90, 5.20, 3.90)
    Soft-r^4(d,a)=(-2.00, 0.10) at (x,y,z) = ( 3.90, 5.20, 5.20)
    Soft-r^4(d,a)=(-2.00, 0.10) at (x,y,z) = ( 5.20, 0.00, 0.00)
    Soft-r^4(d,a)=(-2.00, 0.10) at (x,y,z) = ( 5.20, 0.00, 1.30)
    Soft-r^4(d,a)=(-2.00, 0.10) at (x,y,z) = ( 5.20, 0.00, 2.60)
    Soft-r^4(d,a)=(-2.00, 0.10) at (x,y,z) = ( 5.20, 0.00, 3.90)
    Soft-r^4(d,a)=(-2.00, 0.10) at (x,y,z) = ( 5.20, 0.00, 5.20)
    Soft-r^4(d,a)=(-2.00, 0.10) at (x,y,z) = ( 5.20, 1.30, 0.00)
    Soft-r^4(d,a)=(-2.00, 0.10) at (x,y,z) = ( 5.20, 1.30, 1.30)
    Soft-r^4(d,a)=(-2.00, 0.10) at (x,y,z) = ( 5.20, 1.30, 2.60)
    Soft-r^4(d,a)=(-2.00, 0.10) at (x,y,z) = ( 5.20, 1.30, 3.90)
    Soft-r^4(d,a)=(-2.00, 0.10) at (x,y,z) = ( 5.20, 1.30, 5.20)
    Soft-r^4(d,a)=(-2.00, 0.10) at (x,y,z) = ( 5.20, 2.60, 0.00)
    Soft-r^4(d,a)=(-2.00, 0.10) at (x,y,z) = ( 5.20, 2.60, 1.30)
    Soft-r^4(d,a)=(-2.00, 0.10) at (x,y,z) = ( 5.20, 2.60, 2.60)
    Soft-r^4(d,a)=(-2.00, 0.10) at (x,y,z) = ( 5.20, 2.60, 3.90)
    Soft-r^4(d,a)=(-2.00, 0.10) at (x,y,z) = ( 5.20, 2.60, 5.20)
    Soft-r^4(d,a)=(-2.00, 0.10) at (x,y,z) = ( 5.20, 3.90, 0.00)
    Soft-r^4(d,a)=(-2.00, 0.10) at (x,y,z) = ( 5.20, 3.90, 1.30)
    Soft-r^4(d,a)=(-2.00, 0.10) at (x,y,z) = ( 5.20, 3.90, 2.60)
    Soft-r^4(d,a)=(-2.00, 0.10) at (x,y,z) = ( 5.20, 3.90, 3.90)
    Soft-r^4(d,a)=(-2.00, 0.10) at (x,y,z) = ( 5.20, 3.90, 5.20)
    Soft-r^4(d,a)=(-2.00, 0.10) at (x,y,z) = ( 5.20, 5.20, 0.00)
    Soft-r^4(d,a)=(-2.00, 0.10) at (x,y,z) = ( 5.20, 5.20, 1.30)
    Soft-r^4(d,a)=(-2.00, 0.10) at (x,y,z) = ( 5.20, 5.20, 2.60)
    Soft-r^4(d,a)=(-2.00, 0.10) at (x,y,z) = ( 5.20, 5.20, 3.90)
    Soft-r^4(d,a)=(-2.00, 0.10) at (x,y,z) = ( 5.20, 5.20, 5.20)


----GRAPH-CREATION-and-PARTITIONING----=======================================
      Setup: Max:   1.914, Sum: 5880.616, Balance:   1.000
   Matching: Max:   2.245, Sum: 6895.568, Balance:   1.000
Contraction: Max:   0.704, Sum: 2163.190, Balance:   1.000
   InitPart: Max:   3.328, Sum: 10224.984, Balance:   1.000
    Project: Max:   0.002, Sum:   6.208, Balance:   1.060
 Initialize: Max:   0.448, Sum: 1376.370, Balance:   1.001
      K-way: Max:   2.095, Sum: 6437.157, Balance:   1.000
      Remap: Max:   0.007, Sum:  21.718, Balance:   1.000
      Total: Max:  10.744, Sum: 33006.852, Balance:   1.000
Final 3072-way Cut: 725673215 	Balance: 1.052 

    Number of nodes:
         Rank0.........6.409E+03
         Averg.........6.196E+03
         Total.........1.903E+07
    Number of edges:
         Rank0.........2.029E+06
         Averg.........2.078E+06
         Total.........6.385E+09
    Memory usage.[MB]:
         Rank0.........3.106E+01
         Averg.........3.181E+01
         Total.........9.771E+04


----MATRIX-ALLOCATION----=====================================================
    Dimension of matrix H or S:
              Rank0..............6.409E+03 (6409)
              Averg..............6.196E+03       
              Total..............1.903E+07 (19034163)
    Nonzero entries in H or S:
              Rank0..............2.036E+06 (2035838)
              Averg..............2.085E+06       
              Total..............6.404E+09 (6403769793)
    Sparseness of H or S (fraction):
              Rank0..............1.669E-05
              Averg..............1.768E-05
    Sparseness of H or S (non-zero elemnts in a row):
              Rank0..............317.7
              Averg..............336.4
    Memory usage for H and S [MiB]:
              Rank0..............6.213E+01
              Averg..............6.362E+01
              Total..............1.954E+05


----ASSEMBLING----============================================================
..........10..........20..........30..........40..........50done
Assembling time = 70 [s]



----SOLVING----===============================================================
EPS Object: 3072 MPI processes
  type: krylovschur
    Krylov-Schur: 50% of basis vectors kept after restart
  problem type: generalized symmetric eigenvalue problem
  extraction type: Rayleigh-Ritz
  selected portion of the spectrum: smallest real parts
  number of eigenvalues (nev): 10
  number of column vectors (ncv): 30
  maximum dimension of projected problem (mpd): 30
  maximum number of iterations: 500
  tolerance: 0.0001
  convergence test: relative to the eigenvalue
  estimates of matrix norms (constant): norm(A)=1, norm(B)=1
IP Object: 3072 MPI processes
  type: bilinear
  orthogonalization method: classical Gram-Schmidt
  orthogonalization refinement: if needed (eta: 0.7071)
  Matrix Object:   3072 MPI processes
    type: mpiaij
    rows=19034163, cols=19034163
    total: nonzeros=2147483647, allocated nonzeros=2147483647
    total number of mallocs used during MatSetValues calls =0
      not using I-node (on process 0) routines
DS Object: 3072 MPI processes
  type: hep
  solving the problem with: Implicit QR method (_steqr)
ST Object: 3072 MPI processes
  type: shift
  shift: 0
  matrices A and B have same nonzero pattern
  KSP Object:  (st_)   3072 MPI processes
    type: cg
    maximum iterations=10000
    using preconditioner applied to right hand side for initial guess
    tolerances:  relative=1e-05, absolute=1e-50, divergence=10000
    left preconditioning
    using nonzero initial guess
    using PRECONDITIONED norm type for convergence test
  PC Object:  (st_)   3072 MPI processes
    type: asm
      Additive Schwarz: total subdomain blocks = 3072, amount of overlap = 1
      Additive Schwarz: restriction/interpolation type - RESTRICT
      Local solve is same for all blocks, in the following KSP and PC objects:
    KSP Object:    (st_sub_)     1 MPI processes
      type: preonly
      maximum iterations=10000, initial guess is zero
      tolerances:  relative=1e-05, absolute=1e-50, divergence=10000
      left preconditioning
      using DEFAULT norm type for convergence test
    PC Object:    (st_sub_)     1 MPI processes
      type: icc
        0 levels of fill
        tolerance for zero pivot 2.22045e-14
        using Manteuffel shift
        matrix ordering: natural
      linear system matrix = precond matrix:
      Matrix Object:       1 MPI processes
        type: seqaij
        rows=14923, cols=14923
        total: nonzeros=4172591, allocated nonzeros=4172591
        total number of mallocs used during MatSetValues calls =0
          not using I-node routines
    linear system matrix = precond matrix:
    Matrix Object:     3072 MPI processes
      type: mpiaij
      rows=19034163, cols=19034163
      total: nonzeros=2147483647, allocated nonzeros=2147483647
      total number of mallocs used during MatSetValues calls =0
        not using I-node (on process 0) routines


  1 EPS nconv=0 first unconverged value (error) -20.2591 (8.38988176e-02)
  2 EPS nconv=0 first unconverged value (error) -20.4074 (4.24326049e-02)
  3 EPS nconv=0 first unconverged value (error) -20.4349 (8.54209365e-03)
  4 EPS nconv=0 first unconverged value (error) -20.4359 (1.82197357e-03)
  5 EPS nconv=0 first unconverged value (error) -20.436 (4.63340901e-04)
  6 EPS nconv=1 first unconverged value (error) -19.4052 (2.20482064e-03)
  7 EPS nconv=1 first unconverged value (error) -19.7419 (1.21121469e-01)
  8 EPS nconv=1 first unconverged value (error) -19.874 (2.51698957e-02)
  9 EPS nconv=1 first unconverged value (error) -19.8864 (1.20284620e-02)
 10 EPS nconv=1 first unconverged value (error) -19.8883 (3.01252753e-03)
 11 EPS nconv=1 first unconverged value (error) -19.8884 (6.39485825e-04)
 12 EPS nconv=1 first unconverged value (error) -19.8884 (7.52290655e-04)
 13 EPS nconv=3 first unconverged value (error) -19.3444 (1.46999743e-02)
 14 EPS nconv=3 first unconverged value (error) -19.3517 (1.08905951e-02)
 15 EPS nconv=3 first unconverged value (error) -19.3532 (3.02200599e-03)
 16 EPS nconv=3 first unconverged value (error) -19.3537 (3.55168403e-03)
 17 EPS nconv=3 first unconverged value (error) -19.3544 (3.45355729e-03)
 18 EPS nconv=3 first unconverged value (error) -19.3577 (2.35831446e-02)
 19 EPS nconv=3 first unconverged value (error) -19.4026 (3.39505161e-02)
 20 EPS nconv=3 first unconverged value (error) -19.5031 (7.29409297e-02)
 21 EPS nconv=3 first unconverged value (error) -19.7306 (7.30556384e-02)
 22 EPS nconv=3 first unconverged value (error) -19.8637 (4.42879008e-02)
 23 EPS nconv=3 first unconverged value (error) -19.8862 (1.17185534e-02)
 24 EPS nconv=3 first unconverged value (error) -19.8884 (1.68031140e-03)
 25 EPS nconv=3 first unconverged value (error) -19.8884 (4.26799325e-04)
 26 EPS nconv=3 first unconverged value (error) -19.8884 (2.36637011e-04)
 27 EPS nconv=4 first unconverged value (error) -19.3908 (1.44084341e-04)
 28 EPS nconv=6 first unconverged value (error) -18.8629 (5.92631659e-04)
 29 EPS nconv=6 first unconverged value (error) -18.8629 (8.20764912e-04)
 30 EPS nconv=6 first unconverged value (error) -18.863 (1.01607754e-03)
 31 EPS nconv=6 first unconverged value (error) -18.863 (7.92438082e-04)
 32 EPS nconv=6 first unconverged value (error) -18.863 (1.53359238e-03)
 33 EPS nconv=6 first unconverged value (error) -18.989 (1.61774078e-01)
 34 EPS nconv=6 first unconverged value (error) -19.7829 (5.52160029e-02)
 35 EPS nconv=6 first unconverged value (error) -19.8755 (2.53061722e-02)
 36 EPS nconv=6 first unconverged value (error) -19.8837 (8.06019954e-03)
 37 EPS nconv=6 first unconverged value (error) -19.886 (8.81869971e-03)
 38 EPS nconv=6 first unconverged value (error) -19.8879 (3.24966307e-03)
 39 EPS nconv=6 first unconverged value (error) -19.8884 (2.05293416e-03)
 40 EPS nconv=6 first unconverged value (error) -19.8884 (3.35424574e-04)
 41 EPS nconv=6 first unconverged value (error) -19.8884 (1.94286492e-04)
 42 EPS nconv=7 first unconverged value (error) -19.3538 (1.97783801e-03)
 43 EPS nconv=7 first unconverged value (error) -19.354 (3.84238486e-03)
 44 EPS nconv=7 first unconverged value (error) -19.3568 (7.51854898e-03)
 45 EPS nconv=7 first unconverged value (error) -19.3862 (2.32518478e-02)
 46 EPS nconv=7 first unconverged value (error) -19.3904 (2.14332461e-03)
 47 EPS nconv=7 first unconverged value (error) -19.3907 (2.07554470e-03)
 48 EPS nconv=7 first unconverged value (error) -19.3907 (8.95831237e-04)
 49 EPS nconv=7 first unconverged value (error) -19.3907 (1.13006016e-03)
 50 EPS nconv=7 first unconverged value (error) -19.3908 (5.16282921e-04)
 51 EPS nconv=7 first unconverged value (error) -19.3908 (6.53388472e-04)
 52 EPS nconv=7 first unconverged value (error) -19.3908 (2.94801041e-04)
 53 EPS nconv=7 first unconverged value (error) -19.3908 (3.80840728e-04)
 54 EPS nconv=7 first unconverged value (error) -19.3908 (1.48249900e-04)
 55 EPS nconv=7 first unconverged value (error) -19.3908 (1.50373434e-04)
 56 EPS nconv=11 first unconverged value (error) -18.8406 (2.28291951e-02)

--------------------------------------------------------------
    Number of iterations of the method.............56
    Number of linear iterations of the method......3025
    Solution method................................krylovschur
    Number of requested eigenvalues................10
    Stopping condition: eps_tol....................1.000000E-04
    Stopping condition: eps_max_it.................500
--------------------------------------------------------------


             EIGENVALUES            ERROR
====================================================
    0    -2.0435969220E+01     3.4572021392E-07
    1    -1.9888440249E+01     3.4220834224E-07
    2    -1.9888438797E+01     2.6701095289E-07
    3    -1.9888431572E+01     3.6430774042E-07
    4    -1.9405013141E+01     2.4858326990E-07
    5    -1.9390784126E+01     2.0960176751E-07
    6    -1.9390777150E+01     2.4335378595E-07
    7    -1.9350296187E+01     1.1295442733E-07
    8    -1.9350295191E+01     9.4762487257E-08
    9    -1.8862999172E+01     6.7044712794E-08
   10    -1.8853746460E+01     1.1820342900E-07


 TOTAL TIME = 1224 [s]
