===============================================================================
 RRRRR  SSSSS  H   H  RRRRR    Zbigniew ROMANOWSKI                             
 R   R  S      H   H  R   R                                                    
 RRRRR  SSSSS  HHHHH  RRRRR    version: 5.4                                    
 R  R       S  H   H  R  R                                                     
 R   R  SSSSS  H   H  R   R    compilation date: Dec  8 2012 (20:50:40)                       
===============================================================================

PEs = 1024

----INITIALIZATION----========================================================
DOMAIN:
    BsplDeg = 3, CubatOrder = 5, CubatNodeNo = 125
    h = 5.000000E-01
    Nx = 90,    Ny = 90,   Nz = 90
    X0 = -2.000000E+01,    Xmax = 2.500000E+01
    Y0 = -2.000000E+01,    Ymax = 2.500000E+01
    Z0 = -2.000000E+01,    Zmax = 2.500000E+01

NUMBER OF 'ATOMS' = 125
    Soft-r^4(d,a)=(-2.00, 0.10) at (x,y,z) = ( 0.00, 0.00, 0.00)
    Soft-r^4(d,a)=(-2.00, 0.10) at (x,y,z) = ( 0.00, 0.00, 1.30)
    Soft-r^4(d,a)=(-2.00, 0.10) at (x,y,z) = ( 0.00, 0.00, 2.60)
    Soft-r^4(d,a)=(-2.00, 0.10) at (x,y,z) = ( 0.00, 0.00, 3.90)
    Soft-r^4(d,a)=(-2.00, 0.10) at (x,y,z) = ( 0.00, 0.00, 5.20)
    Soft-r^4(d,a)=(-2.00, 0.10) at (x,y,z) = ( 0.00, 1.30, 0.00)
    Soft-r^4(d,a)=(-2.00, 0.10) at (x,y,z) = ( 0.00, 1.30, 1.30)
    Soft-r^4(d,a)=(-2.00, 0.10) at (x,y,z) = ( 0.00, 1.30, 2.60)
    Soft-r^4(d,a)=(-2.00, 0.10) at (x,y,z) = ( 0.00, 1.30, 3.90)
    Soft-r^4(d,a)=(-2.00, 0.10) at (x,y,z) = ( 0.00, 1.30, 5.20)
    Soft-r^4(d,a)=(-2.00, 0.10) at (x,y,z) = ( 0.00, 2.60, 0.00)
    Soft-r^4(d,a)=(-2.00, 0.10) at (x,y,z) = ( 0.00, 2.60, 1.30)
    Soft-r^4(d,a)=(-2.00, 0.10) at (x,y,z) = ( 0.00, 2.60, 2.60)
    Soft-r^4(d,a)=(-2.00, 0.10) at (x,y,z) = ( 0.00, 2.60, 3.90)
    Soft-r^4(d,a)=(-2.00, 0.10) at (x,y,z) = ( 0.00, 2.60, 5.20)
    Soft-r^4(d,a)=(-2.00, 0.10) at (x,y,z) = ( 0.00, 3.90, 0.00)
    Soft-r^4(d,a)=(-2.00, 0.10) at (x,y,z) = ( 0.00, 3.90, 1.30)
    Soft-r^4(d,a)=(-2.00, 0.10) at (x,y,z) = ( 0.00, 3.90, 2.60)
    Soft-r^4(d,a)=(-2.00, 0.10) at (x,y,z) = ( 0.00, 3.90, 3.90)
    Soft-r^4(d,a)=(-2.00, 0.10) at (x,y,z) = ( 0.00, 3.90, 5.20)
    Soft-r^4(d,a)=(-2.00, 0.10) at (x,y,z) = ( 0.00, 5.20, 0.00)
    Soft-r^4(d,a)=(-2.00, 0.10) at (x,y,z) = ( 0.00, 5.20, 1.30)
    Soft-r^4(d,a)=(-2.00, 0.10) at (x,y,z) = ( 0.00, 5.20, 2.60)
    Soft-r^4(d,a)=(-2.00, 0.10) at (x,y,z) = ( 0.00, 5.20, 3.90)
    Soft-r^4(d,a)=(-2.00, 0.10) at (x,y,z) = ( 0.00, 5.20, 5.20)
    Soft-r^4(d,a)=(-2.00, 0.10) at (x,y,z) = ( 1.30, 0.00, 0.00)
    Soft-r^4(d,a)=(-2.00, 0.10) at (x,y,z) = ( 1.30, 0.00, 1.30)
    Soft-r^4(d,a)=(-2.00, 0.10) at (x,y,z) = ( 1.30, 0.00, 2.60)
    Soft-r^4(d,a)=(-2.00, 0.10) at (x,y,z) = ( 1.30, 0.00, 3.90)
    Soft-r^4(d,a)=(-2.00, 0.10) at (x,y,z) = ( 1.30, 0.00, 5.20)
    Soft-r^4(d,a)=(-2.00, 0.10) at (x,y,z) = ( 1.30, 1.30, 0.00)
    Soft-r^4(d,a)=(-2.00, 0.10) at (x,y,z) = ( 1.30, 1.30, 1.30)
    Soft-r^4(d,a)=(-2.00, 0.10) at (x,y,z) = ( 1.30, 1.30, 2.60)
    Soft-r^4(d,a)=(-2.00, 0.10) at (x,y,z) = ( 1.30, 1.30, 3.90)
    Soft-r^4(d,a)=(-2.00, 0.10) at (x,y,z) = ( 1.30, 1.30, 5.20)
    Soft-r^4(d,a)=(-2.00, 0.10) at (x,y,z) = ( 1.30, 2.60, 0.00)
    Soft-r^4(d,a)=(-2.00, 0.10) at (x,y,z) = ( 1.30, 2.60, 1.30)
    Soft-r^4(d,a)=(-2.00, 0.10) at (x,y,z) = ( 1.30, 2.60, 2.60)
    Soft-r^4(d,a)=(-2.00, 0.10) at (x,y,z) = ( 1.30, 2.60, 3.90)
    Soft-r^4(d,a)=(-2.00, 0.10) at (x,y,z) = ( 1.30, 2.60, 5.20)
    Soft-r^4(d,a)=(-2.00, 0.10) at (x,y,z) = ( 1.30, 3.90, 0.00)
    Soft-r^4(d,a)=(-2.00, 0.10) at (x,y,z) = ( 1.30, 3.90, 1.30)
    Soft-r^4(d,a)=(-2.00, 0.10) at (x,y,z) = ( 1.30, 3.90, 2.60)
    Soft-r^4(d,a)=(-2.00, 0.10) at (x,y,z) = ( 1.30, 3.90, 3.90)
    Soft-r^4(d,a)=(-2.00, 0.10) at (x,y,z) = ( 1.30, 3.90, 5.20)
    Soft-r^4(d,a)=(-2.00, 0.10) at (x,y,z) = ( 1.30, 5.20, 0.00)
    Soft-r^4(d,a)=(-2.00, 0.10) at (x,y,z) = ( 1.30, 5.20, 1.30)
    Soft-r^4(d,a)=(-2.00, 0.10) at (x,y,z) = ( 1.30, 5.20, 2.60)
    Soft-r^4(d,a)=(-2.00, 0.10) at (x,y,z) = ( 1.30, 5.20, 3.90)
    Soft-r^4(d,a)=(-2.00, 0.10) at (x,y,z) = ( 1.30, 5.20, 5.20)
    Soft-r^4(d,a)=(-2.00, 0.10) at (x,y,z) = ( 2.60, 0.00, 0.00)
    Soft-r^4(d,a)=(-2.00, 0.10) at (x,y,z) = ( 2.60, 0.00, 1.30)
    Soft-r^4(d,a)=(-2.00, 0.10) at (x,y,z) = ( 2.60, 0.00, 2.60)
    Soft-r^4(d,a)=(-2.00, 0.10) at (x,y,z) = ( 2.60, 0.00, 3.90)
    Soft-r^4(d,a)=(-2.00, 0.10) at (x,y,z) = ( 2.60, 0.00, 5.20)
    Soft-r^4(d,a)=(-2.00, 0.10) at (x,y,z) = ( 2.60, 1.30, 0.00)
    Soft-r^4(d,a)=(-2.00, 0.10) at (x,y,z) = ( 2.60, 1.30, 1.30)
    Soft-r^4(d,a)=(-2.00, 0.10) at (x,y,z) = ( 2.60, 1.30, 2.60)
    Soft-r^4(d,a)=(-2.00, 0.10) at (x,y,z) = ( 2.60, 1.30, 3.90)
    Soft-r^4(d,a)=(-2.00, 0.10) at (x,y,z) = ( 2.60, 1.30, 5.20)
    Soft-r^4(d,a)=(-2.00, 0.10) at (x,y,z) = ( 2.60, 2.60, 0.00)
    Soft-r^4(d,a)=(-2.00, 0.10) at (x,y,z) = ( 2.60, 2.60, 1.30)
    Soft-r^4(d,a)=(-2.00, 0.10) at (x,y,z) = ( 2.60, 2.60, 2.60)
    Soft-r^4(d,a)=(-2.00, 0.10) at (x,y,z) = ( 2.60, 2.60, 3.90)
    Soft-r^4(d,a)=(-2.00, 0.10) at (x,y,z) = ( 2.60, 2.60, 5.20)
    Soft-r^4(d,a)=(-2.00, 0.10) at (x,y,z) = ( 2.60, 3.90, 0.00)
    Soft-r^4(d,a)=(-2.00, 0.10) at (x,y,z) = ( 2.60, 3.90, 1.30)
    Soft-r^4(d,a)=(-2.00, 0.10) at (x,y,z) = ( 2.60, 3.90, 2.60)
    Soft-r^4(d,a)=(-2.00, 0.10) at (x,y,z) = ( 2.60, 3.90, 3.90)
    Soft-r^4(d,a)=(-2.00, 0.10) at (x,y,z) = ( 2.60, 3.90, 5.20)
    Soft-r^4(d,a)=(-2.00, 0.10) at (x,y,z) = ( 2.60, 5.20, 0.00)
    Soft-r^4(d,a)=(-2.00, 0.10) at (x,y,z) = ( 2.60, 5.20, 1.30)
    Soft-r^4(d,a)=(-2.00, 0.10) at (x,y,z) = ( 2.60, 5.20, 2.60)
    Soft-r^4(d,a)=(-2.00, 0.10) at (x,y,z) = ( 2.60, 5.20, 3.90)
    Soft-r^4(d,a)=(-2.00, 0.10) at (x,y,z) = ( 2.60, 5.20, 5.20)
    Soft-r^4(d,a)=(-2.00, 0.10) at (x,y,z) = ( 3.90, 0.00, 0.00)
    Soft-r^4(d,a)=(-2.00, 0.10) at (x,y,z) = ( 3.90, 0.00, 1.30)
    Soft-r^4(d,a)=(-2.00, 0.10) at (x,y,z) = ( 3.90, 0.00, 2.60)
    Soft-r^4(d,a)=(-2.00, 0.10) at (x,y,z) = ( 3.90, 0.00, 3.90)
    Soft-r^4(d,a)=(-2.00, 0.10) at (x,y,z) = ( 3.90, 0.00, 5.20)
    Soft-r^4(d,a)=(-2.00, 0.10) at (x,y,z) = ( 3.90, 1.30, 0.00)
    Soft-r^4(d,a)=(-2.00, 0.10) at (x,y,z) = ( 3.90, 1.30, 1.30)
    Soft-r^4(d,a)=(-2.00, 0.10) at (x,y,z) = ( 3.90, 1.30, 2.60)
    Soft-r^4(d,a)=(-2.00, 0.10) at (x,y,z) = ( 3.90, 1.30, 3.90)
    Soft-r^4(d,a)=(-2.00, 0.10) at (x,y,z) = ( 3.90, 1.30, 5.20)
    Soft-r^4(d,a)=(-2.00, 0.10) at (x,y,z) = ( 3.90, 2.60, 0.00)
    Soft-r^4(d,a)=(-2.00, 0.10) at (x,y,z) = ( 3.90, 2.60, 1.30)
    Soft-r^4(d,a)=(-2.00, 0.10) at (x,y,z) = ( 3.90, 2.60, 2.60)
    Soft-r^4(d,a)=(-2.00, 0.10) at (x,y,z) = ( 3.90, 2.60, 3.90)
    Soft-r^4(d,a)=(-2.00, 0.10) at (x,y,z) = ( 3.90, 2.60, 5.20)
    Soft-r^4(d,a)=(-2.00, 0.10) at (x,y,z) = ( 3.90, 3.90, 0.00)
    Soft-r^4(d,a)=(-2.00, 0.10) at (x,y,z) = ( 3.90, 3.90, 1.30)
    Soft-r^4(d,a)=(-2.00, 0.10) at (x,y,z) = ( 3.90, 3.90, 2.60)
    Soft-r^4(d,a)=(-2.00, 0.10) at (x,y,z) = ( 3.90, 3.90, 3.90)
    Soft-r^4(d,a)=(-2.00, 0.10) at (x,y,z) = ( 3.90, 3.90, 5.20)
    Soft-r^4(d,a)=(-2.00, 0.10) at (x,y,z) = ( 3.90, 5.20, 0.00)
    Soft-r^4(d,a)=(-2.00, 0.10) at (x,y,z) = ( 3.90, 5.20, 1.30)
    Soft-r^4(d,a)=(-2.00, 0.10) at (x,y,z) = ( 3.90, 5.20, 2.60)
    Soft-r^4(d,a)=(-2.00, 0.10) at (x,y,z) = ( 3.90, 5.20, 3.90)
    Soft-r^4(d,a)=(-2.00, 0.10) at (x,y,z) = ( 3.90, 5.20, 5.20)
    Soft-r^4(d,a)=(-2.00, 0.10) at (x,y,z) = ( 5.20, 0.00, 0.00)
    Soft-r^4(d,a)=(-2.00, 0.10) at (x,y,z) = ( 5.20, 0.00, 1.30)
    Soft-r^4(d,a)=(-2.00, 0.10) at (x,y,z) = ( 5.20, 0.00, 2.60)
    Soft-r^4(d,a)=(-2.00, 0.10) at (x,y,z) = ( 5.20, 0.00, 3.90)
    Soft-r^4(d,a)=(-2.00, 0.10) at (x,y,z) = ( 5.20, 0.00, 5.20)
    Soft-r^4(d,a)=(-2.00, 0.10) at (x,y,z) = ( 5.20, 1.30, 0.00)
    Soft-r^4(d,a)=(-2.00, 0.10) at (x,y,z) = ( 5.20, 1.30, 1.30)
    Soft-r^4(d,a)=(-2.00, 0.10) at (x,y,z) = ( 5.20, 1.30, 2.60)
    Soft-r^4(d,a)=(-2.00, 0.10) at (x,y,z) = ( 5.20, 1.30, 3.90)
    Soft-r^4(d,a)=(-2.00, 0.10) at (x,y,z) = ( 5.20, 1.30, 5.20)
    Soft-r^4(d,a)=(-2.00, 0.10) at (x,y,z) = ( 5.20, 2.60, 0.00)
    Soft-r^4(d,a)=(-2.00, 0.10) at (x,y,z) = ( 5.20, 2.60, 1.30)
    Soft-r^4(d,a)=(-2.00, 0.10) at (x,y,z) = ( 5.20, 2.60, 2.60)
    Soft-r^4(d,a)=(-2.00, 0.10) at (x,y,z) = ( 5.20, 2.60, 3.90)
    Soft-r^4(d,a)=(-2.00, 0.10) at (x,y,z) = ( 5.20, 2.60, 5.20)
    Soft-r^4(d,a)=(-2.00, 0.10) at (x,y,z) = ( 5.20, 3.90, 0.00)
    Soft-r^4(d,a)=(-2.00, 0.10) at (x,y,z) = ( 5.20, 3.90, 1.30)
    Soft-r^4(d,a)=(-2.00, 0.10) at (x,y,z) = ( 5.20, 3.90, 2.60)
    Soft-r^4(d,a)=(-2.00, 0.10) at (x,y,z) = ( 5.20, 3.90, 3.90)
    Soft-r^4(d,a)=(-2.00, 0.10) at (x,y,z) = ( 5.20, 3.90, 5.20)
    Soft-r^4(d,a)=(-2.00, 0.10) at (x,y,z) = ( 5.20, 5.20, 0.00)
    Soft-r^4(d,a)=(-2.00, 0.10) at (x,y,z) = ( 5.20, 5.20, 1.30)
    Soft-r^4(d,a)=(-2.00, 0.10) at (x,y,z) = ( 5.20, 5.20, 2.60)
    Soft-r^4(d,a)=(-2.00, 0.10) at (x,y,z) = ( 5.20, 5.20, 3.90)
    Soft-r^4(d,a)=(-2.00, 0.10) at (x,y,z) = ( 5.20, 5.20, 5.20)


----GRAPH-CREATION-and-PARTITIONING----=======================================
      Setup: Max:   0.178, Sum: 181.806, Balance:   1.000
   Matching: Max:   0.282, Sum: 288.630, Balance:   1.000
Contraction: Max:   0.109, Sum: 111.897, Balance:   1.000
   InitPart: Max:   1.875, Sum: 1919.681, Balance:   1.000
    Project: Max:   0.001, Sum:   0.839, Balance:   1.109
 Initialize: Max:   0.060, Sum:  60.929, Balance:   1.004
      K-way: Max:   0.401, Sum: 411.063, Balance:   1.000
      Remap: Max:   0.002, Sum:   2.184, Balance:   1.000
      Total: Max:   2.907, Sum: 2977.257, Balance:   1.000
Final 1024-way Cut: 48159794 	Balance: 1.085 

    Number of nodes:
         Rank0.........6.630E+02
         Averg.........6.431E+02
         Total.........6.585E+05
    Number of edges:
         Rank0.........1.765E+05
         Averg.........2.071E+05
         Total.........2.121E+08
    Memory usage.[MB]:
         Rank0.........2.703E+00
         Averg.........3.171E+00
         Total.........3.247E+03


----MATRIX-ALLOCATION----=====================================================
    Dimension of matrix H or S:
              Rank0..............6.630E+02 (663)
              Averg..............6.431E+02       
              Total..............6.585E+05 (658503)
    Nonzero entries in H or S:
              Rank0..............1.771E+05 (177114)
              Averg..............2.078E+05       
              Total..............2.128E+08 (212776173)
    Sparseness of H or S (fraction):
              Rank0..............4.057E-04
              Averg..............4.907E-04
    Sparseness of H or S (non-zero elemnts in a row):
              Rank0..............267.1
              Averg..............323.1
    Memory usage for H and S [MiB]:
              Rank0..............5.405E+00
              Averg..............6.341E+00
              Total..............6.493E+03


----ASSEMBLING----============================================================
..........10..........20..........30..........40..........50done
Assembling time = 9 [s]



----SOLVING----===============================================================
EPS Object: 1024 MPI processes
  type: krylovschur
    Krylov-Schur: 50% of basis vectors kept after restart
  problem type: generalized symmetric eigenvalue problem
  extraction type: Rayleigh-Ritz
  selected portion of the spectrum: smallest real parts
  number of eigenvalues (nev): 100
  number of column vectors (ncv): 300
  maximum dimension of projected problem (mpd): 300
  maximum number of iterations: 1500
  tolerance: 0.0001
  convergence test: relative to the eigenvalue
  estimates of matrix norms (constant): norm(A)=1, norm(B)=1
IP Object: 1024 MPI processes
  type: bilinear
  orthogonalization method: classical Gram-Schmidt
  orthogonalization refinement: if needed (eta: 0.7071)
  Matrix Object:   1024 MPI processes
    type: mpiaij
    rows=658503, cols=658503
    total: nonzeros=212776173, allocated nonzeros=212776173
    total number of mallocs used during MatSetValues calls =0
      not using I-node (on process 0) routines
DS Object: 1024 MPI processes
  type: hep
  solving the problem with: Implicit QR method (_steqr)
ST Object: 1024 MPI processes
  type: shift
  shift: 0
  matrices A and B have same nonzero pattern
  KSP Object:  (st_)   1024 MPI processes
    type: cg
    maximum iterations=10000
    using preconditioner applied to right hand side for initial guess
    tolerances:  relative=1e-05, absolute=1e-50, divergence=10000
    left preconditioning
    using nonzero initial guess
    using PRECONDITIONED norm type for convergence test
  PC Object:  (st_)   1024 MPI processes
    type: asm
      Additive Schwarz: total subdomain blocks = 1024, amount of overlap = 1
      Additive Schwarz: restriction/interpolation type - RESTRICT
      Local solve is same for all blocks, in the following KSP and PC objects:
    KSP Object:    (st_sub_)     1 MPI processes
      type: preonly
      maximum iterations=10000, initial guess is zero
      tolerances:  relative=1e-05, absolute=1e-50, divergence=10000
      left preconditioning
      using DEFAULT norm type for convergence test
    PC Object:    (st_sub_)     1 MPI processes
      type: icc
        0 levels of fill
        tolerance for zero pivot 2.22045e-14
        using Manteuffel shift
        matrix ordering: natural
      linear system matrix = precond matrix:
      Matrix Object:       1 MPI processes
        type: seqaij
        rows=2236, cols=2236
        total: nonzeros=508782, allocated nonzeros=508782
        total number of mallocs used during MatSetValues calls =0
          not using I-node routines
    linear system matrix = precond matrix:
    Matrix Object:     1024 MPI processes
      type: mpiaij
      rows=658503, cols=658503
      total: nonzeros=212776173, allocated nonzeros=212776173
      total number of mallocs used during MatSetValues calls =0
        not using I-node (on process 0) routines


  1 EPS nconv=15 first unconverged value (error) -18.439 (4.79651730e-02)
  2 EPS nconv=25 first unconverged value (error) -17.6352 (1.31264703e-03)
  3 EPS nconv=35 first unconverged value (error) -17.0936 (1.54017964e-03)
  4 EPS nconv=48 first unconverged value (error) -16.594 (8.62557312e-03)
  5 EPS nconv=91 first unconverged value (error) -14.7743 (9.31823246e-02)
  6 EPS nconv=98 first unconverged value (error) -14.6239 (2.88052258e-03)
  7 EPS nconv=122 first unconverged value (error) -13.9413 (1.31340039e-03)

--------------------------------------------------------------
    Number of iterations of the method.............7
    Number of linear iterations of the method......5235
    Solution method................................krylovschur
    Number of requested eigenvalues................100
    Stopping condition: eps_tol....................1.000000E-04
    Stopping condition: eps_max_it.................1500
--------------------------------------------------------------


             EIGENVALUES            ERROR
====================================================
    0    -2.0323189357E+01     4.9880064981E-08
    1    -1.9740621186E+01     6.9299343614E-08
    2    -1.9740312586E+01     6.9027823669E-08
    3    -1.9740308518E+01     6.5070943730E-08
    4    -1.9242662412E+01     6.1449336114E-08
    5    -1.9227801875E+01     7.6563728772E-08
    6    -1.9227795590E+01     5.3559498516E-08
    7    -1.9167432800E+01     4.7297667733E-08
    8    -1.9167130600E+01     4.6679188290E-08
    9    -1.9167128661E+01     5.1501305784E-08
   10    -1.8665587307E+01     7.7659448734E-08
   11    -1.8664099191E+01     6.3101334054E-08
   12    -1.8664094992E+01     7.3402066554E-08
   13    -1.8655316296E+01     5.4679470040E-08
   14    -1.8655313898E+01     7.0908459869E-08
   15    -1.8653841911E+01     6.4793062832E-08
   16    -1.8603202910E+01     6.9764224833E-08
   17    -1.8169725168E+01     9.3092261121E-08
   18    -1.8154870827E+01     7.7952436183E-08
   19    -1.8154866078E+01     5.8600213416E-08
   20    -1.8097628480E+01     5.7679554541E-08
   21    -1.8094929673E+01     7.0513722099E-08
   22    -1.8094927707E+01     5.8673798899E-08
   23    -1.7637356240E+01     7.5925039759E-08
   24    -1.7635819408E+01     1.7743678874E-07
   25    -1.7635814055E+01     8.4072020016E-08
   26    -1.7597461108E+01     7.1634122720E-08
   27    -1.7594929443E+01     1.0554452892E-07
   28    -1.7594924716E+01     6.4384349291E-08
   29    -1.7511845769E+01     7.2106233656E-08
   30    -1.7507804349E+01     7.2184546666E-08
   31    -1.7507801162E+01     6.2555437128E-08
   32    -1.7112598155E+01     7.3667333278E-08
   33    -1.7111863190E+01     6.9500228104E-08
   34    -1.7111854310E+01     6.9374896189E-08
   35    -1.7102501511E+01     5.9139992807E-08
   36    -1.7091902367E+01     6.7416259314E-08
   37    -1.7091894240E+01     6.5628601877E-08
   38    -1.7090847652E+01     6.5711457790E-08
   39    -1.6980893864E+01     7.3563724100E-08
   40    -1.6978745234E+01     7.8644585823E-08
   41    -1.6978740813E+01     6.5112602341E-08
   42    -1.6967054040E+01     6.9495151838E-08
   43    -1.6967049286E+01     7.2562294890E-08
   44    -1.6965225065E+01     7.7728989659E-08
   45    -1.6604190537E+01     5.3979635296E-08
   46    -1.6597480621E+01     7.3397857068E-08
   47    -1.6597480255E+01     9.5887910760E-08
   48    -1.6596189029E+01     9.2010793922E-08
   49    -1.6577468441E+01     8.2439851066E-08
   50    -1.6577466165E+01     5.8870878625E-08
   51    -1.6570948716E+01     7.1184682294E-08
   52    -1.6564604975E+01     6.3010195508E-08
   53    -1.6564601813E+01     4.8706320748E-08
   54    -1.6480658974E+01     6.7184830277E-08
   55    -1.6472964672E+01     6.7015157732E-08
   56    -1.6472961713E+01     8.3707306063E-08
   57    -1.6456749404E+01     4.8732206054E-08
   58    -1.6438614143E+01     5.1018703482E-08
   59    -1.6438612458E+01     4.9670696296E-08
   60    -1.6437902627E+01     5.3993473379E-08
   61    -1.6437897497E+01     6.4169352302E-08
   62    -1.6429474125E+01     7.7401848176E-08
   63    -1.6081788614E+01     6.4356622398E-08
   64    -1.6072321070E+01     6.4540238264E-08
   65    -1.6072319962E+01     6.1651078973E-08
   66    -1.6052256780E+01     7.3658050594E-08
   67    -1.6052253799E+01     6.8932719631E-08
   68    -1.6037696635E+01     5.6447300284E-08
   69    -1.5956389205E+01     5.9165444590E-08
   70    -1.5943470975E+01     7.7329432567E-08
   71    -1.5943469152E+01     6.4637856508E-08
   72    -1.5909564728E+01     7.5056942957E-08
   73    -1.5909560858E+01     5.7795826944E-08
   74    -1.5901343576E+01     7.1569544214E-08
   75    -1.5582006444E+01     5.7832171041E-08
   76    -1.5539877087E+01     5.5680063927E-08
   77    -1.5539873700E+01     6.3847451373E-08
   78    -1.5449753946E+01     6.7321601155E-08
   79    -1.5400133578E+01     6.6184412969E-08
   80    -1.5400127179E+01     7.5406414344E-08
   81    -1.5247280529E+01     6.1667025774E-08
   82    -1.5245785501E+01     5.0415342802E-08
   83    -1.5245783531E+01     7.3235618907E-08
   84    -1.5116335426E+01     7.8899275093E-08
   85    -1.5114103905E+01     9.4700586432E-08
   86    -1.5114098575E+01     4.7394345288E-07
   87    -1.5112359650E+01     9.4621823487E-08
   88    -1.5112358955E+01     1.0269634307E-07
   89    -1.5110175108E+01     8.3028197665E-08
   90    -1.4983366755E+01     6.1529702488E-08
   91    -1.4978892500E+01     7.7559708413E-07
   92    -1.4978887624E+01     4.5692528656E-07
   93    -1.4771902342E+01     6.7912860515E-08
   94    -1.4740998413E+01     5.6174192887E-08
   95    -1.4740997784E+01     5.3149343041E-08
   96    -1.4634521504E+01     7.4005787659E-08
   97    -1.4624513136E+01     8.7557142230E-08
   98    -1.4624510745E+01     7.2585391908E-08
   99    -1.4608678632E+01     6.5106316952E-08
  100    -1.4608676923E+01     5.8419118707E-08
  101    -1.4598127637E+01     6.4533518986E-08
  102    -1.4553758768E+01     7.5474098962E-08
  103    -1.4550842620E+01     8.2037213121E-08
  104    -1.4550834225E+01     1.0163048389E-07
  105    -1.4495161263E+01     6.2784143809E-08
  106    -1.4475588396E+01     2.3151346088E-07
  107    -1.4475587120E+01     1.6545517900E-07
  108    -1.4258797244E+01     5.0226612730E-08
  109    -1.4224336741E+01     9.5582053170E-08
  110    -1.4224334237E+01     2.1973142444E-07
  111    -1.4129598267E+01     9.6544005519E-08
  112    -1.4114397151E+01     8.7097737153E-08
  113    -1.4114395193E+01     8.9205743355E-08
  114    -1.4080851665E+01     7.4406294180E-08
  115    -1.4080844408E+01     9.4990497317E-08
  116    -1.4066061475E+01     1.0402031818E-07
  117    -1.3999851566E+01     7.7692267521E-08
  118    -1.3986244559E+01     6.7857423758E-08
  119    -1.3984781075E+01     8.2389503398E-07
  120    -1.3984779177E+01     7.8517036505E-07
  121    -1.3941352960E+01     6.0532237086E-07


 TOTAL TIME = 411 [s]
