===============================================================================
 RRRRR  SSSSS  H   H  RRRRR    Zbigniew ROMANOWSKI                             
 R   R  S      H   H  R   R                                                    
 RRRRR  SSSSS  HHHHH  RRRRR    version: 5.4                                    
 R  R       S  H   H  R  R                                                     
 R   R  SSSSS  H   H  R   R    compilation date: Dec  8 2012 (20:50:40)                       
===============================================================================

PEs = 64

----INITIALIZATION----========================================================
DOMAIN:
    BsplDeg = 3, CubatOrder = 5, CubatNodeNo = 125
    h = 5.000000E-01
    Nx = 90,    Ny = 90,   Nz = 90
    X0 = -2.000000E+01,    Xmax = 2.500000E+01
    Y0 = -2.000000E+01,    Ymax = 2.500000E+01
    Z0 = -2.000000E+01,    Zmax = 2.500000E+01

NUMBER OF 'ATOMS' = 125
    Soft-r^4(d,a)=(-2.00, 0.10) at (x,y,z) = ( 0.00, 0.00, 0.00)
    Soft-r^4(d,a)=(-2.00, 0.10) at (x,y,z) = ( 0.00, 0.00, 1.30)
    Soft-r^4(d,a)=(-2.00, 0.10) at (x,y,z) = ( 0.00, 0.00, 2.60)
    Soft-r^4(d,a)=(-2.00, 0.10) at (x,y,z) = ( 0.00, 0.00, 3.90)
    Soft-r^4(d,a)=(-2.00, 0.10) at (x,y,z) = ( 0.00, 0.00, 5.20)
    Soft-r^4(d,a)=(-2.00, 0.10) at (x,y,z) = ( 0.00, 1.30, 0.00)
    Soft-r^4(d,a)=(-2.00, 0.10) at (x,y,z) = ( 0.00, 1.30, 1.30)
    Soft-r^4(d,a)=(-2.00, 0.10) at (x,y,z) = ( 0.00, 1.30, 2.60)
    Soft-r^4(d,a)=(-2.00, 0.10) at (x,y,z) = ( 0.00, 1.30, 3.90)
    Soft-r^4(d,a)=(-2.00, 0.10) at (x,y,z) = ( 0.00, 1.30, 5.20)
    Soft-r^4(d,a)=(-2.00, 0.10) at (x,y,z) = ( 0.00, 2.60, 0.00)
    Soft-r^4(d,a)=(-2.00, 0.10) at (x,y,z) = ( 0.00, 2.60, 1.30)
    Soft-r^4(d,a)=(-2.00, 0.10) at (x,y,z) = ( 0.00, 2.60, 2.60)
    Soft-r^4(d,a)=(-2.00, 0.10) at (x,y,z) = ( 0.00, 2.60, 3.90)
    Soft-r^4(d,a)=(-2.00, 0.10) at (x,y,z) = ( 0.00, 2.60, 5.20)
    Soft-r^4(d,a)=(-2.00, 0.10) at (x,y,z) = ( 0.00, 3.90, 0.00)
    Soft-r^4(d,a)=(-2.00, 0.10) at (x,y,z) = ( 0.00, 3.90, 1.30)
    Soft-r^4(d,a)=(-2.00, 0.10) at (x,y,z) = ( 0.00, 3.90, 2.60)
    Soft-r^4(d,a)=(-2.00, 0.10) at (x,y,z) = ( 0.00, 3.90, 3.90)
    Soft-r^4(d,a)=(-2.00, 0.10) at (x,y,z) = ( 0.00, 3.90, 5.20)
    Soft-r^4(d,a)=(-2.00, 0.10) at (x,y,z) = ( 0.00, 5.20, 0.00)
    Soft-r^4(d,a)=(-2.00, 0.10) at (x,y,z) = ( 0.00, 5.20, 1.30)
    Soft-r^4(d,a)=(-2.00, 0.10) at (x,y,z) = ( 0.00, 5.20, 2.60)
    Soft-r^4(d,a)=(-2.00, 0.10) at (x,y,z) = ( 0.00, 5.20, 3.90)
    Soft-r^4(d,a)=(-2.00, 0.10) at (x,y,z) = ( 0.00, 5.20, 5.20)
    Soft-r^4(d,a)=(-2.00, 0.10) at (x,y,z) = ( 1.30, 0.00, 0.00)
    Soft-r^4(d,a)=(-2.00, 0.10) at (x,y,z) = ( 1.30, 0.00, 1.30)
    Soft-r^4(d,a)=(-2.00, 0.10) at (x,y,z) = ( 1.30, 0.00, 2.60)
    Soft-r^4(d,a)=(-2.00, 0.10) at (x,y,z) = ( 1.30, 0.00, 3.90)
    Soft-r^4(d,a)=(-2.00, 0.10) at (x,y,z) = ( 1.30, 0.00, 5.20)
    Soft-r^4(d,a)=(-2.00, 0.10) at (x,y,z) = ( 1.30, 1.30, 0.00)
    Soft-r^4(d,a)=(-2.00, 0.10) at (x,y,z) = ( 1.30, 1.30, 1.30)
    Soft-r^4(d,a)=(-2.00, 0.10) at (x,y,z) = ( 1.30, 1.30, 2.60)
    Soft-r^4(d,a)=(-2.00, 0.10) at (x,y,z) = ( 1.30, 1.30, 3.90)
    Soft-r^4(d,a)=(-2.00, 0.10) at (x,y,z) = ( 1.30, 1.30, 5.20)
    Soft-r^4(d,a)=(-2.00, 0.10) at (x,y,z) = ( 1.30, 2.60, 0.00)
    Soft-r^4(d,a)=(-2.00, 0.10) at (x,y,z) = ( 1.30, 2.60, 1.30)
    Soft-r^4(d,a)=(-2.00, 0.10) at (x,y,z) = ( 1.30, 2.60, 2.60)
    Soft-r^4(d,a)=(-2.00, 0.10) at (x,y,z) = ( 1.30, 2.60, 3.90)
    Soft-r^4(d,a)=(-2.00, 0.10) at (x,y,z) = ( 1.30, 2.60, 5.20)
    Soft-r^4(d,a)=(-2.00, 0.10) at (x,y,z) = ( 1.30, 3.90, 0.00)
    Soft-r^4(d,a)=(-2.00, 0.10) at (x,y,z) = ( 1.30, 3.90, 1.30)
    Soft-r^4(d,a)=(-2.00, 0.10) at (x,y,z) = ( 1.30, 3.90, 2.60)
    Soft-r^4(d,a)=(-2.00, 0.10) at (x,y,z) = ( 1.30, 3.90, 3.90)
    Soft-r^4(d,a)=(-2.00, 0.10) at (x,y,z) = ( 1.30, 3.90, 5.20)
    Soft-r^4(d,a)=(-2.00, 0.10) at (x,y,z) = ( 1.30, 5.20, 0.00)
    Soft-r^4(d,a)=(-2.00, 0.10) at (x,y,z) = ( 1.30, 5.20, 1.30)
    Soft-r^4(d,a)=(-2.00, 0.10) at (x,y,z) = ( 1.30, 5.20, 2.60)
    Soft-r^4(d,a)=(-2.00, 0.10) at (x,y,z) = ( 1.30, 5.20, 3.90)
    Soft-r^4(d,a)=(-2.00, 0.10) at (x,y,z) = ( 1.30, 5.20, 5.20)
    Soft-r^4(d,a)=(-2.00, 0.10) at (x,y,z) = ( 2.60, 0.00, 0.00)
    Soft-r^4(d,a)=(-2.00, 0.10) at (x,y,z) = ( 2.60, 0.00, 1.30)
    Soft-r^4(d,a)=(-2.00, 0.10) at (x,y,z) = ( 2.60, 0.00, 2.60)
    Soft-r^4(d,a)=(-2.00, 0.10) at (x,y,z) = ( 2.60, 0.00, 3.90)
    Soft-r^4(d,a)=(-2.00, 0.10) at (x,y,z) = ( 2.60, 0.00, 5.20)
    Soft-r^4(d,a)=(-2.00, 0.10) at (x,y,z) = ( 2.60, 1.30, 0.00)
    Soft-r^4(d,a)=(-2.00, 0.10) at (x,y,z) = ( 2.60, 1.30, 1.30)
    Soft-r^4(d,a)=(-2.00, 0.10) at (x,y,z) = ( 2.60, 1.30, 2.60)
    Soft-r^4(d,a)=(-2.00, 0.10) at (x,y,z) = ( 2.60, 1.30, 3.90)
    Soft-r^4(d,a)=(-2.00, 0.10) at (x,y,z) = ( 2.60, 1.30, 5.20)
    Soft-r^4(d,a)=(-2.00, 0.10) at (x,y,z) = ( 2.60, 2.60, 0.00)
    Soft-r^4(d,a)=(-2.00, 0.10) at (x,y,z) = ( 2.60, 2.60, 1.30)
    Soft-r^4(d,a)=(-2.00, 0.10) at (x,y,z) = ( 2.60, 2.60, 2.60)
    Soft-r^4(d,a)=(-2.00, 0.10) at (x,y,z) = ( 2.60, 2.60, 3.90)
    Soft-r^4(d,a)=(-2.00, 0.10) at (x,y,z) = ( 2.60, 2.60, 5.20)
    Soft-r^4(d,a)=(-2.00, 0.10) at (x,y,z) = ( 2.60, 3.90, 0.00)
    Soft-r^4(d,a)=(-2.00, 0.10) at (x,y,z) = ( 2.60, 3.90, 1.30)
    Soft-r^4(d,a)=(-2.00, 0.10) at (x,y,z) = ( 2.60, 3.90, 2.60)
    Soft-r^4(d,a)=(-2.00, 0.10) at (x,y,z) = ( 2.60, 3.90, 3.90)
    Soft-r^4(d,a)=(-2.00, 0.10) at (x,y,z) = ( 2.60, 3.90, 5.20)
    Soft-r^4(d,a)=(-2.00, 0.10) at (x,y,z) = ( 2.60, 5.20, 0.00)
    Soft-r^4(d,a)=(-2.00, 0.10) at (x,y,z) = ( 2.60, 5.20, 1.30)
    Soft-r^4(d,a)=(-2.00, 0.10) at (x,y,z) = ( 2.60, 5.20, 2.60)
    Soft-r^4(d,a)=(-2.00, 0.10) at (x,y,z) = ( 2.60, 5.20, 3.90)
    Soft-r^4(d,a)=(-2.00, 0.10) at (x,y,z) = ( 2.60, 5.20, 5.20)
    Soft-r^4(d,a)=(-2.00, 0.10) at (x,y,z) = ( 3.90, 0.00, 0.00)
    Soft-r^4(d,a)=(-2.00, 0.10) at (x,y,z) = ( 3.90, 0.00, 1.30)
    Soft-r^4(d,a)=(-2.00, 0.10) at (x,y,z) = ( 3.90, 0.00, 2.60)
    Soft-r^4(d,a)=(-2.00, 0.10) at (x,y,z) = ( 3.90, 0.00, 3.90)
    Soft-r^4(d,a)=(-2.00, 0.10) at (x,y,z) = ( 3.90, 0.00, 5.20)
    Soft-r^4(d,a)=(-2.00, 0.10) at (x,y,z) = ( 3.90, 1.30, 0.00)
    Soft-r^4(d,a)=(-2.00, 0.10) at (x,y,z) = ( 3.90, 1.30, 1.30)
    Soft-r^4(d,a)=(-2.00, 0.10) at (x,y,z) = ( 3.90, 1.30, 2.60)
    Soft-r^4(d,a)=(-2.00, 0.10) at (x,y,z) = ( 3.90, 1.30, 3.90)
    Soft-r^4(d,a)=(-2.00, 0.10) at (x,y,z) = ( 3.90, 1.30, 5.20)
    Soft-r^4(d,a)=(-2.00, 0.10) at (x,y,z) = ( 3.90, 2.60, 0.00)
    Soft-r^4(d,a)=(-2.00, 0.10) at (x,y,z) = ( 3.90, 2.60, 1.30)
    Soft-r^4(d,a)=(-2.00, 0.10) at (x,y,z) = ( 3.90, 2.60, 2.60)
    Soft-r^4(d,a)=(-2.00, 0.10) at (x,y,z) = ( 3.90, 2.60, 3.90)
    Soft-r^4(d,a)=(-2.00, 0.10) at (x,y,z) = ( 3.90, 2.60, 5.20)
    Soft-r^4(d,a)=(-2.00, 0.10) at (x,y,z) = ( 3.90, 3.90, 0.00)
    Soft-r^4(d,a)=(-2.00, 0.10) at (x,y,z) = ( 3.90, 3.90, 1.30)
    Soft-r^4(d,a)=(-2.00, 0.10) at (x,y,z) = ( 3.90, 3.90, 2.60)
    Soft-r^4(d,a)=(-2.00, 0.10) at (x,y,z) = ( 3.90, 3.90, 3.90)
    Soft-r^4(d,a)=(-2.00, 0.10) at (x,y,z) = ( 3.90, 3.90, 5.20)
    Soft-r^4(d,a)=(-2.00, 0.10) at (x,y,z) = ( 3.90, 5.20, 0.00)
    Soft-r^4(d,a)=(-2.00, 0.10) at (x,y,z) = ( 3.90, 5.20, 1.30)
    Soft-r^4(d,a)=(-2.00, 0.10) at (x,y,z) = ( 3.90, 5.20, 2.60)
    Soft-r^4(d,a)=(-2.00, 0.10) at (x,y,z) = ( 3.90, 5.20, 3.90)
    Soft-r^4(d,a)=(-2.00, 0.10) at (x,y,z) = ( 3.90, 5.20, 5.20)
    Soft-r^4(d,a)=(-2.00, 0.10) at (x,y,z) = ( 5.20, 0.00, 0.00)
    Soft-r^4(d,a)=(-2.00, 0.10) at (x,y,z) = ( 5.20, 0.00, 1.30)
    Soft-r^4(d,a)=(-2.00, 0.10) at (x,y,z) = ( 5.20, 0.00, 2.60)
    Soft-r^4(d,a)=(-2.00, 0.10) at (x,y,z) = ( 5.20, 0.00, 3.90)
    Soft-r^4(d,a)=(-2.00, 0.10) at (x,y,z) = ( 5.20, 0.00, 5.20)
    Soft-r^4(d,a)=(-2.00, 0.10) at (x,y,z) = ( 5.20, 1.30, 0.00)
    Soft-r^4(d,a)=(-2.00, 0.10) at (x,y,z) = ( 5.20, 1.30, 1.30)
    Soft-r^4(d,a)=(-2.00, 0.10) at (x,y,z) = ( 5.20, 1.30, 2.60)
    Soft-r^4(d,a)=(-2.00, 0.10) at (x,y,z) = ( 5.20, 1.30, 3.90)
    Soft-r^4(d,a)=(-2.00, 0.10) at (x,y,z) = ( 5.20, 1.30, 5.20)
    Soft-r^4(d,a)=(-2.00, 0.10) at (x,y,z) = ( 5.20, 2.60, 0.00)
    Soft-r^4(d,a)=(-2.00, 0.10) at (x,y,z) = ( 5.20, 2.60, 1.30)
    Soft-r^4(d,a)=(-2.00, 0.10) at (x,y,z) = ( 5.20, 2.60, 2.60)
    Soft-r^4(d,a)=(-2.00, 0.10) at (x,y,z) = ( 5.20, 2.60, 3.90)
    Soft-r^4(d,a)=(-2.00, 0.10) at (x,y,z) = ( 5.20, 2.60, 5.20)
    Soft-r^4(d,a)=(-2.00, 0.10) at (x,y,z) = ( 5.20, 3.90, 0.00)
    Soft-r^4(d,a)=(-2.00, 0.10) at (x,y,z) = ( 5.20, 3.90, 1.30)
    Soft-r^4(d,a)=(-2.00, 0.10) at (x,y,z) = ( 5.20, 3.90, 2.60)
    Soft-r^4(d,a)=(-2.00, 0.10) at (x,y,z) = ( 5.20, 3.90, 3.90)
    Soft-r^4(d,a)=(-2.00, 0.10) at (x,y,z) = ( 5.20, 3.90, 5.20)
    Soft-r^4(d,a)=(-2.00, 0.10) at (x,y,z) = ( 5.20, 5.20, 0.00)
    Soft-r^4(d,a)=(-2.00, 0.10) at (x,y,z) = ( 5.20, 5.20, 1.30)
    Soft-r^4(d,a)=(-2.00, 0.10) at (x,y,z) = ( 5.20, 5.20, 2.60)
    Soft-r^4(d,a)=(-2.00, 0.10) at (x,y,z) = ( 5.20, 5.20, 3.90)
    Soft-r^4(d,a)=(-2.00, 0.10) at (x,y,z) = ( 5.20, 5.20, 5.20)


----GRAPH-CREATION-and-PARTITIONING----=======================================
      Setup: Max:   2.475, Sum: 158.421, Balance:   1.000
   Matching: Max:   1.933, Sum: 123.696, Balance:   1.000
Contraction: Max:   0.960, Sum:  61.413, Balance:   1.000
   InitPart: Max:   0.099, Sum:   6.341, Balance:   1.000
    Project: Max:   0.002, Sum:   0.104, Balance:   1.037
 Initialize: Max:   0.561, Sum:  35.905, Balance:   1.000
      K-way: Max:   2.138, Sum: 136.851, Balance:   1.000
      Remap: Max:   0.000, Sum:   0.024, Balance:   1.001
      Total: Max:   8.168, Sum: 522.773, Balance:   1.000
Final  64-way Cut: 17425839 	Balance: 1.050 

    Number of nodes:
         Rank0.........1.076E+04
         Averg.........1.029E+04
         Total.........6.585E+05
    Number of edges:
         Rank0.........3.423E+06
         Averg.........3.314E+06
         Total.........2.121E+08
    Memory usage.[MB]:
         Rank0.........5.239E+01
         Averg.........5.073E+01
         Total.........3.247E+03


----MATRIX-ALLOCATION----=====================================================
    Dimension of matrix H or S:
              Rank0..............1.076E+04 (10764)
              Averg..............1.029E+04       
              Total..............6.585E+05 (658503)
    Nonzero entries in H or S:
              Rank0..............3.433E+06 (3433451)
              Averg..............3.325E+06       
              Total..............2.128E+08 (212776173)
    Sparseness of H or S (fraction):
              Rank0..............4.844E-04
              Averg..............4.907E-04
    Sparseness of H or S (non-zero elemnts in a row):
              Rank0..............319.0
              Averg..............323.1
    Memory usage for H and S [MiB]:
              Rank0..............1.048E+02
              Averg..............1.015E+02
              Total..............6.493E+03


----ASSEMBLING----============================================================
..........10..........20..........30..........40..........50done
Assembling time = 108 [s]



----SOLVING----===============================================================
EPS Object: 64 MPI processes
  type: krylovschur
    Krylov-Schur: 50% of basis vectors kept after restart
  problem type: generalized symmetric eigenvalue problem
  extraction type: Rayleigh-Ritz
  selected portion of the spectrum: smallest real parts
  number of eigenvalues (nev): 1000
  number of column vectors (ncv): 2000
  maximum dimension of projected problem (mpd): 2000
  maximum number of iterations: 1500
  tolerance: 0.0001
  convergence test: relative to the eigenvalue
  estimates of matrix norms (constant): norm(A)=1, norm(B)=1
IP Object: 64 MPI processes
  type: bilinear
  orthogonalization method: classical Gram-Schmidt
  orthogonalization refinement: if needed (eta: 0.7071)
  Matrix Object:   64 MPI processes
    type: mpiaij
    rows=658503, cols=658503
    total: nonzeros=212776173, allocated nonzeros=212776173
    total number of mallocs used during MatSetValues calls =0
      not using I-node (on process 0) routines
DS Object: 64 MPI processes
  type: hep
  solving the problem with: Implicit QR method (_steqr)
ST Object: 64 MPI processes
  type: shift
  shift: 0
  matrices A and B have same nonzero pattern
  KSP Object:  (st_)   64 MPI processes
    type: cg
    maximum iterations=10000
    using preconditioner applied to right hand side for initial guess
    tolerances:  relative=1e-05, absolute=1e-50, divergence=10000
    left preconditioning
    using nonzero initial guess
    using PRECONDITIONED norm type for convergence test
  PC Object:  (st_)   64 MPI processes
    type: asm
      Additive Schwarz: total subdomain blocks = 64, amount of overlap = 1
      Additive Schwarz: restriction/interpolation type - RESTRICT
      Local solve is same for all blocks, in the following KSP and PC objects:
    KSP Object:    (st_sub_)     1 MPI processes
      type: preonly
      maximum iterations=10000, initial guess is zero
      tolerances:  relative=1e-05, absolute=1e-50, divergence=10000
      left preconditioning
      using DEFAULT norm type for convergence test
    PC Object:    (st_sub_)     1 MPI processes
      type: icc
        0 levels of fill
        tolerance for zero pivot 2.22045e-14
        using Manteuffel shift
        matrix ordering: natural
      linear system matrix = precond matrix:
      Matrix Object:       1 MPI processes
        type: seqaij
        rows=20271, cols=20271
        total: nonzeros=5796285, allocated nonzeros=5796285
        total number of mallocs used during MatSetValues calls =0
          not using I-node routines
    linear system matrix = precond matrix:
    Matrix Object:     64 MPI processes
      type: mpiaij
      rows=658503, cols=658503
      total: nonzeros=212776173, allocated nonzeros=212776173
      total number of mallocs used during MatSetValues calls =0
        not using I-node (on process 0) routines


  1 EPS nconv=319 first unconverged value (error) -8.43436 (1.17451018e-03)
  2 EPS nconv=517 first unconverged value (error) -4.89871 (2.16244640e-04)
  3 EPS nconv=708 first unconverged value (error) -2.1558 (3.44839558e-03)
  4 EPS nconv=833 first unconverged value (error) -0.733114 (8.22055916e-03)
  5 EPS nconv=883 first unconverged value (error) -0.313594 (1.05588040e-04)
  6 EPS nconv=929 first unconverged value (error) -0.0148401 (5.31054903e-03)
  7 EPS nconv=935 first unconverged value (error) 0.0095858 (4.51730350e-03)
  8 EPS nconv=941 first unconverged value (error) 0.0159606 (1.84374051e-03)
  9 EPS nconv=951 first unconverged value (error) 0.0299655 (1.42785865e-03)
 10 EPS nconv=956 first unconverged value (error) 0.0386861 (2.77053916e-04)
 11 EPS nconv=967 first unconverged value (error) 0.046793 (4.08529245e-04)
 12 EPS nconv=975 first unconverged value (error) 0.0544081 (1.18505439e-04)
 13 EPS nconv=986 first unconverged value (error) 0.062708 (5.29213793e-03)
 14 EPS nconv=996 first unconverged value (error) 0.0697722 (1.00696670e-03)
 15 EPS nconv=1012 first unconverged value (error) 0.0822486 (2.48133941e-04)

--------------------------------------------------------------
    Number of iterations of the method.............15
    Number of linear iterations of the method......40985
    Solution method................................krylovschur
    Number of requested eigenvalues................1000
    Stopping condition: eps_tol....................1.000000E-04
    Stopping condition: eps_max_it.................1500
--------------------------------------------------------------


             EIGENVALUES            ERROR
====================================================
    0    -2.0323171671E+01     1.7521282218E-07
    1    -1.9740622848E+01     1.2058972723E-07
    2    -1.9740306932E+01     1.3914353947E-07
    3    -1.9740289194E+01     1.8451067562E-07
    4    -1.9242667833E+01     1.0712106706E-07
    5    -1.9227800917E+01     1.0591168439E-07
    6    -1.9227790457E+01     1.0295824927E-07
    7    -1.9167425572E+01     1.0468658779E-07
    8    -1.9167124047E+01     1.2898078394E-07
    9    -1.9167118047E+01     1.5890365755E-07
   10    -1.8665579238E+01     1.4945131729E-07
   11    -1.8664098983E+01     1.3835529310E-07
   12    -1.8664089523E+01     1.4848862189E-07
   13    -1.8655314525E+01     1.5229107104E-07
   14    -1.8655303613E+01     1.7119585223E-07
   15    -1.8653834216E+01     1.6902921664E-07
   16    -1.8603185431E+01     1.7385718803E-07
   17    -1.8169714762E+01     1.0832492228E-07
   18    -1.8154868591E+01     9.2269631494E-08
   19    -1.8154865021E+01     1.2439006719E-07
   20    -1.8097620979E+01     1.1526062472E-07
   21    -1.8094934606E+01     9.8857006360E-08
   22    -1.8094914978E+01     1.7860504621E-07
   23    -1.7637356756E+01     1.2261771927E-07
   24    -1.7635816538E+01     1.2778289801E-07
   25    -1.7635815798E+01     1.3179910656E-07
   26    -1.7597452614E+01     1.1333823059E-07
   27    -1.7594928720E+01     1.1431836873E-07
   28    -1.7594911499E+01     1.3739533026E-07
   29    -1.7511838394E+01     1.4212009039E-07
   30    -1.7507805753E+01     1.6012227170E-07
   31    -1.7507803591E+01     7.7559974599E-08
   32    -1.7112595831E+01     1.2542167166E-07
   33    -1.7111857302E+01     1.1928445153E-07
   34    -1.7111855717E+01     1.1850175830E-07
   35    -1.7102501120E+01     1.2548573900E-07
   36    -1.7091903935E+01     1.2807266805E-07
   37    -1.7091894039E+01     1.1760481606E-07
   38    -1.7090844947E+01     1.6433029988E-07
   39    -1.6980889252E+01     1.3736042051E-07
   40    -1.6978744917E+01     1.3223534856E-07
   41    -1.6978739130E+01     1.1600483846E-07
   42    -1.6967048033E+01     9.9074415087E-08
   43    -1.6967045250E+01     1.5569573390E-07
   44    -1.6965228903E+01     1.6837419738E-07
   45    -1.6604190796E+01     1.0841898876E-07
   46    -1.6597484783E+01     1.2662113802E-07
   47    -1.6597480691E+01     1.1211802897E-07
   48    -1.6596183811E+01     1.2890193973E-07
   49    -1.6577467186E+01     1.1329348038E-07
   50    -1.6577464408E+01     1.5617183656E-07
   51    -1.6570951701E+01     1.2850994690E-07
   52    -1.6564603938E+01     1.8574050735E-07
   53    -1.6564600155E+01     1.3218656243E-07
   54    -1.6480656836E+01     1.2812296097E-07
   55    -1.6472964241E+01     1.2651295744E-07
   56    -1.6472957773E+01     1.1569426871E-07
   57    -1.6456744940E+01     1.1772489486E-07
   58    -1.6438611716E+01     9.0501531625E-08
   59    -1.6438607431E+01     1.6589721009E-07
   60    -1.6437904958E+01     8.6990694104E-08
   61    -1.6437895317E+01     1.0219590740E-07
   62    -1.6429470932E+01     1.6617385030E-07
   63    -1.6081785382E+01     1.4935543092E-07
   64    -1.6072323171E+01     1.6618665834E-07
   65    -1.6072315961E+01     1.2979057530E-07
   66    -1.6052261513E+01     1.9276586181E-07
   67    -1.6052253787E+01     1.7091693672E-07
   68    -1.6037701326E+01     1.4651129989E-07
   69    -1.5956386012E+01     1.1367332760E-07
   70    -1.5943474612E+01     1.1990565864E-07
   71    -1.5943465635E+01     1.3181371712E-07
   72    -1.5909559305E+01     1.5251774387E-07
   73    -1.5909554953E+01     1.4487895156E-07
   74    -1.5901342702E+01     1.6169146280E-07
   75    -1.5582003311E+01     1.4766652980E-07
   76    -1.5539877107E+01     1.3620722600E-07
   77    -1.5539873654E+01     1.3008363065E-07
   78    -1.5449750463E+01     1.1099506865E-07
   79    -1.5400132333E+01     1.0898674972E-07
   80    -1.5400123243E+01     1.4347922152E-07
   81    -1.5247275596E+01     1.3117004676E-07
   82    -1.5245785246E+01     1.2198323431E-07
   83    -1.5245783052E+01     1.1227071023E-07
   84    -1.5116336879E+01     1.2519056576E-07
   85    -1.5114100391E+01     1.2068351399E-07
   86    -1.5114096149E+01     1.1386723659E-07
   87    -1.5112362894E+01     1.1098482698E-07
   88    -1.5112356572E+01     1.1839919134E-07
   89    -1.5110178614E+01     1.5827877327E-07
   90    -1.4983367025E+01     1.1192128745E-07
   91    -1.4978895361E+01     7.9682565242E-08
   92    -1.4978892445E+01     1.0255143903E-07
   93    -1.4771902984E+01     1.3965238153E-07
   94    -1.4740998843E+01     6.7759127508E-08
   95    -1.4740995105E+01     1.2816873762E-07
   96    -1.4634517414E+01     1.3900905648E-07
   97    -1.4624510938E+01     1.3633301914E-07
   98    -1.4624508506E+01     1.7310351182E-07
   99    -1.4608673060E+01     1.0675525795E-07
  100    -1.4608670699E+01     1.1633314255E-07
  101    -1.4598125783E+01     1.4663397674E-07
  102    -1.4553759155E+01     1.7437075151E-07
  103    -1.4550848035E+01     1.6194643113E-07
  104    -1.4550838237E+01     1.9071703161E-07
  105    -1.4495153940E+01     1.3324181254E-07
  106    -1.4475586704E+01     8.2611292010E-08
  107    -1.4475570500E+01     1.5801465318E-07
  108    -1.4258795325E+01     1.2018071130E-07
  109    -1.4224334089E+01     1.1516724204E-07
  110    -1.4224331571E+01     1.2471940322E-07
  111    -1.4129596226E+01     1.3720364186E-07
  112    -1.4114398712E+01     1.2566346297E-07
  113    -1.4114397080E+01     1.3042316014E-07
  114    -1.4080852197E+01     1.9866295447E-07
  115    -1.4080850646E+01     1.4649012041E-07
  116    -1.4066064244E+01     1.2491156735E-07
  117    -1.3999846275E+01     1.3060142786E-07
  118    -1.3986242091E+01     1.9293616678E-07
  119    -1.3984782088E+01     1.6653487033E-07
  120    -1.3984777222E+01     2.1419074339E-07
  121    -1.3941358390E+01     1.2313176703E-07
  122    -1.3941354650E+01     1.6174924478E-07
  123    -1.3938645364E+01     1.3963079236E-07
  124    -1.3938642022E+01     1.6223375994E-07
  125    -1.3937127170E+01     1.7556459620E-07
  126    -1.3425212686E+01     1.4929083459E-07
  127    -1.3410557365E+01     2.1538948133E-07
  128    -1.3408677847E+01     1.7686113519E-07
  129    -1.3408671209E+01     1.8019691357E-07
  130    -1.3398986624E+01     2.2075609123E-07
  131    -1.3398983468E+01     2.0314714323E-07
  132    -1.3397253059E+01     1.3032514920E-07
  133    -1.3358858114E+01     2.1380738158E-07
  134    -1.3358852981E+01     1.5548993600E-07
  135    -1.3137991951E+01     1.6720258783E-07
  136    -1.3089733191E+01     9.1988972543E-08
  137    -1.3074858853E+01     1.5815907405E-07
  138    -1.3074848128E+01     1.6292597751E-07
  139    -1.2954078188E+01     1.1794683385E-07
  140    -1.2950909309E+01     1.7435957188E-07
  141    -1.2950905606E+01     9.1323523411E-08
  142    -1.2847039560E+01     1.6004220357E-07
  143    -1.2844959258E+01     1.9927784083E-07
  144    -1.2844954417E+01     2.1861658277E-07
  145    -1.2816322664E+01     1.4121466404E-07
  146    -1.2813109379E+01     1.4850674440E-07
  147    -1.2813108326E+01     1.0431929996E-07
  148    -1.2803448568E+01     1.5786761218E-07
  149    -1.2803444816E+01     1.3089668413E-07
  150    -1.2801496108E+01     1.7678475305E-07
  151    -1.2676406107E+01     1.5606137690E-07
  152    -1.2539774965E+01     1.6959651087E-07
  153    -1.2539153540E+01     1.4511238483E-07
  154    -1.2539152681E+01     1.7395493357E-07
  155    -1.2498757564E+01     1.7450501192E-07
  156    -1.2498751918E+01     1.7946726978E-07
  157    -1.2497955385E+01     1.4300035639E-07
  158    -1.2278146186E+01     1.7410340575E-07
  159    -1.2277663988E+01     2.2133966941E-07
  160    -1.2277661280E+01     1.5796287460E-07
  161    -1.2042418077E+01     1.4930612020E-07
  162    -1.2013110354E+01     1.5744061863E-07
  163    -1.2013107442E+01     1.3916174139E-07
  164    -1.1979771339E+01     1.7672117168E-07
  165    -1.1978199353E+01     2.0303851472E-07
  166    -1.1978193987E+01     1.4127626296E-07
  167    -1.1951872719E+01     1.6757860005E-07
  168    -1.1950747412E+01     1.8995658344E-07
  169    -1.1950743062E+01     1.4330071216E-07
  170    -1.1909909074E+01     1.8035679500E-07
  171    -1.1909906855E+01     1.5034433129E-07
  172    -1.1874405505E+01     1.6452037854E-07
  173    -1.1834179427E+01     1.4870684735E-07
  174    -1.1834177062E+01     1.0603605140E-07
  175    -1.1831472690E+01     2.0196342613E-07
  176    -1.1776617033E+01     1.5903267688E-07
  177    -1.1772632799E+01     2.0615798225E-07
  178    -1.1772631177E+01     1.7130867868E-07
  179    -1.1747819947E+01     1.9499784123E-07
  180    -1.1747819701E+01     1.5547735542E-07
  181    -1.1744939356E+01     1.7216460127E-07
  182    -1.1460349017E+01     1.8810952584E-07
  183    -1.1456127976E+01     2.0013873371E-07
  184    -1.1453771762E+01     1.9573701434E-07
  185    -1.1453769666E+01     1.7750929025E-07
  186    -1.1415854093E+01     2.7901177537E-07
  187    -1.1415850461E+01     2.8640080230E-07
  188    -1.1350666735E+01     2.0433646060E-07
  189    -1.1350613892E+01     1.3004672930E-07
  190    -1.1350607668E+01     1.4771429931E-07
  191    -1.1333909909E+01     1.6752831960E-07
  192    -1.1333908685E+01     1.7417211485E-07
  193    -1.1331540439E+01     1.6018670876E-07
  194    -1.1306385016E+01     1.5768589556E-07
  195    -1.1306380845E+01     2.6998445172E-07
  196    -1.1266527230E+01     2.2820577370E-07
  197    -1.1247534243E+01     1.7608186913E-07
  198    -1.1227848853E+01     1.8415872922E-07
  199    -1.1227846015E+01     1.5869463666E-07
  200    -1.1210813625E+01     2.3212357437E-07
  201    -1.1210812117E+01     2.2479466650E-07
  202    -1.1172017290E+01     1.7968396198E-07
  203    -1.0956558528E+01     1.7880281014E-07
  204    -1.0882312858E+01     1.5425863933E-07
  205    -1.0882124415E+01     1.8700807180E-07
  206    -1.0882120535E+01     1.6975904832E-07
  207    -1.0868605869E+01     2.0391233689E-07
  208    -1.0861906486E+01     1.7649379278E-07
  209    -1.0861903264E+01     1.9451165761E-07
  210    -1.0793674940E+01     2.2356124652E-07
  211    -1.0793671957E+01     1.2652108495E-07
  212    -1.0758256774E+01     1.8800919261E-07
  213    -1.0758250508E+01     2.1004010233E-07
  214    -1.0720790743E+01     2.2991316936E-07
  215    -1.0712864311E+01     1.5104337029E-07
  216    -1.0673302030E+01     1.7397050107E-07
  217    -1.0673301898E+01     2.2754034624E-07
  218    -1.0668533097E+01     1.5354038916E-07
  219    -1.0668192934E+01     2.3095300183E-07
  220    -1.0668191346E+01     2.6929819755E-07
  221    -1.0626932999E+01     1.4984411327E-07
  222    -1.0626932080E+01     1.7743309162E-07
  223    -1.0617569609E+01     1.7386724753E-07
  224    -1.0536815314E+01     2.0201295631E-07
  225    -1.0524786600E+01     1.4673577524E-07
  226    -1.0524783463E+01     1.4243811461E-07
  227    -1.0501740842E+01     2.2123357104E-07
  228    -1.0501739122E+01     2.0501656846E-07
  229    -1.0489236465E+01     2.2162339839E-07
  230    -1.0442150206E+01     1.9356150805E-07
  231    -1.0419924544E+01     1.0680716001E-07
  232    -1.0419921750E+01     1.7754525883E-07
  233    -1.0412099311E+01     2.1418525115E-07
  234    -1.0332293412E+01     1.8157302597E-07
  235    -1.0332291120E+01     1.1934431550E-07
  236    -1.0308347252E+01     2.3186249723E-07
  237    -1.0220319479E+01     1.9971159816E-07
  238    -1.0218987017E+01     1.7376940424E-07
  239    -1.0218986300E+01     1.7738278012E-07
  240    -1.0207818370E+01     2.0477942091E-07
  241    -1.0207816167E+01     2.2322333505E-07
  242    -1.0206473337E+01     1.4630987042E-07
  243    -1.0109371112E+01     1.6442917348E-07
  244    -1.0109364369E+01     2.2511432864E-07
  245    -1.0003456623E+01     2.2875531827E-07
  246    -9.9950212241E+00     2.7792172043E-07
  247    -9.9950128308E+00     1.8150605152E-07
  248    -9.9704104595E+00     2.2154291772E-07
  249    -9.9704069947E+00     2.3305819714E-07
  250    -9.9529490985E+00     2.2272373638E-07
  251    -9.9017272313E+00     2.2325200765E-07
  252    -9.8867823775E+00     1.8853947721E-07
  253    -9.8867794158E+00     2.4169892927E-07
  254    -9.7969024768E+00     2.7775748869E-07
  255    -9.7969022165E+00     2.3996220992E-07
  256    -9.7917133261E+00     2.1697854069E-07
  257    -9.7415205351E+00     2.3535215881E-07
  258    -9.7384657011E+00     2.1195017222E-07
  259    -9.7384650536E+00     3.0844173135E-07
  260    -9.7108894794E+00     2.1446091751E-07
  261    -9.6473531009E+00     2.7564272546E-07
  262    -9.5608244702E+00     1.9966492750E-07
  263    -9.5608188023E+00     2.1365372923E-07
  264    -9.5576033446E+00     1.8592038670E-07
  265    -9.5168952792E+00     2.2594538811E-07
  266    -9.4777627969E+00     2.3992761280E-07
  267    -9.4777585796E+00     1.2782144181E-07
  268    -9.4709081418E+00     2.8464186995E-07
  269    -9.4709023956E+00     1.6072592033E-07
  270    -9.4520151523E+00     1.6252840398E-07
  271    -9.4195825503E+00     2.1793266659E-07
  272    -9.4135671965E+00     2.2951293962E-07
  273    -9.4135655119E+00     1.4973229265E-07
  274    -9.3701436253E+00     2.2609588605E-07
  275    -9.3701416891E+00     3.1291248792E-07
  276    -9.3597776833E+00     1.7207696617E-07
  277    -9.3597723557E+00     1.9133550887E-07
  278    -9.3462595547E+00     1.5708784841E-07
  279    -9.3310193397E+00     2.0847217152E-07
  280    -9.3310172168E+00     2.2743293443E-07
  281    -9.3092015366E+00     1.6974398641E-07
  282    -9.3039951500E+00     1.8400997880E-07
  283    -9.3039916762E+00     2.2063436945E-07
  284    -9.2585432482E+00     1.8844569142E-07
  285    -9.2585412646E+00     2.0022737131E-07
  286    -9.2567881333E+00     2.1653086774E-07
  287    -9.2253164743E+00     2.2479515166E-07
  288    -9.2253145774E+00     2.0711875732E-07
  289    -9.1553162452E+00     2.5214534251E-07
  290    -9.1066140162E+00     2.8651832468E-07
  291    -9.1037482025E+00     2.2098760518E-07
  292    -9.1037468684E+00     3.3654801696E-07
  293    -9.1034636343E+00     1.6379677062E-07
  294    -9.1003059529E+00     1.4633357818E-07
  295    -9.1003037530E+00     2.1624996566E-07
  296    -9.0143208959E+00     2.0782809238E-07
  297    -9.0143192052E+00     2.0556179660E-07
  298    -9.0140421115E+00     3.0672019557E-07
  299    -8.8510775100E+00     2.1822782058E-07
  300    -8.8508402356E+00     1.6956081241E-07
  301    -8.8508400752E+00     1.6747933239E-07
  302    -8.8125481672E+00     2.3285508467E-07
  303    -8.8084220438E+00     8.3521188869E-07
  304    -8.8084207845E+00     5.6010915756E-07
  305    -8.8013554303E+00     2.5183528661E-07
  306    -8.8013521088E+00     2.1701232789E-07
  307    -8.7981527962E+00     2.1610736199E-07
  308    -8.7012143971E+00     2.1738421570E-07
  309    -8.6964636962E+00     1.8774147170E-07
  310    -8.6964616164E+00     2.1784444967E-07
  311    -8.6836720610E+00     1.5572257462E-07
  312    -8.6836703417E+00     1.8844910658E-07
  313    -8.6779899595E+00     2.5197335488E-07
  314    -8.5783888558E+00     4.1499657744E-07
  315    -8.4832647993E+00     3.0286795932E-07
  316    -8.4832602355E+00     3.3853728865E-07
  317    -8.4542419446E+00     1.9332598094E-07
  318    -8.4343865017E+00     1.6186958298E-07
  319    -8.4343805773E+00     3.8096177471E-07
  320    -8.4275780084E+00     2.5550052079E-07
  321    -8.3739802767E+00     2.7608627502E-07
  322    -8.3739795924E+00     1.8638020971E-07
  323    -8.3559609600E+00     2.6916364516E-07
  324    -8.3559583668E+00     3.3134279326E-07
  325    -8.3554981763E+00     3.2864695564E-07
  326    -8.2566044044E+00     2.5024684547E-07
  327    -8.2435094592E+00     2.0689264089E-07
  328    -8.2435081729E+00     4.7492379771E-07
  329    -8.2423015120E+00     5.1031638345E-07
  330    -8.2422999080E+00     2.3938049271E-07
  331    -8.2226072229E+00     2.5472842831E-07
  332    -8.2203040784E+00     3.7632648477E-07
  333    -8.2203035464E+00     2.9626132158E-07
  334    -8.2024882612E+00     2.3101124989E-07
  335    -8.1854978815E+00     2.9735434645E-07
  336    -8.1854964478E+00     3.0503699591E-07
  337    -8.1669068162E+00     3.4145637055E-07
  338    -8.0952503291E+00     3.2577871723E-07
  339    -8.0866135098E+00     2.1864470283E-07
  340    -8.0866123510E+00     2.7010899429E-07
  341    -8.0749598028E+00     3.4099002713E-07
  342    -8.0749583610E+00     4.3462183364E-07
  343    -8.0512537913E+00     2.5264989305E-07
  344    -8.0195199458E+00     2.4710946587E-07
  345    -8.0195178709E+00     2.6825594091E-07
  346    -8.0082583301E+00     2.1271787176E-07
  347    -7.9862899162E+00     3.7657005112E-07
  348    -7.9032949308E+00     3.3530051530E-07
  349    -7.9030170844E+00     2.4054813525E-07
  350    -7.9030145581E+00     4.0971885859E-07
  351    -7.8794192758E+00     3.3957250444E-07
  352    -7.8794182977E+00     2.8879040642E-07
  353    -7.7970041467E+00     2.8296264851E-07
  354    -7.7944789121E+00     1.7155655274E-07
  355    -7.7944680057E+00     2.6705808698E-07
  356    -7.7917613398E+00     3.8022602105E-07
  357    -7.7901763286E+00     4.6103752543E-07
  358    -7.7901747954E+00     3.6989296823E-07
  359    -7.7766943831E+00     2.0518489766E-07
  360    -7.7766923997E+00     3.0188429856E-07
  361    -7.7761564588E+00     3.3960655667E-07
  362    -7.7623448195E+00     2.3385433459E-07
  363    -7.7534771314E+00     2.7547679352E-07
  364    -7.7534734608E+00     2.1029844158E-07
  365    -7.7248800326E+00     2.8678053907E-07
  366    -7.7248781351E+00     2.8327014790E-07
  367    -7.7013773390E+00     2.9938949812E-07
  368    -7.6525463026E+00     3.0772432403E-07
  369    -7.6509209852E+00     3.9829279935E-07
  370    -7.6509197199E+00     3.5477173942E-07
  371    -7.6470205802E+00     2.8523917146E-07
  372    -7.6245403204E+00     4.5615950760E-07
  373    -7.6245369563E+00     3.2475397474E-07
  374    -7.6034246994E+00     3.6034369957E-07
  375    -7.6034201658E+00     6.3779212957E-07
  376    -7.6024979334E+00     3.4011538087E-07
  377    -7.5652529431E+00     2.4147876121E-07
  378    -7.5652518844E+00     3.5345999819E-07
  379    -7.5567104579E+00     2.8149394989E-07
  380    -7.2377749318E+00     3.0143516360E-07
  381    -7.2352618530E+00     2.4615324440E-07
  382    -7.2338456765E+00     2.4826182183E-07
  383    -7.2338433616E+00     1.9654356260E-07
  384    -7.2256923076E+00     2.1484983769E-07
  385    -7.2256859312E+00     2.8989525504E-07
  386    -7.2243710224E+00     2.6185042318E-07
  387    -7.2163882072E+00     4.6301376902E-07
  388    -7.2163843404E+00     4.3279390730E-07
  389    -7.1300142443E+00     2.7814415383E-07
  390    -7.1270141347E+00     2.7030107602E-07
  391    -7.1270136633E+00     3.9670298139E-07
  392    -7.0716908175E+00     3.7145163563E-07
  393    -7.0710504772E+00     3.9000466283E-07
  394    -7.0710490624E+00     2.7099467266E-07
  395    -7.0251576260E+00     3.4979565135E-07
  396    -7.0247288505E+00     3.0848805325E-07
  397    -7.0247272893E+00     2.6319246173E-07
  398    -7.0232426866E+00     2.8326267413E-07
  399    -6.9796467659E+00     3.9116601150E-07
  400    -6.9796457560E+00     5.5818328839E-07
  401    -6.9317572058E+00     5.5515843086E-07
  402    -6.9317554074E+00     4.5023884383E-07
  403    -6.9294416100E+00     2.8210770176E-07
  404    -6.8095341955E+00     2.4159218873E-07
  405    -6.8095315519E+00     3.8849262172E-07
  406    -6.7498373490E+00     4.9651622647E-07
  407    -6.7478969595E+00     4.3212783066E-07
  408    -6.6843912773E+00     3.2706768993E-07
  409    -6.6750068026E+00     3.1837167207E-07
  410    -6.6736410066E+00     2.0824405641E-07
  411    -6.6736362999E+00     2.9419564898E-07
  412    -6.6713634337E+00     3.1940978018E-07
  413    -6.6713610776E+00     2.2859234894E-07
  414    -6.6633146432E+00     2.3122576411E-07
  415    -6.6633080917E+00     4.0372102555E-07
  416    -6.6613202972E+00     4.5072902578E-07
  417    -6.5979553485E+00     4.8649238555E-07
  418    -6.5457677149E+00     3.4859874145E-07
  419    -6.5457657102E+00     2.6014739046E-07
  420    -6.5373314261E+00     4.6909308657E-07
  421    -6.5364770593E+00     3.7119010140E-07
  422    -6.5364759681E+00     5.2601893327E-07
  423    -6.5318911802E+00     3.2894385409E-07
  424    -6.5309114284E+00     3.2868783302E-07
  425    -6.5309103316E+00     2.4158776353E-07
  426    -6.5001351460E+00     3.4033848933E-07
  427    -6.5001340666E+00     2.1987639086E-07
  428    -6.4962398737E+00     3.0208359408E-07
  429    -6.4377798219E+00     4.1902690882E-07
  430    -6.4237577573E+00     3.4218358269E-07
  431    -6.4237567088E+00     3.2083302648E-07
  432    -6.4197442154E+00     3.8502900873E-07
  433    -6.4153410502E+00     3.9573850920E-07
  434    -6.4153385288E+00     3.3321169882E-07
  435    -6.3968078299E+00     3.0636202529E-07
  436    -6.3968058919E+00     4.0431153686E-07
  437    -6.3798699214E+00     3.5592656299E-07
  438    -6.3739719725E+00     3.7225066919E-07
  439    -6.3739697500E+00     4.4714658554E-07
  440    -6.3337064526E+00     4.4099179601E-07
  441    -6.3317003071E+00     4.1585181244E-07
  442    -6.3316971146E+00     3.1792070567E-07
  443    -6.3315202651E+00     2.9695115242E-07
  444    -6.3281838989E+00     2.5964125217E-07
  445    -6.3281814489E+00     3.7432813944E-07
  446    -6.3233864995E+00     3.8746902885E-07
  447    -6.3168272709E+00     3.5841574044E-07
  448    -6.3168260284E+00     4.5387792872E-07
  449    -6.2790591315E+00     2.4209080738E-07
  450    -6.2562606593E+00     3.3304506300E-07
  451    -6.2562601807E+00     4.4347331388E-07
  452    -6.2306746706E+00     4.2222505359E-07
  453    -6.1515258742E+00     4.1613855126E-07
  454    -6.1515244833E+00     5.6043608081E-07
  455    -6.1218359392E+00     3.3554438149E-07
  456    -6.1195644636E+00     4.9066233153E-07
  457    -6.1195619185E+00     3.2141489253E-07
  458    -6.1112684926E+00     4.3836707555E-07
  459    -6.1112648796E+00     3.4292505668E-07
  460    -6.1085362951E+00     4.5853182285E-07
  461    -5.9653379506E+00     7.0487972449E-07
  462    -5.9637752336E+00     3.8102123781E-07
  463    -5.9637723857E+00     6.0825902098E-07
  464    -5.9574848211E+00     4.3560764246E-07
  465    -5.9416994976E+00     5.2428456371E-07
  466    -5.9416955083E+00     4.2898406613E-07
  467    -5.9314432630E+00     3.6449512444E-07
  468    -5.9314425463E+00     4.1360478083E-07
  469    -5.9224521699E+00     3.9610950076E-07
  470    -5.8910930041E+00     5.5748303376E-07
  471    -5.8910912293E+00     4.6454571806E-07
  472    -5.8896327180E+00     3.8688769699E-07
  473    -5.8729328036E+00     4.2945969513E-07
  474    -5.8315790227E+00     4.4317793629E-07
  475    -5.8315782634E+00     5.1609464411E-07
  476    -5.7665898859E+00     3.5061961709E-07
  477    -5.7665892267E+00     3.1965663115E-07
  478    -5.7166490788E+00     7.8352711974E-07
  479    -5.6134062945E+00     4.4917896730E-07
  480    -5.6110602314E+00     5.1784225653E-07
  481    -5.6110586045E+00     3.6037799222E-07
  482    -5.5656118924E+00     4.2113909343E-07
  483    -5.5649912401E+00     4.2443029256E-07
  484    -5.5649853097E+00     4.0371685202E-07
  485    -5.5525625425E+00     5.2200124775E-07
  486    -5.4665955581E+00     8.2894938590E-07
  487    -5.4661936529E+00     3.6966889142E-07
  488    -5.4661931223E+00     4.5333772956E-07
  489    -5.4316212744E+00     6.3490995153E-07
  490    -5.4303318336E+00     4.9729371204E-07
  491    -5.4303303784E+00     3.0924548175E-07
  492    -5.3328519120E+00     5.7835848749E-07
  493    -5.3328508763E+00     6.5872928306E-07
  494    -5.3283394942E+00     4.2984954339E-07
  495    -5.2546192850E+00     5.5809196876E-07
  496    -5.2491589674E+00     3.9569311026E-07
  497    -5.2491583220E+00     3.8849009221E-07
  498    -5.2262606237E+00     5.6463792913E-07
  499    -5.2262596100E+00     5.7351365041E-07
  500    -5.2200318979E+00     1.1325559770E-06
  501    -5.2200298694E+00     4.9618900985E-07
  502    -5.2164379179E+00     4.7683769429E-07
  503    -5.1867112161E+00     6.2393046704E-07
  504    -5.1842237808E+00     5.8731989939E-07
  505    -5.1842226441E+00     4.3245134347E-07
  506    -5.1780733304E+00     4.7911123691E-07
  507    -5.1433146509E+00     7.4263118390E-07
  508    -5.0649703793E+00     6.0521119682E-07
  509    -5.0649646202E+00     6.5560067629E-07
  510    -5.0122829118E+00     5.6640715029E-07
  511    -5.0122817631E+00     6.8921158521E-07
  512    -4.9946601016E+00     5.4333094382E-07
  513    -4.9727051457E+00     9.4740031509E-07
  514    -4.9542376320E+00     6.1401850425E-07
  515    -4.9542360109E+00     5.0620644088E-07
  516    -4.9353950113E+00     5.1569371471E-07
  517    -4.8987126791E+00     8.0867388886E-07
  518    -4.8987105449E+00     8.0957230615E-07
  519    -4.8846705344E+00     6.7423502589E-07
  520    -4.8846677796E+00     4.3527434949E-07
  521    -4.8482600109E+00     7.3827851262E-07
  522    -4.8482598941E+00     5.8826854917E-07
  523    -4.8450333263E+00     7.7362625324E-07
  524    -4.8189782807E+00     7.9027127215E-07
  525    -4.8189749196E+00     4.8984523156E-07
  526    -4.8177903032E+00     6.2319172197E-07
  527    -4.8103469183E+00     5.0191556320E-07
  528    -4.8103454920E+00     3.8508671915E-07
  529    -4.8055016365E+00     7.2226944597E-07
  530    -4.8014226453E+00     6.3844301441E-07
  531    -4.8014192451E+00     4.8169135877E-07
  532    -4.7945266270E+00     5.3014137928E-07
  533    -4.7628319620E+00     8.1636455829E-07
  534    -4.7613669116E+00     7.8516897047E-07
  535    -4.7613661681E+00     6.7997938677E-07
  536    -4.7389596215E+00     8.2720502690E-07
  537    -4.7215211229E+00     5.2798536360E-07
  538    -4.7215207731E+00     5.9184112207E-07
  539    -4.7136827378E+00     7.9020838817E-07
  540    -4.7136813729E+00     5.1832081674E-07
  541    -4.7134669782E+00     6.7698903630E-07
  542    -4.7012092389E+00     6.1369231621E-07
  543    -4.7012072392E+00     5.7810015206E-07
  544    -4.6959172328E+00     7.2068913482E-07
  545    -4.6942976302E+00     5.5694827640E-07
  546    -4.6942953262E+00     6.5863870395E-07
  547    -4.6823176969E+00     6.9263210668E-07
  548    -4.6281839172E+00     5.2563386204E-07
  549    -4.6281829192E+00     6.0290034203E-07
  550    -4.6214912586E+00     6.2284105600E-07
  551    -4.6103064364E+00     7.7826062917E-07
  552    -4.5475681430E+00     7.9995848670E-07
  553    -4.5475644190E+00     6.9206906652E-07
  554    -4.5441871435E+00     7.0955703118E-07
  555    -4.5050432361E+00     7.1366854778E-07
  556    -4.5044338725E+00     8.2202770520E-07
  557    -4.5044334269E+00     6.0160113605E-07
  558    -4.4865410846E+00     6.5599826809E-07
  559    -4.4865394167E+00     6.0835506642E-07
  560    -4.4331501896E+00     8.0063475353E-07
  561    -4.4331478987E+00     9.5542371386E-07
  562    -4.4325002388E+00     1.2226207286E-06
  563    -4.3432256058E+00     6.3601480800E-07
  564    -4.3349686494E+00     7.1192830223E-07
  565    -4.3349673755E+00     5.2438202696E-07
  566    -4.2917552836E+00     8.5176086821E-07
  567    -4.2906154327E+00     6.7731742582E-07
  568    -4.2906137016E+00     5.2552806035E-07
  569    -4.2702244102E+00     5.1362187825E-07
  570    -4.2702236534E+00     9.0063751778E-07
  571    -4.2338570562E+00     1.0564273010E-06
  572    -4.2173968935E+00     7.5648673631E-07
  573    -4.1920449692E+00     8.7732270782E-07
  574    -4.1795616370E+00     6.9659697441E-07
  575    -4.1746974470E+00     6.2052034747E-07
  576    -4.1746958471E+00     8.7618631745E-07
  577    -4.1724858060E+00     8.0796809992E-07
  578    -4.1724849107E+00     6.4525968100E-07
  579    -4.1315616723E+00     7.3503207178E-07
  580    -4.1315596307E+00     7.6629840180E-07
  581    -4.1108810564E+00     6.1220283487E-07
  582    -4.1108795537E+00     6.3665521545E-07
  583    -4.0994823686E+00     7.2396576865E-07
  584    -3.9929368763E+00     1.1179717455E-06
  585    -3.9929345290E+00     1.3706958821E-06
  586    -3.9910261908E+00     9.8251517089E-07
  587    -3.9825005181E+00     7.6440054965E-07
  588    -3.9824997495E+00     7.8737000140E-07
  589    -3.9817599107E+00     1.1497580214E-06
  590    -3.9451714472E+00     9.3999620361E-07
  591    -3.9140190629E+00     8.1785034551E-07
  592    -3.9140160983E+00     9.8619718935E-07
  593    -3.8660035761E+00     9.2172461725E-07
  594    -3.7914665326E+00     1.0851048431E-06
  595    -3.7914658362E+00     1.0599255413E-06
  596    -3.7889794122E+00     1.0035086450E-06
  597    -3.7059648178E+00     1.0860616214E-06
  598    -3.6901794722E+00     9.9636422844E-07
  599    -3.6901776072E+00     1.3675819549E-06
  600    -3.6399505109E+00     1.1034311866E-06
  601    -3.6125185455E+00     8.5608629690E-07
  602    -3.5910744896E+00     1.2861128827E-06
  603    -3.5910729553E+00     1.3638038362E-06
  604    -3.5907383769E+00     1.0832642231E-06
  605    -3.5413063874E+00     1.1328182353E-06
  606    -3.5413060226E+00     1.2872423723E-06
  607    -3.5407111589E+00     1.9269649679E-06
  608    -3.5320050807E+00     1.2052051924E-06
  609    -3.5320039378E+00     1.3630065465E-06
  610    -3.5227535151E+00     1.2436400742E-06
  611    -3.5202322723E+00     1.4479494158E-06
  612    -3.5202292025E+00     1.2884807999E-06
  613    -3.4760856177E+00     7.3077332373E-07
  614    -3.4760855770E+00     1.1180259470E-06
  615    -3.4657217620E+00     1.2543326157E-06
  616    -3.4657196668E+00     1.4006397340E-06
  617    -3.4623157590E+00     9.8332425217E-07
  618    -3.3841474874E+00     1.0816126781E-06
  619    -3.3830082955E+00     1.1127495607E-06
  620    -3.3830055962E+00     1.1800125829E-06
  621    -3.3816205439E+00     1.3138642833E-06
  622    -3.3816195926E+00     1.0312914712E-06
  623    -3.3273246944E+00     1.1143609231E-06
  624    -3.3232069018E+00     9.0822456159E-07
  625    -3.3232037016E+00     1.0790675528E-06
  626    -3.3174583533E+00     9.7990150562E-07
  627    -3.3094411654E+00     1.2427460586E-06
  628    -3.3069340565E+00     8.6967262039E-07
  629    -3.3069336292E+00     1.3436153854E-06
  630    -3.2855016151E+00     1.4130894425E-06
  631    -3.2473797591E+00     1.1618797457E-06
  632    -3.2473793819E+00     1.7170106826E-06
  633    -3.2169169375E+00     1.3866440337E-06
  634    -3.2058463968E+00     1.2909367451E-06
  635    -3.2058455919E+00     1.0139203996E-06
  636    -3.2045164262E+00     1.3535213223E-06
  637    -3.1519967467E+00     9.7874724687E-07
  638    -3.1519961887E+00     1.0547618474E-06
  639    -3.1236410570E+00     1.3068108532E-06
  640    -3.1156134437E+00     9.3620220983E-07
  641    -3.0716664070E+00     1.2494677430E-06
  642    -3.0716661028E+00     1.3180398918E-06
  643    -3.0054412884E+00     1.4393021840E-06
  644    -3.0054400075E+00     1.4323992029E-06
  645    -2.9706420998E+00     1.7624146075E-06
  646    -2.9649003765E+00     1.6398836588E-06
  647    -2.9632435258E+00     1.2816537376E-06
  648    -2.9632421106E+00     2.2110431735E-06
  649    -2.9438145191E+00     1.3458816293E-06
  650    -2.9438128960E+00     1.1270777403E-06
  651    -2.9429646711E+00     1.0409644358E-06
  652    -2.9429641840E+00     1.7965204352E-06
  653    -2.9416298894E+00     1.1349702668E-06
  654    -2.9396191467E+00     1.7073011972E-06
  655    -2.9285742880E+00     1.9738690847E-06
  656    -2.9045387660E+00     1.1270748083E-06
  657    -2.9012614541E+00     1.4701126496E-06
  658    -2.9012599420E+00     1.2551343574E-06
  659    -2.8893202336E+00     1.5481175388E-06
  660    -2.8893183337E+00     1.4511578606E-06
  661    -2.8853696478E+00     1.1812068991E-06
  662    -2.8782718189E+00     1.4315504721E-06
  663    -2.8782697844E+00     1.1711019806E-06
  664    -2.8399297613E+00     9.4285763066E-07
  665    -2.8399275061E+00     1.8964656579E-06
  666    -2.8188614972E+00     1.6474692745E-06
  667    -2.8188601103E+00     1.5675134990E-06
  668    -2.8171872328E+00     2.1139715067E-06
  669    -2.7971385994E+00     1.6382602615E-06
  670    -2.7392976181E+00     1.5128203926E-06
  671    -2.7367145191E+00     1.2626589336E-06
  672    -2.7367127226E+00     1.6598409803E-06
  673    -2.7142666196E+00     1.8488069597E-06
  674    -2.7142640658E+00     1.6177436312E-06
  675    -2.6961894230E+00     1.1731479835E-06
  676    -2.6961882367E+00     2.0958778504E-06
  677    -2.6884585596E+00     2.0827571474E-06
  678    -2.6146863508E+00     1.4993870987E-06
  679    -2.6146853292E+00     1.7399626365E-06
  680    -2.5719573241E+00     1.7457886592E-06
  681    -2.5311808006E+00     1.8370219728E-06
  682    -2.5311799704E+00     1.9519249412E-06
  683    -2.4759196910E+00     2.7978059764E-06
  684    -2.4759189968E+00     3.0550696150E-06
  685    -2.4747410754E+00     2.3533788904E-06
  686    -2.4740968773E+00     2.0315952783E-06
  687    -2.4274058594E+00     2.1985712147E-06
  688    -2.4208267543E+00     2.0605889957E-06
  689    -2.4208261839E+00     1.4409400716E-06
  690    -2.4123098154E+00     2.1564529504E-06
  691    -2.4104442441E+00     1.5373581986E-06
  692    -2.4104436420E+00     2.2616585320E-06
  693    -2.3967791825E+00     2.5381993613E-06
  694    -2.3830009952E+00     2.0455367258E-06
  695    -2.3732931658E+00     2.0398762457E-06
  696    -2.3732907674E+00     3.6534067334E-06
  697    -2.3666440857E+00     1.7458059883E-06
  698    -2.3159249399E+00     2.5100189548E-06
  699    -2.3159238812E+00     2.5420690191E-06
  700    -2.2996155654E+00     2.8495504375E-06
  701    -2.2730087975E+00     4.1499464211E-06
  702    -2.2706836429E+00     3.9633256572E-06
  703    -2.2706830694E+00     3.9494793358E-06
  704    -2.2225391474E+00     3.4540084489E-06
  705    -2.2225372848E+00     3.1385877794E-06
  706    -2.1596477268E+00     3.3364805467E-06
  707    -2.1558312272E+00     3.0120824120E-06
  708    -2.1558297470E+00     3.3967952911E-06
  709    -2.1334064711E+00     2.6588821455E-06
  710    -2.1334047696E+00     3.9286957846E-06
  711    -2.1317580318E+00     3.2223650966E-06
  712    -2.1317566383E+00     4.5427647838E-06
  713    -2.1243513703E+00     2.9691943799E-06
  714    -2.1243052995E+00     3.7513406545E-06
  715    -2.1208772877E+00     3.1557268291E-06
  716    -2.1208759668E+00     3.2287522713E-06
  717    -2.1032866715E+00     2.9601571142E-06
  718    -2.1002726852E+00     2.9595806075E-06
  719    -2.1002718716E+00     2.9641861692E-06
  720    -2.0793828996E+00     2.9896427932E-06
  721    -2.0793823006E+00     4.0093335310E-06
  722    -2.0779334197E+00     2.8907607872E-06
  723    -2.0486490058E+00     3.0573706073E-06
  724    -2.0486487350E+00     2.9933772249E-06
  725    -2.0449438678E+00     3.4641777943E-06
  726    -2.0195818391E+00     2.8465620430E-06
  727    -2.0195812664E+00     2.4014565083E-06
  728    -2.0139352191E+00     3.2333356309E-06
  729    -1.9687942558E+00     3.0361614349E-06
  730    -1.9565175450E+00     3.0606376258E-06
  731    -1.9565166776E+00     3.2672935884E-06
  732    -1.8871457788E+00     3.4472986286E-06
  733    -1.8707253141E+00     4.3964582858E-06
  734    -1.8459922975E+00     3.4346135263E-06
  735    -1.8459915171E+00     6.2162610672E-06
  736    -1.8443031038E+00     3.2837627318E-06
  737    -1.8381640663E+00     3.5796212887E-06
  738    -1.8381636148E+00     4.7730797294E-06
  739    -1.8325622865E+00     4.0651042944E-06
  740    -1.8325612944E+00     4.0337499536E-06
  741    -1.8296816040E+00     3.3216163778E-06
  742    -1.7944216108E+00     5.0291674686E-06
  743    -1.7819643881E+00     3.5072324588E-06
  744    -1.7819637088E+00     3.9800711991E-06
  745    -1.7506877295E+00     4.4304259374E-06
  746    -1.7506874010E+00     2.8138256530E-06
  747    -1.7384023309E+00     4.7058775453E-06
  748    -1.7276453153E+00     4.8777089023E-06
  749    -1.7276444447E+00     5.8246638283E-06
  750    -1.7267118855E+00     4.2685078798E-06
  751    -1.7106573545E+00     4.1432720635E-06
  752    -1.7106571309E+00     4.3262490022E-06
  753    -1.7078313106E+00     4.1197937932E-06
  754    -1.6730695650E+00     4.7355416851E-06
  755    -1.6612174640E+00     3.6870294232E-06
  756    -1.6612164821E+00     3.9444597014E-06
  757    -1.6509666900E+00     5.2220134492E-06
  758    -1.6509608314E+00     7.9527274389E-06
  759    -1.6509602055E+00     5.0595746408E-06
  760    -1.6375670350E+00     4.2868280224E-06
  761    -1.6344855924E+00     4.1334529271E-06
  762    -1.6344849502E+00     4.3198077748E-06
  763    -1.6270964479E+00     5.2846132239E-06
  764    -1.6270951824E+00     3.6554535618E-06
  765    -1.6223264422E+00     4.5889605534E-06
  766    -1.6013486523E+00     5.3135959273E-06
  767    -1.5911381794E+00     5.6464792362E-06
  768    -1.5911373803E+00     5.5854525246E-06
  769    -1.5716634867E+00     8.4445875854E-06
  770    -1.5716630408E+00     1.0893152691E-05
  771    -1.5114068357E+00     4.9063819718E-06
  772    -1.5114065017E+00     6.1868377312E-06
  773    -1.5096830050E+00     4.7939026103E-06
  774    -1.5096822508E+00     5.5532095321E-06
  775    -1.5095662789E+00     5.8667486334E-06
  776    -1.5036396014E+00     6.9563940549E-06
  777    -1.4729572776E+00     6.2062712060E-06
  778    -1.4701287827E+00     6.3020016536E-06
  779    -1.4701280522E+00     5.5708077830E-06
  780    -1.4506182338E+00     7.6789597127E-06
  781    -1.4506174079E+00     9.5836660651E-06
  782    -1.3963273039E+00     6.7195247429E-06
  783    -1.3963263559E+00     8.4707662101E-06
  784    -1.3542494382E+00     5.3371735690E-06
  785    -1.3255964083E+00     7.1418340912E-06
  786    -1.3193986395E+00     6.9541420091E-06
  787    -1.3193979202E+00     8.8012737169E-06
  788    -1.3124343548E+00     7.8933295493E-06
  789    -1.2918479665E+00     8.9886383264E-06
  790    -1.2918475452E+00     8.6622201006E-06
  791    -1.2856045823E+00     7.7663302602E-06
  792    -1.2250233458E+00     7.3679428274E-06
  793    -1.2217715321E+00     7.6256391644E-06
  794    -1.2217712232E+00     9.9372230401E-06
  795    -1.1911227159E+00     1.2403543487E-05
  796    -1.1911221594E+00     9.7234644136E-06
  797    -1.1860558685E+00     1.1450751327E-05
  798    -1.1737308194E+00     1.2193619674E-05
  799    -1.1737299570E+00     1.0683738869E-05
  800    -1.1704370275E+00     9.9142156783E-06
  801    -1.1184920786E+00     1.5206710998E-05
  802    -1.1144979689E+00     1.0634618272E-05
  803    -1.1144976453E+00     1.3142771214E-05
  804    -1.0069068695E+00     1.0291592146E-05
  805    -1.0069065161E+00     1.2849135607E-05
  806    -1.0064019626E+00     1.1125039140E-05
  807    -9.7425005803E-01     1.5677816545E-05
  808    -9.6996521191E-01     1.0974543558E-05
  809    -9.6996478667E-01     1.1534097314E-05
  810    -9.5397913864E-01     1.1994894465E-05
  811    -9.4672430505E-01     1.5838073310E-05
  812    -9.4672412241E-01     1.5493183964E-05
  813    -9.3286920486E-01     1.7913271813E-05
  814    -9.1892871997E-01     1.5301340747E-05
  815    -9.1226325430E-01     1.8322083460E-05
  816    -9.0869957907E-01     1.4605390799E-05
  817    -9.0869884208E-01     1.1868072035E-05
  818    -9.0401801309E-01     1.8720671650E-05
  819    -9.0401792212E-01     1.6729918398E-05
  820    -8.9854139645E-01     2.3058924473E-05
  821    -8.8967560915E-01     1.5590308562E-05
  822    -8.7281265532E-01     1.5012061516E-05
  823    -8.7281175916E-01     2.4357843093E-05
  824    -8.6495875379E-01     1.5672824362E-05
  825    -8.6495845053E-01     2.0888976662E-05
  826    -8.5509192044E-01     1.5742637046E-05
  827    -7.9037527737E-01     1.9173646042E-05
  828    -7.9037494201E-01     2.7185216477E-05
  829    -7.6185703005E-01     2.2367641438E-05
  830    -7.6185661695E-01     2.2115971604E-05
  831    -7.4521492125E-01     2.0691782543E-05
  832    -7.3312717248E-01     2.0610230678E-05
  833    -7.3312663033E-01     2.1293850225E-05
  834    -7.3031119455E-01     2.1506338157E-05
  835    -7.2634334811E-01     2.4983648076E-05
  836    -7.2634285695E-01     3.3805075156E-05
  837    -7.0746024087E-01     1.8059240124E-05
  838    -7.0696418494E-01     3.5054322541E-05
  839    -7.0696379328E-01     2.2536081833E-05
  840    -6.9659103196E-01     2.9417503394E-05
  841    -6.8953143371E-01     4.2862147330E-05
  842    -6.8953095881E-01     2.3026653523E-05
  843    -6.8879602434E-01     2.6190588359E-05
  844    -6.7740000912E-01     2.7876065888E-05
  845    -6.4950567597E-01     2.5766402432E-05
  846    -6.4395514702E-01     2.1649788443E-05
  847    -6.4395502334E-01     2.8642499753E-05
  848    -6.2892229239E-01     4.1648275981E-05
  849    -6.2892192651E-01     4.8288316958E-05
  850    -6.0367551926E-01     3.0673386484E-05
  851    -5.4327710556E-01     3.7628115101E-05
  852    -5.4327685374E-01     3.3111452658E-05
  853    -5.3556941461E-01     5.9532055790E-05
  854    -5.3556928234E-01     3.5746283023E-05
  855    -5.1262281015E-01     5.7500915807E-05
  856    -4.8339771725E-01     8.5572203966E-05
  857    -4.8339738276E-01     6.1004383993E-05
  858    -4.5611809709E-01     6.5678290074E-05
  859    -4.5444786515E-01     7.3309293417E-05
  860    -4.5444753147E-01     7.5758999001E-05
  861    -4.4514990967E-01     5.9888239613E-05
  862    -4.3569515446E-01     1.4220131018E-04
  863    -4.3569502842E-01     8.2830993678E-05
  864    -4.1935182781E-01     7.1559133583E-05
  865    -4.1930159453E-01     7.4130252349E-05
  866    -4.1930115046E-01     6.3750778614E-05
  867    -3.9801956259E-01     8.6765304613E-05
  868    -3.9801930630E-01     6.9452630303E-05
  869    -3.8959993783E-01     7.6085226686E-05
  870    -3.8126244311E-01     1.1785407001E-04
  871    -3.7615375885E-01     7.5825612610E-05
  872    -3.7615361824E-01     8.3557178457E-05
  873    -3.6839277803E-01     9.0683011393E-05
  874    -3.6084388593E-01     1.1896302773E-04
  875    -3.6084351789E-01     7.0289548320E-05
  876    -3.5065304406E-01     1.1498288880E-04
  877    -3.5065293662E-01     8.4271546385E-05
  878    -3.4012982684E-01     1.2636506247E-04
  879    -3.2855579900E-01     1.5579443840E-04
  880    -3.2855540124E-01     1.1993137487E-04
  881    -3.1870561933E-01     1.1235291126E-04
  882    -3.1359385763E-01     1.3787357396E-04
  883    -3.1359366798E-01     7.3589176900E-05
  884    -3.0508696656E-01     1.2967133134E-04
  885    -3.0416776895E-01     1.3537154363E-04
  886    -2.9453277303E-01     1.4413970193E-04
  887    -2.9453251877E-01     2.4302359350E-04
  888    -2.9186224750E-01     2.2165236115E-04
  889    -2.8023863421E-01     1.7156938315E-04
  890    -2.7181577862E-01     2.2012600219E-04
  891    -2.7181549347E-01     1.6618917074E-04
  892    -2.7089958342E-01     1.9740445386E-04
  893    -2.6473633603E-01     1.8055022884E-04
  894    -2.6469018207E-01     1.0234220219E-04
  895    -2.6468997111E-01     1.2211078639E-04
  896    -2.5863754533E-01     1.8643355050E-04
  897    -2.2921908222E-01     1.9999574017E-04
  898    -2.2921890865E-01     2.1319133990E-04
  899    -2.1424494197E-01     2.4593401216E-04
  900    -2.1015963193E-01     3.0746262398E-04
  901    -2.1015937172E-01     2.3222760326E-04
  902    -1.9340688371E-01     2.2495695332E-04
  903    -1.9340675340E-01     3.3479531504E-04
  904    -1.7994820223E-01     4.5497046594E-04
  905    -1.7994797633E-01     4.9163889315E-04
  906    -1.6477500228E-01     4.7540077738E-04
  907    -1.5970272405E-01     3.6570734756E-04
  908    -1.5970205308E-01     6.9887361236E-04
  909    -1.5786467099E-01     5.0495135348E-04
  910    -1.5559168358E-01     3.5715095234E-04
  911    -1.4592592415E-01     6.0167348313E-04
  912    -1.4592556280E-01     7.3460176516E-04
  913    -1.4138175963E-01     3.2897117512E-04
  914    -1.4138161380E-01     8.3731355569E-04
  915    -1.3079401231E-01     7.0485891674E-04
  916    -1.3079367978E-01     7.8561996473E-04
  917    -1.1864351262E-01     1.4595183157E-03
  918    -8.9363860010E-02     1.7767950824E-03
  919    -8.9363560954E-02     1.8005603421E-03
  920    -8.4877434383E-02     2.0031299837E-03
  921    -8.4877221428E-02     1.8505770433E-03
  922    -7.7803152521E-02     2.8126896512E-03
  923    -6.1757145382E-02     4.0489643173E-03
  924    -6.1756439061E-02     5.8247569007E-03
  925    -5.5243949566E-02     4.7315547055E-03
  926    -4.0641849730E-02     1.0197275855E-02
  927    -4.0641620634E-02     7.0619172359E-03
  928    -2.6636023657E-02     2.8392852222E-02
  929    -1.4840134569E-02     7.7871622696E-02
  930    -1.4839844050E-02     9.3146953395E-02
  931    -1.1968737340E-02     1.9832062678E-01
  932    -4.7784663717E-03     6.6386611681E-01
  933    -3.2090566569E-03     2.2364681679E+00
  934     5.7657658820E-03     1.2883964910E+00
  935     9.5857932246E-03     2.4462731147E-01
  936     9.5862338111E-03     2.5063918109E-01
  937     1.3674979780E-02     1.4959313713E-01
  938     1.3675101309E-02     2.1645873847E-01
  939     1.5496447353E-02     1.3809609115E-01
  940     1.5821120157E-02     4.6010375872E-02
  941     1.5960598218E-02     1.0423974108E-01
  942     1.5961324641E-02     1.2531470479E-01
  943     2.0964338912E-02     8.3282025808E-02
  944     2.2405855416E-02     5.0300024087E-02
  945     2.4381522829E-02     2.1881699600E-02
  946     2.4382321767E-02     2.7635250267E-02
  947     2.5416369868E-02     3.5160996806E-02
  948     2.5416756621E-02     4.0386539766E-02
  949     2.8379160269E-02     4.1308127359E-02
  950     2.9653386593E-02     4.1442922711E-02
  951     2.9965501732E-02     8.6403184469E-03
  952     2.9965810068E-02     1.8285011629E-02
  953     3.2788444796E-02     2.8385357895E-02
  954     3.7492044665E-02     1.3618612606E-02
  955     3.7492610151E-02     1.3410871797E-02
  956     3.8686052679E-02     1.2966477713E-02
  957     3.8686078948E-02     1.6304185629E-02
  958     4.0331617345E-02     2.8115233454E-02
  959     4.1376884261E-02     1.2723379911E-02
  960     4.1377549009E-02     1.7456387078E-02
  961     4.2469217599E-02     1.8290681875E-02
  962     4.2782309891E-02     1.2692576142E-02
  963     4.2961074429E-02     1.2841073964E-02
  964     4.2961427845E-02     1.7060060109E-02
  965     4.6116617544E-02     1.7827340441E-02
  966     4.6792190776E-02     1.7704264943E-02
  967     4.6793005885E-02     1.9670958086E-02
  968     4.8505258603E-02     1.5218402117E-02
  969     4.8727146046E-02     1.2021021218E-02
  970     4.8965909607E-02     1.2375829121E-02
  971     4.8966205620E-02     1.1706131648E-02
  972     4.9542494006E-02     5.5914275487E-03
  973     4.9542809219E-02     4.1717322367E-03
  974     5.0139658336E-02     1.0633346630E-02
  975     5.4408051272E-02     5.9085845974E-03
  976     5.4408427987E-02     4.9677989628E-03
  977     5.4774943593E-02     5.8125403350E-03
  978     5.4775208011E-02     8.8073746679E-03
  979     5.7385406136E-02     1.0555749814E-02
  980     5.8033242019E-02     8.7008349833E-03
  981     5.8033430092E-02     9.8282639092E-03
  982     5.9201537060E-02     3.9925772420E-03
  983     5.9445434430E-02     7.3675560663E-03
  984     6.0081399161E-02     5.0657303453E-03
  985     6.0081585206E-02     6.3849611803E-03
  986     6.2707864046E-02     5.1922056546E-03
  987     6.2708180322E-02     4.3812817233E-03
  988     6.3027003957E-02     5.0475982998E-03
  989     6.3508456172E-02     4.7023535560E-03
  990     6.3508802523E-02     7.0880401055E-03
  991     6.3997762652E-02     8.6713163492E-03
  992     6.7402102561E-02     7.7088752852E-03
  993     6.8168086481E-02     6.6999192873E-03
  994     6.8168611660E-02     5.1031865350E-03
  995     6.8356704701E-02     5.8701090134E-03
  996     6.9772179243E-02     6.1456619762E-03
  997     6.9772422963E-02     6.6919325493E-03
  998     7.0248121486E-02     6.1840053265E-03
  999     7.0345342057E-02     6.3201924431E-03
 1000     7.0345958704E-02     6.2963655892E-03
 1001     7.0484829026E-02     8.4169299606E-03
 1002     7.2522584926E-02     6.3206073629E-03
 1003     7.2548624433E-02     4.6725225174E-03
 1004     7.3458586986E-02     4.6893155558E-03
 1005     7.3458758925E-02     3.6123999679E-03
 1006     7.5911195940E-02     4.2893674534E-03
 1007     7.5912344484E-02     4.4891535437E-03
 1008     7.6815375311E-02     5.2001776035E-03
 1009     7.6815715013E-02     4.7960807979E-03
 1010     7.9373466654E-02     5.2208411277E-03
 1011     8.0963737592E-02     3.5432943848E-03


 TOTAL TIME = 23960 [s]
