===============================================================================
 RRRRR  SSSSS  H   H  RRRRR    Zbigniew ROMANOWSKI                             
 R   R  S      H   H  R   R                                                    
 RRRRR  SSSSS  HHHHH  RRRRR    version: 5.4                                    
 R  R       S  H   H  R  R                                                     
 R   R  SSSSS  H   H  R   R    compilation date: Dec  8 2012 (20:50:40)                       
===============================================================================

PEs = 256

----INITIALIZATION----========================================================
DOMAIN:
    BsplDeg = 3, CubatOrder = 5, CubatNodeNo = 125
    h = 5.000000E-01
    Nx = 90,    Ny = 90,   Nz = 90
    X0 = -2.000000E+01,    Xmax = 2.500000E+01
    Y0 = -2.000000E+01,    Ymax = 2.500000E+01
    Z0 = -2.000000E+01,    Zmax = 2.500000E+01

NUMBER OF 'ATOMS' = 125
    Soft-r^4(d,a)=(-2.00, 0.10) at (x,y,z) = ( 0.00, 0.00, 0.00)
    Soft-r^4(d,a)=(-2.00, 0.10) at (x,y,z) = ( 0.00, 0.00, 1.30)
    Soft-r^4(d,a)=(-2.00, 0.10) at (x,y,z) = ( 0.00, 0.00, 2.60)
    Soft-r^4(d,a)=(-2.00, 0.10) at (x,y,z) = ( 0.00, 0.00, 3.90)
    Soft-r^4(d,a)=(-2.00, 0.10) at (x,y,z) = ( 0.00, 0.00, 5.20)
    Soft-r^4(d,a)=(-2.00, 0.10) at (x,y,z) = ( 0.00, 1.30, 0.00)
    Soft-r^4(d,a)=(-2.00, 0.10) at (x,y,z) = ( 0.00, 1.30, 1.30)
    Soft-r^4(d,a)=(-2.00, 0.10) at (x,y,z) = ( 0.00, 1.30, 2.60)
    Soft-r^4(d,a)=(-2.00, 0.10) at (x,y,z) = ( 0.00, 1.30, 3.90)
    Soft-r^4(d,a)=(-2.00, 0.10) at (x,y,z) = ( 0.00, 1.30, 5.20)
    Soft-r^4(d,a)=(-2.00, 0.10) at (x,y,z) = ( 0.00, 2.60, 0.00)
    Soft-r^4(d,a)=(-2.00, 0.10) at (x,y,z) = ( 0.00, 2.60, 1.30)
    Soft-r^4(d,a)=(-2.00, 0.10) at (x,y,z) = ( 0.00, 2.60, 2.60)
    Soft-r^4(d,a)=(-2.00, 0.10) at (x,y,z) = ( 0.00, 2.60, 3.90)
    Soft-r^4(d,a)=(-2.00, 0.10) at (x,y,z) = ( 0.00, 2.60, 5.20)
    Soft-r^4(d,a)=(-2.00, 0.10) at (x,y,z) = ( 0.00, 3.90, 0.00)
    Soft-r^4(d,a)=(-2.00, 0.10) at (x,y,z) = ( 0.00, 3.90, 1.30)
    Soft-r^4(d,a)=(-2.00, 0.10) at (x,y,z) = ( 0.00, 3.90, 2.60)
    Soft-r^4(d,a)=(-2.00, 0.10) at (x,y,z) = ( 0.00, 3.90, 3.90)
    Soft-r^4(d,a)=(-2.00, 0.10) at (x,y,z) = ( 0.00, 3.90, 5.20)
    Soft-r^4(d,a)=(-2.00, 0.10) at (x,y,z) = ( 0.00, 5.20, 0.00)
    Soft-r^4(d,a)=(-2.00, 0.10) at (x,y,z) = ( 0.00, 5.20, 1.30)
    Soft-r^4(d,a)=(-2.00, 0.10) at (x,y,z) = ( 0.00, 5.20, 2.60)
    Soft-r^4(d,a)=(-2.00, 0.10) at (x,y,z) = ( 0.00, 5.20, 3.90)
    Soft-r^4(d,a)=(-2.00, 0.10) at (x,y,z) = ( 0.00, 5.20, 5.20)
    Soft-r^4(d,a)=(-2.00, 0.10) at (x,y,z) = ( 1.30, 0.00, 0.00)
    Soft-r^4(d,a)=(-2.00, 0.10) at (x,y,z) = ( 1.30, 0.00, 1.30)
    Soft-r^4(d,a)=(-2.00, 0.10) at (x,y,z) = ( 1.30, 0.00, 2.60)
    Soft-r^4(d,a)=(-2.00, 0.10) at (x,y,z) = ( 1.30, 0.00, 3.90)
    Soft-r^4(d,a)=(-2.00, 0.10) at (x,y,z) = ( 1.30, 0.00, 5.20)
    Soft-r^4(d,a)=(-2.00, 0.10) at (x,y,z) = ( 1.30, 1.30, 0.00)
    Soft-r^4(d,a)=(-2.00, 0.10) at (x,y,z) = ( 1.30, 1.30, 1.30)
    Soft-r^4(d,a)=(-2.00, 0.10) at (x,y,z) = ( 1.30, 1.30, 2.60)
    Soft-r^4(d,a)=(-2.00, 0.10) at (x,y,z) = ( 1.30, 1.30, 3.90)
    Soft-r^4(d,a)=(-2.00, 0.10) at (x,y,z) = ( 1.30, 1.30, 5.20)
    Soft-r^4(d,a)=(-2.00, 0.10) at (x,y,z) = ( 1.30, 2.60, 0.00)
    Soft-r^4(d,a)=(-2.00, 0.10) at (x,y,z) = ( 1.30, 2.60, 1.30)
    Soft-r^4(d,a)=(-2.00, 0.10) at (x,y,z) = ( 1.30, 2.60, 2.60)
    Soft-r^4(d,a)=(-2.00, 0.10) at (x,y,z) = ( 1.30, 2.60, 3.90)
    Soft-r^4(d,a)=(-2.00, 0.10) at (x,y,z) = ( 1.30, 2.60, 5.20)
    Soft-r^4(d,a)=(-2.00, 0.10) at (x,y,z) = ( 1.30, 3.90, 0.00)
    Soft-r^4(d,a)=(-2.00, 0.10) at (x,y,z) = ( 1.30, 3.90, 1.30)
    Soft-r^4(d,a)=(-2.00, 0.10) at (x,y,z) = ( 1.30, 3.90, 2.60)
    Soft-r^4(d,a)=(-2.00, 0.10) at (x,y,z) = ( 1.30, 3.90, 3.90)
    Soft-r^4(d,a)=(-2.00, 0.10) at (x,y,z) = ( 1.30, 3.90, 5.20)
    Soft-r^4(d,a)=(-2.00, 0.10) at (x,y,z) = ( 1.30, 5.20, 0.00)
    Soft-r^4(d,a)=(-2.00, 0.10) at (x,y,z) = ( 1.30, 5.20, 1.30)
    Soft-r^4(d,a)=(-2.00, 0.10) at (x,y,z) = ( 1.30, 5.20, 2.60)
    Soft-r^4(d,a)=(-2.00, 0.10) at (x,y,z) = ( 1.30, 5.20, 3.90)
    Soft-r^4(d,a)=(-2.00, 0.10) at (x,y,z) = ( 1.30, 5.20, 5.20)
    Soft-r^4(d,a)=(-2.00, 0.10) at (x,y,z) = ( 2.60, 0.00, 0.00)
    Soft-r^4(d,a)=(-2.00, 0.10) at (x,y,z) = ( 2.60, 0.00, 1.30)
    Soft-r^4(d,a)=(-2.00, 0.10) at (x,y,z) = ( 2.60, 0.00, 2.60)
    Soft-r^4(d,a)=(-2.00, 0.10) at (x,y,z) = ( 2.60, 0.00, 3.90)
    Soft-r^4(d,a)=(-2.00, 0.10) at (x,y,z) = ( 2.60, 0.00, 5.20)
    Soft-r^4(d,a)=(-2.00, 0.10) at (x,y,z) = ( 2.60, 1.30, 0.00)
    Soft-r^4(d,a)=(-2.00, 0.10) at (x,y,z) = ( 2.60, 1.30, 1.30)
    Soft-r^4(d,a)=(-2.00, 0.10) at (x,y,z) = ( 2.60, 1.30, 2.60)
    Soft-r^4(d,a)=(-2.00, 0.10) at (x,y,z) = ( 2.60, 1.30, 3.90)
    Soft-r^4(d,a)=(-2.00, 0.10) at (x,y,z) = ( 2.60, 1.30, 5.20)
    Soft-r^4(d,a)=(-2.00, 0.10) at (x,y,z) = ( 2.60, 2.60, 0.00)
    Soft-r^4(d,a)=(-2.00, 0.10) at (x,y,z) = ( 2.60, 2.60, 1.30)
    Soft-r^4(d,a)=(-2.00, 0.10) at (x,y,z) = ( 2.60, 2.60, 2.60)
    Soft-r^4(d,a)=(-2.00, 0.10) at (x,y,z) = ( 2.60, 2.60, 3.90)
    Soft-r^4(d,a)=(-2.00, 0.10) at (x,y,z) = ( 2.60, 2.60, 5.20)
    Soft-r^4(d,a)=(-2.00, 0.10) at (x,y,z) = ( 2.60, 3.90, 0.00)
    Soft-r^4(d,a)=(-2.00, 0.10) at (x,y,z) = ( 2.60, 3.90, 1.30)
    Soft-r^4(d,a)=(-2.00, 0.10) at (x,y,z) = ( 2.60, 3.90, 2.60)
    Soft-r^4(d,a)=(-2.00, 0.10) at (x,y,z) = ( 2.60, 3.90, 3.90)
    Soft-r^4(d,a)=(-2.00, 0.10) at (x,y,z) = ( 2.60, 3.90, 5.20)
    Soft-r^4(d,a)=(-2.00, 0.10) at (x,y,z) = ( 2.60, 5.20, 0.00)
    Soft-r^4(d,a)=(-2.00, 0.10) at (x,y,z) = ( 2.60, 5.20, 1.30)
    Soft-r^4(d,a)=(-2.00, 0.10) at (x,y,z) = ( 2.60, 5.20, 2.60)
    Soft-r^4(d,a)=(-2.00, 0.10) at (x,y,z) = ( 2.60, 5.20, 3.90)
    Soft-r^4(d,a)=(-2.00, 0.10) at (x,y,z) = ( 2.60, 5.20, 5.20)
    Soft-r^4(d,a)=(-2.00, 0.10) at (x,y,z) = ( 3.90, 0.00, 0.00)
    Soft-r^4(d,a)=(-2.00, 0.10) at (x,y,z) = ( 3.90, 0.00, 1.30)
    Soft-r^4(d,a)=(-2.00, 0.10) at (x,y,z) = ( 3.90, 0.00, 2.60)
    Soft-r^4(d,a)=(-2.00, 0.10) at (x,y,z) = ( 3.90, 0.00, 3.90)
    Soft-r^4(d,a)=(-2.00, 0.10) at (x,y,z) = ( 3.90, 0.00, 5.20)
    Soft-r^4(d,a)=(-2.00, 0.10) at (x,y,z) = ( 3.90, 1.30, 0.00)
    Soft-r^4(d,a)=(-2.00, 0.10) at (x,y,z) = ( 3.90, 1.30, 1.30)
    Soft-r^4(d,a)=(-2.00, 0.10) at (x,y,z) = ( 3.90, 1.30, 2.60)
    Soft-r^4(d,a)=(-2.00, 0.10) at (x,y,z) = ( 3.90, 1.30, 3.90)
    Soft-r^4(d,a)=(-2.00, 0.10) at (x,y,z) = ( 3.90, 1.30, 5.20)
    Soft-r^4(d,a)=(-2.00, 0.10) at (x,y,z) = ( 3.90, 2.60, 0.00)
    Soft-r^4(d,a)=(-2.00, 0.10) at (x,y,z) = ( 3.90, 2.60, 1.30)
    Soft-r^4(d,a)=(-2.00, 0.10) at (x,y,z) = ( 3.90, 2.60, 2.60)
    Soft-r^4(d,a)=(-2.00, 0.10) at (x,y,z) = ( 3.90, 2.60, 3.90)
    Soft-r^4(d,a)=(-2.00, 0.10) at (x,y,z) = ( 3.90, 2.60, 5.20)
    Soft-r^4(d,a)=(-2.00, 0.10) at (x,y,z) = ( 3.90, 3.90, 0.00)
    Soft-r^4(d,a)=(-2.00, 0.10) at (x,y,z) = ( 3.90, 3.90, 1.30)
    Soft-r^4(d,a)=(-2.00, 0.10) at (x,y,z) = ( 3.90, 3.90, 2.60)
    Soft-r^4(d,a)=(-2.00, 0.10) at (x,y,z) = ( 3.90, 3.90, 3.90)
    Soft-r^4(d,a)=(-2.00, 0.10) at (x,y,z) = ( 3.90, 3.90, 5.20)
    Soft-r^4(d,a)=(-2.00, 0.10) at (x,y,z) = ( 3.90, 5.20, 0.00)
    Soft-r^4(d,a)=(-2.00, 0.10) at (x,y,z) = ( 3.90, 5.20, 1.30)
    Soft-r^4(d,a)=(-2.00, 0.10) at (x,y,z) = ( 3.90, 5.20, 2.60)
    Soft-r^4(d,a)=(-2.00, 0.10) at (x,y,z) = ( 3.90, 5.20, 3.90)
    Soft-r^4(d,a)=(-2.00, 0.10) at (x,y,z) = ( 3.90, 5.20, 5.20)
    Soft-r^4(d,a)=(-2.00, 0.10) at (x,y,z) = ( 5.20, 0.00, 0.00)
    Soft-r^4(d,a)=(-2.00, 0.10) at (x,y,z) = ( 5.20, 0.00, 1.30)
    Soft-r^4(d,a)=(-2.00, 0.10) at (x,y,z) = ( 5.20, 0.00, 2.60)
    Soft-r^4(d,a)=(-2.00, 0.10) at (x,y,z) = ( 5.20, 0.00, 3.90)
    Soft-r^4(d,a)=(-2.00, 0.10) at (x,y,z) = ( 5.20, 0.00, 5.20)
    Soft-r^4(d,a)=(-2.00, 0.10) at (x,y,z) = ( 5.20, 1.30, 0.00)
    Soft-r^4(d,a)=(-2.00, 0.10) at (x,y,z) = ( 5.20, 1.30, 1.30)
    Soft-r^4(d,a)=(-2.00, 0.10) at (x,y,z) = ( 5.20, 1.30, 2.60)
    Soft-r^4(d,a)=(-2.00, 0.10) at (x,y,z) = ( 5.20, 1.30, 3.90)
    Soft-r^4(d,a)=(-2.00, 0.10) at (x,y,z) = ( 5.20, 1.30, 5.20)
    Soft-r^4(d,a)=(-2.00, 0.10) at (x,y,z) = ( 5.20, 2.60, 0.00)
    Soft-r^4(d,a)=(-2.00, 0.10) at (x,y,z) = ( 5.20, 2.60, 1.30)
    Soft-r^4(d,a)=(-2.00, 0.10) at (x,y,z) = ( 5.20, 2.60, 2.60)
    Soft-r^4(d,a)=(-2.00, 0.10) at (x,y,z) = ( 5.20, 2.60, 3.90)
    Soft-r^4(d,a)=(-2.00, 0.10) at (x,y,z) = ( 5.20, 2.60, 5.20)
    Soft-r^4(d,a)=(-2.00, 0.10) at (x,y,z) = ( 5.20, 3.90, 0.00)
    Soft-r^4(d,a)=(-2.00, 0.10) at (x,y,z) = ( 5.20, 3.90, 1.30)
    Soft-r^4(d,a)=(-2.00, 0.10) at (x,y,z) = ( 5.20, 3.90, 2.60)
    Soft-r^4(d,a)=(-2.00, 0.10) at (x,y,z) = ( 5.20, 3.90, 3.90)
    Soft-r^4(d,a)=(-2.00, 0.10) at (x,y,z) = ( 5.20, 3.90, 5.20)
    Soft-r^4(d,a)=(-2.00, 0.10) at (x,y,z) = ( 5.20, 5.20, 0.00)
    Soft-r^4(d,a)=(-2.00, 0.10) at (x,y,z) = ( 5.20, 5.20, 1.30)
    Soft-r^4(d,a)=(-2.00, 0.10) at (x,y,z) = ( 5.20, 5.20, 2.60)
    Soft-r^4(d,a)=(-2.00, 0.10) at (x,y,z) = ( 5.20, 5.20, 3.90)
    Soft-r^4(d,a)=(-2.00, 0.10) at (x,y,z) = ( 5.20, 5.20, 5.20)


----GRAPH-CREATION-and-PARTITIONING----=======================================
      Setup: Max:   0.682, Sum: 174.713, Balance:   1.000
   Matching: Max:   0.908, Sum: 232.341, Balance:   1.000
Contraction: Max:   0.379, Sum:  96.966, Balance:   1.000
   InitPart: Max:   0.359, Sum:  91.891, Balance:   1.000
    Project: Max:   0.001, Sum:   0.326, Balance:   1.064
 Initialize: Max:   0.182, Sum:  46.425, Balance:   1.001
      K-way: Max:   0.859, Sum: 219.901, Balance:   1.000
      Remap: Max:   0.001, Sum:   0.191, Balance:   1.001
      Total: Max:   3.370, Sum: 862.827, Balance:   1.000
Final 256-way Cut: 29775464 	Balance: 1.054 

    Number of nodes:
         Rank0.........2.554E+03
         Averg.........2.572E+03
         Total.........6.585E+05
    Number of edges:
         Rank0.........7.569E+05
         Averg.........8.286E+05
         Total.........2.121E+08
    Memory usage.[MB]:
         Rank0.........1.159E+01
         Averg.........1.268E+01
         Total.........3.247E+03


----MATRIX-ALLOCATION----=====================================================
    Dimension of matrix H or S:
              Rank0..............2.554E+03 (2554)
              Averg..............2.572E+03       
              Total..............6.585E+05 (658503)
    Nonzero entries in H or S:
              Rank0..............7.595E+05 (759458)
              Averg..............8.312E+05       
              Total..............2.128E+08 (212776173)
    Sparseness of H or S (fraction):
              Rank0..............4.516E-04
              Averg..............4.907E-04
    Sparseness of H or S (non-zero elemnts in a row):
              Rank0..............297.4
              Averg..............323.1
    Memory usage for H and S [MiB]:
              Rank0..............2.318E+01
              Averg..............2.536E+01
              Total..............6.493E+03


----ASSEMBLING----============================================================
..........10..........20..........30..........40..........50done
Assembling time = 29 [s]



----SOLVING----===============================================================
EPS Object: 256 MPI processes
  type: krylovschur
    Krylov-Schur: 50% of basis vectors kept after restart
  problem type: generalized symmetric eigenvalue problem
  extraction type: Rayleigh-Ritz
  selected portion of the spectrum: smallest real parts
  number of eigenvalues (nev): 100
  number of column vectors (ncv): 300
  maximum dimension of projected problem (mpd): 300
  maximum number of iterations: 1500
  tolerance: 0.0001
  convergence test: relative to the eigenvalue
  estimates of matrix norms (constant): norm(A)=1, norm(B)=1
IP Object: 256 MPI processes
  type: bilinear
  orthogonalization method: classical Gram-Schmidt
  orthogonalization refinement: if needed (eta: 0.7071)
  Matrix Object:   256 MPI processes
    type: mpiaij
    rows=658503, cols=658503
    total: nonzeros=212776173, allocated nonzeros=212776173
    total number of mallocs used during MatSetValues calls =0
      not using I-node (on process 0) routines
DS Object: 256 MPI processes
  type: hep
  solving the problem with: Implicit QR method (_steqr)
ST Object: 256 MPI processes
  type: shift
  shift: 0
  matrices A and B have same nonzero pattern
  KSP Object:  (st_)   256 MPI processes
    type: cg
    maximum iterations=10000
    using preconditioner applied to right hand side for initial guess
    tolerances:  relative=1e-05, absolute=1e-50, divergence=10000
    left preconditioning
    using nonzero initial guess
    using PRECONDITIONED norm type for convergence test
  PC Object:  (st_)   256 MPI processes
    type: asm
      Additive Schwarz: total subdomain blocks = 256, amount of overlap = 1
      Additive Schwarz: restriction/interpolation type - RESTRICT
      Local solve is same for all blocks, in the following KSP and PC objects:
    KSP Object:    (st_sub_)     1 MPI processes
      type: preonly
      maximum iterations=10000, initial guess is zero
      tolerances:  relative=1e-05, absolute=1e-50, divergence=10000
      left preconditioning
      using DEFAULT norm type for convergence test
    PC Object:    (st_sub_)     1 MPI processes
      type: icc
        0 levels of fill
        tolerance for zero pivot 2.22045e-14
        using Manteuffel shift
        matrix ordering: natural
      linear system matrix = precond matrix:
      Matrix Object:       1 MPI processes
        type: seqaij
        rows=6285, cols=6285
        total: nonzeros=1624179, allocated nonzeros=1624179
        total number of mallocs used during MatSetValues calls =0
          not using I-node routines
    linear system matrix = precond matrix:
    Matrix Object:     256 MPI processes
      type: mpiaij
      rows=658503, cols=658503
      total: nonzeros=212776173, allocated nonzeros=212776173
      total number of mallocs used during MatSetValues calls =0
        not using I-node (on process 0) routines


  1 EPS nconv=13 first unconverged value (error) -18.6539 (1.64619833e-04)
  2 EPS nconv=25 first unconverged value (error) -17.5985 (5.94084715e-03)
  3 EPS nconv=35 first unconverged value (error) -17.0995 (3.15683929e-03)
  4 EPS nconv=47 first unconverged value (error) -16.5969 (2.52781245e-03)
  5 EPS nconv=88 first unconverged value (error) -15.0087 (1.78163338e-02)
  6 EPS nconv=98 first unconverged value (error) -14.6242 (2.60814923e-03)
  7 EPS nconv=122 first unconverged value (error) -13.9413 (2.09752479e-04)

--------------------------------------------------------------
    Number of iterations of the method.............7
    Number of linear iterations of the method......4240
    Solution method................................krylovschur
    Number of requested eigenvalues................100
    Stopping condition: eps_tol....................1.000000E-04
    Stopping condition: eps_max_it.................1500
--------------------------------------------------------------


             EIGENVALUES            ERROR
====================================================
    0    -2.0323183502E+01     1.5365390064E-07
    1    -1.9740621837E+01     2.6796978949E-07
    2    -1.9740318902E+01     1.7552492248E-07
    3    -1.9740298982E+01     2.3060238705E-07
    4    -1.9242658500E+01     1.7247344531E-07
    5    -1.9227787793E+01     1.7658097360E-07
    6    -1.9227777059E+01     1.6928567932E-07
    7    -1.9167423346E+01     2.0264948929E-07
    8    -1.9167155575E+01     2.8077995943E-07
    9    -1.9167122221E+01     1.7357272826E-07
   10    -1.8665587995E+01     2.0416335896E-07
   11    -1.8664100339E+01     2.8201239648E-07
   12    -1.8664075364E+01     1.9852235008E-07
   13    -1.8655310110E+01     3.3119337371E-07
   14    -1.8655300342E+01     1.9685885848E-07
   15    -1.8653842247E+01     1.8609325930E-07
   16    -1.8603175459E+01     2.7093020305E-07
   17    -1.8169716136E+01     2.1298496610E-07
   18    -1.8154864646E+01     1.9963636207E-07
   19    -1.8154850310E+01     2.5973032168E-07
   20    -1.8097617568E+01     2.0103257952E-07
   21    -1.8094913438E+01     2.4660585924E-07
   22    -1.8094899933E+01     2.3531022570E-07
   23    -1.7637359691E+01     1.6657435480E-07
   24    -1.7635822324E+01     1.7591740949E-07
   25    -1.7635819806E+01     2.4567085414E-07
   26    -1.7597457746E+01     2.2428851796E-07
   27    -1.7594915690E+01     2.6996972550E-07
   28    -1.7594904200E+01     2.3388495953E-07
   29    -1.7511830755E+01     1.9402830064E-07
   30    -1.7507802119E+01     1.3736822455E-07
   31    -1.7507798873E+01     1.8570345114E-07
   32    -1.7112591008E+01     2.1008645460E-07
   33    -1.7111849862E+01     1.6184883720E-07
   34    -1.7111844512E+01     2.6559677553E-07
   35    -1.7102497804E+01     2.5133910874E-07
   36    -1.7091891546E+01     1.7316762550E-07
   37    -1.7091885717E+01     2.4936663933E-07
   38    -1.7090831163E+01     2.1502139247E-07
   39    -1.6980892222E+01     2.3089448147E-07
   40    -1.6978743896E+01     1.9944247375E-07
   41    -1.6978736462E+01     1.6062723736E-07
   42    -1.6967042343E+01     2.0878672610E-07
   43    -1.6967038910E+01     2.2747984379E-07
   44    -1.6965221056E+01     1.9103210074E-07
   45    -1.6604186544E+01     1.8671972836E-07
   46    -1.6597485098E+01     4.0807016994E-07
   47    -1.6597478064E+01     1.6391733890E-07
   48    -1.6596179795E+01     2.3850093515E-07
   49    -1.6577470316E+01     1.8339855126E-07
   50    -1.6577459541E+01     2.0476622527E-07
   51    -1.6570950436E+01     2.0826564964E-07
   52    -1.6564588744E+01     1.7428817927E-07
   53    -1.6564565890E+01     2.2060195487E-07
   54    -1.6480646510E+01     1.8131105513E-07
   55    -1.6472965017E+01     1.7462731204E-07
   56    -1.6472955723E+01     1.5689414720E-07
   57    -1.6456748535E+01     2.0733669246E-07
   58    -1.6438604716E+01     1.6725004605E-07
   59    -1.6438597368E+01     2.7425813489E-07
   60    -1.6437904428E+01     1.5661788027E-07
   61    -1.6437879457E+01     2.7317313920E-07
   62    -1.6429471958E+01     1.4368633944E-07
   63    -1.6081777006E+01     2.1523008921E-07
   64    -1.6072311042E+01     1.9277352025E-07
   65    -1.6072308275E+01     2.3953222005E-07
   66    -1.6052249722E+01     1.4677595869E-07
   67    -1.6052238724E+01     1.7812433512E-07
   68    -1.6037685563E+01     2.2449871949E-07
   69    -1.5956382328E+01     1.8581478984E-07
   70    -1.5943463693E+01     2.3463538937E-07
   71    -1.5943460294E+01     1.4416896273E-07
   72    -1.5909559717E+01     2.0290181067E-07
   73    -1.5909544719E+01     1.8874354857E-07
   74    -1.5901337423E+01     1.9506236368E-07
   75    -1.5581998751E+01     1.9659424034E-07
   76    -1.5539875978E+01     2.4857198520E-07
   77    -1.5539863410E+01     2.8805568426E-07
   78    -1.5449744466E+01     1.9081451077E-07
   79    -1.5400127879E+01     1.1411737567E-07
   80    -1.5400119590E+01     2.2026465496E-07
   81    -1.5247272246E+01     2.2560414830E-07
   82    -1.5245781952E+01     1.2827720846E-07
   83    -1.5245770862E+01     2.2829870997E-07
   84    -1.5116337343E+01     2.0312430287E-07
   85    -1.5114096879E+01     2.3119363483E-07
   86    -1.5114093956E+01     1.7697528921E-07
   87    -1.5112363556E+01     2.6336430487E-07
   88    -1.5112356828E+01     1.8491065934E-07
   89    -1.5110176985E+01     2.2961935446E-07
   90    -1.4983370779E+01     1.8467941198E-07
   91    -1.4978893976E+01     9.5439366483E-08
   92    -1.4978890814E+01     1.5440568836E-07
   93    -1.4771892554E+01     2.0175638531E-07
   94    -1.4740989302E+01     1.6349553029E-07
   95    -1.4740983112E+01     1.9419093293E-07
   96    -1.4634515538E+01     2.1448868870E-07
   97    -1.4624511546E+01     2.1503247271E-07
   98    -1.4624500361E+01     4.5581451177E-07
   99    -1.4608668079E+01     1.8391980644E-07
  100    -1.4608657169E+01     2.2860212151E-07
  101    -1.4598112749E+01     2.1845521397E-07
  102    -1.4553760119E+01     1.9981003290E-07
  103    -1.4550840552E+01     1.9155267983E-07
  104    -1.4550837316E+01     2.7958063257E-07
  105    -1.4495155835E+01     1.4208170412E-07
  106    -1.4475588811E+01     1.2754144055E-07
  107    -1.4475575040E+01     1.7948378331E-07
  108    -1.4258778919E+01     2.1217929474E-07
  109    -1.4224323848E+01     1.5366689990E-07
  110    -1.4224306498E+01     2.3924703707E-07
  111    -1.4129588622E+01     2.2251354187E-07
  112    -1.4114392216E+01     2.1597649105E-07
  113    -1.4114380555E+01     3.0691764354E-07
  114    -1.4080843915E+01     1.9776410769E-07
  115    -1.4080835068E+01     2.1322660098E-07
  116    -1.4066047506E+01     2.2509940245E-07
  117    -1.3999843505E+01     2.1432994047E-07
  118    -1.3986246609E+01     1.8890951575E-07
  119    -1.3984783830E+01     2.3402738842E-07
  120    -1.3984775737E+01     4.9867111057E-07
  121    -1.3941357006E+01     4.5676517189E-07


 TOTAL TIME = 702 [s]
