===============================================================================
 RRRRR  SSSSS  H   H  RRRRR    Zbigniew ROMANOWSKI                             
 R   R  S      H   H  R   R                                                    
 RRRRR  SSSSS  HHHHH  RRRRR    version: 5.x                                    
 R  R       S  H   H  R  R                                                     
 R   R  SSSSS  H   H  R   R    compilation date: Dec 19 2012 (09:23:33)                       
===============================================================================

Start of calculation: Wed Dec 19 13:52:22 2012

PEs = 4

----INITIALIZATION----========================================================
DOMAIN:
    BsplDeg = 3, CubatOrder = 6, CubatNodeNo = 216
    h = 4.000000E-01
    Nx = 52,    Ny = 52,   Nz = 52
    X0 = -5.000000E+00,    Xmax = 1.580000E+01
    Y0 = -5.000000E+00,    Ymax = 1.580000E+01
    Z0 = -5.000000E+00,    Zmax = 1.580000E+01

NUMBER OF 'ATOMS' = 512
    Gauss(d,a)=(-20.00,-2.00) at (x,y,z) = ( 0.00, 0.00, 0.00)
    Gauss(d,a)=(-20.00,-2.00) at (x,y,z) = ( 0.00, 0.00, 1.55)
    Gauss(d,a)=(-20.00,-2.00) at (x,y,z) = ( 0.00, 0.00, 3.10)
    Gauss(d,a)=(-20.00,-2.00) at (x,y,z) = ( 0.00, 0.00, 4.65)
    Gauss(d,a)=(-20.00,-2.00) at (x,y,z) = ( 0.00, 0.00, 6.20)
    Gauss(d,a)=(-20.00,-2.00) at (x,y,z) = ( 0.00, 0.00, 7.75)
    Gauss(d,a)=(-20.00,-2.00) at (x,y,z) = ( 0.00, 0.00, 9.30)
    Gauss(d,a)=(-20.00,-2.00) at (x,y,z) = ( 0.00, 0.00,10.85)
    Gauss(d,a)=(-20.00,-2.00) at (x,y,z) = ( 0.00, 1.55, 0.00)
    Gauss(d,a)=(-20.00,-2.00) at (x,y,z) = ( 0.00, 1.55, 1.55)
    Gauss(d,a)=(-20.00,-2.00) at (x,y,z) = ( 0.00, 1.55, 3.10)
    Gauss(d,a)=(-20.00,-2.00) at (x,y,z) = ( 0.00, 1.55, 4.65)
    Gauss(d,a)=(-20.00,-2.00) at (x,y,z) = ( 0.00, 1.55, 6.20)
    Gauss(d,a)=(-20.00,-2.00) at (x,y,z) = ( 0.00, 1.55, 7.75)
    Gauss(d,a)=(-20.00,-2.00) at (x,y,z) = ( 0.00, 1.55, 9.30)
    Gauss(d,a)=(-20.00,-2.00) at (x,y,z) = ( 0.00, 1.55,10.85)
    Gauss(d,a)=(-20.00,-2.00) at (x,y,z) = ( 0.00, 3.10, 0.00)
    Gauss(d,a)=(-20.00,-2.00) at (x,y,z) = ( 0.00, 3.10, 1.55)
    Gauss(d,a)=(-20.00,-2.00) at (x,y,z) = ( 0.00, 3.10, 3.10)
    Gauss(d,a)=(-20.00,-2.00) at (x,y,z) = ( 0.00, 3.10, 4.65)
    Gauss(d,a)=(-20.00,-2.00) at (x,y,z) = ( 0.00, 3.10, 6.20)
    Gauss(d,a)=(-20.00,-2.00) at (x,y,z) = ( 0.00, 3.10, 7.75)
    Gauss(d,a)=(-20.00,-2.00) at (x,y,z) = ( 0.00, 3.10, 9.30)
    Gauss(d,a)=(-20.00,-2.00) at (x,y,z) = ( 0.00, 3.10,10.85)
    Gauss(d,a)=(-20.00,-2.00) at (x,y,z) = ( 0.00, 4.65, 0.00)
    Gauss(d,a)=(-20.00,-2.00) at (x,y,z) = ( 0.00, 4.65, 1.55)
    Gauss(d,a)=(-20.00,-2.00) at (x,y,z) = ( 0.00, 4.65, 3.10)
    Gauss(d,a)=(-20.00,-2.00) at (x,y,z) = ( 0.00, 4.65, 4.65)
    Gauss(d,a)=(-20.00,-2.00) at (x,y,z) = ( 0.00, 4.65, 6.20)
    Gauss(d,a)=(-20.00,-2.00) at (x,y,z) = ( 0.00, 4.65, 7.75)
    Gauss(d,a)=(-20.00,-2.00) at (x,y,z) = ( 0.00, 4.65, 9.30)
    Gauss(d,a)=(-20.00,-2.00) at (x,y,z) = ( 0.00, 4.65,10.85)
    Gauss(d,a)=(-20.00,-2.00) at (x,y,z) = ( 0.00, 6.20, 0.00)
    Gauss(d,a)=(-20.00,-2.00) at (x,y,z) = ( 0.00, 6.20, 1.55)
    Gauss(d,a)=(-20.00,-2.00) at (x,y,z) = ( 0.00, 6.20, 3.10)
    Gauss(d,a)=(-20.00,-2.00) at (x,y,z) = ( 0.00, 6.20, 4.65)
    Gauss(d,a)=(-20.00,-2.00) at (x,y,z) = ( 0.00, 6.20, 6.20)
    Gauss(d,a)=(-20.00,-2.00) at (x,y,z) = ( 0.00, 6.20, 7.75)
    Gauss(d,a)=(-20.00,-2.00) at (x,y,z) = ( 0.00, 6.20, 9.30)
    Gauss(d,a)=(-20.00,-2.00) at (x,y,z) = ( 0.00, 6.20,10.85)
    Gauss(d,a)=(-20.00,-2.00) at (x,y,z) = ( 0.00, 7.75, 0.00)
    Gauss(d,a)=(-20.00,-2.00) at (x,y,z) = ( 0.00, 7.75, 1.55)
    Gauss(d,a)=(-20.00,-2.00) at (x,y,z) = ( 0.00, 7.75, 3.10)
    Gauss(d,a)=(-20.00,-2.00) at (x,y,z) = ( 0.00, 7.75, 4.65)
    Gauss(d,a)=(-20.00,-2.00) at (x,y,z) = ( 0.00, 7.75, 6.20)
    Gauss(d,a)=(-20.00,-2.00) at (x,y,z) = ( 0.00, 7.75, 7.75)
    Gauss(d,a)=(-20.00,-2.00) at (x,y,z) = ( 0.00, 7.75, 9.30)
    Gauss(d,a)=(-20.00,-2.00) at (x,y,z) = ( 0.00, 7.75,10.85)
    Gauss(d,a)=(-20.00,-2.00) at (x,y,z) = ( 0.00, 9.30, 0.00)
    Gauss(d,a)=(-20.00,-2.00) at (x,y,z) = ( 0.00, 9.30, 1.55)
    Gauss(d,a)=(-20.00,-2.00) at (x,y,z) = ( 0.00, 9.30, 3.10)
    Gauss(d,a)=(-20.00,-2.00) at (x,y,z) = ( 0.00, 9.30, 4.65)
    Gauss(d,a)=(-20.00,-2.00) at (x,y,z) = ( 0.00, 9.30, 6.20)
    Gauss(d,a)=(-20.00,-2.00) at (x,y,z) = ( 0.00, 9.30, 7.75)
    Gauss(d,a)=(-20.00,-2.00) at (x,y,z) = ( 0.00, 9.30, 9.30)
    Gauss(d,a)=(-20.00,-2.00) at (x,y,z) = ( 0.00, 9.30,10.85)
    Gauss(d,a)=(-20.00,-2.00) at (x,y,z) = ( 0.00,10.85, 0.00)
    Gauss(d,a)=(-20.00,-2.00) at (x,y,z) = ( 0.00,10.85, 1.55)
    Gauss(d,a)=(-20.00,-2.00) at (x,y,z) = ( 0.00,10.85, 3.10)
    Gauss(d,a)=(-20.00,-2.00) at (x,y,z) = ( 0.00,10.85, 4.65)
    Gauss(d,a)=(-20.00,-2.00) at (x,y,z) = ( 0.00,10.85, 6.20)
    Gauss(d,a)=(-20.00,-2.00) at (x,y,z) = ( 0.00,10.85, 7.75)
    Gauss(d,a)=(-20.00,-2.00) at (x,y,z) = ( 0.00,10.85, 9.30)
    Gauss(d,a)=(-20.00,-2.00) at (x,y,z) = ( 0.00,10.85,10.85)
    Gauss(d,a)=(-20.00,-2.00) at (x,y,z) = ( 1.55, 0.00, 0.00)
    Gauss(d,a)=(-20.00,-2.00) at (x,y,z) = ( 1.55, 0.00, 1.55)
    Gauss(d,a)=(-20.00,-2.00) at (x,y,z) = ( 1.55, 0.00, 3.10)
    Gauss(d,a)=(-20.00,-2.00) at (x,y,z) = ( 1.55, 0.00, 4.65)
    Gauss(d,a)=(-20.00,-2.00) at (x,y,z) = ( 1.55, 0.00, 6.20)
    Gauss(d,a)=(-20.00,-2.00) at (x,y,z) = ( 1.55, 0.00, 7.75)
    Gauss(d,a)=(-20.00,-2.00) at (x,y,z) = ( 1.55, 0.00, 9.30)
    Gauss(d,a)=(-20.00,-2.00) at (x,y,z) = ( 1.55, 0.00,10.85)
    Gauss(d,a)=(-20.00,-2.00) at (x,y,z) = ( 1.55, 1.55, 0.00)
    Gauss(d,a)=(-20.00,-2.00) at (x,y,z) = ( 1.55, 1.55, 1.55)
    Gauss(d,a)=(-20.00,-2.00) at (x,y,z) = ( 1.55, 1.55, 3.10)
    Gauss(d,a)=(-20.00,-2.00) at (x,y,z) = ( 1.55, 1.55, 4.65)
    Gauss(d,a)=(-20.00,-2.00) at (x,y,z) = ( 1.55, 1.55, 6.20)
    Gauss(d,a)=(-20.00,-2.00) at (x,y,z) = ( 1.55, 1.55, 7.75)
    Gauss(d,a)=(-20.00,-2.00) at (x,y,z) = ( 1.55, 1.55, 9.30)
    Gauss(d,a)=(-20.00,-2.00) at (x,y,z) = ( 1.55, 1.55,10.85)
    Gauss(d,a)=(-20.00,-2.00) at (x,y,z) = ( 1.55, 3.10, 0.00)
    Gauss(d,a)=(-20.00,-2.00) at (x,y,z) = ( 1.55, 3.10, 1.55)
    Gauss(d,a)=(-20.00,-2.00) at (x,y,z) = ( 1.55, 3.10, 3.10)
    Gauss(d,a)=(-20.00,-2.00) at (x,y,z) = ( 1.55, 3.10, 4.65)
    Gauss(d,a)=(-20.00,-2.00) at (x,y,z) = ( 1.55, 3.10, 6.20)
    Gauss(d,a)=(-20.00,-2.00) at (x,y,z) = ( 1.55, 3.10, 7.75)
    Gauss(d,a)=(-20.00,-2.00) at (x,y,z) = ( 1.55, 3.10, 9.30)
    Gauss(d,a)=(-20.00,-2.00) at (x,y,z) = ( 1.55, 3.10,10.85)
    Gauss(d,a)=(-20.00,-2.00) at (x,y,z) = ( 1.55, 4.65, 0.00)
    Gauss(d,a)=(-20.00,-2.00) at (x,y,z) = ( 1.55, 4.65, 1.55)
    Gauss(d,a)=(-20.00,-2.00) at (x,y,z) = ( 1.55, 4.65, 3.10)
    Gauss(d,a)=(-20.00,-2.00) at (x,y,z) = ( 1.55, 4.65, 4.65)
    Gauss(d,a)=(-20.00,-2.00) at (x,y,z) = ( 1.55, 4.65, 6.20)
    Gauss(d,a)=(-20.00,-2.00) at (x,y,z) = ( 1.55, 4.65, 7.75)
    Gauss(d,a)=(-20.00,-2.00) at (x,y,z) = ( 1.55, 4.65, 9.30)
    Gauss(d,a)=(-20.00,-2.00) at (x,y,z) = ( 1.55, 4.65,10.85)
    Gauss(d,a)=(-20.00,-2.00) at (x,y,z) = ( 1.55, 6.20, 0.00)
    Gauss(d,a)=(-20.00,-2.00) at (x,y,z) = ( 1.55, 6.20, 1.55)
    Gauss(d,a)=(-20.00,-2.00) at (x,y,z) = ( 1.55, 6.20, 3.10)
    Gauss(d,a)=(-20.00,-2.00) at (x,y,z) = ( 1.55, 6.20, 4.65)
    Gauss(d,a)=(-20.00,-2.00) at (x,y,z) = ( 1.55, 6.20, 6.20)
    Gauss(d,a)=(-20.00,-2.00) at (x,y,z) = ( 1.55, 6.20, 7.75)
    Gauss(d,a)=(-20.00,-2.00) at (x,y,z) = ( 1.55, 6.20, 9.30)
    Gauss(d,a)=(-20.00,-2.00) at (x,y,z) = ( 1.55, 6.20,10.85)
    Gauss(d,a)=(-20.00,-2.00) at (x,y,z) = ( 1.55, 7.75, 0.00)
    Gauss(d,a)=(-20.00,-2.00) at (x,y,z) = ( 1.55, 7.75, 1.55)
    Gauss(d,a)=(-20.00,-2.00) at (x,y,z) = ( 1.55, 7.75, 3.10)
    Gauss(d,a)=(-20.00,-2.00) at (x,y,z) = ( 1.55, 7.75, 4.65)
    Gauss(d,a)=(-20.00,-2.00) at (x,y,z) = ( 1.55, 7.75, 6.20)
    Gauss(d,a)=(-20.00,-2.00) at (x,y,z) = ( 1.55, 7.75, 7.75)
    Gauss(d,a)=(-20.00,-2.00) at (x,y,z) = ( 1.55, 7.75, 9.30)
    Gauss(d,a)=(-20.00,-2.00) at (x,y,z) = ( 1.55, 7.75,10.85)
    Gauss(d,a)=(-20.00,-2.00) at (x,y,z) = ( 1.55, 9.30, 0.00)
    Gauss(d,a)=(-20.00,-2.00) at (x,y,z) = ( 1.55, 9.30, 1.55)
    Gauss(d,a)=(-20.00,-2.00) at (x,y,z) = ( 1.55, 9.30, 3.10)
    Gauss(d,a)=(-20.00,-2.00) at (x,y,z) = ( 1.55, 9.30, 4.65)
    Gauss(d,a)=(-20.00,-2.00) at (x,y,z) = ( 1.55, 9.30, 6.20)
    Gauss(d,a)=(-20.00,-2.00) at (x,y,z) = ( 1.55, 9.30, 7.75)
    Gauss(d,a)=(-20.00,-2.00) at (x,y,z) = ( 1.55, 9.30, 9.30)
    Gauss(d,a)=(-20.00,-2.00) at (x,y,z) = ( 1.55, 9.30,10.85)
    Gauss(d,a)=(-20.00,-2.00) at (x,y,z) = ( 1.55,10.85, 0.00)
    Gauss(d,a)=(-20.00,-2.00) at (x,y,z) = ( 1.55,10.85, 1.55)
    Gauss(d,a)=(-20.00,-2.00) at (x,y,z) = ( 1.55,10.85, 3.10)
    Gauss(d,a)=(-20.00,-2.00) at (x,y,z) = ( 1.55,10.85, 4.65)
    Gauss(d,a)=(-20.00,-2.00) at (x,y,z) = ( 1.55,10.85, 6.20)
    Gauss(d,a)=(-20.00,-2.00) at (x,y,z) = ( 1.55,10.85, 7.75)
    Gauss(d,a)=(-20.00,-2.00) at (x,y,z) = ( 1.55,10.85, 9.30)
    Gauss(d,a)=(-20.00,-2.00) at (x,y,z) = ( 1.55,10.85,10.85)
    Gauss(d,a)=(-20.00,-2.00) at (x,y,z) = ( 3.10, 0.00, 0.00)
    Gauss(d,a)=(-20.00,-2.00) at (x,y,z) = ( 3.10, 0.00, 1.55)
    Gauss(d,a)=(-20.00,-2.00) at (x,y,z) = ( 3.10, 0.00, 3.10)
    Gauss(d,a)=(-20.00,-2.00) at (x,y,z) = ( 3.10, 0.00, 4.65)
    Gauss(d,a)=(-20.00,-2.00) at (x,y,z) = ( 3.10, 0.00, 6.20)
    Gauss(d,a)=(-20.00,-2.00) at (x,y,z) = ( 3.10, 0.00, 7.75)
    Gauss(d,a)=(-20.00,-2.00) at (x,y,z) = ( 3.10, 0.00, 9.30)
    Gauss(d,a)=(-20.00,-2.00) at (x,y,z) = ( 3.10, 0.00,10.85)
    Gauss(d,a)=(-20.00,-2.00) at (x,y,z) = ( 3.10, 1.55, 0.00)
    Gauss(d,a)=(-20.00,-2.00) at (x,y,z) = ( 3.10, 1.55, 1.55)
    Gauss(d,a)=(-20.00,-2.00) at (x,y,z) = ( 3.10, 1.55, 3.10)
    Gauss(d,a)=(-20.00,-2.00) at (x,y,z) = ( 3.10, 1.55, 4.65)
    Gauss(d,a)=(-20.00,-2.00) at (x,y,z) = ( 3.10, 1.55, 6.20)
    Gauss(d,a)=(-20.00,-2.00) at (x,y,z) = ( 3.10, 1.55, 7.75)
    Gauss(d,a)=(-20.00,-2.00) at (x,y,z) = ( 3.10, 1.55, 9.30)
    Gauss(d,a)=(-20.00,-2.00) at (x,y,z) = ( 3.10, 1.55,10.85)
    Gauss(d,a)=(-20.00,-2.00) at (x,y,z) = ( 3.10, 3.10, 0.00)
    Gauss(d,a)=(-20.00,-2.00) at (x,y,z) = ( 3.10, 3.10, 1.55)
    Gauss(d,a)=(-20.00,-2.00) at (x,y,z) = ( 3.10, 3.10, 3.10)
    Gauss(d,a)=(-20.00,-2.00) at (x,y,z) = ( 3.10, 3.10, 4.65)
    Gauss(d,a)=(-20.00,-2.00) at (x,y,z) = ( 3.10, 3.10, 6.20)
    Gauss(d,a)=(-20.00,-2.00) at (x,y,z) = ( 3.10, 3.10, 7.75)
    Gauss(d,a)=(-20.00,-2.00) at (x,y,z) = ( 3.10, 3.10, 9.30)
    Gauss(d,a)=(-20.00,-2.00) at (x,y,z) = ( 3.10, 3.10,10.85)
    Gauss(d,a)=(-20.00,-2.00) at (x,y,z) = ( 3.10, 4.65, 0.00)
    Gauss(d,a)=(-20.00,-2.00) at (x,y,z) = ( 3.10, 4.65, 1.55)
    Gauss(d,a)=(-20.00,-2.00) at (x,y,z) = ( 3.10, 4.65, 3.10)
    Gauss(d,a)=(-20.00,-2.00) at (x,y,z) = ( 3.10, 4.65, 4.65)
    Gauss(d,a)=(-20.00,-2.00) at (x,y,z) = ( 3.10, 4.65, 6.20)
    Gauss(d,a)=(-20.00,-2.00) at (x,y,z) = ( 3.10, 4.65, 7.75)
    Gauss(d,a)=(-20.00,-2.00) at (x,y,z) = ( 3.10, 4.65, 9.30)
    Gauss(d,a)=(-20.00,-2.00) at (x,y,z) = ( 3.10, 4.65,10.85)
    Gauss(d,a)=(-20.00,-2.00) at (x,y,z) = ( 3.10, 6.20, 0.00)
    Gauss(d,a)=(-20.00,-2.00) at (x,y,z) = ( 3.10, 6.20, 1.55)
    Gauss(d,a)=(-20.00,-2.00) at (x,y,z) = ( 3.10, 6.20, 3.10)
    Gauss(d,a)=(-20.00,-2.00) at (x,y,z) = ( 3.10, 6.20, 4.65)
    Gauss(d,a)=(-20.00,-2.00) at (x,y,z) = ( 3.10, 6.20, 6.20)
    Gauss(d,a)=(-20.00,-2.00) at (x,y,z) = ( 3.10, 6.20, 7.75)
    Gauss(d,a)=(-20.00,-2.00) at (x,y,z) = ( 3.10, 6.20, 9.30)
    Gauss(d,a)=(-20.00,-2.00) at (x,y,z) = ( 3.10, 6.20,10.85)
    Gauss(d,a)=(-20.00,-2.00) at (x,y,z) = ( 3.10, 7.75, 0.00)
    Gauss(d,a)=(-20.00,-2.00) at (x,y,z) = ( 3.10, 7.75, 1.55)
    Gauss(d,a)=(-20.00,-2.00) at (x,y,z) = ( 3.10, 7.75, 3.10)
    Gauss(d,a)=(-20.00,-2.00) at (x,y,z) = ( 3.10, 7.75, 4.65)
    Gauss(d,a)=(-20.00,-2.00) at (x,y,z) = ( 3.10, 7.75, 6.20)
    Gauss(d,a)=(-20.00,-2.00) at (x,y,z) = ( 3.10, 7.75, 7.75)
    Gauss(d,a)=(-20.00,-2.00) at (x,y,z) = ( 3.10, 7.75, 9.30)
    Gauss(d,a)=(-20.00,-2.00) at (x,y,z) = ( 3.10, 7.75,10.85)
    Gauss(d,a)=(-20.00,-2.00) at (x,y,z) = ( 3.10, 9.30, 0.00)
    Gauss(d,a)=(-20.00,-2.00) at (x,y,z) = ( 3.10, 9.30, 1.55)
    Gauss(d,a)=(-20.00,-2.00) at (x,y,z) = ( 3.10, 9.30, 3.10)
    Gauss(d,a)=(-20.00,-2.00) at (x,y,z) = ( 3.10, 9.30, 4.65)
    Gauss(d,a)=(-20.00,-2.00) at (x,y,z) = ( 3.10, 9.30, 6.20)
    Gauss(d,a)=(-20.00,-2.00) at (x,y,z) = ( 3.10, 9.30, 7.75)
    Gauss(d,a)=(-20.00,-2.00) at (x,y,z) = ( 3.10, 9.30, 9.30)
    Gauss(d,a)=(-20.00,-2.00) at (x,y,z) = ( 3.10, 9.30,10.85)
    Gauss(d,a)=(-20.00,-2.00) at (x,y,z) = ( 3.10,10.85, 0.00)
    Gauss(d,a)=(-20.00,-2.00) at (x,y,z) = ( 3.10,10.85, 1.55)
    Gauss(d,a)=(-20.00,-2.00) at (x,y,z) = ( 3.10,10.85, 3.10)
    Gauss(d,a)=(-20.00,-2.00) at (x,y,z) = ( 3.10,10.85, 4.65)
    Gauss(d,a)=(-20.00,-2.00) at (x,y,z) = ( 3.10,10.85, 6.20)
    Gauss(d,a)=(-20.00,-2.00) at (x,y,z) = ( 3.10,10.85, 7.75)
    Gauss(d,a)=(-20.00,-2.00) at (x,y,z) = ( 3.10,10.85, 9.30)
    Gauss(d,a)=(-20.00,-2.00) at (x,y,z) = ( 3.10,10.85,10.85)
    Gauss(d,a)=(-20.00,-2.00) at (x,y,z) = ( 4.65, 0.00, 0.00)
    Gauss(d,a)=(-20.00,-2.00) at (x,y,z) = ( 4.65, 0.00, 1.55)
    Gauss(d,a)=(-20.00,-2.00) at (x,y,z) = ( 4.65, 0.00, 3.10)
    Gauss(d,a)=(-20.00,-2.00) at (x,y,z) = ( 4.65, 0.00, 4.65)
    Gauss(d,a)=(-20.00,-2.00) at (x,y,z) = ( 4.65, 0.00, 6.20)
    Gauss(d,a)=(-20.00,-2.00) at (x,y,z) = ( 4.65, 0.00, 7.75)
    Gauss(d,a)=(-20.00,-2.00) at (x,y,z) = ( 4.65, 0.00, 9.30)
    Gauss(d,a)=(-20.00,-2.00) at (x,y,z) = ( 4.65, 0.00,10.85)
    Gauss(d,a)=(-20.00,-2.00) at (x,y,z) = ( 4.65, 1.55, 0.00)
    Gauss(d,a)=(-20.00,-2.00) at (x,y,z) = ( 4.65, 1.55, 1.55)
    Gauss(d,a)=(-20.00,-2.00) at (x,y,z) = ( 4.65, 1.55, 3.10)
    Gauss(d,a)=(-20.00,-2.00) at (x,y,z) = ( 4.65, 1.55, 4.65)
    Gauss(d,a)=(-20.00,-2.00) at (x,y,z) = ( 4.65, 1.55, 6.20)
    Gauss(d,a)=(-20.00,-2.00) at (x,y,z) = ( 4.65, 1.55, 7.75)
    Gauss(d,a)=(-20.00,-2.00) at (x,y,z) = ( 4.65, 1.55, 9.30)
    Gauss(d,a)=(-20.00,-2.00) at (x,y,z) = ( 4.65, 1.55,10.85)
    Gauss(d,a)=(-20.00,-2.00) at (x,y,z) = ( 4.65, 3.10, 0.00)
    Gauss(d,a)=(-20.00,-2.00) at (x,y,z) = ( 4.65, 3.10, 1.55)
    Gauss(d,a)=(-20.00,-2.00) at (x,y,z) = ( 4.65, 3.10, 3.10)
    Gauss(d,a)=(-20.00,-2.00) at (x,y,z) = ( 4.65, 3.10, 4.65)
    Gauss(d,a)=(-20.00,-2.00) at (x,y,z) = ( 4.65, 3.10, 6.20)
    Gauss(d,a)=(-20.00,-2.00) at (x,y,z) = ( 4.65, 3.10, 7.75)
    Gauss(d,a)=(-20.00,-2.00) at (x,y,z) = ( 4.65, 3.10, 9.30)
    Gauss(d,a)=(-20.00,-2.00) at (x,y,z) = ( 4.65, 3.10,10.85)
    Gauss(d,a)=(-20.00,-2.00) at (x,y,z) = ( 4.65, 4.65, 0.00)
    Gauss(d,a)=(-20.00,-2.00) at (x,y,z) = ( 4.65, 4.65, 1.55)
    Gauss(d,a)=(-20.00,-2.00) at (x,y,z) = ( 4.65, 4.65, 3.10)
    Gauss(d,a)=(-20.00,-2.00) at (x,y,z) = ( 4.65, 4.65, 4.65)
    Gauss(d,a)=(-20.00,-2.00) at (x,y,z) = ( 4.65, 4.65, 6.20)
    Gauss(d,a)=(-20.00,-2.00) at (x,y,z) = ( 4.65, 4.65, 7.75)
    Gauss(d,a)=(-20.00,-2.00) at (x,y,z) = ( 4.65, 4.65, 9.30)
    Gauss(d,a)=(-20.00,-2.00) at (x,y,z) = ( 4.65, 4.65,10.85)
    Gauss(d,a)=(-20.00,-2.00) at (x,y,z) = ( 4.65, 6.20, 0.00)
    Gauss(d,a)=(-20.00,-2.00) at (x,y,z) = ( 4.65, 6.20, 1.55)
    Gauss(d,a)=(-20.00,-2.00) at (x,y,z) = ( 4.65, 6.20, 3.10)
    Gauss(d,a)=(-20.00,-2.00) at (x,y,z) = ( 4.65, 6.20, 4.65)
    Gauss(d,a)=(-20.00,-2.00) at (x,y,z) = ( 4.65, 6.20, 6.20)
    Gauss(d,a)=(-20.00,-2.00) at (x,y,z) = ( 4.65, 6.20, 7.75)
    Gauss(d,a)=(-20.00,-2.00) at (x,y,z) = ( 4.65, 6.20, 9.30)
    Gauss(d,a)=(-20.00,-2.00) at (x,y,z) = ( 4.65, 6.20,10.85)
    Gauss(d,a)=(-20.00,-2.00) at (x,y,z) = ( 4.65, 7.75, 0.00)
    Gauss(d,a)=(-20.00,-2.00) at (x,y,z) = ( 4.65, 7.75, 1.55)
    Gauss(d,a)=(-20.00,-2.00) at (x,y,z) = ( 4.65, 7.75, 3.10)
    Gauss(d,a)=(-20.00,-2.00) at (x,y,z) = ( 4.65, 7.75, 4.65)
    Gauss(d,a)=(-20.00,-2.00) at (x,y,z) = ( 4.65, 7.75, 6.20)
    Gauss(d,a)=(-20.00,-2.00) at (x,y,z) = ( 4.65, 7.75, 7.75)
    Gauss(d,a)=(-20.00,-2.00) at (x,y,z) = ( 4.65, 7.75, 9.30)
    Gauss(d,a)=(-20.00,-2.00) at (x,y,z) = ( 4.65, 7.75,10.85)
    Gauss(d,a)=(-20.00,-2.00) at (x,y,z) = ( 4.65, 9.30, 0.00)
    Gauss(d,a)=(-20.00,-2.00) at (x,y,z) = ( 4.65, 9.30, 1.55)
    Gauss(d,a)=(-20.00,-2.00) at (x,y,z) = ( 4.65, 9.30, 3.10)
    Gauss(d,a)=(-20.00,-2.00) at (x,y,z) = ( 4.65, 9.30, 4.65)
    Gauss(d,a)=(-20.00,-2.00) at (x,y,z) = ( 4.65, 9.30, 6.20)
    Gauss(d,a)=(-20.00,-2.00) at (x,y,z) = ( 4.65, 9.30, 7.75)
    Gauss(d,a)=(-20.00,-2.00) at (x,y,z) = ( 4.65, 9.30, 9.30)
    Gauss(d,a)=(-20.00,-2.00) at (x,y,z) = ( 4.65, 9.30,10.85)
    Gauss(d,a)=(-20.00,-2.00) at (x,y,z) = ( 4.65,10.85, 0.00)
    Gauss(d,a)=(-20.00,-2.00) at (x,y,z) = ( 4.65,10.85, 1.55)
    Gauss(d,a)=(-20.00,-2.00) at (x,y,z) = ( 4.65,10.85, 3.10)
    Gauss(d,a)=(-20.00,-2.00) at (x,y,z) = ( 4.65,10.85, 4.65)
    Gauss(d,a)=(-20.00,-2.00) at (x,y,z) = ( 4.65,10.85, 6.20)
    Gauss(d,a)=(-20.00,-2.00) at (x,y,z) = ( 4.65,10.85, 7.75)
    Gauss(d,a)=(-20.00,-2.00) at (x,y,z) = ( 4.65,10.85, 9.30)
    Gauss(d,a)=(-20.00,-2.00) at (x,y,z) = ( 4.65,10.85,10.85)
    Gauss(d,a)=(-20.00,-2.00) at (x,y,z) = ( 6.20, 0.00, 0.00)
    Gauss(d,a)=(-20.00,-2.00) at (x,y,z) = ( 6.20, 0.00, 1.55)
    Gauss(d,a)=(-20.00,-2.00) at (x,y,z) = ( 6.20, 0.00, 3.10)
    Gauss(d,a)=(-20.00,-2.00) at (x,y,z) = ( 6.20, 0.00, 4.65)
    Gauss(d,a)=(-20.00,-2.00) at (x,y,z) = ( 6.20, 0.00, 6.20)
    Gauss(d,a)=(-20.00,-2.00) at (x,y,z) = ( 6.20, 0.00, 7.75)
    Gauss(d,a)=(-20.00,-2.00) at (x,y,z) = ( 6.20, 0.00, 9.30)
    Gauss(d,a)=(-20.00,-2.00) at (x,y,z) = ( 6.20, 0.00,10.85)
    Gauss(d,a)=(-20.00,-2.00) at (x,y,z) = ( 6.20, 1.55, 0.00)
    Gauss(d,a)=(-20.00,-2.00) at (x,y,z) = ( 6.20, 1.55, 1.55)
    Gauss(d,a)=(-20.00,-2.00) at (x,y,z) = ( 6.20, 1.55, 3.10)
    Gauss(d,a)=(-20.00,-2.00) at (x,y,z) = ( 6.20, 1.55, 4.65)
    Gauss(d,a)=(-20.00,-2.00) at (x,y,z) = ( 6.20, 1.55, 6.20)
    Gauss(d,a)=(-20.00,-2.00) at (x,y,z) = ( 6.20, 1.55, 7.75)
    Gauss(d,a)=(-20.00,-2.00) at (x,y,z) = ( 6.20, 1.55, 9.30)
    Gauss(d,a)=(-20.00,-2.00) at (x,y,z) = ( 6.20, 1.55,10.85)
    Gauss(d,a)=(-20.00,-2.00) at (x,y,z) = ( 6.20, 3.10, 0.00)
    Gauss(d,a)=(-20.00,-2.00) at (x,y,z) = ( 6.20, 3.10, 1.55)
    Gauss(d,a)=(-20.00,-2.00) at (x,y,z) = ( 6.20, 3.10, 3.10)
    Gauss(d,a)=(-20.00,-2.00) at (x,y,z) = ( 6.20, 3.10, 4.65)
    Gauss(d,a)=(-20.00,-2.00) at (x,y,z) = ( 6.20, 3.10, 6.20)
    Gauss(d,a)=(-20.00,-2.00) at (x,y,z) = ( 6.20, 3.10, 7.75)
    Gauss(d,a)=(-20.00,-2.00) at (x,y,z) = ( 6.20, 3.10, 9.30)
    Gauss(d,a)=(-20.00,-2.00) at (x,y,z) = ( 6.20, 3.10,10.85)
    Gauss(d,a)=(-20.00,-2.00) at (x,y,z) = ( 6.20, 4.65, 0.00)
    Gauss(d,a)=(-20.00,-2.00) at (x,y,z) = ( 6.20, 4.65, 1.55)
    Gauss(d,a)=(-20.00,-2.00) at (x,y,z) = ( 6.20, 4.65, 3.10)
    Gauss(d,a)=(-20.00,-2.00) at (x,y,z) = ( 6.20, 4.65, 4.65)
    Gauss(d,a)=(-20.00,-2.00) at (x,y,z) = ( 6.20, 4.65, 6.20)
    Gauss(d,a)=(-20.00,-2.00) at (x,y,z) = ( 6.20, 4.65, 7.75)
    Gauss(d,a)=(-20.00,-2.00) at (x,y,z) = ( 6.20, 4.65, 9.30)
    Gauss(d,a)=(-20.00,-2.00) at (x,y,z) = ( 6.20, 4.65,10.85)
    Gauss(d,a)=(-20.00,-2.00) at (x,y,z) = ( 6.20, 6.20, 0.00)
    Gauss(d,a)=(-20.00,-2.00) at (x,y,z) = ( 6.20, 6.20, 1.55)
    Gauss(d,a)=(-20.00,-2.00) at (x,y,z) = ( 6.20, 6.20, 3.10)
    Gauss(d,a)=(-20.00,-2.00) at (x,y,z) = ( 6.20, 6.20, 4.65)
    Gauss(d,a)=(-20.00,-2.00) at (x,y,z) = ( 6.20, 6.20, 6.20)
    Gauss(d,a)=(-20.00,-2.00) at (x,y,z) = ( 6.20, 6.20, 7.75)
    Gauss(d,a)=(-20.00,-2.00) at (x,y,z) = ( 6.20, 6.20, 9.30)
    Gauss(d,a)=(-20.00,-2.00) at (x,y,z) = ( 6.20, 6.20,10.85)
    Gauss(d,a)=(-20.00,-2.00) at (x,y,z) = ( 6.20, 7.75, 0.00)
    Gauss(d,a)=(-20.00,-2.00) at (x,y,z) = ( 6.20, 7.75, 1.55)
    Gauss(d,a)=(-20.00,-2.00) at (x,y,z) = ( 6.20, 7.75, 3.10)
    Gauss(d,a)=(-20.00,-2.00) at (x,y,z) = ( 6.20, 7.75, 4.65)
    Gauss(d,a)=(-20.00,-2.00) at (x,y,z) = ( 6.20, 7.75, 6.20)
    Gauss(d,a)=(-20.00,-2.00) at (x,y,z) = ( 6.20, 7.75, 7.75)
    Gauss(d,a)=(-20.00,-2.00) at (x,y,z) = ( 6.20, 7.75, 9.30)
    Gauss(d,a)=(-20.00,-2.00) at (x,y,z) = ( 6.20, 7.75,10.85)
    Gauss(d,a)=(-20.00,-2.00) at (x,y,z) = ( 6.20, 9.30, 0.00)
    Gauss(d,a)=(-20.00,-2.00) at (x,y,z) = ( 6.20, 9.30, 1.55)
    Gauss(d,a)=(-20.00,-2.00) at (x,y,z) = ( 6.20, 9.30, 3.10)
    Gauss(d,a)=(-20.00,-2.00) at (x,y,z) = ( 6.20, 9.30, 4.65)
    Gauss(d,a)=(-20.00,-2.00) at (x,y,z) = ( 6.20, 9.30, 6.20)
    Gauss(d,a)=(-20.00,-2.00) at (x,y,z) = ( 6.20, 9.30, 7.75)
    Gauss(d,a)=(-20.00,-2.00) at (x,y,z) = ( 6.20, 9.30, 9.30)
    Gauss(d,a)=(-20.00,-2.00) at (x,y,z) = ( 6.20, 9.30,10.85)
    Gauss(d,a)=(-20.00,-2.00) at (x,y,z) = ( 6.20,10.85, 0.00)
    Gauss(d,a)=(-20.00,-2.00) at (x,y,z) = ( 6.20,10.85, 1.55)
    Gauss(d,a)=(-20.00,-2.00) at (x,y,z) = ( 6.20,10.85, 3.10)
    Gauss(d,a)=(-20.00,-2.00) at (x,y,z) = ( 6.20,10.85, 4.65)
    Gauss(d,a)=(-20.00,-2.00) at (x,y,z) = ( 6.20,10.85, 6.20)
    Gauss(d,a)=(-20.00,-2.00) at (x,y,z) = ( 6.20,10.85, 7.75)
    Gauss(d,a)=(-20.00,-2.00) at (x,y,z) = ( 6.20,10.85, 9.30)
    Gauss(d,a)=(-20.00,-2.00) at (x,y,z) = ( 6.20,10.85,10.85)
    Gauss(d,a)=(-20.00,-2.00) at (x,y,z) = ( 7.75, 0.00, 0.00)
    Gauss(d,a)=(-20.00,-2.00) at (x,y,z) = ( 7.75, 0.00, 1.55)
    Gauss(d,a)=(-20.00,-2.00) at (x,y,z) = ( 7.75, 0.00, 3.10)
    Gauss(d,a)=(-20.00,-2.00) at (x,y,z) = ( 7.75, 0.00, 4.65)
    Gauss(d,a)=(-20.00,-2.00) at (x,y,z) = ( 7.75, 0.00, 6.20)
    Gauss(d,a)=(-20.00,-2.00) at (x,y,z) = ( 7.75, 0.00, 7.75)
    Gauss(d,a)=(-20.00,-2.00) at (x,y,z) = ( 7.75, 0.00, 9.30)
    Gauss(d,a)=(-20.00,-2.00) at (x,y,z) = ( 7.75, 0.00,10.85)
    Gauss(d,a)=(-20.00,-2.00) at (x,y,z) = ( 7.75, 1.55, 0.00)
    Gauss(d,a)=(-20.00,-2.00) at (x,y,z) = ( 7.75, 1.55, 1.55)
    Gauss(d,a)=(-20.00,-2.00) at (x,y,z) = ( 7.75, 1.55, 3.10)
    Gauss(d,a)=(-20.00,-2.00) at (x,y,z) = ( 7.75, 1.55, 4.65)
    Gauss(d,a)=(-20.00,-2.00) at (x,y,z) = ( 7.75, 1.55, 6.20)
    Gauss(d,a)=(-20.00,-2.00) at (x,y,z) = ( 7.75, 1.55, 7.75)
    Gauss(d,a)=(-20.00,-2.00) at (x,y,z) = ( 7.75, 1.55, 9.30)
    Gauss(d,a)=(-20.00,-2.00) at (x,y,z) = ( 7.75, 1.55,10.85)
    Gauss(d,a)=(-20.00,-2.00) at (x,y,z) = ( 7.75, 3.10, 0.00)
    Gauss(d,a)=(-20.00,-2.00) at (x,y,z) = ( 7.75, 3.10, 1.55)
    Gauss(d,a)=(-20.00,-2.00) at (x,y,z) = ( 7.75, 3.10, 3.10)
    Gauss(d,a)=(-20.00,-2.00) at (x,y,z) = ( 7.75, 3.10, 4.65)
    Gauss(d,a)=(-20.00,-2.00) at (x,y,z) = ( 7.75, 3.10, 6.20)
    Gauss(d,a)=(-20.00,-2.00) at (x,y,z) = ( 7.75, 3.10, 7.75)
    Gauss(d,a)=(-20.00,-2.00) at (x,y,z) = ( 7.75, 3.10, 9.30)
    Gauss(d,a)=(-20.00,-2.00) at (x,y,z) = ( 7.75, 3.10,10.85)
    Gauss(d,a)=(-20.00,-2.00) at (x,y,z) = ( 7.75, 4.65, 0.00)
    Gauss(d,a)=(-20.00,-2.00) at (x,y,z) = ( 7.75, 4.65, 1.55)
    Gauss(d,a)=(-20.00,-2.00) at (x,y,z) = ( 7.75, 4.65, 3.10)
    Gauss(d,a)=(-20.00,-2.00) at (x,y,z) = ( 7.75, 4.65, 4.65)
    Gauss(d,a)=(-20.00,-2.00) at (x,y,z) = ( 7.75, 4.65, 6.20)
    Gauss(d,a)=(-20.00,-2.00) at (x,y,z) = ( 7.75, 4.65, 7.75)
    Gauss(d,a)=(-20.00,-2.00) at (x,y,z) = ( 7.75, 4.65, 9.30)
    Gauss(d,a)=(-20.00,-2.00) at (x,y,z) = ( 7.75, 4.65,10.85)
    Gauss(d,a)=(-20.00,-2.00) at (x,y,z) = ( 7.75, 6.20, 0.00)
    Gauss(d,a)=(-20.00,-2.00) at (x,y,z) = ( 7.75, 6.20, 1.55)
    Gauss(d,a)=(-20.00,-2.00) at (x,y,z) = ( 7.75, 6.20, 3.10)
    Gauss(d,a)=(-20.00,-2.00) at (x,y,z) = ( 7.75, 6.20, 4.65)
    Gauss(d,a)=(-20.00,-2.00) at (x,y,z) = ( 7.75, 6.20, 6.20)
    Gauss(d,a)=(-20.00,-2.00) at (x,y,z) = ( 7.75, 6.20, 7.75)
    Gauss(d,a)=(-20.00,-2.00) at (x,y,z) = ( 7.75, 6.20, 9.30)
    Gauss(d,a)=(-20.00,-2.00) at (x,y,z) = ( 7.75, 6.20,10.85)
    Gauss(d,a)=(-20.00,-2.00) at (x,y,z) = ( 7.75, 7.75, 0.00)
    Gauss(d,a)=(-20.00,-2.00) at (x,y,z) = ( 7.75, 7.75, 1.55)
    Gauss(d,a)=(-20.00,-2.00) at (x,y,z) = ( 7.75, 7.75, 3.10)
    Gauss(d,a)=(-20.00,-2.00) at (x,y,z) = ( 7.75, 7.75, 4.65)
    Gauss(d,a)=(-20.00,-2.00) at (x,y,z) = ( 7.75, 7.75, 6.20)
    Gauss(d,a)=(-20.00,-2.00) at (x,y,z) = ( 7.75, 7.75, 7.75)
    Gauss(d,a)=(-20.00,-2.00) at (x,y,z) = ( 7.75, 7.75, 9.30)
    Gauss(d,a)=(-20.00,-2.00) at (x,y,z) = ( 7.75, 7.75,10.85)
    Gauss(d,a)=(-20.00,-2.00) at (x,y,z) = ( 7.75, 9.30, 0.00)
    Gauss(d,a)=(-20.00,-2.00) at (x,y,z) = ( 7.75, 9.30, 1.55)
    Gauss(d,a)=(-20.00,-2.00) at (x,y,z) = ( 7.75, 9.30, 3.10)
    Gauss(d,a)=(-20.00,-2.00) at (x,y,z) = ( 7.75, 9.30, 4.65)
    Gauss(d,a)=(-20.00,-2.00) at (x,y,z) = ( 7.75, 9.30, 6.20)
    Gauss(d,a)=(-20.00,-2.00) at (x,y,z) = ( 7.75, 9.30, 7.75)
    Gauss(d,a)=(-20.00,-2.00) at (x,y,z) = ( 7.75, 9.30, 9.30)
    Gauss(d,a)=(-20.00,-2.00) at (x,y,z) = ( 7.75, 9.30,10.85)
    Gauss(d,a)=(-20.00,-2.00) at (x,y,z) = ( 7.75,10.85, 0.00)
    Gauss(d,a)=(-20.00,-2.00) at (x,y,z) = ( 7.75,10.85, 1.55)
    Gauss(d,a)=(-20.00,-2.00) at (x,y,z) = ( 7.75,10.85, 3.10)
    Gauss(d,a)=(-20.00,-2.00) at (x,y,z) = ( 7.75,10.85, 4.65)
    Gauss(d,a)=(-20.00,-2.00) at (x,y,z) = ( 7.75,10.85, 6.20)
    Gauss(d,a)=(-20.00,-2.00) at (x,y,z) = ( 7.75,10.85, 7.75)
    Gauss(d,a)=(-20.00,-2.00) at (x,y,z) = ( 7.75,10.85, 9.30)
    Gauss(d,a)=(-20.00,-2.00) at (x,y,z) = ( 7.75,10.85,10.85)
    Gauss(d,a)=(-20.00,-2.00) at (x,y,z) = ( 9.30, 0.00, 0.00)
    Gauss(d,a)=(-20.00,-2.00) at (x,y,z) = ( 9.30, 0.00, 1.55)
    Gauss(d,a)=(-20.00,-2.00) at (x,y,z) = ( 9.30, 0.00, 3.10)
    Gauss(d,a)=(-20.00,-2.00) at (x,y,z) = ( 9.30, 0.00, 4.65)
    Gauss(d,a)=(-20.00,-2.00) at (x,y,z) = ( 9.30, 0.00, 6.20)
    Gauss(d,a)=(-20.00,-2.00) at (x,y,z) = ( 9.30, 0.00, 7.75)
    Gauss(d,a)=(-20.00,-2.00) at (x,y,z) = ( 9.30, 0.00, 9.30)
    Gauss(d,a)=(-20.00,-2.00) at (x,y,z) = ( 9.30, 0.00,10.85)
    Gauss(d,a)=(-20.00,-2.00) at (x,y,z) = ( 9.30, 1.55, 0.00)
    Gauss(d,a)=(-20.00,-2.00) at (x,y,z) = ( 9.30, 1.55, 1.55)
    Gauss(d,a)=(-20.00,-2.00) at (x,y,z) = ( 9.30, 1.55, 3.10)
    Gauss(d,a)=(-20.00,-2.00) at (x,y,z) = ( 9.30, 1.55, 4.65)
    Gauss(d,a)=(-20.00,-2.00) at (x,y,z) = ( 9.30, 1.55, 6.20)
    Gauss(d,a)=(-20.00,-2.00) at (x,y,z) = ( 9.30, 1.55, 7.75)
    Gauss(d,a)=(-20.00,-2.00) at (x,y,z) = ( 9.30, 1.55, 9.30)
    Gauss(d,a)=(-20.00,-2.00) at (x,y,z) = ( 9.30, 1.55,10.85)
    Gauss(d,a)=(-20.00,-2.00) at (x,y,z) = ( 9.30, 3.10, 0.00)
    Gauss(d,a)=(-20.00,-2.00) at (x,y,z) = ( 9.30, 3.10, 1.55)
    Gauss(d,a)=(-20.00,-2.00) at (x,y,z) = ( 9.30, 3.10, 3.10)
    Gauss(d,a)=(-20.00,-2.00) at (x,y,z) = ( 9.30, 3.10, 4.65)
    Gauss(d,a)=(-20.00,-2.00) at (x,y,z) = ( 9.30, 3.10, 6.20)
    Gauss(d,a)=(-20.00,-2.00) at (x,y,z) = ( 9.30, 3.10, 7.75)
    Gauss(d,a)=(-20.00,-2.00) at (x,y,z) = ( 9.30, 3.10, 9.30)
    Gauss(d,a)=(-20.00,-2.00) at (x,y,z) = ( 9.30, 3.10,10.85)
    Gauss(d,a)=(-20.00,-2.00) at (x,y,z) = ( 9.30, 4.65, 0.00)
    Gauss(d,a)=(-20.00,-2.00) at (x,y,z) = ( 9.30, 4.65, 1.55)
    Gauss(d,a)=(-20.00,-2.00) at (x,y,z) = ( 9.30, 4.65, 3.10)
    Gauss(d,a)=(-20.00,-2.00) at (x,y,z) = ( 9.30, 4.65, 4.65)
    Gauss(d,a)=(-20.00,-2.00) at (x,y,z) = ( 9.30, 4.65, 6.20)
    Gauss(d,a)=(-20.00,-2.00) at (x,y,z) = ( 9.30, 4.65, 7.75)
    Gauss(d,a)=(-20.00,-2.00) at (x,y,z) = ( 9.30, 4.65, 9.30)
    Gauss(d,a)=(-20.00,-2.00) at (x,y,z) = ( 9.30, 4.65,10.85)
    Gauss(d,a)=(-20.00,-2.00) at (x,y,z) = ( 9.30, 6.20, 0.00)
    Gauss(d,a)=(-20.00,-2.00) at (x,y,z) = ( 9.30, 6.20, 1.55)
    Gauss(d,a)=(-20.00,-2.00) at (x,y,z) = ( 9.30, 6.20, 3.10)
    Gauss(d,a)=(-20.00,-2.00) at (x,y,z) = ( 9.30, 6.20, 4.65)
    Gauss(d,a)=(-20.00,-2.00) at (x,y,z) = ( 9.30, 6.20, 6.20)
    Gauss(d,a)=(-20.00,-2.00) at (x,y,z) = ( 9.30, 6.20, 7.75)
    Gauss(d,a)=(-20.00,-2.00) at (x,y,z) = ( 9.30, 6.20, 9.30)
    Gauss(d,a)=(-20.00,-2.00) at (x,y,z) = ( 9.30, 6.20,10.85)
    Gauss(d,a)=(-20.00,-2.00) at (x,y,z) = ( 9.30, 7.75, 0.00)
    Gauss(d,a)=(-20.00,-2.00) at (x,y,z) = ( 9.30, 7.75, 1.55)
    Gauss(d,a)=(-20.00,-2.00) at (x,y,z) = ( 9.30, 7.75, 3.10)
    Gauss(d,a)=(-20.00,-2.00) at (x,y,z) = ( 9.30, 7.75, 4.65)
    Gauss(d,a)=(-20.00,-2.00) at (x,y,z) = ( 9.30, 7.75, 6.20)
    Gauss(d,a)=(-20.00,-2.00) at (x,y,z) = ( 9.30, 7.75, 7.75)
    Gauss(d,a)=(-20.00,-2.00) at (x,y,z) = ( 9.30, 7.75, 9.30)
    Gauss(d,a)=(-20.00,-2.00) at (x,y,z) = ( 9.30, 7.75,10.85)
    Gauss(d,a)=(-20.00,-2.00) at (x,y,z) = ( 9.30, 9.30, 0.00)
    Gauss(d,a)=(-20.00,-2.00) at (x,y,z) = ( 9.30, 9.30, 1.55)
    Gauss(d,a)=(-20.00,-2.00) at (x,y,z) = ( 9.30, 9.30, 3.10)
    Gauss(d,a)=(-20.00,-2.00) at (x,y,z) = ( 9.30, 9.30, 4.65)
    Gauss(d,a)=(-20.00,-2.00) at (x,y,z) = ( 9.30, 9.30, 6.20)
    Gauss(d,a)=(-20.00,-2.00) at (x,y,z) = ( 9.30, 9.30, 7.75)
    Gauss(d,a)=(-20.00,-2.00) at (x,y,z) = ( 9.30, 9.30, 9.30)
    Gauss(d,a)=(-20.00,-2.00) at (x,y,z) = ( 9.30, 9.30,10.85)
    Gauss(d,a)=(-20.00,-2.00) at (x,y,z) = ( 9.30,10.85, 0.00)
    Gauss(d,a)=(-20.00,-2.00) at (x,y,z) = ( 9.30,10.85, 1.55)
    Gauss(d,a)=(-20.00,-2.00) at (x,y,z) = ( 9.30,10.85, 3.10)
    Gauss(d,a)=(-20.00,-2.00) at (x,y,z) = ( 9.30,10.85, 4.65)
    Gauss(d,a)=(-20.00,-2.00) at (x,y,z) = ( 9.30,10.85, 6.20)
    Gauss(d,a)=(-20.00,-2.00) at (x,y,z) = ( 9.30,10.85, 7.75)
    Gauss(d,a)=(-20.00,-2.00) at (x,y,z) = ( 9.30,10.85, 9.30)
    Gauss(d,a)=(-20.00,-2.00) at (x,y,z) = ( 9.30,10.85,10.85)
    Gauss(d,a)=(-20.00,-2.00) at (x,y,z) = (10.85, 0.00, 0.00)
    Gauss(d,a)=(-20.00,-2.00) at (x,y,z) = (10.85, 0.00, 1.55)
    Gauss(d,a)=(-20.00,-2.00) at (x,y,z) = (10.85, 0.00, 3.10)
    Gauss(d,a)=(-20.00,-2.00) at (x,y,z) = (10.85, 0.00, 4.65)
    Gauss(d,a)=(-20.00,-2.00) at (x,y,z) = (10.85, 0.00, 6.20)
    Gauss(d,a)=(-20.00,-2.00) at (x,y,z) = (10.85, 0.00, 7.75)
    Gauss(d,a)=(-20.00,-2.00) at (x,y,z) = (10.85, 0.00, 9.30)
    Gauss(d,a)=(-20.00,-2.00) at (x,y,z) = (10.85, 0.00,10.85)
    Gauss(d,a)=(-20.00,-2.00) at (x,y,z) = (10.85, 1.55, 0.00)
    Gauss(d,a)=(-20.00,-2.00) at (x,y,z) = (10.85, 1.55, 1.55)
    Gauss(d,a)=(-20.00,-2.00) at (x,y,z) = (10.85, 1.55, 3.10)
    Gauss(d,a)=(-20.00,-2.00) at (x,y,z) = (10.85, 1.55, 4.65)
    Gauss(d,a)=(-20.00,-2.00) at (x,y,z) = (10.85, 1.55, 6.20)
    Gauss(d,a)=(-20.00,-2.00) at (x,y,z) = (10.85, 1.55, 7.75)
    Gauss(d,a)=(-20.00,-2.00) at (x,y,z) = (10.85, 1.55, 9.30)
    Gauss(d,a)=(-20.00,-2.00) at (x,y,z) = (10.85, 1.55,10.85)
    Gauss(d,a)=(-20.00,-2.00) at (x,y,z) = (10.85, 3.10, 0.00)
    Gauss(d,a)=(-20.00,-2.00) at (x,y,z) = (10.85, 3.10, 1.55)
    Gauss(d,a)=(-20.00,-2.00) at (x,y,z) = (10.85, 3.10, 3.10)
    Gauss(d,a)=(-20.00,-2.00) at (x,y,z) = (10.85, 3.10, 4.65)
    Gauss(d,a)=(-20.00,-2.00) at (x,y,z) = (10.85, 3.10, 6.20)
    Gauss(d,a)=(-20.00,-2.00) at (x,y,z) = (10.85, 3.10, 7.75)
    Gauss(d,a)=(-20.00,-2.00) at (x,y,z) = (10.85, 3.10, 9.30)
    Gauss(d,a)=(-20.00,-2.00) at (x,y,z) = (10.85, 3.10,10.85)
    Gauss(d,a)=(-20.00,-2.00) at (x,y,z) = (10.85, 4.65, 0.00)
    Gauss(d,a)=(-20.00,-2.00) at (x,y,z) = (10.85, 4.65, 1.55)
    Gauss(d,a)=(-20.00,-2.00) at (x,y,z) = (10.85, 4.65, 3.10)
    Gauss(d,a)=(-20.00,-2.00) at (x,y,z) = (10.85, 4.65, 4.65)
    Gauss(d,a)=(-20.00,-2.00) at (x,y,z) = (10.85, 4.65, 6.20)
    Gauss(d,a)=(-20.00,-2.00) at (x,y,z) = (10.85, 4.65, 7.75)
    Gauss(d,a)=(-20.00,-2.00) at (x,y,z) = (10.85, 4.65, 9.30)
    Gauss(d,a)=(-20.00,-2.00) at (x,y,z) = (10.85, 4.65,10.85)
    Gauss(d,a)=(-20.00,-2.00) at (x,y,z) = (10.85, 6.20, 0.00)
    Gauss(d,a)=(-20.00,-2.00) at (x,y,z) = (10.85, 6.20, 1.55)
    Gauss(d,a)=(-20.00,-2.00) at (x,y,z) = (10.85, 6.20, 3.10)
    Gauss(d,a)=(-20.00,-2.00) at (x,y,z) = (10.85, 6.20, 4.65)
    Gauss(d,a)=(-20.00,-2.00) at (x,y,z) = (10.85, 6.20, 6.20)
    Gauss(d,a)=(-20.00,-2.00) at (x,y,z) = (10.85, 6.20, 7.75)
    Gauss(d,a)=(-20.00,-2.00) at (x,y,z) = (10.85, 6.20, 9.30)
    Gauss(d,a)=(-20.00,-2.00) at (x,y,z) = (10.85, 6.20,10.85)
    Gauss(d,a)=(-20.00,-2.00) at (x,y,z) = (10.85, 7.75, 0.00)
    Gauss(d,a)=(-20.00,-2.00) at (x,y,z) = (10.85, 7.75, 1.55)
    Gauss(d,a)=(-20.00,-2.00) at (x,y,z) = (10.85, 7.75, 3.10)
    Gauss(d,a)=(-20.00,-2.00) at (x,y,z) = (10.85, 7.75, 4.65)
    Gauss(d,a)=(-20.00,-2.00) at (x,y,z) = (10.85, 7.75, 6.20)
    Gauss(d,a)=(-20.00,-2.00) at (x,y,z) = (10.85, 7.75, 7.75)
    Gauss(d,a)=(-20.00,-2.00) at (x,y,z) = (10.85, 7.75, 9.30)
    Gauss(d,a)=(-20.00,-2.00) at (x,y,z) = (10.85, 7.75,10.85)
    Gauss(d,a)=(-20.00,-2.00) at (x,y,z) = (10.85, 9.30, 0.00)
    Gauss(d,a)=(-20.00,-2.00) at (x,y,z) = (10.85, 9.30, 1.55)
    Gauss(d,a)=(-20.00,-2.00) at (x,y,z) = (10.85, 9.30, 3.10)
    Gauss(d,a)=(-20.00,-2.00) at (x,y,z) = (10.85, 9.30, 4.65)
    Gauss(d,a)=(-20.00,-2.00) at (x,y,z) = (10.85, 9.30, 6.20)
    Gauss(d,a)=(-20.00,-2.00) at (x,y,z) = (10.85, 9.30, 7.75)
    Gauss(d,a)=(-20.00,-2.00) at (x,y,z) = (10.85, 9.30, 9.30)
    Gauss(d,a)=(-20.00,-2.00) at (x,y,z) = (10.85, 9.30,10.85)
    Gauss(d,a)=(-20.00,-2.00) at (x,y,z) = (10.85,10.85, 0.00)
    Gauss(d,a)=(-20.00,-2.00) at (x,y,z) = (10.85,10.85, 1.55)
    Gauss(d,a)=(-20.00,-2.00) at (x,y,z) = (10.85,10.85, 3.10)
    Gauss(d,a)=(-20.00,-2.00) at (x,y,z) = (10.85,10.85, 4.65)
    Gauss(d,a)=(-20.00,-2.00) at (x,y,z) = (10.85,10.85, 6.20)
    Gauss(d,a)=(-20.00,-2.00) at (x,y,z) = (10.85,10.85, 7.75)
    Gauss(d,a)=(-20.00,-2.00) at (x,y,z) = (10.85,10.85, 9.30)
    Gauss(d,a)=(-20.00,-2.00) at (x,y,z) = (10.85,10.85,10.85)


----GRAPH-CREATION-and-PARTITIONING----=======================================
      Setup: Max:   0.357, Sum:   1.428, Balance:   1.000
   Matching: Max:   0.133, Sum:   0.534, Balance:   1.000
Contraction: Max:   0.229, Sum:   0.915, Balance:   1.000
   InitPart: Max:   0.003, Sum:   0.013, Balance:   1.000
    Project: Max:   0.001, Sum:   0.002, Balance:   1.178
 Initialize: Max:   0.134, Sum:   0.534, Balance:   1.001
      K-way: Max:   0.252, Sum:   1.009, Balance:   1.000
      Remap: Max:   0.000, Sum:   0.000, Balance:   1.007
      Total: Max:   1.109, Sum:   4.437, Balance:   1.000
Final   4-way Cut: 1278789 	Balance: 1.026 

    Number of nodes:
         Rank0.........2.877E+04
         Averg.........2.941E+04
         Total.........1.176E+05
    Number of edges:
         Rank0.........8.824E+06
         Averg.........9.037E+06
         Total.........3.615E+07
    Memory usage.[MB]:
         Rank0.........1.351E+02
         Averg.........1.383E+02
         Total.........5.534E+02


----MATRIX-ALLOCATION----=====================================================
    Dimension of matrix H or S:
              Rank0..............2.877E+04 (28771)
              Averg..............2.941E+04       
              Total..............1.176E+05 (117649)
    Nonzero entries in H or S:
              Rank0..............8.852E+06 (8852349)
              Averg..............9.066E+06       
              Total..............3.626E+07 (36264691)
    Sparseness of H or S (fraction):
              Rank0..............2.615E-03
              Averg..............2.620E-03
    Sparseness of H or S (non-zero elemnts in a row):
              Rank0..............307.7
              Averg..............308.2
    Memory usage for H and S [MiB]:
              Rank0..............2.702E+02
              Averg..............2.767E+02
              Total..............1.107E+03


----ASSEMBLING----============================================================
..........10..........20..........30..........40..........50done
Assembling time = 204 [s]



----SOLVING----===============================================================
EPS Object: 4 MPI processes
  type: krylovschur
    Krylov-Schur: 50% of basis vectors kept after restart
  problem type: generalized symmetric eigenvalue problem
  extraction type: Rayleigh-Ritz
  selected portion of the spectrum: smallest real parts
  number of eigenvalues (nev): 600
  number of column vectors (ncv): 1200
  maximum dimension of projected problem (mpd): 1200
  maximum number of iterations: 500
  tolerance: 0.0001
  convergence test: relative to the eigenvalue
  estimates of matrix norms (constant): norm(A)=1, norm(B)=1
IP Object: 4 MPI processes
  type: bilinear
  orthogonalization method: classical Gram-Schmidt
  orthogonalization refinement: if needed (eta: 0.7071)
  Matrix Object:   4 MPI processes
    type: mpiaij
    rows=117649, cols=117649
    total: nonzeros=36264691, allocated nonzeros=36264691
    total number of mallocs used during MatSetValues calls =0
      not using I-node (on process 0) routines
DS Object: 4 MPI processes
  type: hep
  solving the problem with: Implicit QR method (_steqr)
ST Object: 4 MPI processes
  type: shift
  shift: 0
  matrices A and B have same nonzero pattern
  KSP Object:  (st_)   4 MPI processes
    type: cg
    maximum iterations=10000
    using preconditioner applied to right hand side for initial guess
    tolerances:  relative=1e-05, absolute=1e-50, divergence=10000
    left preconditioning
    using nonzero initial guess
    using PRECONDITIONED norm type for convergence test
  PC Object:  (st_)   4 MPI processes
    type: asm
      Additive Schwarz: total subdomain blocks = 4, amount of overlap = 1
      Additive Schwarz: restriction/interpolation type - RESTRICT
      Local solve is same for all blocks, in the following KSP and PC objects:
    KSP Object:    (st_sub_)     1 MPI processes
      type: preonly
      maximum iterations=10000, initial guess is zero
      tolerances:  relative=1e-05, absolute=1e-50, divergence=10000
      left preconditioning
      using DEFAULT norm type for convergence test
    PC Object:    (st_sub_)     1 MPI processes
      type: icc
        0 levels of fill
        tolerance for zero pivot 2.22045e-14
        using Manteuffel shift
        matrix ordering: natural
      linear system matrix = precond matrix:
      Matrix Object:       1 MPI processes
        type: seqaij
        rows=37982, cols=37982
        total: nonzeros=11092478, allocated nonzeros=11092478
        total number of mallocs used during MatSetValues calls =0
          not using I-node routines
    linear system matrix = precond matrix:
    Matrix Object:     4 MPI processes
      type: mpiaij
      rows=117649, cols=117649
      total: nonzeros=36264691, allocated nonzeros=36264691
      total number of mallocs used during MatSetValues calls =0
        not using I-node (on process 0) routines


  1 EPS nconv=32 first unconverged value (error) -11.5237 (1.31723994e-02)
  2 EPS nconv=46 first unconverged value (error) -11.4475 (3.96337104e-03)
  3 EPS nconv=73 first unconverged value (error) -11.2618 (9.84888473e-04)
  4 EPS nconv=102 first unconverged value (error) -11.1011 (9.01476873e-04)
  5 EPS nconv=123 first unconverged value (error) -11.0281 (2.18926967e-03)
  6 EPS nconv=159 first unconverged value (error) -10.907 (2.82662055e-04)
  7 EPS nconv=186 first unconverged value (error) -10.8391 (4.80419656e-04)
  8 EPS nconv=225 first unconverged value (error) -10.719 (1.24170874e-04)
  9 EPS nconv=607 first unconverged value (error) -7.0641 (3.72273402e-04)

--------------------------------------------------------------
    Number of iterations of the method.............9
    Number of linear iterations of the method......17719
    Solution method................................krylovschur
    Number of requested eigenvalues................600
    Stopping condition: eps_tol....................1.000000E-04
    Stopping condition: eps_max_it.................500
--------------------------------------------------------------


             EIGENVALUES            ERROR
====================================================
    0    -1.2015085258E+01     1.8784736250E-07
    1    -1.1936559530E+01     4.6350736666E-07
    2    -1.1936556716E+01     5.5156706359E-07
    3    -1.1936549539E+01     3.3750429170E-07
    4    -1.1858073848E+01     5.3209427874E-07
    5    -1.1858070991E+01     2.7293286691E-07
    6    -1.1858068376E+01     7.2597915024E-07
    7    -1.1812872612E+01     2.8306186913E-07
    8    -1.1812789518E+01     2.6569329267E-07
    9    -1.1812785330E+01     4.0926573781E-07
   10    -1.1779629830E+01     2.5123845237E-07
   11    -1.1734456204E+01     5.7721118833E-07
   12    -1.1734448616E+01     5.5222420507E-07
   13    -1.1734442774E+01     6.7753773692E-07
   14    -1.1734405304E+01     5.2172139177E-07
   15    -1.1734396954E+01     5.1816704069E-07
   16    -1.1734390953E+01     4.2821487387E-07
   17    -1.1656080695E+01     3.8901470440E-07
   18    -1.1656075291E+01     7.6835363472E-07
   19    -1.1656074683E+01     4.3075770781E-07
   20    -1.1650146231E+01     7.5285233137E-07
   21    -1.1650145472E+01     6.7070893476E-07
   22    -1.1650138701E+01     3.6726805994E-07
   23    -1.1611043332E+01     5.5130394690E-07
   24    -1.1610959016E+01     5.6759908278E-07
   25    -1.1610954458E+01     5.4639437338E-07
   26    -1.1572024059E+01     4.7701257170E-07
   27    -1.1572016951E+01     6.4681208975E-07
   28    -1.1572008465E+01     7.7466866085E-07
   29    -1.1571780846E+01     6.4665038072E-07
   30    -1.1571773193E+01     4.4311984058E-07
   31    -1.1571772045E+01     6.9696341249E-07
   32    -1.1532737613E+01     7.1314439913E-07
   33    -1.1532733202E+01     4.4455835677E-07
   34    -1.1532730067E+01     4.1107901405E-07
   35    -1.1493940196E+01     3.7866249866E-07
   36    -1.1493579065E+01     4.7706729063E-07
   37    -1.1493570931E+01     3.2194732449E-07
   38    -1.1462967564E+01     3.8390601918E-07
   39    -1.1462872275E+01     6.7137360259E-07
   40    -1.1462862985E+01     6.2188737574E-07
   41    -1.1448805172E+01     5.2951140030E-07
   42    -1.1448802215E+01     6.2508989955E-07
   43    -1.1448798133E+01     6.9151491559E-07
   44    -1.1448756986E+01     1.2660844436E-06
   45    -1.1448752221E+01     6.1678929025E-07
   46    -1.1448744723E+01     7.3664542347E-07
   47    -1.1409594146E+01     5.3356800190E-07
   48    -1.1384903814E+01     5.5982171435E-07
   49    -1.1384898974E+01     6.0164485764E-07
   50    -1.1384894297E+01     6.9503645869E-07
   51    -1.1384839323E+01     7.1855394236E-07
   52    -1.1384834027E+01     4.4020960935E-07
   53    -1.1384831899E+01     5.8869421542E-07
   54    -1.1370797341E+01     5.2245176108E-07
   55    -1.1370794769E+01     6.4163212214E-07
   56    -1.1370789929E+01     5.3015409679E-07
   57    -1.1370554053E+01     5.2030616896E-07
   58    -1.1370553234E+01     5.4013155312E-07
   59    -1.1370549085E+01     5.9656711657E-07
   60    -1.1306877710E+01     8.6658197217E-07
   61    -1.1306874387E+01     5.8817724551E-07
   62    -1.1306871500E+01     6.9797290399E-07
   63    -1.1287070704E+01     4.0530990367E-07
   64    -1.1287062496E+01     5.0545092713E-07
   65    -1.1287061987E+01     4.1186261379E-07
   66    -1.1276773830E+01     7.6061760391E-07
   67    -1.1276768320E+01     6.2364789697E-07
   68    -1.1276766371E+01     6.1555355178E-07
   69    -1.1262648651E+01     4.9433264814E-07
   70    -1.1262563231E+01     9.0525183792E-07
   71    -1.1262554295E+01     1.6388393924E-06
   72    -1.1261855057E+01     7.1442417249E-07
   73    -1.1261842273E+01     8.0386554905E-07
   74    -1.1261766097E+01     6.1917005475E-07
   75    -1.1247864343E+01     5.4814509694E-07
   76    -1.1247858983E+01     5.3953988181E-07
   77    -1.1247852154E+01     1.0445850705E-06
   78    -1.1209355313E+01     6.4729239614E-07
   79    -1.1208991838E+01     5.4931485887E-07
   80    -1.1208990746E+01     6.3292099014E-07
   81    -1.1199202805E+01     5.4063156886E-07
   82    -1.1199200542E+01     6.2270268150E-07
   83    -1.1199193106E+01     6.3159544366E-07
   84    -1.1198847754E+01     6.9353335710E-07
   85    -1.1198843718E+01     5.0198696483E-07
   86    -1.1198833383E+01     6.7459948389E-07
   87    -1.1184699314E+01     7.0439591523E-07
   88    -1.1184694347E+01     5.7174227992E-07
   89    -1.1184692557E+01     6.8674889049E-07
   90    -1.1183940536E+01     7.2038925502E-07
   91    -1.1183932602E+01     7.6494908234E-07
   92    -1.1183932079E+01     6.1133589173E-07
   93    -1.1121684214E+01     4.7945694972E-07
   94    -1.1121145792E+01     5.2584952315E-07
   95    -1.1121137541E+01     6.2649907794E-07
   96    -1.1106479171E+01     3.7164998341E-07
   97    -1.1106148943E+01     4.4738838755E-07
   98    -1.1106146113E+01     5.1994820446E-07
   99    -1.1101264437E+01     1.7540478775E-06
  100    -1.1101258634E+01     2.0146606105E-06
  101    -1.1101257625E+01     5.1050609053E-07
  102    -1.1101197604E+01     6.7030420256E-07
  103    -1.1101196232E+01     4.4708299814E-07
  104    -1.1101189035E+01     5.0252700470E-07
  105    -1.1086631339E+01     6.8174651941E-07
  106    -1.1086628150E+01     6.2548736460E-07
  107    -1.1086623343E+01     6.4024136177E-07
  108    -1.1082179134E+01     6.6194075996E-07
  109    -1.1082176290E+01     5.1894634112E-07
  110    -1.1082171507E+01     5.6452174603E-07
  111    -1.1076969616E+01     9.8706335744E-07
  112    -1.1076963154E+01     1.5701868416E-06
  113    -1.1076959814E+01     6.9844744944E-07
  114    -1.1076959033E+01     5.2661641385E-07
  115    -1.1076952907E+01     6.3550654898E-07
  116    -1.1076947073E+01     6.5139375184E-07
  117    -1.1062731224E+01     4.6874166947E-07
  118    -1.1061588336E+01     5.6663191000E-07
  119    -1.1061584999E+01     5.8690709440E-07
  120    -1.1028548754E+01     5.3024217972E-07
  121    -1.1028548224E+01     4.4398325330E-07
  122    -1.1028545427E+01     6.0990952403E-07
  123    -1.1028329197E+01     5.9043817821E-07
  124    -1.1028325997E+01     5.0856794046E-07
  125    -1.1028323914E+01     8.3566844413E-07
  126    -1.1023617371E+01     5.8319230966E-07
  127    -1.1023614798E+01     6.2536644485E-07
  128    -1.1023610312E+01     8.0014691339E-07
  129    -1.1023366239E+01     5.6077788156E-07
  130    -1.1023365805E+01     5.4832522010E-07
  131    -1.1023361845E+01     6.4856933556E-07
  132    -1.1004965706E+01     3.8884027982E-07
  133    -1.1004961342E+01     5.9476001312E-07
  134    -1.1004957235E+01     6.1472861985E-07
  135    -1.1004213775E+01     4.7194902207E-07
  136    -1.1004212872E+01     6.6452084129E-07
  137    -1.1004209087E+01     6.3284371503E-07
  138    -1.0999546141E+01     5.8448879068E-07
  139    -1.0999541755E+01     5.8629293081E-07
  140    -1.0999536904E+01     6.5970820015E-07
  141    -1.0999183600E+01     6.6672852407E-07
  142    -1.0999179187E+01     5.7313410433E-07
  143    -1.0999171678E+01     6.3974049954E-07
  144    -1.0950664901E+01     5.6490609895E-07
  145    -1.0950662279E+01     4.6319958719E-07
  146    -1.0950660047E+01     6.3170436480E-07
  147    -1.0927794016E+01     5.5096909560E-07
  148    -1.0926670793E+01     7.2257374450E-07
  149    -1.0926666348E+01     6.5333473311E-07
  150    -1.0925911251E+01     8.5404644220E-07
  151    -1.0917837829E+01     6.4240892299E-07
  152    -1.0917832541E+01     6.3453063503E-07
  153    -1.0917832096E+01     7.2192028484E-07
  154    -1.0916714321E+01     5.2530313562E-07
  155    -1.0916619087E+01     9.9911216686E-07
  156    -1.0916618374E+01     7.8438884724E-07
  157    -1.0916093993E+01     6.4617521706E-07
  158    -1.0916088450E+01     6.1489952531E-07
  159    -1.0916080952E+01     7.9370318440E-07
  160    -1.0907224811E+01     3.9218452338E-07
  161    -1.0907028057E+01     6.7280213653E-07
  162    -1.0907026701E+01     1.2557774280E-06
  163    -1.0905201247E+01     9.6715673978E-07
  164    -1.0905199157E+01     6.0444202030E-07
  165    -1.0904996153E+01     7.8064677675E-07
  166    -1.0901875739E+01     7.5382743833E-07
  167    -1.0901874754E+01     6.3714938565E-07
  168    -1.0901870370E+01     7.2199410146E-07
  169    -1.0901090910E+01     5.4859446149E-07
  170    -1.0901086481E+01     6.5703813141E-07
  171    -1.0901081427E+01     6.1846625744E-07
  172    -1.0882959835E+01     6.1308177182E-07
  173    -1.0882949048E+01     5.8095692600E-07
  174    -1.0882942097E+01     6.8517184523E-07
  175    -1.0882865780E+01     8.0562843637E-07
  176    -1.0882857759E+01     7.5191040288E-07
  177    -1.0882857425E+01     7.8966061866E-07
  178    -1.0877627054E+01     4.6909199886E-07
  179    -1.0877622104E+01     7.2028910940E-07
  180    -1.0877620946E+01     5.0845876963E-07
  181    -1.0840658783E+01     5.5921510008E-07
  182    -1.0840254746E+01     6.1944704977E-07
  183    -1.0840251697E+01     7.7362073925E-07
  184    -1.0839134231E+01     5.7063602717E-07
  185    -1.0839132189E+01     8.0306340568E-07
  186    -1.0839127664E+01     1.0338671869E-06
  187    -1.0838797849E+01     5.9325163167E-07
  188    -1.0838794864E+01     5.9079260925E-07
  189    -1.0838359852E+01     6.7973768290E-07
  190    -1.0829418528E+01     7.5168339246E-07
  191    -1.0829415196E+01     7.3861886636E-07
  192    -1.0829414881E+01     7.8366858473E-07
  193    -1.0827459649E+01     7.3828230813E-07
  194    -1.0827458107E+01     8.2956950232E-07
  195    -1.0827455293E+01     7.7844690191E-07
  196    -1.0805836520E+01     6.5090643877E-07
  197    -1.0805833066E+01     5.9129563796E-07
  198    -1.0805831089E+01     6.1552692962E-07
  199    -1.0805081575E+01     8.4645224303E-07
  200    -1.0805080822E+01     5.2890560185E-07
  201    -1.0805077550E+01     8.5931993326E-07
  202    -1.0746322624E+01     7.4254026390E-07
  203    -1.0746314904E+01     5.4336359451E-07
  204    -1.0746307493E+01     7.5949437048E-07
  205    -1.0746097234E+01     6.7879544034E-07
  206    -1.0746094362E+01     6.2193124440E-07
  207    -1.0746088784E+01     7.2635922865E-07
  208    -1.0741519981E+01     8.0584871716E-07
  209    -1.0741517277E+01     5.8259497255E-07
  210    -1.0741513843E+01     7.7423148808E-07
  211    -1.0733327809E+01     6.5717587403E-07
  212    -1.0733322724E+01     6.1365861779E-07
  213    -1.0733321566E+01     4.9356320249E-07
  214    -1.0733272414E+01     9.2351066388E-07
  215    -1.0733263581E+01     7.9885825254E-07
  216    -1.0733258070E+01     5.2508310298E-07
  217    -1.0725063183E+01     4.3458311795E-07
  218    -1.0725061158E+01     5.8296333621E-07
  219    -1.0725057828E+01     5.9093395733E-07
  220    -1.0721692688E+01     7.0077490423E-07
  221    -1.0721688082E+01     1.3343288804E-06
  222    -1.0721685571E+01     8.9009589197E-07
  223    -1.0718986343E+01     8.4938024502E-07
  224    -1.0718983247E+01     1.1351473575E-06
  225    -1.0718979939E+01     4.9966244057E-07
  226    -1.0718620444E+01     5.2720275697E-07
  227    -1.0717280147E+01     6.6572998243E-07
  228    -1.0717278359E+01     7.4883061272E-07
  229    -1.0717270483E+01     5.8584088312E-07
  230    -1.0717068492E+01     6.6069025723E-07
  231    -1.0717066106E+01     5.9295376312E-07
  232    -1.0708402857E+01     5.1746526840E-07
  233    -1.0705456411E+01     7.5648781611E-07
  234    -1.0705455059E+01     6.8841872359E-07
  235    -1.0684077104E+01     7.4100705290E-07
  236    -1.0684070497E+01     6.2885794168E-07
  237    -1.0684066320E+01     6.0395228657E-07
  238    -1.0668796854E+01     6.4729433074E-07
  239    -1.0668786673E+01     8.6225438651E-07
  240    -1.0668786086E+01     6.7032140221E-07
  241    -1.0668571216E+01     6.1447498542E-07
  242    -1.0668567940E+01     8.0940747046E-07
  243    -1.0668559799E+01     6.8190320547E-07
  244    -1.0656249309E+01     6.5484502600E-07
  245    -1.0656242982E+01     6.1130035733E-07
  246    -1.0656240730E+01     8.1732508721E-07
  247    -1.0655913484E+01     7.3447077197E-07
  248    -1.0655908877E+01     7.4451992155E-07
  249    -1.0655901973E+01     6.4999329003E-07
  250    -1.0648273569E+01     5.2968574928E-07
  251    -1.0647542141E+01     5.9225372705E-07
  252    -1.0647540220E+01     7.4918385816E-07
  253    -1.0644605161E+01     7.0730883862E-07
  254    -1.0644600091E+01     5.4411582703E-07
  255    -1.0643862079E+01     7.6332246049E-07
  256    -1.0565836901E+01     7.0552313435E-07
  257    -1.0565626775E+01     5.8386748889E-07
  258    -1.0565624229E+01     6.5827983479E-07
  259    -1.0560890682E+01     7.4615765278E-07
  260    -1.0558538593E+01     7.6910472418E-07
  261    -1.0558535519E+01     6.4132705053E-07
  262    -1.0558408561E+01     6.9202612312E-07
  263    -1.0558406707E+01     5.8145002919E-07
  264    -1.0558400468E+01     6.0193673649E-07
  265    -1.0558326713E+01     7.3236775596E-07
  266    -1.0558321390E+01     7.6773393987E-07
  267    -1.0558319154E+01     6.1353591552E-07
  268    -1.0552661363E+01     7.5943771275E-07
  269    -1.0552658744E+01     7.1150053277E-07
  270    -1.0552651043E+01     8.4249092871E-07
  271    -1.0547947596E+01     5.7457832555E-07
  272    -1.0547942448E+01     5.6999754557E-07
  273    -1.0547934830E+01     7.8794075503E-07
  274    -1.0546050724E+01     4.3676206026E-07
  275    -1.0546049152E+01     5.5748966886E-07
  276    -1.0546039938E+01     5.9727645904E-07
  277    -1.0540643505E+01     7.8207287079E-07
  278    -1.0540640668E+01     5.0333033896E-07
  279    -1.0540628846E+01     6.8029214143E-07
  280    -1.0540593048E+01     3.1952253570E-07
  281    -1.0540588896E+01     7.7854021744E-07
  282    -1.0540581753E+01     7.4915831782E-07
  283    -1.0535547163E+01     6.4271771707E-07
  284    -1.0535542081E+01     8.9757850764E-07
  285    -1.0535535424E+01     7.1631390508E-07
  286    -1.0534813233E+01     7.0532454055E-07
  287    -1.0534808722E+01     6.5668223271E-07
  288    -1.0534804832E+01     6.0800020884E-07
  289    -1.0526733647E+01     6.7426252572E-07
  290    -1.0526732169E+01     7.0260161298E-07
  291    -1.0526726914E+01     5.8857253369E-07
  292    -1.0523283853E+01     5.5868011538E-07
  293    -1.0523282689E+01     7.5031916463E-07
  294    -1.0523280723E+01     6.8029646867E-07
  295    -1.0488378506E+01     6.0649192770E-07
  296    -1.0488377135E+01     7.3284112110E-07
  297    -1.0488375595E+01     6.7059218538E-07
  298    -1.0481147194E+01     6.8637690334E-07
  299    -1.0481145175E+01     6.5286484988E-07
  300    -1.0481143474E+01     6.1484120135E-07
  301    -1.0476082724E+01     8.4862367542E-07
  302    -1.0475596317E+01     7.2646637640E-07
  303    -1.0475588137E+01     5.4119179864E-07
  304    -1.0463909421E+01     6.0613387426E-07
  305    -1.0463902853E+01     5.9331772577E-07
  306    -1.0463897626E+01     6.4694348727E-07
  307    -1.0463132620E+01     6.8822457051E-07
  308    -1.0463127430E+01     7.2498018884E-07
  309    -1.0463123531E+01     5.9332239496E-07
  310    -1.0388180753E+01     6.3146742055E-07
  311    -1.0388164026E+01     7.1591660878E-07
  312    -1.0388155834E+01     8.0366444101E-07
  313    -1.0380549432E+01     6.5832363798E-07
  314    -1.0380540953E+01     4.4061308601E-07
  315    -1.0380535838E+01     6.5572682663E-07
  316    -1.0380322148E+01     7.1566135715E-07
  317    -1.0380316333E+01     5.9165430511E-07
  318    -1.0380311308E+01     6.5219867294E-07
  319    -1.0377507348E+01     7.9602373370E-07
  320    -1.0377502100E+01     5.3935351617E-07
  321    -1.0377493643E+01     6.6567942331E-07
  322    -1.0376752191E+01     7.4727196082E-07
  323    -1.0376434985E+01     6.0492692450E-07
  324    -1.0376428683E+01     5.9497582848E-07
  325    -1.0376422426E+01     6.0757086293E-07
  326    -1.0369885929E+01     7.9119595951E-07
  327    -1.0367799990E+01     5.1850341756E-07
  328    -1.0366654169E+01     7.0985743550E-07
  329    -1.0366648514E+01     9.3636654462E-07
  330    -1.0364708486E+01     7.1966345570E-07
  331    -1.0364706794E+01     5.5399489816E-07
  332    -1.0364506374E+01     8.9403852245E-07
  333    -1.0364495440E+01     6.2820869500E-07
  334    -1.0364489742E+01     8.2316783677E-07
  335    -1.0360713591E+01     7.9926726263E-07
  336    -1.0360710911E+01     8.0330755133E-07
  337    -1.0358524952E+01     6.9939005481E-07
  338    -1.0356249081E+01     8.3854781408E-07
  339    -1.0356245803E+01     5.6593994834E-07
  340    -1.0356242656E+01     7.4236105812E-07
  341    -1.0355543882E+01     8.0117889126E-07
  342    -1.0355535228E+01     5.8895206178E-07
  343    -1.0355530152E+01     7.2651392979E-07
  344    -1.0343271868E+01     7.0387841820E-07
  345    -1.0343264381E+01     6.7684155780E-07
  346    -1.0343260636E+01     7.0132524118E-07
  347    -1.0342549115E+01     7.6413731919E-07
  348    -1.0342545381E+01     7.2432020584E-07
  349    -1.0342537030E+01     8.6811642154E-07
  350    -1.0303577478E+01     6.4060797680E-07
  351    -1.0303559274E+01     7.6115987866E-07
  352    -1.0303556882E+01     7.4062435029E-07
  353    -1.0303245918E+01     6.1698955951E-07
  354    -1.0303242733E+01     6.7031393419E-07
  355    -1.0303229043E+01     6.0524043096E-07
  356    -1.0288253752E+01     7.1309206061E-07
  357    -1.0287417809E+01     6.8599668914E-07
  358    -1.0287416006E+01     8.2823458098E-07
  359    -1.0279716662E+01     6.2135086475E-07
  360    -1.0279711204E+01     7.9468756766E-07
  361    -1.0278887583E+01     6.9656517172E-07
  362    -1.0209244257E+01     7.6403690795E-07
  363    -1.0209231884E+01     8.7621717277E-07
  364    -1.0209225643E+01     7.0167432987E-07
  365    -1.0208913718E+01     3.8767044319E-07
  366    -1.0208585788E+01     8.9515675123E-07
  367    -1.0208580613E+01     9.8339717117E-07
  368    -1.0201428951E+01     6.4383131146E-07
  369    -1.0201427538E+01     9.3481727422E-07
  370    -1.0201414811E+01     8.1257270985E-07
  371    -1.0199969761E+01     6.5651669904E-07
  372    -1.0197659083E+01     8.7868819360E-07
  373    -1.0197653883E+01     5.6908960989E-07
  374    -1.0196135415E+01     6.7546007952E-07
  375    -1.0196129532E+01     7.4657820103E-07
  376    -1.0196121088E+01     4.6833102335E-07
  377    -1.0188140774E+01     8.2453699991E-07
  378    -1.0188132685E+01     7.5127493673E-07
  379    -1.0188129851E+01     7.7480044391E-07
  380    -1.0187902360E+01     6.8756854899E-07
  381    -1.0187901284E+01     7.3520361824E-07
  382    -1.0187891395E+01     6.5714837296E-07
  383    -1.0186791991E+01     8.7655343160E-07
  384    -1.0186783199E+01     5.8519469932E-07
  385    -1.0186781520E+01     9.6313116602E-07
  386    -1.0183883446E+01     7.2526871831E-07
  387    -1.0183873980E+01     7.3850793491E-07
  388    -1.0183870189E+01     7.4286695501E-07
  389    -1.0183317579E+01     5.7871253978E-07
  390    -1.0183316015E+01     6.1298587652E-07
  391    -1.0183307531E+01     7.6786367664E-07
  392    -1.0181790837E+01     6.6643632733E-07
  393    -1.0181782827E+01     6.8408197623E-07
  394    -1.0181772452E+01     5.9484954199E-07
  395    -1.0168498385E+01     1.2854855418E-06
  396    -1.0168494436E+01     6.7506866760E-07
  397    -1.0168493052E+01     7.0797212785E-07
  398    -1.0167476830E+01     8.7968375418E-07
  399    -1.0167472428E+01     8.8156548578E-07
  400    -1.0167471120E+01     7.5146096784E-07
  401    -1.0159435725E+01     5.3456782888E-07
  402    -1.0159434564E+01     6.8631156192E-07
  403    -1.0159430856E+01     6.4553360944E-07
  404    -1.0131561543E+01     7.3571452041E-07
  405    -1.0131557121E+01     6.7404931591E-07
  406    -1.0131556227E+01     5.7128777807E-07
  407    -1.0111482697E+01     6.5644731919E-07
  408    -1.0111476478E+01     7.2591872994E-07
  409    -1.0111474892E+01     8.3967580050E-07
  410    -1.0110691930E+01     7.0864450155E-07
  411    -1.0110689151E+01     8.1348830813E-07
  412    -1.0110683608E+01     6.1234427008E-07
  413    -1.0092347304E+01     6.8410467627E-07
  414    -1.0091161250E+01     7.2185740709E-07
  415    -1.0091158842E+01     6.5182605230E-07
  416    -1.0031150163E+01     5.2474104130E-07
  417    -1.0026820322E+01     8.9405907792E-07
  418    -1.0026796578E+01     7.7183996093E-07
  419    -1.0026793724E+01     8.1783220352E-07
  420    -1.0024550223E+01     7.1081228709E-07
  421    -1.0024546475E+01     5.8139033310E-07
  422    -1.0024516874E+01     9.1845356219E-07
  423    -1.0020085726E+01     8.6785593874E-07
  424    -1.0020083898E+01     6.4562066260E-07
  425    -1.0018468394E+01     6.4805811574E-07
  426    -1.0018442059E+01     7.7959109775E-07
  427    -1.0018438245E+01     6.5305543896E-07
  428    -1.0013356682E+01     8.8587610853E-07
  429    -1.0012869617E+01     6.5039505064E-07
  430    -1.0009680529E+01     6.6238982550E-07
  431    -1.0009676259E+01     9.3087776223E-07
  432    -1.0009603608E+01     7.2453103022E-07
  433    -1.0009601972E+01     8.5000713455E-07
  434    -1.0004830540E+01     6.3110270034E-07
  435    -1.0004813845E+01     8.2892416009E-07
  436    -1.0004809953E+01     7.1167867206E-07
  437    -1.0003652461E+01     8.1757850055E-07
  438    -1.0003648429E+01     5.6656390579E-07
  439    -9.9999724262E+00     7.4823999641E-07
  440    -9.9917893232E+00     7.7738642400E-07
  441    -9.9917782835E+00     6.4562565761E-07
  442    -9.9917766094E+00     7.7488120636E-07
  443    -9.9897012684E+00     8.6692969842E-07
  444    -9.9896969350E+00     6.2064144425E-07
  445    -9.9896882562E+00     7.3873433177E-07
  446    -9.9717335070E+00     6.9714731171E-07
  447    -9.9717234275E+00     6.8424406759E-07
  448    -9.9717221965E+00     9.4801054162E-07
  449    -9.8539147891E+00     7.6181366753E-07
  450    -9.8538991993E+00     8.5733934934E-07
  451    -9.8538972142E+00     6.8716213197E-07
  452    -9.8477547847E+00     7.8823763908E-07
  453    -9.8477390499E+00     1.2077855122E-06
  454    -9.8477315010E+00     5.7772640924E-07
  455    -9.8439954955E+00     6.5154824997E-07
  456    -9.8417783635E+00     6.8690246597E-07
  457    -9.8417734240E+00     9.1940741730E-07
  458    -9.8417373239E+00     6.7391880998E-07
  459    -9.8358962690E+00     6.5497463408E-07
  460    -9.8358732466E+00     7.1696298782E-07
  461    -9.8358718160E+00     7.3864022006E-07
  462    -9.8320497453E+00     5.5046794843E-07
  463    -9.8320468812E+00     7.3742551495E-07
  464    -9.8320340630E+00     8.6684612602E-07
  465    -9.8312125417E+00     5.8938053563E-07
  466    -9.8311859125E+00     6.8167160948E-07
  467    -9.8311840464E+00     6.9524048888E-07
  468    -9.8231320879E+00     8.2587497035E-07
  469    -9.8231264433E+00     9.4062728945E-07
  470    -9.8231183826E+00     9.7443797805E-07
  471    -9.8185304873E+00     6.8234380826E-07
  472    -9.8132376893E+00     6.0519068312E-07
  473    -9.8132352182E+00     5.0404372648E-07
  474    -9.6792398691E+00     8.0253444937E-07
  475    -9.6690058330E+00     5.5814278613E-07
  476    -9.6689383464E+00     5.5899211544E-07
  477    -9.6689339784E+00     7.9896177560E-07
  478    -9.6685861856E+00     8.6161758235E-07
  479    -9.6685839972E+00     9.6209330355E-07
  480    -9.6606927986E+00     7.4089786036E-07
  481    -9.6573502355E+00     6.7563202947E-07
  482    -9.6573349911E+00     5.4064206613E-07
  483    -9.6573316750E+00     5.5573944902E-07
  484    -9.6501914113E+00     6.0507947345E-07
  485    -9.6501908643E+00     4.9191666272E-07
  486    -9.6501703510E+00     7.2679936470E-07
  487    -9.6485605828E+00     6.4782498017E-07
  488    -9.6485531125E+00     7.4311776860E-07
  489    -9.6362285210E+00     6.6420217703E-07
  490    -9.6362046707E+00     7.2094054940E-07
  491    -9.6362014888E+00     7.0721774112E-07
  492    -9.4947831521E+00     6.1394861083E-07
  493    -9.4947457685E+00     5.6198284347E-07
  494    -9.4947429751E+00     6.4482828278E-07
  495    -9.4815653585E+00     6.8830618023E-07
  496    -9.4815384922E+00     6.4637899534E-07
  497    -9.4815364879E+00     5.6328576092E-07
  498    -9.4737290892E+00     8.8342786677E-07
  499    -9.4737226445E+00     6.5382978136E-07
  500    -9.4737032528E+00     7.4902509403E-07
  501    -9.4690992520E+00     8.0597643475E-07
  502    -9.4573333715E+00     5.7382361297E-07
  503    -9.4573292377E+00     6.4178484654E-07
  504    -9.3212758625E+00     5.3473283852E-07
  505    -9.3034500952E+00     6.1093974339E-07
  506    -9.3034402252E+00     9.3094761287E-07
  507    -9.3034376804E+00     6.6743457328E-07
  508    -9.2863593646E+00     5.1840602126E-07
  509    -9.2863469882E+00     6.8592820588E-07
  510    -9.2863463824E+00     8.0785129351E-07
  511    -9.2699348845E+00     4.6471609639E-07
  512    -7.8539188219E+00     1.2563523452E-06
  513    -7.8538870215E+00     1.3755796083E-06
  514    -7.8538750836E+00     1.2920316477E-06
  515    -7.7715639928E+00     9.9933854488E-07
  516    -7.7715621407E+00     1.0051898472E-06
  517    -7.7715524709E+00     1.5203801101E-06
  518    -7.7715408840E+00     1.0948482687E-06
  519    -7.7715398963E+00     1.1796207186E-06
  520    -7.7715374460E+00     9.8518000353E-07
  521    -7.6892359004E+00     1.5383852524E-06
  522    -7.6892322176E+00     1.1211290018E-06
  523    -7.6892295567E+00     1.4467458291E-06
  524    -7.6395246558E+00     1.1540196003E-06
  525    -7.6394755695E+00     1.4505219842E-06
  526    -7.6394741050E+00     1.2467036979E-06
  527    -7.6393088369E+00     1.2485803407E-06
  528    -7.6393039460E+00     1.3335091483E-06
  529    -7.6392578560E+00     1.1983211361E-06
  530    -7.5572338256E+00     1.2964929230E-06
  531    -7.5572284659E+00     1.4723885328E-06
  532    -7.5572251026E+00     1.1820236044E-06
  533    -7.5570325182E+00     1.5198998122E-06
  534    -7.5570311568E+00     1.2563338919E-06
  535    -7.5570284558E+00     1.4152302611E-06
  536    -7.5333499836E+00     1.2834127089E-06
  537    -7.5333469278E+00     1.0449901347E-06
  538    -7.5333437491E+00     1.3779300889E-06
  539    -7.4634724996E+00     1.3864483686E-06
  540    -7.4634670696E+00     1.5226657590E-06
  541    -7.4634599136E+00     1.3755330744E-06
  542    -7.4634533480E+00     1.5734208005E-06
  543    -7.4634486124E+00     1.4704515419E-06
  544    -7.4634406679E+00     1.1134467215E-06
  545    -7.4514347622E+00     1.1091287918E-06
  546    -7.4514311726E+00     1.3541885454E-06
  547    -7.4514297843E+00     1.3276743784E-06
  548    -7.4511466018E+00     1.2930557958E-06
  549    -7.4511431535E+00     1.6872180942E-06
  550    -7.4511401852E+00     1.5170199407E-06
  551    -7.4253431920E+00     1.0721023394E-06
  552    -7.4250423765E+00     1.0051060045E-06
  553    -7.4250398873E+00     1.1816754084E-06
  554    -7.3814067060E+00     1.2720869555E-06
  555    -7.3813964308E+00     1.4460149548E-06
  556    -7.3813948773E+00     1.5753725254E-06
  557    -7.3811787265E+00     1.9168690176E-06
  558    -7.3811715666E+00     1.4016040812E-06
  559    -7.3811677509E+00     1.4560434277E-06
  560    -7.3695471692E+00     1.3780743577E-06
  561    -7.3691151076E+00     1.5967163077E-06
  562    -7.3691108220E+00     1.1267294591E-06
  563    -7.3198328846E+00     1.7461242883E-06
  564    -7.3198321152E+00     1.2685925730E-06
  565    -7.3198259821E+00     1.2316916189E-06
  566    -7.3197935382E+00     1.5133965610E-06
  567    -7.3197900369E+00     1.3567422130E-06
  568    -7.3197859696E+00     1.3616231955E-06
  569    -7.2574308691E+00     1.2524568770E-06
  570    -7.2573646832E+00     1.7664717535E-06
  571    -7.2573620913E+00     1.5521769510E-06
  572    -7.2563463235E+00     1.3142007394E-06
  573    -7.2563414088E+00     1.8868767005E-06
  574    -7.2562733903E+00     1.7492859466E-06
  575    -7.2495975880E+00     1.3326806542E-06
  576    -7.2495947369E+00     1.5515407909E-06
  577    -7.2495903786E+00     1.4053949390E-06
  578    -7.2493875914E+00     1.4174297360E-06
  579    -7.2493859277E+00     1.3020541989E-06
  580    -7.2493807841E+00     1.8879087996E-06
  581    -7.2379874092E+00     1.8645384828E-06
  582    -7.2379854212E+00     1.3947234076E-06
  583    -7.2379850283E+00     1.2258821309E-06
  584    -7.2376889857E+00     1.5196861328E-06
  585    -7.2376883191E+00     1.6865461790E-06
  586    -7.2376867578E+00     1.6847779039E-06
  587    -7.1753621590E+00     1.2997977900E-06
  588    -7.1753556314E+00     1.1853795870E-06
  589    -7.1753524369E+00     1.1835690733E-06
  590    -7.1742795729E+00     1.3837634151E-06
  591    -7.1742763809E+00     1.4448791548E-06
  592    -7.1742752113E+00     1.5779728393E-06
  593    -7.1461724385E+00     1.5531469149E-06
  594    -7.1461635793E+00     1.5255520389E-06
  595    -7.1461626279E+00     1.3475894643E-06
  596    -7.1440881673E+00     1.4582038041E-06
  597    -7.1440863076E+00     1.3866813355E-06
  598    -7.1440841943E+00     1.4766966838E-06
  599    -7.1065481331E+00     1.7702261829E-06
  600    -7.1065440062E+00     2.1214835378E-06
  601    -7.1065420201E+00     1.7033765793E-06
  602    -7.0741507101E+00     1.2666783376E-06
  603    -7.0741460814E+00     1.6406072906E-06
  604    -7.0741427466E+00     1.2391613631E-06
  605    -7.0645551464E+00     1.5003687391E-06
  606    -7.0641742539E+00     1.5075489200E-06


 TOTAL TIME = 5039 [seconds] = 1.40 [hours]
