===============================================================================
 RRRRR  SSSSS  H   H  RRRRR    Zbigniew ROMANOWSKI                             
 R   R  S      H   H  R   R                                                    
 RRRRR  SSSSS  HHHHH  RRRRR    version: 5.4                                    
 R  R       S  H   H  R  R                                                     
 R   R  SSSSS  H   H  R   R    compilation date: Dec  8 2012 (20:50:40)                       
===============================================================================

PEs = 128

----INITIALIZATION----========================================================
DOMAIN:
    BsplDeg = 3, CubatOrder = 5, CubatNodeNo = 125
    h = 3.333333E-01
    Nx = 135,    Ny = 135,   Nz = 135
    X0 = -2.000000E+01,    Xmax = 2.500000E+01
    Y0 = -2.000000E+01,    Ymax = 2.500000E+01
    Z0 = -2.000000E+01,    Zmax = 2.500000E+01

NUMBER OF 'ATOMS' = 125
    Soft-r^4(d,a)=(-2.00, 0.10) at (x,y,z) = ( 0.00, 0.00, 0.00)
    Soft-r^4(d,a)=(-2.00, 0.10) at (x,y,z) = ( 0.00, 0.00, 1.30)
    Soft-r^4(d,a)=(-2.00, 0.10) at (x,y,z) = ( 0.00, 0.00, 2.60)
    Soft-r^4(d,a)=(-2.00, 0.10) at (x,y,z) = ( 0.00, 0.00, 3.90)
    Soft-r^4(d,a)=(-2.00, 0.10) at (x,y,z) = ( 0.00, 0.00, 5.20)
    Soft-r^4(d,a)=(-2.00, 0.10) at (x,y,z) = ( 0.00, 1.30, 0.00)
    Soft-r^4(d,a)=(-2.00, 0.10) at (x,y,z) = ( 0.00, 1.30, 1.30)
    Soft-r^4(d,a)=(-2.00, 0.10) at (x,y,z) = ( 0.00, 1.30, 2.60)
    Soft-r^4(d,a)=(-2.00, 0.10) at (x,y,z) = ( 0.00, 1.30, 3.90)
    Soft-r^4(d,a)=(-2.00, 0.10) at (x,y,z) = ( 0.00, 1.30, 5.20)
    Soft-r^4(d,a)=(-2.00, 0.10) at (x,y,z) = ( 0.00, 2.60, 0.00)
    Soft-r^4(d,a)=(-2.00, 0.10) at (x,y,z) = ( 0.00, 2.60, 1.30)
    Soft-r^4(d,a)=(-2.00, 0.10) at (x,y,z) = ( 0.00, 2.60, 2.60)
    Soft-r^4(d,a)=(-2.00, 0.10) at (x,y,z) = ( 0.00, 2.60, 3.90)
    Soft-r^4(d,a)=(-2.00, 0.10) at (x,y,z) = ( 0.00, 2.60, 5.20)
    Soft-r^4(d,a)=(-2.00, 0.10) at (x,y,z) = ( 0.00, 3.90, 0.00)
    Soft-r^4(d,a)=(-2.00, 0.10) at (x,y,z) = ( 0.00, 3.90, 1.30)
    Soft-r^4(d,a)=(-2.00, 0.10) at (x,y,z) = ( 0.00, 3.90, 2.60)
    Soft-r^4(d,a)=(-2.00, 0.10) at (x,y,z) = ( 0.00, 3.90, 3.90)
    Soft-r^4(d,a)=(-2.00, 0.10) at (x,y,z) = ( 0.00, 3.90, 5.20)
    Soft-r^4(d,a)=(-2.00, 0.10) at (x,y,z) = ( 0.00, 5.20, 0.00)
    Soft-r^4(d,a)=(-2.00, 0.10) at (x,y,z) = ( 0.00, 5.20, 1.30)
    Soft-r^4(d,a)=(-2.00, 0.10) at (x,y,z) = ( 0.00, 5.20, 2.60)
    Soft-r^4(d,a)=(-2.00, 0.10) at (x,y,z) = ( 0.00, 5.20, 3.90)
    Soft-r^4(d,a)=(-2.00, 0.10) at (x,y,z) = ( 0.00, 5.20, 5.20)
    Soft-r^4(d,a)=(-2.00, 0.10) at (x,y,z) = ( 1.30, 0.00, 0.00)
    Soft-r^4(d,a)=(-2.00, 0.10) at (x,y,z) = ( 1.30, 0.00, 1.30)
    Soft-r^4(d,a)=(-2.00, 0.10) at (x,y,z) = ( 1.30, 0.00, 2.60)
    Soft-r^4(d,a)=(-2.00, 0.10) at (x,y,z) = ( 1.30, 0.00, 3.90)
    Soft-r^4(d,a)=(-2.00, 0.10) at (x,y,z) = ( 1.30, 0.00, 5.20)
    Soft-r^4(d,a)=(-2.00, 0.10) at (x,y,z) = ( 1.30, 1.30, 0.00)
    Soft-r^4(d,a)=(-2.00, 0.10) at (x,y,z) = ( 1.30, 1.30, 1.30)
    Soft-r^4(d,a)=(-2.00, 0.10) at (x,y,z) = ( 1.30, 1.30, 2.60)
    Soft-r^4(d,a)=(-2.00, 0.10) at (x,y,z) = ( 1.30, 1.30, 3.90)
    Soft-r^4(d,a)=(-2.00, 0.10) at (x,y,z) = ( 1.30, 1.30, 5.20)
    Soft-r^4(d,a)=(-2.00, 0.10) at (x,y,z) = ( 1.30, 2.60, 0.00)
    Soft-r^4(d,a)=(-2.00, 0.10) at (x,y,z) = ( 1.30, 2.60, 1.30)
    Soft-r^4(d,a)=(-2.00, 0.10) at (x,y,z) = ( 1.30, 2.60, 2.60)
    Soft-r^4(d,a)=(-2.00, 0.10) at (x,y,z) = ( 1.30, 2.60, 3.90)
    Soft-r^4(d,a)=(-2.00, 0.10) at (x,y,z) = ( 1.30, 2.60, 5.20)
    Soft-r^4(d,a)=(-2.00, 0.10) at (x,y,z) = ( 1.30, 3.90, 0.00)
    Soft-r^4(d,a)=(-2.00, 0.10) at (x,y,z) = ( 1.30, 3.90, 1.30)
    Soft-r^4(d,a)=(-2.00, 0.10) at (x,y,z) = ( 1.30, 3.90, 2.60)
    Soft-r^4(d,a)=(-2.00, 0.10) at (x,y,z) = ( 1.30, 3.90, 3.90)
    Soft-r^4(d,a)=(-2.00, 0.10) at (x,y,z) = ( 1.30, 3.90, 5.20)
    Soft-r^4(d,a)=(-2.00, 0.10) at (x,y,z) = ( 1.30, 5.20, 0.00)
    Soft-r^4(d,a)=(-2.00, 0.10) at (x,y,z) = ( 1.30, 5.20, 1.30)
    Soft-r^4(d,a)=(-2.00, 0.10) at (x,y,z) = ( 1.30, 5.20, 2.60)
    Soft-r^4(d,a)=(-2.00, 0.10) at (x,y,z) = ( 1.30, 5.20, 3.90)
    Soft-r^4(d,a)=(-2.00, 0.10) at (x,y,z) = ( 1.30, 5.20, 5.20)
    Soft-r^4(d,a)=(-2.00, 0.10) at (x,y,z) = ( 2.60, 0.00, 0.00)
    Soft-r^4(d,a)=(-2.00, 0.10) at (x,y,z) = ( 2.60, 0.00, 1.30)
    Soft-r^4(d,a)=(-2.00, 0.10) at (x,y,z) = ( 2.60, 0.00, 2.60)
    Soft-r^4(d,a)=(-2.00, 0.10) at (x,y,z) = ( 2.60, 0.00, 3.90)
    Soft-r^4(d,a)=(-2.00, 0.10) at (x,y,z) = ( 2.60, 0.00, 5.20)
    Soft-r^4(d,a)=(-2.00, 0.10) at (x,y,z) = ( 2.60, 1.30, 0.00)
    Soft-r^4(d,a)=(-2.00, 0.10) at (x,y,z) = ( 2.60, 1.30, 1.30)
    Soft-r^4(d,a)=(-2.00, 0.10) at (x,y,z) = ( 2.60, 1.30, 2.60)
    Soft-r^4(d,a)=(-2.00, 0.10) at (x,y,z) = ( 2.60, 1.30, 3.90)
    Soft-r^4(d,a)=(-2.00, 0.10) at (x,y,z) = ( 2.60, 1.30, 5.20)
    Soft-r^4(d,a)=(-2.00, 0.10) at (x,y,z) = ( 2.60, 2.60, 0.00)
    Soft-r^4(d,a)=(-2.00, 0.10) at (x,y,z) = ( 2.60, 2.60, 1.30)
    Soft-r^4(d,a)=(-2.00, 0.10) at (x,y,z) = ( 2.60, 2.60, 2.60)
    Soft-r^4(d,a)=(-2.00, 0.10) at (x,y,z) = ( 2.60, 2.60, 3.90)
    Soft-r^4(d,a)=(-2.00, 0.10) at (x,y,z) = ( 2.60, 2.60, 5.20)
    Soft-r^4(d,a)=(-2.00, 0.10) at (x,y,z) = ( 2.60, 3.90, 0.00)
    Soft-r^4(d,a)=(-2.00, 0.10) at (x,y,z) = ( 2.60, 3.90, 1.30)
    Soft-r^4(d,a)=(-2.00, 0.10) at (x,y,z) = ( 2.60, 3.90, 2.60)
    Soft-r^4(d,a)=(-2.00, 0.10) at (x,y,z) = ( 2.60, 3.90, 3.90)
    Soft-r^4(d,a)=(-2.00, 0.10) at (x,y,z) = ( 2.60, 3.90, 5.20)
    Soft-r^4(d,a)=(-2.00, 0.10) at (x,y,z) = ( 2.60, 5.20, 0.00)
    Soft-r^4(d,a)=(-2.00, 0.10) at (x,y,z) = ( 2.60, 5.20, 1.30)
    Soft-r^4(d,a)=(-2.00, 0.10) at (x,y,z) = ( 2.60, 5.20, 2.60)
    Soft-r^4(d,a)=(-2.00, 0.10) at (x,y,z) = ( 2.60, 5.20, 3.90)
    Soft-r^4(d,a)=(-2.00, 0.10) at (x,y,z) = ( 2.60, 5.20, 5.20)
    Soft-r^4(d,a)=(-2.00, 0.10) at (x,y,z) = ( 3.90, 0.00, 0.00)
    Soft-r^4(d,a)=(-2.00, 0.10) at (x,y,z) = ( 3.90, 0.00, 1.30)
    Soft-r^4(d,a)=(-2.00, 0.10) at (x,y,z) = ( 3.90, 0.00, 2.60)
    Soft-r^4(d,a)=(-2.00, 0.10) at (x,y,z) = ( 3.90, 0.00, 3.90)
    Soft-r^4(d,a)=(-2.00, 0.10) at (x,y,z) = ( 3.90, 0.00, 5.20)
    Soft-r^4(d,a)=(-2.00, 0.10) at (x,y,z) = ( 3.90, 1.30, 0.00)
    Soft-r^4(d,a)=(-2.00, 0.10) at (x,y,z) = ( 3.90, 1.30, 1.30)
    Soft-r^4(d,a)=(-2.00, 0.10) at (x,y,z) = ( 3.90, 1.30, 2.60)
    Soft-r^4(d,a)=(-2.00, 0.10) at (x,y,z) = ( 3.90, 1.30, 3.90)
    Soft-r^4(d,a)=(-2.00, 0.10) at (x,y,z) = ( 3.90, 1.30, 5.20)
    Soft-r^4(d,a)=(-2.00, 0.10) at (x,y,z) = ( 3.90, 2.60, 0.00)
    Soft-r^4(d,a)=(-2.00, 0.10) at (x,y,z) = ( 3.90, 2.60, 1.30)
    Soft-r^4(d,a)=(-2.00, 0.10) at (x,y,z) = ( 3.90, 2.60, 2.60)
    Soft-r^4(d,a)=(-2.00, 0.10) at (x,y,z) = ( 3.90, 2.60, 3.90)
    Soft-r^4(d,a)=(-2.00, 0.10) at (x,y,z) = ( 3.90, 2.60, 5.20)
    Soft-r^4(d,a)=(-2.00, 0.10) at (x,y,z) = ( 3.90, 3.90, 0.00)
    Soft-r^4(d,a)=(-2.00, 0.10) at (x,y,z) = ( 3.90, 3.90, 1.30)
    Soft-r^4(d,a)=(-2.00, 0.10) at (x,y,z) = ( 3.90, 3.90, 2.60)
    Soft-r^4(d,a)=(-2.00, 0.10) at (x,y,z) = ( 3.90, 3.90, 3.90)
    Soft-r^4(d,a)=(-2.00, 0.10) at (x,y,z) = ( 3.90, 3.90, 5.20)
    Soft-r^4(d,a)=(-2.00, 0.10) at (x,y,z) = ( 3.90, 5.20, 0.00)
    Soft-r^4(d,a)=(-2.00, 0.10) at (x,y,z) = ( 3.90, 5.20, 1.30)
    Soft-r^4(d,a)=(-2.00, 0.10) at (x,y,z) = ( 3.90, 5.20, 2.60)
    Soft-r^4(d,a)=(-2.00, 0.10) at (x,y,z) = ( 3.90, 5.20, 3.90)
    Soft-r^4(d,a)=(-2.00, 0.10) at (x,y,z) = ( 3.90, 5.20, 5.20)
    Soft-r^4(d,a)=(-2.00, 0.10) at (x,y,z) = ( 5.20, 0.00, 0.00)
    Soft-r^4(d,a)=(-2.00, 0.10) at (x,y,z) = ( 5.20, 0.00, 1.30)
    Soft-r^4(d,a)=(-2.00, 0.10) at (x,y,z) = ( 5.20, 0.00, 2.60)
    Soft-r^4(d,a)=(-2.00, 0.10) at (x,y,z) = ( 5.20, 0.00, 3.90)
    Soft-r^4(d,a)=(-2.00, 0.10) at (x,y,z) = ( 5.20, 0.00, 5.20)
    Soft-r^4(d,a)=(-2.00, 0.10) at (x,y,z) = ( 5.20, 1.30, 0.00)
    Soft-r^4(d,a)=(-2.00, 0.10) at (x,y,z) = ( 5.20, 1.30, 1.30)
    Soft-r^4(d,a)=(-2.00, 0.10) at (x,y,z) = ( 5.20, 1.30, 2.60)
    Soft-r^4(d,a)=(-2.00, 0.10) at (x,y,z) = ( 5.20, 1.30, 3.90)
    Soft-r^4(d,a)=(-2.00, 0.10) at (x,y,z) = ( 5.20, 1.30, 5.20)
    Soft-r^4(d,a)=(-2.00, 0.10) at (x,y,z) = ( 5.20, 2.60, 0.00)
    Soft-r^4(d,a)=(-2.00, 0.10) at (x,y,z) = ( 5.20, 2.60, 1.30)
    Soft-r^4(d,a)=(-2.00, 0.10) at (x,y,z) = ( 5.20, 2.60, 2.60)
    Soft-r^4(d,a)=(-2.00, 0.10) at (x,y,z) = ( 5.20, 2.60, 3.90)
    Soft-r^4(d,a)=(-2.00, 0.10) at (x,y,z) = ( 5.20, 2.60, 5.20)
    Soft-r^4(d,a)=(-2.00, 0.10) at (x,y,z) = ( 5.20, 3.90, 0.00)
    Soft-r^4(d,a)=(-2.00, 0.10) at (x,y,z) = ( 5.20, 3.90, 1.30)
    Soft-r^4(d,a)=(-2.00, 0.10) at (x,y,z) = ( 5.20, 3.90, 2.60)
    Soft-r^4(d,a)=(-2.00, 0.10) at (x,y,z) = ( 5.20, 3.90, 3.90)
    Soft-r^4(d,a)=(-2.00, 0.10) at (x,y,z) = ( 5.20, 3.90, 5.20)
    Soft-r^4(d,a)=(-2.00, 0.10) at (x,y,z) = ( 5.20, 5.20, 0.00)
    Soft-r^4(d,a)=(-2.00, 0.10) at (x,y,z) = ( 5.20, 5.20, 1.30)
    Soft-r^4(d,a)=(-2.00, 0.10) at (x,y,z) = ( 5.20, 5.20, 2.60)
    Soft-r^4(d,a)=(-2.00, 0.10) at (x,y,z) = ( 5.20, 5.20, 3.90)
    Soft-r^4(d,a)=(-2.00, 0.10) at (x,y,z) = ( 5.20, 5.20, 5.20)


----GRAPH-CREATION-and-PARTITIONING----=======================================
      Setup: Max:   5.329, Sum: 682.118, Balance:   1.000
   Matching: Max:   5.941, Sum: 760.395, Balance:   1.000
Contraction: Max:   1.598, Sum: 204.483, Balance:   1.000
   InitPart: Max:   0.169, Sum:  21.572, Balance:   1.000
    Project: Max:   0.003, Sum:   0.349, Balance:   1.063
 Initialize: Max:   1.032, Sum: 132.050, Balance:   1.001
      K-way: Max:   3.077, Sum: 393.881, Balance:   1.000
      Remap: Max:   0.001, Sum:   0.119, Balance:   1.001
      Total: Max:  17.149, Sum: 2195.022, Balance:   1.000
Final 128-way Cut: 55301638 	Balance: 1.050 

    Number of nodes:
         Rank0.........1.854E+04
         Averg.........1.797E+04
         Total.........2.300E+06
    Number of edges:
         Rank0.........5.954E+06
         Averg.........5.908E+06
         Total.........7.563E+08
    Memory usage.[MB]:
         Rank0.........9.113E+01
         Averg.........9.043E+01
         Total.........1.157E+04


----MATRIX-ALLOCATION----=====================================================
    Dimension of matrix H or S:
              Rank0..............1.854E+04 (18539)
              Averg..............1.797E+04       
              Total..............2.300E+06 (2299968)
    Nonzero entries in H or S:
              Rank0..............5.972E+06 (5972169)
              Averg..............5.926E+06       
              Total..............7.586E+08 (758550528)
    Sparseness of H or S (fraction):
              Rank0..............1.401E-04
              Averg..............1.434E-04
    Sparseness of H or S (non-zero elemnts in a row):
              Rank0..............322.1
              Averg..............329.8
    Memory usage for H and S [MiB]:
              Rank0..............1.823E+02
              Averg..............1.809E+02
              Total..............2.315E+04


----ASSEMBLING----============================================================
..........10..........20..........30..........40..........50done
Assembling time = 185 [s]



----SOLVING----===============================================================
EPS Object: 128 MPI processes
  type: krylovschur
    Krylov-Schur: 50% of basis vectors kept after restart
  problem type: generalized symmetric eigenvalue problem
  extraction type: Rayleigh-Ritz
  selected portion of the spectrum: smallest real parts
  number of eigenvalues (nev): 100
  number of column vectors (ncv): 300
  maximum dimension of projected problem (mpd): 300
  maximum number of iterations: 1500
  tolerance: 0.0001
  convergence test: relative to the eigenvalue
  estimates of matrix norms (constant): norm(A)=1, norm(B)=1
IP Object: 128 MPI processes
  type: bilinear
  orthogonalization method: classical Gram-Schmidt
  orthogonalization refinement: if needed (eta: 0.7071)
  Matrix Object:   128 MPI processes
    type: mpiaij
    rows=2299968, cols=2299968
    total: nonzeros=758550528, allocated nonzeros=758550528
    total number of mallocs used during MatSetValues calls =0
      not using I-node (on process 0) routines
DS Object: 128 MPI processes
  type: hep
  solving the problem with: Implicit QR method (_steqr)
ST Object: 128 MPI processes
  type: shift
  shift: 0
  matrices A and B have same nonzero pattern
  KSP Object:  (st_)   128 MPI processes
    type: cg
    maximum iterations=10000
    using preconditioner applied to right hand side for initial guess
    tolerances:  relative=1e-05, absolute=1e-50, divergence=10000
    left preconditioning
    using nonzero initial guess
    using PRECONDITIONED norm type for convergence test
  PC Object:  (st_)   128 MPI processes
    type: asm
      Additive Schwarz: total subdomain blocks = 128, amount of overlap = 1
      Additive Schwarz: restriction/interpolation type - RESTRICT
      Local solve is same for all blocks, in the following KSP and PC objects:
    KSP Object:    (st_sub_)     1 MPI processes
      type: preonly
      maximum iterations=10000, initial guess is zero
      tolerances:  relative=1e-05, absolute=1e-50, divergence=10000
      left preconditioning
      using DEFAULT norm type for convergence test
    PC Object:    (st_sub_)     1 MPI processes
      type: icc
        0 levels of fill
        tolerance for zero pivot 2.22045e-14
        using Manteuffel shift
        matrix ordering: natural
      linear system matrix = precond matrix:
      Matrix Object:       1 MPI processes
        type: seqaij
        rows=34049, cols=34049
        total: nonzeros=9898107, allocated nonzeros=9898107
        total number of mallocs used during MatSetValues calls =0
          not using I-node routines
    linear system matrix = precond matrix:
    Matrix Object:     128 MPI processes
      type: mpiaij
      rows=2299968, cols=2299968
      total: nonzeros=758550528, allocated nonzeros=758550528
      total number of mallocs used during MatSetValues calls =0
        not using I-node (on process 0) routines


  1 EPS nconv=6 first unconverged value (error) -19.3814 (2.64544726e-03)
  2 EPS nconv=16 first unconverged value (error) -18.3586 (3.53221624e-03)
  3 EPS nconv=25 first unconverged value (error) -17.8303 (1.21679924e-02)
  4 EPS nconv=38 first unconverged value (error) -17.1834 (1.81338026e-03)
  5 EPS nconv=45 first unconverged value (error) -16.7339 (1.22246217e-04)
  6 EPS nconv=47 first unconverged value (error) -16.7421 (2.02737029e-04)
  7 EPS nconv=48 first unconverged value (error) -16.7348 (7.49487584e-03)
  8 EPS nconv=87 first unconverged value (error) -15.2959 (1.85356601e-04)
  9 EPS nconv=98 first unconverged value (error) -14.847 (2.95510427e-03)
 10 EPS nconv=109 first unconverged value (error) -14.3848 (1.47152832e-04)

--------------------------------------------------------------
    Number of iterations of the method.............10
    Number of linear iterations of the method......5792
    Solution method................................krylovschur
    Number of requested eigenvalues................100
    Stopping condition: eps_tol....................1.000000E-04
    Stopping condition: eps_max_it.................1500
--------------------------------------------------------------


             EIGENVALUES            ERROR
====================================================
    0    -2.0430445650E+01     2.8539314357E-08
    1    -1.9881822005E+01     3.2781345366E-08
    2    -1.9881805972E+01     3.3117744358E-08
    3    -1.9881803028E+01     3.7460562608E-08
    4    -1.9396075934E+01     2.8886473941E-08
    5    -1.9381855021E+01     3.0817826637E-08
    6    -1.9381846138E+01     1.8444937504E-07
    7    -1.9342544351E+01     3.6522386175E-08
    8    -1.9342531761E+01     3.2547519938E-08
    9    -1.9342526606E+01     3.4737386035E-08
   10    -1.8852866173E+01     6.1861116869E-08
   11    -1.8852852689E+01     8.4704933953E-08
   12    -1.8852849692E+01     3.5872035176E-08
   13    -1.8843611224E+01     3.3977222770E-08
   14    -1.8843608453E+01     3.7047017966E-08
   15    -1.8843594153E+01     4.5381511183E-08
   16    -1.8812150065E+01     3.6842948490E-08
   17    -1.8372016420E+01     3.2824059836E-08
   18    -1.8357923091E+01     3.4230263525E-08
   19    -1.8357918345E+01     3.3757258001E-08
   20    -1.8318671038E+01     3.8177829187E-08
   21    -1.8318655428E+01     7.4058781176E-07
   22    -1.8318653287E+01     3.0529200666E-08
   23    -1.7833415784E+01     6.4996096912E-08
   24    -1.7833401525E+01     4.4013113146E-08
   25    -1.7833396910E+01     5.1649099638E-08
   26    -1.7748481104E+01     4.0435045314E-08
   27    -1.7748479234E+01     2.8037854788E-08
   28    -1.7748471301E+01     4.8439763064E-08
   29    -1.7688767380E+01     3.8539496035E-08
   30    -1.7683181905E+01     4.1317504925E-08
   31    -1.7683175446E+01     1.0826018548E-07
   32    -1.7355636835E+01     3.4485063150E-08
   33    -1.7260094760E+01     1.4613025554E-07
   34    -1.7260086878E+01     5.1570113853E-07
   35    -1.7260082746E+01     6.5752939070E-07
   36    -1.7228173062E+01     2.6605709020E-07
   37    -1.7228166218E+01     5.2311162817E-07
   38    -1.7228160003E+01     4.2360669648E-07
   39    -1.7184913852E+01     7.4619033954E-08
   40    -1.7184910503E+01     4.9720850981E-08
   41    -1.7184905892E+01     3.3774750527E-07
   42    -1.7181230628E+01     4.3819536038E-08
   43    -1.7181229759E+01     2.0503092970E-07
   44    -1.7181222108E+01     8.2631456497E-08
   45    -1.6778960765E+01     4.5240088647E-08
   46    -1.6742059676E+01     1.2971457351E-07
   47    -1.6742054143E+01     1.2162859747E-07
   48    -1.6742053510E+01     4.0485546339E-08
   49    -1.6733879015E+01     2.6516352547E-08
   50    -1.6733873577E+01     7.2214517445E-08
   51    -1.6733865110E+01     1.0042737877E-07
   52    -1.6731623013E+01     4.8151164125E-08
   53    -1.6731616989E+01     7.2989747912E-08
   54    -1.6716222182E+01     4.6706630620E-08
   55    -1.6707720950E+01     8.7350620280E-08
   56    -1.6707717457E+01     2.1528277096E-07
   57    -1.6688557694E+01     7.1291820783E-08
   58    -1.6688549444E+01     4.6239130192E-08
   59    -1.6688546979E+01     8.7540613859E-08
   60    -1.6653634934E+01     6.6906672720E-08
   61    -1.6653632825E+01     9.8971632878E-08
   62    -1.6644898695E+01     5.9487648960E-08
   63    -1.6256713078E+01     1.1833921364E-07
   64    -1.6256698695E+01     6.6043741858E-08
   65    -1.6256695620E+01     2.0958100778E-07
   66    -1.6228058414E+01     6.2650614259E-08
   67    -1.6228052847E+01     5.2206704067E-08
   68    -1.6228016935E+01     5.1723044584E-08
   69    -1.6217070543E+01     1.2980709999E-07
   70    -1.6217041704E+01     4.7135787848E-08
   71    -1.6217040357E+01     5.1100254378E-08
   72    -1.6156648577E+01     1.1140723114E-07
   73    -1.6156646270E+01     1.0656698021E-07
   74    -1.6156635587E+01     9.9611672832E-08
   75    -1.5747937131E+01     4.2741495259E-08
   76    -1.5744710689E+01     2.3337568876E-07
   77    -1.5744706565E+01     1.4022144021E-07
   78    -1.5744382512E+01     9.1049430924E-08
   79    -1.5664274245E+01     1.4640641259E-07
   80    -1.5664270413E+01     2.6599575861E-07
   81    -1.5364092952E+01     5.3574074132E-08
   82    -1.5364090442E+01     4.4703681887E-08
   83    -1.5364084287E+01     6.4258901772E-08
   84    -1.5299969902E+01     2.1574479742E-07
   85    -1.5299953608E+01     7.4931347492E-08
   86    -1.5299951549E+01     3.0039359626E-07
   87    -1.5295881926E+01     6.5156195809E-07
   88    -1.5295879928E+01     6.0226417455E-08
   89    -1.5295864078E+01     2.7720476261E-07
   90    -1.5238183990E+01     4.9044448856E-08
   91    -1.5232076126E+01     9.4167570186E-08
   92    -1.5232071665E+01     1.3234312273E-07
   93    -1.4927732177E+01     4.7420160306E-08
   94    -1.4880326080E+01     1.0225218047E-07
   95    -1.4880324063E+01     7.8258125111E-08
   96    -1.4848112490E+01     2.7462840416E-07
   97    -1.4848096248E+01     5.4114301782E-08
   98    -1.4848096196E+01     6.8454646776E-08
   99    -1.4815291962E+01     7.4138439850E-08
  100    -1.4815287816E+01     8.8402907661E-08
  101    -1.4815269337E+01     7.7379339266E-08
  102    -1.4769584393E+01     2.2292370969E-07
  103    -1.4769581760E+01     7.4426786608E-08
  104    -1.4769576308E+01     1.2739176773E-07
  105    -1.4749229630E+01     1.1333767409E-07
  106    -1.4749227233E+01     8.6030614995E-08
  107    -1.4749221010E+01     2.1292050109E-07
  108    -1.4384784077E+01     4.4902302831E-07


 TOTAL TIME = 4693 [s]
