===============================================================================
 RRRRR  SSSSS  H   H  RRRRR    Zbigniew ROMANOWSKI                             
 R   R  S      H   H  R   R                                                    
 RRRRR  SSSSS  HHHHH  RRRRR    version: 5.4                                    
 R  R       S  H   H  R  R                                                     
 R   R  SSSSS  H   H  R   R    compilation date: Dec  8 2012 (20:50:40)                       
===============================================================================

PEs = 64

----INITIALIZATION----========================================================
DOMAIN:
    BsplDeg = 3, CubatOrder = 5, CubatNodeNo = 125
    h = 3.333333E-01
    Nx = 135,    Ny = 135,   Nz = 135
    X0 = -2.000000E+01,    Xmax = 2.500000E+01
    Y0 = -2.000000E+01,    Ymax = 2.500000E+01
    Z0 = -2.000000E+01,    Zmax = 2.500000E+01

NUMBER OF 'ATOMS' = 125
    Soft-r^4(d,a)=(-2.00, 0.10) at (x,y,z) = ( 0.00, 0.00, 0.00)
    Soft-r^4(d,a)=(-2.00, 0.10) at (x,y,z) = ( 0.00, 0.00, 1.30)
    Soft-r^4(d,a)=(-2.00, 0.10) at (x,y,z) = ( 0.00, 0.00, 2.60)
    Soft-r^4(d,a)=(-2.00, 0.10) at (x,y,z) = ( 0.00, 0.00, 3.90)
    Soft-r^4(d,a)=(-2.00, 0.10) at (x,y,z) = ( 0.00, 0.00, 5.20)
    Soft-r^4(d,a)=(-2.00, 0.10) at (x,y,z) = ( 0.00, 1.30, 0.00)
    Soft-r^4(d,a)=(-2.00, 0.10) at (x,y,z) = ( 0.00, 1.30, 1.30)
    Soft-r^4(d,a)=(-2.00, 0.10) at (x,y,z) = ( 0.00, 1.30, 2.60)
    Soft-r^4(d,a)=(-2.00, 0.10) at (x,y,z) = ( 0.00, 1.30, 3.90)
    Soft-r^4(d,a)=(-2.00, 0.10) at (x,y,z) = ( 0.00, 1.30, 5.20)
    Soft-r^4(d,a)=(-2.00, 0.10) at (x,y,z) = ( 0.00, 2.60, 0.00)
    Soft-r^4(d,a)=(-2.00, 0.10) at (x,y,z) = ( 0.00, 2.60, 1.30)
    Soft-r^4(d,a)=(-2.00, 0.10) at (x,y,z) = ( 0.00, 2.60, 2.60)
    Soft-r^4(d,a)=(-2.00, 0.10) at (x,y,z) = ( 0.00, 2.60, 3.90)
    Soft-r^4(d,a)=(-2.00, 0.10) at (x,y,z) = ( 0.00, 2.60, 5.20)
    Soft-r^4(d,a)=(-2.00, 0.10) at (x,y,z) = ( 0.00, 3.90, 0.00)
    Soft-r^4(d,a)=(-2.00, 0.10) at (x,y,z) = ( 0.00, 3.90, 1.30)
    Soft-r^4(d,a)=(-2.00, 0.10) at (x,y,z) = ( 0.00, 3.90, 2.60)
    Soft-r^4(d,a)=(-2.00, 0.10) at (x,y,z) = ( 0.00, 3.90, 3.90)
    Soft-r^4(d,a)=(-2.00, 0.10) at (x,y,z) = ( 0.00, 3.90, 5.20)
    Soft-r^4(d,a)=(-2.00, 0.10) at (x,y,z) = ( 0.00, 5.20, 0.00)
    Soft-r^4(d,a)=(-2.00, 0.10) at (x,y,z) = ( 0.00, 5.20, 1.30)
    Soft-r^4(d,a)=(-2.00, 0.10) at (x,y,z) = ( 0.00, 5.20, 2.60)
    Soft-r^4(d,a)=(-2.00, 0.10) at (x,y,z) = ( 0.00, 5.20, 3.90)
    Soft-r^4(d,a)=(-2.00, 0.10) at (x,y,z) = ( 0.00, 5.20, 5.20)
    Soft-r^4(d,a)=(-2.00, 0.10) at (x,y,z) = ( 1.30, 0.00, 0.00)
    Soft-r^4(d,a)=(-2.00, 0.10) at (x,y,z) = ( 1.30, 0.00, 1.30)
    Soft-r^4(d,a)=(-2.00, 0.10) at (x,y,z) = ( 1.30, 0.00, 2.60)
    Soft-r^4(d,a)=(-2.00, 0.10) at (x,y,z) = ( 1.30, 0.00, 3.90)
    Soft-r^4(d,a)=(-2.00, 0.10) at (x,y,z) = ( 1.30, 0.00, 5.20)
    Soft-r^4(d,a)=(-2.00, 0.10) at (x,y,z) = ( 1.30, 1.30, 0.00)
    Soft-r^4(d,a)=(-2.00, 0.10) at (x,y,z) = ( 1.30, 1.30, 1.30)
    Soft-r^4(d,a)=(-2.00, 0.10) at (x,y,z) = ( 1.30, 1.30, 2.60)
    Soft-r^4(d,a)=(-2.00, 0.10) at (x,y,z) = ( 1.30, 1.30, 3.90)
    Soft-r^4(d,a)=(-2.00, 0.10) at (x,y,z) = ( 1.30, 1.30, 5.20)
    Soft-r^4(d,a)=(-2.00, 0.10) at (x,y,z) = ( 1.30, 2.60, 0.00)
    Soft-r^4(d,a)=(-2.00, 0.10) at (x,y,z) = ( 1.30, 2.60, 1.30)
    Soft-r^4(d,a)=(-2.00, 0.10) at (x,y,z) = ( 1.30, 2.60, 2.60)
    Soft-r^4(d,a)=(-2.00, 0.10) at (x,y,z) = ( 1.30, 2.60, 3.90)
    Soft-r^4(d,a)=(-2.00, 0.10) at (x,y,z) = ( 1.30, 2.60, 5.20)
    Soft-r^4(d,a)=(-2.00, 0.10) at (x,y,z) = ( 1.30, 3.90, 0.00)
    Soft-r^4(d,a)=(-2.00, 0.10) at (x,y,z) = ( 1.30, 3.90, 1.30)
    Soft-r^4(d,a)=(-2.00, 0.10) at (x,y,z) = ( 1.30, 3.90, 2.60)
    Soft-r^4(d,a)=(-2.00, 0.10) at (x,y,z) = ( 1.30, 3.90, 3.90)
    Soft-r^4(d,a)=(-2.00, 0.10) at (x,y,z) = ( 1.30, 3.90, 5.20)
    Soft-r^4(d,a)=(-2.00, 0.10) at (x,y,z) = ( 1.30, 5.20, 0.00)
    Soft-r^4(d,a)=(-2.00, 0.10) at (x,y,z) = ( 1.30, 5.20, 1.30)
    Soft-r^4(d,a)=(-2.00, 0.10) at (x,y,z) = ( 1.30, 5.20, 2.60)
    Soft-r^4(d,a)=(-2.00, 0.10) at (x,y,z) = ( 1.30, 5.20, 3.90)
    Soft-r^4(d,a)=(-2.00, 0.10) at (x,y,z) = ( 1.30, 5.20, 5.20)
    Soft-r^4(d,a)=(-2.00, 0.10) at (x,y,z) = ( 2.60, 0.00, 0.00)
    Soft-r^4(d,a)=(-2.00, 0.10) at (x,y,z) = ( 2.60, 0.00, 1.30)
    Soft-r^4(d,a)=(-2.00, 0.10) at (x,y,z) = ( 2.60, 0.00, 2.60)
    Soft-r^4(d,a)=(-2.00, 0.10) at (x,y,z) = ( 2.60, 0.00, 3.90)
    Soft-r^4(d,a)=(-2.00, 0.10) at (x,y,z) = ( 2.60, 0.00, 5.20)
    Soft-r^4(d,a)=(-2.00, 0.10) at (x,y,z) = ( 2.60, 1.30, 0.00)
    Soft-r^4(d,a)=(-2.00, 0.10) at (x,y,z) = ( 2.60, 1.30, 1.30)
    Soft-r^4(d,a)=(-2.00, 0.10) at (x,y,z) = ( 2.60, 1.30, 2.60)
    Soft-r^4(d,a)=(-2.00, 0.10) at (x,y,z) = ( 2.60, 1.30, 3.90)
    Soft-r^4(d,a)=(-2.00, 0.10) at (x,y,z) = ( 2.60, 1.30, 5.20)
    Soft-r^4(d,a)=(-2.00, 0.10) at (x,y,z) = ( 2.60, 2.60, 0.00)
    Soft-r^4(d,a)=(-2.00, 0.10) at (x,y,z) = ( 2.60, 2.60, 1.30)
    Soft-r^4(d,a)=(-2.00, 0.10) at (x,y,z) = ( 2.60, 2.60, 2.60)
    Soft-r^4(d,a)=(-2.00, 0.10) at (x,y,z) = ( 2.60, 2.60, 3.90)
    Soft-r^4(d,a)=(-2.00, 0.10) at (x,y,z) = ( 2.60, 2.60, 5.20)
    Soft-r^4(d,a)=(-2.00, 0.10) at (x,y,z) = ( 2.60, 3.90, 0.00)
    Soft-r^4(d,a)=(-2.00, 0.10) at (x,y,z) = ( 2.60, 3.90, 1.30)
    Soft-r^4(d,a)=(-2.00, 0.10) at (x,y,z) = ( 2.60, 3.90, 2.60)
    Soft-r^4(d,a)=(-2.00, 0.10) at (x,y,z) = ( 2.60, 3.90, 3.90)
    Soft-r^4(d,a)=(-2.00, 0.10) at (x,y,z) = ( 2.60, 3.90, 5.20)
    Soft-r^4(d,a)=(-2.00, 0.10) at (x,y,z) = ( 2.60, 5.20, 0.00)
    Soft-r^4(d,a)=(-2.00, 0.10) at (x,y,z) = ( 2.60, 5.20, 1.30)
    Soft-r^4(d,a)=(-2.00, 0.10) at (x,y,z) = ( 2.60, 5.20, 2.60)
    Soft-r^4(d,a)=(-2.00, 0.10) at (x,y,z) = ( 2.60, 5.20, 3.90)
    Soft-r^4(d,a)=(-2.00, 0.10) at (x,y,z) = ( 2.60, 5.20, 5.20)
    Soft-r^4(d,a)=(-2.00, 0.10) at (x,y,z) = ( 3.90, 0.00, 0.00)
    Soft-r^4(d,a)=(-2.00, 0.10) at (x,y,z) = ( 3.90, 0.00, 1.30)
    Soft-r^4(d,a)=(-2.00, 0.10) at (x,y,z) = ( 3.90, 0.00, 2.60)
    Soft-r^4(d,a)=(-2.00, 0.10) at (x,y,z) = ( 3.90, 0.00, 3.90)
    Soft-r^4(d,a)=(-2.00, 0.10) at (x,y,z) = ( 3.90, 0.00, 5.20)
    Soft-r^4(d,a)=(-2.00, 0.10) at (x,y,z) = ( 3.90, 1.30, 0.00)
    Soft-r^4(d,a)=(-2.00, 0.10) at (x,y,z) = ( 3.90, 1.30, 1.30)
    Soft-r^4(d,a)=(-2.00, 0.10) at (x,y,z) = ( 3.90, 1.30, 2.60)
    Soft-r^4(d,a)=(-2.00, 0.10) at (x,y,z) = ( 3.90, 1.30, 3.90)
    Soft-r^4(d,a)=(-2.00, 0.10) at (x,y,z) = ( 3.90, 1.30, 5.20)
    Soft-r^4(d,a)=(-2.00, 0.10) at (x,y,z) = ( 3.90, 2.60, 0.00)
    Soft-r^4(d,a)=(-2.00, 0.10) at (x,y,z) = ( 3.90, 2.60, 1.30)
    Soft-r^4(d,a)=(-2.00, 0.10) at (x,y,z) = ( 3.90, 2.60, 2.60)
    Soft-r^4(d,a)=(-2.00, 0.10) at (x,y,z) = ( 3.90, 2.60, 3.90)
    Soft-r^4(d,a)=(-2.00, 0.10) at (x,y,z) = ( 3.90, 2.60, 5.20)
    Soft-r^4(d,a)=(-2.00, 0.10) at (x,y,z) = ( 3.90, 3.90, 0.00)
    Soft-r^4(d,a)=(-2.00, 0.10) at (x,y,z) = ( 3.90, 3.90, 1.30)
    Soft-r^4(d,a)=(-2.00, 0.10) at (x,y,z) = ( 3.90, 3.90, 2.60)
    Soft-r^4(d,a)=(-2.00, 0.10) at (x,y,z) = ( 3.90, 3.90, 3.90)
    Soft-r^4(d,a)=(-2.00, 0.10) at (x,y,z) = ( 3.90, 3.90, 5.20)
    Soft-r^4(d,a)=(-2.00, 0.10) at (x,y,z) = ( 3.90, 5.20, 0.00)
    Soft-r^4(d,a)=(-2.00, 0.10) at (x,y,z) = ( 3.90, 5.20, 1.30)
    Soft-r^4(d,a)=(-2.00, 0.10) at (x,y,z) = ( 3.90, 5.20, 2.60)
    Soft-r^4(d,a)=(-2.00, 0.10) at (x,y,z) = ( 3.90, 5.20, 3.90)
    Soft-r^4(d,a)=(-2.00, 0.10) at (x,y,z) = ( 3.90, 5.20, 5.20)
    Soft-r^4(d,a)=(-2.00, 0.10) at (x,y,z) = ( 5.20, 0.00, 0.00)
    Soft-r^4(d,a)=(-2.00, 0.10) at (x,y,z) = ( 5.20, 0.00, 1.30)
    Soft-r^4(d,a)=(-2.00, 0.10) at (x,y,z) = ( 5.20, 0.00, 2.60)
    Soft-r^4(d,a)=(-2.00, 0.10) at (x,y,z) = ( 5.20, 0.00, 3.90)
    Soft-r^4(d,a)=(-2.00, 0.10) at (x,y,z) = ( 5.20, 0.00, 5.20)
    Soft-r^4(d,a)=(-2.00, 0.10) at (x,y,z) = ( 5.20, 1.30, 0.00)
    Soft-r^4(d,a)=(-2.00, 0.10) at (x,y,z) = ( 5.20, 1.30, 1.30)
    Soft-r^4(d,a)=(-2.00, 0.10) at (x,y,z) = ( 5.20, 1.30, 2.60)
    Soft-r^4(d,a)=(-2.00, 0.10) at (x,y,z) = ( 5.20, 1.30, 3.90)
    Soft-r^4(d,a)=(-2.00, 0.10) at (x,y,z) = ( 5.20, 1.30, 5.20)
    Soft-r^4(d,a)=(-2.00, 0.10) at (x,y,z) = ( 5.20, 2.60, 0.00)
    Soft-r^4(d,a)=(-2.00, 0.10) at (x,y,z) = ( 5.20, 2.60, 1.30)
    Soft-r^4(d,a)=(-2.00, 0.10) at (x,y,z) = ( 5.20, 2.60, 2.60)
    Soft-r^4(d,a)=(-2.00, 0.10) at (x,y,z) = ( 5.20, 2.60, 3.90)
    Soft-r^4(d,a)=(-2.00, 0.10) at (x,y,z) = ( 5.20, 2.60, 5.20)
    Soft-r^4(d,a)=(-2.00, 0.10) at (x,y,z) = ( 5.20, 3.90, 0.00)
    Soft-r^4(d,a)=(-2.00, 0.10) at (x,y,z) = ( 5.20, 3.90, 1.30)
    Soft-r^4(d,a)=(-2.00, 0.10) at (x,y,z) = ( 5.20, 3.90, 2.60)
    Soft-r^4(d,a)=(-2.00, 0.10) at (x,y,z) = ( 5.20, 3.90, 3.90)
    Soft-r^4(d,a)=(-2.00, 0.10) at (x,y,z) = ( 5.20, 3.90, 5.20)
    Soft-r^4(d,a)=(-2.00, 0.10) at (x,y,z) = ( 5.20, 5.20, 0.00)
    Soft-r^4(d,a)=(-2.00, 0.10) at (x,y,z) = ( 5.20, 5.20, 1.30)
    Soft-r^4(d,a)=(-2.00, 0.10) at (x,y,z) = ( 5.20, 5.20, 2.60)
    Soft-r^4(d,a)=(-2.00, 0.10) at (x,y,z) = ( 5.20, 5.20, 3.90)
    Soft-r^4(d,a)=(-2.00, 0.10) at (x,y,z) = ( 5.20, 5.20, 5.20)


----GRAPH-CREATION-and-PARTITIONING----=======================================
      Setup: Max:   8.664, Sum: 554.498, Balance:   1.000
   Matching: Max:   6.561, Sum: 419.912, Balance:   1.000
Contraction: Max:   2.570, Sum: 164.451, Balance:   1.000
   InitPart: Max:   0.079, Sum:   5.031, Balance:   1.000
    Project: Max:   0.003, Sum:   0.211, Balance:   1.033
 Initialize: Max:   1.675, Sum: 107.194, Balance:   1.000
      K-way: Max:   4.611, Sum: 295.102, Balance:   1.000
      Remap: Max:   0.001, Sum:   0.063, Balance:   1.000
      Total: Max:  24.164, Sum: 1546.496, Balance:   1.000
Final  64-way Cut: 41510998 	Balance: 1.050 

    Number of nodes:
         Rank0.........3.763E+04
         Averg.........3.594E+04
         Total.........2.300E+06
    Number of edges:
         Rank0.........1.206E+07
         Averg.........1.182E+07
         Total.........7.563E+08
    Memory usage.[MB]:
         Rank0.........1.846E+02
         Averg.........1.809E+02
         Total.........1.157E+04


----MATRIX-ALLOCATION----=====================================================
    Dimension of matrix H or S:
              Rank0..............3.763E+04 (37626)
              Averg..............3.594E+04       
              Total..............2.300E+06 (2299968)
    Nonzero entries in H or S:
              Rank0..............1.209E+07 (12094929)
              Averg..............1.185E+07       
              Total..............7.586E+08 (758550528)
    Sparseness of H or S (fraction):
              Rank0..............1.398E-04
              Averg..............1.434E-04
    Sparseness of H or S (non-zero elemnts in a row):
              Rank0..............321.5
              Averg..............329.8
    Memory usage for H and S [MiB]:
              Rank0..............3.691E+02
              Averg..............3.617E+02
              Total..............2.315E+04


----ASSEMBLING----============================================================
..........10..........20..........30..........40..........50done
Assembling time = 362 [s]



----SOLVING----===============================================================
EPS Object: 64 MPI processes
  type: krylovschur
    Krylov-Schur: 50% of basis vectors kept after restart
  problem type: generalized symmetric eigenvalue problem
  extraction type: Rayleigh-Ritz
  selected portion of the spectrum: smallest real parts
  number of eigenvalues (nev): 100
  number of column vectors (ncv): 300
  maximum dimension of projected problem (mpd): 300
  maximum number of iterations: 1500
  tolerance: 0.0001
  convergence test: relative to the eigenvalue
  estimates of matrix norms (constant): norm(A)=1, norm(B)=1
IP Object: 64 MPI processes
  type: bilinear
  orthogonalization method: classical Gram-Schmidt
  orthogonalization refinement: if needed (eta: 0.7071)
  Matrix Object:   64 MPI processes
    type: mpiaij
    rows=2299968, cols=2299968
    total: nonzeros=758550528, allocated nonzeros=758550528
    total number of mallocs used during MatSetValues calls =0
      not using I-node (on process 0) routines
DS Object: 64 MPI processes
  type: hep
  solving the problem with: Implicit QR method (_steqr)
ST Object: 64 MPI processes
  type: shift
  shift: 0
  matrices A and B have same nonzero pattern
  KSP Object:  (st_)   64 MPI processes
    type: cg
    maximum iterations=10000
    using preconditioner applied to right hand side for initial guess
    tolerances:  relative=1e-05, absolute=1e-50, divergence=10000
    left preconditioning
    using nonzero initial guess
    using PRECONDITIONED norm type for convergence test
  PC Object:  (st_)   64 MPI processes
    type: asm
      Additive Schwarz: total subdomain blocks = 64, amount of overlap = 1
      Additive Schwarz: restriction/interpolation type - RESTRICT
      Local solve is same for all blocks, in the following KSP and PC objects:
    KSP Object:    (st_sub_)     1 MPI processes
      type: preonly
      maximum iterations=10000, initial guess is zero
      tolerances:  relative=1e-05, absolute=1e-50, divergence=10000
      left preconditioning
      using DEFAULT norm type for convergence test
    PC Object:    (st_sub_)     1 MPI processes
      type: icc
        0 levels of fill
        tolerance for zero pivot 2.22045e-14
        using Manteuffel shift
        matrix ordering: natural
      linear system matrix = precond matrix:
      Matrix Object:       1 MPI processes
        type: seqaij
        rows=57138, cols=57138
        total: nonzeros=17085366, allocated nonzeros=17085366
        total number of mallocs used during MatSetValues calls =0
          not using I-node routines
    linear system matrix = precond matrix:
    Matrix Object:     64 MPI processes
      type: mpiaij
      rows=2299968, cols=2299968
      total: nonzeros=758550528, allocated nonzeros=758550528
      total number of mallocs used during MatSetValues calls =0
        not using I-node (on process 0) routines


  1 EPS nconv=6 first unconverged value (error) -19.3818 (2.82692271e-04)
  2 EPS nconv=16 first unconverged value (error) -18.3585 (6.76112992e-03)
  3 EPS nconv=25 first unconverged value (error) -17.8202 (2.46487829e-02)
  4 EPS nconv=35 first unconverged value (error) -17.2282 (1.12819053e-04)
  5 EPS nconv=38 first unconverged value (error) -17.2279 (1.24952889e-03)
  6 EPS nconv=49 first unconverged value (error) -16.7334 (3.04980739e-03)
  7 EPS nconv=49 first unconverged value (error) -16.7371 (1.14954012e-02)
  8 EPS nconv=86 first unconverged value (error) -15.296 (1.18378126e-03)
  9 EPS nconv=98 first unconverged value (error) -14.848 (3.90071766e-04)
 10 EPS nconv=113 first unconverged value (error) -14.3523 (4.85335109e-04)

--------------------------------------------------------------
    Number of iterations of the method.............10
    Number of linear iterations of the method......5808
    Solution method................................krylovschur
    Number of requested eigenvalues................100
    Stopping condition: eps_tol....................1.000000E-04
    Stopping condition: eps_max_it.................1500
--------------------------------------------------------------


             EIGENVALUES            ERROR
====================================================
    0    -2.0430444381E+01     3.7897288761E-08
    1    -1.9881827370E+01     3.7012394394E-08
    2    -1.9881813731E+01     4.9349109425E-08
    3    -1.9881809456E+01     3.2101237522E-08
    4    -1.9396078570E+01     4.3990865424E-08
    5    -1.9381855322E+01     7.6073413296E-07
    6    -1.9381846975E+01     3.8060267402E-08
    7    -1.9342550100E+01     4.2226944367E-08
    8    -1.9342532889E+01     3.2971080299E-08
    9    -1.9342524733E+01     4.3951508916E-08
   10    -1.8852862156E+01     3.2913235420E-08
   11    -1.8852857344E+01     2.1162384634E-07
   12    -1.8852850722E+01     7.1948446253E-08
   13    -1.8843605816E+01     3.8722808293E-08
   14    -1.8843605326E+01     4.7561668088E-07
   15    -1.8843590931E+01     2.3132608370E-07
   16    -1.8812146376E+01     3.7953288146E-08
   17    -1.8372012081E+01     4.6044524769E-08
   18    -1.8357917767E+01     3.8044570167E-08
   19    -1.8357913151E+01     4.6887079563E-08
   20    -1.8318663732E+01     3.5902926710E-08
   21    -1.8318653421E+01     4.6518298038E-08
   22    -1.8318649964E+01     5.4176741855E-08
   23    -1.7833411795E+01     1.3071079271E-07
   24    -1.7833398347E+01     5.0015735452E-08
   25    -1.7833394927E+01     4.3787179267E-08
   26    -1.7748483088E+01     3.7828212889E-08
   27    -1.7748481528E+01     5.1297448411E-08
   28    -1.7748473548E+01     4.5159965494E-08
   29    -1.7688769660E+01     3.9739833557E-08
   30    -1.7683185347E+01     5.7112544537E-08
   31    -1.7683178474E+01     9.0015334062E-08
   32    -1.7355635191E+01     4.7168539746E-08
   33    -1.7260091857E+01     3.3464491644E-07
   34    -1.7260091634E+01     2.8549593961E-07
   35    -1.7260087181E+01     3.0643352781E-07
   36    -1.7228170024E+01     8.2295043782E-08
   37    -1.7228169187E+01     3.7459687111E-08
   38    -1.7228162729E+01     7.7848878675E-08
   39    -1.7184917509E+01     4.0123164704E-08
   40    -1.7184911808E+01     5.0978101043E-08
   41    -1.7184909798E+01     6.1865575508E-08
   42    -1.7181231220E+01     5.3078698024E-08
   43    -1.7181228811E+01     6.6088484903E-08
   44    -1.7181223579E+01     4.8892992229E-08
   45    -1.6778963154E+01     5.6218254166E-08
   46    -1.6742061549E+01     7.2192088855E-07
   47    -1.6742051811E+01     3.9239874906E-08
   48    -1.6742049830E+01     2.2430243204E-07
   49    -1.6733874313E+01     3.7040843275E-08
   50    -1.6733867698E+01     5.2598542096E-08
   51    -1.6733867418E+01     3.4339750931E-07
   52    -1.6731621616E+01     4.0408487520E-08
   53    -1.6731618622E+01     4.2555274531E-08
   54    -1.6716223462E+01     4.2095867850E-08
   55    -1.6707720127E+01     3.7718860147E-08
   56    -1.6707714095E+01     5.5241170944E-08
   57    -1.6688553904E+01     8.1250506748E-08
   58    -1.6688552532E+01     3.8790641396E-08
   59    -1.6688549271E+01     7.3704341711E-08
   60    -1.6653635544E+01     7.1712445299E-08
   61    -1.6653630342E+01     6.1982385619E-08
   62    -1.6644895412E+01     7.1071522147E-08
   63    -1.6256709278E+01     5.9360379145E-08
   64    -1.6256698167E+01     5.2163328562E-08
   65    -1.6256697081E+01     1.1761801087E-07
   66    -1.6228054509E+01     5.8504858298E-08
   67    -1.6228052635E+01     4.7092554496E-08
   68    -1.6228014856E+01     5.9572249534E-08
   69    -1.6217069013E+01     6.2593153329E-08
   70    -1.6217041866E+01     1.7184568258E-07
   71    -1.6217040016E+01     1.5198262968E-07
   72    -1.6156646284E+01     7.1679098046E-08
   73    -1.6156643982E+01     8.1877860281E-08
   74    -1.6156637187E+01     5.7924967647E-08
   75    -1.5747934078E+01     5.1639767564E-08
   76    -1.5744707226E+01     6.0694436702E-08
   77    -1.5744703564E+01     6.1496393455E-08
   78    -1.5744378199E+01     6.0669191020E-08
   79    -1.5664269268E+01     4.8780046721E-08
   80    -1.5664267284E+01     5.1303158763E-08
   81    -1.5364090347E+01     5.5707979820E-08
   82    -1.5364089080E+01     4.4109222611E-08
   83    -1.5364086932E+01     5.3680180931E-08
   84    -1.5299969453E+01     1.9709117814E-07
   85    -1.5299953433E+01     4.0412905087E-08
   86    -1.5299951980E+01     1.9882184430E-07
   87    -1.5295882337E+01     5.2707426104E-08
   88    -1.5295878450E+01     1.0986860191E-07
   89    -1.5295863520E+01     1.5401833792E-07
   90    -1.5238185461E+01     3.9247896282E-08
   91    -1.5232075110E+01     1.1634843906E-07
   92    -1.5232072156E+01     4.3578055067E-08
   93    -1.4927732718E+01     1.3504826765E-07
   94    -1.4880326484E+01     8.3993501080E-08
   95    -1.4880324742E+01     8.1282387395E-08
   96    -1.4848115554E+01     1.8540616841E-07
   97    -1.4848097057E+01     4.1478554332E-08
   98    -1.4848094799E+01     7.5567055154E-08
   99    -1.4815290986E+01     8.1705628060E-08
  100    -1.4815290672E+01     1.2536749201E-07
  101    -1.4815268886E+01     8.5399263541E-08
  102    -1.4769585871E+01     8.3793362775E-08
  103    -1.4769580416E+01     3.5092445381E-07
  104    -1.4769578568E+01     9.9112393366E-08
  105    -1.4749231518E+01     7.0682016722E-08
  106    -1.4749228343E+01     7.7630929589E-08
  107    -1.4749222105E+01     7.2389925182E-08
  108    -1.4384784402E+01     2.1005773898E-07
  109    -1.4384759919E+01     2.4011891314E-07
  110    -1.4384757673E+01     3.0075465639E-07
  111    -1.4352344752E+01     2.2038878881E-07
  112    -1.4352303031E+01     4.4106341049E-07


 TOTAL TIME = 8527 [s]
