===============================================================================
 RRRRR  SSSSS  H   H  RRRRR    Zbigniew ROMANOWSKI                             
 R   R  S      H   H  R   R                                                    
 RRRRR  SSSSS  HHHHH  RRRRR    version: 5.4                                    
 R  R       S  H   H  R  R                                                     
 R   R  SSSSS  H   H  R   R    compilation date: Dec  8 2012 (20:50:40)                       
===============================================================================

PEs = 512

----INITIALIZATION----========================================================
DOMAIN:
    BsplDeg = 3, CubatOrder = 5, CubatNodeNo = 125
    h = 3.333333E-01
    Nx = 135,    Ny = 135,   Nz = 135
    X0 = -2.000000E+01,    Xmax = 2.500000E+01
    Y0 = -2.000000E+01,    Ymax = 2.500000E+01
    Z0 = -2.000000E+01,    Zmax = 2.500000E+01

NUMBER OF 'ATOMS' = 125
    Soft-r^4(d,a)=(-2.00, 0.10) at (x,y,z) = ( 0.00, 0.00, 0.00)
    Soft-r^4(d,a)=(-2.00, 0.10) at (x,y,z) = ( 0.00, 0.00, 1.30)
    Soft-r^4(d,a)=(-2.00, 0.10) at (x,y,z) = ( 0.00, 0.00, 2.60)
    Soft-r^4(d,a)=(-2.00, 0.10) at (x,y,z) = ( 0.00, 0.00, 3.90)
    Soft-r^4(d,a)=(-2.00, 0.10) at (x,y,z) = ( 0.00, 0.00, 5.20)
    Soft-r^4(d,a)=(-2.00, 0.10) at (x,y,z) = ( 0.00, 1.30, 0.00)
    Soft-r^4(d,a)=(-2.00, 0.10) at (x,y,z) = ( 0.00, 1.30, 1.30)
    Soft-r^4(d,a)=(-2.00, 0.10) at (x,y,z) = ( 0.00, 1.30, 2.60)
    Soft-r^4(d,a)=(-2.00, 0.10) at (x,y,z) = ( 0.00, 1.30, 3.90)
    Soft-r^4(d,a)=(-2.00, 0.10) at (x,y,z) = ( 0.00, 1.30, 5.20)
    Soft-r^4(d,a)=(-2.00, 0.10) at (x,y,z) = ( 0.00, 2.60, 0.00)
    Soft-r^4(d,a)=(-2.00, 0.10) at (x,y,z) = ( 0.00, 2.60, 1.30)
    Soft-r^4(d,a)=(-2.00, 0.10) at (x,y,z) = ( 0.00, 2.60, 2.60)
    Soft-r^4(d,a)=(-2.00, 0.10) at (x,y,z) = ( 0.00, 2.60, 3.90)
    Soft-r^4(d,a)=(-2.00, 0.10) at (x,y,z) = ( 0.00, 2.60, 5.20)
    Soft-r^4(d,a)=(-2.00, 0.10) at (x,y,z) = ( 0.00, 3.90, 0.00)
    Soft-r^4(d,a)=(-2.00, 0.10) at (x,y,z) = ( 0.00, 3.90, 1.30)
    Soft-r^4(d,a)=(-2.00, 0.10) at (x,y,z) = ( 0.00, 3.90, 2.60)
    Soft-r^4(d,a)=(-2.00, 0.10) at (x,y,z) = ( 0.00, 3.90, 3.90)
    Soft-r^4(d,a)=(-2.00, 0.10) at (x,y,z) = ( 0.00, 3.90, 5.20)
    Soft-r^4(d,a)=(-2.00, 0.10) at (x,y,z) = ( 0.00, 5.20, 0.00)
    Soft-r^4(d,a)=(-2.00, 0.10) at (x,y,z) = ( 0.00, 5.20, 1.30)
    Soft-r^4(d,a)=(-2.00, 0.10) at (x,y,z) = ( 0.00, 5.20, 2.60)
    Soft-r^4(d,a)=(-2.00, 0.10) at (x,y,z) = ( 0.00, 5.20, 3.90)
    Soft-r^4(d,a)=(-2.00, 0.10) at (x,y,z) = ( 0.00, 5.20, 5.20)
    Soft-r^4(d,a)=(-2.00, 0.10) at (x,y,z) = ( 1.30, 0.00, 0.00)
    Soft-r^4(d,a)=(-2.00, 0.10) at (x,y,z) = ( 1.30, 0.00, 1.30)
    Soft-r^4(d,a)=(-2.00, 0.10) at (x,y,z) = ( 1.30, 0.00, 2.60)
    Soft-r^4(d,a)=(-2.00, 0.10) at (x,y,z) = ( 1.30, 0.00, 3.90)
    Soft-r^4(d,a)=(-2.00, 0.10) at (x,y,z) = ( 1.30, 0.00, 5.20)
    Soft-r^4(d,a)=(-2.00, 0.10) at (x,y,z) = ( 1.30, 1.30, 0.00)
    Soft-r^4(d,a)=(-2.00, 0.10) at (x,y,z) = ( 1.30, 1.30, 1.30)
    Soft-r^4(d,a)=(-2.00, 0.10) at (x,y,z) = ( 1.30, 1.30, 2.60)
    Soft-r^4(d,a)=(-2.00, 0.10) at (x,y,z) = ( 1.30, 1.30, 3.90)
    Soft-r^4(d,a)=(-2.00, 0.10) at (x,y,z) = ( 1.30, 1.30, 5.20)
    Soft-r^4(d,a)=(-2.00, 0.10) at (x,y,z) = ( 1.30, 2.60, 0.00)
    Soft-r^4(d,a)=(-2.00, 0.10) at (x,y,z) = ( 1.30, 2.60, 1.30)
    Soft-r^4(d,a)=(-2.00, 0.10) at (x,y,z) = ( 1.30, 2.60, 2.60)
    Soft-r^4(d,a)=(-2.00, 0.10) at (x,y,z) = ( 1.30, 2.60, 3.90)
    Soft-r^4(d,a)=(-2.00, 0.10) at (x,y,z) = ( 1.30, 2.60, 5.20)
    Soft-r^4(d,a)=(-2.00, 0.10) at (x,y,z) = ( 1.30, 3.90, 0.00)
    Soft-r^4(d,a)=(-2.00, 0.10) at (x,y,z) = ( 1.30, 3.90, 1.30)
    Soft-r^4(d,a)=(-2.00, 0.10) at (x,y,z) = ( 1.30, 3.90, 2.60)
    Soft-r^4(d,a)=(-2.00, 0.10) at (x,y,z) = ( 1.30, 3.90, 3.90)
    Soft-r^4(d,a)=(-2.00, 0.10) at (x,y,z) = ( 1.30, 3.90, 5.20)
    Soft-r^4(d,a)=(-2.00, 0.10) at (x,y,z) = ( 1.30, 5.20, 0.00)
    Soft-r^4(d,a)=(-2.00, 0.10) at (x,y,z) = ( 1.30, 5.20, 1.30)
    Soft-r^4(d,a)=(-2.00, 0.10) at (x,y,z) = ( 1.30, 5.20, 2.60)
    Soft-r^4(d,a)=(-2.00, 0.10) at (x,y,z) = ( 1.30, 5.20, 3.90)
    Soft-r^4(d,a)=(-2.00, 0.10) at (x,y,z) = ( 1.30, 5.20, 5.20)
    Soft-r^4(d,a)=(-2.00, 0.10) at (x,y,z) = ( 2.60, 0.00, 0.00)
    Soft-r^4(d,a)=(-2.00, 0.10) at (x,y,z) = ( 2.60, 0.00, 1.30)
    Soft-r^4(d,a)=(-2.00, 0.10) at (x,y,z) = ( 2.60, 0.00, 2.60)
    Soft-r^4(d,a)=(-2.00, 0.10) at (x,y,z) = ( 2.60, 0.00, 3.90)
    Soft-r^4(d,a)=(-2.00, 0.10) at (x,y,z) = ( 2.60, 0.00, 5.20)
    Soft-r^4(d,a)=(-2.00, 0.10) at (x,y,z) = ( 2.60, 1.30, 0.00)
    Soft-r^4(d,a)=(-2.00, 0.10) at (x,y,z) = ( 2.60, 1.30, 1.30)
    Soft-r^4(d,a)=(-2.00, 0.10) at (x,y,z) = ( 2.60, 1.30, 2.60)
    Soft-r^4(d,a)=(-2.00, 0.10) at (x,y,z) = ( 2.60, 1.30, 3.90)
    Soft-r^4(d,a)=(-2.00, 0.10) at (x,y,z) = ( 2.60, 1.30, 5.20)
    Soft-r^4(d,a)=(-2.00, 0.10) at (x,y,z) = ( 2.60, 2.60, 0.00)
    Soft-r^4(d,a)=(-2.00, 0.10) at (x,y,z) = ( 2.60, 2.60, 1.30)
    Soft-r^4(d,a)=(-2.00, 0.10) at (x,y,z) = ( 2.60, 2.60, 2.60)
    Soft-r^4(d,a)=(-2.00, 0.10) at (x,y,z) = ( 2.60, 2.60, 3.90)
    Soft-r^4(d,a)=(-2.00, 0.10) at (x,y,z) = ( 2.60, 2.60, 5.20)
    Soft-r^4(d,a)=(-2.00, 0.10) at (x,y,z) = ( 2.60, 3.90, 0.00)
    Soft-r^4(d,a)=(-2.00, 0.10) at (x,y,z) = ( 2.60, 3.90, 1.30)
    Soft-r^4(d,a)=(-2.00, 0.10) at (x,y,z) = ( 2.60, 3.90, 2.60)
    Soft-r^4(d,a)=(-2.00, 0.10) at (x,y,z) = ( 2.60, 3.90, 3.90)
    Soft-r^4(d,a)=(-2.00, 0.10) at (x,y,z) = ( 2.60, 3.90, 5.20)
    Soft-r^4(d,a)=(-2.00, 0.10) at (x,y,z) = ( 2.60, 5.20, 0.00)
    Soft-r^4(d,a)=(-2.00, 0.10) at (x,y,z) = ( 2.60, 5.20, 1.30)
    Soft-r^4(d,a)=(-2.00, 0.10) at (x,y,z) = ( 2.60, 5.20, 2.60)
    Soft-r^4(d,a)=(-2.00, 0.10) at (x,y,z) = ( 2.60, 5.20, 3.90)
    Soft-r^4(d,a)=(-2.00, 0.10) at (x,y,z) = ( 2.60, 5.20, 5.20)
    Soft-r^4(d,a)=(-2.00, 0.10) at (x,y,z) = ( 3.90, 0.00, 0.00)
    Soft-r^4(d,a)=(-2.00, 0.10) at (x,y,z) = ( 3.90, 0.00, 1.30)
    Soft-r^4(d,a)=(-2.00, 0.10) at (x,y,z) = ( 3.90, 0.00, 2.60)
    Soft-r^4(d,a)=(-2.00, 0.10) at (x,y,z) = ( 3.90, 0.00, 3.90)
    Soft-r^4(d,a)=(-2.00, 0.10) at (x,y,z) = ( 3.90, 0.00, 5.20)
    Soft-r^4(d,a)=(-2.00, 0.10) at (x,y,z) = ( 3.90, 1.30, 0.00)
    Soft-r^4(d,a)=(-2.00, 0.10) at (x,y,z) = ( 3.90, 1.30, 1.30)
    Soft-r^4(d,a)=(-2.00, 0.10) at (x,y,z) = ( 3.90, 1.30, 2.60)
    Soft-r^4(d,a)=(-2.00, 0.10) at (x,y,z) = ( 3.90, 1.30, 3.90)
    Soft-r^4(d,a)=(-2.00, 0.10) at (x,y,z) = ( 3.90, 1.30, 5.20)
    Soft-r^4(d,a)=(-2.00, 0.10) at (x,y,z) = ( 3.90, 2.60, 0.00)
    Soft-r^4(d,a)=(-2.00, 0.10) at (x,y,z) = ( 3.90, 2.60, 1.30)
    Soft-r^4(d,a)=(-2.00, 0.10) at (x,y,z) = ( 3.90, 2.60, 2.60)
    Soft-r^4(d,a)=(-2.00, 0.10) at (x,y,z) = ( 3.90, 2.60, 3.90)
    Soft-r^4(d,a)=(-2.00, 0.10) at (x,y,z) = ( 3.90, 2.60, 5.20)
    Soft-r^4(d,a)=(-2.00, 0.10) at (x,y,z) = ( 3.90, 3.90, 0.00)
    Soft-r^4(d,a)=(-2.00, 0.10) at (x,y,z) = ( 3.90, 3.90, 1.30)
    Soft-r^4(d,a)=(-2.00, 0.10) at (x,y,z) = ( 3.90, 3.90, 2.60)
    Soft-r^4(d,a)=(-2.00, 0.10) at (x,y,z) = ( 3.90, 3.90, 3.90)
    Soft-r^4(d,a)=(-2.00, 0.10) at (x,y,z) = ( 3.90, 3.90, 5.20)
    Soft-r^4(d,a)=(-2.00, 0.10) at (x,y,z) = ( 3.90, 5.20, 0.00)
    Soft-r^4(d,a)=(-2.00, 0.10) at (x,y,z) = ( 3.90, 5.20, 1.30)
    Soft-r^4(d,a)=(-2.00, 0.10) at (x,y,z) = ( 3.90, 5.20, 2.60)
    Soft-r^4(d,a)=(-2.00, 0.10) at (x,y,z) = ( 3.90, 5.20, 3.90)
    Soft-r^4(d,a)=(-2.00, 0.10) at (x,y,z) = ( 3.90, 5.20, 5.20)
    Soft-r^4(d,a)=(-2.00, 0.10) at (x,y,z) = ( 5.20, 0.00, 0.00)
    Soft-r^4(d,a)=(-2.00, 0.10) at (x,y,z) = ( 5.20, 0.00, 1.30)
    Soft-r^4(d,a)=(-2.00, 0.10) at (x,y,z) = ( 5.20, 0.00, 2.60)
    Soft-r^4(d,a)=(-2.00, 0.10) at (x,y,z) = ( 5.20, 0.00, 3.90)
    Soft-r^4(d,a)=(-2.00, 0.10) at (x,y,z) = ( 5.20, 0.00, 5.20)
    Soft-r^4(d,a)=(-2.00, 0.10) at (x,y,z) = ( 5.20, 1.30, 0.00)
    Soft-r^4(d,a)=(-2.00, 0.10) at (x,y,z) = ( 5.20, 1.30, 1.30)
    Soft-r^4(d,a)=(-2.00, 0.10) at (x,y,z) = ( 5.20, 1.30, 2.60)
    Soft-r^4(d,a)=(-2.00, 0.10) at (x,y,z) = ( 5.20, 1.30, 3.90)
    Soft-r^4(d,a)=(-2.00, 0.10) at (x,y,z) = ( 5.20, 1.30, 5.20)
    Soft-r^4(d,a)=(-2.00, 0.10) at (x,y,z) = ( 5.20, 2.60, 0.00)
    Soft-r^4(d,a)=(-2.00, 0.10) at (x,y,z) = ( 5.20, 2.60, 1.30)
    Soft-r^4(d,a)=(-2.00, 0.10) at (x,y,z) = ( 5.20, 2.60, 2.60)
    Soft-r^4(d,a)=(-2.00, 0.10) at (x,y,z) = ( 5.20, 2.60, 3.90)
    Soft-r^4(d,a)=(-2.00, 0.10) at (x,y,z) = ( 5.20, 2.60, 5.20)
    Soft-r^4(d,a)=(-2.00, 0.10) at (x,y,z) = ( 5.20, 3.90, 0.00)
    Soft-r^4(d,a)=(-2.00, 0.10) at (x,y,z) = ( 5.20, 3.90, 1.30)
    Soft-r^4(d,a)=(-2.00, 0.10) at (x,y,z) = ( 5.20, 3.90, 2.60)
    Soft-r^4(d,a)=(-2.00, 0.10) at (x,y,z) = ( 5.20, 3.90, 3.90)
    Soft-r^4(d,a)=(-2.00, 0.10) at (x,y,z) = ( 5.20, 3.90, 5.20)
    Soft-r^4(d,a)=(-2.00, 0.10) at (x,y,z) = ( 5.20, 5.20, 0.00)
    Soft-r^4(d,a)=(-2.00, 0.10) at (x,y,z) = ( 5.20, 5.20, 1.30)
    Soft-r^4(d,a)=(-2.00, 0.10) at (x,y,z) = ( 5.20, 5.20, 2.60)
    Soft-r^4(d,a)=(-2.00, 0.10) at (x,y,z) = ( 5.20, 5.20, 3.90)
    Soft-r^4(d,a)=(-2.00, 0.10) at (x,y,z) = ( 5.20, 5.20, 5.20)


----GRAPH-CREATION-and-PARTITIONING----=======================================
      Setup: Max:   1.253, Sum: 641.707, Balance:   1.000
   Matching: Max:   1.579, Sum: 808.221, Balance:   1.000
Contraction: Max:   0.534, Sum: 273.629, Balance:   1.000
   InitPart: Max:   0.722, Sum: 369.570, Balance:   1.000
    Project: Max:   0.002, Sum:   0.837, Balance:   1.070
 Initialize: Max:   0.308, Sum: 157.636, Balance:   1.001
      K-way: Max:   1.348, Sum: 690.157, Balance:   1.000
      Remap: Max:   0.001, Sum:   0.598, Balance:   1.001
      Total: Max:   5.747, Sum: 2942.504, Balance:   1.000
Final 512-way Cut: 91064509 	Balance: 1.052 

    Number of nodes:
         Rank0.........4.493E+03
         Averg.........4.492E+03
         Total.........2.300E+06
    Number of edges:
         Rank0.........1.387E+06
         Averg.........1.477E+06
         Total.........7.563E+08
    Memory usage.[MB]:
         Rank0.........2.123E+01
         Averg.........2.261E+01
         Total.........1.157E+04


----MATRIX-ALLOCATION----=====================================================
    Dimension of matrix H or S:
              Rank0..............4.493E+03 (4493)
              Averg..............4.492E+03       
              Total..............2.300E+06 (2299968)
    Nonzero entries in H or S:
              Rank0..............1.392E+06 (1391551)
              Averg..............1.482E+06       
              Total..............7.586E+08 (758550528)
    Sparseness of H or S (fraction):
              Rank0..............1.347E-04
              Averg..............1.434E-04
    Sparseness of H or S (non-zero elemnts in a row):
              Rank0..............309.7
              Averg..............329.8
    Memory usage for H and S [MiB]:
              Rank0..............4.247E+01
              Averg..............4.521E+01
              Total..............2.315E+04


----ASSEMBLING----============================================================
..........10..........20..........30..........40..........50done
Assembling time = 49 [s]



----SOLVING----===============================================================
EPS Object: 512 MPI processes
  type: krylovschur
    Krylov-Schur: 50% of basis vectors kept after restart
  problem type: generalized symmetric eigenvalue problem
  extraction type: Rayleigh-Ritz
  selected portion of the spectrum: smallest real parts
  number of eigenvalues (nev): 100
  number of column vectors (ncv): 300
  maximum dimension of projected problem (mpd): 300
  maximum number of iterations: 1500
  tolerance: 0.0001
  convergence test: relative to the eigenvalue
  estimates of matrix norms (constant): norm(A)=1, norm(B)=1
IP Object: 512 MPI processes
  type: bilinear
  orthogonalization method: classical Gram-Schmidt
  orthogonalization refinement: if needed (eta: 0.7071)
  Matrix Object:   512 MPI processes
    type: mpiaij
    rows=2299968, cols=2299968
    total: nonzeros=758550528, allocated nonzeros=758550528
    total number of mallocs used during MatSetValues calls =0
      not using I-node (on process 0) routines
DS Object: 512 MPI processes
  type: hep
  solving the problem with: Implicit QR method (_steqr)
ST Object: 512 MPI processes
  type: shift
  shift: 0
  matrices A and B have same nonzero pattern
  KSP Object:  (st_)   512 MPI processes
    type: cg
    maximum iterations=10000
    using preconditioner applied to right hand side for initial guess
    tolerances:  relative=1e-05, absolute=1e-50, divergence=10000
    left preconditioning
    using nonzero initial guess
    using PRECONDITIONED norm type for convergence test
  PC Object:  (st_)   512 MPI processes
    type: asm
      Additive Schwarz: total subdomain blocks = 512, amount of overlap = 1
      Additive Schwarz: restriction/interpolation type - RESTRICT
      Local solve is same for all blocks, in the following KSP and PC objects:
    KSP Object:    (st_sub_)     1 MPI processes
      type: preonly
      maximum iterations=10000, initial guess is zero
      tolerances:  relative=1e-05, absolute=1e-50, divergence=10000
      left preconditioning
      using DEFAULT norm type for convergence test
    PC Object:    (st_sub_)     1 MPI processes
      type: icc
        0 levels of fill
        tolerance for zero pivot 2.22045e-14
        using Manteuffel shift
        matrix ordering: natural
      linear system matrix = precond matrix:
      Matrix Object:       1 MPI processes
        type: seqaij
        rows=10821, cols=10821
        total: nonzeros=2945737, allocated nonzeros=2945737
        total number of mallocs used during MatSetValues calls =0
          not using I-node routines
    linear system matrix = precond matrix:
    Matrix Object:     512 MPI processes
      type: mpiaij
      rows=2299968, cols=2299968
      total: nonzeros=758550528, allocated nonzeros=758550528
      total number of mallocs used during MatSetValues calls =0
        not using I-node (on process 0) routines


  1 EPS nconv=6 first unconverged value (error) -19.3777 (9.36988060e-03)
  2 EPS nconv=15 first unconverged value (error) -18.7489 (6.71644445e-02)
  3 EPS nconv=25 first unconverged value (error) -17.8321 (7.93816590e-03)
  4 EPS nconv=36 first unconverged value (error) -17.2282 (2.45219919e-04)
  5 EPS nconv=38 first unconverged value (error) -17.2275 (1.73196921e-03)
  6 EPS nconv=47 first unconverged value (error) -16.7418 (1.48018780e-03)
  7 EPS nconv=55 first unconverged value (error) -16.6887 (6.23417113e-04)
  8 EPS nconv=86 first unconverged value (error) -15.2992 (5.05386300e-03)
  9 EPS nconv=98 first unconverged value (error) -14.8464 (7.56772000e-03)
 10 EPS nconv=110 first unconverged value (error) -14.3528 (1.95156331e-03)

--------------------------------------------------------------
    Number of iterations of the method.............10
    Number of linear iterations of the method......5801
    Solution method................................krylovschur
    Number of requested eigenvalues................100
    Stopping condition: eps_tol....................1.000000E-04
    Stopping condition: eps_max_it.................1500
--------------------------------------------------------------


             EIGENVALUES            ERROR
====================================================
    0    -2.0430461712E+01     5.6501661406E-08
    1    -1.9881828996E+01     5.4679999500E-08
    2    -1.9881815142E+01     4.4949585719E-08
    3    -1.9881802709E+01     5.0421107353E-08
    4    -1.9396080154E+01     5.6070729913E-08
    5    -1.9381853749E+01     4.9439225038E-08
    6    -1.9381843210E+01     5.5903265688E-08
    7    -1.9342551451E+01     5.8275800533E-08
    8    -1.9342529963E+01     4.9733529441E-08
    9    -1.9342525577E+01     4.9548842988E-08
   10    -1.8852865708E+01     5.4262803607E-08
   11    -1.8852849540E+01     5.6865293119E-08
   12    -1.8852848693E+01     5.3245434512E-08
   13    -1.8843605633E+01     5.8534438544E-08
   14    -1.8843602381E+01     1.1348545918E-07
   15    -1.8843594382E+01     1.2928767468E-07
   16    -1.8812145906E+01     5.3818855316E-08
   17    -1.8372005179E+01     5.8041573512E-08
   18    -1.8357921194E+01     5.1031577573E-08
   19    -1.8357905116E+01     5.7253376104E-08
   20    -1.8318660741E+01     6.1250411062E-08
   21    -1.8318653226E+01     4.7777241988E-08
   22    -1.8318643878E+01     5.8103097561E-08
   23    -1.7833403761E+01     1.1971101350E-07
   24    -1.7833396387E+01     5.6501307122E-08
   25    -1.7833392015E+01     1.4020359108E-07
   26    -1.7748484275E+01     5.2347202680E-08
   27    -1.7748480614E+01     5.0869864928E-08
   28    -1.7748473145E+01     4.5585730037E-08
   29    -1.7688769741E+01     5.2526449901E-08
   30    -1.7683188139E+01     5.2255860781E-08
   31    -1.7683178587E+01     5.2833137176E-08
   32    -1.7355621664E+01     6.1430689859E-08
   33    -1.7260090487E+01     6.7501462927E-08
   34    -1.7260088366E+01     2.1999429619E-07
   35    -1.7260085349E+01     9.0147706597E-08
   36    -1.7228169424E+01     3.9220635710E-07
   37    -1.7228167056E+01     4.4613000270E-08
   38    -1.7228163817E+01     6.2709795797E-08
   39    -1.7184914534E+01     5.4257785372E-08
   40    -1.7184911305E+01     5.5330253277E-07
   41    -1.7184909400E+01     2.1727574155E-07
   42    -1.7181232338E+01     4.9648780175E-08
   43    -1.7181226272E+01     5.8891324082E-08
   44    -1.7181224224E+01     1.0786628014E-07
   45    -1.6778960608E+01     7.0367804605E-08
   46    -1.6742063084E+01     8.3151852456E-08
   47    -1.6742051910E+01     5.2317264251E-08
   48    -1.6742047566E+01     1.7098777869E-07
   49    -1.6733873019E+01     7.4151336274E-08
   50    -1.6733872877E+01     5.3468246667E-08
   51    -1.6733866431E+01     1.0389160734E-07
   52    -1.6731618858E+01     2.0074811583E-07
   53    -1.6731617147E+01     2.1735915557E-07
   54    -1.6716220827E+01     5.5979051771E-08
   55    -1.6707719856E+01     7.1960092986E-08
   56    -1.6707713764E+01     6.8988302158E-08
   57    -1.6688549716E+01     6.8140457487E-08
   58    -1.6688548739E+01     6.3655066379E-08
   59    -1.6688543075E+01     5.9728604880E-08
   60    -1.6653634655E+01     5.3796956377E-08
   61    -1.6653630835E+01     5.3623617432E-08
   62    -1.6644894974E+01     6.7143144490E-08
   63    -1.6256709709E+01     1.0293845503E-07
   64    -1.6256695953E+01     1.9947933104E-07
   65    -1.6256688751E+01     2.1107412387E-07
   66    -1.6228050589E+01     7.7920289013E-08
   67    -1.6228050144E+01     6.3244856668E-08
   68    -1.6228008689E+01     6.5777706282E-08
   69    -1.6217067109E+01     6.9499358393E-08
   70    -1.6217037471E+01     5.9393075071E-08
   71    -1.6217030546E+01     7.1103755847E-08
   72    -1.6156647740E+01     5.5363744701E-08
   73    -1.6156637636E+01     6.6057384119E-08
   74    -1.6156628739E+01     6.0693649683E-08
   75    -1.5747932196E+01     5.9742275570E-08
   76    -1.5744703779E+01     7.5691067438E-08
   77    -1.5744695754E+01     7.6165735556E-08
   78    -1.5744372325E+01     7.9374176058E-08
   79    -1.5664265027E+01     5.8106033411E-08
   80    -1.5664260399E+01     7.2223754492E-08
   81    -1.5364092504E+01     7.8235666305E-08
   82    -1.5364090064E+01     1.9482583635E-07
   83    -1.5364084357E+01     1.4715769868E-07
   84    -1.5299968943E+01     1.6756521844E-07
   85    -1.5299953763E+01     1.4288180412E-07
   86    -1.5299952639E+01     5.8825264887E-08
   87    -1.5295882049E+01     6.5481927811E-08
   88    -1.5295876520E+01     6.8333636922E-08
   89    -1.5295865596E+01     5.3188028116E-08
   90    -1.5238185486E+01     5.4042160132E-08
   91    -1.5232074706E+01     3.5817097332E-07
   92    -1.5232071328E+01     1.7964586303E-07
   93    -1.4927731374E+01     6.8248221540E-08
   94    -1.4880325444E+01     7.5394299205E-08
   95    -1.4880322146E+01     6.5417083986E-08
   96    -1.4848106152E+01     5.4497642426E-07
   97    -1.4848100183E+01     6.1020694427E-08
   98    -1.4848096467E+01     7.4784174160E-08
   99    -1.4815291403E+01     1.0125876783E-07
  100    -1.4815285378E+01     9.2138436987E-08
  101    -1.4815267862E+01     8.1798126149E-08
  102    -1.4769583984E+01     1.1131825428E-07
  103    -1.4769579559E+01     7.5378411974E-08
  104    -1.4769574989E+01     2.8589256973E-07
  105    -1.4749243511E+01     1.0038303088E-07
  106    -1.4749227104E+01     1.1186373808E-07
  107    -1.4749210002E+01     9.2201834576E-08
  108    -1.4384784306E+01     9.8018639032E-08
  109    -1.4384757399E+01     8.4387057794E-08


 TOTAL TIME = 1467 [s]
