===============================================================================
 RRRRR  SSSSS  H   H  RRRRR    Zbigniew ROMANOWSKI                             
 R   R  S      H   H  R   R                                                    
 RRRRR  SSSSS  HHHHH  RRRRR    version: 5.4                                    
 R  R       S  H   H  R  R                                                     
 R   R  SSSSS  H   H  R   R    compilation date: Dec  8 2012 (15:15:27)                       
===============================================================================

PEs = 192

----INITIALIZATION----========================================================
DOMAIN:
    BsplDeg = 3, CubatOrder = 5, CubatNodeNo = 125
    h = 2.500000E-01
    Nx = 180,    Ny = 180,   Nz = 180
    X0 = -2.000000E+01,    Xmax = 2.500000E+01
    Y0 = -2.000000E+01,    Ymax = 2.500000E+01
    Z0 = -2.000000E+01,    Zmax = 2.500000E+01

NUMBER OF 'ATOMS' = 125
    Soft-r^4(d,a)=(-2.00, 0.10) at (x,y,z) = ( 0.00, 0.00, 0.00)
    Soft-r^4(d,a)=(-2.00, 0.10) at (x,y,z) = ( 0.00, 0.00, 1.30)
    Soft-r^4(d,a)=(-2.00, 0.10) at (x,y,z) = ( 0.00, 0.00, 2.60)
    Soft-r^4(d,a)=(-2.00, 0.10) at (x,y,z) = ( 0.00, 0.00, 3.90)
    Soft-r^4(d,a)=(-2.00, 0.10) at (x,y,z) = ( 0.00, 0.00, 5.20)
    Soft-r^4(d,a)=(-2.00, 0.10) at (x,y,z) = ( 0.00, 1.30, 0.00)
    Soft-r^4(d,a)=(-2.00, 0.10) at (x,y,z) = ( 0.00, 1.30, 1.30)
    Soft-r^4(d,a)=(-2.00, 0.10) at (x,y,z) = ( 0.00, 1.30, 2.60)
    Soft-r^4(d,a)=(-2.00, 0.10) at (x,y,z) = ( 0.00, 1.30, 3.90)
    Soft-r^4(d,a)=(-2.00, 0.10) at (x,y,z) = ( 0.00, 1.30, 5.20)
    Soft-r^4(d,a)=(-2.00, 0.10) at (x,y,z) = ( 0.00, 2.60, 0.00)
    Soft-r^4(d,a)=(-2.00, 0.10) at (x,y,z) = ( 0.00, 2.60, 1.30)
    Soft-r^4(d,a)=(-2.00, 0.10) at (x,y,z) = ( 0.00, 2.60, 2.60)
    Soft-r^4(d,a)=(-2.00, 0.10) at (x,y,z) = ( 0.00, 2.60, 3.90)
    Soft-r^4(d,a)=(-2.00, 0.10) at (x,y,z) = ( 0.00, 2.60, 5.20)
    Soft-r^4(d,a)=(-2.00, 0.10) at (x,y,z) = ( 0.00, 3.90, 0.00)
    Soft-r^4(d,a)=(-2.00, 0.10) at (x,y,z) = ( 0.00, 3.90, 1.30)
    Soft-r^4(d,a)=(-2.00, 0.10) at (x,y,z) = ( 0.00, 3.90, 2.60)
    Soft-r^4(d,a)=(-2.00, 0.10) at (x,y,z) = ( 0.00, 3.90, 3.90)
    Soft-r^4(d,a)=(-2.00, 0.10) at (x,y,z) = ( 0.00, 3.90, 5.20)
    Soft-r^4(d,a)=(-2.00, 0.10) at (x,y,z) = ( 0.00, 5.20, 0.00)
    Soft-r^4(d,a)=(-2.00, 0.10) at (x,y,z) = ( 0.00, 5.20, 1.30)
    Soft-r^4(d,a)=(-2.00, 0.10) at (x,y,z) = ( 0.00, 5.20, 2.60)
    Soft-r^4(d,a)=(-2.00, 0.10) at (x,y,z) = ( 0.00, 5.20, 3.90)
    Soft-r^4(d,a)=(-2.00, 0.10) at (x,y,z) = ( 0.00, 5.20, 5.20)
    Soft-r^4(d,a)=(-2.00, 0.10) at (x,y,z) = ( 1.30, 0.00, 0.00)
    Soft-r^4(d,a)=(-2.00, 0.10) at (x,y,z) = ( 1.30, 0.00, 1.30)
    Soft-r^4(d,a)=(-2.00, 0.10) at (x,y,z) = ( 1.30, 0.00, 2.60)
    Soft-r^4(d,a)=(-2.00, 0.10) at (x,y,z) = ( 1.30, 0.00, 3.90)
    Soft-r^4(d,a)=(-2.00, 0.10) at (x,y,z) = ( 1.30, 0.00, 5.20)
    Soft-r^4(d,a)=(-2.00, 0.10) at (x,y,z) = ( 1.30, 1.30, 0.00)
    Soft-r^4(d,a)=(-2.00, 0.10) at (x,y,z) = ( 1.30, 1.30, 1.30)
    Soft-r^4(d,a)=(-2.00, 0.10) at (x,y,z) = ( 1.30, 1.30, 2.60)
    Soft-r^4(d,a)=(-2.00, 0.10) at (x,y,z) = ( 1.30, 1.30, 3.90)
    Soft-r^4(d,a)=(-2.00, 0.10) at (x,y,z) = ( 1.30, 1.30, 5.20)
    Soft-r^4(d,a)=(-2.00, 0.10) at (x,y,z) = ( 1.30, 2.60, 0.00)
    Soft-r^4(d,a)=(-2.00, 0.10) at (x,y,z) = ( 1.30, 2.60, 1.30)
    Soft-r^4(d,a)=(-2.00, 0.10) at (x,y,z) = ( 1.30, 2.60, 2.60)
    Soft-r^4(d,a)=(-2.00, 0.10) at (x,y,z) = ( 1.30, 2.60, 3.90)
    Soft-r^4(d,a)=(-2.00, 0.10) at (x,y,z) = ( 1.30, 2.60, 5.20)
    Soft-r^4(d,a)=(-2.00, 0.10) at (x,y,z) = ( 1.30, 3.90, 0.00)
    Soft-r^4(d,a)=(-2.00, 0.10) at (x,y,z) = ( 1.30, 3.90, 1.30)
    Soft-r^4(d,a)=(-2.00, 0.10) at (x,y,z) = ( 1.30, 3.90, 2.60)
    Soft-r^4(d,a)=(-2.00, 0.10) at (x,y,z) = ( 1.30, 3.90, 3.90)
    Soft-r^4(d,a)=(-2.00, 0.10) at (x,y,z) = ( 1.30, 3.90, 5.20)
    Soft-r^4(d,a)=(-2.00, 0.10) at (x,y,z) = ( 1.30, 5.20, 0.00)
    Soft-r^4(d,a)=(-2.00, 0.10) at (x,y,z) = ( 1.30, 5.20, 1.30)
    Soft-r^4(d,a)=(-2.00, 0.10) at (x,y,z) = ( 1.30, 5.20, 2.60)
    Soft-r^4(d,a)=(-2.00, 0.10) at (x,y,z) = ( 1.30, 5.20, 3.90)
    Soft-r^4(d,a)=(-2.00, 0.10) at (x,y,z) = ( 1.30, 5.20, 5.20)
    Soft-r^4(d,a)=(-2.00, 0.10) at (x,y,z) = ( 2.60, 0.00, 0.00)
    Soft-r^4(d,a)=(-2.00, 0.10) at (x,y,z) = ( 2.60, 0.00, 1.30)
    Soft-r^4(d,a)=(-2.00, 0.10) at (x,y,z) = ( 2.60, 0.00, 2.60)
    Soft-r^4(d,a)=(-2.00, 0.10) at (x,y,z) = ( 2.60, 0.00, 3.90)
    Soft-r^4(d,a)=(-2.00, 0.10) at (x,y,z) = ( 2.60, 0.00, 5.20)
    Soft-r^4(d,a)=(-2.00, 0.10) at (x,y,z) = ( 2.60, 1.30, 0.00)
    Soft-r^4(d,a)=(-2.00, 0.10) at (x,y,z) = ( 2.60, 1.30, 1.30)
    Soft-r^4(d,a)=(-2.00, 0.10) at (x,y,z) = ( 2.60, 1.30, 2.60)
    Soft-r^4(d,a)=(-2.00, 0.10) at (x,y,z) = ( 2.60, 1.30, 3.90)
    Soft-r^4(d,a)=(-2.00, 0.10) at (x,y,z) = ( 2.60, 1.30, 5.20)
    Soft-r^4(d,a)=(-2.00, 0.10) at (x,y,z) = ( 2.60, 2.60, 0.00)
    Soft-r^4(d,a)=(-2.00, 0.10) at (x,y,z) = ( 2.60, 2.60, 1.30)
    Soft-r^4(d,a)=(-2.00, 0.10) at (x,y,z) = ( 2.60, 2.60, 2.60)
    Soft-r^4(d,a)=(-2.00, 0.10) at (x,y,z) = ( 2.60, 2.60, 3.90)
    Soft-r^4(d,a)=(-2.00, 0.10) at (x,y,z) = ( 2.60, 2.60, 5.20)
    Soft-r^4(d,a)=(-2.00, 0.10) at (x,y,z) = ( 2.60, 3.90, 0.00)
    Soft-r^4(d,a)=(-2.00, 0.10) at (x,y,z) = ( 2.60, 3.90, 1.30)
    Soft-r^4(d,a)=(-2.00, 0.10) at (x,y,z) = ( 2.60, 3.90, 2.60)
    Soft-r^4(d,a)=(-2.00, 0.10) at (x,y,z) = ( 2.60, 3.90, 3.90)
    Soft-r^4(d,a)=(-2.00, 0.10) at (x,y,z) = ( 2.60, 3.90, 5.20)
    Soft-r^4(d,a)=(-2.00, 0.10) at (x,y,z) = ( 2.60, 5.20, 0.00)
    Soft-r^4(d,a)=(-2.00, 0.10) at (x,y,z) = ( 2.60, 5.20, 1.30)
    Soft-r^4(d,a)=(-2.00, 0.10) at (x,y,z) = ( 2.60, 5.20, 2.60)
    Soft-r^4(d,a)=(-2.00, 0.10) at (x,y,z) = ( 2.60, 5.20, 3.90)
    Soft-r^4(d,a)=(-2.00, 0.10) at (x,y,z) = ( 2.60, 5.20, 5.20)
    Soft-r^4(d,a)=(-2.00, 0.10) at (x,y,z) = ( 3.90, 0.00, 0.00)
    Soft-r^4(d,a)=(-2.00, 0.10) at (x,y,z) = ( 3.90, 0.00, 1.30)
    Soft-r^4(d,a)=(-2.00, 0.10) at (x,y,z) = ( 3.90, 0.00, 2.60)
    Soft-r^4(d,a)=(-2.00, 0.10) at (x,y,z) = ( 3.90, 0.00, 3.90)
    Soft-r^4(d,a)=(-2.00, 0.10) at (x,y,z) = ( 3.90, 0.00, 5.20)
    Soft-r^4(d,a)=(-2.00, 0.10) at (x,y,z) = ( 3.90, 1.30, 0.00)
    Soft-r^4(d,a)=(-2.00, 0.10) at (x,y,z) = ( 3.90, 1.30, 1.30)
    Soft-r^4(d,a)=(-2.00, 0.10) at (x,y,z) = ( 3.90, 1.30, 2.60)
    Soft-r^4(d,a)=(-2.00, 0.10) at (x,y,z) = ( 3.90, 1.30, 3.90)
    Soft-r^4(d,a)=(-2.00, 0.10) at (x,y,z) = ( 3.90, 1.30, 5.20)
    Soft-r^4(d,a)=(-2.00, 0.10) at (x,y,z) = ( 3.90, 2.60, 0.00)
    Soft-r^4(d,a)=(-2.00, 0.10) at (x,y,z) = ( 3.90, 2.60, 1.30)
    Soft-r^4(d,a)=(-2.00, 0.10) at (x,y,z) = ( 3.90, 2.60, 2.60)
    Soft-r^4(d,a)=(-2.00, 0.10) at (x,y,z) = ( 3.90, 2.60, 3.90)
    Soft-r^4(d,a)=(-2.00, 0.10) at (x,y,z) = ( 3.90, 2.60, 5.20)
    Soft-r^4(d,a)=(-2.00, 0.10) at (x,y,z) = ( 3.90, 3.90, 0.00)
    Soft-r^4(d,a)=(-2.00, 0.10) at (x,y,z) = ( 3.90, 3.90, 1.30)
    Soft-r^4(d,a)=(-2.00, 0.10) at (x,y,z) = ( 3.90, 3.90, 2.60)
    Soft-r^4(d,a)=(-2.00, 0.10) at (x,y,z) = ( 3.90, 3.90, 3.90)
    Soft-r^4(d,a)=(-2.00, 0.10) at (x,y,z) = ( 3.90, 3.90, 5.20)
    Soft-r^4(d,a)=(-2.00, 0.10) at (x,y,z) = ( 3.90, 5.20, 0.00)
    Soft-r^4(d,a)=(-2.00, 0.10) at (x,y,z) = ( 3.90, 5.20, 1.30)
    Soft-r^4(d,a)=(-2.00, 0.10) at (x,y,z) = ( 3.90, 5.20, 2.60)
    Soft-r^4(d,a)=(-2.00, 0.10) at (x,y,z) = ( 3.90, 5.20, 3.90)
    Soft-r^4(d,a)=(-2.00, 0.10) at (x,y,z) = ( 3.90, 5.20, 5.20)
    Soft-r^4(d,a)=(-2.00, 0.10) at (x,y,z) = ( 5.20, 0.00, 0.00)
    Soft-r^4(d,a)=(-2.00, 0.10) at (x,y,z) = ( 5.20, 0.00, 1.30)
    Soft-r^4(d,a)=(-2.00, 0.10) at (x,y,z) = ( 5.20, 0.00, 2.60)
    Soft-r^4(d,a)=(-2.00, 0.10) at (x,y,z) = ( 5.20, 0.00, 3.90)
    Soft-r^4(d,a)=(-2.00, 0.10) at (x,y,z) = ( 5.20, 0.00, 5.20)
    Soft-r^4(d,a)=(-2.00, 0.10) at (x,y,z) = ( 5.20, 1.30, 0.00)
    Soft-r^4(d,a)=(-2.00, 0.10) at (x,y,z) = ( 5.20, 1.30, 1.30)
    Soft-r^4(d,a)=(-2.00, 0.10) at (x,y,z) = ( 5.20, 1.30, 2.60)
    Soft-r^4(d,a)=(-2.00, 0.10) at (x,y,z) = ( 5.20, 1.30, 3.90)
    Soft-r^4(d,a)=(-2.00, 0.10) at (x,y,z) = ( 5.20, 1.30, 5.20)
    Soft-r^4(d,a)=(-2.00, 0.10) at (x,y,z) = ( 5.20, 2.60, 0.00)
    Soft-r^4(d,a)=(-2.00, 0.10) at (x,y,z) = ( 5.20, 2.60, 1.30)
    Soft-r^4(d,a)=(-2.00, 0.10) at (x,y,z) = ( 5.20, 2.60, 2.60)
    Soft-r^4(d,a)=(-2.00, 0.10) at (x,y,z) = ( 5.20, 2.60, 3.90)
    Soft-r^4(d,a)=(-2.00, 0.10) at (x,y,z) = ( 5.20, 2.60, 5.20)
    Soft-r^4(d,a)=(-2.00, 0.10) at (x,y,z) = ( 5.20, 3.90, 0.00)
    Soft-r^4(d,a)=(-2.00, 0.10) at (x,y,z) = ( 5.20, 3.90, 1.30)
    Soft-r^4(d,a)=(-2.00, 0.10) at (x,y,z) = ( 5.20, 3.90, 2.60)
    Soft-r^4(d,a)=(-2.00, 0.10) at (x,y,z) = ( 5.20, 3.90, 3.90)
    Soft-r^4(d,a)=(-2.00, 0.10) at (x,y,z) = ( 5.20, 3.90, 5.20)
    Soft-r^4(d,a)=(-2.00, 0.10) at (x,y,z) = ( 5.20, 5.20, 0.00)
    Soft-r^4(d,a)=(-2.00, 0.10) at (x,y,z) = ( 5.20, 5.20, 1.30)
    Soft-r^4(d,a)=(-2.00, 0.10) at (x,y,z) = ( 5.20, 5.20, 2.60)
    Soft-r^4(d,a)=(-2.00, 0.10) at (x,y,z) = ( 5.20, 5.20, 3.90)
    Soft-r^4(d,a)=(-2.00, 0.10) at (x,y,z) = ( 5.20, 5.20, 5.20)


----GRAPH-CREATION-and-PARTITIONING----=======================================
      Setup: Max:   9.118, Sum: 1750.613, Balance:   1.000
   Matching: Max:   9.871, Sum: 1895.159, Balance:   1.000
Contraction: Max:   2.886, Sum: 554.144, Balance:   1.000
   InitPart: Max:   0.212, Sum:  40.649, Balance:   1.000
    Project: Max:   0.004, Sum:   0.786, Balance:   1.076
 Initialize: Max:   1.654, Sum: 317.458, Balance:   1.000
      K-way: Max:   4.784, Sum: 918.526, Balance:   1.000
      Remap: Max:   0.001, Sum:   0.261, Balance:   1.000
      Total: Max:  28.530, Sum: 5477.696, Balance:   1.000
Final 192-way Cut: 118291181 	Balance: 1.050 

    Number of nodes:
         Rank0.........3.019E+04
         Averg.........2.888E+04
         Total.........5.545E+06
    Number of edges:
         Rank0.........9.372E+06
         Averg.........9.592E+06
         Total.........1.842E+09
    Memory usage.[MB]:
         Rank0.........1.435E+02
         Averg.........1.468E+02
         Total.........2.819E+04


----MATRIX-ALLOCATION----=====================================================
    Dimension of matrix H or S:
              Rank0..............3.019E+04 (30192)
              Averg..............2.888E+04       
              Total..............5.545E+06 (5545233)
    Nonzero entries in H or S:
              Rank0..............9.403E+06 (9402618)
              Averg..............9.621E+06       
              Total..............1.847E+09 (1847284083)
    Sparseness of H or S (fraction):
              Rank0..............5.616E-05
              Averg..............6.008E-05
    Sparseness of H or S (non-zero elemnts in a row):
              Rank0..............311.4
              Averg..............333.1
    Memory usage for H and S [MiB]:
              Rank0..............2.869E+02
              Averg..............2.936E+02
              Total..............5.637E+04


----ASSEMBLING----============================================================
..........10..........20..........30..........40..........50done
Assembling time = 294 [s]



----SOLVING----===============================================================
EPS Object: 192 MPI processes
  type: krylovschur
    Krylov-Schur: 50% of basis vectors kept after restart
  problem type: generalized symmetric eigenvalue problem
  extraction type: Rayleigh-Ritz
  selected portion of the spectrum: smallest real parts
  number of eigenvalues (nev): 10
  number of column vectors (ncv): 30
  maximum dimension of projected problem (mpd): 30
  maximum number of iterations: 500
  tolerance: 0.0001
  convergence test: relative to the eigenvalue
  estimates of matrix norms (constant): norm(A)=1, norm(B)=1
IP Object: 192 MPI processes
  type: bilinear
  orthogonalization method: classical Gram-Schmidt
  orthogonalization refinement: if needed (eta: 0.7071)
  Matrix Object:   192 MPI processes
    type: mpiaij
    rows=5545233, cols=5545233
    total: nonzeros=1847284083, allocated nonzeros=1847284083
    total number of mallocs used during MatSetValues calls =0
      not using I-node (on process 0) routines
DS Object: 192 MPI processes
  type: hep
  solving the problem with: Implicit QR method (_steqr)
ST Object: 192 MPI processes
  type: shift
  shift: 0
  matrices A and B have same nonzero pattern
  KSP Object:  (st_)   192 MPI processes
    type: cg
    maximum iterations=10000
    using preconditioner applied to right hand side for initial guess
    tolerances:  relative=1e-05, absolute=1e-50, divergence=10000
    left preconditioning
    using nonzero initial guess
    using PRECONDITIONED norm type for convergence test
  PC Object:  (st_)   192 MPI processes
    type: asm
      Additive Schwarz: total subdomain blocks = 192, amount of overlap = 1
      Additive Schwarz: restriction/interpolation type - RESTRICT
      Local solve is same for all blocks, in the following KSP and PC objects:
    KSP Object:    (st_sub_)     1 MPI processes
      type: preonly
      maximum iterations=10000, initial guess is zero
      tolerances:  relative=1e-05, absolute=1e-50, divergence=10000
      left preconditioning
      using DEFAULT norm type for convergence test
    PC Object:    (st_sub_)     1 MPI processes
      type: icc
        0 levels of fill
        tolerance for zero pivot 2.22045e-14
        using Manteuffel shift
        matrix ordering: natural
      linear system matrix = precond matrix:
      Matrix Object:       1 MPI processes
        type: seqaij
        rows=41975, cols=41975
        total: nonzeros=12347255, allocated nonzeros=12347255
        total number of mallocs used during MatSetValues calls =0
          not using I-node routines
    linear system matrix = precond matrix:
    Matrix Object:     192 MPI processes
      type: mpiaij
      rows=5545233, cols=5545233
      total: nonzeros=1847284083, allocated nonzeros=1847284083
      total number of mallocs used during MatSetValues calls =0
        not using I-node (on process 0) routines


  1 EPS nconv=0 first unconverged value (error) -20.4074 (3.47607483e-02)
  2 EPS nconv=0 first unconverged value (error) -20.435 (3.43820508e-03)
  3 EPS nconv=0 first unconverged value (error) -20.4352 (4.18435716e-04)
  4 EPS nconv=0 first unconverged value (error) -20.4352 (1.71969105e-04)
  5 EPS nconv=1 first unconverged value (error) -19.886 (6.78170030e-03)
  6 EPS nconv=1 first unconverged value (error) -19.8875 (2.27753666e-03)
  7 EPS nconv=1 first unconverged value (error) -19.8876 (3.32942758e-04)
  8 EPS nconv=1 first unconverged value (error) -19.8876 (1.14431805e-04)
  9 EPS nconv=3 first unconverged value (error) -19.3527 (6.28974409e-03)
 10 EPS nconv=3 first unconverged value (error) -19.3537 (2.20262127e-03)
 11 EPS nconv=3 first unconverged value (error) -19.3558 (7.45279396e-03)
 12 EPS nconv=3 first unconverged value (error) -19.3892 (1.75622717e-02)
 13 EPS nconv=3 first unconverged value (error) -19.4583 (7.07162089e-02)
 14 EPS nconv=3 first unconverged value (error) -19.8366 (2.73295934e-02)
 15 EPS nconv=3 first unconverged value (error) -19.8864 (9.12668037e-03)
 16 EPS nconv=3 first unconverged value (error) -19.8876 (4.00222472e-04)
 17 EPS nconv=3 first unconverged value (error) -19.8876 (1.92951489e-04)
 18 EPS nconv=6 first unconverged value (error) -18.8599 (2.32196025e-03)
 19 EPS nconv=6 first unconverged value (error) -18.8616 (3.86989158e-03)
 20 EPS nconv=6 first unconverged value (error) -18.8618 (1.09652503e-03)
 21 EPS nconv=6 first unconverged value (error) -18.8619 (1.10098448e-03)
 22 EPS nconv=6 first unconverged value (error) -19.0907 (2.14981146e-01)
 23 EPS nconv=6 first unconverged value (error) -19.7984 (3.55984591e-02)
 24 EPS nconv=6 first unconverged value (error) -19.8582 (3.68871834e-02)
 25 EPS nconv=6 first unconverged value (error) -19.8862 (6.48375376e-03)
 26 EPS nconv=6 first unconverged value (error) -19.8876 (1.54299522e-03)
 27 EPS nconv=6 first unconverged value (error) -19.8876 (1.49207052e-04)
 28 EPS nconv=6 first unconverged value (error) -19.8876 (1.42475958e-04)
 29 EPS nconv=7 first unconverged value (error) -19.3605 (2.20988679e-02)
 30 EPS nconv=7 first unconverged value (error) -19.3888 (8.80652226e-03)
 31 EPS nconv=7 first unconverged value (error) -19.3897 (9.00280650e-04)
 32 EPS nconv=7 first unconverged value (error) -19.3897 (6.02808290e-04)
 33 EPS nconv=7 first unconverged value (error) -19.3897 (2.43388811e-04)
 34 EPS nconv=11 first unconverged value (error) -18.8295 (1.65339349e-02)

--------------------------------------------------------------
    Number of iterations of the method.............34
    Number of linear iterations of the method......1876
    Solution method................................krylovschur
    Number of requested eigenvalues................10
    Stopping condition: eps_tol....................1.000000E-04
    Stopping condition: eps_max_it.................500
--------------------------------------------------------------


             EIGENVALUES            ERROR
====================================================
    0    -2.0435246305E+01     7.1501216963E-08
    1    -1.9887628618E+01     1.2033134787E-07
    2    -1.9887627770E+01     1.5058513380E-07
    3    -1.9887627352E+01     2.1148585746E-07
    4    -1.9403970620E+01     4.5085228297E-07
    5    -1.9389746154E+01     2.9857989582E-07
    6    -1.9389744662E+01     3.4481556681E-07
    7    -1.9349393427E+01     1.3043811201E-07
    8    -1.9349391353E+01     5.4036189532E-08
    9    -1.8861858464E+01     5.1438569688E-08
   10    -1.8852605383E+01     5.0582002304E-08


 TOTAL TIME = 2400 [s]
