===============================================================================
 RRRRR  SSSSS  H   H  RRRRR    Zbigniew ROMANOWSKI                             
 R   R  S      H   H  R   R                                                    
 RRRRR  SSSSS  HHHHH  RRRRR    version: 5.4                                    
 R  R       S  H   H  R  R                                                     
 R   R  SSSSS  H   H  R   R    compilation date: Dec  8 2012 (20:50:40)                       
===============================================================================

PEs = 4096

----INITIALIZATION----========================================================
DOMAIN:
    BsplDeg = 3, CubatOrder = 5, CubatNodeNo = 125
    h = 4.000000E-01
    Nx = 113,    Ny = 113,   Nz = 113
    X0 = -2.000000E+01,    Xmax = 2.520000E+01
    Y0 = -2.000000E+01,    Ymax = 2.520000E+01
    Z0 = -2.000000E+01,    Zmax = 2.520000E+01

NUMBER OF 'ATOMS' = 125
    Soft-r^4(d,a)=(-2.00, 0.10) at (x,y,z) = ( 0.00, 0.00, 0.00)
    Soft-r^4(d,a)=(-2.00, 0.10) at (x,y,z) = ( 0.00, 0.00, 1.30)
    Soft-r^4(d,a)=(-2.00, 0.10) at (x,y,z) = ( 0.00, 0.00, 2.60)
    Soft-r^4(d,a)=(-2.00, 0.10) at (x,y,z) = ( 0.00, 0.00, 3.90)
    Soft-r^4(d,a)=(-2.00, 0.10) at (x,y,z) = ( 0.00, 0.00, 5.20)
    Soft-r^4(d,a)=(-2.00, 0.10) at (x,y,z) = ( 0.00, 1.30, 0.00)
    Soft-r^4(d,a)=(-2.00, 0.10) at (x,y,z) = ( 0.00, 1.30, 1.30)
    Soft-r^4(d,a)=(-2.00, 0.10) at (x,y,z) = ( 0.00, 1.30, 2.60)
    Soft-r^4(d,a)=(-2.00, 0.10) at (x,y,z) = ( 0.00, 1.30, 3.90)
    Soft-r^4(d,a)=(-2.00, 0.10) at (x,y,z) = ( 0.00, 1.30, 5.20)
    Soft-r^4(d,a)=(-2.00, 0.10) at (x,y,z) = ( 0.00, 2.60, 0.00)
    Soft-r^4(d,a)=(-2.00, 0.10) at (x,y,z) = ( 0.00, 2.60, 1.30)
    Soft-r^4(d,a)=(-2.00, 0.10) at (x,y,z) = ( 0.00, 2.60, 2.60)
    Soft-r^4(d,a)=(-2.00, 0.10) at (x,y,z) = ( 0.00, 2.60, 3.90)
    Soft-r^4(d,a)=(-2.00, 0.10) at (x,y,z) = ( 0.00, 2.60, 5.20)
    Soft-r^4(d,a)=(-2.00, 0.10) at (x,y,z) = ( 0.00, 3.90, 0.00)
    Soft-r^4(d,a)=(-2.00, 0.10) at (x,y,z) = ( 0.00, 3.90, 1.30)
    Soft-r^4(d,a)=(-2.00, 0.10) at (x,y,z) = ( 0.00, 3.90, 2.60)
    Soft-r^4(d,a)=(-2.00, 0.10) at (x,y,z) = ( 0.00, 3.90, 3.90)
    Soft-r^4(d,a)=(-2.00, 0.10) at (x,y,z) = ( 0.00, 3.90, 5.20)
    Soft-r^4(d,a)=(-2.00, 0.10) at (x,y,z) = ( 0.00, 5.20, 0.00)
    Soft-r^4(d,a)=(-2.00, 0.10) at (x,y,z) = ( 0.00, 5.20, 1.30)
    Soft-r^4(d,a)=(-2.00, 0.10) at (x,y,z) = ( 0.00, 5.20, 2.60)
    Soft-r^4(d,a)=(-2.00, 0.10) at (x,y,z) = ( 0.00, 5.20, 3.90)
    Soft-r^4(d,a)=(-2.00, 0.10) at (x,y,z) = ( 0.00, 5.20, 5.20)
    Soft-r^4(d,a)=(-2.00, 0.10) at (x,y,z) = ( 1.30, 0.00, 0.00)
    Soft-r^4(d,a)=(-2.00, 0.10) at (x,y,z) = ( 1.30, 0.00, 1.30)
    Soft-r^4(d,a)=(-2.00, 0.10) at (x,y,z) = ( 1.30, 0.00, 2.60)
    Soft-r^4(d,a)=(-2.00, 0.10) at (x,y,z) = ( 1.30, 0.00, 3.90)
    Soft-r^4(d,a)=(-2.00, 0.10) at (x,y,z) = ( 1.30, 0.00, 5.20)
    Soft-r^4(d,a)=(-2.00, 0.10) at (x,y,z) = ( 1.30, 1.30, 0.00)
    Soft-r^4(d,a)=(-2.00, 0.10) at (x,y,z) = ( 1.30, 1.30, 1.30)
    Soft-r^4(d,a)=(-2.00, 0.10) at (x,y,z) = ( 1.30, 1.30, 2.60)
    Soft-r^4(d,a)=(-2.00, 0.10) at (x,y,z) = ( 1.30, 1.30, 3.90)
    Soft-r^4(d,a)=(-2.00, 0.10) at (x,y,z) = ( 1.30, 1.30, 5.20)
    Soft-r^4(d,a)=(-2.00, 0.10) at (x,y,z) = ( 1.30, 2.60, 0.00)
    Soft-r^4(d,a)=(-2.00, 0.10) at (x,y,z) = ( 1.30, 2.60, 1.30)
    Soft-r^4(d,a)=(-2.00, 0.10) at (x,y,z) = ( 1.30, 2.60, 2.60)
    Soft-r^4(d,a)=(-2.00, 0.10) at (x,y,z) = ( 1.30, 2.60, 3.90)
    Soft-r^4(d,a)=(-2.00, 0.10) at (x,y,z) = ( 1.30, 2.60, 5.20)
    Soft-r^4(d,a)=(-2.00, 0.10) at (x,y,z) = ( 1.30, 3.90, 0.00)
    Soft-r^4(d,a)=(-2.00, 0.10) at (x,y,z) = ( 1.30, 3.90, 1.30)
    Soft-r^4(d,a)=(-2.00, 0.10) at (x,y,z) = ( 1.30, 3.90, 2.60)
    Soft-r^4(d,a)=(-2.00, 0.10) at (x,y,z) = ( 1.30, 3.90, 3.90)
    Soft-r^4(d,a)=(-2.00, 0.10) at (x,y,z) = ( 1.30, 3.90, 5.20)
    Soft-r^4(d,a)=(-2.00, 0.10) at (x,y,z) = ( 1.30, 5.20, 0.00)
    Soft-r^4(d,a)=(-2.00, 0.10) at (x,y,z) = ( 1.30, 5.20, 1.30)
    Soft-r^4(d,a)=(-2.00, 0.10) at (x,y,z) = ( 1.30, 5.20, 2.60)
    Soft-r^4(d,a)=(-2.00, 0.10) at (x,y,z) = ( 1.30, 5.20, 3.90)
    Soft-r^4(d,a)=(-2.00, 0.10) at (x,y,z) = ( 1.30, 5.20, 5.20)
    Soft-r^4(d,a)=(-2.00, 0.10) at (x,y,z) = ( 2.60, 0.00, 0.00)
    Soft-r^4(d,a)=(-2.00, 0.10) at (x,y,z) = ( 2.60, 0.00, 1.30)
    Soft-r^4(d,a)=(-2.00, 0.10) at (x,y,z) = ( 2.60, 0.00, 2.60)
    Soft-r^4(d,a)=(-2.00, 0.10) at (x,y,z) = ( 2.60, 0.00, 3.90)
    Soft-r^4(d,a)=(-2.00, 0.10) at (x,y,z) = ( 2.60, 0.00, 5.20)
    Soft-r^4(d,a)=(-2.00, 0.10) at (x,y,z) = ( 2.60, 1.30, 0.00)
    Soft-r^4(d,a)=(-2.00, 0.10) at (x,y,z) = ( 2.60, 1.30, 1.30)
    Soft-r^4(d,a)=(-2.00, 0.10) at (x,y,z) = ( 2.60, 1.30, 2.60)
    Soft-r^4(d,a)=(-2.00, 0.10) at (x,y,z) = ( 2.60, 1.30, 3.90)
    Soft-r^4(d,a)=(-2.00, 0.10) at (x,y,z) = ( 2.60, 1.30, 5.20)
    Soft-r^4(d,a)=(-2.00, 0.10) at (x,y,z) = ( 2.60, 2.60, 0.00)
    Soft-r^4(d,a)=(-2.00, 0.10) at (x,y,z) = ( 2.60, 2.60, 1.30)
    Soft-r^4(d,a)=(-2.00, 0.10) at (x,y,z) = ( 2.60, 2.60, 2.60)
    Soft-r^4(d,a)=(-2.00, 0.10) at (x,y,z) = ( 2.60, 2.60, 3.90)
    Soft-r^4(d,a)=(-2.00, 0.10) at (x,y,z) = ( 2.60, 2.60, 5.20)
    Soft-r^4(d,a)=(-2.00, 0.10) at (x,y,z) = ( 2.60, 3.90, 0.00)
    Soft-r^4(d,a)=(-2.00, 0.10) at (x,y,z) = ( 2.60, 3.90, 1.30)
    Soft-r^4(d,a)=(-2.00, 0.10) at (x,y,z) = ( 2.60, 3.90, 2.60)
    Soft-r^4(d,a)=(-2.00, 0.10) at (x,y,z) = ( 2.60, 3.90, 3.90)
    Soft-r^4(d,a)=(-2.00, 0.10) at (x,y,z) = ( 2.60, 3.90, 5.20)
    Soft-r^4(d,a)=(-2.00, 0.10) at (x,y,z) = ( 2.60, 5.20, 0.00)
    Soft-r^4(d,a)=(-2.00, 0.10) at (x,y,z) = ( 2.60, 5.20, 1.30)
    Soft-r^4(d,a)=(-2.00, 0.10) at (x,y,z) = ( 2.60, 5.20, 2.60)
    Soft-r^4(d,a)=(-2.00, 0.10) at (x,y,z) = ( 2.60, 5.20, 3.90)
    Soft-r^4(d,a)=(-2.00, 0.10) at (x,y,z) = ( 2.60, 5.20, 5.20)
    Soft-r^4(d,a)=(-2.00, 0.10) at (x,y,z) = ( 3.90, 0.00, 0.00)
    Soft-r^4(d,a)=(-2.00, 0.10) at (x,y,z) = ( 3.90, 0.00, 1.30)
    Soft-r^4(d,a)=(-2.00, 0.10) at (x,y,z) = ( 3.90, 0.00, 2.60)
    Soft-r^4(d,a)=(-2.00, 0.10) at (x,y,z) = ( 3.90, 0.00, 3.90)
    Soft-r^4(d,a)=(-2.00, 0.10) at (x,y,z) = ( 3.90, 0.00, 5.20)
    Soft-r^4(d,a)=(-2.00, 0.10) at (x,y,z) = ( 3.90, 1.30, 0.00)
    Soft-r^4(d,a)=(-2.00, 0.10) at (x,y,z) = ( 3.90, 1.30, 1.30)
    Soft-r^4(d,a)=(-2.00, 0.10) at (x,y,z) = ( 3.90, 1.30, 2.60)
    Soft-r^4(d,a)=(-2.00, 0.10) at (x,y,z) = ( 3.90, 1.30, 3.90)
    Soft-r^4(d,a)=(-2.00, 0.10) at (x,y,z) = ( 3.90, 1.30, 5.20)
    Soft-r^4(d,a)=(-2.00, 0.10) at (x,y,z) = ( 3.90, 2.60, 0.00)
    Soft-r^4(d,a)=(-2.00, 0.10) at (x,y,z) = ( 3.90, 2.60, 1.30)
    Soft-r^4(d,a)=(-2.00, 0.10) at (x,y,z) = ( 3.90, 2.60, 2.60)
    Soft-r^4(d,a)=(-2.00, 0.10) at (x,y,z) = ( 3.90, 2.60, 3.90)
    Soft-r^4(d,a)=(-2.00, 0.10) at (x,y,z) = ( 3.90, 2.60, 5.20)
    Soft-r^4(d,a)=(-2.00, 0.10) at (x,y,z) = ( 3.90, 3.90, 0.00)
    Soft-r^4(d,a)=(-2.00, 0.10) at (x,y,z) = ( 3.90, 3.90, 1.30)
    Soft-r^4(d,a)=(-2.00, 0.10) at (x,y,z) = ( 3.90, 3.90, 2.60)
    Soft-r^4(d,a)=(-2.00, 0.10) at (x,y,z) = ( 3.90, 3.90, 3.90)
    Soft-r^4(d,a)=(-2.00, 0.10) at (x,y,z) = ( 3.90, 3.90, 5.20)
    Soft-r^4(d,a)=(-2.00, 0.10) at (x,y,z) = ( 3.90, 5.20, 0.00)
    Soft-r^4(d,a)=(-2.00, 0.10) at (x,y,z) = ( 3.90, 5.20, 1.30)
    Soft-r^4(d,a)=(-2.00, 0.10) at (x,y,z) = ( 3.90, 5.20, 2.60)
    Soft-r^4(d,a)=(-2.00, 0.10) at (x,y,z) = ( 3.90, 5.20, 3.90)
    Soft-r^4(d,a)=(-2.00, 0.10) at (x,y,z) = ( 3.90, 5.20, 5.20)
    Soft-r^4(d,a)=(-2.00, 0.10) at (x,y,z) = ( 5.20, 0.00, 0.00)
    Soft-r^4(d,a)=(-2.00, 0.10) at (x,y,z) = ( 5.20, 0.00, 1.30)
    Soft-r^4(d,a)=(-2.00, 0.10) at (x,y,z) = ( 5.20, 0.00, 2.60)
    Soft-r^4(d,a)=(-2.00, 0.10) at (x,y,z) = ( 5.20, 0.00, 3.90)
    Soft-r^4(d,a)=(-2.00, 0.10) at (x,y,z) = ( 5.20, 0.00, 5.20)
    Soft-r^4(d,a)=(-2.00, 0.10) at (x,y,z) = ( 5.20, 1.30, 0.00)
    Soft-r^4(d,a)=(-2.00, 0.10) at (x,y,z) = ( 5.20, 1.30, 1.30)
    Soft-r^4(d,a)=(-2.00, 0.10) at (x,y,z) = ( 5.20, 1.30, 2.60)
    Soft-r^4(d,a)=(-2.00, 0.10) at (x,y,z) = ( 5.20, 1.30, 3.90)
    Soft-r^4(d,a)=(-2.00, 0.10) at (x,y,z) = ( 5.20, 1.30, 5.20)
    Soft-r^4(d,a)=(-2.00, 0.10) at (x,y,z) = ( 5.20, 2.60, 0.00)
    Soft-r^4(d,a)=(-2.00, 0.10) at (x,y,z) = ( 5.20, 2.60, 1.30)
    Soft-r^4(d,a)=(-2.00, 0.10) at (x,y,z) = ( 5.20, 2.60, 2.60)
    Soft-r^4(d,a)=(-2.00, 0.10) at (x,y,z) = ( 5.20, 2.60, 3.90)
    Soft-r^4(d,a)=(-2.00, 0.10) at (x,y,z) = ( 5.20, 2.60, 5.20)
    Soft-r^4(d,a)=(-2.00, 0.10) at (x,y,z) = ( 5.20, 3.90, 0.00)
    Soft-r^4(d,a)=(-2.00, 0.10) at (x,y,z) = ( 5.20, 3.90, 1.30)
    Soft-r^4(d,a)=(-2.00, 0.10) at (x,y,z) = ( 5.20, 3.90, 2.60)
    Soft-r^4(d,a)=(-2.00, 0.10) at (x,y,z) = ( 5.20, 3.90, 3.90)
    Soft-r^4(d,a)=(-2.00, 0.10) at (x,y,z) = ( 5.20, 3.90, 5.20)
    Soft-r^4(d,a)=(-2.00, 0.10) at (x,y,z) = ( 5.20, 5.20, 0.00)
    Soft-r^4(d,a)=(-2.00, 0.10) at (x,y,z) = ( 5.20, 5.20, 1.30)
    Soft-r^4(d,a)=(-2.00, 0.10) at (x,y,z) = ( 5.20, 5.20, 2.60)
    Soft-r^4(d,a)=(-2.00, 0.10) at (x,y,z) = ( 5.20, 5.20, 3.90)
    Soft-r^4(d,a)=(-2.00, 0.10) at (x,y,z) = ( 5.20, 5.20, 5.20)


----GRAPH-CREATION-and-PARTITIONING----=======================================
      Setup: Max:   0.124, Sum: 505.920, Balance:   1.000
   Matching: Max:   0.206, Sum: 842.050, Balance:   1.000
Contraction: Max:   0.066, Sum: 271.600, Balance:   1.000
   InitPart: Max:  10.790, Sum: 44194.309, Balance:   1.000
    Project: Max:   0.001, Sum:   3.055, Balance:   1.132
 Initialize: Max:   0.043, Sum: 173.797, Balance:   1.007
      K-way: Max:   0.440, Sum: 1801.409, Balance:   1.000
      Remap: Max:   0.009, Sum:  38.507, Balance:   1.000
      Total: Max:  11.678, Sum: 47832.750, Balance:   1.000
Final 4096-way Cut: 123693031 	Balance: 1.132 

    Number of nodes:
         Rank0.........2.930E+02
         Averg.........3.250E+02
         Total.........1.331E+06
    Number of edges:
         Rank0.........7.335E+04
         Averg.........1.060E+05
         Total.........4.342E+08
    Memory usage.[MB]:
         Rank0.........1.124E+00
         Averg.........1.622E+00
         Total.........6.646E+03


----MATRIX-ALLOCATION----=====================================================
    Dimension of matrix H or S:
              Rank0..............2.930E+02 (293)
              Averg..............3.250E+02       
              Total..............1.331E+06 (1331000)
    Nonzero entries in H or S:
              Rank0..............7.365E+04 (73647)
              Averg..............1.063E+05       
              Total..............4.355E+08 (435519512)
    Sparseness of H or S (fraction):
              Rank0..............1.888E-04
              Averg..............2.458E-04
    Sparseness of H or S (non-zero elemnts in a row):
              Rank0..............251.4
              Averg..............327.2
    Memory usage for H and S [MiB]:
              Rank0..............2.248E+00
              Averg..............3.245E+00
              Total..............1.329E+04


----ASSEMBLING----============================================================
..........10..........20..........30..........40..........50done
Assembling time = 5 [s]



----SOLVING----===============================================================
EPS Object: 4096 MPI processes
  type: krylovschur
    Krylov-Schur: 50% of basis vectors kept after restart
  problem type: generalized symmetric eigenvalue problem
  extraction type: Rayleigh-Ritz
  selected portion of the spectrum: smallest real parts
  number of eigenvalues (nev): 100
  number of column vectors (ncv): 300
  maximum dimension of projected problem (mpd): 300
  maximum number of iterations: 1500
  tolerance: 0.0001
  convergence test: relative to the eigenvalue
  estimates of matrix norms (constant): norm(A)=1, norm(B)=1
IP Object: 4096 MPI processes
  type: bilinear
  orthogonalization method: classical Gram-Schmidt
  orthogonalization refinement: if needed (eta: 0.7071)
  Matrix Object:   4096 MPI processes
    type: mpiaij
    rows=1331000, cols=1331000
    total: nonzeros=435519512, allocated nonzeros=435519512
    total number of mallocs used during MatSetValues calls =0
      not using I-node (on process 0) routines
DS Object: 4096 MPI processes
  type: hep
  solving the problem with: Implicit QR method (_steqr)
ST Object: 4096 MPI processes
  type: shift
  shift: 0
  matrices A and B have same nonzero pattern
  KSP Object:  (st_)   4096 MPI processes
    type: cg
    maximum iterations=10000
    using preconditioner applied to right hand side for initial guess
    tolerances:  relative=1e-05, absolute=1e-50, divergence=10000
    left preconditioning
    using nonzero initial guess
    using PRECONDITIONED norm type for convergence test
  PC Object:  (st_)   4096 MPI processes
    type: asm
      Additive Schwarz: total subdomain blocks = 4096, amount of overlap = 1
      Additive Schwarz: restriction/interpolation type - RESTRICT
      Local solve is same for all blocks, in the following KSP and PC objects:
    KSP Object:    (st_sub_)     1 MPI processes
      type: preonly
      maximum iterations=10000, initial guess is zero
      tolerances:  relative=1e-05, absolute=1e-50, divergence=10000
      left preconditioning
      using DEFAULT norm type for convergence test
    PC Object:    (st_sub_)     1 MPI processes
      type: icc
        0 levels of fill
        tolerance for zero pivot 2.22045e-14
        using Manteuffel shift
        matrix ordering: natural
      linear system matrix = precond matrix:
      Matrix Object:       1 MPI processes
        type: seqaij
        rows=1344, cols=1344
        total: nonzeros=277904, allocated nonzeros=277904
        total number of mallocs used during MatSetValues calls =0
          not using I-node routines
    linear system matrix = precond matrix:
    Matrix Object:     4096 MPI processes
      type: mpiaij
      rows=1331000, cols=1331000
      total: nonzeros=435519512, allocated nonzeros=435519512
      total number of mallocs used during MatSetValues calls =0
        not using I-node (on process 0) routines


  1 EPS nconv=10 first unconverged value (error) -18.8063 (4.04118020e-03)
  2 EPS nconv=11 first unconverged value (error) -18.8128 (1.38076888e-04)
  3 EPS nconv=36 first unconverged value (error) -17.2008 (8.02182704e-04)
  4 EPS nconv=38 first unconverged value (error) -17.1998 (4.27159922e-03)
  5 EPS nconv=49 first unconverged value (error) -16.6931 (2.89098697e-04)
  6 EPS nconv=50 first unconverged value (error) -16.693 (4.11180062e-04)
  7 EPS nconv=86 first unconverged value (error) -15.2679 (4.23345957e-03)
  8 EPS nconv=104 first unconverged value (error) -14.7415 (1.33474498e-03)

--------------------------------------------------------------
    Number of iterations of the method.............8
    Number of linear iterations of the method......6062
    Solution method................................krylovschur
    Number of requested eigenvalues................100
    Stopping condition: eps_tol....................1.000000E-04
    Stopping condition: eps_max_it.................1500
--------------------------------------------------------------


             EIGENVALUES            ERROR
====================================================
    0    -2.0410992721E+01     1.1297961157E-07
    1    -1.9859267137E+01     9.2541819208E-08
    2    -1.9859260357E+01     1.0693201994E-07
    3    -1.9859253333E+01     1.0868793773E-07
    4    -1.9359735790E+01     1.1271525553E-07
    5    -1.9345370134E+01     1.0161682102E-07
    6    -1.9345359067E+01     1.0357802927E-07
    7    -1.9316657989E+01     1.2783846905E-07
    8    -1.9316654575E+01     1.1420222085E-07
    9    -1.9316638196E+01     1.1675056337E-07
   10    -1.8812840748E+01     1.0447207864E-07
   11    -1.8812835980E+01     1.3815580413E-07
   12    -1.8812830213E+01     1.1438413618E-07
   13    -1.8803474075E+01     9.0406137748E-08
   14    -1.8803466678E+01     1.1903296995E-07
   15    -1.8803462850E+01     1.1572983905E-07
   16    -1.8782687666E+01     1.1459495987E-07
   17    -1.8317419802E+01     1.1224151878E-07
   18    -1.8303067739E+01     1.0208808111E-07
   19    -1.8303060880E+01     1.0802367983E-07
   20    -1.8274709793E+01     1.0819281793E-07
   21    -1.8274702378E+01     1.0925238330E-07
   22    -1.8274690441E+01     1.2829199848E-07
   23    -1.7774506234E+01     1.1588065815E-07
   24    -1.7774504880E+01     1.1556311064E-07
   25    -1.7774495170E+01     1.0678710685E-07
   26    -1.7724645915E+01     2.3558976161E-07
   27    -1.7724639200E+01     9.2392071895E-07
   28    -1.7724635513E+01     1.2864410939E-06
   29    -1.7662324499E+01     1.3461109280E-07
   30    -1.7656627210E+01     1.3169703429E-07
   31    -1.7656617441E+01     1.1684011711E-07
   32    -1.7281596517E+01     1.1048573170E-07
   33    -1.7233109606E+01     3.5578585876E-07
   34    -1.7233099637E+01     5.0819011737E-07
   35    -1.7233092462E+01     3.4325461992E-07
   36    -1.7200814623E+01     1.1714082464E-07
   37    -1.7200812474E+01     1.8555360060E-07
   38    -1.7200809629E+01     4.8338059022E-07
   39    -1.7154961292E+01     1.3502882994E-07
   40    -1.7154954856E+01     1.3654537021E-07
   41    -1.7154946523E+01     1.1443913390E-07
   42    -1.7151211118E+01     1.4307837128E-07
   43    -1.7151205252E+01     1.4871294933E-07
   44    -1.7151199591E+01     1.6915648276E-07
   45    -1.6748590437E+01     1.1429572272E-07
   46    -1.6701297491E+01     3.2217328551E-07
   47    -1.6701289407E+01     1.1925945282E-07
   48    -1.6701209365E+01     1.2651750094E-06
   49    -1.6700706484E+01     5.0287195429E-07
   50    -1.6700630050E+01     4.6666580070E-07
   51    -1.6693015573E+01     1.5072180878E-07
   52    -1.6693006969E+01     3.3952445819E-07
   53    -1.6693002593E+01     1.6379006694E-07
   54    -1.6673171542E+01     1.2783842551E-07
   55    -1.6664636625E+01     2.5254937108E-07
   56    -1.6664633873E+01     1.3458584900E-07
   57    -1.6654814495E+01     1.1050585440E-07
   58    -1.6654811712E+01     1.1597497916E-07
   59    -1.6654808661E+01     1.1697114067E-07
   60    -1.6609496919E+01     1.2758164826E-07
   61    -1.6609493152E+01     1.1734679063E-07
   62    -1.6600566399E+01     1.3650911500E-07
   63    -1.6212261812E+01     2.0119868674E-07
   64    -1.6212256405E+01     6.2421189697E-07
   65    -1.6212251220E+01     6.1876643394E-07
   66    -1.6183020995E+01     2.2717571194E-07
   67    -1.6183014523E+01     1.2194929314E-07
   68    -1.6183011638E+01     2.4889291178E-07
   69    -1.6170089700E+01     2.6673634700E-07
   70    -1.6170083086E+01     1.2176861737E-07
   71    -1.6170081932E+01     1.9653012695E-07
   72    -1.6108304844E+01     3.4735109639E-07
   73    -1.6108300613E+01     1.5318262178E-07
   74    -1.6108295596E+01     3.1923561305E-07
   75    -1.5687513402E+01     1.1342478291E-07
   76    -1.5685588633E+01     1.3734046478E-07
   77    -1.5685588058E+01     2.0752428389E-07
   78    -1.5685585065E+01     2.1337793986E-07
   79    -1.5601379677E+01     1.3365932244E-07
   80    -1.5601374827E+01     1.6395985637E-07
   81    -1.5336341407E+01     1.3322465051E-07
   82    -1.5336339203E+01     1.4297297857E-07
   83    -1.5336331636E+01     1.4815538715E-07
   84    -1.5268929268E+01     1.5349955642E-07
   85    -1.5268927110E+01     1.2001324330E-07
   86    -1.5268922450E+01     3.6948320975E-07
   87    -1.5264814812E+01     2.5703543791E-07
   88    -1.5264811632E+01     1.3765619473E-07
   89    -1.5264808955E+01     4.3131723294E-07
   90    -1.5204061943E+01     1.2009923434E-07
   91    -1.5197882882E+01     1.1203691943E-07
   92    -1.5197879463E+01     1.5243461864E-07
   93    -1.4896504994E+01     1.2606169072E-07
   94    -1.4848546195E+01     6.9379494332E-07
   95    -1.4848536573E+01     1.5763427125E-07
   96    -1.4813262624E+01     5.8082863181E-07
   97    -1.4813260352E+01     7.4401569345E-07
   98    -1.4813257234E+01     1.4131071132E-06
   99    -1.4779999271E+01     6.4590871543E-07
  100    -1.4779994272E+01     1.2706403281E-06
  101    -1.4779988753E+01     3.7834467178E-07
  102    -1.4741571570E+01     8.9609277601E-07
  103    -1.4741556824E+01     7.0889616561E-07


 TOTAL TIME = 398 [s]
