===============================================================================
 RRRRR  SSSSS  H   H  RRRRR    Zbigniew ROMANOWSKI                             
 R   R  S      H   H  R   R                                                    
 RRRRR  SSSSS  HHHHH  RRRRR    version: 5.4                                    
 R  R       S  H   H  R  R                                                     
 R   R  SSSSS  H   H  R   R    compilation date: Dec  8 2012 (20:50:40)                       
===============================================================================

PEs = 64

----INITIALIZATION----========================================================
DOMAIN:
    BsplDeg = 3, CubatOrder = 5, CubatNodeNo = 125
    h = 4.000000E-01
    Nx = 113,    Ny = 113,   Nz = 113
    X0 = -2.000000E+01,    Xmax = 2.520000E+01
    Y0 = -2.000000E+01,    Ymax = 2.520000E+01
    Z0 = -2.000000E+01,    Zmax = 2.520000E+01

NUMBER OF 'ATOMS' = 125
    Soft-r^4(d,a)=(-2.00, 0.10) at (x,y,z) = ( 0.00, 0.00, 0.00)
    Soft-r^4(d,a)=(-2.00, 0.10) at (x,y,z) = ( 0.00, 0.00, 1.30)
    Soft-r^4(d,a)=(-2.00, 0.10) at (x,y,z) = ( 0.00, 0.00, 2.60)
    Soft-r^4(d,a)=(-2.00, 0.10) at (x,y,z) = ( 0.00, 0.00, 3.90)
    Soft-r^4(d,a)=(-2.00, 0.10) at (x,y,z) = ( 0.00, 0.00, 5.20)
    Soft-r^4(d,a)=(-2.00, 0.10) at (x,y,z) = ( 0.00, 1.30, 0.00)
    Soft-r^4(d,a)=(-2.00, 0.10) at (x,y,z) = ( 0.00, 1.30, 1.30)
    Soft-r^4(d,a)=(-2.00, 0.10) at (x,y,z) = ( 0.00, 1.30, 2.60)
    Soft-r^4(d,a)=(-2.00, 0.10) at (x,y,z) = ( 0.00, 1.30, 3.90)
    Soft-r^4(d,a)=(-2.00, 0.10) at (x,y,z) = ( 0.00, 1.30, 5.20)
    Soft-r^4(d,a)=(-2.00, 0.10) at (x,y,z) = ( 0.00, 2.60, 0.00)
    Soft-r^4(d,a)=(-2.00, 0.10) at (x,y,z) = ( 0.00, 2.60, 1.30)
    Soft-r^4(d,a)=(-2.00, 0.10) at (x,y,z) = ( 0.00, 2.60, 2.60)
    Soft-r^4(d,a)=(-2.00, 0.10) at (x,y,z) = ( 0.00, 2.60, 3.90)
    Soft-r^4(d,a)=(-2.00, 0.10) at (x,y,z) = ( 0.00, 2.60, 5.20)
    Soft-r^4(d,a)=(-2.00, 0.10) at (x,y,z) = ( 0.00, 3.90, 0.00)
    Soft-r^4(d,a)=(-2.00, 0.10) at (x,y,z) = ( 0.00, 3.90, 1.30)
    Soft-r^4(d,a)=(-2.00, 0.10) at (x,y,z) = ( 0.00, 3.90, 2.60)
    Soft-r^4(d,a)=(-2.00, 0.10) at (x,y,z) = ( 0.00, 3.90, 3.90)
    Soft-r^4(d,a)=(-2.00, 0.10) at (x,y,z) = ( 0.00, 3.90, 5.20)
    Soft-r^4(d,a)=(-2.00, 0.10) at (x,y,z) = ( 0.00, 5.20, 0.00)
    Soft-r^4(d,a)=(-2.00, 0.10) at (x,y,z) = ( 0.00, 5.20, 1.30)
    Soft-r^4(d,a)=(-2.00, 0.10) at (x,y,z) = ( 0.00, 5.20, 2.60)
    Soft-r^4(d,a)=(-2.00, 0.10) at (x,y,z) = ( 0.00, 5.20, 3.90)
    Soft-r^4(d,a)=(-2.00, 0.10) at (x,y,z) = ( 0.00, 5.20, 5.20)
    Soft-r^4(d,a)=(-2.00, 0.10) at (x,y,z) = ( 1.30, 0.00, 0.00)
    Soft-r^4(d,a)=(-2.00, 0.10) at (x,y,z) = ( 1.30, 0.00, 1.30)
    Soft-r^4(d,a)=(-2.00, 0.10) at (x,y,z) = ( 1.30, 0.00, 2.60)
    Soft-r^4(d,a)=(-2.00, 0.10) at (x,y,z) = ( 1.30, 0.00, 3.90)
    Soft-r^4(d,a)=(-2.00, 0.10) at (x,y,z) = ( 1.30, 0.00, 5.20)
    Soft-r^4(d,a)=(-2.00, 0.10) at (x,y,z) = ( 1.30, 1.30, 0.00)
    Soft-r^4(d,a)=(-2.00, 0.10) at (x,y,z) = ( 1.30, 1.30, 1.30)
    Soft-r^4(d,a)=(-2.00, 0.10) at (x,y,z) = ( 1.30, 1.30, 2.60)
    Soft-r^4(d,a)=(-2.00, 0.10) at (x,y,z) = ( 1.30, 1.30, 3.90)
    Soft-r^4(d,a)=(-2.00, 0.10) at (x,y,z) = ( 1.30, 1.30, 5.20)
    Soft-r^4(d,a)=(-2.00, 0.10) at (x,y,z) = ( 1.30, 2.60, 0.00)
    Soft-r^4(d,a)=(-2.00, 0.10) at (x,y,z) = ( 1.30, 2.60, 1.30)
    Soft-r^4(d,a)=(-2.00, 0.10) at (x,y,z) = ( 1.30, 2.60, 2.60)
    Soft-r^4(d,a)=(-2.00, 0.10) at (x,y,z) = ( 1.30, 2.60, 3.90)
    Soft-r^4(d,a)=(-2.00, 0.10) at (x,y,z) = ( 1.30, 2.60, 5.20)
    Soft-r^4(d,a)=(-2.00, 0.10) at (x,y,z) = ( 1.30, 3.90, 0.00)
    Soft-r^4(d,a)=(-2.00, 0.10) at (x,y,z) = ( 1.30, 3.90, 1.30)
    Soft-r^4(d,a)=(-2.00, 0.10) at (x,y,z) = ( 1.30, 3.90, 2.60)
    Soft-r^4(d,a)=(-2.00, 0.10) at (x,y,z) = ( 1.30, 3.90, 3.90)
    Soft-r^4(d,a)=(-2.00, 0.10) at (x,y,z) = ( 1.30, 3.90, 5.20)
    Soft-r^4(d,a)=(-2.00, 0.10) at (x,y,z) = ( 1.30, 5.20, 0.00)
    Soft-r^4(d,a)=(-2.00, 0.10) at (x,y,z) = ( 1.30, 5.20, 1.30)
    Soft-r^4(d,a)=(-2.00, 0.10) at (x,y,z) = ( 1.30, 5.20, 2.60)
    Soft-r^4(d,a)=(-2.00, 0.10) at (x,y,z) = ( 1.30, 5.20, 3.90)
    Soft-r^4(d,a)=(-2.00, 0.10) at (x,y,z) = ( 1.30, 5.20, 5.20)
    Soft-r^4(d,a)=(-2.00, 0.10) at (x,y,z) = ( 2.60, 0.00, 0.00)
    Soft-r^4(d,a)=(-2.00, 0.10) at (x,y,z) = ( 2.60, 0.00, 1.30)
    Soft-r^4(d,a)=(-2.00, 0.10) at (x,y,z) = ( 2.60, 0.00, 2.60)
    Soft-r^4(d,a)=(-2.00, 0.10) at (x,y,z) = ( 2.60, 0.00, 3.90)
    Soft-r^4(d,a)=(-2.00, 0.10) at (x,y,z) = ( 2.60, 0.00, 5.20)
    Soft-r^4(d,a)=(-2.00, 0.10) at (x,y,z) = ( 2.60, 1.30, 0.00)
    Soft-r^4(d,a)=(-2.00, 0.10) at (x,y,z) = ( 2.60, 1.30, 1.30)
    Soft-r^4(d,a)=(-2.00, 0.10) at (x,y,z) = ( 2.60, 1.30, 2.60)
    Soft-r^4(d,a)=(-2.00, 0.10) at (x,y,z) = ( 2.60, 1.30, 3.90)
    Soft-r^4(d,a)=(-2.00, 0.10) at (x,y,z) = ( 2.60, 1.30, 5.20)
    Soft-r^4(d,a)=(-2.00, 0.10) at (x,y,z) = ( 2.60, 2.60, 0.00)
    Soft-r^4(d,a)=(-2.00, 0.10) at (x,y,z) = ( 2.60, 2.60, 1.30)
    Soft-r^4(d,a)=(-2.00, 0.10) at (x,y,z) = ( 2.60, 2.60, 2.60)
    Soft-r^4(d,a)=(-2.00, 0.10) at (x,y,z) = ( 2.60, 2.60, 3.90)
    Soft-r^4(d,a)=(-2.00, 0.10) at (x,y,z) = ( 2.60, 2.60, 5.20)
    Soft-r^4(d,a)=(-2.00, 0.10) at (x,y,z) = ( 2.60, 3.90, 0.00)
    Soft-r^4(d,a)=(-2.00, 0.10) at (x,y,z) = ( 2.60, 3.90, 1.30)
    Soft-r^4(d,a)=(-2.00, 0.10) at (x,y,z) = ( 2.60, 3.90, 2.60)
    Soft-r^4(d,a)=(-2.00, 0.10) at (x,y,z) = ( 2.60, 3.90, 3.90)
    Soft-r^4(d,a)=(-2.00, 0.10) at (x,y,z) = ( 2.60, 3.90, 5.20)
    Soft-r^4(d,a)=(-2.00, 0.10) at (x,y,z) = ( 2.60, 5.20, 0.00)
    Soft-r^4(d,a)=(-2.00, 0.10) at (x,y,z) = ( 2.60, 5.20, 1.30)
    Soft-r^4(d,a)=(-2.00, 0.10) at (x,y,z) = ( 2.60, 5.20, 2.60)
    Soft-r^4(d,a)=(-2.00, 0.10) at (x,y,z) = ( 2.60, 5.20, 3.90)
    Soft-r^4(d,a)=(-2.00, 0.10) at (x,y,z) = ( 2.60, 5.20, 5.20)
    Soft-r^4(d,a)=(-2.00, 0.10) at (x,y,z) = ( 3.90, 0.00, 0.00)
    Soft-r^4(d,a)=(-2.00, 0.10) at (x,y,z) = ( 3.90, 0.00, 1.30)
    Soft-r^4(d,a)=(-2.00, 0.10) at (x,y,z) = ( 3.90, 0.00, 2.60)
    Soft-r^4(d,a)=(-2.00, 0.10) at (x,y,z) = ( 3.90, 0.00, 3.90)
    Soft-r^4(d,a)=(-2.00, 0.10) at (x,y,z) = ( 3.90, 0.00, 5.20)
    Soft-r^4(d,a)=(-2.00, 0.10) at (x,y,z) = ( 3.90, 1.30, 0.00)
    Soft-r^4(d,a)=(-2.00, 0.10) at (x,y,z) = ( 3.90, 1.30, 1.30)
    Soft-r^4(d,a)=(-2.00, 0.10) at (x,y,z) = ( 3.90, 1.30, 2.60)
    Soft-r^4(d,a)=(-2.00, 0.10) at (x,y,z) = ( 3.90, 1.30, 3.90)
    Soft-r^4(d,a)=(-2.00, 0.10) at (x,y,z) = ( 3.90, 1.30, 5.20)
    Soft-r^4(d,a)=(-2.00, 0.10) at (x,y,z) = ( 3.90, 2.60, 0.00)
    Soft-r^4(d,a)=(-2.00, 0.10) at (x,y,z) = ( 3.90, 2.60, 1.30)
    Soft-r^4(d,a)=(-2.00, 0.10) at (x,y,z) = ( 3.90, 2.60, 2.60)
    Soft-r^4(d,a)=(-2.00, 0.10) at (x,y,z) = ( 3.90, 2.60, 3.90)
    Soft-r^4(d,a)=(-2.00, 0.10) at (x,y,z) = ( 3.90, 2.60, 5.20)
    Soft-r^4(d,a)=(-2.00, 0.10) at (x,y,z) = ( 3.90, 3.90, 0.00)
    Soft-r^4(d,a)=(-2.00, 0.10) at (x,y,z) = ( 3.90, 3.90, 1.30)
    Soft-r^4(d,a)=(-2.00, 0.10) at (x,y,z) = ( 3.90, 3.90, 2.60)
    Soft-r^4(d,a)=(-2.00, 0.10) at (x,y,z) = ( 3.90, 3.90, 3.90)
    Soft-r^4(d,a)=(-2.00, 0.10) at (x,y,z) = ( 3.90, 3.90, 5.20)
    Soft-r^4(d,a)=(-2.00, 0.10) at (x,y,z) = ( 3.90, 5.20, 0.00)
    Soft-r^4(d,a)=(-2.00, 0.10) at (x,y,z) = ( 3.90, 5.20, 1.30)
    Soft-r^4(d,a)=(-2.00, 0.10) at (x,y,z) = ( 3.90, 5.20, 2.60)
    Soft-r^4(d,a)=(-2.00, 0.10) at (x,y,z) = ( 3.90, 5.20, 3.90)
    Soft-r^4(d,a)=(-2.00, 0.10) at (x,y,z) = ( 3.90, 5.20, 5.20)
    Soft-r^4(d,a)=(-2.00, 0.10) at (x,y,z) = ( 5.20, 0.00, 0.00)
    Soft-r^4(d,a)=(-2.00, 0.10) at (x,y,z) = ( 5.20, 0.00, 1.30)
    Soft-r^4(d,a)=(-2.00, 0.10) at (x,y,z) = ( 5.20, 0.00, 2.60)
    Soft-r^4(d,a)=(-2.00, 0.10) at (x,y,z) = ( 5.20, 0.00, 3.90)
    Soft-r^4(d,a)=(-2.00, 0.10) at (x,y,z) = ( 5.20, 0.00, 5.20)
    Soft-r^4(d,a)=(-2.00, 0.10) at (x,y,z) = ( 5.20, 1.30, 0.00)
    Soft-r^4(d,a)=(-2.00, 0.10) at (x,y,z) = ( 5.20, 1.30, 1.30)
    Soft-r^4(d,a)=(-2.00, 0.10) at (x,y,z) = ( 5.20, 1.30, 2.60)
    Soft-r^4(d,a)=(-2.00, 0.10) at (x,y,z) = ( 5.20, 1.30, 3.90)
    Soft-r^4(d,a)=(-2.00, 0.10) at (x,y,z) = ( 5.20, 1.30, 5.20)
    Soft-r^4(d,a)=(-2.00, 0.10) at (x,y,z) = ( 5.20, 2.60, 0.00)
    Soft-r^4(d,a)=(-2.00, 0.10) at (x,y,z) = ( 5.20, 2.60, 1.30)
    Soft-r^4(d,a)=(-2.00, 0.10) at (x,y,z) = ( 5.20, 2.60, 2.60)
    Soft-r^4(d,a)=(-2.00, 0.10) at (x,y,z) = ( 5.20, 2.60, 3.90)
    Soft-r^4(d,a)=(-2.00, 0.10) at (x,y,z) = ( 5.20, 2.60, 5.20)
    Soft-r^4(d,a)=(-2.00, 0.10) at (x,y,z) = ( 5.20, 3.90, 0.00)
    Soft-r^4(d,a)=(-2.00, 0.10) at (x,y,z) = ( 5.20, 3.90, 1.30)
    Soft-r^4(d,a)=(-2.00, 0.10) at (x,y,z) = ( 5.20, 3.90, 2.60)
    Soft-r^4(d,a)=(-2.00, 0.10) at (x,y,z) = ( 5.20, 3.90, 3.90)
    Soft-r^4(d,a)=(-2.00, 0.10) at (x,y,z) = ( 5.20, 3.90, 5.20)
    Soft-r^4(d,a)=(-2.00, 0.10) at (x,y,z) = ( 5.20, 5.20, 0.00)
    Soft-r^4(d,a)=(-2.00, 0.10) at (x,y,z) = ( 5.20, 5.20, 1.30)
    Soft-r^4(d,a)=(-2.00, 0.10) at (x,y,z) = ( 5.20, 5.20, 2.60)
    Soft-r^4(d,a)=(-2.00, 0.10) at (x,y,z) = ( 5.20, 5.20, 3.90)
    Soft-r^4(d,a)=(-2.00, 0.10) at (x,y,z) = ( 5.20, 5.20, 5.20)


----GRAPH-CREATION-and-PARTITIONING----=======================================
      Setup: Max:   4.944, Sum: 316.440, Balance:   1.000
   Matching: Max:   3.596, Sum: 230.149, Balance:   1.000
Contraction: Max:   1.537, Sum:  98.383, Balance:   1.000
   InitPart: Max:   0.089, Sum:   5.700, Balance:   1.000
    Project: Max:   0.002, Sum:   0.153, Balance:   1.033
 Initialize: Max:   1.061, Sum:  67.885, Balance:   1.000
      K-way: Max:   3.266, Sum: 209.054, Balance:   1.000
      Remap: Max:   0.001, Sum:   0.039, Balance:   1.000
      Total: Max:  14.497, Sum: 927.827, Balance:   1.000
Final  64-way Cut: 28452614 	Balance: 1.050 

    Number of nodes:
         Rank0.........1.444E+04
         Averg.........2.080E+04
         Total.........1.331E+06
    Number of edges:
         Rank0.........4.649E+06
         Averg.........6.784E+06
         Total.........4.342E+08
    Memory usage.[MB]:
         Rank0.........7.117E+01
         Averg.........1.038E+02
         Total.........6.646E+03


----MATRIX-ALLOCATION----=====================================================
    Dimension of matrix H or S:
              Rank0..............1.444E+04 (14443)
              Averg..............2.080E+04       
              Total..............1.331E+06 (1331000)
    Nonzero entries in H or S:
              Rank0..............4.664E+06 (4663918)
              Averg..............6.805E+06       
              Total..............4.355E+08 (435519512)
    Sparseness of H or S (fraction):
              Rank0..............2.426E-04
              Averg..............2.458E-04
    Sparseness of H or S (non-zero elemnts in a row):
              Rank0..............322.9
              Averg..............327.2
    Memory usage for H and S [MiB]:
              Rank0..............1.423E+02
              Averg..............2.077E+02
              Total..............1.329E+04


----ASSEMBLING----============================================================
..........10..........20..........30..........40..........50done
Assembling time = 212 [s]



----SOLVING----===============================================================
EPS Object: 64 MPI processes
  type: krylovschur
    Krylov-Schur: 50% of basis vectors kept after restart
  problem type: generalized symmetric eigenvalue problem
  extraction type: Rayleigh-Ritz
  selected portion of the spectrum: smallest real parts
  number of eigenvalues (nev): 1000
  number of column vectors (ncv): 2000
  maximum dimension of projected problem (mpd): 2000
  maximum number of iterations: 1500
  tolerance: 0.0001
  convergence test: relative to the eigenvalue
  estimates of matrix norms (constant): norm(A)=1, norm(B)=1
IP Object: 64 MPI processes
  type: bilinear
  orthogonalization method: classical Gram-Schmidt
  orthogonalization refinement: if needed (eta: 0.7071)
  Matrix Object:   64 MPI processes
    type: mpiaij
    rows=1331000, cols=1331000
    total: nonzeros=435519512, allocated nonzeros=435519512
    total number of mallocs used during MatSetValues calls =0
      not using I-node (on process 0) routines
DS Object: 64 MPI processes
  type: hep
  solving the problem with: Implicit QR method (_steqr)
ST Object: 64 MPI processes
  type: shift
  shift: 0
  matrices A and B have same nonzero pattern
  KSP Object:  (st_)   64 MPI processes
    type: cg
    maximum iterations=10000
    using preconditioner applied to right hand side for initial guess
    tolerances:  relative=1e-05, absolute=1e-50, divergence=10000
    left preconditioning
    using nonzero initial guess
    using PRECONDITIONED norm type for convergence test
  PC Object:  (st_)   64 MPI processes
    type: asm
      Additive Schwarz: total subdomain blocks = 64, amount of overlap = 1
      Additive Schwarz: restriction/interpolation type - RESTRICT
      Local solve is same for all blocks, in the following KSP and PC objects:
    KSP Object:    (st_sub_)     1 MPI processes
      type: preonly
      maximum iterations=10000, initial guess is zero
      tolerances:  relative=1e-05, absolute=1e-50, divergence=10000
      left preconditioning
      using DEFAULT norm type for convergence test
    PC Object:    (st_sub_)     1 MPI processes
      type: icc
        0 levels of fill
        tolerance for zero pivot 2.22045e-14
        using Manteuffel shift
        matrix ordering: natural
      linear system matrix = precond matrix:
      Matrix Object:       1 MPI processes
        type: seqaij
        rows=27346, cols=27346
        total: nonzeros=7904960, allocated nonzeros=7904960
        total number of mallocs used during MatSetValues calls =0
          not using I-node routines
    linear system matrix = precond matrix:
    Matrix Object:     64 MPI processes
      type: mpiaij
      rows=1331000, cols=1331000
      total: nonzeros=435519512, allocated nonzeros=435519512
      total number of mallocs used during MatSetValues calls =0
        not using I-node (on process 0) routines


  1 EPS nconv=226 first unconverged value (error) -10.6285 (1.03879213e-03)
  2 EPS nconv=373 first unconverged value (error) -7.81078 (6.19139913e-03)
  3 EPS nconv=526 first unconverged value (error) -5.15055 (2.56384424e-04)
  4 EPS nconv=689 first unconverged value (error) -2.80849 (4.39954319e-03)
  5 EPS nconv=831 first unconverged value (error) -1.13834 (3.42384191e-02)
  6 EPS nconv=873 first unconverged value (error) -0.741317 (1.10066616e-01)
  7 EPS nconv=918 first unconverged value (error) -0.36961 (1.19162266e-04)
  8 EPS nconv=970 first unconverged value (error) -0.00894194 (1.05579645e-03)
  9 EPS nconv=971 first unconverged value (error) -0.00894195 (1.33590369e-04)
 10 EPS nconv=985 first unconverged value (error) 0.0323802 (3.45301767e-01)
 11 EPS nconv=985 first unconverged value (error) 0.0157507 (2.42109146e-04)
 12 EPS nconv=995 first unconverged value (error) 0.0404984 (1.22197154e-02)
 13 EPS nconv=995 first unconverged value (error) 0.0298511 (2.41197431e-02)
 14 EPS nconv=999 first unconverged value (error) 0.0405146 (3.49877518e-02)
 15 EPS nconv=1001 first unconverged value (error) 0.041426 (2.15066413e-04)

--------------------------------------------------------------
    Number of iterations of the method.............15
    Number of linear iterations of the method......41352
    Solution method................................krylovschur
    Number of requested eigenvalues................1000
    Stopping condition: eps_tol....................1.000000E-04
    Stopping condition: eps_max_it.................1500
--------------------------------------------------------------


             EIGENVALUES            ERROR
====================================================
    0    -2.0410999910E+01     1.7541480035E-08
    1    -1.9859270083E+01     1.9220090001E-08
    2    -1.9859267792E+01     1.6441760989E-08
    3    -1.9859266757E+01     2.3921526725E-08
    4    -1.9359745220E+01     1.8016322465E-08
    5    -1.9345372577E+01     2.6686312211E-08
    6    -1.9345371080E+01     2.0746334778E-08
    7    -1.9316663284E+01     2.1031429365E-08
    8    -1.9316661405E+01     2.8283730160E-08
    9    -1.9316659050E+01     2.8023753889E-08
   10    -1.8812848895E+01     1.8238462361E-08
   11    -1.8812848230E+01     2.3361056851E-08
   12    -1.8812846653E+01     2.6490528990E-08
   13    -1.8803479876E+01     2.5762207505E-08
   14    -1.8803478281E+01     2.4195355193E-08
   15    -1.8803477301E+01     2.8970495245E-08
   16    -1.8782697639E+01     2.6814103207E-08
   17    -1.8317428487E+01     2.2227339250E-08
   18    -1.8303074524E+01     3.1048254812E-08
   19    -1.8303073160E+01     3.0190036607E-08
   20    -1.8274707886E+01     2.7045623002E-08
   21    -1.8274707414E+01     2.1839428122E-08
   22    -1.8274704130E+01     3.5655242084E-08
   23    -1.7774509965E+01     2.4059877675E-08
   24    -1.7774509643E+01     2.0421287033E-08
   25    -1.7774507089E+01     3.2741238523E-08
   26    -1.7724653647E+01     4.0817272251E-08
   27    -1.7724650237E+01     2.8364699384E-08
   28    -1.7724648941E+01     3.0407575356E-08
   29    -1.7662339246E+01     3.2926674953E-08
   30    -1.7656634617E+01     3.7392214224E-08
   31    -1.7656632651E+01     3.0554301961E-08
   32    -1.7281611751E+01     2.9670772997E-08
   33    -1.7233106489E+01     4.2512869243E-08
   34    -1.7233104667E+01     3.5423700252E-08
   35    -1.7233102678E+01     3.1421881817E-08
   36    -1.7200821895E+01     4.1227456610E-08
   37    -1.7200819134E+01     3.5977076621E-08
   38    -1.7200816589E+01     3.1675188881E-08
   39    -1.7154961088E+01     3.3796633253E-08
   40    -1.7154959943E+01     3.6784598193E-08
   41    -1.7154957464E+01     3.8077813332E-08
   42    -1.7151211426E+01     3.3712255206E-08
   43    -1.7151208416E+01     3.5217855267E-08
   44    -1.7151206258E+01     3.7644567937E-08
   45    -1.6748596593E+01     3.9995046028E-08
   46    -1.6701303917E+01     3.4029609596E-08
   47    -1.6701298909E+01     2.3304941766E-08
   48    -1.6701295056E+01     5.2359073252E-08
   49    -1.6700633065E+01     3.6742357848E-08
   50    -1.6700630343E+01     4.4160053110E-08
   51    -1.6693014571E+01     2.7766849869E-08
   52    -1.6693012920E+01     3.7797629736E-08
   53    -1.6693009892E+01     5.0915050884E-08
   54    -1.6673182942E+01     4.0097183838E-08
   55    -1.6664640460E+01     3.7871273751E-08
   56    -1.6664637146E+01     3.7715992161E-08
   57    -1.6654820488E+01     3.2510147567E-08
   58    -1.6654818267E+01     4.0586218173E-08
   59    -1.6654816159E+01     4.8689885772E-08
   60    -1.6609502944E+01     3.4194873653E-08
   61    -1.6609498265E+01     4.4660821712E-08
   62    -1.6600567606E+01     4.0363796321E-08
   63    -1.6212264597E+01     3.0848699277E-08
   64    -1.6212259116E+01     4.2784806924E-08
   65    -1.6212257621E+01     5.1404800559E-08
   66    -1.6183021472E+01     3.0212910352E-08
   67    -1.6183017362E+01     4.4392169027E-08
   68    -1.6183015211E+01     5.2903165762E-08
   69    -1.6170091855E+01     4.2813320795E-08
   70    -1.6170091110E+01     3.7995786705E-08
   71    -1.6170090058E+01     4.4868527217E-08
   72    -1.6108304496E+01     3.6472451633E-08
   73    -1.6108301780E+01     4.8111311094E-08
   74    -1.6108300082E+01     4.6946010921E-08
   75    -1.5687511803E+01     5.0859286921E-08
   76    -1.5685592914E+01     3.7433676093E-08
   77    -1.5685591143E+01     4.3696896275E-08
   78    -1.5685582537E+01     6.4811284444E-08
   79    -1.5601385311E+01     3.9437322640E-08
   80    -1.5601379901E+01     5.7087610092E-08
   81    -1.5336348209E+01     5.8507424925E-08
   82    -1.5336343787E+01     3.5030715001E-08
   83    -1.5336341811E+01     3.2662517374E-08
   84    -1.5268934073E+01     4.6271878678E-08
   85    -1.5268930783E+01     4.9759407020E-08
   86    -1.5268929876E+01     3.0567384229E-08
   87    -1.5264822620E+01     4.7816268452E-08
   88    -1.5264818605E+01     3.7694175978E-08
   89    -1.5264818114E+01     4.2433952596E-08
   90    -1.5204067451E+01     4.2321489287E-08
   91    -1.5197893343E+01     4.6101866126E-08
   92    -1.5197889717E+01     4.2879059739E-08
   93    -1.4896511325E+01     4.9045218348E-08
   94    -1.4848546085E+01     3.9435978748E-08
   95    -1.4848541378E+01     6.5304453338E-08
   96    -1.4813264023E+01     4.3017075781E-08
   97    -1.4813261869E+01     4.7709111722E-08
   98    -1.4813260702E+01     4.6989692796E-08
   99    -1.4779999007E+01     3.7126676830E-08
  100    -1.4779995807E+01     5.5260727057E-08
  101    -1.4779995227E+01     5.5533486393E-08
  102    -1.4741573504E+01     2.6020873124E-08
  103    -1.4741572702E+01     2.4848557592E-08
  104    -1.4741571773E+01     2.5751735369E-08
  105    -1.4731243294E+01     3.7332222253E-08
  106    -1.4731240982E+01     4.2904009136E-08
  107    -1.4731238299E+01     6.3729845171E-08
  108    -1.4339886352E+01     4.0130434707E-08
  109    -1.4339884785E+01     4.0910920133E-08
  110    -1.4339877665E+01     7.0708149613E-08
  111    -1.4304570409E+01     4.7878024355E-08
  112    -1.4304568385E+01     4.7870890814E-08
  113    -1.4304567179E+01     5.3632181648E-08
  114    -1.4271392005E+01     4.9792561979E-08
  115    -1.4245812732E+01     3.3992139819E-08
  116    -1.4245809997E+01     4.7961195365E-08
  117    -1.4245803721E+01     6.7739609433E-08
  118    -1.4201416763E+01     3.2799935042E-08
  119    -1.4201415810E+01     2.8754650738E-08
  120    -1.4201414069E+01     3.2498983577E-08
  121    -1.4183347139E+01     3.5042693892E-08
  122    -1.4183339109E+01     6.2412256621E-08
  123    -1.4159431328E+01     2.5124605032E-08
  124    -1.4159431032E+01     2.3031616151E-08
  125    -1.4159429769E+01     2.8897566896E-08
  126    -1.3667288995E+01     3.1453845489E-08
  127    -1.3630448349E+01     2.7997432560E-08
  128    -1.3630446792E+01     2.8606386458E-08
  129    -1.3630445705E+01     3.3214004936E-08
  130    -1.3620402844E+01     3.2325104946E-08
  131    -1.3620402552E+01     3.5605054707E-08
  132    -1.3620401437E+01     2.9896417376E-08
  133    -1.3609446227E+01     2.8014345616E-08
  134    -1.3609445032E+01     3.1349704466E-08
  135    -1.3223258618E+01     3.0572326645E-08
  136    -1.3185868034E+01     6.7104620006E-08
  137    -1.3167673066E+01     2.5907259176E-08
  138    -1.3167672505E+01     2.6942467508E-08
  139    -1.3110513898E+01     2.5811379141E-08
  140    -1.3110512162E+01     4.7175844906E-08
  141    -1.3110497716E+01     9.7199133442E-08
  142    -1.3093834192E+01     3.6908727820E-08
  143    -1.3093832715E+01     3.4075088500E-08
  144    -1.3093831671E+01     3.5572456688E-08
  145    -1.3057947430E+01     2.5842243510E-08
  146    -1.3057946580E+01     3.2381561602E-08
  147    -1.3057946481E+01     3.0840554154E-08
  148    -1.3037748452E+01     3.2397410809E-08
  149    -1.3037746602E+01     4.9148934564E-08
  150    -1.3037733020E+01     9.5037274935E-08
  151    -1.2967399564E+01     6.2574852341E-08
  152    -1.2654215067E+01     3.6036469442E-08
  153    -1.2654214100E+01     3.2993897714E-08
  154    -1.2654213512E+01     3.0943389994E-08
  155    -1.2619154855E+01     3.8168091612E-08
  156    -1.2619153706E+01     2.8320492366E-08
  157    -1.2619153318E+01     3.2189074604E-08
  158    -1.2533827211E+01     4.0338631394E-08
  159    -1.2533826731E+01     3.1143772154E-08
  160    -1.2533825979E+01     3.9328698347E-08
  161    -1.2176700665E+01     5.2821527505E-08
  162    -1.2176698732E+01     4.7987310542E-08
  163    -1.2176696370E+01     5.4062370336E-08
  164    -1.2148978166E+01     3.3652279826E-08
  165    -1.2122299356E+01     3.6770220612E-08
  166    -1.2122298059E+01     4.4852468419E-08
  167    -1.2096263775E+01     3.5471184397E-08
  168    -1.2096263047E+01     3.3778223102E-08
  169    -1.2096262147E+01     4.5293044264E-08
  170    -1.2031673205E+01     3.3586997775E-08
  171    -1.2031671954E+01     3.5860025491E-08
  172    -1.2025844559E+01     4.8941469975E-08
  173    -1.2025844011E+01     5.1004940607E-08
  174    -1.2025842185E+01     6.0797329014E-08
  175    -1.2008544105E+01     4.4236076845E-08
  176    -1.2008543257E+01     4.7361846164E-08
  177    -1.2008540909E+01     6.1805578654E-08
  178    -1.2004533376E+01     4.5136353065E-08
  179    -1.2004530774E+01     4.3905536523E-08
  180    -1.2004528712E+01     6.0743201497E-08
  181    -1.2001933051E+01     3.6500036263E-08
  182    -1.1682932223E+01     5.7742169860E-08
  183    -1.1640506886E+01     5.1856809021E-08
  184    -1.1640504988E+01     6.2956016222E-08
  185    -1.1590727319E+01     3.8404912383E-08
  186    -1.1590726171E+01     3.4921748386E-08
  187    -1.1590724091E+01     5.2624571648E-08
  188    -1.1532014729E+01     5.5119035209E-08
  189    -1.1532013612E+01     6.3512816148E-08
  190    -1.1526711077E+01     3.5710446819E-08
  191    -1.1526710132E+01     3.2004562669E-08
  192    -1.1526709594E+01     4.1700051193E-08
  193    -1.1505115971E+01     4.4325547280E-08
  194    -1.1505111875E+01     7.0013620639E-08
  195    -1.1505111379E+01     6.0213686538E-08
  196    -1.1485857368E+01     4.2741330831E-08
  197    -1.1485856722E+01     4.8022928995E-08
  198    -1.1485856319E+01     4.7846969951E-08
  199    -1.1480429221E+01     3.5072000575E-08
  200    -1.1480428024E+01     5.7423874927E-08
  201    -1.1480425128E+01     7.3193476635E-08
  202    -1.1473177931E+01     6.1631328811E-08
  203    -1.1088073051E+01     5.2731880057E-08
  204    -1.1088070192E+01     6.4235290469E-08
  205    -1.1088069132E+01     6.4850027884E-08
  206    -1.1083958957E+01     4.8013519601E-08
  207    -1.1073372558E+01     5.3322744022E-08
  208    -1.1073372075E+01     3.8175988413E-08
  209    -1.1073370966E+01     3.8030656104E-08
  210    -1.0982293209E+01     5.8006371386E-08
  211    -1.0982291000E+01     5.0707875312E-08
  212    -1.0982288914E+01     7.6443286128E-08
  213    -1.0959590056E+01     5.8283413839E-08
  214    -1.0959587329E+01     6.5298411343E-08
  215    -1.0959585933E+01     6.4128631491E-08
  216    -1.0945931948E+01     4.3763835984E-08
  217    -1.0945931291E+01     5.0551410817E-08
  218    -1.0896994792E+01     5.9734912583E-08
  219    -1.0896993076E+01     5.7655574042E-08
  220    -1.0896991414E+01     6.5331788424E-08
  221    -1.0882888059E+01     7.4117974334E-08
  222    -1.0882887735E+01     2.4536602973E-07
  223    -1.0882887208E+01     3.6310667668E-08
  224    -1.0628539201E+01     7.9790491908E-08
  225    -1.0628537350E+01     4.4564999411E-08
  226    -1.0628536942E+01     8.3236770099E-08
  227    -1.0616464634E+01     5.2146566485E-08
  228    -1.0604202205E+01     7.0972179588E-08
  229    -1.0604200002E+01     3.8258689887E-08
  230    -1.0604198566E+01     6.1746147241E-08
  231    -1.0591898688E+01     5.4369369335E-08
  232    -1.0573753406E+01     5.9164958119E-08
  233    -1.0573753068E+01     5.5139147056E-08
  234    -1.0464721456E+01     5.1672159541E-08
  235    -1.0464720054E+01     5.9431541405E-08
  236    -1.0442998349E+01     5.8760357226E-08
  237    -1.0420232806E+01     4.9767680691E-08
  238    -1.0420232161E+01     4.9383227936E-08
  239    -1.0420231705E+01     2.8558672423E-08
  240    -1.0409586512E+01     4.0968480080E-08
  241    -1.0409585568E+01     5.7173947585E-08
  242    -1.0409585119E+01     5.2308976430E-08
  243    -1.0351484437E+01     4.2622374745E-08
  244    -1.0351482534E+01     5.3600990076E-08
  245    -1.0131063297E+01     7.4355680476E-08
  246    -1.0131062935E+01     5.8604074887E-08
  247    -1.0131060338E+01     5.5578746548E-08
  248    -1.0086665080E+01     8.3839840505E-08
  249    -1.0086664159E+01     6.8967309669E-08
  250    -1.0086662214E+01     6.3043072254E-08
  251    -1.0073028408E+01     6.2753403911E-08
  252    -1.0073027548E+01     5.9355927943E-08
  253    -1.0073024553E+01     7.2642840359E-08
  254    -9.9570421776E+00     6.2054085172E-08
  255    -9.9570409025E+00     6.7891834865E-08
  256    -9.9570403762E+00     7.0767348950E-08
  257    -9.9561255790E+00     5.1643598023E-08
  258    -9.9561241430E+00     4.9368095223E-08
  259    -9.9561209478E+00     7.2758593601E-08
  260    -9.9194725525E+00     4.2657457116E-08
  261    -9.8594938542E+00     7.8144503635E-08
  262    -9.8024901682E+00     4.7200471087E-08
  263    -9.8024886763E+00     6.7421114880E-08
  264    -9.8024875639E+00     6.0998963434E-08
  265    -9.6961976125E+00     8.4210540320E-08
  266    -9.6961953806E+00     6.6429855048E-08
  267    -9.6961943111E+00     9.1111700427E-08
  268    -9.6773833984E+00     6.0937646284E-08
  269    -9.6773805106E+00     9.6931525788E-08
  270    -9.6162874179E+00     6.6355980609E-08
  271    -9.5999999693E+00     5.7501494482E-08
  272    -9.5999986997E+00     9.1712020891E-08
  273    -9.5999964158E+00     8.4749666653E-08
  274    -9.5843437852E+00     6.4176855487E-08
  275    -9.5843410260E+00     8.9594729463E-08
  276    -9.5843397037E+00     9.3757467203E-08
  277    -9.5792114217E+00     4.6821132865E-08
  278    -9.5792102251E+00     5.7404100361E-08
  279    -9.5477108656E+00     6.7225034496E-08
  280    -9.5477102902E+00     6.3154373279E-08
  281    -9.5477082344E+00     1.0853508517E-07
  282    -9.4907552545E+00     6.8634866673E-08
  283    -9.4907548674E+00     8.5809253637E-08
  284    -9.4907538318E+00     8.9449078594E-08
  285    -9.4626596408E+00     7.2346471434E-08
  286    -9.4626570906E+00     8.6808706569E-08
  287    -9.4425098108E+00     6.7186093217E-08
  288    -9.4425059621E+00     7.4612628555E-08
  289    -9.3322161063E+00     4.5641152031E-08
  290    -9.3322145152E+00     5.7781663934E-08
  291    -9.3322131523E+00     7.7002744989E-08
  292    -9.3293362571E+00     4.8215760105E-08
  293    -9.3293361270E+00     4.1191312397E-08
  294    -9.3293353071E+00     5.0747005319E-08
  295    -9.3266130486E+00     7.4321291572E-08
  296    -9.2493912822E+00     4.8087026963E-08
  297    -9.2493907505E+00     5.3770859414E-08
  298    -9.2493900605E+00     5.3336071614E-08
  299    -9.0469009066E+00     5.0988978656E-08
  300    -9.0468999494E+00     6.3634389063E-08
  301    -9.0468985143E+00     5.7838738286E-08
  302    -9.0441468866E+00     6.4333072179E-08
  303    -9.0441458884E+00     7.7922935577E-08
  304    -9.0441445802E+00     5.6932688406E-08
  305    -8.9790631014E+00     6.8067934121E-08
  306    -8.9790611538E+00     6.4043857504E-08
  307    -8.9790608436E+00     7.8710404813E-08
  308    -8.9147927927E+00     6.8473808243E-08
  309    -8.9147921879E+00     7.1665701327E-08
  310    -8.9147907459E+00     7.1516832417E-08
  311    -8.9079480689E+00     6.2739248501E-08
  312    -8.9079466253E+00     6.9084761360E-08
  313    -8.9079462900E+00     7.1829399563E-08
  314    -8.8221411778E+00     5.7220260040E-08
  315    -8.7293394231E+00     5.1532507835E-08
  316    -8.7293387464E+00     5.8637109492E-08
  317    -8.6864958620E+00     5.4109823496E-08
  318    -8.6686675817E+00     7.2238649277E-08
  319    -8.6686658487E+00     6.9762908413E-08
  320    -8.6395508963E+00     7.3418183031E-08
  321    -8.6153263717E+00     6.8130551660E-08
  322    -8.6153259744E+00     5.7508288978E-08
  323    -8.6153251413E+00     7.2522946531E-08
  324    -8.5650493787E+00     9.2795388260E-08
  325    -8.5650471607E+00     6.9411438377E-08
  326    -8.4897350481E+00     5.8307842367E-08
  327    -8.4897331741E+00     5.9660162649E-08
  328    -8.4852424976E+00     9.0362919169E-08
  329    -8.4852411492E+00     6.0163974730E-08
  330    -8.4852401021E+00     7.9883766733E-08
  331    -8.4692537919E+00     6.8679870255E-08
  332    -8.4446287147E+00     7.9944618952E-08
  333    -8.4446280701E+00     7.0738455880E-08
  334    -8.3675958290E+00     8.3895529873E-08
  335    -8.3316083237E+00     9.8527368604E-08
  336    -8.3316074130E+00     5.6616243437E-08
  337    -8.3316067486E+00     7.6149006607E-08
  338    -8.3139523831E+00     1.1041634667E-07
  339    -8.3139486321E+00     8.6390655304E-08
  340    -8.3139466047E+00     8.2857779084E-08
  341    -8.2544574275E+00     9.2767619007E-08
  342    -8.2544551513E+00     8.0307690193E-08
  343    -8.2544536688E+00     9.7341832707E-08
  344    -8.1996493818E+00     8.0004270923E-08
  345    -8.1732843150E+00     4.0858352411E-07
  346    -8.1732834303E+00     1.9906951103E-07
  347    -8.1732825067E+00     9.3950966804E-08
  348    -8.1717724747E+00     4.7305367349E-07
  349    -8.1717716350E+00     1.0340637058E-07
  350    -8.1717683063E+00     9.3081078983E-08
  351    -8.1507537394E+00     6.1516066411E-08
  352    -8.1507530750E+00     5.9758898067E-08
  353    -8.1507520926E+00     7.0334191090E-08
  354    -8.0800518464E+00     9.0093986679E-08
  355    -8.0800485077E+00     8.1098135200E-08
  356    -8.0541125026E+00     9.2764390884E-08
  357    -8.0541116444E+00     7.3304035811E-08
  358    -8.0541107223E+00     7.4357053175E-08
  359    -8.0411799356E+00     7.2146446925E-08
  360    -8.0411796371E+00     3.6146315450E-07
  361    -8.0411789030E+00     6.8354331880E-08
  362    -7.9699100057E+00     7.4373551219E-08
  363    -7.9699091659E+00     6.6686315975E-08
  364    -7.9699056416E+00     9.7386267034E-08
  365    -7.9116370538E+00     8.1279159656E-08
  366    -7.9116361495E+00     6.9503901619E-08
  367    -7.9116320427E+00     9.4410412444E-08
  368    -7.8952845526E+00     8.4758922485E-08
  369    -7.8952823940E+00     8.1293226196E-08
  370    -7.8952811466E+00     7.4074308675E-08
  371    -7.8110750427E+00     8.4667704721E-08
  372    -7.8110744632E+00     5.3775424351E-08
  373    -7.8110740393E+00     6.2602594141E-08
  374    -7.8076272387E+00     8.1494970048E-08
  375    -7.8076241171E+00     8.1979808464E-08
  376    -7.8076225426E+00     8.7219736299E-08
  377    -7.7625689776E+00     6.6408429196E-08
  378    -7.7625686227E+00     8.2804293095E-08
  379    -7.7625680990E+00     7.8562511288E-08
  380    -7.6423711082E+00     7.0393233785E-08
  381    -7.6423699768E+00     7.1981758622E-08
  382    -7.6423693113E+00     5.4765480260E-08
  383    -7.6333344632E+00     7.8002150701E-08
  384    -7.6333337608E+00     5.9139337657E-08
  385    -7.6333327406E+00     5.4641099827E-08
  386    -7.5016755396E+00     7.2043535090E-08
  387    -7.4833268723E+00     6.4307090762E-08
  388    -7.4833240038E+00     9.2024406427E-08
  389    -7.3441896668E+00     9.5534413065E-08
  390    -7.3441882385E+00     7.6071771926E-08
  391    -7.3441877542E+00     8.9510858238E-08
  392    -7.2656747267E+00     7.5803587394E-08
  393    -7.2526175442E+00     5.6072751033E-08
  394    -7.2526171357E+00     8.2278504136E-08
  395    -7.2526167094E+00     8.8728547209E-08
  396    -7.2230903709E+00     9.6065539450E-08
  397    -7.2230894897E+00     8.8513723822E-08
  398    -7.2039641388E+00     6.9340122753E-08
  399    -7.2039635079E+00     1.4307602323E-07
  400    -7.2039625852E+00     9.5832104759E-08
  401    -7.1557066576E+00     1.4942102353E-07
  402    -7.1557052159E+00     8.2182615218E-08
  403    -7.1557043818E+00     1.2061557378E-07
  404    -7.1202795891E+00     7.4655505992E-08
  405    -7.1078363640E+00     8.5755427966E-08
  406    -7.1078356232E+00     6.8137663036E-08
  407    -7.0884129435E+00     5.7665451997E-08
  408    -7.0884125384E+00     7.4333371511E-08
  409    -7.0884113930E+00     6.9339726632E-08
  410    -7.0786738096E+00     5.4184570386E-08
  411    -7.0786724342E+00     7.9204767241E-08
  412    -7.0786720985E+00     9.8550047772E-08
  413    -7.0683016513E+00     1.2504796628E-07
  414    -7.0683008978E+00     9.5879777948E-08
  415    -7.0138923174E+00     8.6884659714E-08
  416    -6.9717021555E+00     9.7621428010E-08
  417    -6.8056443592E+00     1.0634252868E-07
  418    -6.7733763880E+00     1.3111048992E-07
  419    -6.7733740842E+00     1.8682988793E-07
  420    -6.7733732061E+00     1.2746351345E-07
  421    -6.7366338447E+00     1.2483210121E-07
  422    -6.7366319790E+00     1.0931713756E-07
  423    -6.7338761533E+00     1.1462446193E-07
  424    -6.7338744842E+00     1.5349155257E-07
  425    -6.7338730749E+00     1.4197937033E-07
  426    -6.7070811339E+00     9.5733787492E-08
  427    -6.7070800260E+00     8.3771870927E-08
  428    -6.7070794766E+00     1.1968345988E-07
  429    -6.6857182744E+00     1.1947855886E-07
  430    -6.6857180779E+00     1.0747707207E-07
  431    -6.6857165612E+00     2.0573466984E-07
  432    -6.6700930178E+00     1.2679448113E-07
  433    -6.6700915943E+00     1.1102481234E-07
  434    -6.6700906957E+00     1.2352638244E-07
  435    -6.6238305414E+00     1.0976557524E-07
  436    -6.6238297545E+00     9.9269755949E-08
  437    -6.6238281279E+00     1.1466606395E-07
  438    -6.6106387496E+00     9.6737431928E-08
  439    -6.6106384867E+00     9.9474134088E-08
  440    -6.6106364066E+00     1.3282169869E-07
  441    -6.6097856332E+00     1.0880151552E-07
  442    -6.6097842678E+00     1.4104381340E-07
  443    -6.5897493286E+00     9.4453739002E-08
  444    -6.5897477226E+00     1.1762082203E-07
  445    -6.5897469699E+00     1.4253786601E-07
  446    -6.5636468498E+00     7.6171168132E-08
  447    -6.5636463483E+00     8.8251572286E-08
  448    -6.5636454141E+00     1.1113954490E-07
  449    -6.5553353553E+00     1.3684210392E-07
  450    -6.5553343683E+00     8.0593379013E-08
  451    -6.5553330242E+00     1.5686890021E-07
  452    -6.5462399686E+00     1.2291167838E-07
  453    -6.5462379887E+00     1.0145469819E-07
  454    -6.5462365265E+00     1.0309679069E-07
  455    -6.5221679451E+00     6.9641050484E-08
  456    -6.5221675642E+00     9.1313516576E-08
  457    -6.5221669429E+00     1.1074649580E-07
  458    -6.3204029358E+00     8.1282993956E-08
  459    -6.2451390117E+00     9.8160524963E-08
  460    -6.2451385363E+00     1.0476304450E-07
  461    -6.1920304091E+00     9.6358155804E-08
  462    -6.1920301118E+00     1.2527545038E-07
  463    -6.1920294622E+00     8.9007052070E-08
  464    -6.1807866812E+00     1.0762631869E-07
  465    -6.1807859307E+00     1.1446547018E-07
  466    -6.1807853477E+00     1.2549984825E-07
  467    -6.1721776256E+00     1.2914893564E-07
  468    -6.1721771055E+00     1.2031072556E-07
  469    -6.1721762280E+00     1.3443299056E-07
  470    -6.1577537411E+00     1.0740463530E-07
  471    -6.1199910311E+00     1.1790385704E-07
  472    -6.1199908981E+00     9.5883463182E-08
  473    -6.1199905911E+00     1.0882063755E-07
  474    -6.1147229715E+00     1.1690120953E-07
  475    -6.1147218216E+00     1.2114179288E-07
  476    -6.0430051954E+00     1.1306371797E-07
  477    -6.0430042351E+00     1.2271768424E-07
  478    -6.0186752870E+00     7.1756686847E-08
  479    -6.0186742333E+00     1.1448201382E-07
  480    -6.0186730855E+00     1.0769026489E-07
  481    -5.9985470098E+00     1.2507332984E-07
  482    -5.8788869033E+00     6.5497971498E-08
  483    -5.7993033885E+00     1.6237009487E-07
  484    -5.7993024089E+00     1.6535944613E-07
  485    -5.7993020226E+00     1.1657178355E-07
  486    -5.7918374171E+00     1.1142800284E-07
  487    -5.7206604143E+00     1.5150131610E-07
  488    -5.7206601248E+00     1.2836015061E-07
  489    -5.7206595726E+00     1.1910156419E-07
  490    -5.7084123700E+00     1.4377425679E-07
  491    -5.7084111111E+00     2.2956925673E-07
  492    -5.6929149662E+00     1.5224889617E-07
  493    -5.6929147058E+00     1.5416702628E-07
  494    -5.6929133510E+00     1.4358855675E-07
  495    -5.6563982061E+00     1.5256337322E-07
  496    -5.6563978782E+00     1.2069268293E-07
  497    -5.6563969053E+00     1.6667250618E-07
  498    -5.6501353427E+00     1.2444741841E-07
  499    -5.6501350934E+00     1.4736420984E-07
  500    -5.6501345832E+00     1.6657131392E-07
  501    -5.4824988250E+00     1.0542198337E-07
  502    -5.4824980172E+00     1.1536353610E-07
  503    -5.4503159959E+00     9.5303592516E-08
  504    -5.4503153720E+00     1.0935694928E-07
  505    -5.3987365763E+00     1.1185130998E-07
  506    -5.3569507835E+00     1.5852806706E-07
  507    -5.3569499412E+00     1.4933974147E-07
  508    -5.3569484407E+00     1.5476874156E-07
  509    -5.3289273731E+00     1.5922776672E-07
  510    -5.2824956265E+00     2.5923176614E-07
  511    -5.2824943105E+00     1.6954866394E-07
  512    -5.2734970881E+00     1.3331053207E-07
  513    -5.2272860263E+00     1.4521143659E-07
  514    -5.2272854690E+00     1.4724779353E-07
  515    -5.2272843839E+00     1.8753631100E-07
  516    -5.2066460815E+00     1.6429886142E-07
  517    -5.2066455133E+00     2.0985901187E-07
  518    -5.1869417311E+00     5.6353682271E-07
  519    -5.1869412591E+00     3.3321636769E-07
  520    -5.1869391925E+00     3.7557585676E-07
  521    -5.1765777352E+00     1.5360239556E-07
  522    -5.1652161214E+00     1.4451772056E-07
  523    -5.1652156420E+00     1.6988766845E-07
  524    -5.1652154274E+00     2.2066829458E-07
  525    -5.1567209581E+00     1.4604024830E-07
  526    -5.1567204880E+00     1.7865019950E-07
  527    -5.1567188505E+00     1.8230011563E-07
  528    -5.1505500062E+00     1.3345635752E-07
  529    -5.1505492710E+00     1.5467391114E-07
  530    -5.1505481270E+00     1.7076669047E-07
  531    -5.0471962223E+00     2.3729894960E-07
  532    -5.0471952145E+00     1.8409394728E-07
  533    -5.0471935588E+00     1.3903110473E-07
  534    -5.0313510337E+00     1.4788844346E-07
  535    -5.0313505348E+00     1.3951010318E-07
  536    -5.0313489121E+00     2.0420654996E-07
  537    -5.0132121953E+00     1.4443415158E-07
  538    -5.0132119926E+00     1.8865886470E-07
  539    -5.0104234334E+00     1.3302193670E-07
  540    -5.0104218582E+00     1.4499270539E-07
  541    -5.0104212983E+00     1.8329078103E-07
  542    -4.9735052256E+00     1.8641700515E-07
  543    -4.9735046975E+00     1.6797190283E-07
  544    -4.9735031494E+00     1.9716096336E-07
  545    -4.9456049654E+00     1.6194805255E-07
  546    -4.9456046033E+00     1.5981110388E-07
  547    -4.9456040959E+00     2.0332893126E-07
  548    -4.9155138364E+00     1.6813272567E-07
  549    -4.9155133112E+00     1.2827706524E-07
  550    -4.9155120501E+00     1.6407788720E-07
  551    -4.9036733504E+00     1.5326672590E-07
  552    -4.8990007168E+00     1.7614735647E-07
  553    -4.8990002754E+00     1.3991978246E-07
  554    -4.8989989595E+00     1.6261257877E-07
  555    -4.7967898444E+00     1.7567815418E-07
  556    -4.7967883039E+00     1.4769962680E-07
  557    -4.7372848138E+00     1.7825941462E-07
  558    -4.7372843995E+00     1.6289443203E-07
  559    -4.7372825765E+00     2.0689927556E-07
  560    -4.6867177655E+00     4.1138702082E-07
  561    -4.6867171075E+00     1.8152887864E-07
  562    -4.6867169343E+00     2.8501898245E-07
  563    -4.6542647624E+00     2.0601256818E-07
  564    -4.6542633975E+00     1.6250099762E-07
  565    -4.6542628492E+00     2.1678045383E-07
  566    -4.6410077316E+00     1.3335002776E-07
  567    -4.6410073953E+00     1.8637349232E-07
  568    -4.6410058150E+00     2.1855168784E-07
  569    -4.6355224458E+00     1.4246853596E-07
  570    -4.6355221373E+00     1.3000877124E-07
  571    -4.6355217079E+00     2.0797413382E-07
  572    -4.6232425406E+00     1.1539713793E-07
  573    -4.5640278091E+00     1.5313440885E-07
  574    -4.5640275225E+00     1.5296058087E-07
  575    -4.5640273481E+00     1.5156403846E-07
  576    -4.5600786869E+00     1.7481979872E-07
  577    -4.5600771659E+00     1.7518802869E-07
  578    -4.5600763801E+00     2.3099371555E-07
  579    -4.5573687061E+00     1.6956584833E-07
  580    -4.5573677183E+00     1.8757556411E-07
  581    -4.5497236566E+00     2.1162716277E-07
  582    -4.5497234467E+00     1.3377664608E-07
  583    -4.5497227088E+00     1.7938847872E-07
  584    -4.3246574249E+00     1.8686570600E-07
  585    -4.3246570860E+00     1.7723046079E-07
  586    -4.2740994320E+00     2.0288943294E-07
  587    -4.2380535494E+00     1.6235316597E-07
  588    -4.2380533031E+00     1.9101498489E-07
  589    -4.2380525781E+00     2.1047007030E-07
  590    -4.2274455904E+00     1.9729581861E-07
  591    -4.2274451698E+00     1.7527500588E-07
  592    -4.2274448472E+00     1.8444233899E-07
  593    -4.1700472542E+00     1.6732060316E-07
  594    -3.9830532161E+00     2.1348237942E-07
  595    -3.9830529034E+00     2.2342140075E-07
  596    -3.9830526161E+00     2.1804707057E-07
  597    -3.9708503369E+00     2.2026630557E-07
  598    -3.9708493752E+00     1.8614210563E-07
  599    -3.9708491186E+00     2.3003049482E-07
  600    -3.9530322296E+00     2.1888868932E-07
  601    -3.9530317052E+00     2.5562084582E-07
  602    -3.9530314975E+00     2.4995249107E-07
  603    -3.8959891462E+00     2.9085696812E-07
  604    -3.8959886800E+00     2.3233222666E-07
  605    -3.8959880093E+00     2.6200082260E-07
  606    -3.8753503963E+00     2.1718187983E-07
  607    -3.8753497600E+00     2.5951929790E-07
  608    -3.8753492720E+00     2.5837537411E-07
  609    -3.8513087160E+00     3.2702693874E-07
  610    -3.8071588701E+00     1.9428025447E-07
  611    -3.8071582767E+00     2.3141390157E-07
  612    -3.8071575454E+00     2.2876091694E-07
  613    -3.8007374752E+00     2.9237990971E-07
  614    -3.8007364020E+00     2.6418304583E-07
  615    -3.8007359937E+00     1.9025466644E-07
  616    -3.7820140752E+00     2.0964299643E-07
  617    -3.7630863401E+00     3.0958527232E-07
  618    -3.7630853767E+00     3.7313912636E-07
  619    -3.6835460433E+00     2.9831773042E-07
  620    -3.6204095921E+00     2.7353706122E-07
  621    -3.6204082003E+00     2.9871385207E-07
  622    -3.5905706053E+00     3.2272850176E-07
  623    -3.5905703724E+00     2.6766631231E-07
  624    -3.5690718444E+00     3.3179060162E-07
  625    -3.5690713730E+00     2.3569112818E-07
  626    -3.5690709733E+00     2.6321687871E-07
  627    -3.5644209074E+00     2.2968592617E-07
  628    -3.5644202262E+00     2.9094254236E-07
  629    -3.5644199963E+00     2.9194745031E-07
  630    -3.5269738925E+00     2.6938549502E-07
  631    -3.5269732206E+00     2.6285625527E-07
  632    -3.5269729180E+00     3.6317881589E-07
  633    -3.5114488613E+00     3.1278960779E-07
  634    -3.5114486002E+00     2.4037060897E-07
  635    -3.5114481782E+00     3.4998498820E-07
  636    -3.5079173032E+00     2.5303824328E-07
  637    -3.5079169844E+00     3.4611095725E-07
  638    -3.5079167563E+00     3.4945331452E-07
  639    -3.5019432838E+00     3.1704373442E-07
  640    -3.4976263304E+00     3.4118926785E-07
  641    -3.4976260243E+00     2.6787470717E-07
  642    -3.4390208559E+00     1.8898040421E-07
  643    -3.4083990027E+00     2.3803479487E-07
  644    -3.4083983776E+00     2.6328463800E-07
  645    -3.4083980034E+00     3.7730111910E-07
  646    -3.3952707417E+00     2.2541530716E-07
  647    -3.3952700360E+00     3.2733851374E-07
  648    -3.3952697537E+00     2.9479743772E-07
  649    -3.3744523124E+00     3.8952886297E-07
  650    -3.3744521950E+00     3.0189351916E-07
  651    -3.3744519807E+00     2.8202666682E-07
  652    -3.3534809422E+00     2.4292148099E-07
  653    -3.3520390256E+00     3.7114962871E-07
  654    -3.3520382557E+00     2.9105585892E-07
  655    -3.3520378515E+00     2.8194158637E-07
  656    -3.3277185887E+00     3.2541524348E-07
  657    -3.3277184623E+00     2.9331332799E-07
  658    -3.3277172501E+00     5.9421977826E-07
  659    -3.2858315295E+00     3.3109703517E-07
  660    -3.2858312115E+00     2.7609308091E-07
  661    -3.2430126158E+00     3.3723631614E-07
  662    -3.2430123447E+00     2.6538530206E-07
  663    -3.2430117616E+00     3.6212541193E-07
  664    -3.2385101778E+00     3.3274460451E-07
  665    -3.2385094763E+00     4.3219732354E-07
  666    -3.2193402060E+00     3.0410741539E-07
  667    -3.2193399859E+00     2.6168835538E-07
  668    -3.2193394502E+00     3.2000997915E-07
  669    -3.1177773226E+00     3.6863692647E-07
  670    -3.1126896244E+00     2.6136204244E-07
  671    -3.1126894642E+00     2.2267695967E-07
  672    -3.1126892674E+00     3.8898438461E-07
  673    -3.1091662864E+00     3.6698982900E-07
  674    -3.1091655994E+00     5.4784142240E-07
  675    -3.1091652516E+00     5.5242738046E-07
  676    -3.1089630225E+00     2.2852893395E-07
  677    -3.0120823189E+00     3.5948566076E-07
  678    -3.0120821580E+00     3.6183179825E-07
  679    -2.9547583679E+00     4.8130133050E-07
  680    -2.9547577166E+00     4.6101084003E-07
  681    -2.8340054443E+00     5.6155459361E-07
  682    -2.8288789551E+00     3.7985264183E-07
  683    -2.8288785650E+00     4.8158252971E-07
  684    -2.8130818100E+00     4.4036059268E-07
  685    -2.8130789454E+00     2.7995592656E-06
  686    -2.8130787495E+00     4.8917354747E-07
  687    -2.8130763365E+00     3.6428965542E-07
  688    -2.8130762046E+00     5.4711515101E-07
  689    -2.8088810460E+00     3.5376322787E-07
  690    -2.8088807917E+00     5.1205974860E-07
  691    -2.8088801674E+00     5.6904516862E-07
  692    -2.8008355638E+00     3.8723171748E-07
  693    -2.7854548316E+00     4.6732452219E-07
  694    -2.7854545769E+00     4.7471284308E-07
  695    -2.7854541809E+00     3.5832933160E-07
  696    -2.7841624543E+00     4.9548678548E-07
  697    -2.7841620904E+00     3.5914860086E-07
  698    -2.7841619491E+00     6.4577376234E-07
  699    -2.7357205379E+00     4.8700617353E-07
  700    -2.7357204071E+00     4.8554760027E-07
  701    -2.7357198106E+00     5.0373540980E-07
  702    -2.7326917923E+00     5.3658446409E-07
  703    -2.7326914168E+00     4.6160134374E-07
  704    -2.7326912646E+00     5.4992045322E-07
  705    -2.6939208005E+00     4.3359548755E-07
  706    -2.6939204070E+00     5.4275944679E-07
  707    -2.6939200763E+00     8.4298469122E-07
  708    -2.6457348836E+00     4.5479602028E-07
  709    -2.6403886891E+00     4.2425545155E-07
  710    -2.6403884837E+00     3.0183019633E-07
  711    -2.6403880848E+00     4.1511396614E-07
  712    -2.4773188112E+00     5.7212231387E-07
  713    -2.4773183971E+00     5.7733711190E-07
  714    -2.4773179604E+00     7.1503265017E-07
  715    -2.4521142691E+00     4.2933005923E-07
  716    -2.4521138264E+00     5.6123835423E-07
  717    -2.4406139595E+00     4.5746167409E-07
  718    -2.4406138209E+00     4.5104881487E-07
  719    -2.4406136082E+00     5.4685785095E-07
  720    -2.3861997710E+00     4.6579010128E-07
  721    -2.3861994253E+00     4.9637995509E-07
  722    -2.3861986562E+00     6.7132687678E-07
  723    -2.2899117540E+00     6.1044636173E-07
  724    -2.2899116875E+00     5.6597534991E-07
  725    -2.2899114028E+00     5.9116850395E-07
  726    -2.2808433021E+00     5.5851827374E-07
  727    -2.2799681142E+00     7.0507854565E-07
  728    -2.2799676193E+00     6.5842305603E-07
  729    -2.2799675270E+00     5.3357095274E-07
  730    -2.2598278140E+00     6.3986551538E-07
  731    -2.2598275704E+00     6.2654279597E-07
  732    -2.2598273946E+00     7.5925848718E-07
  733    -2.2469998384E+00     5.7397168515E-07
  734    -2.2469996910E+00     5.5854250691E-07
  735    -2.2352993129E+00     4.5192040603E-07
  736    -2.2134299932E+00     6.2448216454E-07
  737    -2.1929104408E+00     6.3067738751E-07
  738    -2.1929101981E+00     6.4813405653E-07
  739    -2.1661929503E+00     7.2760356171E-07
  740    -2.1661925367E+00     7.5828271940E-07
  741    -2.1661922476E+00     8.4878076177E-07
  742    -2.1468869900E+00     5.9885599280E-07
  743    -2.1468868354E+00     7.4178271452E-07
  744    -2.1468866852E+00     7.0700950514E-07
  745    -2.1426835485E+00     6.8736453721E-07
  746    -2.1426833656E+00     9.2049123152E-07
  747    -2.1426832657E+00     7.9177327514E-07
  748    -2.1080088597E+00     4.5064410785E-07
  749    -2.1015192303E+00     6.9563599425E-07
  750    -2.1015187224E+00     6.8761056969E-07
  751    -2.1015185106E+00     8.8096327652E-07
  752    -2.0796956733E+00     7.2147542329E-07
  753    -2.0796953404E+00     8.3379598851E-07
  754    -2.0625934057E+00     6.5699852284E-07
  755    -2.0625931276E+00     7.0753771316E-07
  756    -2.0625929095E+00     1.1884472383E-06
  757    -2.0334156588E+00     8.0107356797E-07
  758    -2.0334153502E+00     7.1473875933E-07
  759    -2.0334150846E+00     7.2818017858E-07
  760    -2.0096031532E+00     7.7251151728E-07
  761    -2.0096024275E+00     9.5561973966E-07
  762    -1.9466391730E+00     7.1501904935E-07
  763    -1.9349597591E+00     4.9752955551E-07
  764    -1.9349596026E+00     6.8006266683E-07
  765    -1.9349589719E+00     9.2704397112E-07
  766    -1.9005622894E+00     9.6846887818E-07
  767    -1.9005620508E+00     1.0327920634E-06
  768    -1.8936373509E+00     8.3850739508E-07
  769    -1.8936369242E+00     1.0370799108E-06
  770    -1.8936365158E+00     1.0026514693E-06
  771    -1.8863982825E+00     8.1163956761E-07
  772    -1.8863980238E+00     7.3211084722E-07
  773    -1.8863973886E+00     9.9072336635E-07
  774    -1.8825403258E+00     1.8963297887E-06
  775    -1.8825397305E+00     1.0566789013E-06
  776    -1.8825396938E+00     8.8135732581E-07
  777    -1.8187143416E+00     7.9170991814E-07
  778    -1.8187141894E+00     9.4116709663E-07
  779    -1.8096270449E+00     7.4535809886E-07
  780    -1.8096269248E+00     9.3277530760E-07
  781    -1.8096263596E+00     1.3940524727E-06
  782    -1.7807552677E+00     9.8108335171E-07
  783    -1.7807549591E+00     9.9707779702E-07
  784    -1.7807548484E+00     9.2575184685E-07
  785    -1.7789348757E+00     1.2348784634E-06
  786    -1.6599095574E+00     1.1052181463E-06
  787    -1.6599094812E+00     1.0010301848E-06
  788    -1.6599093337E+00     1.2790259737E-06
  789    -1.6546174620E+00     1.1537965036E-06
  790    -1.6546172302E+00     1.1355898172E-06
  791    -1.6302829145E+00     1.1755979247E-06
  792    -1.6302828601E+00     3.3411714369E-06
  793    -1.6302825239E+00     1.1724812123E-06
  794    -1.6247429562E+00     1.1250119244E-06
  795    -1.6247426571E+00     1.1258870597E-06
  796    -1.6247422876E+00     1.1549569381E-06
  797    -1.6030999774E+00     1.3709570263E-06
  798    -1.6030999204E+00     2.4428633516E-06
  799    -1.6030996854E+00     1.0673952321E-06
  800    -1.5971691784E+00     1.1038635261E-06
  801    -1.5971689565E+00     1.2296622973E-06
  802    -1.5971687054E+00     2.0849028343E-06
  803    -1.5666539986E+00     1.3100576249E-06
  804    -1.5587856323E+00     1.6815020250E-06
  805    -1.5587855288E+00     1.9224695439E-06
  806    -1.5587852939E+00     1.3697333383E-06
  807    -1.5156386682E+00     1.7188730076E-06
  808    -1.5095196429E+00     3.0772766028E-06
  809    -1.5095191452E+00     1.6798976056E-06
  810    -1.5095190465E+00     1.2996856031E-06
  811    -1.4127882803E+00     1.4154857643E-06
  812    -1.4127881435E+00     1.9435229321E-06
  813    -1.4127880137E+00     1.3516735635E-06
  814    -1.3605252115E+00     2.3562250412E-06
  815    -1.3605250362E+00     1.5871198267E-06
  816    -1.3605248395E+00     1.6536460756E-06
  817    -1.3397423920E+00     2.0770891814E-06
  818    -1.3397422261E+00     2.6713293916E-06
  819    -1.2715071669E+00     1.5384160429E-06
  820    -1.2715070944E+00     1.8598846953E-06
  821    -1.2715068810E+00     1.5283621004E-06
  822    -1.2222063715E+00     2.3810703473E-06
  823    -1.2222062227E+00     1.6735830670E-06
  824    -1.2222060528E+00     2.2397149611E-06
  825    -1.2047676921E+00     2.2438298553E-06
  826    -1.2047674982E+00     2.1764958646E-06
  827    -1.2047672573E+00     3.2400773797E-06
  828    -1.1413548033E+00     2.1348192605E-06
  829    -1.1387291306E+00     1.6742596891E-06
  830    -1.1387291193E+00     1.9300564464E-06
  831    -1.1387288204E+00     2.5821581176E-06
  832    -1.1041779369E+00     3.5992438601E-06
  833    -1.1041778039E+00     3.3319499081E-06
  834    -1.0880433757E+00     3.9095049103E-06
  835    -1.0880432075E+00     3.0379608965E-06
  836    -1.0880431190E+00     2.9428409836E-06
  837    -1.0715028300E+00     3.8404210081E-06
  838    -1.0715027206E+00     2.3939344508E-06
  839    -1.0715024991E+00     3.7512198708E-06
  840    -1.0575710129E+00     1.7554938888E-06
  841    -1.0412784532E+00     3.1550752357E-06
  842    -1.0412782746E+00     3.2064129338E-06
  843    -1.0412781479E+00     4.7169664299E-06
  844    -1.0170811563E+00     3.2646866764E-06
  845    -1.0170810653E+00     2.5805152107E-06
  846    -1.0170809697E+00     3.3735726246E-06
  847    -1.0024618885E+00     4.0157540597E-06
  848    -1.0024618252E+00     2.6919581855E-06
  849    -9.6044753658E-01     2.2820712778E-06
  850    -9.2063606365E-01     5.8571519725E-06
  851    -9.0931066522E-01     5.7487920278E-06
  852    -9.0931050664E-01     3.6725195867E-06
  853    -8.7372888922E-01     3.6167658121E-06
  854    -8.7372885165E-01     3.4354779759E-06
  855    -8.7372870227E-01     4.4459671127E-06
  856    -8.6374607437E-01     5.1283494934E-06
  857    -8.6374589353E-01     4.5530262991E-06
  858    -8.5940141012E-01     4.1649763339E-06
  859    -8.5940132665E-01     4.3391594839E-06
  860    -8.5940128310E-01     3.2907360411E-06
  861    -8.4943211060E-01     3.8464244025E-06
  862    -8.0066070777E-01     6.6252823689E-06
  863    -7.8107358032E-01     4.2354579056E-06
  864    -7.8107339734E-01     6.9391738408E-06
  865    -7.8107326901E-01     5.9843846889E-06
  866    -7.8088850133E-01     1.5168360292E-05
  867    -7.8088846780E-01     7.1561387913E-06
  868    -7.8088830575E-01     5.0436344526E-06
  869    -7.4555147192E-01     4.5298666808E-06
  870    -7.4555135039E-01     6.5117429389E-06
  871    -7.4286564052E-01     5.7611638123E-06
  872    -7.4286560760E-01     6.6278349448E-06
  873    -7.4286549818E-01     5.8280818282E-06
  874    -7.4046053362E-01     7.1742785548E-06
  875    -7.4046036186E-01     5.0712734315E-06
  876    -7.4046030549E-01     7.9618775497E-06
  877    -6.9231512474E-01     6.3493831529E-06
  878    -6.9231495041E-01     5.1376840042E-06
  879    -6.9231491403E-01     6.1894537209E-06
  880    -6.9170453774E-01     5.3777263400E-06
  881    -6.9170428732E-01     7.0736295361E-06
  882    -6.2135954934E-01     9.2889131602E-06
  883    -6.1975846490E-01     6.6697687063E-06
  884    -6.1975829534E-01     6.9008724392E-06
  885    -6.1975824343E-01     7.4659624979E-06
  886    -5.9877159378E-01     8.4284152330E-06
  887    -5.9877158020E-01     7.7631769443E-06
  888    -5.9877147030E-01     7.0313743336E-06
  889    -5.9855808689E-01     7.5061804926E-06
  890    -5.9855800432E-01     6.9090082000E-06
  891    -5.9855796078E-01     7.4910511387E-06
  892    -5.7746308047E-01     6.2638554416E-06
  893    -5.5082363729E-01     1.0301944453E-05
  894    -5.5082355484E-01     9.7026563897E-06
  895    -5.5082351179E-01     8.8591948317E-06
  896    -5.5073180095E-01     1.0012170919E-05
  897    -5.5073176222E-01     1.3814666632E-05
  898    -5.3396494175E-01     1.2506467134E-05
  899    -5.3396480010E-01     1.0679473595E-05
  900    -5.3396471965E-01     1.0196624174E-05
  901    -5.2091973826E-01     1.4227764566E-05
  902    -5.2091966437E-01     1.2709745390E-05
  903    -5.2091958840E-01     1.0728198855E-05
  904    -4.7259615479E-01     1.2187615608E-05
  905    -4.7259608837E-01     1.2155571401E-05
  906    -4.7259605757E-01     1.4152715072E-05
  907    -4.7115023745E-01     1.4003454861E-05
  908    -4.7115010143E-01     1.3741510738E-05
  909    -4.6893181388E-01     9.6355359891E-06
  910    -4.6517546990E-01     1.6694610394E-05
  911    -4.6517541519E-01     1.8131186547E-05
  912    -4.6517535544E-01     1.4393453445E-05
  913    -4.4142555143E-01     1.7544206685E-05
  914    -4.4142552877E-01     2.0146876987E-05
  915    -4.4142550265E-01     1.2723181319E-05
  916    -4.2679549178E-01     2.3106654805E-05
  917    -4.2679546210E-01     1.5697804012E-05
  918    -3.6961023775E-01     2.4029348266E-05
  919    -3.6961021950E-01     1.9112238384E-05
  920    -3.6961015605E-01     2.7823961981E-05
  921    -3.6883971943E-01     3.3052732582E-05
  922    -3.6883960958E-01     2.9755446070E-05
  923    -3.6883954320E-01     2.6172650064E-05
  924    -3.3922953617E-01     3.0211937831E-05
  925    -3.3922950013E-01     2.1423730777E-05
  926    -3.3922942572E-01     3.1084430664E-05
  927    -3.1999453675E-01     4.5817790330E-05
  928    -3.1999446398E-01     3.3439248374E-05
  929    -3.1999437404E-01     3.5513299477E-05
  930    -3.1057556126E-01     4.0493136196E-05
  931    -3.1057555125E-01     2.9382499110E-05
  932    -2.9112751097E-01     3.4247000035E-05
  933    -2.9112749493E-01     3.6690208455E-05
  934    -2.7559631817E-01     4.7676636004E-05
  935    -2.7559627507E-01     3.2938598583E-05
  936    -2.7559623949E-01     3.2859106812E-05
  937    -2.5439559862E-01     6.2395886546E-05
  938    -2.5439551795E-01     5.4655536162E-05
  939    -2.5439546089E-01     6.4834692896E-05
  940    -2.4739764846E-01     4.6648096107E-05
  941    -2.4739761085E-01     5.9009223892E-05
  942    -2.4739752044E-01     4.5233373985E-05
  943    -2.4370822441E-01     5.0407376097E-05
  944    -2.4370818605E-01     4.0404202866E-05
  945    -2.4370814389E-01     4.8612828730E-05
  946    -2.1629682607E-01     5.7511253805E-05
  947    -2.1043422067E-01     9.3324262143E-05
  948    -2.1043420975E-01     6.3587420384E-05
  949    -2.1043416353E-01     8.6160401706E-05
  950    -2.0486888234E-01     7.1238070254E-05
  951    -1.7221807273E-01     1.2248907927E-04
  952    -1.6692032251E-01     1.3651845623E-04
  953    -1.6692031323E-01     1.5751152201E-04
  954    -1.4373163903E-01     1.3675334287E-04
  955    -1.4373161191E-01     1.6332567698E-04
  956    -1.4373155566E-01     1.4187422061E-04
  957    -1.2344843255E-01     2.1133667885E-04
  958    -1.0161287658E-01     2.9772419127E-04
  959    -1.0161283202E-01     3.3456995240E-04
  960    -1.0161278741E-01     2.4749086447E-04
  961    -7.5615946604E-02     4.1833536757E-04
  962    -7.5615936599E-02     5.1078462035E-04
  963    -7.5615899609E-02     5.9171477557E-04
  964    -6.6075155052E-02     7.8497544671E-04
  965    -6.6075128179E-02     7.1120009147E-04
  966    -6.6075096270E-02     6.0194778191E-04
  967    -3.0120441064E-02     4.4410577056E-03
  968    -3.0120400892E-02     3.4674748329E-03
  969    -3.0120367626E-02     3.5906871282E-03
  970    -2.9584895462E-02     4.1718777686E-03
  971    -8.9419456437E-03     4.1871307843E-02
  972    -8.9419014914E-03     3.2833812272E-02
  973    -8.9418724459E-03     3.4160166339E-02
  974     2.3523585907E-03     6.6521465629E-01
  975     1.3543426578E-02     2.4761951571E-02
  976     1.5750598418E-02     1.3481075628E-02
  977     1.5750623044E-02     1.2175986401E-02
  978     1.5750654546E-02     1.2458938445E-02
  979     1.8103436777E-02     8.6788156867E-03
  980     1.8103475540E-02     8.9667927638E-03
  981     1.8835331927E-02     8.8277890814E-03
  982     1.8835361678E-02     8.9147703274E-03
  983     1.8835374829E-02     9.3364533231E-03
  984     2.6737133844E-02     4.1409840223E-03
  985     2.9847371123E-02     3.3001854094E-03
  986     2.9847393443E-02     3.3018067526E-03
  987     2.9847406225E-02     2.8180317666E-03
  988     2.9913639835E-02     3.5341361209E-03
  989     2.9913649615E-02     3.8877189944E-03
  990     2.9913658140E-02     3.2636968740E-03
  991     3.2456569123E-02     2.9145865048E-03
  992     3.2456596029E-02     3.5086106986E-03
  993     3.7102769782E-02     2.2004087383E-03
  994     3.7102788984E-02     2.2508922745E-03
  995     3.7102789631E-02     2.2771712213E-03
  996     3.8618087595E-02     3.3176313419E-03
  997     4.0493774053E-02     1.8038957990E-03
  998     4.0493787330E-02     1.5667456695E-03
  999     4.0493789186E-02     1.4436992932E-03
 1000     4.1425946107E-02     1.8647570042E-03


 TOTAL TIME = 45351 [s]
