===============================================================================
 RRRRR  SSSSS  H   H  RRRRR    Zbigniew ROMANOWSKI                             
 R   R  S      H   H  R   R                                                    
 RRRRR  SSSSS  HHHHH  RRRRR    version: 5.4                                    
 R  R       S  H   H  R  R                                                     
 R   R  SSSSS  H   H  R   R    compilation date: Dec  8 2012 (20:50:40)                       
===============================================================================

PEs = 128

----INITIALIZATION----========================================================
DOMAIN:
    BsplDeg = 3, CubatOrder = 5, CubatNodeNo = 125
    h = 3.333333E-01
    Nx = 135,    Ny = 135,   Nz = 135
    X0 = -2.000000E+01,    Xmax = 2.500000E+01
    Y0 = -2.000000E+01,    Ymax = 2.500000E+01
    Z0 = -2.000000E+01,    Zmax = 2.500000E+01

NUMBER OF 'ATOMS' = 125
    Soft-r^4(d,a)=(-2.00, 0.10) at (x,y,z) = ( 0.00, 0.00, 0.00)
    Soft-r^4(d,a)=(-2.00, 0.10) at (x,y,z) = ( 0.00, 0.00, 1.30)
    Soft-r^4(d,a)=(-2.00, 0.10) at (x,y,z) = ( 0.00, 0.00, 2.60)
    Soft-r^4(d,a)=(-2.00, 0.10) at (x,y,z) = ( 0.00, 0.00, 3.90)
    Soft-r^4(d,a)=(-2.00, 0.10) at (x,y,z) = ( 0.00, 0.00, 5.20)
    Soft-r^4(d,a)=(-2.00, 0.10) at (x,y,z) = ( 0.00, 1.30, 0.00)
    Soft-r^4(d,a)=(-2.00, 0.10) at (x,y,z) = ( 0.00, 1.30, 1.30)
    Soft-r^4(d,a)=(-2.00, 0.10) at (x,y,z) = ( 0.00, 1.30, 2.60)
    Soft-r^4(d,a)=(-2.00, 0.10) at (x,y,z) = ( 0.00, 1.30, 3.90)
    Soft-r^4(d,a)=(-2.00, 0.10) at (x,y,z) = ( 0.00, 1.30, 5.20)
    Soft-r^4(d,a)=(-2.00, 0.10) at (x,y,z) = ( 0.00, 2.60, 0.00)
    Soft-r^4(d,a)=(-2.00, 0.10) at (x,y,z) = ( 0.00, 2.60, 1.30)
    Soft-r^4(d,a)=(-2.00, 0.10) at (x,y,z) = ( 0.00, 2.60, 2.60)
    Soft-r^4(d,a)=(-2.00, 0.10) at (x,y,z) = ( 0.00, 2.60, 3.90)
    Soft-r^4(d,a)=(-2.00, 0.10) at (x,y,z) = ( 0.00, 2.60, 5.20)
    Soft-r^4(d,a)=(-2.00, 0.10) at (x,y,z) = ( 0.00, 3.90, 0.00)
    Soft-r^4(d,a)=(-2.00, 0.10) at (x,y,z) = ( 0.00, 3.90, 1.30)
    Soft-r^4(d,a)=(-2.00, 0.10) at (x,y,z) = ( 0.00, 3.90, 2.60)
    Soft-r^4(d,a)=(-2.00, 0.10) at (x,y,z) = ( 0.00, 3.90, 3.90)
    Soft-r^4(d,a)=(-2.00, 0.10) at (x,y,z) = ( 0.00, 3.90, 5.20)
    Soft-r^4(d,a)=(-2.00, 0.10) at (x,y,z) = ( 0.00, 5.20, 0.00)
    Soft-r^4(d,a)=(-2.00, 0.10) at (x,y,z) = ( 0.00, 5.20, 1.30)
    Soft-r^4(d,a)=(-2.00, 0.10) at (x,y,z) = ( 0.00, 5.20, 2.60)
    Soft-r^4(d,a)=(-2.00, 0.10) at (x,y,z) = ( 0.00, 5.20, 3.90)
    Soft-r^4(d,a)=(-2.00, 0.10) at (x,y,z) = ( 0.00, 5.20, 5.20)
    Soft-r^4(d,a)=(-2.00, 0.10) at (x,y,z) = ( 1.30, 0.00, 0.00)
    Soft-r^4(d,a)=(-2.00, 0.10) at (x,y,z) = ( 1.30, 0.00, 1.30)
    Soft-r^4(d,a)=(-2.00, 0.10) at (x,y,z) = ( 1.30, 0.00, 2.60)
    Soft-r^4(d,a)=(-2.00, 0.10) at (x,y,z) = ( 1.30, 0.00, 3.90)
    Soft-r^4(d,a)=(-2.00, 0.10) at (x,y,z) = ( 1.30, 0.00, 5.20)
    Soft-r^4(d,a)=(-2.00, 0.10) at (x,y,z) = ( 1.30, 1.30, 0.00)
    Soft-r^4(d,a)=(-2.00, 0.10) at (x,y,z) = ( 1.30, 1.30, 1.30)
    Soft-r^4(d,a)=(-2.00, 0.10) at (x,y,z) = ( 1.30, 1.30, 2.60)
    Soft-r^4(d,a)=(-2.00, 0.10) at (x,y,z) = ( 1.30, 1.30, 3.90)
    Soft-r^4(d,a)=(-2.00, 0.10) at (x,y,z) = ( 1.30, 1.30, 5.20)
    Soft-r^4(d,a)=(-2.00, 0.10) at (x,y,z) = ( 1.30, 2.60, 0.00)
    Soft-r^4(d,a)=(-2.00, 0.10) at (x,y,z) = ( 1.30, 2.60, 1.30)
    Soft-r^4(d,a)=(-2.00, 0.10) at (x,y,z) = ( 1.30, 2.60, 2.60)
    Soft-r^4(d,a)=(-2.00, 0.10) at (x,y,z) = ( 1.30, 2.60, 3.90)
    Soft-r^4(d,a)=(-2.00, 0.10) at (x,y,z) = ( 1.30, 2.60, 5.20)
    Soft-r^4(d,a)=(-2.00, 0.10) at (x,y,z) = ( 1.30, 3.90, 0.00)
    Soft-r^4(d,a)=(-2.00, 0.10) at (x,y,z) = ( 1.30, 3.90, 1.30)
    Soft-r^4(d,a)=(-2.00, 0.10) at (x,y,z) = ( 1.30, 3.90, 2.60)
    Soft-r^4(d,a)=(-2.00, 0.10) at (x,y,z) = ( 1.30, 3.90, 3.90)
    Soft-r^4(d,a)=(-2.00, 0.10) at (x,y,z) = ( 1.30, 3.90, 5.20)
    Soft-r^4(d,a)=(-2.00, 0.10) at (x,y,z) = ( 1.30, 5.20, 0.00)
    Soft-r^4(d,a)=(-2.00, 0.10) at (x,y,z) = ( 1.30, 5.20, 1.30)
    Soft-r^4(d,a)=(-2.00, 0.10) at (x,y,z) = ( 1.30, 5.20, 2.60)
    Soft-r^4(d,a)=(-2.00, 0.10) at (x,y,z) = ( 1.30, 5.20, 3.90)
    Soft-r^4(d,a)=(-2.00, 0.10) at (x,y,z) = ( 1.30, 5.20, 5.20)
    Soft-r^4(d,a)=(-2.00, 0.10) at (x,y,z) = ( 2.60, 0.00, 0.00)
    Soft-r^4(d,a)=(-2.00, 0.10) at (x,y,z) = ( 2.60, 0.00, 1.30)
    Soft-r^4(d,a)=(-2.00, 0.10) at (x,y,z) = ( 2.60, 0.00, 2.60)
    Soft-r^4(d,a)=(-2.00, 0.10) at (x,y,z) = ( 2.60, 0.00, 3.90)
    Soft-r^4(d,a)=(-2.00, 0.10) at (x,y,z) = ( 2.60, 0.00, 5.20)
    Soft-r^4(d,a)=(-2.00, 0.10) at (x,y,z) = ( 2.60, 1.30, 0.00)
    Soft-r^4(d,a)=(-2.00, 0.10) at (x,y,z) = ( 2.60, 1.30, 1.30)
    Soft-r^4(d,a)=(-2.00, 0.10) at (x,y,z) = ( 2.60, 1.30, 2.60)
    Soft-r^4(d,a)=(-2.00, 0.10) at (x,y,z) = ( 2.60, 1.30, 3.90)
    Soft-r^4(d,a)=(-2.00, 0.10) at (x,y,z) = ( 2.60, 1.30, 5.20)
    Soft-r^4(d,a)=(-2.00, 0.10) at (x,y,z) = ( 2.60, 2.60, 0.00)
    Soft-r^4(d,a)=(-2.00, 0.10) at (x,y,z) = ( 2.60, 2.60, 1.30)
    Soft-r^4(d,a)=(-2.00, 0.10) at (x,y,z) = ( 2.60, 2.60, 2.60)
    Soft-r^4(d,a)=(-2.00, 0.10) at (x,y,z) = ( 2.60, 2.60, 3.90)
    Soft-r^4(d,a)=(-2.00, 0.10) at (x,y,z) = ( 2.60, 2.60, 5.20)
    Soft-r^4(d,a)=(-2.00, 0.10) at (x,y,z) = ( 2.60, 3.90, 0.00)
    Soft-r^4(d,a)=(-2.00, 0.10) at (x,y,z) = ( 2.60, 3.90, 1.30)
    Soft-r^4(d,a)=(-2.00, 0.10) at (x,y,z) = ( 2.60, 3.90, 2.60)
    Soft-r^4(d,a)=(-2.00, 0.10) at (x,y,z) = ( 2.60, 3.90, 3.90)
    Soft-r^4(d,a)=(-2.00, 0.10) at (x,y,z) = ( 2.60, 3.90, 5.20)
    Soft-r^4(d,a)=(-2.00, 0.10) at (x,y,z) = ( 2.60, 5.20, 0.00)
    Soft-r^4(d,a)=(-2.00, 0.10) at (x,y,z) = ( 2.60, 5.20, 1.30)
    Soft-r^4(d,a)=(-2.00, 0.10) at (x,y,z) = ( 2.60, 5.20, 2.60)
    Soft-r^4(d,a)=(-2.00, 0.10) at (x,y,z) = ( 2.60, 5.20, 3.90)
    Soft-r^4(d,a)=(-2.00, 0.10) at (x,y,z) = ( 2.60, 5.20, 5.20)
    Soft-r^4(d,a)=(-2.00, 0.10) at (x,y,z) = ( 3.90, 0.00, 0.00)
    Soft-r^4(d,a)=(-2.00, 0.10) at (x,y,z) = ( 3.90, 0.00, 1.30)
    Soft-r^4(d,a)=(-2.00, 0.10) at (x,y,z) = ( 3.90, 0.00, 2.60)
    Soft-r^4(d,a)=(-2.00, 0.10) at (x,y,z) = ( 3.90, 0.00, 3.90)
    Soft-r^4(d,a)=(-2.00, 0.10) at (x,y,z) = ( 3.90, 0.00, 5.20)
    Soft-r^4(d,a)=(-2.00, 0.10) at (x,y,z) = ( 3.90, 1.30, 0.00)
    Soft-r^4(d,a)=(-2.00, 0.10) at (x,y,z) = ( 3.90, 1.30, 1.30)
    Soft-r^4(d,a)=(-2.00, 0.10) at (x,y,z) = ( 3.90, 1.30, 2.60)
    Soft-r^4(d,a)=(-2.00, 0.10) at (x,y,z) = ( 3.90, 1.30, 3.90)
    Soft-r^4(d,a)=(-2.00, 0.10) at (x,y,z) = ( 3.90, 1.30, 5.20)
    Soft-r^4(d,a)=(-2.00, 0.10) at (x,y,z) = ( 3.90, 2.60, 0.00)
    Soft-r^4(d,a)=(-2.00, 0.10) at (x,y,z) = ( 3.90, 2.60, 1.30)
    Soft-r^4(d,a)=(-2.00, 0.10) at (x,y,z) = ( 3.90, 2.60, 2.60)
    Soft-r^4(d,a)=(-2.00, 0.10) at (x,y,z) = ( 3.90, 2.60, 3.90)
    Soft-r^4(d,a)=(-2.00, 0.10) at (x,y,z) = ( 3.90, 2.60, 5.20)
    Soft-r^4(d,a)=(-2.00, 0.10) at (x,y,z) = ( 3.90, 3.90, 0.00)
    Soft-r^4(d,a)=(-2.00, 0.10) at (x,y,z) = ( 3.90, 3.90, 1.30)
    Soft-r^4(d,a)=(-2.00, 0.10) at (x,y,z) = ( 3.90, 3.90, 2.60)
    Soft-r^4(d,a)=(-2.00, 0.10) at (x,y,z) = ( 3.90, 3.90, 3.90)
    Soft-r^4(d,a)=(-2.00, 0.10) at (x,y,z) = ( 3.90, 3.90, 5.20)
    Soft-r^4(d,a)=(-2.00, 0.10) at (x,y,z) = ( 3.90, 5.20, 0.00)
    Soft-r^4(d,a)=(-2.00, 0.10) at (x,y,z) = ( 3.90, 5.20, 1.30)
    Soft-r^4(d,a)=(-2.00, 0.10) at (x,y,z) = ( 3.90, 5.20, 2.60)
    Soft-r^4(d,a)=(-2.00, 0.10) at (x,y,z) = ( 3.90, 5.20, 3.90)
    Soft-r^4(d,a)=(-2.00, 0.10) at (x,y,z) = ( 3.90, 5.20, 5.20)
    Soft-r^4(d,a)=(-2.00, 0.10) at (x,y,z) = ( 5.20, 0.00, 0.00)
    Soft-r^4(d,a)=(-2.00, 0.10) at (x,y,z) = ( 5.20, 0.00, 1.30)
    Soft-r^4(d,a)=(-2.00, 0.10) at (x,y,z) = ( 5.20, 0.00, 2.60)
    Soft-r^4(d,a)=(-2.00, 0.10) at (x,y,z) = ( 5.20, 0.00, 3.90)
    Soft-r^4(d,a)=(-2.00, 0.10) at (x,y,z) = ( 5.20, 0.00, 5.20)
    Soft-r^4(d,a)=(-2.00, 0.10) at (x,y,z) = ( 5.20, 1.30, 0.00)
    Soft-r^4(d,a)=(-2.00, 0.10) at (x,y,z) = ( 5.20, 1.30, 1.30)
    Soft-r^4(d,a)=(-2.00, 0.10) at (x,y,z) = ( 5.20, 1.30, 2.60)
    Soft-r^4(d,a)=(-2.00, 0.10) at (x,y,z) = ( 5.20, 1.30, 3.90)
    Soft-r^4(d,a)=(-2.00, 0.10) at (x,y,z) = ( 5.20, 1.30, 5.20)
    Soft-r^4(d,a)=(-2.00, 0.10) at (x,y,z) = ( 5.20, 2.60, 0.00)
    Soft-r^4(d,a)=(-2.00, 0.10) at (x,y,z) = ( 5.20, 2.60, 1.30)
    Soft-r^4(d,a)=(-2.00, 0.10) at (x,y,z) = ( 5.20, 2.60, 2.60)
    Soft-r^4(d,a)=(-2.00, 0.10) at (x,y,z) = ( 5.20, 2.60, 3.90)
    Soft-r^4(d,a)=(-2.00, 0.10) at (x,y,z) = ( 5.20, 2.60, 5.20)
    Soft-r^4(d,a)=(-2.00, 0.10) at (x,y,z) = ( 5.20, 3.90, 0.00)
    Soft-r^4(d,a)=(-2.00, 0.10) at (x,y,z) = ( 5.20, 3.90, 1.30)
    Soft-r^4(d,a)=(-2.00, 0.10) at (x,y,z) = ( 5.20, 3.90, 2.60)
    Soft-r^4(d,a)=(-2.00, 0.10) at (x,y,z) = ( 5.20, 3.90, 3.90)
    Soft-r^4(d,a)=(-2.00, 0.10) at (x,y,z) = ( 5.20, 3.90, 5.20)
    Soft-r^4(d,a)=(-2.00, 0.10) at (x,y,z) = ( 5.20, 5.20, 0.00)
    Soft-r^4(d,a)=(-2.00, 0.10) at (x,y,z) = ( 5.20, 5.20, 1.30)
    Soft-r^4(d,a)=(-2.00, 0.10) at (x,y,z) = ( 5.20, 5.20, 2.60)
    Soft-r^4(d,a)=(-2.00, 0.10) at (x,y,z) = ( 5.20, 5.20, 3.90)
    Soft-r^4(d,a)=(-2.00, 0.10) at (x,y,z) = ( 5.20, 5.20, 5.20)


----GRAPH-CREATION-and-PARTITIONING----=======================================
      Setup: Max:   5.106, Sum: 653.617, Balance:   1.000
   Matching: Max:   4.442, Sum: 568.550, Balance:   1.000
Contraction: Max:   1.498, Sum: 191.747, Balance:   1.000
   InitPart: Max:   0.158, Sum:  20.162, Balance:   1.000
    Project: Max:   0.003, Sum:   0.342, Balance:   1.045
 Initialize: Max:   0.969, Sum: 123.965, Balance:   1.000
      K-way: Max:   3.046, Sum: 389.835, Balance:   1.000
      Remap: Max:   0.001, Sum:   0.111, Balance:   1.001
      Total: Max:  15.222, Sum: 1948.380, Balance:   1.000
Final 128-way Cut: 55301638 	Balance: 1.050 

    Number of nodes:
         Rank0.........1.854E+04
         Averg.........1.797E+04
         Total.........2.300E+06
    Number of edges:
         Rank0.........5.954E+06
         Averg.........5.908E+06
         Total.........7.563E+08
    Memory usage.[MB]:
         Rank0.........9.113E+01
         Averg.........9.043E+01
         Total.........1.157E+04


----MATRIX-ALLOCATION----=====================================================
    Dimension of matrix H or S:
              Rank0..............1.854E+04 (18539)
              Averg..............1.797E+04       
              Total..............2.300E+06 (2299968)
    Nonzero entries in H or S:
              Rank0..............5.972E+06 (5972169)
              Averg..............5.926E+06       
              Total..............7.586E+08 (758550528)
    Sparseness of H or S (fraction):
              Rank0..............1.401E-04
              Averg..............1.434E-04
    Sparseness of H or S (non-zero elemnts in a row):
              Rank0..............322.1
              Averg..............329.8
    Memory usage for H and S [MiB]:
              Rank0..............1.823E+02
              Averg..............1.809E+02
              Total..............2.315E+04


----ASSEMBLING----============================================================
..........10..........20..........30..........40..........50done
Assembling time = 184 [s]



----SOLVING----===============================================================
EPS Object: 128 MPI processes
  type: krylovschur
    Krylov-Schur: 50% of basis vectors kept after restart
  problem type: generalized symmetric eigenvalue problem
  extraction type: Rayleigh-Ritz
  selected portion of the spectrum: smallest real parts
  number of eigenvalues (nev): 1000
  number of column vectors (ncv): 2000
  maximum dimension of projected problem (mpd): 2000
  maximum number of iterations: 1500
  tolerance: 0.0001
  convergence test: relative to the eigenvalue
  estimates of matrix norms (constant): norm(A)=1, norm(B)=1
IP Object: 128 MPI processes
  type: bilinear
  orthogonalization method: classical Gram-Schmidt
  orthogonalization refinement: if needed (eta: 0.7071)
  Matrix Object:   128 MPI processes
    type: mpiaij
    rows=2299968, cols=2299968
    total: nonzeros=758550528, allocated nonzeros=758550528
    total number of mallocs used during MatSetValues calls =0
      not using I-node (on process 0) routines
DS Object: 128 MPI processes
  type: hep
  solving the problem with: Implicit QR method (_steqr)
ST Object: 128 MPI processes
  type: shift
  shift: 0
  matrices A and B have same nonzero pattern
  KSP Object:  (st_)   128 MPI processes
    type: cg
    maximum iterations=10000
    using preconditioner applied to right hand side for initial guess
    tolerances:  relative=1e-05, absolute=1e-50, divergence=10000
    left preconditioning
    using nonzero initial guess
    using PRECONDITIONED norm type for convergence test
  PC Object:  (st_)   128 MPI processes
    type: asm
      Additive Schwarz: total subdomain blocks = 128, amount of overlap = 1
      Additive Schwarz: restriction/interpolation type - RESTRICT
      Local solve is same for all blocks, in the following KSP and PC objects:
    KSP Object:    (st_sub_)     1 MPI processes
      type: preonly
      maximum iterations=10000, initial guess is zero
      tolerances:  relative=1e-05, absolute=1e-50, divergence=10000
      left preconditioning
      using DEFAULT norm type for convergence test
    PC Object:    (st_sub_)     1 MPI processes
      type: icc
        0 levels of fill
        tolerance for zero pivot 2.22045e-14
        using Manteuffel shift
        matrix ordering: natural
      linear system matrix = precond matrix:
      Matrix Object:       1 MPI processes
        type: seqaij
        rows=34049, cols=34049
        total: nonzeros=9898107, allocated nonzeros=9898107
        total number of mallocs used during MatSetValues calls =0
          not using I-node routines
    linear system matrix = precond matrix:
    Matrix Object:     128 MPI processes
      type: mpiaij
      rows=2299968, cols=2299968
      total: nonzeros=758550528, allocated nonzeros=758550528
      total number of mallocs used during MatSetValues calls =0
        not using I-node (on process 0) routines


  1 EPS nconv=177 first unconverged value (error) -12.0247 (2.02848276e-04)
  2 EPS nconv=278 first unconverged value (error) -9.60549 (1.83254916e-03)
  3 EPS nconv=428 first unconverged value (error) -6.81253 (1.54416090e-02)
  4 EPS nconv=541 first unconverged value (error) -5.10284 (1.93652040e-03)
  5 EPS nconv=696 first unconverged value (error) -2.85484 (9.14522290e-04)
  6 EPS nconv=792 first unconverged value (error) -1.72538 (1.58422610e-04)
  7 EPS nconv=857 first unconverged value (error) -0.997646 (1.61915141e-03)
  8 EPS nconv=920 first unconverged value (error) -0.48772 (8.46174425e-02)
  9 EPS nconv=958 first unconverged value (error) -0.237048 (5.10036185e-03)
 10 EPS nconv=984 first unconverged value (error) -0.00123633 (2.41672393e-04)
 11 EPS nconv=986 first unconverged value (error) 0.0100414 (8.06570215e-03)
 12 EPS nconv=988 first unconverged value (error) 0.0107417 (1.14084615e-01)
 13 EPS nconv=997 first unconverged value (error) 0.0283464 (2.23964129e-04)
 14 EPS nconv=997 first unconverged value (error) 0.0283286 (6.93850505e-02)
 15 EPS nconv=997 first unconverged value (error) 0.0283083 (2.63959015e-04)
 16 EPS nconv=1008 first unconverged value (error) 0.041471 (4.81622886e-04)

--------------------------------------------------------------
    Number of iterations of the method.............16
    Number of linear iterations of the method......44824
    Solution method................................krylovschur
    Number of requested eigenvalues................1000
    Stopping condition: eps_tol....................1.000000E-04
    Stopping condition: eps_max_it.................1500
--------------------------------------------------------------


             EIGENVALUES            ERROR
====================================================
    0    -2.0430445650E+01     2.8539314366E-08
    1    -1.9881822005E+01     3.2634709723E-08
    2    -1.9881805972E+01     3.1924982091E-08
    3    -1.9881803028E+01     3.7269200215E-08
    4    -1.9396075934E+01     2.8883746745E-08
    5    -1.9381855565E+01     3.0103031243E-08
    6    -1.9381845606E+01     4.3395667279E-08
    7    -1.9342544350E+01     3.6609298215E-08
    8    -1.9342531761E+01     3.2571620439E-08
    9    -1.9342526597E+01     3.4566067781E-08
   10    -1.8852866203E+01     3.6615502768E-08
   11    -1.8852852775E+01     3.5903079226E-08
   12    -1.8852849963E+01     3.5352277526E-08
   13    -1.8843611260E+01     2.5628601387E-08
   14    -1.8843608783E+01     3.6463431749E-08
   15    -1.8843594105E+01     3.1609994403E-08
   16    -1.8812150065E+01     3.6824282040E-08
   17    -1.8372016420E+01     3.2824619026E-08
   18    -1.8357923220E+01     3.4006693318E-08
   19    -1.8357918345E+01     3.3794594267E-08
   20    -1.8318670844E+01     3.7883976376E-08
   21    -1.8318656217E+01     3.6478245704E-08
   22    -1.8318653278E+01     2.9843377301E-08
   23    -1.7833415866E+01     3.6787002930E-08
   24    -1.7833401654E+01     3.0281360011E-08
   25    -1.7833396687E+01     4.0355629169E-08
   26    -1.7748481138E+01     4.0214887193E-08
   27    -1.7748479223E+01     2.7263751280E-08
   28    -1.7748471430E+01     4.8497151745E-08
   29    -1.7688767381E+01     3.8652676673E-08
   30    -1.7683182119E+01     3.4495174057E-08
   31    -1.7683175649E+01     4.6652146165E-08
   32    -1.7355636835E+01     3.4499129285E-08
   33    -1.7260094811E+01     3.2287529830E-08
   34    -1.7260087499E+01     3.7192791679E-08
   35    -1.7260082815E+01     4.5229963993E-08
   36    -1.7228173587E+01     3.2747413862E-08
   37    -1.7228167150E+01     4.5540344517E-08
   38    -1.7228159329E+01     4.7847443215E-08
   39    -1.7184914823E+01     3.8162608789E-08
   40    -1.7184910156E+01     4.0859273495E-08
   41    -1.7184905953E+01     4.2861772735E-08
   42    -1.7181230759E+01     3.8458251112E-08
   43    -1.7181229740E+01     3.9867766054E-08
   44    -1.7181222449E+01     3.8359380904E-08
   45    -1.6778961191E+01     4.1318392019E-08
   46    -1.6742064892E+01     3.8065326583E-08
   47    -1.6742053866E+01     3.8937904572E-08
   48    -1.6742049226E+01     5.1379516176E-08
   49    -1.6733878795E+01     2.5310378405E-08
   50    -1.6733873821E+01     4.0167972566E-08
   51    -1.6733865229E+01     4.2635583933E-08
   52    -1.6731623034E+01     3.8994602794E-08
   53    -1.6731617304E+01     5.0392626171E-08
   54    -1.6716222182E+01     4.6013169821E-08
   55    -1.6707721249E+01     3.6062906196E-08
   56    -1.6707717856E+01     4.2692793911E-08
   57    -1.6688557637E+01     3.4967503434E-08
   58    -1.6688549786E+01     4.4614946004E-08
   59    -1.6688546809E+01     4.9097430354E-08
   60    -1.6653634895E+01     4.0071345312E-08
   61    -1.6653632733E+01     4.2665476258E-08
   62    -1.6644898760E+01     3.5497433956E-08
   63    -1.6256713335E+01     3.7723560701E-08
   64    -1.6256698823E+01     4.5690415725E-08
   65    -1.6256696930E+01     3.8769810139E-08
   66    -1.6228058198E+01     4.3420932902E-08
   67    -1.6228052882E+01     4.2577564952E-08
   68    -1.6228017229E+01     4.0606831434E-08
   69    -1.6217071285E+01     4.0911144693E-08
   70    -1.6217041795E+01     4.3136304365E-08
   71    -1.6217040861E+01     3.3724849507E-08
   72    -1.6156648587E+01     4.2274295891E-08
   73    -1.6156646614E+01     3.6511437304E-08
   74    -1.6156635605E+01     4.5601421742E-08
   75    -1.5747937120E+01     4.2310802300E-08
   76    -1.5744710727E+01     3.1933405815E-08
   77    -1.5744706796E+01     4.7695000043E-08
   78    -1.5744382405E+01     4.1645721146E-08
   79    -1.5664274398E+01     3.4442762494E-08
   80    -1.5664270688E+01     4.6473931350E-08
   81    -1.5364092983E+01     4.3318855895E-08
   82    -1.5364090389E+01     2.8538394434E-08
   83    -1.5364084294E+01     6.3284322468E-08
   84    -1.5299970213E+01     4.5652329900E-08
   85    -1.5299954031E+01     4.4264677836E-08
   86    -1.5299951900E+01     5.2754160847E-08
   87    -1.5295882499E+01     3.9031125512E-08
   88    -1.5295880531E+01     5.1462438716E-08
   89    -1.5295864174E+01     4.7378005671E-08
   90    -1.5238183990E+01     4.9099871271E-08
   91    -1.5232076273E+01     3.5965693452E-08
   92    -1.5232072129E+01     5.2460943293E-08
   93    -1.4927732212E+01     4.5775658357E-08
   94    -1.4880326257E+01     4.7294857306E-08
   95    -1.4880324144E+01     4.5527842706E-08
   96    -1.4848115673E+01     4.7206737979E-08
   97    -1.4848096812E+01     4.5306216036E-08
   98    -1.4848093041E+01     4.7122172035E-08
   99    -1.4815292138E+01     3.4692673253E-08
  100    -1.4815288080E+01     5.4750217230E-08
  101    -1.4815269624E+01     4.7255224867E-08
  102    -1.4769584796E+01     4.9536636598E-08
  103    -1.4769581945E+01     3.9026577700E-08
  104    -1.4769576664E+01     5.2606827302E-08
  105    -1.4749229742E+01     4.7967789534E-08
  106    -1.4749227100E+01     4.3752566222E-08
  107    -1.4749221201E+01     4.5246363270E-08
  108    -1.4384784382E+01     5.0060090366E-08
  109    -1.4384759379E+01     4.5481487586E-08
  110    -1.4384755752E+01     5.7320573900E-08
  111    -1.4352344052E+01     5.0967298689E-08
  112    -1.4352302040E+01     5.3512411528E-08
  113    -1.4352300809E+01     4.2667197984E-08
  114    -1.4321633563E+01     5.1380633258E-08
  115    -1.4294830910E+01     4.3143405516E-08
  116    -1.4294825441E+01     6.0906175724E-08
  117    -1.4294796385E+01     5.1129877179E-08
  118    -1.4235701980E+01     5.3654733951E-08
  119    -1.4235700206E+01     5.1347603812E-08
  120    -1.4210117325E+01     4.6043900002E-08
  121    -1.4210114567E+01     3.8152359316E-08
  122    -1.4210111350E+01     4.8378214200E-08
  123    -1.4170243584E+01     4.6544217521E-08
  124    -1.4170240080E+01     4.7033556209E-08
  125    -1.4170237201E+01     4.8988389254E-08
  126    -1.3677403560E+01     4.8082241678E-08
  127    -1.3652942650E+01     4.7859135820E-08
  128    -1.3652937162E+01     6.3536417989E-08
  129    -1.3652906488E+01     5.0709386448E-08
  130    -1.3642841843E+01     4.4207186563E-08
  131    -1.3642810315E+01     4.7419664005E-08
  132    -1.3642809767E+01     4.5046500535E-08
  133    -1.3622289167E+01     4.2656587698E-08
  134    -1.3622284961E+01     5.3362292360E-08
  135    -1.3304755981E+01     4.5002284966E-08
  136    -1.3251888636E+01     4.8290010873E-08
  137    -1.3251886558E+01     5.2978498407E-08
  138    -1.3218869694E+01     5.0186002673E-08
  139    -1.3147608374E+01     5.3259228848E-08
  140    -1.3147565883E+01     3.3433829861E-08
  141    -1.3147561561E+01     5.8593578674E-08
  142    -1.3117801784E+01     4.3454750612E-08
  143    -1.3117800225E+01     5.1051141840E-08
  144    -1.3117776574E+01     4.6791424328E-08
  145    -1.3083985323E+01     6.1045065626E-08
  146    -1.3083959011E+01     4.8095373235E-08
  147    -1.3083956594E+01     4.6836148818E-08
  148    -1.3078685542E+01     5.2828239197E-08
  149    -1.3078639390E+01     3.7702148774E-08
  150    -1.3078636089E+01     5.8164896377E-08
  151    -1.3011958342E+01     5.0906946635E-08
  152    -1.2740113988E+01     4.4528186774E-08
  153    -1.2740111330E+01     4.9786239451E-08
  154    -1.2740082628E+01     4.7317475111E-08
  155    -1.2706701250E+01     5.2122015965E-08
  156    -1.2706674600E+01     4.8181565633E-08
  157    -1.2706671597E+01     5.5448523586E-08
  158    -1.2573485684E+01     5.1557517246E-08
  159    -1.2573480142E+01     6.1643920375E-08
  160    -1.2573419089E+01     4.7144042386E-08
  161    -1.2248455443E+01     5.1815278011E-08
  162    -1.2223646822E+01     4.3107304388E-08
  163    -1.2223644407E+01     5.1403888730E-08
  164    -1.2187988576E+01     4.7990526571E-08
  165    -1.2187987409E+01     5.6612845907E-08
  166    -1.2187961407E+01     6.0007581297E-08
  167    -1.2185642653E+01     6.0560327714E-08
  168    -1.2185638363E+01     4.9836526039E-08
  169    -1.2185596004E+01     5.6391982165E-08
  170    -1.2135339651E+01     5.1553113880E-08
  171    -1.2135336108E+01     6.1973697761E-08
  172    -1.2106223837E+01     5.3113556500E-08
  173    -1.2040030316E+01     5.2798846926E-08
  174    -1.2040026196E+01     8.2904929240E-08
  175    -1.2040020007E+01     6.6677835027E-08
  176    -1.2024788266E+01     8.9798898450E-08
  177    -1.2024750919E+01     5.4532714950E-08
  178    -1.2024749132E+01     5.5892964934E-08
  179    -1.2020884369E+01     5.4201783005E-08
  180    -1.2020882953E+01     5.7620059381E-08
  181    -1.2020857201E+01     5.2050139915E-08
  182    -1.1695212963E+01     5.4327719814E-08
  183    -1.1695211611E+01     5.5636280051E-08
  184    -1.1695178720E+01     5.1265918762E-08
  185    -1.1694896445E+01     5.7450889805E-08
  186    -1.1653434621E+01     5.2184857787E-08
  187    -1.1653433560E+01     6.0569394549E-08
  188    -1.1620606846E+01     5.5276631825E-08
  189    -1.1620603818E+01     6.0991681276E-08
  190    -1.1620492873E+01     5.5729093178E-08
  191    -1.1593644662E+01     5.6037665627E-08
  192    -1.1593601560E+01     5.4189563746E-08
  193    -1.1593600257E+01     4.9995257085E-08
  194    -1.1547794005E+01     5.8836484772E-08
  195    -1.1547792944E+01     6.0609080368E-08
  196    -1.1523218469E+01     5.8601846832E-08
  197    -1.1523199259E+01     4.9293056035E-08
  198    -1.1523196046E+01     6.4798035982E-08
  199    -1.1499313634E+01     5.6710284047E-08
  200    -1.1499214012E+01     5.1461357009E-08
  201    -1.1499209708E+01     6.0211201620E-08
  202    -1.1489209744E+01     5.3992342250E-08
  203    -1.1202244298E+01     5.0789223160E-08
  204    -1.1168949075E+01     4.8041244253E-08
  205    -1.1168947361E+01     6.7792595122E-08
  206    -1.1168899035E+01     5.3380135518E-08
  207    -1.1112052378E+01     5.8837138582E-08
  208    -1.1112049667E+01     6.3650869384E-08
  209    -1.1112029485E+01     6.0554265456E-08
  210    -1.1072144994E+01     6.0416437832E-08
  211    -1.1072142582E+01     5.4407381725E-08
  212    -1.1014026563E+01     6.1675329290E-08
  213    -1.1014025621E+01     6.4332955712E-08
  214    -1.1013964238E+01     6.0797756525E-08
  215    -1.0988892798E+01     6.5917673734E-08
  216    -1.0988823094E+01     5.5946827485E-08
  217    -1.0988819622E+01     6.4507031735E-08
  218    -1.0982005204E+01     6.3203020465E-08
  219    -1.0981936758E+01     5.2863102862E-08
  220    -1.0981932835E+01     6.1705389100E-08
  221    -1.0927386078E+01     6.0489047140E-08
  222    -1.0927357769E+01     5.5450758002E-08
  223    -1.0927356601E+01     6.4259203129E-08
  224    -1.0718083561E+01     4.4900981841E-08
  225    -1.0718081965E+01     6.7586259934E-08
  226    -1.0718079730E+01     7.2622691228E-08
  227    -1.0713834276E+01     6.4050252991E-08
  228    -1.0694558444E+01     6.1082776847E-08
  229    -1.0694554899E+01     6.3374796305E-08
  230    -1.0694550614E+01     6.8061538410E-08
  231    -1.0685871138E+01     5.8745653509E-08
  232    -1.0668289599E+01     5.4218665812E-08
  233    -1.0668285475E+01     6.5166474867E-08
  234    -1.0564221403E+01     5.8657531514E-08
  235    -1.0564219933E+01     6.8184607474E-08
  236    -1.0543362164E+01     6.9050586797E-08
  237    -1.0533913063E+01     6.8431609433E-08
  238    -1.0533910944E+01     6.9115048174E-08
  239    -1.0533833861E+01     6.9331820023E-08
  240    -1.0523149070E+01     5.3892689195E-08
  241    -1.0523071556E+01     5.8920319919E-08
  242    -1.0523070637E+01     5.2485073092E-08
  243    -1.0454512580E+01     6.7437050799E-08
  244    -1.0454512394E+01     6.0311374377E-08
  245    -1.0224335066E+01     6.5332679895E-08
  246    -1.0224333963E+01     6.4703858246E-08
  247    -1.0224301032E+01     6.8892634242E-08
  248    -1.0180312547E+01     6.0012114790E-08
  249    -1.0180290088E+01     7.0665833826E-08
  250    -1.0180287939E+01     7.2271270124E-08
  251    -1.0171214267E+01     5.9483674888E-08
  252    -1.0171212938E+01     6.7874807618E-08
  253    -1.0171198051E+01     7.7482973722E-08
  254    -1.0070152283E+01     7.1689553373E-08
  255    -1.0070150536E+01     5.5556652359E-08
  256    -1.0070142982E+01     6.0217300028E-08
  257    -1.0059935734E+01     6.5717723251E-08
  258    -1.0059889609E+01     6.5059616991E-08
  259    -1.0059887920E+01     8.3504480254E-08
  260    -1.0024367272E+01     5.2448233269E-08
  261    -9.9233760687E+00     5.8960986587E-08
  262    -9.9233748798E+00     6.2071096587E-08
  263    -9.9233727038E+00     6.5549480596E-08
  264    -9.8731829193E+00     7.6876236510E-08
  265    -9.7283571425E+00     6.3167852190E-08
  266    -9.7153204020E+00     6.5622628429E-08
  267    -9.7153099499E+00     9.4159343177E-08
  268    -9.7153084264E+00     6.4655863718E-08
  269    -9.7053205395E+00     6.6100109844E-08
  270    -9.7053174851E+00     7.9212321699E-08
  271    -9.7052913203E+00     7.2278178261E-08
  272    -9.6962892425E+00     7.7272955932E-08
  273    -9.6962872450E+00     5.9376789131E-08
  274    -9.6941874887E+00     8.2356250954E-08
  275    -9.6941871492E+00     6.6830054618E-08
  276    -9.6055557260E+00     2.1784325641E-07
  277    -9.6055159967E+00     7.7823247607E-07
  278    -9.6055154958E+00     6.7224933693E-08
  279    -9.6014202083E+00     6.3594083343E-08
  280    -9.6014191150E+00     7.5466531178E-08
  281    -9.6013667019E+00     6.7413774096E-08
  282    -9.5755570891E+00     6.7737342147E-08
  283    -9.5755561352E+00     7.4319185811E-08
  284    -9.5727050376E+00     7.2086817169E-08
  285    -9.5723893248E+00     7.8410467904E-08
  286    -9.5723871757E+00     7.2239256242E-08
  287    -9.5596807283E+00     7.0220237526E-08
  288    -9.5596804925E+00     7.1271965563E-08
  289    -9.4669908873E+00     5.9222444846E-08
  290    -9.4669877939E+00     6.3414938546E-08
  291    -9.4669841847E+00     6.7446198696E-08
  292    -9.4480614975E+00     6.9843956704E-08
  293    -9.3628165767E+00     7.8876407975E-08
  294    -9.3628103480E+00     6.3865974823E-08
  295    -9.3628092012E+00     7.1485631745E-08
  296    -9.3257122750E+00     6.6380005189E-08
  297    -9.3257088306E+00     8.2509204504E-08
  298    -9.3256994973E+00     8.3119206084E-08
  299    -9.1681892993E+00     7.0389248905E-08
  300    -9.1681663794E+00     7.3925122843E-08
  301    -9.1681644379E+00     7.3626487844E-08
  302    -9.1398988542E+00     6.5006858146E-08
  303    -9.1398964640E+00     8.0987731404E-08
  304    -9.1398568737E+00     7.6765047443E-08
  305    -9.0819734180E+00     6.8176477490E-08
  306    -9.0819539053E+00     6.8979029453E-08
  307    -9.0819528383E+00     7.4285975497E-08
  308    -9.0214250809E+00     7.4982323775E-08
  309    -9.0214241929E+00     7.4268125508E-08
  310    -9.0213568117E+00     7.7337239916E-08
  311    -9.0145429993E+00     6.9067677543E-08
  312    -9.0144809392E+00     7.4687036774E-08
  313    -9.0144796405E+00     8.0624299418E-08
  314    -8.8269074587E+00     8.8224017166E-08
  315    -8.8113562469E+00     6.0710606145E-08
  316    -8.7963282224E+00     6.8176768545E-08
  317    -8.7963277191E+00     6.6703786610E-08
  318    -8.7369561635E+00     8.3731789344E-08
  319    -8.7369550807E+00     8.4494748530E-08
  320    -8.7369134218E+00     8.3167013792E-08
  321    -8.7303407448E+00     9.0724502740E-08
  322    -8.7303372201E+00     1.0904045200E-07
  323    -8.7281088310E+00     8.2792353842E-08
  324    -8.6635173499E+00     7.1440714387E-08
  325    -8.6635154146E+00     9.2991975421E-08
  326    -8.6261694885E+00     7.5023443496E-08
  327    -8.6261673165E+00     8.4407003639E-08
  328    -8.6097983472E+00     7.0542913299E-08
  329    -8.5926626789E+00     7.6712928710E-08
  330    -8.5926608318E+00     8.0937553715E-08
  331    -8.5926593007E+00     8.0173979431E-08
  332    -8.5489731708E+00     7.4683060176E-08
  333    -8.5489714010E+00     8.2566592048E-08
  334    -8.4754044022E+00     8.6312319900E-08
  335    -8.4438960638E+00     7.7285251357E-08
  336    -8.4438914486E+00     8.6034432789E-08
  337    -8.4438622580E+00     7.9618863314E-08
  338    -8.4107210840E+00     9.0961651608E-08
  339    -8.4107193070E+00     9.0255045791E-08
  340    -8.4107187647E+00     8.8909915483E-08
  341    -8.3576558659E+00     9.2781547035E-08
  342    -8.3576534621E+00     9.5209638791E-08
  343    -8.3576491774E+00     8.7831714834E-08
  344    -8.3083385150E+00     7.8634439015E-08
  345    -8.2824126610E+00     7.4188777530E-08
  346    -8.2821960671E+00     7.4501324083E-08
  347    -8.2821933941E+00     9.7766477534E-08
  348    -8.2770025757E+00     1.5899621770E-07
  349    -8.2770001326E+00     9.3835911608E-08
  350    -8.2769956824E+00     2.3402579625E-07
  351    -8.1915725266E+00     7.8772939095E-08
  352    -8.1915721204E+00     9.3867212296E-08
  353    -8.1891148546E+00     8.1994456064E-08
  354    -8.1891120775E+00     7.8270730701E-08
  355    -8.1891105909E+00     7.9699971575E-08
  356    -8.1797189747E+00     6.7598996834E-08
  357    -8.1797171347E+00     8.8438268368E-08
  358    -8.1797020116E+00     1.1404874195E-07
  359    -8.1606370236E+00     8.5563839766E-08
  360    -8.1606367217E+00     9.7672298858E-08
  361    -8.1606307953E+00     1.1007389350E-07
  362    -8.0806537357E+00     7.7269430775E-08
  363    -8.0806511356E+00     8.5665758022E-08
  364    -8.0806495003E+00     8.7349216156E-08
  365    -8.0320273721E+00     6.9797700617E-08
  366    -8.0320249640E+00     9.3467036577E-08
  367    -8.0319990418E+00     8.3054118744E-08
  368    -8.0196291867E+00     8.5143347910E-08
  369    -8.0195967793E+00     7.6958657577E-08
  370    -8.0195947232E+00     8.5593555849E-08
  371    -7.9328935513E+00     8.4144284976E-08
  372    -7.9328930986E+00     8.1649023182E-08
  373    -7.9328919519E+00     8.3854224925E-08
  374    -7.8666237904E+00     9.2121685658E-08
  375    -7.8666218922E+00     8.3031635262E-08
  376    -7.8666210385E+00     9.1480053180E-08
  377    -7.8179384916E+00     8.4056135967E-08
  378    -7.8179369309E+00     9.4769668490E-08
  379    -7.8179349366E+00     1.1241030464E-07
  380    -7.7544518535E+00     9.5858807749E-08
  381    -7.7543396340E+00     8.3867685821E-08
  382    -7.7543391369E+00     9.2858758601E-08
  383    -7.7456981107E+00     1.0230365054E-07
  384    -7.7456962675E+00     6.8508986932E-08
  385    -7.7455818718E+00     8.4677828351E-08
  386    -7.6514520557E+00     7.5862809168E-08
  387    -7.6383793839E+00     8.1582254704E-08
  388    -7.6383782323E+00     8.0125930099E-08
  389    -7.4573620097E+00     9.7776382726E-08
  390    -7.4573332394E+00     8.2398010576E-08
  391    -7.4573315653E+00     9.7259529084E-08
  392    -7.3881538308E+00     8.3766978811E-08
  393    -7.3445536860E+00     9.0069574820E-08
  394    -7.3445523300E+00     9.7371145684E-08
  395    -7.3082317669E+00     1.0128290587E-07
  396    -7.3082302620E+00     1.1723502637E-07
  397    -7.3082097479E+00     1.1550644042E-07
  398    -7.2759091210E+00     9.3011529862E-08
  399    -7.2759077920E+00     1.0272461593E-07
  400    -7.2759004011E+00     9.6935453973E-08
  401    -7.2632217247E+00     1.0930867382E-07
  402    -7.2632183934E+00     1.2083922376E-07
  403    -7.2632170486E+00     1.1826824188E-07
  404    -7.2354309481E+00     1.1206190669E-07
  405    -7.2234405402E+00     1.2279624229E-07
  406    -7.2234380773E+00     8.8129919515E-08
  407    -7.2172693805E+00     1.0644970504E-07
  408    -7.2172675093E+00     1.1268777234E-07
  409    -7.2169454607E+00     9.7469764722E-08
  410    -7.2073039258E+00     8.2888837185E-08
  411    -7.2073027183E+00     8.9202845808E-08
  412    -7.2072524487E+00     8.1352895988E-08
  413    -7.1961935552E+00     9.5847878706E-08
  414    -7.1961913304E+00     1.0544316204E-07
  415    -7.1415992378E+00     9.0768585658E-08
  416    -6.9710461584E+00     1.1009426889E-07
  417    -6.9094550627E+00     1.0772345611E-07
  418    -6.8937741318E+00     9.8357674849E-08
  419    -6.8937725407E+00     1.0296564300E-07
  420    -6.8936873990E+00     9.6342541063E-08
  421    -6.8545549129E+00     1.1154895615E-07
  422    -6.8545541455E+00     1.1372973354E-07
  423    -6.8544411055E+00     1.2646983063E-07
  424    -6.8429099199E+00     1.2578572184E-07
  425    -6.8429077437E+00     1.0053360230E-07
  426    -6.8158866052E+00     1.0041796854E-07
  427    -6.8158850703E+00     9.5163922257E-08
  428    -6.8158847508E+00     1.0395717621E-07
  429    -6.7836176058E+00     8.7587932242E-08
  430    -6.7836157658E+00     1.2103195911E-07
  431    -6.7836077454E+00     1.0266805336E-07
  432    -6.7780397390E+00     1.1272305565E-07
  433    -6.7780386563E+00     1.0877284426E-07
  434    -6.7780289687E+00     1.0829227020E-07
  435    -6.7400548690E+00     1.2625653920E-07
  436    -6.7392501516E+00     1.0729496071E-07
  437    -6.7392491380E+00     1.2120960027E-07
  438    -6.7364191350E+00     9.0172465539E-08
  439    -6.7364185952E+00     1.1205134985E-07
  440    -6.7356129472E+00     1.0665243532E-07
  441    -6.6955938425E+00     9.6042853449E-08
  442    -6.6954784207E+00     9.3903208141E-08
  443    -6.6954783163E+00     1.0901878207E-07
  444    -6.6875104201E+00     1.2205064881E-07
  445    -6.6875095923E+00     8.5340326243E-08
  446    -6.6874054520E+00     1.0866762702E-07
  447    -6.6651743150E+00     1.3018297172E-07
  448    -6.6651493599E+00     9.4109412418E-08
  449    -6.6651484384E+00     1.1786521512E-07
  450    -6.6102691514E+00     1.1969660633E-07
  451    -6.6102673911E+00     1.2512322284E-07
  452    -6.5923801033E+00     1.1744793842E-07
  453    -6.5923519203E+00     1.2222950069E-07
  454    -6.5923507043E+00     1.3367722528E-07
  455    -6.5869767345E+00     1.4298696275E-07
  456    -6.5869463965E+00     1.0632777468E-07
  457    -6.5869436629E+00     1.3130537654E-07
  458    -6.4416453717E+00     9.3939394089E-08
  459    -6.3646322645E+00     1.5007501401E-07
  460    -6.3646288779E+00     1.3127429417E-07
  461    -6.3145776729E+00     1.8968976718E-07
  462    -6.3145342509E+00     2.2428157086E-07
  463    -6.3145326230E+00     1.1632185641E-07
  464    -6.3072856167E+00     1.0503720262E-07
  465    -6.3072844862E+00     1.2622739018E-07
  466    -6.3072621556E+00     1.1436376925E-07
  467    -6.2989201235E+00     9.9961628696E-08
  468    -6.2567740621E+00     1.0449271614E-07
  469    -6.2567726872E+00     1.2380825572E-07
  470    -6.2561118574E+00     1.2606976275E-07
  471    -6.2561103002E+00     1.4033216008E-07
  472    -6.2561051016E+00     1.2226333751E-07
  473    -6.1857899612E+00     1.0783787788E-07
  474    -6.1857883004E+00     1.2297608809E-07
  475    -6.1857870995E+00     1.2901114559E-07
  476    -6.1856848495E+00     1.1204191645E-07
  477    -6.1856836566E+00     1.2178404715E-07
  478    -6.1689051855E+00     1.0871841398E-07
  479    -6.1687322575E+00     1.0828956226E-07
  480    -6.1687320022E+00     1.1921115236E-07
  481    -6.1433485035E+00     1.1490527569E-07
  482    -6.1311153960E+00     9.3987119669E-08
  483    -5.9086587209E+00     1.2688078246E-07
  484    -5.9085821370E+00     1.0561436874E-07
  485    -5.9085819384E+00     1.2741644831E-07
  486    -5.8602927221E+00     1.5489095870E-07
  487    -5.8424098469E+00     1.3588360849E-07
  488    -5.8424085925E+00     1.5373580965E-07
  489    -5.8423773017E+00     2.9632664527E-07
  490    -5.8061229035E+00     1.1073152432E-07
  491    -5.8061221958E+00     1.4574766041E-07
  492    -5.8060661252E+00     1.2727310772E-07
  493    -5.7792802362E+00     1.3753624412E-07
  494    -5.7792794452E+00     1.3637476066E-07
  495    -5.7741906609E+00     1.3229596447E-07
  496    -5.7741453134E+00     1.2850440315E-07
  497    -5.7741449922E+00     1.1678022875E-07
  498    -5.7679616958E+00     1.3593718820E-07
  499    -5.7679609848E+00     1.3480770043E-07
  500    -5.7677655230E+00     2.6340752182E-07
  501    -5.7006490804E+00     1.4630101020E-07
  502    -5.7006484991E+00     1.6451611729E-07
  503    -5.5442401528E+00     1.7074030879E-07
  504    -5.5442389866E+00     2.1116133957E-07
  505    -5.4752740568E+00     1.7710494973E-07
  506    -5.4752736409E+00     1.2865242109E-07
  507    -5.4752243819E+00     1.4410312602E-07
  508    -5.4639311228E+00     1.7019339306E-07
  509    -5.4426049176E+00     1.3532903521E-07
  510    -5.4154087351E+00     1.6473700695E-07
  511    -5.4154051798E+00     1.4348511693E-07
  512    -5.4154038107E+00     1.6724697367E-07
  513    -5.4106330590E+00     1.3498246216E-07
  514    -5.3944571883E+00     1.1922188907E-07
  515    -5.3944564848E+00     1.7649265694E-07
  516    -5.3233355094E+00     1.2568112280E-07
  517    -5.3233350859E+00     1.7027835174E-07
  518    -5.2927994648E+00     1.5508758004E-07
  519    -5.2870748648E+00     1.5708019542E-07
  520    -5.2870570328E+00     1.3192058389E-07
  521    -5.2870557209E+00     1.4012765720E-07
  522    -5.2737549101E+00     1.3753377555E-07
  523    -5.2737536868E+00     1.5241313288E-07
  524    -5.2737363364E+00     1.5521190731E-07
  525    -5.2541645174E+00     1.5052414649E-07
  526    -5.2541634804E+00     1.7393795113E-07
  527    -5.2541500289E+00     1.7898720564E-07
  528    -5.2178249585E+00     1.5982667341E-07
  529    -5.2178032256E+00     1.6158813269E-07
  530    -5.2178028794E+00     1.7685541663E-07
  531    -5.1677730710E+00     1.5576207588E-07
  532    -5.1677097693E+00     1.5692176421E-07
  533    -5.1677091616E+00     2.3542257953E-07
  534    -5.1636613089E+00     1.9090603547E-07
  535    -5.1636161505E+00     6.3118476024E-07
  536    -5.1636147099E+00     2.3864760960E-07
  537    -5.1464600042E+00     1.7646146527E-07
  538    -5.1464597786E+00     1.9009129333E-07
  539    -5.1042345720E+00     1.7439679719E-07
  540    -5.1042341109E+00     1.5578582103E-07
  541    -5.1042301210E+00     1.8301718486E-07
  542    -5.1026549704E+00     1.6324652807E-07
  543    -5.1026299705E+00     1.1944275734E-07
  544    -5.1026288577E+00     1.5922725556E-07
  545    -5.0875828977E+00     1.7471678014E-07
  546    -5.0875827395E+00     1.7648983404E-07
  547    -5.0875697890E+00     1.8322435336E-07
  548    -5.0416756168E+00     1.4559939442E-07
  549    -5.0275092107E+00     1.2645172095E-07
  550    -5.0275087854E+00     1.7191138141E-07
  551    -5.0275070494E+00     1.5790494311E-07
  552    -5.0240099079E+00     1.5477284309E-07
  553    -5.0240092479E+00     1.9092886973E-07
  554    -5.0239966720E+00     1.6208476225E-07
  555    -4.9339882912E+00     1.4868928506E-07
  556    -4.9339868141E+00     1.5464665762E-07
  557    -4.8907372576E+00     1.1447536802E-07
  558    -4.8648587399E+00     1.7056594812E-07
  559    -4.8648320137E+00     1.6854745364E-07
  560    -4.8648318250E+00     1.5447146038E-07
  561    -4.8342176605E+00     1.5638492116E-07
  562    -4.8342166847E+00     1.7186627620E-07
  563    -4.8069943809E+00     2.1473635831E-07
  564    -4.8069940194E+00     1.6931357673E-07
  565    -4.8069646999E+00     1.7698018509E-07
  566    -4.8060633239E+00     1.7792971005E-07
  567    -4.8060621368E+00     2.2180164560E-07
  568    -4.8058742665E+00     1.7582542501E-07
  569    -4.7893803171E+00     1.6639777484E-07
  570    -4.7893705583E+00     1.4553799986E-07
  571    -4.7893698973E+00     1.8517765070E-07
  572    -4.7729743330E+00     1.5738781114E-07
  573    -4.7729415421E+00     1.6286139961E-07
  574    -4.7729403603E+00     1.8436856658E-07
  575    -4.7652318022E+00     2.1395638149E-07
  576    -4.7651353453E+00     1.7650365338E-07
  577    -4.7651343775E+00     2.0270346351E-07
  578    -4.6975974155E+00     1.6880396767E-07
  579    -4.6975966879E+00     1.7070592810E-07
  580    -4.6975922469E+00     1.5589003090E-07
  581    -4.6400787158E+00     1.6985992148E-07
  582    -4.6400777425E+00     1.8153741225E-07
  583    -4.6400428716E+00     2.0789414207E-07
  584    -4.5983718682E+00     1.8849452317E-07
  585    -4.5983706710E+00     2.3985978984E-07
  586    -4.5597715215E+00     1.7038932220E-07
  587    -4.3627747260E+00     2.0987031327E-07
  588    -4.3626931479E+00     2.3518609464E-07
  589    -4.3626921620E+00     2.1188050259E-07
  590    -4.3190118431E+00     2.0651064612E-07
  591    -4.3190106359E+00     2.0183689425E-07
  592    -4.3189962091E+00     1.9296815325E-07
  593    -4.2205291907E+00     2.2431583290E-07
  594    -4.2205282279E+00     1.8096841330E-07
  595    -4.2203553840E+00     1.8632132449E-07
  596    -4.1736368416E+00     2.0429831060E-07
  597    -4.1734425142E+00     2.5936489808E-07
  598    -4.1734415324E+00     3.1050711867E-07
  599    -4.1627332557E+00     2.5332178353E-07
  600    -4.1045326421E+00     4.6453487197E-07
  601    -4.1045312343E+00     2.8746717907E-07
  602    -4.1045209571E+00     3.9810101607E-07
  603    -3.9959261430E+00     2.7288170559E-07
  604    -3.9959177864E+00     2.5320844209E-07
  605    -3.9959172692E+00     2.3303778244E-07
  606    -3.9554263904E+00     2.3608786577E-07
  607    -3.9554256107E+00     2.5103165059E-07
  608    -3.9554189553E+00     2.8202684075E-07
  609    -3.9233586001E+00     2.7750160913E-07
  610    -3.9232783364E+00     2.7232719412E-07
  611    -3.9232769926E+00     2.7574527128E-07
  612    -3.9137781809E+00     2.0150676454E-07
  613    -3.9089082399E+00     3.9178162436E-07
  614    -3.8947000988E+00     2.6031777063E-07
  615    -3.8946979844E+00     2.5231698321E-07
  616    -3.8946974338E+00     2.8177547014E-07
  617    -3.8310886745E+00     2.4523257513E-07
  618    -3.8310884243E+00     2.5575764028E-07
  619    -3.7880672325E+00     2.6394454990E-07
  620    -3.7329076555E+00     2.6635859295E-07
  621    -3.7329066090E+00     2.9128030813E-07
  622    -3.7089414546E+00     2.8191409263E-07
  623    -3.7086464334E+00     3.0722919023E-07
  624    -3.7086458829E+00     2.6206141622E-07
  625    -3.6940531067E+00     3.4795263557E-07
  626    -3.6940523085E+00     3.2672975977E-07
  627    -3.6829684986E+00     1.8418563226E-07
  628    -3.6496285095E+00     3.0268410830E-07
  629    -3.6496275855E+00     3.1488369600E-07
  630    -3.6495937401E+00     2.7934649132E-07
  631    -3.6343850495E+00     2.4325153416E-07
  632    -3.6343837721E+00     3.0891494836E-07
  633    -3.6343113203E+00     2.4229170066E-07
  634    -3.6127651155E+00     2.1211948857E-07
  635    -3.6127642769E+00     2.4129832729E-07
  636    -3.5995858981E+00     2.0749466460E-07
  637    -3.5912267612E+00     2.9438754215E-07
  638    -3.5912261756E+00     3.2970483394E-07
  639    -3.5876254704E+00     3.0729239946E-07
  640    -3.5875040923E+00     2.7617252480E-07
  641    -3.5875031062E+00     3.0208320142E-07
  642    -3.5796957652E+00     2.8513521352E-07
  643    -3.5462717946E+00     2.6666244240E-07
  644    -3.5462713923E+00     3.2782538248E-07
  645    -3.5462336841E+00     2.9632591404E-07
  646    -3.5296177751E+00     3.5646645752E-07
  647    -3.5295602627E+00     2.7908251250E-07
  648    -3.5295598285E+00     2.7198522789E-07
  649    -3.5189012960E+00     2.6626807150E-07
  650    -3.5189007079E+00     3.2518744931E-07
  651    -3.5186893361E+00     3.1872283977E-07
  652    -3.5179234837E+00     2.5064619085E-07
  653    -3.5178773167E+00     4.2427898767E-07
  654    -3.5178768513E+00     3.3930574572E-07
  655    -3.4891414282E+00     2.7440221520E-07
  656    -3.4891208587E+00     2.6235324739E-07
  657    -3.4891202142E+00     2.8299865344E-07
  658    -3.4614616533E+00     2.7361831937E-07
  659    -3.4614610912E+00     2.5537006070E-07
  660    -3.3513030647E+00     2.9521440860E-07
  661    -3.3512803615E+00     3.9756831386E-07
  662    -3.3512789118E+00     2.9886353127E-07
  663    -3.3340642052E+00     2.8663988214E-07
  664    -3.3340636729E+00     4.6333998055E-07
  665    -3.3340570389E+00     3.4897461306E-07
  666    -3.3257290006E+00     3.9567549054E-07
  667    -3.3257285245E+00     4.2603592891E-07
  668    -3.3257279426E+00     4.0397428492E-07
  669    -3.2986265851E+00     2.7544621017E-07
  670    -3.2986259970E+00     3.0052959535E-07
  671    -3.2986248587E+00     2.9265789062E-07
  672    -3.2626705672E+00     2.2564407108E-07
  673    -3.2366611231E+00     3.6798049004E-07
  674    -3.2366601196E+00     3.6955312155E-07
  675    -3.2366557916E+00     3.1437797498E-07
  676    -3.1981567653E+00     3.4542591467E-07
  677    -3.1981562912E+00     3.5541131142E-07
  678    -3.1597002116E+00     3.5682771256E-07
  679    -3.1596997039E+00     3.2885069384E-07
  680    -3.1158955921E+00     3.9157050020E-07
  681    -3.0822826712E+00     3.2270309811E-07
  682    -2.9630103424E+00     3.5974891637E-07
  683    -2.9630097123E+00     3.9939253821E-07
  684    -2.9625460555E+00     4.0628543901E-07
  685    -2.9608446820E+00     2.9805524686E-06
  686    -2.9608445914E+00     3.8332758801E-06
  687    -2.9607776181E+00     3.5635956122E-07
  688    -2.9590696903E+00     3.4699760583E-07
  689    -2.9590693084E+00     3.5285666361E-07
  690    -2.9373232956E+00     4.1087673612E-07
  691    -2.8914138981E+00     3.7699828555E-07
  692    -2.8913653197E+00     4.3128214323E-07
  693    -2.8913650734E+00     4.2514980107E-07
  694    -2.8585839698E+00     3.8582654900E-07
  695    -2.8585774712E+00     4.4279959277E-07
  696    -2.8585772297E+00     7.0687128507E-07
  697    -2.8547183612E+00     4.5212020516E-07
  698    -2.8547177909E+00     4.5239404156E-07
  699    -2.8547095518E+00     4.5648353385E-07
  700    -2.8209406308E+00     4.1622019297E-07
  701    -2.8201633772E+00     4.1628758971E-07
  702    -2.8201630825E+00     4.1539230221E-07
  703    -2.8160522236E+00     5.5321597058E-07
  704    -2.8160517499E+00     4.1631961641E-07
  705    -2.8141019359E+00     4.7150941944E-07
  706    -2.8140611868E+00     4.3294898507E-07
  707    -2.8140609819E+00     4.6297589604E-07
  708    -2.7932643196E+00     4.9511079014E-07
  709    -2.7192778340E+00     3.8132514932E-07
  710    -2.7192255515E+00     4.2846097993E-07
  711    -2.7192249824E+00     4.4855493290E-07
  712    -2.6764021811E+00     5.1454206216E-07
  713    -2.6764012283E+00     4.9430930068E-07
  714    -2.6764009241E+00     4.6291271780E-07
  715    -2.5895399156E+00     5.3426190016E-07
  716    -2.5895324413E+00     5.5331755514E-07
  717    -2.5895320585E+00     4.6769187933E-07
  718    -2.5629281746E+00     5.1871470787E-07
  719    -2.5629278293E+00     5.8335663944E-07
  720    -2.4570882125E+00     3.6630970346E-07
  721    -2.4418403009E+00     7.0770020184E-07
  722    -2.4418397882E+00     6.5477882541E-07
  723    -2.4415590308E+00     6.3360677406E-07
  724    -2.4359008631E+00     6.5742723239E-07
  725    -2.4356141892E+00     7.4740859764E-07
  726    -2.4356137182E+00     6.5341404322E-07
  727    -2.3687842678E+00     5.0651286983E-07
  728    -2.3687838489E+00     6.2859369550E-07
  729    -2.3684418251E+00     6.1545473486E-07
  730    -2.3680258986E+00     5.8319450838E-07
  731    -2.3679231571E+00     6.8523923440E-07
  732    -2.3679229917E+00     5.0188640172E-07
  733    -2.3647861163E+00     5.8852546168E-07
  734    -2.3475971430E+00     6.9084580749E-07
  735    -2.3473453623E+00     5.3109397886E-07
  736    -2.3473449027E+00     5.8613124379E-07
  737    -2.3249079364E+00     6.8416315649E-07
  738    -2.3249077538E+00     5.9833250805E-07
  739    -2.3168774226E+00     4.3412744566E-07
  740    -2.3133948431E+00     5.2910495741E-07
  741    -2.3133943804E+00     6.8902630201E-07
  742    -2.2992565174E+00     8.2427222572E-07
  743    -2.2992010261E+00     6.0627670411E-07
  744    -2.2992005480E+00     5.8256405821E-07
  745    -2.2900547067E+00     6.2049522117E-07
  746    -2.2900544745E+00     7.7218027037E-07
  747    -2.2898476063E+00     7.2525887704E-07
  748    -2.2836871932E+00     9.1630763568E-07
  749    -2.2836869778E+00     8.1866630792E-07
  750    -2.2836843620E+00     6.4826629292E-07
  751    -2.2533366272E+00     8.4907690149E-07
  752    -2.2533361420E+00     7.6170484291E-07
  753    -2.1844872656E+00     7.8474646088E-07
  754    -2.1844713892E+00     6.6920527408E-07
  755    -2.1844710217E+00     6.1411494266E-07
  756    -2.1802336004E+00     5.6668063873E-07
  757    -2.1802333239E+00     7.8727055298E-07
  758    -2.1801678936E+00     7.2550374087E-07
  759    -2.1708291276E+00     8.0695839626E-07
  760    -2.1708288392E+00     6.3354824233E-07
  761    -2.1707948417E+00     6.2265220014E-07
  762    -2.1628926160E+00     6.1848551832E-07
  763    -2.1628923858E+00     6.1697016820E-07
  764    -2.1028516005E+00     1.0985390958E-06
  765    -2.0740632768E+00     6.9072314511E-07
  766    -2.0740450204E+00     7.4798982761E-07
  767    -2.0740445674E+00     7.6953944750E-07
  768    -2.0630626682E+00     7.1267559280E-07
  769    -1.9905301123E+00     7.2429835518E-07
  770    -1.9905298173E+00     1.0149507153E-06
  771    -1.9843022440E+00     7.9883625142E-07
  772    -1.9842127963E+00     9.0429870186E-07
  773    -1.9842122060E+00     7.2689522715E-07
  774    -1.9804519889E+00     8.8082444287E-07
  775    -1.9804515611E+00     8.3892449364E-07
  776    -1.9804287295E+00     8.1854622177E-07
  777    -1.9537544489E+00     9.1516562981E-07
  778    -1.9536644308E+00     8.6763586546E-07
  779    -1.9536642778E+00     8.4475199396E-07
  780    -1.9067670125E+00     9.2340290005E-07
  781    -1.9067667566E+00     8.5183281447E-07
  782    -1.9066924737E+00     8.3037086370E-07
  783    -1.8852471724E+00     7.7542900474E-07
  784    -1.8852470088E+00     1.0289138448E-06
  785    -1.8851810332E+00     9.0812330309E-07
  786    -1.8182868112E+00     9.6594499414E-07
  787    -1.8181534494E+00     9.9237206094E-07
  788    -1.8181531071E+00     9.7031546862E-07
  789    -1.8137103140E+00     8.6732143301E-07
  790    -1.8137100210E+00     9.7938157349E-07
  791    -1.7307257455E+00     1.3435946453E-06
  792    -1.7253766910E+00     1.0432439428E-06
  793    -1.7253649293E+00     1.1774506826E-06
  794    -1.7253646708E+00     1.0456106300E-06
  795    -1.7176817214E+00     1.1149699267E-06
  796    -1.7176813473E+00     1.2078443660E-06
  797    -1.7176068680E+00     1.4846463199E-06
  798    -1.7061463872E+00     1.0710209322E-06
  799    -1.7061335814E+00     9.4641336458E-07
  800    -1.7061335048E+00     1.1599535135E-06
  801    -1.6732144472E+00     1.0573976404E-06
  802    -1.6732143189E+00     1.0040172380E-06
  803    -1.6731766884E+00     1.1794104281E-06
  804    -1.6235771444E+00     1.2101433975E-06
  805    -1.6235767954E+00     1.0933744730E-06
  806    -1.6235356212E+00     1.3113148586E-06
  807    -1.5140637157E+00     1.3078416829E-06
  808    -1.5140634481E+00     1.5388153594E-06
  809    -1.5137392968E+00     1.1820504081E-06
  810    -1.5125286436E+00     1.5098655705E-06
  811    -1.5039291008E+00     1.3366878649E-06
  812    -1.5034771506E+00     1.2367260321E-06
  813    -1.5034768140E+00     1.6111476247E-06
  814    -1.4730666327E+00     1.3881569120E-06
  815    -1.4730663737E+00     1.7010539335E-06
  816    -1.4728924792E+00     1.6399344367E-06
  817    -1.4687489260E+00     1.4085032365E-06
  818    -1.4687487670E+00     1.4617161521E-06
  819    -1.4683248333E+00     1.4244605706E-06
  820    -1.4086486327E+00     1.9539660612E-06
  821    -1.4084813078E+00     1.5253856628E-06
  822    -1.4084810817E+00     1.6365316169E-06
  823    -1.3205984430E+00     1.9950861670E-06
  824    -1.3205983459E+00     1.6752849571E-06
  825    -1.2897781020E+00     1.6813238736E-06
  826    -1.2897779912E+00     1.9234433968E-06
  827    -1.2897089229E+00     1.9340668061E-06
  828    -1.2598895340E+00     1.2481555933E-06
  829    -1.2303899237E+00     1.8155090709E-06
  830    -1.2303897381E+00     2.2580485825E-06
  831    -1.2303634266E+00     2.0752259066E-06
  832    -1.2203113850E+00     2.2212894638E-06
  833    -1.2203111236E+00     2.0511298462E-06
  834    -1.2203080950E+00     2.1248298498E-06
  835    -1.1955892344E+00     2.5808644412E-06
  836    -1.1955755457E+00     2.2805170386E-06
  837    -1.1955754533E+00     2.0679068443E-06
  838    -1.1840034360E+00     2.4530459583E-06
  839    -1.1743247706E+00     1.6690253148E-06
  840    -1.1688519812E+00     2.3801830531E-06
  841    -1.1688517560E+00     2.5468995811E-06
  842    -1.1686208792E+00     2.0535373892E-06
  843    -1.1588687551E+00     2.2324634093E-06
  844    -1.1588686378E+00     2.5353611190E-06
  845    -1.1071674778E+00     2.2729549417E-06
  846    -1.1071673952E+00     3.2821839760E-06
  847    -1.1071225998E+00     2.8759405974E-06
  848    -1.0992862910E+00     1.9946280501E-06
  849    -1.0992861430E+00     2.7746938172E-06
  850    -1.0932980943E+00     3.5839039835E-06
  851    -1.0932978448E+00     2.8576565321E-06
  852    -1.0455977555E+00     2.6738052835E-06
  853    -1.0455973447E+00     2.8976582206E-06
  854    -1.0412250448E+00     3.1658117609E-06
  855    -9.9769227950E-01     3.1439739499E-06
  856    -9.9764720783E-01     3.6461390028E-06
  857    -9.9764701669E-01     3.6937001925E-06
  858    -9.8867939425E-01     2.5780231819E-06
  859    -9.8867924788E-01     2.8214330940E-06
  860    -9.8865571180E-01     3.0866699262E-06
  861    -9.6416551787E-01     2.6431814501E-06
  862    -9.6127430405E-01     3.0959855771E-06
  863    -9.6127403792E-01     3.5498912968E-06
  864    -9.6126371070E-01     3.7555943183E-06
  865    -9.3142389826E-01     3.3098076802E-06
  866    -9.3131877621E-01     2.9152811500E-06
  867    -9.3131869807E-01     3.9956770965E-06
  868    -9.1880153643E-01     2.9845733921E-06
  869    -9.1880144698E-01     3.1742795697E-06
  870    -9.0752075809E-01     4.0239307489E-06
  871    -9.0745432105E-01     3.8868834985E-06
  872    -9.0745412916E-01     4.4633465967E-06
  873    -9.0049203812E-01     4.0923992166E-06
  874    -8.7032725961E-01     2.9415927951E-06
  875    -8.7032714391E-01     3.7045748184E-06
  876    -8.3739193426E-01     4.9648548905E-06
  877    -8.3690084712E-01     4.4234375521E-06
  878    -8.3690082483E-01     3.9124247953E-06
  879    -8.0521113139E-01     5.0715360348E-06
  880    -8.0521107890E-01     4.7425193653E-06
  881    -8.0474297180E-01     5.3331326777E-06
  882    -7.7586044660E-01     4.5461542985E-06
  883    -7.7574574767E-01     4.4598648129E-06
  884    -7.7574558328E-01     4.0087756257E-06
  885    -7.7016098667E-01     4.7413640848E-06
  886    -7.7016087634E-01     5.8414989849E-06
  887    -7.6998876062E-01     5.0040146807E-06
  888    -7.5160831422E-01     6.6378078736E-06
  889    -7.5154745905E-01     4.8432879744E-06
  890    -7.5154733178E-01     4.9028057151E-06
  891    -7.4218376061E-01     3.9565650455E-06
  892    -7.0345193140E-01     5.4957021883E-06
  893    -7.0345179535E-01     5.3551884903E-06
  894    -7.0131622486E-01     5.4311005930E-06
  895    -6.9867717957E-01     5.8012655670E-06
  896    -6.9866430801E-01     5.8641116015E-06
  897    -6.9653366158E-01     5.5553881729E-06
  898    -6.9653362370E-01     5.6055458660E-06
  899    -6.6203367146E-01     6.8924779098E-06
  900    -6.6202522298E-01     6.4679476382E-06
  901    -6.6202507296E-01     7.6043769351E-06
  902    -6.3461769526E-01     9.1275062592E-06
  903    -6.3461757717E-01     6.1682599630E-06
  904    -6.1941412577E-01     7.4263566821E-06
  905    -6.1941396331E-01     6.9206521366E-06
  906    -6.0496650892E-01     7.6834793630E-06
  907    -6.0496641727E-01     7.3698462683E-06
  908    -6.0468555964E-01     8.3657864062E-06
  909    -5.9349837343E-01     8.1952567261E-06
  910    -5.9349828622E-01     6.9586678663E-06
  911    -5.8623983132E-01     6.0272956830E-06
  912    -5.6941687470E-01     7.9762788412E-06
  913    -5.6941681284E-01     1.0295238534E-05
  914    -5.6938643861E-01     9.4507847800E-06
  915    -5.1344075096E-01     1.3660719190E-05
  916    -5.1344071467E-01     1.4397482946E-05
  917    -5.1340409827E-01     1.0831448693E-05
  918    -4.9146847556E-01     1.1706520165E-05
  919    -4.9144729803E-01     1.1750866044E-05
  920    -4.9144729511E-01     1.4351906770E-05
  921    -4.8252304011E-01     1.3590027967E-05
  922    -4.8250597197E-01     1.1178474441E-05
  923    -4.8250594449E-01     1.1000630118E-05
  924    -4.7239404498E-01     1.4429418071E-05
  925    -4.7239400559E-01     1.3694415837E-05
  926    -4.7227258971E-01     1.1766222020E-05
  927    -4.6252436477E-01     1.4382584005E-05
  928    -4.6243309819E-01     1.4472990951E-05
  929    -4.6243308458E-01     1.7487453133E-05
  930    -4.2837809820E-01     1.5847588178E-05
  931    -4.2837804426E-01     1.7141187860E-05
  932    -4.0433196144E-01     1.7408810572E-05
  933    -4.0433187382E-01     1.9503375375E-05
  934    -3.9974128790E-01     1.8196414015E-05
  935    -3.9974124796E-01     1.6486686434E-05
  936    -3.9970984704E-01     2.1725115823E-05
  937    -3.8390624626E-01     1.7734880553E-05
  938    -3.7894458700E-01     2.0631427906E-05
  939    -3.7885828395E-01     2.4935397498E-05
  940    -3.7885820821E-01     2.1463994124E-05
  941    -3.2688836145E-01     2.5942279448E-05
  942    -3.2688831593E-01     2.9742091705E-05
  943    -3.2606623210E-01     2.5064319183E-05
  944    -3.2546326656E-01     2.7802002662E-05
  945    -3.2455637300E-01     2.9721863229E-05
  946    -3.2455633033E-01     2.7177220828E-05
  947    -3.1286908071E-01     2.7302583218E-05
  948    -3.1283513941E-01     2.8623918807E-05
  949    -3.1283511872E-01     3.1792417657E-05
  950    -2.8925593309E-01     3.1736630590E-05
  951    -2.5945844729E-01     4.3221104224E-05
  952    -2.5931516706E-01     4.4246254644E-05
  953    -2.5931510961E-01     4.4633592314E-05
  954    -2.4280660585E-01     5.8294235700E-05
  955    -2.4280658112E-01     5.8955437867E-05
  956    -2.3859269051E-01     5.7331287360E-05
  957    -2.3859246118E-01     6.1497818943E-05
  958    -2.3844603543E-01     5.5056916373E-05
  959    -2.3700931321E-01     4.3421499436E-05
  960    -2.3700927036E-01     5.4430801692E-05
  961    -2.3695318330E-01     5.5595113442E-05
  962    -2.1665393909E-01     7.4577115001E-05
  963    -2.1639824847E-01     5.6709642918E-05
  964    -2.1639821255E-01     6.6974552446E-05
  965    -2.0289271093E-01     6.6743426888E-05
  966    -1.9436681691E-01     7.8918601301E-05
  967    -1.3898107644E-01     1.4600241036E-04
  968    -1.3487327351E-01     1.5260264813E-04
  969    -1.3487315647E-01     1.7201262414E-04
  970    -1.3473004394E-01     1.4174889800E-04
  971    -1.2948919228E-01     1.5744508982E-04
  972    -1.0319875042E-01     3.2907807495E-04
  973    -1.0311997291E-01     2.8250100356E-04
  974    -1.0311995563E-01     2.4786261255E-04
  975    -8.9895654179E-02     3.9738840116E-04
  976    -8.9895608220E-02     3.2206217309E-04
  977    -7.1675817073E-02     4.3707446626E-04
  978    -7.1675697004E-02     5.6602937102E-04
  979    -7.1672516543E-02     5.4171379318E-04
  980    -5.1414315761E-02     9.8335398967E-04
  981    -5.1414281544E-02     1.0671310325E-03
  982    -5.1373086840E-02     1.1708343664E-03
  983    -1.0518080889E-02     3.4403371870E-02
  984    -1.2363298992E-03     2.1293213211E+00
  985    -1.2362796719E-03     1.7238539619E+00
  986     1.0041395710E-02     2.5924590537E-02
  987     1.0041435192E-02     2.6775570881E-02
  988     1.0041805070E-02     2.7266696788E-02
  989     1.0749016290E-02     2.3142756280E-02
  990     1.0749047915E-02     2.4406214703E-02
  991     1.0750297749E-02     2.4134327432E-02
  992     1.7281121174E-02     8.7731240413E-03
  993     1.7281181033E-02     9.9143646657E-03
  994     2.0419189496E-02     9.4048908534E-03
  995     2.6558870971E-02     3.9070678235E-03
  996     2.8308303420E-02     3.4775239660E-03
  997     2.8308372325E-02     3.6258950919E-03
  998     2.8346359466E-02     3.7262809199E-03
  999     2.8616719999E-02     3.6340966864E-03
 1000     2.8652480631E-02     3.6657532881E-03
 1001     2.8652490950E-02     3.5821269641E-03
 1002     3.2827734525E-02     2.5384810189E-03
 1003     3.2827748247E-02     2.4268252112E-03
 1004     3.2834688814E-02     2.8672751973E-03
 1005     3.6159865109E-02     2.0334810986E-03
 1006     3.6159888893E-02     1.9539567982E-03
 1007     3.6167108686E-02     2.2834441991E-03


 TOTAL TIME = 44218 [s]
