===============================================================================
 RRRRR  SSSSS  H   H  RRRRR    Zbigniew ROMANOWSKI                             
 R   R  S      H   H  R   R                                                    
 RRRRR  SSSSS  HHHHH  RRRRR    version: 5.4                                    
 R  R       S  H   H  R  R                                                     
 R   R  SSSSS  H   H  R   R    compilation date: Dec  8 2012 (20:50:40)                       
===============================================================================

PEs = 256

----INITIALIZATION----========================================================
DOMAIN:
    BsplDeg = 3, CubatOrder = 5, CubatNodeNo = 125
    h = 3.333333E-01
    Nx = 135,    Ny = 135,   Nz = 135
    X0 = -2.000000E+01,    Xmax = 2.500000E+01
    Y0 = -2.000000E+01,    Ymax = 2.500000E+01
    Z0 = -2.000000E+01,    Zmax = 2.500000E+01

NUMBER OF 'ATOMS' = 125
    Soft-r^4(d,a)=(-2.00, 0.10) at (x,y,z) = ( 0.00, 0.00, 0.00)
    Soft-r^4(d,a)=(-2.00, 0.10) at (x,y,z) = ( 0.00, 0.00, 1.30)
    Soft-r^4(d,a)=(-2.00, 0.10) at (x,y,z) = ( 0.00, 0.00, 2.60)
    Soft-r^4(d,a)=(-2.00, 0.10) at (x,y,z) = ( 0.00, 0.00, 3.90)
    Soft-r^4(d,a)=(-2.00, 0.10) at (x,y,z) = ( 0.00, 0.00, 5.20)
    Soft-r^4(d,a)=(-2.00, 0.10) at (x,y,z) = ( 0.00, 1.30, 0.00)
    Soft-r^4(d,a)=(-2.00, 0.10) at (x,y,z) = ( 0.00, 1.30, 1.30)
    Soft-r^4(d,a)=(-2.00, 0.10) at (x,y,z) = ( 0.00, 1.30, 2.60)
    Soft-r^4(d,a)=(-2.00, 0.10) at (x,y,z) = ( 0.00, 1.30, 3.90)
    Soft-r^4(d,a)=(-2.00, 0.10) at (x,y,z) = ( 0.00, 1.30, 5.20)
    Soft-r^4(d,a)=(-2.00, 0.10) at (x,y,z) = ( 0.00, 2.60, 0.00)
    Soft-r^4(d,a)=(-2.00, 0.10) at (x,y,z) = ( 0.00, 2.60, 1.30)
    Soft-r^4(d,a)=(-2.00, 0.10) at (x,y,z) = ( 0.00, 2.60, 2.60)
    Soft-r^4(d,a)=(-2.00, 0.10) at (x,y,z) = ( 0.00, 2.60, 3.90)
    Soft-r^4(d,a)=(-2.00, 0.10) at (x,y,z) = ( 0.00, 2.60, 5.20)
    Soft-r^4(d,a)=(-2.00, 0.10) at (x,y,z) = ( 0.00, 3.90, 0.00)
    Soft-r^4(d,a)=(-2.00, 0.10) at (x,y,z) = ( 0.00, 3.90, 1.30)
    Soft-r^4(d,a)=(-2.00, 0.10) at (x,y,z) = ( 0.00, 3.90, 2.60)
    Soft-r^4(d,a)=(-2.00, 0.10) at (x,y,z) = ( 0.00, 3.90, 3.90)
    Soft-r^4(d,a)=(-2.00, 0.10) at (x,y,z) = ( 0.00, 3.90, 5.20)
    Soft-r^4(d,a)=(-2.00, 0.10) at (x,y,z) = ( 0.00, 5.20, 0.00)
    Soft-r^4(d,a)=(-2.00, 0.10) at (x,y,z) = ( 0.00, 5.20, 1.30)
    Soft-r^4(d,a)=(-2.00, 0.10) at (x,y,z) = ( 0.00, 5.20, 2.60)
    Soft-r^4(d,a)=(-2.00, 0.10) at (x,y,z) = ( 0.00, 5.20, 3.90)
    Soft-r^4(d,a)=(-2.00, 0.10) at (x,y,z) = ( 0.00, 5.20, 5.20)
    Soft-r^4(d,a)=(-2.00, 0.10) at (x,y,z) = ( 1.30, 0.00, 0.00)
    Soft-r^4(d,a)=(-2.00, 0.10) at (x,y,z) = ( 1.30, 0.00, 1.30)
    Soft-r^4(d,a)=(-2.00, 0.10) at (x,y,z) = ( 1.30, 0.00, 2.60)
    Soft-r^4(d,a)=(-2.00, 0.10) at (x,y,z) = ( 1.30, 0.00, 3.90)
    Soft-r^4(d,a)=(-2.00, 0.10) at (x,y,z) = ( 1.30, 0.00, 5.20)
    Soft-r^4(d,a)=(-2.00, 0.10) at (x,y,z) = ( 1.30, 1.30, 0.00)
    Soft-r^4(d,a)=(-2.00, 0.10) at (x,y,z) = ( 1.30, 1.30, 1.30)
    Soft-r^4(d,a)=(-2.00, 0.10) at (x,y,z) = ( 1.30, 1.30, 2.60)
    Soft-r^4(d,a)=(-2.00, 0.10) at (x,y,z) = ( 1.30, 1.30, 3.90)
    Soft-r^4(d,a)=(-2.00, 0.10) at (x,y,z) = ( 1.30, 1.30, 5.20)
    Soft-r^4(d,a)=(-2.00, 0.10) at (x,y,z) = ( 1.30, 2.60, 0.00)
    Soft-r^4(d,a)=(-2.00, 0.10) at (x,y,z) = ( 1.30, 2.60, 1.30)
    Soft-r^4(d,a)=(-2.00, 0.10) at (x,y,z) = ( 1.30, 2.60, 2.60)
    Soft-r^4(d,a)=(-2.00, 0.10) at (x,y,z) = ( 1.30, 2.60, 3.90)
    Soft-r^4(d,a)=(-2.00, 0.10) at (x,y,z) = ( 1.30, 2.60, 5.20)
    Soft-r^4(d,a)=(-2.00, 0.10) at (x,y,z) = ( 1.30, 3.90, 0.00)
    Soft-r^4(d,a)=(-2.00, 0.10) at (x,y,z) = ( 1.30, 3.90, 1.30)
    Soft-r^4(d,a)=(-2.00, 0.10) at (x,y,z) = ( 1.30, 3.90, 2.60)
    Soft-r^4(d,a)=(-2.00, 0.10) at (x,y,z) = ( 1.30, 3.90, 3.90)
    Soft-r^4(d,a)=(-2.00, 0.10) at (x,y,z) = ( 1.30, 3.90, 5.20)
    Soft-r^4(d,a)=(-2.00, 0.10) at (x,y,z) = ( 1.30, 5.20, 0.00)
    Soft-r^4(d,a)=(-2.00, 0.10) at (x,y,z) = ( 1.30, 5.20, 1.30)
    Soft-r^4(d,a)=(-2.00, 0.10) at (x,y,z) = ( 1.30, 5.20, 2.60)
    Soft-r^4(d,a)=(-2.00, 0.10) at (x,y,z) = ( 1.30, 5.20, 3.90)
    Soft-r^4(d,a)=(-2.00, 0.10) at (x,y,z) = ( 1.30, 5.20, 5.20)
    Soft-r^4(d,a)=(-2.00, 0.10) at (x,y,z) = ( 2.60, 0.00, 0.00)
    Soft-r^4(d,a)=(-2.00, 0.10) at (x,y,z) = ( 2.60, 0.00, 1.30)
    Soft-r^4(d,a)=(-2.00, 0.10) at (x,y,z) = ( 2.60, 0.00, 2.60)
    Soft-r^4(d,a)=(-2.00, 0.10) at (x,y,z) = ( 2.60, 0.00, 3.90)
    Soft-r^4(d,a)=(-2.00, 0.10) at (x,y,z) = ( 2.60, 0.00, 5.20)
    Soft-r^4(d,a)=(-2.00, 0.10) at (x,y,z) = ( 2.60, 1.30, 0.00)
    Soft-r^4(d,a)=(-2.00, 0.10) at (x,y,z) = ( 2.60, 1.30, 1.30)
    Soft-r^4(d,a)=(-2.00, 0.10) at (x,y,z) = ( 2.60, 1.30, 2.60)
    Soft-r^4(d,a)=(-2.00, 0.10) at (x,y,z) = ( 2.60, 1.30, 3.90)
    Soft-r^4(d,a)=(-2.00, 0.10) at (x,y,z) = ( 2.60, 1.30, 5.20)
    Soft-r^4(d,a)=(-2.00, 0.10) at (x,y,z) = ( 2.60, 2.60, 0.00)
    Soft-r^4(d,a)=(-2.00, 0.10) at (x,y,z) = ( 2.60, 2.60, 1.30)
    Soft-r^4(d,a)=(-2.00, 0.10) at (x,y,z) = ( 2.60, 2.60, 2.60)
    Soft-r^4(d,a)=(-2.00, 0.10) at (x,y,z) = ( 2.60, 2.60, 3.90)
    Soft-r^4(d,a)=(-2.00, 0.10) at (x,y,z) = ( 2.60, 2.60, 5.20)
    Soft-r^4(d,a)=(-2.00, 0.10) at (x,y,z) = ( 2.60, 3.90, 0.00)
    Soft-r^4(d,a)=(-2.00, 0.10) at (x,y,z) = ( 2.60, 3.90, 1.30)
    Soft-r^4(d,a)=(-2.00, 0.10) at (x,y,z) = ( 2.60, 3.90, 2.60)
    Soft-r^4(d,a)=(-2.00, 0.10) at (x,y,z) = ( 2.60, 3.90, 3.90)
    Soft-r^4(d,a)=(-2.00, 0.10) at (x,y,z) = ( 2.60, 3.90, 5.20)
    Soft-r^4(d,a)=(-2.00, 0.10) at (x,y,z) = ( 2.60, 5.20, 0.00)
    Soft-r^4(d,a)=(-2.00, 0.10) at (x,y,z) = ( 2.60, 5.20, 1.30)
    Soft-r^4(d,a)=(-2.00, 0.10) at (x,y,z) = ( 2.60, 5.20, 2.60)
    Soft-r^4(d,a)=(-2.00, 0.10) at (x,y,z) = ( 2.60, 5.20, 3.90)
    Soft-r^4(d,a)=(-2.00, 0.10) at (x,y,z) = ( 2.60, 5.20, 5.20)
    Soft-r^4(d,a)=(-2.00, 0.10) at (x,y,z) = ( 3.90, 0.00, 0.00)
    Soft-r^4(d,a)=(-2.00, 0.10) at (x,y,z) = ( 3.90, 0.00, 1.30)
    Soft-r^4(d,a)=(-2.00, 0.10) at (x,y,z) = ( 3.90, 0.00, 2.60)
    Soft-r^4(d,a)=(-2.00, 0.10) at (x,y,z) = ( 3.90, 0.00, 3.90)
    Soft-r^4(d,a)=(-2.00, 0.10) at (x,y,z) = ( 3.90, 0.00, 5.20)
    Soft-r^4(d,a)=(-2.00, 0.10) at (x,y,z) = ( 3.90, 1.30, 0.00)
    Soft-r^4(d,a)=(-2.00, 0.10) at (x,y,z) = ( 3.90, 1.30, 1.30)
    Soft-r^4(d,a)=(-2.00, 0.10) at (x,y,z) = ( 3.90, 1.30, 2.60)
    Soft-r^4(d,a)=(-2.00, 0.10) at (x,y,z) = ( 3.90, 1.30, 3.90)
    Soft-r^4(d,a)=(-2.00, 0.10) at (x,y,z) = ( 3.90, 1.30, 5.20)
    Soft-r^4(d,a)=(-2.00, 0.10) at (x,y,z) = ( 3.90, 2.60, 0.00)
    Soft-r^4(d,a)=(-2.00, 0.10) at (x,y,z) = ( 3.90, 2.60, 1.30)
    Soft-r^4(d,a)=(-2.00, 0.10) at (x,y,z) = ( 3.90, 2.60, 2.60)
    Soft-r^4(d,a)=(-2.00, 0.10) at (x,y,z) = ( 3.90, 2.60, 3.90)
    Soft-r^4(d,a)=(-2.00, 0.10) at (x,y,z) = ( 3.90, 2.60, 5.20)
    Soft-r^4(d,a)=(-2.00, 0.10) at (x,y,z) = ( 3.90, 3.90, 0.00)
    Soft-r^4(d,a)=(-2.00, 0.10) at (x,y,z) = ( 3.90, 3.90, 1.30)
    Soft-r^4(d,a)=(-2.00, 0.10) at (x,y,z) = ( 3.90, 3.90, 2.60)
    Soft-r^4(d,a)=(-2.00, 0.10) at (x,y,z) = ( 3.90, 3.90, 3.90)
    Soft-r^4(d,a)=(-2.00, 0.10) at (x,y,z) = ( 3.90, 3.90, 5.20)
    Soft-r^4(d,a)=(-2.00, 0.10) at (x,y,z) = ( 3.90, 5.20, 0.00)
    Soft-r^4(d,a)=(-2.00, 0.10) at (x,y,z) = ( 3.90, 5.20, 1.30)
    Soft-r^4(d,a)=(-2.00, 0.10) at (x,y,z) = ( 3.90, 5.20, 2.60)
    Soft-r^4(d,a)=(-2.00, 0.10) at (x,y,z) = ( 3.90, 5.20, 3.90)
    Soft-r^4(d,a)=(-2.00, 0.10) at (x,y,z) = ( 3.90, 5.20, 5.20)
    Soft-r^4(d,a)=(-2.00, 0.10) at (x,y,z) = ( 5.20, 0.00, 0.00)
    Soft-r^4(d,a)=(-2.00, 0.10) at (x,y,z) = ( 5.20, 0.00, 1.30)
    Soft-r^4(d,a)=(-2.00, 0.10) at (x,y,z) = ( 5.20, 0.00, 2.60)
    Soft-r^4(d,a)=(-2.00, 0.10) at (x,y,z) = ( 5.20, 0.00, 3.90)
    Soft-r^4(d,a)=(-2.00, 0.10) at (x,y,z) = ( 5.20, 0.00, 5.20)
    Soft-r^4(d,a)=(-2.00, 0.10) at (x,y,z) = ( 5.20, 1.30, 0.00)
    Soft-r^4(d,a)=(-2.00, 0.10) at (x,y,z) = ( 5.20, 1.30, 1.30)
    Soft-r^4(d,a)=(-2.00, 0.10) at (x,y,z) = ( 5.20, 1.30, 2.60)
    Soft-r^4(d,a)=(-2.00, 0.10) at (x,y,z) = ( 5.20, 1.30, 3.90)
    Soft-r^4(d,a)=(-2.00, 0.10) at (x,y,z) = ( 5.20, 1.30, 5.20)
    Soft-r^4(d,a)=(-2.00, 0.10) at (x,y,z) = ( 5.20, 2.60, 0.00)
    Soft-r^4(d,a)=(-2.00, 0.10) at (x,y,z) = ( 5.20, 2.60, 1.30)
    Soft-r^4(d,a)=(-2.00, 0.10) at (x,y,z) = ( 5.20, 2.60, 2.60)
    Soft-r^4(d,a)=(-2.00, 0.10) at (x,y,z) = ( 5.20, 2.60, 3.90)
    Soft-r^4(d,a)=(-2.00, 0.10) at (x,y,z) = ( 5.20, 2.60, 5.20)
    Soft-r^4(d,a)=(-2.00, 0.10) at (x,y,z) = ( 5.20, 3.90, 0.00)
    Soft-r^4(d,a)=(-2.00, 0.10) at (x,y,z) = ( 5.20, 3.90, 1.30)
    Soft-r^4(d,a)=(-2.00, 0.10) at (x,y,z) = ( 5.20, 3.90, 2.60)
    Soft-r^4(d,a)=(-2.00, 0.10) at (x,y,z) = ( 5.20, 3.90, 3.90)
    Soft-r^4(d,a)=(-2.00, 0.10) at (x,y,z) = ( 5.20, 3.90, 5.20)
    Soft-r^4(d,a)=(-2.00, 0.10) at (x,y,z) = ( 5.20, 5.20, 0.00)
    Soft-r^4(d,a)=(-2.00, 0.10) at (x,y,z) = ( 5.20, 5.20, 1.30)
    Soft-r^4(d,a)=(-2.00, 0.10) at (x,y,z) = ( 5.20, 5.20, 2.60)
    Soft-r^4(d,a)=(-2.00, 0.10) at (x,y,z) = ( 5.20, 5.20, 3.90)
    Soft-r^4(d,a)=(-2.00, 0.10) at (x,y,z) = ( 5.20, 5.20, 5.20)


----GRAPH-CREATION-and-PARTITIONING----=======================================
      Setup: Max:   2.586, Sum: 662.042, Balance:   1.000
   Matching: Max:   3.086, Sum: 790.109, Balance:   1.000
Contraction: Max:   1.008, Sum: 257.958, Balance:   1.000
   InitPart: Max:   0.283, Sum:  72.532, Balance:   1.000
    Project: Max:   0.002, Sum:   0.594, Balance:   1.055
 Initialize: Max:   0.590, Sum: 150.951, Balance:   1.001
      K-way: Max:   2.239, Sum: 573.207, Balance:   1.000
      Remap: Max:   0.001, Sum:   0.249, Balance:   1.001
      Total: Max:   9.796, Sum: 2507.741, Balance:   1.000
Final 256-way Cut: 70983847 	Balance: 1.051 

    Number of nodes:
         Rank0.........9.346E+03
         Averg.........8.984E+03
         Total.........2.300E+06
    Number of edges:
         Rank0.........2.999E+06
         Averg.........2.954E+06
         Total.........7.563E+08
    Memory usage.[MB]:
         Rank0.........4.591E+01
         Averg.........4.521E+01
         Total.........1.157E+04


----MATRIX-ALLOCATION----=====================================================
    Dimension of matrix H or S:
              Rank0..............9.346E+03 (9346)
              Averg..............8.984E+03       
              Total..............2.300E+06 (2299968)
    Nonzero entries in H or S:
              Rank0..............3.009E+06 (3008698)
              Averg..............2.963E+06       
              Total..............7.586E+08 (758550528)
    Sparseness of H or S (fraction):
              Rank0..............1.400E-04
              Averg..............1.434E-04
    Sparseness of H or S (non-zero elemnts in a row):
              Rank0..............321.9
              Averg..............329.8
    Memory usage for H and S [MiB]:
              Rank0..............9.182E+01
              Averg..............9.043E+01
              Total..............2.315E+04


----ASSEMBLING----============================================================
..........10..........20..........30..........40..........50done
Assembling time = 95 [s]



----SOLVING----===============================================================
EPS Object: 256 MPI processes
  type: krylovschur
    Krylov-Schur: 50% of basis vectors kept after restart
  problem type: generalized symmetric eigenvalue problem
  extraction type: Rayleigh-Ritz
  selected portion of the spectrum: smallest real parts
  number of eigenvalues (nev): 100
  number of column vectors (ncv): 300
  maximum dimension of projected problem (mpd): 300
  maximum number of iterations: 1500
  tolerance: 0.0001
  convergence test: relative to the eigenvalue
  estimates of matrix norms (constant): norm(A)=1, norm(B)=1
IP Object: 256 MPI processes
  type: bilinear
  orthogonalization method: classical Gram-Schmidt
  orthogonalization refinement: if needed (eta: 0.7071)
  Matrix Object:   256 MPI processes
    type: mpiaij
    rows=2299968, cols=2299968
    total: nonzeros=758550528, allocated nonzeros=758550528
    total number of mallocs used during MatSetValues calls =0
      not using I-node (on process 0) routines
DS Object: 256 MPI processes
  type: hep
  solving the problem with: Implicit QR method (_steqr)
ST Object: 256 MPI processes
  type: shift
  shift: 0
  matrices A and B have same nonzero pattern
  KSP Object:  (st_)   256 MPI processes
    type: cg
    maximum iterations=10000
    using preconditioner applied to right hand side for initial guess
    tolerances:  relative=1e-05, absolute=1e-50, divergence=10000
    left preconditioning
    using nonzero initial guess
    using PRECONDITIONED norm type for convergence test
  PC Object:  (st_)   256 MPI processes
    type: asm
      Additive Schwarz: total subdomain blocks = 256, amount of overlap = 1
      Additive Schwarz: restriction/interpolation type - RESTRICT
      Local solve is same for all blocks, in the following KSP and PC objects:
    KSP Object:    (st_sub_)     1 MPI processes
      type: preonly
      maximum iterations=10000, initial guess is zero
      tolerances:  relative=1e-05, absolute=1e-50, divergence=10000
      left preconditioning
      using DEFAULT norm type for convergence test
    PC Object:    (st_sub_)     1 MPI processes
      type: icc
        0 levels of fill
        tolerance for zero pivot 2.22045e-14
        using Manteuffel shift
        matrix ordering: natural
      linear system matrix = precond matrix:
      Matrix Object:       1 MPI processes
        type: seqaij
        rows=19647, cols=19647
        total: nonzeros=5593185, allocated nonzeros=5593185
        total number of mallocs used during MatSetValues calls =0
          not using I-node routines
    linear system matrix = precond matrix:
    Matrix Object:     256 MPI processes
      type: mpiaij
      rows=2299968, cols=2299968
      total: nonzeros=758550528, allocated nonzeros=758550528
      total number of mallocs used during MatSetValues calls =0
        not using I-node (on process 0) routines


  1 EPS nconv=6 first unconverged value (error) -19.3817 (1.22258547e-03)
  2 EPS nconv=16 first unconverged value (error) -18.3579 (1.20290323e-03)
  3 EPS nconv=25 first unconverged value (error) -17.7611 (6.32875094e-02)
  4 EPS nconv=35 first unconverged value (error) -17.2282 (1.16010685e-04)
  5 EPS nconv=38 first unconverged value (error) -17.2282 (1.86762849e-04)
  6 EPS nconv=47 first unconverged value (error) -16.742 (2.23785400e-04)
  7 EPS nconv=48 first unconverged value (error) -16.7403 (5.82214829e-03)
  8 EPS nconv=86 first unconverged value (error) -15.2993 (3.48745721e-04)
  9 EPS nconv=98 first unconverged value (error) -14.8471 (4.15130187e-03)
 10 EPS nconv=110 first unconverged value (error) -14.3848 (1.78377915e-04)

--------------------------------------------------------------
    Number of iterations of the method.............10
    Number of linear iterations of the method......5830
    Solution method................................krylovschur
    Number of requested eigenvalues................100
    Stopping condition: eps_tol....................1.000000E-04
    Stopping condition: eps_max_it.................1500
--------------------------------------------------------------


             EIGENVALUES            ERROR
====================================================
    0    -2.0430447941E+01     3.4214749680E-08
    1    -1.9881824904E+01     4.6077405868E-08
    2    -1.9881812991E+01     3.3704891912E-08
    3    -1.9881804279E+01     3.6265429177E-08
    4    -1.9396081358E+01     4.2925901099E-08
    5    -1.9381856720E+01     3.4079072746E-08
    6    -1.9381843070E+01     2.4906749694E-07
    7    -1.9342539232E+01     4.2932179103E-08
    8    -1.9342535976E+01     4.7036293367E-08
    9    -1.9342529096E+01     3.5252284641E-08
   10    -1.8852860832E+01     6.1849967298E-08
   11    -1.8852853706E+01     4.8766306012E-08
   12    -1.8852842714E+01     5.7968312597E-08
   13    -1.8843610665E+01     1.2992869493E-07
   14    -1.8843595727E+01     6.6986406184E-08
   15    -1.8843593148E+01     1.2930495044E-07
   16    -1.8812137447E+01     5.4730663219E-08
   17    -1.8372009585E+01     4.9671767967E-08
   18    -1.8357920577E+01     4.7529208178E-08
   19    -1.8357908628E+01     5.2112705952E-08
   20    -1.8318670537E+01     1.1652277918E-07
   21    -1.8318650872E+01     5.7010019830E-08
   22    -1.8318618789E+01     1.3823633705E-07
   23    -1.7833412031E+01     3.8296387615E-08
   24    -1.7833391789E+01     4.5938379180E-08
   25    -1.7833372689E+01     7.9259821254E-08
   26    -1.7748490726E+01     6.6722801274E-08
   27    -1.7748481581E+01     5.5330501468E-08
   28    -1.7748477099E+01     4.4261467689E-08
   29    -1.7688773495E+01     5.1604359838E-08
   30    -1.7683188591E+01     9.7832026891E-08
   31    -1.7683181740E+01     4.5629554297E-08
   32    -1.7355624034E+01     5.7860654406E-08
   33    -1.7260095871E+01     4.4356502772E-07
   34    -1.7260091149E+01     3.4573082794E-07
   35    -1.7260088031E+01     8.8113531598E-08
   36    -1.7228176650E+01     1.7508823119E-07
   37    -1.7228169215E+01     1.5448417867E-07
   38    -1.7228166828E+01     5.8504315468E-08
   39    -1.7184920542E+01     5.2854722144E-08
   40    -1.7184913699E+01     5.0335980062E-07
   41    -1.7184911459E+01     7.0269894978E-08
   42    -1.7181235788E+01     1.5609223475E-07
   43    -1.7181230566E+01     1.4771935735E-07
   44    -1.7181226895E+01     7.0655136765E-08
   45    -1.6778960383E+01     5.8894921022E-08
   46    -1.6742053777E+01     7.2077504357E-07
   47    -1.6742051798E+01     1.7735977168E-07
   48    -1.6742044200E+01     7.1724675558E-08
   49    -1.6733876186E+01     2.0584307206E-07
   50    -1.6733871941E+01     8.6915175577E-08
   51    -1.6733862011E+01     1.6687936488E-07
   52    -1.6731620863E+01     9.4169920631E-08
   53    -1.6731615144E+01     8.3219147868E-08
   54    -1.6716220697E+01     5.9602502864E-08
   55    -1.6707721648E+01     7.1962007334E-08
   56    -1.6707715157E+01     7.5788478023E-08
   57    -1.6688554200E+01     6.8204487878E-08
   58    -1.6688548171E+01     6.9260393887E-08
   59    -1.6688545956E+01     7.7546830365E-08
   60    -1.6653636126E+01     1.0776680490E-07
   61    -1.6653623536E+01     7.6609878977E-08
   62    -1.6644894559E+01     6.6867072185E-08
   63    -1.6256712387E+01     1.1029954393E-07
   64    -1.6256695814E+01     9.2944856217E-08
   65    -1.6256683187E+01     1.0084390259E-07
   66    -1.6228055415E+01     5.4218463080E-08
   67    -1.6228048852E+01     1.4808323382E-07
   68    -1.6228003678E+01     1.2593087365E-07
   69    -1.6217073666E+01     1.5382204930E-07
   70    -1.6217037520E+01     1.1359681017E-07
   71    -1.6217028462E+01     1.2617239029E-07
   72    -1.6156644411E+01     9.2535160955E-08
   73    -1.6156637296E+01     7.3395415419E-08
   74    -1.6156626098E+01     1.1035047302E-07
   75    -1.5747929125E+01     6.7883143617E-08
   76    -1.5744704172E+01     6.0386510166E-08
   77    -1.5744692909E+01     8.9569210186E-08
   78    -1.5744368206E+01     7.1975806693E-08
   79    -1.5664267068E+01     2.6058442250E-07
   80    -1.5664252988E+01     1.1262630777E-07
   81    -1.5364093657E+01     7.9378070054E-08
   82    -1.5364092442E+01     7.5835497932E-08
   83    -1.5364090411E+01     9.5136740625E-08
   84    -1.5299977424E+01     1.2313884780E-07
   85    -1.5299953780E+01     1.1210292373E-07
   86    -1.5299950012E+01     6.7494495465E-08
   87    -1.5295888631E+01     8.3091290857E-08
   88    -1.5295882858E+01     7.5535453389E-08
   89    -1.5295862242E+01     9.1415974627E-08
   90    -1.5238187922E+01     5.6324441773E-08
   91    -1.5232077389E+01     1.7190017954E-07
   92    -1.5232075638E+01     3.4593880389E-07
   93    -1.4927730970E+01     7.9853893259E-08
   94    -1.4880325327E+01     7.1532833966E-08
   95    -1.4880324279E+01     7.7843698245E-08
   96    -1.4848113759E+01     3.8152336201E-07
   97    -1.4848097060E+01     5.7430417517E-08
   98    -1.4848090794E+01     1.3145113475E-07
   99    -1.4815292137E+01     1.7037535605E-07
  100    -1.4815289075E+01     8.6831345298E-08
  101    -1.4815266352E+01     2.2297457146E-07
  102    -1.4769584972E+01     9.2771791286E-08
  103    -1.4769578838E+01     1.0190474403E-07
  104    -1.4769576146E+01     8.1030685934E-08
  105    -1.4749234118E+01     8.4413562605E-08
  106    -1.4749232260E+01     6.4831346273E-08
  107    -1.4749218197E+01     3.1276364266E-07
  108    -1.4384780379E+01     9.5308739384E-08
  109    -1.4384755320E+01     1.2550902337E-07


 TOTAL TIME = 2580 [s]
