===============================================================================
 RRRRR  SSSSS  H   H  RRRRR    Zbigniew ROMANOWSKI                             
 R   R  S      H   H  R   R                                                    
 RRRRR  SSSSS  HHHHH  RRRRR    version: 5.x                                    
 R  R       S  H   H  R  R                                                     
 R   R  SSSSS  H   H  R   R    compilation date: Dec 19 2012 (09:23:33)                       
===============================================================================

Start of calculation: Wed Dec 19 15:16:21 2012

PEs = 4

----INITIALIZATION----========================================================
DOMAIN:
    BsplDeg = 3, CubatOrder = 6, CubatNodeNo = 216
    h = 4.000000E-01
    Nx = 53,    Ny = 53,   Nz = 53
    X0 = -5.000000E+00,    Xmax = 1.620000E+01
    Y0 = -5.000000E+00,    Ymax = 1.620000E+01
    Z0 = -5.000000E+00,    Zmax = 1.620000E+01

NUMBER OF 'ATOMS' = 512
    Gauss(d,a)=(-20.00,-2.00) at (x,y,z) = ( 0.00, 0.00, 0.00)
    Gauss(d,a)=(-20.00,-2.00) at (x,y,z) = ( 0.00, 0.00, 1.60)
    Gauss(d,a)=(-20.00,-2.00) at (x,y,z) = ( 0.00, 0.00, 3.20)
    Gauss(d,a)=(-20.00,-2.00) at (x,y,z) = ( 0.00, 0.00, 4.80)
    Gauss(d,a)=(-20.00,-2.00) at (x,y,z) = ( 0.00, 0.00, 6.40)
    Gauss(d,a)=(-20.00,-2.00) at (x,y,z) = ( 0.00, 0.00, 8.00)
    Gauss(d,a)=(-20.00,-2.00) at (x,y,z) = ( 0.00, 0.00, 9.60)
    Gauss(d,a)=(-20.00,-2.00) at (x,y,z) = ( 0.00, 0.00,11.20)
    Gauss(d,a)=(-20.00,-2.00) at (x,y,z) = ( 0.00, 1.60, 0.00)
    Gauss(d,a)=(-20.00,-2.00) at (x,y,z) = ( 0.00, 1.60, 1.60)
    Gauss(d,a)=(-20.00,-2.00) at (x,y,z) = ( 0.00, 1.60, 3.20)
    Gauss(d,a)=(-20.00,-2.00) at (x,y,z) = ( 0.00, 1.60, 4.80)
    Gauss(d,a)=(-20.00,-2.00) at (x,y,z) = ( 0.00, 1.60, 6.40)
    Gauss(d,a)=(-20.00,-2.00) at (x,y,z) = ( 0.00, 1.60, 8.00)
    Gauss(d,a)=(-20.00,-2.00) at (x,y,z) = ( 0.00, 1.60, 9.60)
    Gauss(d,a)=(-20.00,-2.00) at (x,y,z) = ( 0.00, 1.60,11.20)
    Gauss(d,a)=(-20.00,-2.00) at (x,y,z) = ( 0.00, 3.20, 0.00)
    Gauss(d,a)=(-20.00,-2.00) at (x,y,z) = ( 0.00, 3.20, 1.60)
    Gauss(d,a)=(-20.00,-2.00) at (x,y,z) = ( 0.00, 3.20, 3.20)
    Gauss(d,a)=(-20.00,-2.00) at (x,y,z) = ( 0.00, 3.20, 4.80)
    Gauss(d,a)=(-20.00,-2.00) at (x,y,z) = ( 0.00, 3.20, 6.40)
    Gauss(d,a)=(-20.00,-2.00) at (x,y,z) = ( 0.00, 3.20, 8.00)
    Gauss(d,a)=(-20.00,-2.00) at (x,y,z) = ( 0.00, 3.20, 9.60)
    Gauss(d,a)=(-20.00,-2.00) at (x,y,z) = ( 0.00, 3.20,11.20)
    Gauss(d,a)=(-20.00,-2.00) at (x,y,z) = ( 0.00, 4.80, 0.00)
    Gauss(d,a)=(-20.00,-2.00) at (x,y,z) = ( 0.00, 4.80, 1.60)
    Gauss(d,a)=(-20.00,-2.00) at (x,y,z) = ( 0.00, 4.80, 3.20)
    Gauss(d,a)=(-20.00,-2.00) at (x,y,z) = ( 0.00, 4.80, 4.80)
    Gauss(d,a)=(-20.00,-2.00) at (x,y,z) = ( 0.00, 4.80, 6.40)
    Gauss(d,a)=(-20.00,-2.00) at (x,y,z) = ( 0.00, 4.80, 8.00)
    Gauss(d,a)=(-20.00,-2.00) at (x,y,z) = ( 0.00, 4.80, 9.60)
    Gauss(d,a)=(-20.00,-2.00) at (x,y,z) = ( 0.00, 4.80,11.20)
    Gauss(d,a)=(-20.00,-2.00) at (x,y,z) = ( 0.00, 6.40, 0.00)
    Gauss(d,a)=(-20.00,-2.00) at (x,y,z) = ( 0.00, 6.40, 1.60)
    Gauss(d,a)=(-20.00,-2.00) at (x,y,z) = ( 0.00, 6.40, 3.20)
    Gauss(d,a)=(-20.00,-2.00) at (x,y,z) = ( 0.00, 6.40, 4.80)
    Gauss(d,a)=(-20.00,-2.00) at (x,y,z) = ( 0.00, 6.40, 6.40)
    Gauss(d,a)=(-20.00,-2.00) at (x,y,z) = ( 0.00, 6.40, 8.00)
    Gauss(d,a)=(-20.00,-2.00) at (x,y,z) = ( 0.00, 6.40, 9.60)
    Gauss(d,a)=(-20.00,-2.00) at (x,y,z) = ( 0.00, 6.40,11.20)
    Gauss(d,a)=(-20.00,-2.00) at (x,y,z) = ( 0.00, 8.00, 0.00)
    Gauss(d,a)=(-20.00,-2.00) at (x,y,z) = ( 0.00, 8.00, 1.60)
    Gauss(d,a)=(-20.00,-2.00) at (x,y,z) = ( 0.00, 8.00, 3.20)
    Gauss(d,a)=(-20.00,-2.00) at (x,y,z) = ( 0.00, 8.00, 4.80)
    Gauss(d,a)=(-20.00,-2.00) at (x,y,z) = ( 0.00, 8.00, 6.40)
    Gauss(d,a)=(-20.00,-2.00) at (x,y,z) = ( 0.00, 8.00, 8.00)
    Gauss(d,a)=(-20.00,-2.00) at (x,y,z) = ( 0.00, 8.00, 9.60)
    Gauss(d,a)=(-20.00,-2.00) at (x,y,z) = ( 0.00, 8.00,11.20)
    Gauss(d,a)=(-20.00,-2.00) at (x,y,z) = ( 0.00, 9.60, 0.00)
    Gauss(d,a)=(-20.00,-2.00) at (x,y,z) = ( 0.00, 9.60, 1.60)
    Gauss(d,a)=(-20.00,-2.00) at (x,y,z) = ( 0.00, 9.60, 3.20)
    Gauss(d,a)=(-20.00,-2.00) at (x,y,z) = ( 0.00, 9.60, 4.80)
    Gauss(d,a)=(-20.00,-2.00) at (x,y,z) = ( 0.00, 9.60, 6.40)
    Gauss(d,a)=(-20.00,-2.00) at (x,y,z) = ( 0.00, 9.60, 8.00)
    Gauss(d,a)=(-20.00,-2.00) at (x,y,z) = ( 0.00, 9.60, 9.60)
    Gauss(d,a)=(-20.00,-2.00) at (x,y,z) = ( 0.00, 9.60,11.20)
    Gauss(d,a)=(-20.00,-2.00) at (x,y,z) = ( 0.00,11.20, 0.00)
    Gauss(d,a)=(-20.00,-2.00) at (x,y,z) = ( 0.00,11.20, 1.60)
    Gauss(d,a)=(-20.00,-2.00) at (x,y,z) = ( 0.00,11.20, 3.20)
    Gauss(d,a)=(-20.00,-2.00) at (x,y,z) = ( 0.00,11.20, 4.80)
    Gauss(d,a)=(-20.00,-2.00) at (x,y,z) = ( 0.00,11.20, 6.40)
    Gauss(d,a)=(-20.00,-2.00) at (x,y,z) = ( 0.00,11.20, 8.00)
    Gauss(d,a)=(-20.00,-2.00) at (x,y,z) = ( 0.00,11.20, 9.60)
    Gauss(d,a)=(-20.00,-2.00) at (x,y,z) = ( 0.00,11.20,11.20)
    Gauss(d,a)=(-20.00,-2.00) at (x,y,z) = ( 1.60, 0.00, 0.00)
    Gauss(d,a)=(-20.00,-2.00) at (x,y,z) = ( 1.60, 0.00, 1.60)
    Gauss(d,a)=(-20.00,-2.00) at (x,y,z) = ( 1.60, 0.00, 3.20)
    Gauss(d,a)=(-20.00,-2.00) at (x,y,z) = ( 1.60, 0.00, 4.80)
    Gauss(d,a)=(-20.00,-2.00) at (x,y,z) = ( 1.60, 0.00, 6.40)
    Gauss(d,a)=(-20.00,-2.00) at (x,y,z) = ( 1.60, 0.00, 8.00)
    Gauss(d,a)=(-20.00,-2.00) at (x,y,z) = ( 1.60, 0.00, 9.60)
    Gauss(d,a)=(-20.00,-2.00) at (x,y,z) = ( 1.60, 0.00,11.20)
    Gauss(d,a)=(-20.00,-2.00) at (x,y,z) = ( 1.60, 1.60, 0.00)
    Gauss(d,a)=(-20.00,-2.00) at (x,y,z) = ( 1.60, 1.60, 1.60)
    Gauss(d,a)=(-20.00,-2.00) at (x,y,z) = ( 1.60, 1.60, 3.20)
    Gauss(d,a)=(-20.00,-2.00) at (x,y,z) = ( 1.60, 1.60, 4.80)
    Gauss(d,a)=(-20.00,-2.00) at (x,y,z) = ( 1.60, 1.60, 6.40)
    Gauss(d,a)=(-20.00,-2.00) at (x,y,z) = ( 1.60, 1.60, 8.00)
    Gauss(d,a)=(-20.00,-2.00) at (x,y,z) = ( 1.60, 1.60, 9.60)
    Gauss(d,a)=(-20.00,-2.00) at (x,y,z) = ( 1.60, 1.60,11.20)
    Gauss(d,a)=(-20.00,-2.00) at (x,y,z) = ( 1.60, 3.20, 0.00)
    Gauss(d,a)=(-20.00,-2.00) at (x,y,z) = ( 1.60, 3.20, 1.60)
    Gauss(d,a)=(-20.00,-2.00) at (x,y,z) = ( 1.60, 3.20, 3.20)
    Gauss(d,a)=(-20.00,-2.00) at (x,y,z) = ( 1.60, 3.20, 4.80)
    Gauss(d,a)=(-20.00,-2.00) at (x,y,z) = ( 1.60, 3.20, 6.40)
    Gauss(d,a)=(-20.00,-2.00) at (x,y,z) = ( 1.60, 3.20, 8.00)
    Gauss(d,a)=(-20.00,-2.00) at (x,y,z) = ( 1.60, 3.20, 9.60)
    Gauss(d,a)=(-20.00,-2.00) at (x,y,z) = ( 1.60, 3.20,11.20)
    Gauss(d,a)=(-20.00,-2.00) at (x,y,z) = ( 1.60, 4.80, 0.00)
    Gauss(d,a)=(-20.00,-2.00) at (x,y,z) = ( 1.60, 4.80, 1.60)
    Gauss(d,a)=(-20.00,-2.00) at (x,y,z) = ( 1.60, 4.80, 3.20)
    Gauss(d,a)=(-20.00,-2.00) at (x,y,z) = ( 1.60, 4.80, 4.80)
    Gauss(d,a)=(-20.00,-2.00) at (x,y,z) = ( 1.60, 4.80, 6.40)
    Gauss(d,a)=(-20.00,-2.00) at (x,y,z) = ( 1.60, 4.80, 8.00)
    Gauss(d,a)=(-20.00,-2.00) at (x,y,z) = ( 1.60, 4.80, 9.60)
    Gauss(d,a)=(-20.00,-2.00) at (x,y,z) = ( 1.60, 4.80,11.20)
    Gauss(d,a)=(-20.00,-2.00) at (x,y,z) = ( 1.60, 6.40, 0.00)
    Gauss(d,a)=(-20.00,-2.00) at (x,y,z) = ( 1.60, 6.40, 1.60)
    Gauss(d,a)=(-20.00,-2.00) at (x,y,z) = ( 1.60, 6.40, 3.20)
    Gauss(d,a)=(-20.00,-2.00) at (x,y,z) = ( 1.60, 6.40, 4.80)
    Gauss(d,a)=(-20.00,-2.00) at (x,y,z) = ( 1.60, 6.40, 6.40)
    Gauss(d,a)=(-20.00,-2.00) at (x,y,z) = ( 1.60, 6.40, 8.00)
    Gauss(d,a)=(-20.00,-2.00) at (x,y,z) = ( 1.60, 6.40, 9.60)
    Gauss(d,a)=(-20.00,-2.00) at (x,y,z) = ( 1.60, 6.40,11.20)
    Gauss(d,a)=(-20.00,-2.00) at (x,y,z) = ( 1.60, 8.00, 0.00)
    Gauss(d,a)=(-20.00,-2.00) at (x,y,z) = ( 1.60, 8.00, 1.60)
    Gauss(d,a)=(-20.00,-2.00) at (x,y,z) = ( 1.60, 8.00, 3.20)
    Gauss(d,a)=(-20.00,-2.00) at (x,y,z) = ( 1.60, 8.00, 4.80)
    Gauss(d,a)=(-20.00,-2.00) at (x,y,z) = ( 1.60, 8.00, 6.40)
    Gauss(d,a)=(-20.00,-2.00) at (x,y,z) = ( 1.60, 8.00, 8.00)
    Gauss(d,a)=(-20.00,-2.00) at (x,y,z) = ( 1.60, 8.00, 9.60)
    Gauss(d,a)=(-20.00,-2.00) at (x,y,z) = ( 1.60, 8.00,11.20)
    Gauss(d,a)=(-20.00,-2.00) at (x,y,z) = ( 1.60, 9.60, 0.00)
    Gauss(d,a)=(-20.00,-2.00) at (x,y,z) = ( 1.60, 9.60, 1.60)
    Gauss(d,a)=(-20.00,-2.00) at (x,y,z) = ( 1.60, 9.60, 3.20)
    Gauss(d,a)=(-20.00,-2.00) at (x,y,z) = ( 1.60, 9.60, 4.80)
    Gauss(d,a)=(-20.00,-2.00) at (x,y,z) = ( 1.60, 9.60, 6.40)
    Gauss(d,a)=(-20.00,-2.00) at (x,y,z) = ( 1.60, 9.60, 8.00)
    Gauss(d,a)=(-20.00,-2.00) at (x,y,z) = ( 1.60, 9.60, 9.60)
    Gauss(d,a)=(-20.00,-2.00) at (x,y,z) = ( 1.60, 9.60,11.20)
    Gauss(d,a)=(-20.00,-2.00) at (x,y,z) = ( 1.60,11.20, 0.00)
    Gauss(d,a)=(-20.00,-2.00) at (x,y,z) = ( 1.60,11.20, 1.60)
    Gauss(d,a)=(-20.00,-2.00) at (x,y,z) = ( 1.60,11.20, 3.20)
    Gauss(d,a)=(-20.00,-2.00) at (x,y,z) = ( 1.60,11.20, 4.80)
    Gauss(d,a)=(-20.00,-2.00) at (x,y,z) = ( 1.60,11.20, 6.40)
    Gauss(d,a)=(-20.00,-2.00) at (x,y,z) = ( 1.60,11.20, 8.00)
    Gauss(d,a)=(-20.00,-2.00) at (x,y,z) = ( 1.60,11.20, 9.60)
    Gauss(d,a)=(-20.00,-2.00) at (x,y,z) = ( 1.60,11.20,11.20)
    Gauss(d,a)=(-20.00,-2.00) at (x,y,z) = ( 3.20, 0.00, 0.00)
    Gauss(d,a)=(-20.00,-2.00) at (x,y,z) = ( 3.20, 0.00, 1.60)
    Gauss(d,a)=(-20.00,-2.00) at (x,y,z) = ( 3.20, 0.00, 3.20)
    Gauss(d,a)=(-20.00,-2.00) at (x,y,z) = ( 3.20, 0.00, 4.80)
    Gauss(d,a)=(-20.00,-2.00) at (x,y,z) = ( 3.20, 0.00, 6.40)
    Gauss(d,a)=(-20.00,-2.00) at (x,y,z) = ( 3.20, 0.00, 8.00)
    Gauss(d,a)=(-20.00,-2.00) at (x,y,z) = ( 3.20, 0.00, 9.60)
    Gauss(d,a)=(-20.00,-2.00) at (x,y,z) = ( 3.20, 0.00,11.20)
    Gauss(d,a)=(-20.00,-2.00) at (x,y,z) = ( 3.20, 1.60, 0.00)
    Gauss(d,a)=(-20.00,-2.00) at (x,y,z) = ( 3.20, 1.60, 1.60)
    Gauss(d,a)=(-20.00,-2.00) at (x,y,z) = ( 3.20, 1.60, 3.20)
    Gauss(d,a)=(-20.00,-2.00) at (x,y,z) = ( 3.20, 1.60, 4.80)
    Gauss(d,a)=(-20.00,-2.00) at (x,y,z) = ( 3.20, 1.60, 6.40)
    Gauss(d,a)=(-20.00,-2.00) at (x,y,z) = ( 3.20, 1.60, 8.00)
    Gauss(d,a)=(-20.00,-2.00) at (x,y,z) = ( 3.20, 1.60, 9.60)
    Gauss(d,a)=(-20.00,-2.00) at (x,y,z) = ( 3.20, 1.60,11.20)
    Gauss(d,a)=(-20.00,-2.00) at (x,y,z) = ( 3.20, 3.20, 0.00)
    Gauss(d,a)=(-20.00,-2.00) at (x,y,z) = ( 3.20, 3.20, 1.60)
    Gauss(d,a)=(-20.00,-2.00) at (x,y,z) = ( 3.20, 3.20, 3.20)
    Gauss(d,a)=(-20.00,-2.00) at (x,y,z) = ( 3.20, 3.20, 4.80)
    Gauss(d,a)=(-20.00,-2.00) at (x,y,z) = ( 3.20, 3.20, 6.40)
    Gauss(d,a)=(-20.00,-2.00) at (x,y,z) = ( 3.20, 3.20, 8.00)
    Gauss(d,a)=(-20.00,-2.00) at (x,y,z) = ( 3.20, 3.20, 9.60)
    Gauss(d,a)=(-20.00,-2.00) at (x,y,z) = ( 3.20, 3.20,11.20)
    Gauss(d,a)=(-20.00,-2.00) at (x,y,z) = ( 3.20, 4.80, 0.00)
    Gauss(d,a)=(-20.00,-2.00) at (x,y,z) = ( 3.20, 4.80, 1.60)
    Gauss(d,a)=(-20.00,-2.00) at (x,y,z) = ( 3.20, 4.80, 3.20)
    Gauss(d,a)=(-20.00,-2.00) at (x,y,z) = ( 3.20, 4.80, 4.80)
    Gauss(d,a)=(-20.00,-2.00) at (x,y,z) = ( 3.20, 4.80, 6.40)
    Gauss(d,a)=(-20.00,-2.00) at (x,y,z) = ( 3.20, 4.80, 8.00)
    Gauss(d,a)=(-20.00,-2.00) at (x,y,z) = ( 3.20, 4.80, 9.60)
    Gauss(d,a)=(-20.00,-2.00) at (x,y,z) = ( 3.20, 4.80,11.20)
    Gauss(d,a)=(-20.00,-2.00) at (x,y,z) = ( 3.20, 6.40, 0.00)
    Gauss(d,a)=(-20.00,-2.00) at (x,y,z) = ( 3.20, 6.40, 1.60)
    Gauss(d,a)=(-20.00,-2.00) at (x,y,z) = ( 3.20, 6.40, 3.20)
    Gauss(d,a)=(-20.00,-2.00) at (x,y,z) = ( 3.20, 6.40, 4.80)
    Gauss(d,a)=(-20.00,-2.00) at (x,y,z) = ( 3.20, 6.40, 6.40)
    Gauss(d,a)=(-20.00,-2.00) at (x,y,z) = ( 3.20, 6.40, 8.00)
    Gauss(d,a)=(-20.00,-2.00) at (x,y,z) = ( 3.20, 6.40, 9.60)
    Gauss(d,a)=(-20.00,-2.00) at (x,y,z) = ( 3.20, 6.40,11.20)
    Gauss(d,a)=(-20.00,-2.00) at (x,y,z) = ( 3.20, 8.00, 0.00)
    Gauss(d,a)=(-20.00,-2.00) at (x,y,z) = ( 3.20, 8.00, 1.60)
    Gauss(d,a)=(-20.00,-2.00) at (x,y,z) = ( 3.20, 8.00, 3.20)
    Gauss(d,a)=(-20.00,-2.00) at (x,y,z) = ( 3.20, 8.00, 4.80)
    Gauss(d,a)=(-20.00,-2.00) at (x,y,z) = ( 3.20, 8.00, 6.40)
    Gauss(d,a)=(-20.00,-2.00) at (x,y,z) = ( 3.20, 8.00, 8.00)
    Gauss(d,a)=(-20.00,-2.00) at (x,y,z) = ( 3.20, 8.00, 9.60)
    Gauss(d,a)=(-20.00,-2.00) at (x,y,z) = ( 3.20, 8.00,11.20)
    Gauss(d,a)=(-20.00,-2.00) at (x,y,z) = ( 3.20, 9.60, 0.00)
    Gauss(d,a)=(-20.00,-2.00) at (x,y,z) = ( 3.20, 9.60, 1.60)
    Gauss(d,a)=(-20.00,-2.00) at (x,y,z) = ( 3.20, 9.60, 3.20)
    Gauss(d,a)=(-20.00,-2.00) at (x,y,z) = ( 3.20, 9.60, 4.80)
    Gauss(d,a)=(-20.00,-2.00) at (x,y,z) = ( 3.20, 9.60, 6.40)
    Gauss(d,a)=(-20.00,-2.00) at (x,y,z) = ( 3.20, 9.60, 8.00)
    Gauss(d,a)=(-20.00,-2.00) at (x,y,z) = ( 3.20, 9.60, 9.60)
    Gauss(d,a)=(-20.00,-2.00) at (x,y,z) = ( 3.20, 9.60,11.20)
    Gauss(d,a)=(-20.00,-2.00) at (x,y,z) = ( 3.20,11.20, 0.00)
    Gauss(d,a)=(-20.00,-2.00) at (x,y,z) = ( 3.20,11.20, 1.60)
    Gauss(d,a)=(-20.00,-2.00) at (x,y,z) = ( 3.20,11.20, 3.20)
    Gauss(d,a)=(-20.00,-2.00) at (x,y,z) = ( 3.20,11.20, 4.80)
    Gauss(d,a)=(-20.00,-2.00) at (x,y,z) = ( 3.20,11.20, 6.40)
    Gauss(d,a)=(-20.00,-2.00) at (x,y,z) = ( 3.20,11.20, 8.00)
    Gauss(d,a)=(-20.00,-2.00) at (x,y,z) = ( 3.20,11.20, 9.60)
    Gauss(d,a)=(-20.00,-2.00) at (x,y,z) = ( 3.20,11.20,11.20)
    Gauss(d,a)=(-20.00,-2.00) at (x,y,z) = ( 4.80, 0.00, 0.00)
    Gauss(d,a)=(-20.00,-2.00) at (x,y,z) = ( 4.80, 0.00, 1.60)
    Gauss(d,a)=(-20.00,-2.00) at (x,y,z) = ( 4.80, 0.00, 3.20)
    Gauss(d,a)=(-20.00,-2.00) at (x,y,z) = ( 4.80, 0.00, 4.80)
    Gauss(d,a)=(-20.00,-2.00) at (x,y,z) = ( 4.80, 0.00, 6.40)
    Gauss(d,a)=(-20.00,-2.00) at (x,y,z) = ( 4.80, 0.00, 8.00)
    Gauss(d,a)=(-20.00,-2.00) at (x,y,z) = ( 4.80, 0.00, 9.60)
    Gauss(d,a)=(-20.00,-2.00) at (x,y,z) = ( 4.80, 0.00,11.20)
    Gauss(d,a)=(-20.00,-2.00) at (x,y,z) = ( 4.80, 1.60, 0.00)
    Gauss(d,a)=(-20.00,-2.00) at (x,y,z) = ( 4.80, 1.60, 1.60)
    Gauss(d,a)=(-20.00,-2.00) at (x,y,z) = ( 4.80, 1.60, 3.20)
    Gauss(d,a)=(-20.00,-2.00) at (x,y,z) = ( 4.80, 1.60, 4.80)
    Gauss(d,a)=(-20.00,-2.00) at (x,y,z) = ( 4.80, 1.60, 6.40)
    Gauss(d,a)=(-20.00,-2.00) at (x,y,z) = ( 4.80, 1.60, 8.00)
    Gauss(d,a)=(-20.00,-2.00) at (x,y,z) = ( 4.80, 1.60, 9.60)
    Gauss(d,a)=(-20.00,-2.00) at (x,y,z) = ( 4.80, 1.60,11.20)
    Gauss(d,a)=(-20.00,-2.00) at (x,y,z) = ( 4.80, 3.20, 0.00)
    Gauss(d,a)=(-20.00,-2.00) at (x,y,z) = ( 4.80, 3.20, 1.60)
    Gauss(d,a)=(-20.00,-2.00) at (x,y,z) = ( 4.80, 3.20, 3.20)
    Gauss(d,a)=(-20.00,-2.00) at (x,y,z) = ( 4.80, 3.20, 4.80)
    Gauss(d,a)=(-20.00,-2.00) at (x,y,z) = ( 4.80, 3.20, 6.40)
    Gauss(d,a)=(-20.00,-2.00) at (x,y,z) = ( 4.80, 3.20, 8.00)
    Gauss(d,a)=(-20.00,-2.00) at (x,y,z) = ( 4.80, 3.20, 9.60)
    Gauss(d,a)=(-20.00,-2.00) at (x,y,z) = ( 4.80, 3.20,11.20)
    Gauss(d,a)=(-20.00,-2.00) at (x,y,z) = ( 4.80, 4.80, 0.00)
    Gauss(d,a)=(-20.00,-2.00) at (x,y,z) = ( 4.80, 4.80, 1.60)
    Gauss(d,a)=(-20.00,-2.00) at (x,y,z) = ( 4.80, 4.80, 3.20)
    Gauss(d,a)=(-20.00,-2.00) at (x,y,z) = ( 4.80, 4.80, 4.80)
    Gauss(d,a)=(-20.00,-2.00) at (x,y,z) = ( 4.80, 4.80, 6.40)
    Gauss(d,a)=(-20.00,-2.00) at (x,y,z) = ( 4.80, 4.80, 8.00)
    Gauss(d,a)=(-20.00,-2.00) at (x,y,z) = ( 4.80, 4.80, 9.60)
    Gauss(d,a)=(-20.00,-2.00) at (x,y,z) = ( 4.80, 4.80,11.20)
    Gauss(d,a)=(-20.00,-2.00) at (x,y,z) = ( 4.80, 6.40, 0.00)
    Gauss(d,a)=(-20.00,-2.00) at (x,y,z) = ( 4.80, 6.40, 1.60)
    Gauss(d,a)=(-20.00,-2.00) at (x,y,z) = ( 4.80, 6.40, 3.20)
    Gauss(d,a)=(-20.00,-2.00) at (x,y,z) = ( 4.80, 6.40, 4.80)
    Gauss(d,a)=(-20.00,-2.00) at (x,y,z) = ( 4.80, 6.40, 6.40)
    Gauss(d,a)=(-20.00,-2.00) at (x,y,z) = ( 4.80, 6.40, 8.00)
    Gauss(d,a)=(-20.00,-2.00) at (x,y,z) = ( 4.80, 6.40, 9.60)
    Gauss(d,a)=(-20.00,-2.00) at (x,y,z) = ( 4.80, 6.40,11.20)
    Gauss(d,a)=(-20.00,-2.00) at (x,y,z) = ( 4.80, 8.00, 0.00)
    Gauss(d,a)=(-20.00,-2.00) at (x,y,z) = ( 4.80, 8.00, 1.60)
    Gauss(d,a)=(-20.00,-2.00) at (x,y,z) = ( 4.80, 8.00, 3.20)
    Gauss(d,a)=(-20.00,-2.00) at (x,y,z) = ( 4.80, 8.00, 4.80)
    Gauss(d,a)=(-20.00,-2.00) at (x,y,z) = ( 4.80, 8.00, 6.40)
    Gauss(d,a)=(-20.00,-2.00) at (x,y,z) = ( 4.80, 8.00, 8.00)
    Gauss(d,a)=(-20.00,-2.00) at (x,y,z) = ( 4.80, 8.00, 9.60)
    Gauss(d,a)=(-20.00,-2.00) at (x,y,z) = ( 4.80, 8.00,11.20)
    Gauss(d,a)=(-20.00,-2.00) at (x,y,z) = ( 4.80, 9.60, 0.00)
    Gauss(d,a)=(-20.00,-2.00) at (x,y,z) = ( 4.80, 9.60, 1.60)
    Gauss(d,a)=(-20.00,-2.00) at (x,y,z) = ( 4.80, 9.60, 3.20)
    Gauss(d,a)=(-20.00,-2.00) at (x,y,z) = ( 4.80, 9.60, 4.80)
    Gauss(d,a)=(-20.00,-2.00) at (x,y,z) = ( 4.80, 9.60, 6.40)
    Gauss(d,a)=(-20.00,-2.00) at (x,y,z) = ( 4.80, 9.60, 8.00)
    Gauss(d,a)=(-20.00,-2.00) at (x,y,z) = ( 4.80, 9.60, 9.60)
    Gauss(d,a)=(-20.00,-2.00) at (x,y,z) = ( 4.80, 9.60,11.20)
    Gauss(d,a)=(-20.00,-2.00) at (x,y,z) = ( 4.80,11.20, 0.00)
    Gauss(d,a)=(-20.00,-2.00) at (x,y,z) = ( 4.80,11.20, 1.60)
    Gauss(d,a)=(-20.00,-2.00) at (x,y,z) = ( 4.80,11.20, 3.20)
    Gauss(d,a)=(-20.00,-2.00) at (x,y,z) = ( 4.80,11.20, 4.80)
    Gauss(d,a)=(-20.00,-2.00) at (x,y,z) = ( 4.80,11.20, 6.40)
    Gauss(d,a)=(-20.00,-2.00) at (x,y,z) = ( 4.80,11.20, 8.00)
    Gauss(d,a)=(-20.00,-2.00) at (x,y,z) = ( 4.80,11.20, 9.60)
    Gauss(d,a)=(-20.00,-2.00) at (x,y,z) = ( 4.80,11.20,11.20)
    Gauss(d,a)=(-20.00,-2.00) at (x,y,z) = ( 6.40, 0.00, 0.00)
    Gauss(d,a)=(-20.00,-2.00) at (x,y,z) = ( 6.40, 0.00, 1.60)
    Gauss(d,a)=(-20.00,-2.00) at (x,y,z) = ( 6.40, 0.00, 3.20)
    Gauss(d,a)=(-20.00,-2.00) at (x,y,z) = ( 6.40, 0.00, 4.80)
    Gauss(d,a)=(-20.00,-2.00) at (x,y,z) = ( 6.40, 0.00, 6.40)
    Gauss(d,a)=(-20.00,-2.00) at (x,y,z) = ( 6.40, 0.00, 8.00)
    Gauss(d,a)=(-20.00,-2.00) at (x,y,z) = ( 6.40, 0.00, 9.60)
    Gauss(d,a)=(-20.00,-2.00) at (x,y,z) = ( 6.40, 0.00,11.20)
    Gauss(d,a)=(-20.00,-2.00) at (x,y,z) = ( 6.40, 1.60, 0.00)
    Gauss(d,a)=(-20.00,-2.00) at (x,y,z) = ( 6.40, 1.60, 1.60)
    Gauss(d,a)=(-20.00,-2.00) at (x,y,z) = ( 6.40, 1.60, 3.20)
    Gauss(d,a)=(-20.00,-2.00) at (x,y,z) = ( 6.40, 1.60, 4.80)
    Gauss(d,a)=(-20.00,-2.00) at (x,y,z) = ( 6.40, 1.60, 6.40)
    Gauss(d,a)=(-20.00,-2.00) at (x,y,z) = ( 6.40, 1.60, 8.00)
    Gauss(d,a)=(-20.00,-2.00) at (x,y,z) = ( 6.40, 1.60, 9.60)
    Gauss(d,a)=(-20.00,-2.00) at (x,y,z) = ( 6.40, 1.60,11.20)
    Gauss(d,a)=(-20.00,-2.00) at (x,y,z) = ( 6.40, 3.20, 0.00)
    Gauss(d,a)=(-20.00,-2.00) at (x,y,z) = ( 6.40, 3.20, 1.60)
    Gauss(d,a)=(-20.00,-2.00) at (x,y,z) = ( 6.40, 3.20, 3.20)
    Gauss(d,a)=(-20.00,-2.00) at (x,y,z) = ( 6.40, 3.20, 4.80)
    Gauss(d,a)=(-20.00,-2.00) at (x,y,z) = ( 6.40, 3.20, 6.40)
    Gauss(d,a)=(-20.00,-2.00) at (x,y,z) = ( 6.40, 3.20, 8.00)
    Gauss(d,a)=(-20.00,-2.00) at (x,y,z) = ( 6.40, 3.20, 9.60)
    Gauss(d,a)=(-20.00,-2.00) at (x,y,z) = ( 6.40, 3.20,11.20)
    Gauss(d,a)=(-20.00,-2.00) at (x,y,z) = ( 6.40, 4.80, 0.00)
    Gauss(d,a)=(-20.00,-2.00) at (x,y,z) = ( 6.40, 4.80, 1.60)
    Gauss(d,a)=(-20.00,-2.00) at (x,y,z) = ( 6.40, 4.80, 3.20)
    Gauss(d,a)=(-20.00,-2.00) at (x,y,z) = ( 6.40, 4.80, 4.80)
    Gauss(d,a)=(-20.00,-2.00) at (x,y,z) = ( 6.40, 4.80, 6.40)
    Gauss(d,a)=(-20.00,-2.00) at (x,y,z) = ( 6.40, 4.80, 8.00)
    Gauss(d,a)=(-20.00,-2.00) at (x,y,z) = ( 6.40, 4.80, 9.60)
    Gauss(d,a)=(-20.00,-2.00) at (x,y,z) = ( 6.40, 4.80,11.20)
    Gauss(d,a)=(-20.00,-2.00) at (x,y,z) = ( 6.40, 6.40, 0.00)
    Gauss(d,a)=(-20.00,-2.00) at (x,y,z) = ( 6.40, 6.40, 1.60)
    Gauss(d,a)=(-20.00,-2.00) at (x,y,z) = ( 6.40, 6.40, 3.20)
    Gauss(d,a)=(-20.00,-2.00) at (x,y,z) = ( 6.40, 6.40, 4.80)
    Gauss(d,a)=(-20.00,-2.00) at (x,y,z) = ( 6.40, 6.40, 6.40)
    Gauss(d,a)=(-20.00,-2.00) at (x,y,z) = ( 6.40, 6.40, 8.00)
    Gauss(d,a)=(-20.00,-2.00) at (x,y,z) = ( 6.40, 6.40, 9.60)
    Gauss(d,a)=(-20.00,-2.00) at (x,y,z) = ( 6.40, 6.40,11.20)
    Gauss(d,a)=(-20.00,-2.00) at (x,y,z) = ( 6.40, 8.00, 0.00)
    Gauss(d,a)=(-20.00,-2.00) at (x,y,z) = ( 6.40, 8.00, 1.60)
    Gauss(d,a)=(-20.00,-2.00) at (x,y,z) = ( 6.40, 8.00, 3.20)
    Gauss(d,a)=(-20.00,-2.00) at (x,y,z) = ( 6.40, 8.00, 4.80)
    Gauss(d,a)=(-20.00,-2.00) at (x,y,z) = ( 6.40, 8.00, 6.40)
    Gauss(d,a)=(-20.00,-2.00) at (x,y,z) = ( 6.40, 8.00, 8.00)
    Gauss(d,a)=(-20.00,-2.00) at (x,y,z) = ( 6.40, 8.00, 9.60)
    Gauss(d,a)=(-20.00,-2.00) at (x,y,z) = ( 6.40, 8.00,11.20)
    Gauss(d,a)=(-20.00,-2.00) at (x,y,z) = ( 6.40, 9.60, 0.00)
    Gauss(d,a)=(-20.00,-2.00) at (x,y,z) = ( 6.40, 9.60, 1.60)
    Gauss(d,a)=(-20.00,-2.00) at (x,y,z) = ( 6.40, 9.60, 3.20)
    Gauss(d,a)=(-20.00,-2.00) at (x,y,z) = ( 6.40, 9.60, 4.80)
    Gauss(d,a)=(-20.00,-2.00) at (x,y,z) = ( 6.40, 9.60, 6.40)
    Gauss(d,a)=(-20.00,-2.00) at (x,y,z) = ( 6.40, 9.60, 8.00)
    Gauss(d,a)=(-20.00,-2.00) at (x,y,z) = ( 6.40, 9.60, 9.60)
    Gauss(d,a)=(-20.00,-2.00) at (x,y,z) = ( 6.40, 9.60,11.20)
    Gauss(d,a)=(-20.00,-2.00) at (x,y,z) = ( 6.40,11.20, 0.00)
    Gauss(d,a)=(-20.00,-2.00) at (x,y,z) = ( 6.40,11.20, 1.60)
    Gauss(d,a)=(-20.00,-2.00) at (x,y,z) = ( 6.40,11.20, 3.20)
    Gauss(d,a)=(-20.00,-2.00) at (x,y,z) = ( 6.40,11.20, 4.80)
    Gauss(d,a)=(-20.00,-2.00) at (x,y,z) = ( 6.40,11.20, 6.40)
    Gauss(d,a)=(-20.00,-2.00) at (x,y,z) = ( 6.40,11.20, 8.00)
    Gauss(d,a)=(-20.00,-2.00) at (x,y,z) = ( 6.40,11.20, 9.60)
    Gauss(d,a)=(-20.00,-2.00) at (x,y,z) = ( 6.40,11.20,11.20)
    Gauss(d,a)=(-20.00,-2.00) at (x,y,z) = ( 8.00, 0.00, 0.00)
    Gauss(d,a)=(-20.00,-2.00) at (x,y,z) = ( 8.00, 0.00, 1.60)
    Gauss(d,a)=(-20.00,-2.00) at (x,y,z) = ( 8.00, 0.00, 3.20)
    Gauss(d,a)=(-20.00,-2.00) at (x,y,z) = ( 8.00, 0.00, 4.80)
    Gauss(d,a)=(-20.00,-2.00) at (x,y,z) = ( 8.00, 0.00, 6.40)
    Gauss(d,a)=(-20.00,-2.00) at (x,y,z) = ( 8.00, 0.00, 8.00)
    Gauss(d,a)=(-20.00,-2.00) at (x,y,z) = ( 8.00, 0.00, 9.60)
    Gauss(d,a)=(-20.00,-2.00) at (x,y,z) = ( 8.00, 0.00,11.20)
    Gauss(d,a)=(-20.00,-2.00) at (x,y,z) = ( 8.00, 1.60, 0.00)
    Gauss(d,a)=(-20.00,-2.00) at (x,y,z) = ( 8.00, 1.60, 1.60)
    Gauss(d,a)=(-20.00,-2.00) at (x,y,z) = ( 8.00, 1.60, 3.20)
    Gauss(d,a)=(-20.00,-2.00) at (x,y,z) = ( 8.00, 1.60, 4.80)
    Gauss(d,a)=(-20.00,-2.00) at (x,y,z) = ( 8.00, 1.60, 6.40)
    Gauss(d,a)=(-20.00,-2.00) at (x,y,z) = ( 8.00, 1.60, 8.00)
    Gauss(d,a)=(-20.00,-2.00) at (x,y,z) = ( 8.00, 1.60, 9.60)
    Gauss(d,a)=(-20.00,-2.00) at (x,y,z) = ( 8.00, 1.60,11.20)
    Gauss(d,a)=(-20.00,-2.00) at (x,y,z) = ( 8.00, 3.20, 0.00)
    Gauss(d,a)=(-20.00,-2.00) at (x,y,z) = ( 8.00, 3.20, 1.60)
    Gauss(d,a)=(-20.00,-2.00) at (x,y,z) = ( 8.00, 3.20, 3.20)
    Gauss(d,a)=(-20.00,-2.00) at (x,y,z) = ( 8.00, 3.20, 4.80)
    Gauss(d,a)=(-20.00,-2.00) at (x,y,z) = ( 8.00, 3.20, 6.40)
    Gauss(d,a)=(-20.00,-2.00) at (x,y,z) = ( 8.00, 3.20, 8.00)
    Gauss(d,a)=(-20.00,-2.00) at (x,y,z) = ( 8.00, 3.20, 9.60)
    Gauss(d,a)=(-20.00,-2.00) at (x,y,z) = ( 8.00, 3.20,11.20)
    Gauss(d,a)=(-20.00,-2.00) at (x,y,z) = ( 8.00, 4.80, 0.00)
    Gauss(d,a)=(-20.00,-2.00) at (x,y,z) = ( 8.00, 4.80, 1.60)
    Gauss(d,a)=(-20.00,-2.00) at (x,y,z) = ( 8.00, 4.80, 3.20)
    Gauss(d,a)=(-20.00,-2.00) at (x,y,z) = ( 8.00, 4.80, 4.80)
    Gauss(d,a)=(-20.00,-2.00) at (x,y,z) = ( 8.00, 4.80, 6.40)
    Gauss(d,a)=(-20.00,-2.00) at (x,y,z) = ( 8.00, 4.80, 8.00)
    Gauss(d,a)=(-20.00,-2.00) at (x,y,z) = ( 8.00, 4.80, 9.60)
    Gauss(d,a)=(-20.00,-2.00) at (x,y,z) = ( 8.00, 4.80,11.20)
    Gauss(d,a)=(-20.00,-2.00) at (x,y,z) = ( 8.00, 6.40, 0.00)
    Gauss(d,a)=(-20.00,-2.00) at (x,y,z) = ( 8.00, 6.40, 1.60)
    Gauss(d,a)=(-20.00,-2.00) at (x,y,z) = ( 8.00, 6.40, 3.20)
    Gauss(d,a)=(-20.00,-2.00) at (x,y,z) = ( 8.00, 6.40, 4.80)
    Gauss(d,a)=(-20.00,-2.00) at (x,y,z) = ( 8.00, 6.40, 6.40)
    Gauss(d,a)=(-20.00,-2.00) at (x,y,z) = ( 8.00, 6.40, 8.00)
    Gauss(d,a)=(-20.00,-2.00) at (x,y,z) = ( 8.00, 6.40, 9.60)
    Gauss(d,a)=(-20.00,-2.00) at (x,y,z) = ( 8.00, 6.40,11.20)
    Gauss(d,a)=(-20.00,-2.00) at (x,y,z) = ( 8.00, 8.00, 0.00)
    Gauss(d,a)=(-20.00,-2.00) at (x,y,z) = ( 8.00, 8.00, 1.60)
    Gauss(d,a)=(-20.00,-2.00) at (x,y,z) = ( 8.00, 8.00, 3.20)
    Gauss(d,a)=(-20.00,-2.00) at (x,y,z) = ( 8.00, 8.00, 4.80)
    Gauss(d,a)=(-20.00,-2.00) at (x,y,z) = ( 8.00, 8.00, 6.40)
    Gauss(d,a)=(-20.00,-2.00) at (x,y,z) = ( 8.00, 8.00, 8.00)
    Gauss(d,a)=(-20.00,-2.00) at (x,y,z) = ( 8.00, 8.00, 9.60)
    Gauss(d,a)=(-20.00,-2.00) at (x,y,z) = ( 8.00, 8.00,11.20)
    Gauss(d,a)=(-20.00,-2.00) at (x,y,z) = ( 8.00, 9.60, 0.00)
    Gauss(d,a)=(-20.00,-2.00) at (x,y,z) = ( 8.00, 9.60, 1.60)
    Gauss(d,a)=(-20.00,-2.00) at (x,y,z) = ( 8.00, 9.60, 3.20)
    Gauss(d,a)=(-20.00,-2.00) at (x,y,z) = ( 8.00, 9.60, 4.80)
    Gauss(d,a)=(-20.00,-2.00) at (x,y,z) = ( 8.00, 9.60, 6.40)
    Gauss(d,a)=(-20.00,-2.00) at (x,y,z) = ( 8.00, 9.60, 8.00)
    Gauss(d,a)=(-20.00,-2.00) at (x,y,z) = ( 8.00, 9.60, 9.60)
    Gauss(d,a)=(-20.00,-2.00) at (x,y,z) = ( 8.00, 9.60,11.20)
    Gauss(d,a)=(-20.00,-2.00) at (x,y,z) = ( 8.00,11.20, 0.00)
    Gauss(d,a)=(-20.00,-2.00) at (x,y,z) = ( 8.00,11.20, 1.60)
    Gauss(d,a)=(-20.00,-2.00) at (x,y,z) = ( 8.00,11.20, 3.20)
    Gauss(d,a)=(-20.00,-2.00) at (x,y,z) = ( 8.00,11.20, 4.80)
    Gauss(d,a)=(-20.00,-2.00) at (x,y,z) = ( 8.00,11.20, 6.40)
    Gauss(d,a)=(-20.00,-2.00) at (x,y,z) = ( 8.00,11.20, 8.00)
    Gauss(d,a)=(-20.00,-2.00) at (x,y,z) = ( 8.00,11.20, 9.60)
    Gauss(d,a)=(-20.00,-2.00) at (x,y,z) = ( 8.00,11.20,11.20)
    Gauss(d,a)=(-20.00,-2.00) at (x,y,z) = ( 9.60, 0.00, 0.00)
    Gauss(d,a)=(-20.00,-2.00) at (x,y,z) = ( 9.60, 0.00, 1.60)
    Gauss(d,a)=(-20.00,-2.00) at (x,y,z) = ( 9.60, 0.00, 3.20)
    Gauss(d,a)=(-20.00,-2.00) at (x,y,z) = ( 9.60, 0.00, 4.80)
    Gauss(d,a)=(-20.00,-2.00) at (x,y,z) = ( 9.60, 0.00, 6.40)
    Gauss(d,a)=(-20.00,-2.00) at (x,y,z) = ( 9.60, 0.00, 8.00)
    Gauss(d,a)=(-20.00,-2.00) at (x,y,z) = ( 9.60, 0.00, 9.60)
    Gauss(d,a)=(-20.00,-2.00) at (x,y,z) = ( 9.60, 0.00,11.20)
    Gauss(d,a)=(-20.00,-2.00) at (x,y,z) = ( 9.60, 1.60, 0.00)
    Gauss(d,a)=(-20.00,-2.00) at (x,y,z) = ( 9.60, 1.60, 1.60)
    Gauss(d,a)=(-20.00,-2.00) at (x,y,z) = ( 9.60, 1.60, 3.20)
    Gauss(d,a)=(-20.00,-2.00) at (x,y,z) = ( 9.60, 1.60, 4.80)
    Gauss(d,a)=(-20.00,-2.00) at (x,y,z) = ( 9.60, 1.60, 6.40)
    Gauss(d,a)=(-20.00,-2.00) at (x,y,z) = ( 9.60, 1.60, 8.00)
    Gauss(d,a)=(-20.00,-2.00) at (x,y,z) = ( 9.60, 1.60, 9.60)
    Gauss(d,a)=(-20.00,-2.00) at (x,y,z) = ( 9.60, 1.60,11.20)
    Gauss(d,a)=(-20.00,-2.00) at (x,y,z) = ( 9.60, 3.20, 0.00)
    Gauss(d,a)=(-20.00,-2.00) at (x,y,z) = ( 9.60, 3.20, 1.60)
    Gauss(d,a)=(-20.00,-2.00) at (x,y,z) = ( 9.60, 3.20, 3.20)
    Gauss(d,a)=(-20.00,-2.00) at (x,y,z) = ( 9.60, 3.20, 4.80)
    Gauss(d,a)=(-20.00,-2.00) at (x,y,z) = ( 9.60, 3.20, 6.40)
    Gauss(d,a)=(-20.00,-2.00) at (x,y,z) = ( 9.60, 3.20, 8.00)
    Gauss(d,a)=(-20.00,-2.00) at (x,y,z) = ( 9.60, 3.20, 9.60)
    Gauss(d,a)=(-20.00,-2.00) at (x,y,z) = ( 9.60, 3.20,11.20)
    Gauss(d,a)=(-20.00,-2.00) at (x,y,z) = ( 9.60, 4.80, 0.00)
    Gauss(d,a)=(-20.00,-2.00) at (x,y,z) = ( 9.60, 4.80, 1.60)
    Gauss(d,a)=(-20.00,-2.00) at (x,y,z) = ( 9.60, 4.80, 3.20)
    Gauss(d,a)=(-20.00,-2.00) at (x,y,z) = ( 9.60, 4.80, 4.80)
    Gauss(d,a)=(-20.00,-2.00) at (x,y,z) = ( 9.60, 4.80, 6.40)
    Gauss(d,a)=(-20.00,-2.00) at (x,y,z) = ( 9.60, 4.80, 8.00)
    Gauss(d,a)=(-20.00,-2.00) at (x,y,z) = ( 9.60, 4.80, 9.60)
    Gauss(d,a)=(-20.00,-2.00) at (x,y,z) = ( 9.60, 4.80,11.20)
    Gauss(d,a)=(-20.00,-2.00) at (x,y,z) = ( 9.60, 6.40, 0.00)
    Gauss(d,a)=(-20.00,-2.00) at (x,y,z) = ( 9.60, 6.40, 1.60)
    Gauss(d,a)=(-20.00,-2.00) at (x,y,z) = ( 9.60, 6.40, 3.20)
    Gauss(d,a)=(-20.00,-2.00) at (x,y,z) = ( 9.60, 6.40, 4.80)
    Gauss(d,a)=(-20.00,-2.00) at (x,y,z) = ( 9.60, 6.40, 6.40)
    Gauss(d,a)=(-20.00,-2.00) at (x,y,z) = ( 9.60, 6.40, 8.00)
    Gauss(d,a)=(-20.00,-2.00) at (x,y,z) = ( 9.60, 6.40, 9.60)
    Gauss(d,a)=(-20.00,-2.00) at (x,y,z) = ( 9.60, 6.40,11.20)
    Gauss(d,a)=(-20.00,-2.00) at (x,y,z) = ( 9.60, 8.00, 0.00)
    Gauss(d,a)=(-20.00,-2.00) at (x,y,z) = ( 9.60, 8.00, 1.60)
    Gauss(d,a)=(-20.00,-2.00) at (x,y,z) = ( 9.60, 8.00, 3.20)
    Gauss(d,a)=(-20.00,-2.00) at (x,y,z) = ( 9.60, 8.00, 4.80)
    Gauss(d,a)=(-20.00,-2.00) at (x,y,z) = ( 9.60, 8.00, 6.40)
    Gauss(d,a)=(-20.00,-2.00) at (x,y,z) = ( 9.60, 8.00, 8.00)
    Gauss(d,a)=(-20.00,-2.00) at (x,y,z) = ( 9.60, 8.00, 9.60)
    Gauss(d,a)=(-20.00,-2.00) at (x,y,z) = ( 9.60, 8.00,11.20)
    Gauss(d,a)=(-20.00,-2.00) at (x,y,z) = ( 9.60, 9.60, 0.00)
    Gauss(d,a)=(-20.00,-2.00) at (x,y,z) = ( 9.60, 9.60, 1.60)
    Gauss(d,a)=(-20.00,-2.00) at (x,y,z) = ( 9.60, 9.60, 3.20)
    Gauss(d,a)=(-20.00,-2.00) at (x,y,z) = ( 9.60, 9.60, 4.80)
    Gauss(d,a)=(-20.00,-2.00) at (x,y,z) = ( 9.60, 9.60, 6.40)
    Gauss(d,a)=(-20.00,-2.00) at (x,y,z) = ( 9.60, 9.60, 8.00)
    Gauss(d,a)=(-20.00,-2.00) at (x,y,z) = ( 9.60, 9.60, 9.60)
    Gauss(d,a)=(-20.00,-2.00) at (x,y,z) = ( 9.60, 9.60,11.20)
    Gauss(d,a)=(-20.00,-2.00) at (x,y,z) = ( 9.60,11.20, 0.00)
    Gauss(d,a)=(-20.00,-2.00) at (x,y,z) = ( 9.60,11.20, 1.60)
    Gauss(d,a)=(-20.00,-2.00) at (x,y,z) = ( 9.60,11.20, 3.20)
    Gauss(d,a)=(-20.00,-2.00) at (x,y,z) = ( 9.60,11.20, 4.80)
    Gauss(d,a)=(-20.00,-2.00) at (x,y,z) = ( 9.60,11.20, 6.40)
    Gauss(d,a)=(-20.00,-2.00) at (x,y,z) = ( 9.60,11.20, 8.00)
    Gauss(d,a)=(-20.00,-2.00) at (x,y,z) = ( 9.60,11.20, 9.60)
    Gauss(d,a)=(-20.00,-2.00) at (x,y,z) = ( 9.60,11.20,11.20)
    Gauss(d,a)=(-20.00,-2.00) at (x,y,z) = (11.20, 0.00, 0.00)
    Gauss(d,a)=(-20.00,-2.00) at (x,y,z) = (11.20, 0.00, 1.60)
    Gauss(d,a)=(-20.00,-2.00) at (x,y,z) = (11.20, 0.00, 3.20)
    Gauss(d,a)=(-20.00,-2.00) at (x,y,z) = (11.20, 0.00, 4.80)
    Gauss(d,a)=(-20.00,-2.00) at (x,y,z) = (11.20, 0.00, 6.40)
    Gauss(d,a)=(-20.00,-2.00) at (x,y,z) = (11.20, 0.00, 8.00)
    Gauss(d,a)=(-20.00,-2.00) at (x,y,z) = (11.20, 0.00, 9.60)
    Gauss(d,a)=(-20.00,-2.00) at (x,y,z) = (11.20, 0.00,11.20)
    Gauss(d,a)=(-20.00,-2.00) at (x,y,z) = (11.20, 1.60, 0.00)
    Gauss(d,a)=(-20.00,-2.00) at (x,y,z) = (11.20, 1.60, 1.60)
    Gauss(d,a)=(-20.00,-2.00) at (x,y,z) = (11.20, 1.60, 3.20)
    Gauss(d,a)=(-20.00,-2.00) at (x,y,z) = (11.20, 1.60, 4.80)
    Gauss(d,a)=(-20.00,-2.00) at (x,y,z) = (11.20, 1.60, 6.40)
    Gauss(d,a)=(-20.00,-2.00) at (x,y,z) = (11.20, 1.60, 8.00)
    Gauss(d,a)=(-20.00,-2.00) at (x,y,z) = (11.20, 1.60, 9.60)
    Gauss(d,a)=(-20.00,-2.00) at (x,y,z) = (11.20, 1.60,11.20)
    Gauss(d,a)=(-20.00,-2.00) at (x,y,z) = (11.20, 3.20, 0.00)
    Gauss(d,a)=(-20.00,-2.00) at (x,y,z) = (11.20, 3.20, 1.60)
    Gauss(d,a)=(-20.00,-2.00) at (x,y,z) = (11.20, 3.20, 3.20)
    Gauss(d,a)=(-20.00,-2.00) at (x,y,z) = (11.20, 3.20, 4.80)
    Gauss(d,a)=(-20.00,-2.00) at (x,y,z) = (11.20, 3.20, 6.40)
    Gauss(d,a)=(-20.00,-2.00) at (x,y,z) = (11.20, 3.20, 8.00)
    Gauss(d,a)=(-20.00,-2.00) at (x,y,z) = (11.20, 3.20, 9.60)
    Gauss(d,a)=(-20.00,-2.00) at (x,y,z) = (11.20, 3.20,11.20)
    Gauss(d,a)=(-20.00,-2.00) at (x,y,z) = (11.20, 4.80, 0.00)
    Gauss(d,a)=(-20.00,-2.00) at (x,y,z) = (11.20, 4.80, 1.60)
    Gauss(d,a)=(-20.00,-2.00) at (x,y,z) = (11.20, 4.80, 3.20)
    Gauss(d,a)=(-20.00,-2.00) at (x,y,z) = (11.20, 4.80, 4.80)
    Gauss(d,a)=(-20.00,-2.00) at (x,y,z) = (11.20, 4.80, 6.40)
    Gauss(d,a)=(-20.00,-2.00) at (x,y,z) = (11.20, 4.80, 8.00)
    Gauss(d,a)=(-20.00,-2.00) at (x,y,z) = (11.20, 4.80, 9.60)
    Gauss(d,a)=(-20.00,-2.00) at (x,y,z) = (11.20, 4.80,11.20)
    Gauss(d,a)=(-20.00,-2.00) at (x,y,z) = (11.20, 6.40, 0.00)
    Gauss(d,a)=(-20.00,-2.00) at (x,y,z) = (11.20, 6.40, 1.60)
    Gauss(d,a)=(-20.00,-2.00) at (x,y,z) = (11.20, 6.40, 3.20)
    Gauss(d,a)=(-20.00,-2.00) at (x,y,z) = (11.20, 6.40, 4.80)
    Gauss(d,a)=(-20.00,-2.00) at (x,y,z) = (11.20, 6.40, 6.40)
    Gauss(d,a)=(-20.00,-2.00) at (x,y,z) = (11.20, 6.40, 8.00)
    Gauss(d,a)=(-20.00,-2.00) at (x,y,z) = (11.20, 6.40, 9.60)
    Gauss(d,a)=(-20.00,-2.00) at (x,y,z) = (11.20, 6.40,11.20)
    Gauss(d,a)=(-20.00,-2.00) at (x,y,z) = (11.20, 8.00, 0.00)
    Gauss(d,a)=(-20.00,-2.00) at (x,y,z) = (11.20, 8.00, 1.60)
    Gauss(d,a)=(-20.00,-2.00) at (x,y,z) = (11.20, 8.00, 3.20)
    Gauss(d,a)=(-20.00,-2.00) at (x,y,z) = (11.20, 8.00, 4.80)
    Gauss(d,a)=(-20.00,-2.00) at (x,y,z) = (11.20, 8.00, 6.40)
    Gauss(d,a)=(-20.00,-2.00) at (x,y,z) = (11.20, 8.00, 8.00)
    Gauss(d,a)=(-20.00,-2.00) at (x,y,z) = (11.20, 8.00, 9.60)
    Gauss(d,a)=(-20.00,-2.00) at (x,y,z) = (11.20, 8.00,11.20)
    Gauss(d,a)=(-20.00,-2.00) at (x,y,z) = (11.20, 9.60, 0.00)
    Gauss(d,a)=(-20.00,-2.00) at (x,y,z) = (11.20, 9.60, 1.60)
    Gauss(d,a)=(-20.00,-2.00) at (x,y,z) = (11.20, 9.60, 3.20)
    Gauss(d,a)=(-20.00,-2.00) at (x,y,z) = (11.20, 9.60, 4.80)
    Gauss(d,a)=(-20.00,-2.00) at (x,y,z) = (11.20, 9.60, 6.40)
    Gauss(d,a)=(-20.00,-2.00) at (x,y,z) = (11.20, 9.60, 8.00)
    Gauss(d,a)=(-20.00,-2.00) at (x,y,z) = (11.20, 9.60, 9.60)
    Gauss(d,a)=(-20.00,-2.00) at (x,y,z) = (11.20, 9.60,11.20)
    Gauss(d,a)=(-20.00,-2.00) at (x,y,z) = (11.20,11.20, 0.00)
    Gauss(d,a)=(-20.00,-2.00) at (x,y,z) = (11.20,11.20, 1.60)
    Gauss(d,a)=(-20.00,-2.00) at (x,y,z) = (11.20,11.20, 3.20)
    Gauss(d,a)=(-20.00,-2.00) at (x,y,z) = (11.20,11.20, 4.80)
    Gauss(d,a)=(-20.00,-2.00) at (x,y,z) = (11.20,11.20, 6.40)
    Gauss(d,a)=(-20.00,-2.00) at (x,y,z) = (11.20,11.20, 8.00)
    Gauss(d,a)=(-20.00,-2.00) at (x,y,z) = (11.20,11.20, 9.60)
    Gauss(d,a)=(-20.00,-2.00) at (x,y,z) = (11.20,11.20,11.20)


----GRAPH-CREATION-and-PARTITIONING----=======================================
      Setup: Max:   0.376, Sum:   1.503, Balance:   1.000
   Matching: Max:   0.138, Sum:   0.552, Balance:   1.000
Contraction: Max:   0.238, Sum:   0.951, Balance:   1.000
   InitPart: Max:   0.003, Sum:   0.012, Balance:   1.000
    Project: Max:   0.001, Sum:   0.003, Balance:   1.023
 Initialize: Max:   0.162, Sum:   0.648, Balance:   1.000
      K-way: Max:   0.296, Sum:   1.182, Balance:   1.000
      Remap: Max:   0.000, Sum:   0.000, Balance:   1.004
      Total: Max:   1.213, Sum:   4.852, Balance:   1.000
Final   4-way Cut: 1330934 	Balance: 1.036 

    Number of nodes:
         Rank0.........3.164E+04
         Averg.........3.125E+04
         Total.........1.250E+05
    Number of edges:
         Rank0.........9.749E+06
         Averg.........9.622E+06
         Total.........3.849E+07
    Memory usage.[MB]:
         Rank0.........1.492E+02
         Averg.........1.473E+02
         Total.........5.892E+02


----MATRIX-ALLOCATION----=====================================================
    Dimension of matrix H or S:
              Rank0..............3.164E+04 (31638)
              Averg..............3.125E+04       
              Total..............1.250E+05 (125000)
    Nonzero entries in H or S:
              Rank0..............9.781E+06 (9780724)
              Averg..............9.654E+06       
              Total..............3.861E+07 (38614472)
    Sparseness of H or S (fraction):
              Rank0..............2.473E-03
              Averg..............2.471E-03
    Sparseness of H or S (non-zero elemnts in a row):
              Rank0..............309.1
              Averg..............308.9
    Memory usage for H and S [MiB]:
              Rank0..............2.985E+02
              Averg..............2.946E+02
              Total..............1.178E+03


----ASSEMBLING----============================================================
..........10..........20..........30..........40..........50done
Assembling time = 226 [s]



----SOLVING----===============================================================
EPS Object: 4 MPI processes
  type: krylovschur
    Krylov-Schur: 50% of basis vectors kept after restart
  problem type: generalized symmetric eigenvalue problem
  extraction type: Rayleigh-Ritz
  selected portion of the spectrum: smallest real parts
  number of eigenvalues (nev): 600
  number of column vectors (ncv): 1200
  maximum dimension of projected problem (mpd): 1200
  maximum number of iterations: 500
  tolerance: 0.0001
  convergence test: relative to the eigenvalue
  estimates of matrix norms (constant): norm(A)=1, norm(B)=1
IP Object: 4 MPI processes
  type: bilinear
  orthogonalization method: classical Gram-Schmidt
  orthogonalization refinement: if needed (eta: 0.7071)
  Matrix Object:   4 MPI processes
    type: mpiaij
    rows=125000, cols=125000
    total: nonzeros=38614472, allocated nonzeros=38614472
    total number of mallocs used during MatSetValues calls =0
      not using I-node (on process 0) routines
DS Object: 4 MPI processes
  type: hep
  solving the problem with: Implicit QR method (_steqr)
ST Object: 4 MPI processes
  type: shift
  shift: 0
  matrices A and B have same nonzero pattern
  KSP Object:  (st_)   4 MPI processes
    type: cg
    maximum iterations=10000
    using preconditioner applied to right hand side for initial guess
    tolerances:  relative=1e-05, absolute=1e-50, divergence=10000
    left preconditioning
    using nonzero initial guess
    using PRECONDITIONED norm type for convergence test
  PC Object:  (st_)   4 MPI processes
    type: asm
      Additive Schwarz: total subdomain blocks = 4, amount of overlap = 1
      Additive Schwarz: restriction/interpolation type - RESTRICT
      Local solve is same for all blocks, in the following KSP and PC objects:
    KSP Object:    (st_sub_)     1 MPI processes
      type: preonly
      maximum iterations=10000, initial guess is zero
      tolerances:  relative=1e-05, absolute=1e-50, divergence=10000
      left preconditioning
      using DEFAULT norm type for convergence test
    PC Object:    (st_sub_)     1 MPI processes
      type: icc
        0 levels of fill
        tolerance for zero pivot 2.22045e-14
        using Manteuffel shift
        matrix ordering: natural
      linear system matrix = precond matrix:
      Matrix Object:       1 MPI processes
        type: seqaij
        rows=41035, cols=41035
        total: nonzeros=12035703, allocated nonzeros=12035703
        total number of mallocs used during MatSetValues calls =0
          not using I-node routines
    linear system matrix = precond matrix:
    Matrix Object:     4 MPI processes
      type: mpiaij
      rows=125000, cols=125000
      total: nonzeros=38614472, allocated nonzeros=38614472
      total number of mallocs used during MatSetValues calls =0
        not using I-node (on process 0) routines


