===============================================================================
 RRRRR  SSSSS  H   H  RRRRR    Zbigniew ROMANOWSKI                             
 R   R  S      H   H  R   R                                                    
 RRRRR  SSSSS  HHHHH  RRRRR    version: 5.4                                    
 R  R       S  H   H  R  R                                                     
 R   R  SSSSS  H   H  R   R    compilation date: Dec  8 2012 (15:15:27)                       
===============================================================================

PEs = 256

----INITIALIZATION----========================================================
DOMAIN:
    BsplDeg = 3, CubatOrder = 5, CubatNodeNo = 125
    h = 5.000000E-01
    Nx = 90,    Ny = 90,   Nz = 90
    X0 = -2.000000E+01,    Xmax = 2.500000E+01
    Y0 = -2.000000E+01,    Ymax = 2.500000E+01
    Z0 = -2.000000E+01,    Zmax = 2.500000E+01

NUMBER OF 'ATOMS' = 125
    Soft-r^4(d,a)=(-2.00, 0.10) at (x,y,z) = ( 0.00, 0.00, 0.00)
    Soft-r^4(d,a)=(-2.00, 0.10) at (x,y,z) = ( 0.00, 0.00, 1.30)
    Soft-r^4(d,a)=(-2.00, 0.10) at (x,y,z) = ( 0.00, 0.00, 2.60)
    Soft-r^4(d,a)=(-2.00, 0.10) at (x,y,z) = ( 0.00, 0.00, 3.90)
    Soft-r^4(d,a)=(-2.00, 0.10) at (x,y,z) = ( 0.00, 0.00, 5.20)
    Soft-r^4(d,a)=(-2.00, 0.10) at (x,y,z) = ( 0.00, 1.30, 0.00)
    Soft-r^4(d,a)=(-2.00, 0.10) at (x,y,z) = ( 0.00, 1.30, 1.30)
    Soft-r^4(d,a)=(-2.00, 0.10) at (x,y,z) = ( 0.00, 1.30, 2.60)
    Soft-r^4(d,a)=(-2.00, 0.10) at (x,y,z) = ( 0.00, 1.30, 3.90)
    Soft-r^4(d,a)=(-2.00, 0.10) at (x,y,z) = ( 0.00, 1.30, 5.20)
    Soft-r^4(d,a)=(-2.00, 0.10) at (x,y,z) = ( 0.00, 2.60, 0.00)
    Soft-r^4(d,a)=(-2.00, 0.10) at (x,y,z) = ( 0.00, 2.60, 1.30)
    Soft-r^4(d,a)=(-2.00, 0.10) at (x,y,z) = ( 0.00, 2.60, 2.60)
    Soft-r^4(d,a)=(-2.00, 0.10) at (x,y,z) = ( 0.00, 2.60, 3.90)
    Soft-r^4(d,a)=(-2.00, 0.10) at (x,y,z) = ( 0.00, 2.60, 5.20)
    Soft-r^4(d,a)=(-2.00, 0.10) at (x,y,z) = ( 0.00, 3.90, 0.00)
    Soft-r^4(d,a)=(-2.00, 0.10) at (x,y,z) = ( 0.00, 3.90, 1.30)
    Soft-r^4(d,a)=(-2.00, 0.10) at (x,y,z) = ( 0.00, 3.90, 2.60)
    Soft-r^4(d,a)=(-2.00, 0.10) at (x,y,z) = ( 0.00, 3.90, 3.90)
    Soft-r^4(d,a)=(-2.00, 0.10) at (x,y,z) = ( 0.00, 3.90, 5.20)
    Soft-r^4(d,a)=(-2.00, 0.10) at (x,y,z) = ( 0.00, 5.20, 0.00)
    Soft-r^4(d,a)=(-2.00, 0.10) at (x,y,z) = ( 0.00, 5.20, 1.30)
    Soft-r^4(d,a)=(-2.00, 0.10) at (x,y,z) = ( 0.00, 5.20, 2.60)
    Soft-r^4(d,a)=(-2.00, 0.10) at (x,y,z) = ( 0.00, 5.20, 3.90)
    Soft-r^4(d,a)=(-2.00, 0.10) at (x,y,z) = ( 0.00, 5.20, 5.20)
    Soft-r^4(d,a)=(-2.00, 0.10) at (x,y,z) = ( 1.30, 0.00, 0.00)
    Soft-r^4(d,a)=(-2.00, 0.10) at (x,y,z) = ( 1.30, 0.00, 1.30)
    Soft-r^4(d,a)=(-2.00, 0.10) at (x,y,z) = ( 1.30, 0.00, 2.60)
    Soft-r^4(d,a)=(-2.00, 0.10) at (x,y,z) = ( 1.30, 0.00, 3.90)
    Soft-r^4(d,a)=(-2.00, 0.10) at (x,y,z) = ( 1.30, 0.00, 5.20)
    Soft-r^4(d,a)=(-2.00, 0.10) at (x,y,z) = ( 1.30, 1.30, 0.00)
    Soft-r^4(d,a)=(-2.00, 0.10) at (x,y,z) = ( 1.30, 1.30, 1.30)
    Soft-r^4(d,a)=(-2.00, 0.10) at (x,y,z) = ( 1.30, 1.30, 2.60)
    Soft-r^4(d,a)=(-2.00, 0.10) at (x,y,z) = ( 1.30, 1.30, 3.90)
    Soft-r^4(d,a)=(-2.00, 0.10) at (x,y,z) = ( 1.30, 1.30, 5.20)
    Soft-r^4(d,a)=(-2.00, 0.10) at (x,y,z) = ( 1.30, 2.60, 0.00)
    Soft-r^4(d,a)=(-2.00, 0.10) at (x,y,z) = ( 1.30, 2.60, 1.30)
    Soft-r^4(d,a)=(-2.00, 0.10) at (x,y,z) = ( 1.30, 2.60, 2.60)
    Soft-r^4(d,a)=(-2.00, 0.10) at (x,y,z) = ( 1.30, 2.60, 3.90)
    Soft-r^4(d,a)=(-2.00, 0.10) at (x,y,z) = ( 1.30, 2.60, 5.20)
    Soft-r^4(d,a)=(-2.00, 0.10) at (x,y,z) = ( 1.30, 3.90, 0.00)
    Soft-r^4(d,a)=(-2.00, 0.10) at (x,y,z) = ( 1.30, 3.90, 1.30)
    Soft-r^4(d,a)=(-2.00, 0.10) at (x,y,z) = ( 1.30, 3.90, 2.60)
    Soft-r^4(d,a)=(-2.00, 0.10) at (x,y,z) = ( 1.30, 3.90, 3.90)
    Soft-r^4(d,a)=(-2.00, 0.10) at (x,y,z) = ( 1.30, 3.90, 5.20)
    Soft-r^4(d,a)=(-2.00, 0.10) at (x,y,z) = ( 1.30, 5.20, 0.00)
    Soft-r^4(d,a)=(-2.00, 0.10) at (x,y,z) = ( 1.30, 5.20, 1.30)
    Soft-r^4(d,a)=(-2.00, 0.10) at (x,y,z) = ( 1.30, 5.20, 2.60)
    Soft-r^4(d,a)=(-2.00, 0.10) at (x,y,z) = ( 1.30, 5.20, 3.90)
    Soft-r^4(d,a)=(-2.00, 0.10) at (x,y,z) = ( 1.30, 5.20, 5.20)
    Soft-r^4(d,a)=(-2.00, 0.10) at (x,y,z) = ( 2.60, 0.00, 0.00)
    Soft-r^4(d,a)=(-2.00, 0.10) at (x,y,z) = ( 2.60, 0.00, 1.30)
    Soft-r^4(d,a)=(-2.00, 0.10) at (x,y,z) = ( 2.60, 0.00, 2.60)
    Soft-r^4(d,a)=(-2.00, 0.10) at (x,y,z) = ( 2.60, 0.00, 3.90)
    Soft-r^4(d,a)=(-2.00, 0.10) at (x,y,z) = ( 2.60, 0.00, 5.20)
    Soft-r^4(d,a)=(-2.00, 0.10) at (x,y,z) = ( 2.60, 1.30, 0.00)
    Soft-r^4(d,a)=(-2.00, 0.10) at (x,y,z) = ( 2.60, 1.30, 1.30)
    Soft-r^4(d,a)=(-2.00, 0.10) at (x,y,z) = ( 2.60, 1.30, 2.60)
    Soft-r^4(d,a)=(-2.00, 0.10) at (x,y,z) = ( 2.60, 1.30, 3.90)
    Soft-r^4(d,a)=(-2.00, 0.10) at (x,y,z) = ( 2.60, 1.30, 5.20)
    Soft-r^4(d,a)=(-2.00, 0.10) at (x,y,z) = ( 2.60, 2.60, 0.00)
    Soft-r^4(d,a)=(-2.00, 0.10) at (x,y,z) = ( 2.60, 2.60, 1.30)
    Soft-r^4(d,a)=(-2.00, 0.10) at (x,y,z) = ( 2.60, 2.60, 2.60)
    Soft-r^4(d,a)=(-2.00, 0.10) at (x,y,z) = ( 2.60, 2.60, 3.90)
    Soft-r^4(d,a)=(-2.00, 0.10) at (x,y,z) = ( 2.60, 2.60, 5.20)
    Soft-r^4(d,a)=(-2.00, 0.10) at (x,y,z) = ( 2.60, 3.90, 0.00)
    Soft-r^4(d,a)=(-2.00, 0.10) at (x,y,z) = ( 2.60, 3.90, 1.30)
    Soft-r^4(d,a)=(-2.00, 0.10) at (x,y,z) = ( 2.60, 3.90, 2.60)
    Soft-r^4(d,a)=(-2.00, 0.10) at (x,y,z) = ( 2.60, 3.90, 3.90)
    Soft-r^4(d,a)=(-2.00, 0.10) at (x,y,z) = ( 2.60, 3.90, 5.20)
    Soft-r^4(d,a)=(-2.00, 0.10) at (x,y,z) = ( 2.60, 5.20, 0.00)
    Soft-r^4(d,a)=(-2.00, 0.10) at (x,y,z) = ( 2.60, 5.20, 1.30)
    Soft-r^4(d,a)=(-2.00, 0.10) at (x,y,z) = ( 2.60, 5.20, 2.60)
    Soft-r^4(d,a)=(-2.00, 0.10) at (x,y,z) = ( 2.60, 5.20, 3.90)
    Soft-r^4(d,a)=(-2.00, 0.10) at (x,y,z) = ( 2.60, 5.20, 5.20)
    Soft-r^4(d,a)=(-2.00, 0.10) at (x,y,z) = ( 3.90, 0.00, 0.00)
    Soft-r^4(d,a)=(-2.00, 0.10) at (x,y,z) = ( 3.90, 0.00, 1.30)
    Soft-r^4(d,a)=(-2.00, 0.10) at (x,y,z) = ( 3.90, 0.00, 2.60)
    Soft-r^4(d,a)=(-2.00, 0.10) at (x,y,z) = ( 3.90, 0.00, 3.90)
    Soft-r^4(d,a)=(-2.00, 0.10) at (x,y,z) = ( 3.90, 0.00, 5.20)
    Soft-r^4(d,a)=(-2.00, 0.10) at (x,y,z) = ( 3.90, 1.30, 0.00)
    Soft-r^4(d,a)=(-2.00, 0.10) at (x,y,z) = ( 3.90, 1.30, 1.30)
    Soft-r^4(d,a)=(-2.00, 0.10) at (x,y,z) = ( 3.90, 1.30, 2.60)
    Soft-r^4(d,a)=(-2.00, 0.10) at (x,y,z) = ( 3.90, 1.30, 3.90)
    Soft-r^4(d,a)=(-2.00, 0.10) at (x,y,z) = ( 3.90, 1.30, 5.20)
    Soft-r^4(d,a)=(-2.00, 0.10) at (x,y,z) = ( 3.90, 2.60, 0.00)
    Soft-r^4(d,a)=(-2.00, 0.10) at (x,y,z) = ( 3.90, 2.60, 1.30)
    Soft-r^4(d,a)=(-2.00, 0.10) at (x,y,z) = ( 3.90, 2.60, 2.60)
    Soft-r^4(d,a)=(-2.00, 0.10) at (x,y,z) = ( 3.90, 2.60, 3.90)
    Soft-r^4(d,a)=(-2.00, 0.10) at (x,y,z) = ( 3.90, 2.60, 5.20)
    Soft-r^4(d,a)=(-2.00, 0.10) at (x,y,z) = ( 3.90, 3.90, 0.00)
    Soft-r^4(d,a)=(-2.00, 0.10) at (x,y,z) = ( 3.90, 3.90, 1.30)
    Soft-r^4(d,a)=(-2.00, 0.10) at (x,y,z) = ( 3.90, 3.90, 2.60)
    Soft-r^4(d,a)=(-2.00, 0.10) at (x,y,z) = ( 3.90, 3.90, 3.90)
    Soft-r^4(d,a)=(-2.00, 0.10) at (x,y,z) = ( 3.90, 3.90, 5.20)
    Soft-r^4(d,a)=(-2.00, 0.10) at (x,y,z) = ( 3.90, 5.20, 0.00)
    Soft-r^4(d,a)=(-2.00, 0.10) at (x,y,z) = ( 3.90, 5.20, 1.30)
    Soft-r^4(d,a)=(-2.00, 0.10) at (x,y,z) = ( 3.90, 5.20, 2.60)
    Soft-r^4(d,a)=(-2.00, 0.10) at (x,y,z) = ( 3.90, 5.20, 3.90)
    Soft-r^4(d,a)=(-2.00, 0.10) at (x,y,z) = ( 3.90, 5.20, 5.20)
    Soft-r^4(d,a)=(-2.00, 0.10) at (x,y,z) = ( 5.20, 0.00, 0.00)
    Soft-r^4(d,a)=(-2.00, 0.10) at (x,y,z) = ( 5.20, 0.00, 1.30)
    Soft-r^4(d,a)=(-2.00, 0.10) at (x,y,z) = ( 5.20, 0.00, 2.60)
    Soft-r^4(d,a)=(-2.00, 0.10) at (x,y,z) = ( 5.20, 0.00, 3.90)
    Soft-r^4(d,a)=(-2.00, 0.10) at (x,y,z) = ( 5.20, 0.00, 5.20)
    Soft-r^4(d,a)=(-2.00, 0.10) at (x,y,z) = ( 5.20, 1.30, 0.00)
    Soft-r^4(d,a)=(-2.00, 0.10) at (x,y,z) = ( 5.20, 1.30, 1.30)
    Soft-r^4(d,a)=(-2.00, 0.10) at (x,y,z) = ( 5.20, 1.30, 2.60)
    Soft-r^4(d,a)=(-2.00, 0.10) at (x,y,z) = ( 5.20, 1.30, 3.90)
    Soft-r^4(d,a)=(-2.00, 0.10) at (x,y,z) = ( 5.20, 1.30, 5.20)
    Soft-r^4(d,a)=(-2.00, 0.10) at (x,y,z) = ( 5.20, 2.60, 0.00)
    Soft-r^4(d,a)=(-2.00, 0.10) at (x,y,z) = ( 5.20, 2.60, 1.30)
    Soft-r^4(d,a)=(-2.00, 0.10) at (x,y,z) = ( 5.20, 2.60, 2.60)
    Soft-r^4(d,a)=(-2.00, 0.10) at (x,y,z) = ( 5.20, 2.60, 3.90)
    Soft-r^4(d,a)=(-2.00, 0.10) at (x,y,z) = ( 5.20, 2.60, 5.20)
    Soft-r^4(d,a)=(-2.00, 0.10) at (x,y,z) = ( 5.20, 3.90, 0.00)
    Soft-r^4(d,a)=(-2.00, 0.10) at (x,y,z) = ( 5.20, 3.90, 1.30)
    Soft-r^4(d,a)=(-2.00, 0.10) at (x,y,z) = ( 5.20, 3.90, 2.60)
    Soft-r^4(d,a)=(-2.00, 0.10) at (x,y,z) = ( 5.20, 3.90, 3.90)
    Soft-r^4(d,a)=(-2.00, 0.10) at (x,y,z) = ( 5.20, 3.90, 5.20)
    Soft-r^4(d,a)=(-2.00, 0.10) at (x,y,z) = ( 5.20, 5.20, 0.00)
    Soft-r^4(d,a)=(-2.00, 0.10) at (x,y,z) = ( 5.20, 5.20, 1.30)
    Soft-r^4(d,a)=(-2.00, 0.10) at (x,y,z) = ( 5.20, 5.20, 2.60)
    Soft-r^4(d,a)=(-2.00, 0.10) at (x,y,z) = ( 5.20, 5.20, 3.90)
    Soft-r^4(d,a)=(-2.00, 0.10) at (x,y,z) = ( 5.20, 5.20, 5.20)


----GRAPH-CREATION-and-PARTITIONING----=======================================
      Setup: Max:   0.682, Sum: 174.674, Balance:   1.000
   Matching: Max:   0.905, Sum: 231.559, Balance:   1.000
Contraction: Max:   0.379, Sum:  97.034, Balance:   1.000
   InitPart: Max:   0.360, Sum:  92.095, Balance:   1.000
    Project: Max:   0.001, Sum:   0.326, Balance:   1.063
 Initialize: Max:   0.182, Sum:  46.423, Balance:   1.001
      K-way: Max:   0.859, Sum: 219.864, Balance:   1.000
      Remap: Max:   0.001, Sum:   0.192, Balance:   1.001
      Total: Max:   3.368, Sum: 862.237, Balance:   1.000
Final 256-way Cut: 29775464 	Balance: 1.054 

    Number of nodes:
         Rank0.........2.554E+03
         Averg.........2.572E+03
         Total.........6.585E+05
    Number of edges:
         Rank0.........7.569E+05
         Averg.........8.286E+05
         Total.........2.121E+08
    Memory usage.[MB]:
         Rank0.........1.159E+01
         Averg.........1.268E+01
         Total.........3.247E+03


----MATRIX-ALLOCATION----=====================================================
    Dimension of matrix H or S:
              Rank0..............2.554E+03 (2554)
              Averg..............2.572E+03       
              Total..............6.585E+05 (658503)
    Nonzero entries in H or S:
              Rank0..............7.595E+05 (759458)
              Averg..............8.312E+05       
              Total..............2.128E+08 (212776173)
    Sparseness of H or S (fraction):
              Rank0..............4.516E-04
              Averg..............4.907E-04
    Sparseness of H or S (non-zero elemnts in a row):
              Rank0..............297.4
              Averg..............323.1
    Memory usage for H and S [MiB]:
              Rank0..............2.318E+01
              Averg..............2.536E+01
              Total..............6.493E+03


----ASSEMBLING----============================================================
..........10..........20..........30..........40..........50done
Assembling time = 29 [s]



----SOLVING----===============================================================
EPS Object: 256 MPI processes
  type: krylovschur
    Krylov-Schur: 50% of basis vectors kept after restart
  problem type: generalized symmetric eigenvalue problem
  extraction type: Rayleigh-Ritz
  selected portion of the spectrum: smallest real parts
  number of eigenvalues (nev): 10
  number of column vectors (ncv): 30
  maximum dimension of projected problem (mpd): 30
  maximum number of iterations: 500
  tolerance: 0.0001
  convergence test: relative to the eigenvalue
  estimates of matrix norms (constant): norm(A)=1, norm(B)=1
IP Object: 256 MPI processes
  type: bilinear
  orthogonalization method: classical Gram-Schmidt
  orthogonalization refinement: if needed (eta: 0.7071)
  Matrix Object:   256 MPI processes
    type: mpiaij
    rows=658503, cols=658503
    total: nonzeros=212776173, allocated nonzeros=212776173
    total number of mallocs used during MatSetValues calls =0
      not using I-node (on process 0) routines
DS Object: 256 MPI processes
  type: hep
  solving the problem with: Implicit QR method (_steqr)
ST Object: 256 MPI processes
  type: shift
  shift: 0
  matrices A and B have same nonzero pattern
  KSP Object:  (st_)   256 MPI processes
    type: cg
    maximum iterations=10000
    using preconditioner applied to right hand side for initial guess
    tolerances:  relative=1e-05, absolute=1e-50, divergence=10000
    left preconditioning
    using nonzero initial guess
    using PRECONDITIONED norm type for convergence test
  PC Object:  (st_)   256 MPI processes
    type: asm
      Additive Schwarz: total subdomain blocks = 256, amount of overlap = 1
      Additive Schwarz: restriction/interpolation type - RESTRICT
      Local solve is same for all blocks, in the following KSP and PC objects:
    KSP Object:    (st_sub_)     1 MPI processes
      type: preonly
      maximum iterations=10000, initial guess is zero
      tolerances:  relative=1e-05, absolute=1e-50, divergence=10000
      left preconditioning
      using DEFAULT norm type for convergence test
    PC Object:    (st_sub_)     1 MPI processes
      type: icc
        0 levels of fill
        tolerance for zero pivot 2.22045e-14
        using Manteuffel shift
        matrix ordering: natural
      linear system matrix = precond matrix:
      Matrix Object:       1 MPI processes
        type: seqaij
        rows=6285, cols=6285
        total: nonzeros=1624179, allocated nonzeros=1624179
        total number of mallocs used during MatSetValues calls =0
          not using I-node routines
    linear system matrix = precond matrix:
    Matrix Object:     256 MPI processes
      type: mpiaij
      rows=658503, cols=658503
      total: nonzeros=212776173, allocated nonzeros=212776173
      total number of mallocs used during MatSetValues calls =0
        not using I-node (on process 0) routines


  1 EPS nconv=0 first unconverged value (error) -20.323 (1.87163034e-03)
  2 EPS nconv=1 first unconverged value (error) -19.7395 (4.64923890e-03)
  3 EPS nconv=1 first unconverged value (error) -19.7406 (2.10012373e-04)
  4 EPS nconv=2 first unconverged value (error) -19.2427 (2.29077089e-04)
  5 EPS nconv=2 first unconverged value (error) -19.3104 (6.93991705e-02)
  6 EPS nconv=2 first unconverged value (error) -19.7374 (4.95646713e-03)
  7 EPS nconv=2 first unconverged value (error) -19.7403 (9.43054854e-04)
  8 EPS nconv=4 first unconverged value (error) -19.2275 (1.51529665e-03)
  9 EPS nconv=4 first unconverged value (error) -19.2277 (1.93280349e-04)
 10 EPS nconv=4 first unconverged value (error) -19.2278 (2.84953468e-04)
 11 EPS nconv=4 first unconverged value (error) -19.2278 (3.01218937e-04)
 12 EPS nconv=4 first unconverged value (error) -19.7395 (3.37771813e-03)
 13 EPS nconv=4 first unconverged value (error) -19.7403 (4.02656883e-04)
 14 EPS nconv=8 first unconverged value (error) -18.9971 (6.07921174e-02)
 15 EPS nconv=8 first unconverged value (error) -19.2266 (4.35002658e-03)
 16 EPS nconv=8 first unconverged value (error) -19.2275 (5.27969727e-04)
 17 EPS nconv=8 first unconverged value (error) -19.2277 (1.08359242e-03)
 18 EPS nconv=8 first unconverged value (error) -19.2278 (1.36924246e-04)
 19 EPS nconv=9 first unconverged value (error) -19.1671 (9.69077848e-04)
 20 EPS nconv=13 first unconverged value (error) -18.6537 (9.69176631e-04)

--------------------------------------------------------------
    Number of iterations of the method.............20
    Number of linear iterations of the method......1108
    Solution method................................krylovschur
    Number of requested eigenvalues................10
    Stopping condition: eps_tol....................1.000000E-04
    Stopping condition: eps_max_it.................500
--------------------------------------------------------------


             EIGENVALUES            ERROR
====================================================
    0    -2.0323183370E+01     1.3463427789E-06
    1    -1.9740620547E+01     3.7376571925E-07
    2    -1.9740319729E+01     1.2738583344E-06
    3    -1.9740298693E+01     8.3655190361E-07
    4    -1.9242658445E+01     3.4216485348E-07
    5    -1.9227785014E+01     1.6531878855E-06
    6    -1.9227777705E+01     1.9048876107E-07
    7    -1.9167420364E+01     1.7005029194E-06
    8    -1.9167142137E+01     2.2071490094E-06
    9    -1.9167134021E+01     6.7471894472E-07
   10    -1.8665587579E+01     1.3094941868E-06
   11    -1.8664093207E+01     2.7805380201E-06
   12    -1.8655308218E+01     2.1462797771E-06


 TOTAL TIME = 197 [s]
