===============================================================================
 RRRRR  SSSSS  H   H  RRRRR    Zbigniew ROMANOWSKI                             
 R   R  S      H   H  R   R                                                    
 RRRRR  SSSSS  HHHHH  RRRRR    version: 5.4                                    
 R  R       S  H   H  R  R                                                     
 R   R  SSSSS  H   H  R   R    compilation date: Dec  8 2012 (20:50:40)                       
===============================================================================

PEs = 512

----INITIALIZATION----========================================================
DOMAIN:
    BsplDeg = 3, CubatOrder = 5, CubatNodeNo = 125
    h = 4.000000E-01
    Nx = 113,    Ny = 113,   Nz = 113
    X0 = -2.000000E+01,    Xmax = 2.520000E+01
    Y0 = -2.000000E+01,    Ymax = 2.520000E+01
    Z0 = -2.000000E+01,    Zmax = 2.520000E+01

NUMBER OF 'ATOMS' = 125
    Soft-r^4(d,a)=(-2.00, 0.10) at (x,y,z) = ( 0.00, 0.00, 0.00)
    Soft-r^4(d,a)=(-2.00, 0.10) at (x,y,z) = ( 0.00, 0.00, 1.30)
    Soft-r^4(d,a)=(-2.00, 0.10) at (x,y,z) = ( 0.00, 0.00, 2.60)
    Soft-r^4(d,a)=(-2.00, 0.10) at (x,y,z) = ( 0.00, 0.00, 3.90)
    Soft-r^4(d,a)=(-2.00, 0.10) at (x,y,z) = ( 0.00, 0.00, 5.20)
    Soft-r^4(d,a)=(-2.00, 0.10) at (x,y,z) = ( 0.00, 1.30, 0.00)
    Soft-r^4(d,a)=(-2.00, 0.10) at (x,y,z) = ( 0.00, 1.30, 1.30)
    Soft-r^4(d,a)=(-2.00, 0.10) at (x,y,z) = ( 0.00, 1.30, 2.60)
    Soft-r^4(d,a)=(-2.00, 0.10) at (x,y,z) = ( 0.00, 1.30, 3.90)
    Soft-r^4(d,a)=(-2.00, 0.10) at (x,y,z) = ( 0.00, 1.30, 5.20)
    Soft-r^4(d,a)=(-2.00, 0.10) at (x,y,z) = ( 0.00, 2.60, 0.00)
    Soft-r^4(d,a)=(-2.00, 0.10) at (x,y,z) = ( 0.00, 2.60, 1.30)
    Soft-r^4(d,a)=(-2.00, 0.10) at (x,y,z) = ( 0.00, 2.60, 2.60)
    Soft-r^4(d,a)=(-2.00, 0.10) at (x,y,z) = ( 0.00, 2.60, 3.90)
    Soft-r^4(d,a)=(-2.00, 0.10) at (x,y,z) = ( 0.00, 2.60, 5.20)
    Soft-r^4(d,a)=(-2.00, 0.10) at (x,y,z) = ( 0.00, 3.90, 0.00)
    Soft-r^4(d,a)=(-2.00, 0.10) at (x,y,z) = ( 0.00, 3.90, 1.30)
    Soft-r^4(d,a)=(-2.00, 0.10) at (x,y,z) = ( 0.00, 3.90, 2.60)
    Soft-r^4(d,a)=(-2.00, 0.10) at (x,y,z) = ( 0.00, 3.90, 3.90)
    Soft-r^4(d,a)=(-2.00, 0.10) at (x,y,z) = ( 0.00, 3.90, 5.20)
    Soft-r^4(d,a)=(-2.00, 0.10) at (x,y,z) = ( 0.00, 5.20, 0.00)
    Soft-r^4(d,a)=(-2.00, 0.10) at (x,y,z) = ( 0.00, 5.20, 1.30)
    Soft-r^4(d,a)=(-2.00, 0.10) at (x,y,z) = ( 0.00, 5.20, 2.60)
    Soft-r^4(d,a)=(-2.00, 0.10) at (x,y,z) = ( 0.00, 5.20, 3.90)
    Soft-r^4(d,a)=(-2.00, 0.10) at (x,y,z) = ( 0.00, 5.20, 5.20)
    Soft-r^4(d,a)=(-2.00, 0.10) at (x,y,z) = ( 1.30, 0.00, 0.00)
    Soft-r^4(d,a)=(-2.00, 0.10) at (x,y,z) = ( 1.30, 0.00, 1.30)
    Soft-r^4(d,a)=(-2.00, 0.10) at (x,y,z) = ( 1.30, 0.00, 2.60)
    Soft-r^4(d,a)=(-2.00, 0.10) at (x,y,z) = ( 1.30, 0.00, 3.90)
    Soft-r^4(d,a)=(-2.00, 0.10) at (x,y,z) = ( 1.30, 0.00, 5.20)
    Soft-r^4(d,a)=(-2.00, 0.10) at (x,y,z) = ( 1.30, 1.30, 0.00)
    Soft-r^4(d,a)=(-2.00, 0.10) at (x,y,z) = ( 1.30, 1.30, 1.30)
    Soft-r^4(d,a)=(-2.00, 0.10) at (x,y,z) = ( 1.30, 1.30, 2.60)
    Soft-r^4(d,a)=(-2.00, 0.10) at (x,y,z) = ( 1.30, 1.30, 3.90)
    Soft-r^4(d,a)=(-2.00, 0.10) at (x,y,z) = ( 1.30, 1.30, 5.20)
    Soft-r^4(d,a)=(-2.00, 0.10) at (x,y,z) = ( 1.30, 2.60, 0.00)
    Soft-r^4(d,a)=(-2.00, 0.10) at (x,y,z) = ( 1.30, 2.60, 1.30)
    Soft-r^4(d,a)=(-2.00, 0.10) at (x,y,z) = ( 1.30, 2.60, 2.60)
    Soft-r^4(d,a)=(-2.00, 0.10) at (x,y,z) = ( 1.30, 2.60, 3.90)
    Soft-r^4(d,a)=(-2.00, 0.10) at (x,y,z) = ( 1.30, 2.60, 5.20)
    Soft-r^4(d,a)=(-2.00, 0.10) at (x,y,z) = ( 1.30, 3.90, 0.00)
    Soft-r^4(d,a)=(-2.00, 0.10) at (x,y,z) = ( 1.30, 3.90, 1.30)
    Soft-r^4(d,a)=(-2.00, 0.10) at (x,y,z) = ( 1.30, 3.90, 2.60)
    Soft-r^4(d,a)=(-2.00, 0.10) at (x,y,z) = ( 1.30, 3.90, 3.90)
    Soft-r^4(d,a)=(-2.00, 0.10) at (x,y,z) = ( 1.30, 3.90, 5.20)
    Soft-r^4(d,a)=(-2.00, 0.10) at (x,y,z) = ( 1.30, 5.20, 0.00)
    Soft-r^4(d,a)=(-2.00, 0.10) at (x,y,z) = ( 1.30, 5.20, 1.30)
    Soft-r^4(d,a)=(-2.00, 0.10) at (x,y,z) = ( 1.30, 5.20, 2.60)
    Soft-r^4(d,a)=(-2.00, 0.10) at (x,y,z) = ( 1.30, 5.20, 3.90)
    Soft-r^4(d,a)=(-2.00, 0.10) at (x,y,z) = ( 1.30, 5.20, 5.20)
    Soft-r^4(d,a)=(-2.00, 0.10) at (x,y,z) = ( 2.60, 0.00, 0.00)
    Soft-r^4(d,a)=(-2.00, 0.10) at (x,y,z) = ( 2.60, 0.00, 1.30)
    Soft-r^4(d,a)=(-2.00, 0.10) at (x,y,z) = ( 2.60, 0.00, 2.60)
    Soft-r^4(d,a)=(-2.00, 0.10) at (x,y,z) = ( 2.60, 0.00, 3.90)
    Soft-r^4(d,a)=(-2.00, 0.10) at (x,y,z) = ( 2.60, 0.00, 5.20)
    Soft-r^4(d,a)=(-2.00, 0.10) at (x,y,z) = ( 2.60, 1.30, 0.00)
    Soft-r^4(d,a)=(-2.00, 0.10) at (x,y,z) = ( 2.60, 1.30, 1.30)
    Soft-r^4(d,a)=(-2.00, 0.10) at (x,y,z) = ( 2.60, 1.30, 2.60)
    Soft-r^4(d,a)=(-2.00, 0.10) at (x,y,z) = ( 2.60, 1.30, 3.90)
    Soft-r^4(d,a)=(-2.00, 0.10) at (x,y,z) = ( 2.60, 1.30, 5.20)
    Soft-r^4(d,a)=(-2.00, 0.10) at (x,y,z) = ( 2.60, 2.60, 0.00)
    Soft-r^4(d,a)=(-2.00, 0.10) at (x,y,z) = ( 2.60, 2.60, 1.30)
    Soft-r^4(d,a)=(-2.00, 0.10) at (x,y,z) = ( 2.60, 2.60, 2.60)
    Soft-r^4(d,a)=(-2.00, 0.10) at (x,y,z) = ( 2.60, 2.60, 3.90)
    Soft-r^4(d,a)=(-2.00, 0.10) at (x,y,z) = ( 2.60, 2.60, 5.20)
    Soft-r^4(d,a)=(-2.00, 0.10) at (x,y,z) = ( 2.60, 3.90, 0.00)
    Soft-r^4(d,a)=(-2.00, 0.10) at (x,y,z) = ( 2.60, 3.90, 1.30)
    Soft-r^4(d,a)=(-2.00, 0.10) at (x,y,z) = ( 2.60, 3.90, 2.60)
    Soft-r^4(d,a)=(-2.00, 0.10) at (x,y,z) = ( 2.60, 3.90, 3.90)
    Soft-r^4(d,a)=(-2.00, 0.10) at (x,y,z) = ( 2.60, 3.90, 5.20)
    Soft-r^4(d,a)=(-2.00, 0.10) at (x,y,z) = ( 2.60, 5.20, 0.00)
    Soft-r^4(d,a)=(-2.00, 0.10) at (x,y,z) = ( 2.60, 5.20, 1.30)
    Soft-r^4(d,a)=(-2.00, 0.10) at (x,y,z) = ( 2.60, 5.20, 2.60)
    Soft-r^4(d,a)=(-2.00, 0.10) at (x,y,z) = ( 2.60, 5.20, 3.90)
    Soft-r^4(d,a)=(-2.00, 0.10) at (x,y,z) = ( 2.60, 5.20, 5.20)
    Soft-r^4(d,a)=(-2.00, 0.10) at (x,y,z) = ( 3.90, 0.00, 0.00)
    Soft-r^4(d,a)=(-2.00, 0.10) at (x,y,z) = ( 3.90, 0.00, 1.30)
    Soft-r^4(d,a)=(-2.00, 0.10) at (x,y,z) = ( 3.90, 0.00, 2.60)
    Soft-r^4(d,a)=(-2.00, 0.10) at (x,y,z) = ( 3.90, 0.00, 3.90)
    Soft-r^4(d,a)=(-2.00, 0.10) at (x,y,z) = ( 3.90, 0.00, 5.20)
    Soft-r^4(d,a)=(-2.00, 0.10) at (x,y,z) = ( 3.90, 1.30, 0.00)
    Soft-r^4(d,a)=(-2.00, 0.10) at (x,y,z) = ( 3.90, 1.30, 1.30)
    Soft-r^4(d,a)=(-2.00, 0.10) at (x,y,z) = ( 3.90, 1.30, 2.60)
    Soft-r^4(d,a)=(-2.00, 0.10) at (x,y,z) = ( 3.90, 1.30, 3.90)
    Soft-r^4(d,a)=(-2.00, 0.10) at (x,y,z) = ( 3.90, 1.30, 5.20)
    Soft-r^4(d,a)=(-2.00, 0.10) at (x,y,z) = ( 3.90, 2.60, 0.00)
    Soft-r^4(d,a)=(-2.00, 0.10) at (x,y,z) = ( 3.90, 2.60, 1.30)
    Soft-r^4(d,a)=(-2.00, 0.10) at (x,y,z) = ( 3.90, 2.60, 2.60)
    Soft-r^4(d,a)=(-2.00, 0.10) at (x,y,z) = ( 3.90, 2.60, 3.90)
    Soft-r^4(d,a)=(-2.00, 0.10) at (x,y,z) = ( 3.90, 2.60, 5.20)
    Soft-r^4(d,a)=(-2.00, 0.10) at (x,y,z) = ( 3.90, 3.90, 0.00)
    Soft-r^4(d,a)=(-2.00, 0.10) at (x,y,z) = ( 3.90, 3.90, 1.30)
    Soft-r^4(d,a)=(-2.00, 0.10) at (x,y,z) = ( 3.90, 3.90, 2.60)
    Soft-r^4(d,a)=(-2.00, 0.10) at (x,y,z) = ( 3.90, 3.90, 3.90)
    Soft-r^4(d,a)=(-2.00, 0.10) at (x,y,z) = ( 3.90, 3.90, 5.20)
    Soft-r^4(d,a)=(-2.00, 0.10) at (x,y,z) = ( 3.90, 5.20, 0.00)
    Soft-r^4(d,a)=(-2.00, 0.10) at (x,y,z) = ( 3.90, 5.20, 1.30)
    Soft-r^4(d,a)=(-2.00, 0.10) at (x,y,z) = ( 3.90, 5.20, 2.60)
    Soft-r^4(d,a)=(-2.00, 0.10) at (x,y,z) = ( 3.90, 5.20, 3.90)
    Soft-r^4(d,a)=(-2.00, 0.10) at (x,y,z) = ( 3.90, 5.20, 5.20)
    Soft-r^4(d,a)=(-2.00, 0.10) at (x,y,z) = ( 5.20, 0.00, 0.00)
    Soft-r^4(d,a)=(-2.00, 0.10) at (x,y,z) = ( 5.20, 0.00, 1.30)
    Soft-r^4(d,a)=(-2.00, 0.10) at (x,y,z) = ( 5.20, 0.00, 2.60)
    Soft-r^4(d,a)=(-2.00, 0.10) at (x,y,z) = ( 5.20, 0.00, 3.90)
    Soft-r^4(d,a)=(-2.00, 0.10) at (x,y,z) = ( 5.20, 0.00, 5.20)
    Soft-r^4(d,a)=(-2.00, 0.10) at (x,y,z) = ( 5.20, 1.30, 0.00)
    Soft-r^4(d,a)=(-2.00, 0.10) at (x,y,z) = ( 5.20, 1.30, 1.30)
    Soft-r^4(d,a)=(-2.00, 0.10) at (x,y,z) = ( 5.20, 1.30, 2.60)
    Soft-r^4(d,a)=(-2.00, 0.10) at (x,y,z) = ( 5.20, 1.30, 3.90)
    Soft-r^4(d,a)=(-2.00, 0.10) at (x,y,z) = ( 5.20, 1.30, 5.20)
    Soft-r^4(d,a)=(-2.00, 0.10) at (x,y,z) = ( 5.20, 2.60, 0.00)
    Soft-r^4(d,a)=(-2.00, 0.10) at (x,y,z) = ( 5.20, 2.60, 1.30)
    Soft-r^4(d,a)=(-2.00, 0.10) at (x,y,z) = ( 5.20, 2.60, 2.60)
    Soft-r^4(d,a)=(-2.00, 0.10) at (x,y,z) = ( 5.20, 2.60, 3.90)
    Soft-r^4(d,a)=(-2.00, 0.10) at (x,y,z) = ( 5.20, 2.60, 5.20)
    Soft-r^4(d,a)=(-2.00, 0.10) at (x,y,z) = ( 5.20, 3.90, 0.00)
    Soft-r^4(d,a)=(-2.00, 0.10) at (x,y,z) = ( 5.20, 3.90, 1.30)
    Soft-r^4(d,a)=(-2.00, 0.10) at (x,y,z) = ( 5.20, 3.90, 2.60)
    Soft-r^4(d,a)=(-2.00, 0.10) at (x,y,z) = ( 5.20, 3.90, 3.90)
    Soft-r^4(d,a)=(-2.00, 0.10) at (x,y,z) = ( 5.20, 3.90, 5.20)
    Soft-r^4(d,a)=(-2.00, 0.10) at (x,y,z) = ( 5.20, 5.20, 0.00)
    Soft-r^4(d,a)=(-2.00, 0.10) at (x,y,z) = ( 5.20, 5.20, 1.30)
    Soft-r^4(d,a)=(-2.00, 0.10) at (x,y,z) = ( 5.20, 5.20, 2.60)
    Soft-r^4(d,a)=(-2.00, 0.10) at (x,y,z) = ( 5.20, 5.20, 3.90)
    Soft-r^4(d,a)=(-2.00, 0.10) at (x,y,z) = ( 5.20, 5.20, 5.20)


----GRAPH-CREATION-and-PARTITIONING----=======================================
      Setup: Max:   0.711, Sum: 363.958, Balance:   1.000
   Matching: Max:   0.941, Sum: 482.014, Balance:   1.000
Contraction: Max:   0.279, Sum: 143.087, Balance:   1.000
   InitPart: Max:   0.710, Sum: 363.419, Balance:   1.000
    Project: Max:   0.001, Sum:   0.673, Balance:   1.062
 Initialize: Max:   0.191, Sum:  97.382, Balance:   1.002
      K-way: Max:   0.921, Sum: 471.585, Balance:   1.000
      Remap: Max:   0.001, Sum:   0.569, Balance:   1.001
      Total: Max:   3.756, Sum: 1922.834, Balance:   1.000
Final 512-way Cut: 62034670 	Balance: 1.054 

    Number of nodes:
         Rank0.........2.697E+03
         Averg.........2.600E+03
         Total.........1.331E+06
    Number of edges:
         Rank0.........7.771E+05
         Averg.........8.480E+05
         Total.........4.342E+08
    Memory usage.[MB]:
         Rank0.........1.190E+01
         Averg.........1.298E+01
         Total.........6.646E+03


----MATRIX-ALLOCATION----=====================================================
    Dimension of matrix H or S:
              Rank0..............2.697E+03 (2697)
              Averg..............2.600E+03       
              Total..............1.331E+06 (1331000)
    Nonzero entries in H or S:
              Rank0..............7.798E+05 (779759)
              Averg..............8.506E+05       
              Total..............4.355E+08 (435519512)
    Sparseness of H or S (fraction):
              Rank0..............2.172E-04
              Averg..............2.458E-04
    Sparseness of H or S (non-zero elemnts in a row):
              Rank0..............289.1
              Averg..............327.2
    Memory usage for H and S [MiB]:
              Rank0..............2.380E+01
              Averg..............2.596E+01
              Total..............1.329E+04


----ASSEMBLING----============================================================
..........10..........20..........30..........40..........50done
Assembling time = 30 [s]



----SOLVING----===============================================================
EPS Object: 512 MPI processes
  type: krylovschur
    Krylov-Schur: 50% of basis vectors kept after restart
  problem type: generalized symmetric eigenvalue problem
  extraction type: Rayleigh-Ritz
  selected portion of the spectrum: smallest real parts
  number of eigenvalues (nev): 1000
  number of column vectors (ncv): 2000
  maximum dimension of projected problem (mpd): 2000
  maximum number of iterations: 1500
  tolerance: 0.0001
  convergence test: relative to the eigenvalue
  estimates of matrix norms (constant): norm(A)=1, norm(B)=1
IP Object: 512 MPI processes
  type: bilinear
  orthogonalization method: classical Gram-Schmidt
  orthogonalization refinement: if needed (eta: 0.7071)
  Matrix Object:   512 MPI processes
    type: mpiaij
    rows=1331000, cols=1331000
    total: nonzeros=435519512, allocated nonzeros=435519512
    total number of mallocs used during MatSetValues calls =0
      not using I-node (on process 0) routines
DS Object: 512 MPI processes
  type: hep
  solving the problem with: Implicit QR method (_steqr)
ST Object: 512 MPI processes
  type: shift
  shift: 0
  matrices A and B have same nonzero pattern
  KSP Object:  (st_)   512 MPI processes
    type: cg
    maximum iterations=10000
    using preconditioner applied to right hand side for initial guess
    tolerances:  relative=1e-05, absolute=1e-50, divergence=10000
    left preconditioning
    using nonzero initial guess
    using PRECONDITIONED norm type for convergence test
  PC Object:  (st_)   512 MPI processes
    type: asm
      Additive Schwarz: total subdomain blocks = 512, amount of overlap = 1
      Additive Schwarz: restriction/interpolation type - RESTRICT
      Local solve is same for all blocks, in the following KSP and PC objects:
    KSP Object:    (st_sub_)     1 MPI processes
      type: preonly
      maximum iterations=10000, initial guess is zero
      tolerances:  relative=1e-05, absolute=1e-50, divergence=10000
      left preconditioning
      using DEFAULT norm type for convergence test
    PC Object:    (st_sub_)     1 MPI processes
      type: icc
        0 levels of fill
        tolerance for zero pivot 2.22045e-14
        using Manteuffel shift
        matrix ordering: natural
      linear system matrix = precond matrix:
      Matrix Object:       1 MPI processes
        type: seqaij
        rows=6401, cols=6401
        total: nonzeros=1649585, allocated nonzeros=1649585
        total number of mallocs used during MatSetValues calls =0
          not using I-node routines
    linear system matrix = precond matrix:
    Matrix Object:     512 MPI processes
      type: mpiaij
      rows=1331000, cols=1331000
      total: nonzeros=435519512, allocated nonzeros=435519512
      total number of mallocs used during MatSetValues calls =0
        not using I-node (on process 0) routines


  1 EPS nconv=225 first unconverged value (error) -10.6285 (2.14592876e-04)
  2 EPS nconv=395 first unconverged value (error) -7.25254 (1.81380324e-03)
  3 EPS nconv=520 first unconverged value (error) -5.18681 (3.58169483e-03)
  4 EPS nconv=686 first unconverged value (error) -2.81307 (1.07404914e-04)
  5 EPS nconv=830 first unconverged value (error) -1.13873 (1.27925154e-04)
  6 EPS nconv=863 first unconverged value (error) -0.781073 (1.68657777e-04)
  7 EPS nconv=918 first unconverged value (error) -0.36961 (1.03329330e-04)
  8 EPS nconv=970 first unconverged value (error) -0.0276359 (2.73435547e+00)
  9 EPS nconv=973 first unconverged value (error) -0.00894175 (1.87385012e-04)
 10 EPS nconv=978 first unconverged value (error) 0.0171841 (1.65204773e+00)
 11 EPS nconv=981 first unconverged value (error) 0.0188353 (1.16612452e-04)
 12 EPS nconv=991 first unconverged value (error) 0.0338632 (1.25643750e+00)
 13 EPS nconv=991 first unconverged value (error) 0.0298475 (1.46177871e-02)
 14 EPS nconv=999 first unconverged value (error) 0.0413498 (1.22356118e-01)
 15 EPS nconv=1005 first unconverged value (error) 0.0464524 (1.49166384e-04)

--------------------------------------------------------------
    Number of iterations of the method.............15
    Number of linear iterations of the method......41406
    Solution method................................krylovschur
    Number of requested eigenvalues................1000
    Stopping condition: eps_tol....................1.000000E-04
    Stopping condition: eps_max_it.................1500
--------------------------------------------------------------


             EIGENVALUES            ERROR
====================================================
    0    -2.0411014675E+01     1.1191967828E-07
    1    -1.9859293034E+01     1.1458779103E-07
    2    -1.9859275729E+01     9.1466017626E-08
    3    -1.9859247981E+01     1.0859231720E-07
    4    -1.9359745095E+01     1.2188414032E-07
    5    -1.9345381014E+01     7.3240924242E-08
    6    -1.9345357621E+01     1.1774167685E-07
    7    -1.9316668708E+01     1.2332085705E-07
    8    -1.9316658406E+01     7.9121816634E-08
    9    -1.9316648994E+01     9.8289335273E-08
   10    -1.8812851548E+01     7.6532128815E-08
   11    -1.8812841671E+01     7.9982647768E-08
   12    -1.8812838921E+01     1.0016682915E-07
   13    -1.8803482540E+01     1.1735450936E-07
   14    -1.8803474532E+01     1.2108710646E-07
   15    -1.8803458616E+01     9.6625576320E-08
   16    -1.8782682287E+01     1.1608292797E-07
   17    -1.8317418428E+01     1.2479324686E-07
   18    -1.8303075624E+01     1.0663385328E-07
   19    -1.8303050409E+01     1.0117894806E-07
   20    -1.8274703911E+01     9.6362044906E-08
   21    -1.8274694134E+01     1.0605769421E-07
   22    -1.8274680188E+01     1.4654174670E-07
   23    -1.7774510437E+01     1.5797794185E-07
   24    -1.7774499932E+01     7.4138340241E-08
   25    -1.7774480902E+01     1.3963717188E-07
   26    -1.7724665996E+01     1.3461035860E-07
   27    -1.7724651577E+01     7.0507946530E-08
   28    -1.7724643287E+01     1.0085897197E-07
   29    -1.7662342978E+01     9.7196540899E-08
   30    -1.7656643587E+01     1.0924563456E-07
   31    -1.7656627749E+01     8.5874730090E-08
   32    -1.7281594512E+01     1.2198448648E-07
   33    -1.7233113216E+01     1.0483367664E-07
   34    -1.7233103695E+01     1.0373362263E-07
   35    -1.7233092752E+01     9.7646014695E-08
   36    -1.7200824645E+01     1.0070208047E-07
   37    -1.7200817188E+01     1.6244742911E-07
   38    -1.7200811193E+01     1.6959444174E-07
   39    -1.7154964740E+01     1.0380855211E-07
   40    -1.7154960470E+01     8.8088367319E-08
   41    -1.7154950206E+01     9.9469338654E-08
   42    -1.7151214305E+01     9.9389700371E-08
   43    -1.7151208164E+01     1.0590369194E-07
   44    -1.7151203258E+01     9.2291382164E-08
   45    -1.6748594179E+01     1.0302882349E-07
   46    -1.6701298848E+01     8.1673729276E-08
   47    -1.6701296511E+01     8.1924002373E-08
   48    -1.6701291583E+01     9.4421588645E-08
   49    -1.6700628517E+01     1.0895656897E-07
   50    -1.6700624384E+01     9.2354429909E-08
   51    -1.6693014122E+01     7.9965566993E-08
   52    -1.6693008137E+01     1.0323627982E-07
   53    -1.6693003350E+01     1.2256939283E-07
   54    -1.6673174866E+01     9.4532401934E-08
   55    -1.6664639482E+01     1.0618218412E-07
   56    -1.6664635948E+01     1.9305566845E-07
   57    -1.6654817628E+01     1.0908445967E-07
   58    -1.6654814013E+01     9.8366132655E-08
   59    -1.6654810607E+01     9.1024998050E-08
   60    -1.6609501524E+01     9.5355690194E-08
   61    -1.6609493506E+01     9.6490978280E-08
   62    -1.6600562383E+01     9.8328413079E-08
   63    -1.6212258621E+01     9.9811673321E-08
   64    -1.6212254162E+01     1.1334263826E-07
   65    -1.6212238767E+01     1.3770049076E-07
   66    -1.6183016255E+01     9.8276465913E-08
   67    -1.6183010500E+01     1.0701651432E-07
   68    -1.6183004536E+01     1.1320221737E-07
   69    -1.6170089501E+01     8.6816595522E-08
   70    -1.6170081850E+01     1.2661564919E-07
   71    -1.6170076894E+01     1.1168003851E-07
   72    -1.6108302224E+01     1.1905292776E-07
   73    -1.6108292766E+01     1.5205026137E-07
   74    -1.6108289078E+01     1.5928404875E-07
   75    -1.5687504353E+01     1.2583644183E-07
   76    -1.5685585398E+01     1.1483079424E-07
   77    -1.5685580390E+01     1.2132013367E-07
   78    -1.5685576894E+01     1.5019295459E-07
   79    -1.5601380916E+01     1.0350870528E-07
   80    -1.5601373009E+01     1.1027625115E-07
   81    -1.5336348642E+01     1.0048466540E-07
   82    -1.5336341770E+01     9.4217891986E-08
   83    -1.5336340412E+01     1.0102408385E-07
   84    -1.5268933798E+01     1.3344889709E-07
   85    -1.5268931705E+01     9.4155501047E-08
   86    -1.5268926568E+01     1.0530529351E-07
   87    -1.5264824862E+01     1.2741300320E-07
   88    -1.5264819872E+01     7.4288467410E-08
   89    -1.5264818872E+01     1.0928234712E-07
   90    -1.5204063110E+01     1.1480564670E-07
   91    -1.5197896025E+01     1.1023740665E-07
   92    -1.5197890973E+01     9.4168948707E-08
   93    -1.4896504275E+01     1.2830631620E-07
   94    -1.4848542855E+01     9.8337896251E-08
   95    -1.4848535025E+01     1.1164361046E-07
   96    -1.4813261536E+01     8.9230032621E-08
   97    -1.4813259398E+01     8.7325559369E-08
   98    -1.4813251293E+01     1.1333695992E-07
   99    -1.4779997010E+01     8.2896857654E-08
  100    -1.4779994739E+01     9.0064071736E-08
  101    -1.4779983567E+01     1.3065388726E-07
  102    -1.4741579957E+01     1.0458862166E-07
  103    -1.4741572491E+01     1.0623976788E-07
  104    -1.4741569078E+01     1.4236580810E-07
  105    -1.4731241970E+01     9.5493163662E-08
  106    -1.4731237832E+01     9.2911337997E-08
  107    -1.4731232860E+01     1.1046340949E-07
  108    -1.4339885127E+01     9.0800792711E-08
  109    -1.4339876988E+01     1.0430338135E-07
  110    -1.4339867892E+01     1.4616898674E-07
  111    -1.4304569039E+01     1.2470899648E-07
  112    -1.4304562160E+01     1.1639331773E-07
  113    -1.4304553646E+01     1.5662154565E-07
  114    -1.4271388462E+01     1.2134015830E-07
  115    -1.4245809270E+01     9.2418114572E-08
  116    -1.4245805051E+01     1.0172222608E-07
  117    -1.4245795768E+01     1.8168110094E-07
  118    -1.4201421354E+01     1.1944163848E-07
  119    -1.4201410488E+01     1.3434642879E-07
  120    -1.4201400559E+01     1.3082802347E-07
  121    -1.4183346841E+01     1.4082210265E-07
  122    -1.4183336257E+01     1.3297649544E-07
  123    -1.4159434468E+01     1.5407926317E-07
  124    -1.4159428985E+01     1.0959961804E-07
  125    -1.4159419237E+01     1.2445020042E-07
  126    -1.3667272522E+01     1.3295918607E-07
  127    -1.3630443135E+01     1.0121670196E-07
  128    -1.3630437624E+01     1.4544205517E-07
  129    -1.3630430579E+01     1.1515329063E-07
  130    -1.3620401280E+01     1.3804971155E-07
  131    -1.3620396848E+01     1.1356731726E-07
  132    -1.3620390818E+01     1.4096998192E-07
  133    -1.3609443193E+01     1.3212903185E-07
  134    -1.3609433044E+01     1.1640155398E-07
  135    -1.3223266242E+01     1.0620723137E-07
  136    -1.3185866700E+01     2.2568339342E-07
  137    -1.3167680845E+01     1.3194820918E-07
  138    -1.3167679444E+01     1.1499756622E-07
  139    -1.3110515717E+01     7.7390279594E-08
  140    -1.3110508726E+01     1.0315962528E-07
  141    -1.3110498297E+01     1.3459917627E-07
  142    -1.3093823791E+01     1.3577263796E-07
  143    -1.3093819498E+01     1.3552716087E-07
  144    -1.3093818716E+01     1.3993403163E-07
  145    -1.3057942125E+01     1.3605226040E-07
  146    -1.3057936875E+01     1.2718000717E-07
  147    -1.3057933668E+01     1.9644589972E-07
  148    -1.3037748954E+01     8.8635492880E-08
  149    -1.3037745588E+01     1.0474262099E-07
  150    -1.3037731753E+01     1.3249160867E-07
  151    -1.2967398561E+01     1.1031774022E-07
  152    -1.2654220281E+01     1.0840456380E-07
  153    -1.2654216263E+01     1.1352441947E-07
  154    -1.2654209348E+01     1.0897798681E-07
  155    -1.2619160372E+01     1.5522277492E-07
  156    -1.2619155937E+01     1.2831041491E-07
  157    -1.2619144670E+01     1.1745451443E-07
  158    -1.2533818320E+01     1.5839005356E-07
  159    -1.2533817329E+01     1.2668578395E-07
  160    -1.2533812799E+01     1.2629779368E-07
  161    -1.2176699465E+01     2.0353623784E-07
  162    -1.2176694715E+01     1.4382438407E-07
  163    -1.2176688470E+01     1.3595261776E-07
  164    -1.2148975818E+01     1.2313105064E-07
  165    -1.2122300184E+01     1.1737687823E-07
  166    -1.2122297583E+01     1.0571645711E-07
  167    -1.2096265630E+01     1.2824719884E-07
  168    -1.2096260990E+01     1.4568247805E-07
  169    -1.2096256039E+01     1.3139086615E-07
  170    -1.2031674666E+01     1.4157546916E-07
  171    -1.2031671997E+01     1.1226261985E-07
  172    -1.2025846178E+01     1.6548794289E-07
  173    -1.2025842836E+01     1.2213524909E-07
  174    -1.2025833937E+01     1.4155308959E-07
  175    -1.2008544628E+01     2.2218474941E-07
  176    -1.2008540733E+01     1.9314304780E-07
  177    -1.2008538289E+01     2.7912421280E-07
  178    -1.2004532721E+01     1.8783998332E-07
  179    -1.2004530371E+01     1.8161666250E-07
  180    -1.2004522062E+01     1.7301827103E-07
  181    -1.2001925720E+01     1.3853674999E-07
  182    -1.1682922715E+01     1.6152609192E-07
  183    -1.1640500329E+01     2.0636979208E-07
  184    -1.1640497810E+01     2.0464003187E-07
  185    -1.1590723044E+01     1.6191058994E-07
  186    -1.1590719089E+01     1.3918931132E-07
  187    -1.1590717476E+01     1.6263395540E-07
  188    -1.1532007402E+01     1.6767086446E-07
  189    -1.1532005537E+01     1.5128566257E-07
  190    -1.1526721674E+01     1.6576353631E-07
  191    -1.1526720086E+01     1.3492630020E-07
  192    -1.1526714682E+01     1.3933995348E-07
  193    -1.1505109908E+01     1.5349294658E-07
  194    -1.1505106052E+01     1.6278538828E-07
  195    -1.1505104527E+01     1.5388707716E-07
  196    -1.1485852993E+01     1.3733785546E-07
  197    -1.1485852032E+01     1.4025084879E-07
  198    -1.1485848967E+01     1.3441786014E-07
  199    -1.1480427435E+01     1.3898355183E-07
  200    -1.1480421371E+01     2.0792132509E-07
  201    -1.1480419135E+01     1.4763243776E-07
  202    -1.1473172412E+01     1.4491635256E-07
  203    -1.1088067807E+01     1.5532828358E-07
  204    -1.1088065205E+01     1.5116027078E-07
  205    -1.1088064375E+01     1.6648985939E-07
  206    -1.1083956153E+01     1.2654273091E-07
  207    -1.1073377103E+01     1.4257599579E-07
  208    -1.1073373389E+01     1.2230843766E-07
  209    -1.1073370324E+01     1.5071688817E-07
  210    -1.0982288783E+01     1.7135902666E-07
  211    -1.0982284674E+01     1.2964388566E-07
  212    -1.0982284168E+01     1.4656147311E-07
  213    -1.0959587064E+01     1.7400652181E-07
  214    -1.0959583584E+01     1.3568928310E-07
  215    -1.0959582450E+01     1.4237641693E-07
  216    -1.0945930020E+01     1.6188496408E-07
  217    -1.0945918620E+01     1.5622890389E-07
  218    -1.0896992499E+01     1.4443402947E-07
  219    -1.0896989842E+01     1.6186537912E-07
  220    -1.0896986591E+01     1.6528162080E-07
  221    -1.0882893612E+01     1.4395713151E-07
  222    -1.0882891023E+01     1.3774725331E-07
  223    -1.0882887389E+01     1.2421539784E-07
  224    -1.0628542175E+01     2.4738610788E-07
  225    -1.0628540061E+01     1.4780305714E-07
  226    -1.0628535000E+01     1.4618446472E-07
  227    -1.0616466267E+01     1.3673974280E-07
  228    -1.0604208878E+01     2.6766210500E-07
  229    -1.0604200397E+01     1.7380246134E-07
  230    -1.0604199220E+01     1.9982719418E-07
  231    -1.0591900539E+01     1.2045935756E-07
  232    -1.0573757088E+01     3.0732712390E-07
  233    -1.0573755140E+01     3.1779959525E-07
  234    -1.0464725180E+01     1.5767247322E-07
  235    -1.0464719899E+01     1.6389746092E-07
  236    -1.0443001526E+01     1.3551261274E-07
  237    -1.0420241589E+01     1.7893087941E-07
  238    -1.0420233095E+01     1.1768387954E-07
  239    -1.0420229083E+01     1.7512431140E-07
  240    -1.0409589912E+01     1.9650404338E-07
  241    -1.0409583930E+01     1.9219254804E-07
  242    -1.0409579233E+01     1.7672373896E-07
  243    -1.0351486015E+01     1.6694978490E-07
  244    -1.0351478729E+01     1.4539898358E-07
  245    -1.0131063059E+01     1.6974259026E-07
  246    -1.0131061423E+01     1.5230534129E-07
  247    -1.0131056455E+01     1.4983982677E-07
  248    -1.0086664579E+01     1.5307543217E-07
  249    -1.0086661427E+01     1.6952306120E-07
  250    -1.0086659014E+01     1.5444969423E-07
  251    -1.0073027261E+01     2.2043397790E-07
  252    -1.0073025305E+01     1.6937939507E-07
  253    -1.0073022506E+01     1.5256623171E-07
  254    -9.9570428777E+00     1.6762611310E-07
  255    -9.9570402506E+00     1.5676021462E-07
  256    -9.9570375695E+00     1.5252922149E-07
  257    -9.9561240677E+00     1.6737609935E-07
  258    -9.9561218766E+00     1.3645426642E-07
  259    -9.9561172029E+00     1.6215877273E-07
  260    -9.9194782200E+00     1.4302080470E-07
  261    -9.8594866737E+00     1.6545214896E-07
  262    -9.8024897807E+00     2.3502940505E-07
  263    -9.8024874436E+00     1.9822203820E-07
  264    -9.8024778879E+00     1.8379216935E-07
  265    -9.6961940366E+00     1.7973105136E-07
  266    -9.6961916436E+00     1.7582588566E-07
  267    -9.6961868770E+00     2.2428831223E-07
  268    -9.6773801593E+00     1.6351519753E-07
  269    -9.6773748247E+00     1.8452249576E-07
  270    -9.6162847110E+00     1.2808077899E-07
  271    -9.5999986549E+00     1.6050059049E-07
  272    -9.5999948357E+00     1.4617496558E-07
  273    -9.5999931553E+00     1.9149421153E-07
  274    -9.5843412050E+00     1.5235666582E-07
  275    -9.5843382443E+00     1.7029148632E-07
  276    -9.5843346943E+00     1.7482933491E-07
  277    -9.5792172830E+00     1.8656225844E-07
  278    -9.5792136282E+00     1.4829209983E-07
  279    -9.5477102304E+00     2.3905993610E-07
  280    -9.5477060610E+00     1.7379590495E-07
  281    -9.5477015025E+00     2.0317312886E-07
  282    -9.4907547924E+00     1.9102726895E-07
  283    -9.4907531431E+00     1.7321770179E-07
  284    -9.4907489026E+00     1.8033859385E-07
  285    -9.4626598593E+00     1.4049381373E-07
  286    -9.4626527124E+00     1.9066532208E-07
  287    -9.4425089489E+00     1.9145337758E-07
  288    -9.4425028917E+00     1.7295729599E-07
  289    -9.3322181326E+00     1.7594115029E-07
  290    -9.3322107409E+00     1.3866826122E-07
  291    -9.3322008496E+00     1.9096624649E-07
  292    -9.3293354617E+00     1.7658534414E-07
  293    -9.3293314769E+00     1.8612801084E-07
  294    -9.3293248246E+00     2.1200630999E-07
  295    -9.3266105399E+00     1.7490953510E-07
  296    -9.2493934715E+00     2.2276574063E-07
  297    -9.2493912509E+00     2.7130710964E-07
  298    -9.2493847228E+00     2.0920083167E-07
  299    -9.0469044317E+00     2.1475956133E-07
  300    -9.0469027311E+00     1.7224200074E-07
  301    -9.0468959996E+00     1.4398862227E-07
  302    -9.0441499541E+00     3.2697825023E-07
  303    -9.0441448556E+00     1.6420585063E-07
  304    -9.0441443236E+00     1.7770542538E-07
  305    -8.9790661555E+00     3.0133535888E-07
  306    -8.9790610209E+00     2.3645155055E-07
  307    -8.9790600450E+00     1.8951519744E-07
  308    -8.9147965768E+00     2.1327476269E-07
  309    -8.9147932514E+00     2.0222784160E-07
  310    -8.9147903103E+00     1.6039732923E-07
  311    -8.9079509747E+00     1.9236634139E-07
  312    -8.9079498468E+00     1.9559391459E-07
  313    -8.9079469688E+00     1.7184316785E-07
  314    -8.8221251267E+00     2.0184813292E-07
  315    -8.7293346033E+00     2.3149798380E-07
  316    -8.7293293540E+00     1.8971672492E-07
  317    -8.6864934906E+00     1.5295846916E-07
  318    -8.6686671199E+00     2.2508755631E-07
  319    -8.6686621894E+00     1.8090007000E-07
  320    -8.6395483921E+00     1.6904765801E-07
  321    -8.6153308923E+00     2.7657075746E-07
  322    -8.6153243764E+00     2.1464828352E-07
  323    -8.6153224889E+00     2.1556442028E-07
  324    -8.5650483140E+00     1.5081047192E-07
  325    -8.5650467721E+00     1.7015271268E-07
  326    -8.4897349644E+00     1.7995298689E-07
  327    -8.4897300371E+00     2.3091792672E-07
  328    -8.4852415854E+00     1.8528318845E-07
  329    -8.4852412193E+00     1.5831216863E-07
  330    -8.4852385945E+00     2.0943450473E-07
  331    -8.4692529830E+00     2.6096794725E-07
  332    -8.4446281966E+00     2.0000999755E-07
  333    -8.4446271583E+00     1.6343001361E-07
  334    -8.3675951654E+00     2.1336015729E-07
  335    -8.3316085392E+00     2.3816551029E-07
  336    -8.3316057997E+00     1.8255681958E-07
  337    -8.3316037598E+00     2.1691628910E-07
  338    -8.3139493323E+00     1.8560447580E-07
  339    -8.3139488831E+00     1.9179957780E-07
  340    -8.3139452369E+00     1.9245691154E-07
  341    -8.2544569326E+00     3.3888734060E-07
  342    -8.2544555547E+00     2.3060424756E-07
  343    -8.2544514310E+00     3.3217423899E-07
  344    -8.1996486864E+00     1.6315852911E-07
  345    -8.1732890451E+00     1.9095214113E-07
  346    -8.1732842328E+00     1.4778176049E-07
  347    -8.1732727226E+00     2.5667869132E-07
  348    -8.1717719824E+00     2.0923888421E-07
  349    -8.1717703134E+00     3.5574474672E-07
  350    -8.1717681736E+00     1.9978672530E-07
  351    -8.1507494581E+00     2.5391166507E-07
  352    -8.1507464509E+00     2.1835683549E-07
  353    -8.1507412155E+00     2.3530684678E-07
  354    -8.0800514027E+00     1.7681033639E-07
  355    -8.0800474407E+00     2.0684726953E-07
  356    -8.0541100190E+00     2.2682392454E-07
  357    -8.0541075371E+00     2.1042995677E-07
  358    -8.0541053145E+00     2.4229087096E-07
  359    -8.0411801776E+00     2.6855787786E-07
  360    -8.0411761635E+00     2.5690410502E-07
  361    -8.0411743773E+00     1.8905376627E-07
  362    -7.9699093552E+00     2.0265482190E-07
  363    -7.9699053064E+00     1.9971458328E-07
  364    -7.9699011729E+00     2.4768165310E-07
  365    -7.9116376699E+00     1.6813917958E-07
  366    -7.9116328406E+00     1.9830219174E-07
  367    -7.9116299927E+00     2.2573560899E-07
  368    -7.8952850407E+00     1.8749952707E-07
  369    -7.8952829449E+00     2.2818374337E-07
  370    -7.8952746895E+00     2.3974443418E-07
  371    -7.8110778106E+00     1.3942011824E-06
  372    -7.8110772773E+00     6.7681735442E-07
  373    -7.8110723015E+00     2.1085102007E-07
  374    -7.8076274818E+00     2.1287990888E-07
  375    -7.8076235071E+00     1.1726387687E-06
  376    -7.8076184437E+00     2.0975098629E-07
  377    -7.7625714843E+00     2.2754603183E-07
  378    -7.7625709500E+00     2.5156851317E-07
  379    -7.7625650649E+00     2.6468351435E-07
  380    -7.6423692540E+00     1.7485393392E-07
  381    -7.6423666258E+00     1.8562802778E-07
  382    -7.6423657029E+00     2.3076655003E-07
  383    -7.6333357163E+00     2.3776926274E-07
  384    -7.6333314329E+00     2.6354736465E-07
  385    -7.6333290609E+00     1.8684422042E-07
  386    -7.5016691454E+00     2.1338006481E-07
  387    -7.4833248243E+00     2.8373308602E-07
  388    -7.4833198097E+00     3.0765447403E-07
  389    -7.3441904599E+00     4.2265637041E-07
  390    -7.3441896890E+00     2.5981636561E-07
  391    -7.3441847518E+00     7.1617667878E-07
  392    -7.2656748455E+00     1.8430920674E-07
  393    -7.2526167635E+00     2.5076702619E-07
  394    -7.2526138061E+00     2.2150637858E-07
  395    -7.2526092496E+00     2.4285846338E-07
  396    -7.2230927867E+00     3.3391792137E-07
  397    -7.2230902413E+00     2.6123080020E-07
  398    -7.2039640427E+00     2.3045283899E-07
  399    -7.2039618263E+00     3.0216789015E-07
  400    -7.2039588489E+00     3.3457120985E-07
  401    -7.1557088135E+00     6.1135630260E-07
  402    -7.1557077722E+00     2.8969768048E-07
  403    -7.1557020876E+00     2.5509104982E-07
  404    -7.1202747247E+00     2.4790940126E-07
  405    -7.1078325813E+00     3.8071863500E-07
  406    -7.1078318577E+00     2.9842181714E-07
  407    -7.0884117448E+00     1.7690093041E-07
  408    -7.0884073623E+00     2.3671319576E-07
  409    -7.0884063646E+00     3.0962331931E-07
  410    -7.0786733350E+00     2.9918943788E-07
  411    -7.0786689674E+00     2.1210578615E-07
  412    -7.0786680675E+00     2.6071924782E-07
  413    -7.0683029805E+00     3.4074485104E-07
  414    -7.0683007463E+00     3.2518009465E-07
  415    -7.0138936277E+00     3.0518533189E-07
  416    -6.9717001190E+00     3.5569138053E-07
  417    -6.8056445577E+00     2.8883889643E-07
  418    -6.7733757853E+00     2.5579396847E-07
  419    -6.7733744728E+00     2.6424022647E-07
  420    -6.7733716976E+00     2.3502542316E-07
  421    -6.7366343812E+00     4.9875506306E-07
  422    -6.7366318198E+00     2.9346671152E-07
  423    -6.7338765692E+00     2.5618459920E-07
  424    -6.7338756714E+00     3.3226440030E-07
  425    -6.7338702064E+00     2.3214969679E-07
  426    -6.7070800858E+00     3.5572766265E-07
  427    -6.7070773611E+00     2.6406511764E-07
  428    -6.7070748449E+00     3.2004639342E-07
  429    -6.6857185985E+00     2.5771709974E-07
  430    -6.6857176628E+00     2.3096755595E-07
  431    -6.6857164990E+00     3.1125946184E-07
  432    -6.6700937817E+00     2.8469748009E-07
  433    -6.6700923246E+00     2.2363521923E-07
  434    -6.6700895700E+00     2.0375866995E-07
  435    -6.6238324565E+00     3.0884002635E-07
  436    -6.6238300346E+00     2.6695081598E-07
  437    -6.6238284615E+00     2.3902824262E-07
  438    -6.6106377161E+00     2.3895489622E-07
  439    -6.6106362454E+00     2.3169391223E-07
  440    -6.6106351745E+00     1.9957438680E-07
  441    -6.6097843349E+00     3.0988276294E-07
  442    -6.6097811926E+00     2.9518975089E-07
  443    -6.5897487795E+00     3.0311534899E-07
  444    -6.5897440521E+00     3.5519420808E-07
  445    -6.5897431001E+00     2.8922054041E-07
  446    -6.5636427120E+00     3.9184898320E-07
  447    -6.5636406456E+00     3.8721773043E-07
  448    -6.5636391954E+00     2.5772617706E-07
  449    -6.5553334144E+00     3.5267976547E-07
  450    -6.5553289635E+00     3.6002560860E-07
  451    -6.5553259966E+00     2.6900173281E-07
  452    -6.5462405870E+00     2.8003599439E-07
  453    -6.5462392188E+00     2.2800515359E-07
  454    -6.5462359544E+00     3.5621545732E-07
  455    -6.5221663134E+00     2.5407164338E-07
  456    -6.5221640775E+00     3.2629266912E-07
  457    -6.5221612801E+00     3.6344627586E-07
  458    -6.3204052158E+00     2.2294935984E-07
  459    -6.2451419341E+00     2.9708548933E-07
  460    -6.2451405182E+00     3.2129569698E-07
  461    -6.1920323832E+00     3.3429216385E-07
  462    -6.1920322846E+00     3.0231812520E-07
  463    -6.1920280383E+00     3.6511612998E-07
  464    -6.1807865606E+00     4.5277041392E-07
  465    -6.1807845675E+00     5.2349037260E-07
  466    -6.1807825775E+00     6.2895452667E-07
  467    -6.1721766121E+00     2.6952584397E-07
  468    -6.1721744011E+00     8.0869652790E-07
  469    -6.1721725082E+00     5.4005825026E-07
  470    -6.1577518046E+00     3.8008937015E-07
  471    -6.1199939225E+00     3.3074455904E-07
  472    -6.1199916160E+00     3.4367866943E-07
  473    -6.1199893340E+00     4.5259153665E-07
  474    -6.1147221961E+00     4.4924179114E-07
  475    -6.1147193937E+00     2.5040304883E-07
  476    -6.0430048235E+00     3.0608525077E-07
  477    -6.0430013558E+00     5.0086584010E-07
  478    -6.0186706544E+00     4.0277212807E-07
  479    -6.0186689449E+00     3.4308499242E-07
  480    -6.0186687481E+00     3.7023591983E-07
  481    -5.9985454796E+00     3.5392668613E-07
  482    -5.8788865762E+00     2.5858237593E-07
  483    -5.7993040653E+00     5.0351046331E-07
  484    -5.7993002680E+00     4.2714543083E-07
  485    -5.7992989502E+00     4.2382946863E-07
  486    -5.7918348030E+00     6.3154198303E-07
  487    -5.7206631556E+00     3.0000575824E-07
  488    -5.7206604017E+00     3.8504851790E-07
  489    -5.7206586768E+00     3.0637246323E-07
  490    -5.7084135726E+00     3.7386609414E-07
  491    -5.7084087824E+00     4.8251313319E-07
  492    -5.6929155529E+00     3.4790630229E-07
  493    -5.6929132161E+00     3.7231031826E-07
  494    -5.6929109223E+00     2.6230634426E-07
  495    -5.6563981628E+00     2.8186677719E-07
  496    -5.6563972615E+00     4.3201286105E-07
  497    -5.6563946239E+00     4.2160026230E-07
  498    -5.6501362609E+00     2.9587166510E-07
  499    -5.6501352990E+00     4.4379020675E-07
  500    -5.6501328051E+00     3.9396896414E-07
  501    -5.4824991869E+00     3.7260222354E-07
  502    -5.4824967988E+00     3.2641232608E-07
  503    -5.4503182170E+00     3.6547230002E-07
  504    -5.4503138092E+00     4.3247735074E-07
  505    -5.3987357780E+00     4.0388075057E-07
  506    -5.3569491633E+00     4.6466809024E-07
  507    -5.3569483279E+00     3.7810954975E-07
  508    -5.3569455965E+00     3.5158879203E-07
  509    -5.3289241459E+00     5.6530394293E-07
  510    -5.2824943609E+00     3.9943582699E-07
  511    -5.2824918833E+00     4.2424637219E-07
  512    -5.2734959836E+00     5.9888005450E-07
  513    -5.2272842065E+00     4.9291158301E-07
  514    -5.2272810881E+00     7.0935438457E-07
  515    -5.2272805373E+00     6.8279363854E-07
  516    -5.2066436488E+00     3.6101376879E-07
  517    -5.2066422872E+00     4.0365559897E-07
  518    -5.1869396685E+00     6.8574469060E-07
  519    -5.1869394390E+00     3.4013007385E-07
  520    -5.1869384412E+00     4.3058531579E-07
  521    -5.1765766496E+00     3.5369293136E-07
  522    -5.1652147840E+00     6.2836268111E-07
  523    -5.1652139435E+00     3.3433946854E-07
  524    -5.1652131784E+00     6.6962133960E-07
  525    -5.1567194810E+00     5.8281644394E-07
  526    -5.1567186522E+00     4.7644409145E-07
  527    -5.1567174288E+00     1.1226502961E-06
  528    -5.1505487630E+00     4.0695346262E-07
  529    -5.1505480738E+00     3.1875954446E-07
  530    -5.1505465326E+00     4.3918484529E-07
  531    -5.0471952583E+00     3.9381926506E-07
  532    -5.0471939029E+00     3.9817438980E-07
  533    -5.0471916319E+00     4.1007275887E-07
  534    -5.0313515480E+00     4.5376076028E-07
  535    -5.0313483850E+00     6.1775829641E-07
  536    -5.0313472987E+00     4.3192163440E-07
  537    -5.0132142803E+00     3.9294027396E-07
  538    -5.0132098292E+00     4.5961467250E-07
  539    -5.0104220676E+00     4.7299406412E-07
  540    -5.0104207692E+00     4.2602097949E-07
  541    -5.0104188778E+00     5.0467485328E-07
  542    -4.9735050569E+00     3.4492771106E-07
  543    -4.9735031927E+00     4.1737588119E-07
  544    -4.9735015082E+00     4.3943380242E-07
  545    -4.9456041865E+00     4.2146630458E-07
  546    -4.9456039019E+00     4.5186197725E-07
  547    -4.9456018677E+00     5.2488334704E-07
  548    -4.9155111893E+00     4.9707828001E-07
  549    -4.9155098831E+00     4.8438520390E-07
  550    -4.9155095261E+00     3.3823119532E-07
  551    -4.9036719840E+00     4.0823330772E-07
  552    -4.8990010798E+00     4.0577243493E-07
  553    -4.8989992727E+00     5.1313460500E-07
  554    -4.8989971910E+00     3.9860262264E-07
  555    -4.7967890953E+00     4.1206291700E-07
  556    -4.7967874061E+00     4.3184644009E-07
  557    -4.7372827423E+00     6.0472389387E-07
  558    -4.7372818447E+00     7.6203450824E-07
  559    -4.7372798310E+00     4.5504534264E-07
  560    -4.6867201312E+00     4.6615795611E-07
  561    -4.6867191654E+00     5.3514281692E-07
  562    -4.6867183282E+00     3.8628875449E-07
  563    -4.6542622369E+00     5.0512351469E-07
  564    -4.6542613052E+00     4.1159935389E-07
  565    -4.6542607582E+00     6.6223704301E-07
  566    -4.6410043881E+00     5.5524179177E-07
  567    -4.6410040525E+00     4.8896639869E-07
  568    -4.6410028165E+00     4.5396775985E-07
  569    -4.6355245781E+00     4.3170095007E-07
  570    -4.6355242436E+00     4.6894152496E-07
  571    -4.6355239193E+00     4.8938446613E-07
  572    -4.6232401085E+00     2.6921143946E-07
  573    -4.5640261963E+00     6.0228675889E-07
  574    -4.5640240807E+00     5.3425595421E-07
  575    -4.5640219969E+00     5.7474643250E-07
  576    -4.5600766186E+00     9.3869461514E-07
  577    -4.5600749892E+00     6.7412105427E-07
  578    -4.5600744924E+00     3.7959406958E-07
  579    -4.5573667606E+00     6.2875414271E-07
  580    -4.5573632678E+00     7.6890522299E-07
  581    -4.5497261586E+00     5.1677219447E-07
  582    -4.5497247120E+00     5.1433646199E-07
  583    -4.5497215589E+00     4.5577530228E-07
  584    -4.3246543191E+00     4.0890321102E-07
  585    -4.3246535300E+00     8.5944712073E-07
  586    -4.2740982442E+00     7.1205436367E-07
  587    -4.2380543422E+00     5.6323822925E-07
  588    -4.2380528857E+00     5.0796827082E-07
  589    -4.2380511725E+00     5.4257771273E-07
  590    -4.2274465481E+00     1.0307542724E-06
  591    -4.2274458893E+00     4.9682806384E-07
  592    -4.2274445280E+00     5.0816426616E-07
  593    -4.1700447846E+00     5.4502085629E-07
  594    -3.9830547886E+00     1.1879329946E-06
  595    -3.9830536831E+00     8.1180457532E-07
  596    -3.9830518528E+00     6.6067646876E-07
  597    -3.9708524035E+00     1.1332326344E-06
  598    -3.9708500405E+00     1.3106282156E-06
  599    -3.9708435311E+00     8.6592242828E-07
  600    -3.9530316214E+00     7.8432033799E-07
  601    -3.9530291887E+00     7.9626456288E-07
  602    -3.9530284231E+00     7.0054367918E-07
  603    -3.8959864546E+00     5.8379328719E-07
  604    -3.8959843768E+00     7.0729773672E-07
  605    -3.8959826288E+00     8.7630881491E-07
  606    -3.8753503664E+00     7.1853281067E-07
  607    -3.8753489695E+00     9.3205320524E-07
  608    -3.8753475680E+00     4.9792601604E-07
  609    -3.8513082068E+00     6.7188724757E-07
  610    -3.8071584841E+00     8.4843761520E-07
  611    -3.8071575597E+00     6.2973788530E-07
  612    -3.8071565536E+00     9.5113442526E-07
  613    -3.8007375966E+00     7.4784153038E-07
  614    -3.8007362227E+00     4.9580551550E-07
  615    -3.8007342770E+00     7.9184737834E-07
  616    -3.7820136695E+00     5.6980037381E-07
  617    -3.7630856660E+00     8.7269273348E-07
  618    -3.7630842850E+00     8.7917553116E-07
  619    -3.6835445792E+00     1.2716009217E-06
  620    -3.6204092320E+00     9.8868098002E-07
  621    -3.6204069696E+00     9.1147453782E-07
  622    -3.5905708701E+00     1.4852943212E-06
  623    -3.5905696564E+00     1.4361517389E-06
  624    -3.5690715457E+00     6.9804603100E-07
  625    -3.5690704929E+00     8.5121580541E-07
  626    -3.5690702576E+00     6.0730095922E-07
  627    -3.5644215295E+00     1.1091493657E-06
  628    -3.5644201541E+00     7.1453622051E-07
  629    -3.5644193260E+00     6.9566791308E-07
  630    -3.5269728963E+00     9.1579976503E-07
  631    -3.5269718848E+00     5.8842332196E-07
  632    -3.5269714936E+00     9.4127794312E-07
  633    -3.5114483276E+00     8.4772876412E-07
  634    -3.5114466089E+00     6.5986804786E-07
  635    -3.5114453834E+00     1.0291477426E-06
  636    -3.5079170257E+00     8.7860821167E-07
  637    -3.5079163495E+00     6.1189680859E-07
  638    -3.5079162223E+00     7.7332415213E-07
  639    -3.5019434874E+00     7.9227694364E-07
  640    -3.4976262335E+00     7.1658633652E-07
  641    -3.4976244117E+00     7.0659236131E-07
  642    -3.4390197362E+00     4.9363324487E-07
  643    -3.4083990547E+00     1.2723161580E-06
  644    -3.4083988135E+00     7.5678553385E-07
  645    -3.4083969863E+00     1.4558484940E-06
  646    -3.3952702320E+00     7.3541689331E-07
  647    -3.3952693099E+00     9.9310198320E-07
  648    -3.3952681168E+00     1.7583146629E-06
  649    -3.3744524943E+00     9.5183309186E-07
  650    -3.3744517807E+00     7.2740368696E-07
  651    -3.3744499645E+00     9.8505833399E-07
  652    -3.3534782458E+00     7.7161830801E-07
  653    -3.3520380706E+00     1.0071363836E-06
  654    -3.3520376736E+00     1.0923551649E-06
  655    -3.3520355207E+00     9.4298279442E-07
  656    -3.3277177366E+00     1.0517729592E-06
  657    -3.3277173241E+00     1.0602523486E-06
  658    -3.3277162436E+00     1.1055509043E-06
  659    -3.2858294181E+00     1.0471451581E-06
  660    -3.2858270676E+00     1.1847154265E-06
  661    -3.2430120272E+00     1.1141273873E-06
  662    -3.2430111399E+00     1.1514151727E-06
  663    -3.2430107473E+00     1.0641826366E-06
  664    -3.2385090481E+00     9.2597013655E-07
  665    -3.2385087063E+00     1.0531456957E-06
  666    -3.2193394876E+00     1.3286421349E-06
  667    -3.2193386528E+00     9.8308863828E-07
  668    -3.2193372904E+00     8.5796060560E-07
  669    -3.1177759015E+00     1.0943343750E-06
  670    -3.1126919294E+00     1.8387416859E-06
  671    -3.1126914164E+00     1.2043845725E-06
  672    -3.1126900871E+00     1.0008530025E-06
  673    -3.1091649340E+00     3.2416525888E-06
  674    -3.1091648478E+00     2.1261092042E-06
  675    -3.1091642329E+00     9.3540860285E-07
  676    -3.1089635631E+00     7.1602094110E-07
  677    -3.0120832922E+00     1.5582747717E-06
  678    -3.0120823890E+00     7.9221464209E-07
  679    -2.9547578582E+00     1.5407886397E-06
  680    -2.9547567569E+00     1.6524934600E-06
  681    -2.8340049349E+00     2.0294250385E-06
  682    -2.8288773207E+00     8.5012880535E-07
  683    -2.8288761104E+00     1.7270442899E-06
  684    -2.8130830595E+00     9.6769944175E-07
  685    -2.8130822239E+00     2.3639284991E-06
  686    -2.8130754699E+00     4.1638217262E-06
  687    -2.8130751768E+00     1.1060389366E-06
  688    -2.8130733378E+00     1.9602413421E-06
  689    -2.8088806192E+00     1.6463472198E-06
  690    -2.8088797772E+00     1.2934712058E-06
  691    -2.8088787562E+00     9.9214502049E-07
  692    -2.8008359639E+00     1.3158908254E-06
  693    -2.7854553001E+00     1.0046466350E-06
  694    -2.7854536386E+00     1.1883277164E-06
  695    -2.7854520111E+00     1.0175742617E-06
  696    -2.7841624603E+00     1.7937603151E-06
  697    -2.7841609989E+00     1.3114019056E-06
  698    -2.7841587966E+00     1.4853853690E-06
  699    -2.7357193170E+00     1.2633328508E-06
  700    -2.7357188567E+00     2.0888241195E-06
  701    -2.7357181294E+00     1.1877239550E-06
  702    -2.7326912654E+00     1.7904979921E-06
  703    -2.7326902934E+00     1.7194916283E-06
  704    -2.7326893818E+00     1.9924504719E-06
  705    -2.6939192926E+00     1.4071211596E-06
  706    -2.6939187750E+00     1.2310133857E-06
  707    -2.6939179152E+00     1.6358542169E-06
  708    -2.6457360676E+00     3.5846674890E-06
  709    -2.6403888880E+00     1.4837064695E-06
  710    -2.6403873838E+00     1.9451895128E-06
  711    -2.6403864371E+00     1.3354683041E-06
  712    -2.4773175554E+00     1.6941005700E-06
  713    -2.4773169886E+00     1.2964791834E-06
  714    -2.4773161716E+00     2.0512182253E-06
  715    -2.4521150836E+00     1.7211423852E-06
  716    -2.4521138469E+00     1.5701692024E-06
  717    -2.4406146776E+00     1.7756591611E-06
  718    -2.4406135797E+00     2.0851471737E-06
  719    -2.4406132393E+00     2.3539155019E-06
  720    -2.3861980509E+00     1.3294236139E-06
  721    -2.3861974898E+00     1.7027525422E-06
  722    -2.3861967780E+00     3.0669916602E-06
  723    -2.2899129725E+00     2.2726463583E-06
  724    -2.2899114430E+00     1.2142351805E-06
  725    -2.2899112831E+00     1.9706277785E-06
  726    -2.2808420143E+00     2.6130529659E-06
  727    -2.2799677613E+00     2.2761724506E-06
  728    -2.2799674032E+00     2.1765109904E-06
  729    -2.2799667234E+00     2.4444527815E-06
  730    -2.2598272970E+00     2.6626296818E-06
  731    -2.2598269363E+00     1.6893967703E-06
  732    -2.2598266858E+00     1.9140285007E-06
  733    -2.2469981709E+00     2.1818751752E-06
  734    -2.2469977380E+00     1.6572086195E-06
  735    -2.2352984600E+00     1.5539495183E-06
  736    -2.2134296502E+00     1.9752545724E-06
  737    -2.1929099544E+00     1.9816729959E-06
  738    -2.1929090873E+00     2.1547563713E-06
  739    -2.1661926057E+00     2.1620013949E-06
  740    -2.1661923667E+00     2.0266742856E-06
  741    -2.1661920314E+00     1.6153284102E-06
  742    -2.1468863672E+00     2.1777622909E-06
  743    -2.1468858162E+00     2.1605550542E-06
  744    -2.1468848177E+00     3.2182130928E-06
  745    -2.1426825108E+00     2.1347426303E-06
  746    -2.1426821510E+00     2.4272710738E-06
  747    -2.1426820254E+00     2.1160596009E-06
  748    -2.1080082756E+00     1.1293508774E-06
  749    -2.1015185928E+00     2.0232290324E-06
  750    -2.1015176488E+00     2.1750461068E-06
  751    -2.1015172766E+00     1.9435905349E-06
  752    -2.0796948455E+00     2.1917484336E-06
  753    -2.0796942186E+00     2.7674529573E-06
  754    -2.0625924987E+00     3.3478294255E-06
  755    -2.0625921139E+00     2.7153662863E-06
  756    -2.0625916126E+00     1.9765513303E-06
  757    -2.0334154240E+00     2.3963588692E-06
  758    -2.0334149229E+00     2.1969586856E-06
  759    -2.0334146770E+00     1.9379505986E-06
  760    -2.0096031649E+00     2.4427759421E-06
  761    -2.0096006308E+00     3.1860977419E-06
  762    -1.9466387220E+00     3.0003673713E-06
  763    -1.9349605603E+00     2.0503284855E-06
  764    -1.9349590212E+00     1.9120651067E-06
  765    -1.9349581715E+00     2.0516903899E-06
  766    -1.9005616188E+00     3.1118745600E-06
  767    -1.9005608713E+00     2.5659110588E-06
  768    -1.8936372465E+00     2.8227105635E-06
  769    -1.8936366300E+00     2.7349495491E-06
  770    -1.8936357437E+00     2.5692490389E-06
  771    -1.8863983821E+00     1.8367955106E-06
  772    -1.8863972465E+00     3.0594772939E-06
  773    -1.8863968313E+00     2.6454370668E-06
  774    -1.8825397363E+00     2.4201370656E-06
  775    -1.8825386635E+00     2.5809276624E-06
  776    -1.8825385859E+00     2.2209389949E-06
  777    -1.8187139152E+00     2.0284497060E-06
  778    -1.8187137056E+00     3.3709249238E-06
  779    -1.8096271090E+00     2.2175394140E-06
  780    -1.8096262981E+00     2.6562410208E-06
  781    -1.8096256082E+00     2.9810054340E-06
  782    -1.7807548506E+00     2.7965235014E-06
  783    -1.7807545792E+00     2.4822365457E-06
  784    -1.7807542689E+00     2.8795420390E-06
  785    -1.7789343977E+00     3.1898769674E-06
  786    -1.6599085500E+00     2.3445886982E-06
  787    -1.6599083881E+00     3.3745970394E-06
  788    -1.6599072813E+00     5.4075172755E-06
  789    -1.6546173629E+00     3.4608861745E-06
  790    -1.6546170293E+00     4.0496433205E-06
  791    -1.6302820065E+00     3.3730229031E-06
  792    -1.6302816254E+00     4.8940019896E-06
  793    -1.6302813206E+00     5.4782976950E-06
  794    -1.6247421571E+00     4.1486430733E-06
  795    -1.6247416467E+00     4.6080910325E-06
  796    -1.6247413847E+00     4.1534791936E-06
  797    -1.6030997112E+00     4.3260399771E-06
  798    -1.6030994310E+00     4.7890663323E-06
  799    -1.6030992696E+00     4.3223185075E-06
  800    -1.5971685901E+00     3.9120642591E-06
  801    -1.5971682838E+00     3.9566792370E-06
  802    -1.5971675110E+00     4.4835334067E-06
  803    -1.5666537815E+00     4.6598443198E-06
  804    -1.5587856411E+00     5.0320914271E-06
  805    -1.5587847480E+00     7.3917884189E-06
  806    -1.5587842197E+00     3.1781920158E-06
  807    -1.5156377173E+00     4.2392959062E-06
  808    -1.5095195162E+00     4.1474812230E-06
  809    -1.5095182606E+00     4.2905832431E-06
  810    -1.5095178375E+00     3.3797336897E-06
  811    -1.4127884666E+00     4.7524735904E-06
  812    -1.4127881792E+00     4.2166059408E-06
  813    -1.4127872745E+00     5.1714919986E-06
  814    -1.3605254643E+00     6.1390417934E-06
  815    -1.3605250893E+00     4.7210708772E-06
  816    -1.3605241483E+00     7.9531718230E-06
  817    -1.3397416346E+00     4.3936775022E-06
  818    -1.3397414553E+00     8.8072116809E-06
  819    -1.2715071732E+00     5.1411953182E-06
  820    -1.2715066990E+00     6.8226523216E-06
  821    -1.2715061603E+00     7.9989397398E-06
  822    -1.2222063538E+00     4.8403920572E-06
  823    -1.2222062415E+00     5.9831323259E-06
  824    -1.2222057078E+00     6.0707965009E-06
  825    -1.2047674965E+00     6.4731516816E-06
  826    -1.2047668309E+00     5.8653372917E-06
  827    -1.2047666061E+00     5.8626521578E-06
  828    -1.1413544136E+00     8.3623817619E-06
  829    -1.1387293359E+00     4.5317757059E-06
  830    -1.1387289527E+00     9.7061192783E-06
  831    -1.1387285085E+00     8.0140199659E-06
  832    -1.1041775258E+00     7.1791287504E-06
  833    -1.1041765698E+00     7.9104944079E-06
  834    -1.0880430656E+00     9.6424306878E-06
  835    -1.0880429230E+00     7.3727810616E-06
  836    -1.0880422349E+00     8.2748572234E-06
  837    -1.0715025156E+00     8.3431791247E-06
  838    -1.0715021985E+00     1.0123461753E-05
  839    -1.0715015734E+00     8.7673636691E-06
  840    -1.0575704100E+00     4.5814383861E-06
  841    -1.0412782960E+00     1.2278189479E-05
  842    -1.0412777909E+00     7.3884096881E-06
  843    -1.0412776121E+00     1.0585739246E-05
  844    -1.0170813863E+00     8.3157987714E-06
  845    -1.0170811763E+00     1.0927685581E-05
  846    -1.0170811003E+00     7.2103013068E-06
  847    -1.0024619846E+00     1.5129445853E-05
  848    -1.0024611644E+00     1.1145508381E-05
  849    -9.6044685306E-01     5.5361882133E-06
  850    -9.2063537442E-01     2.2236217227E-05
  851    -9.0931022827E-01     1.1667680177E-05
  852    -9.0930968583E-01     1.4736207006E-05
  853    -8.7372873569E-01     1.4774636238E-05
  854    -8.7372841387E-01     8.1193956502E-06
  855    -8.7372830817E-01     1.1254792626E-05
  856    -8.6374588200E-01     1.4189645078E-05
  857    -8.6374519496E-01     1.4052199929E-05
  858    -8.5940143125E-01     1.4166476139E-05
  859    -8.5940119723E-01     9.8436551109E-06
  860    -8.5940076504E-01     1.1816610498E-05
  861    -8.4943214204E-01     1.6466926545E-05
  862    -8.0066023453E-01     1.8260428274E-05
  863    -7.8107334262E-01     1.3721878939E-05
  864    -7.8107317077E-01     1.0759293192E-05
  865    -7.8107289301E-01     1.1383761653E-05
  866    -7.8088859405E-01     1.4100402201E-05
  867    -7.8088811743E-01     1.7637673495E-05
  868    -7.8088798323E-01     1.6445881980E-05
  869    -7.4555158628E-01     1.4106576136E-05
  870    -7.4555120810E-01     1.2673224835E-05
  871    -7.4286545014E-01     1.4365328217E-05
  872    -7.4286527526E-01     1.6240334571E-05
  873    -7.4286494139E-01     1.3445410282E-05
  874    -7.4046041834E-01     1.7028120625E-05
  875    -7.4046032093E-01     1.4051469342E-05
  876    -7.4045995673E-01     2.0016513952E-05
  877    -6.9231529303E-01     2.2554666238E-05
  878    -6.9231499700E-01     1.6401248191E-05
  879    -6.9231476188E-01     1.6714412421E-05
  880    -6.9170441679E-01     1.8306599947E-05
  881    -6.9170377275E-01     2.1432593084E-05
  882    -6.2135909664E-01     3.2605238376E-05
  883    -6.1975840974E-01     2.1765718712E-05
  884    -6.1975825701E-01     1.7647161113E-05
  885    -6.1975814195E-01     3.0094122689E-05
  886    -5.9877177509E-01     6.2246050032E-05
  887    -5.9877168673E-01     3.0987809678E-05
  888    -5.9877105480E-01     2.1569265812E-05
  889    -5.9855824248E-01     1.9197539260E-05
  890    -5.9855798147E-01     2.3080404777E-05
  891    -5.9855781625E-01     2.5470414169E-05
  892    -5.7746305903E-01     2.3071512358E-05
  893    -5.5082352761E-01     2.5805779929E-05
  894    -5.5082328421E-01     2.9907081379E-05
  895    -5.5082302881E-01     2.6788214986E-05
  896    -5.5073155280E-01     2.1059393353E-05
  897    -5.5073151337E-01     2.2455837912E-05
  898    -5.3396476898E-01     3.2309675363E-05
  899    -5.3396447054E-01     4.0833988955E-05
  900    -5.3396438239E-01     3.2953955531E-05
  901    -5.2091956875E-01     2.9710460227E-05
  902    -5.2091949499E-01     2.7828714088E-05
  903    -5.2091932255E-01     3.1677651393E-05
  904    -4.7259607957E-01     2.9518990059E-05
  905    -4.7259602862E-01     4.4593526131E-05
  906    -4.7259590141E-01     4.5978154682E-05
  907    -4.7115014441E-01     3.4978932689E-05
  908    -4.7115003556E-01     3.7777916571E-05
  909    -4.6893178621E-01     2.5437616651E-05
  910    -4.6517538854E-01     3.9080427122E-05
  911    -4.6517510374E-01     3.8509942518E-05
  912    -4.6517497814E-01     3.7884146131E-05
  913    -4.4142558795E-01     6.1808870779E-05
  914    -4.4142515890E-01     3.2527808424E-05
  915    -4.4142512582E-01     5.0473773029E-05
  916    -4.2679544969E-01     4.4710349240E-05
  917    -4.2679536171E-01     6.2846737554E-05
  918    -3.6961015623E-01     6.0571193508E-05
  919    -3.6961009635E-01     5.0284086046E-05
  920    -3.6961000570E-01     6.0509381143E-05
  921    -3.6883979818E-01     8.6185386440E-05
  922    -3.6883972127E-01     6.5469394582E-05
  923    -3.6883940269E-01     7.7971831985E-05
  924    -3.3922945365E-01     6.1646554686E-05
  925    -3.3922937975E-01     5.5620795382E-05
  926    -3.3922922578E-01     6.9172201842E-05
  927    -3.1999473748E-01     1.1183184632E-04
  928    -3.1999442725E-01     9.5165907555E-05
  929    -3.1999418728E-01     1.1304449801E-04
  930    -3.1057555112E-01     9.9810707032E-05
  931    -3.1057545355E-01     8.9162649260E-05
  932    -2.9112770264E-01     1.3343540820E-04
  933    -2.9112746383E-01     8.8871876042E-05
  934    -2.7559627647E-01     1.5986075923E-04
  935    -2.7559613146E-01     1.0257335565E-04
  936    -2.7559611495E-01     1.1653179185E-04
  937    -2.5439561997E-01     1.9538725308E-04
  938    -2.5439550827E-01     1.7682638558E-04
  939    -2.5439536127E-01     1.7711657166E-04
  940    -2.4739762354E-01     1.3103906602E-04
  941    -2.4739748506E-01     1.0301533233E-04
  942    -2.4739737095E-01     1.2011838894E-04
  943    -2.4370835414E-01     5.5897060470E-04
  944    -2.4370822977E-01     1.9830117356E-04
  945    -2.4370815523E-01     2.9228961411E-04
  946    -2.1629676723E-01     2.5590000167E-04
  947    -2.1043427716E-01     2.3462774908E-04
  948    -2.1043405660E-01     2.1911661275E-04
  949    -2.1043404677E-01     2.0401695225E-04
  950    -2.0486876194E-01     1.6310663541E-04
  951    -1.7221811929E-01     4.3751286594E-04
  952    -1.6692034563E-01     5.0074611182E-04
  953    -1.6692031583E-01     5.2382707410E-04
  954    -1.4373164443E-01     3.3687817648E-04
  955    -1.4373148155E-01     3.8180534414E-04
  956    -1.4373144717E-01     4.9518251789E-04
  957    -1.2344844379E-01     1.0788412237E-03
  958    -1.0161286221E-01     1.0924397183E-03
  959    -1.0161284035E-01     6.3528072852E-04
  960    -1.0161268965E-01     9.6279831434E-04
  961    -7.5615890704E-02     9.1596625867E-04
  962    -7.5615838381E-02     1.5843014484E-03
  963    -7.5615682186E-02     1.7875895283E-03
  964    -6.6075209032E-02     2.3629677115E-03
  965    -6.6075099398E-02     1.4029536526E-03
  966    -6.6074981903E-02     1.5689718642E-03
  967    -3.0120469454E-02     8.9254858233E-03
  968    -3.0120408403E-02     8.1353709357E-03
  969    -3.0120318240E-02     9.1729041252E-03
  970    -2.9584897341E-02     2.1382493022E-02
  971    -8.9418912811E-03     9.0379304865E-02
  972    -8.9417867345E-03     7.9777862288E-02
  973    -8.9417504755E-03     1.0646204124E-01
  974     2.3524488993E-03     2.5966677234E+00
  975     1.3543541690E-02     1.2866767079E-01
  976     1.5750435539E-02     6.5216870216E-02
  977     1.5750544791E-02     2.9249325796E-02
  978     1.5750647503E-02     4.5786030244E-02
  979     1.8103380672E-02     2.0379210016E-02
  980     1.8103434679E-02     2.0630368314E-02
  981     1.8835287067E-02     2.1451436691E-02
  982     1.8835373942E-02     2.0812773210E-02
  983     1.8835394994E-02     2.7254838597E-02
  984     2.6737430370E-02     2.8095865920E-02
  985     2.9847374398E-02     1.1876695605E-02
  986     2.9847393623E-02     8.7471177859E-03
  987     2.9847401439E-02     9.6494601910E-03
  988     2.9913606933E-02     7.5192535295E-03
  989     2.9913610373E-02     1.2849369422E-02
  990     2.9913651083E-02     1.3746850502E-02
  991     3.2456575882E-02     9.3125441888E-03
  992     3.2456661256E-02     8.3945892484E-03
  993     3.7102761337E-02     5.3076797293E-03
  994     3.7102795687E-02     5.2148581509E-03
  995     3.7102916450E-02     5.8678580278E-03
  996     3.8618015933E-02     1.6895738100E-02
  997     4.0493571235E-02     6.0796639635E-03
  998     4.0493724320E-02     3.6502668694E-03
  999     4.0493824148E-02     5.1661115779E-03
 1000     4.1425927259E-02     5.2416442690E-03
 1001     4.1426032360E-02     3.9404868338E-03
 1002     4.1426368017E-02     8.7995091281E-03
 1003     4.2046814280E-02     1.5708031229E-02
 1004     4.2047255023E-02     7.8410276056E-03


 TOTAL TIME = 8214 [s]
