===============================================================================
 RRRRR  SSSSS  H   H  RRRRR    Zbigniew ROMANOWSKI                             
 R   R  S      H   H  R   R                                                    
 RRRRR  SSSSS  HHHHH  RRRRR    version: 5.4                                    
 R  R       S  H   H  R  R                                                     
 R   R  SSSSS  H   H  R   R    compilation date: Dec  8 2012 (20:50:40)                       
===============================================================================

PEs = 512

----INITIALIZATION----========================================================
DOMAIN:
    BsplDeg = 3, CubatOrder = 5, CubatNodeNo = 125
    h = 5.000000E-01
    Nx = 90,    Ny = 90,   Nz = 90
    X0 = -2.000000E+01,    Xmax = 2.500000E+01
    Y0 = -2.000000E+01,    Ymax = 2.500000E+01
    Z0 = -2.000000E+01,    Zmax = 2.500000E+01

NUMBER OF 'ATOMS' = 125
    Soft-r^4(d,a)=(-2.00, 0.10) at (x,y,z) = ( 0.00, 0.00, 0.00)
    Soft-r^4(d,a)=(-2.00, 0.10) at (x,y,z) = ( 0.00, 0.00, 1.30)
    Soft-r^4(d,a)=(-2.00, 0.10) at (x,y,z) = ( 0.00, 0.00, 2.60)
    Soft-r^4(d,a)=(-2.00, 0.10) at (x,y,z) = ( 0.00, 0.00, 3.90)
    Soft-r^4(d,a)=(-2.00, 0.10) at (x,y,z) = ( 0.00, 0.00, 5.20)
    Soft-r^4(d,a)=(-2.00, 0.10) at (x,y,z) = ( 0.00, 1.30, 0.00)
    Soft-r^4(d,a)=(-2.00, 0.10) at (x,y,z) = ( 0.00, 1.30, 1.30)
    Soft-r^4(d,a)=(-2.00, 0.10) at (x,y,z) = ( 0.00, 1.30, 2.60)
    Soft-r^4(d,a)=(-2.00, 0.10) at (x,y,z) = ( 0.00, 1.30, 3.90)
    Soft-r^4(d,a)=(-2.00, 0.10) at (x,y,z) = ( 0.00, 1.30, 5.20)
    Soft-r^4(d,a)=(-2.00, 0.10) at (x,y,z) = ( 0.00, 2.60, 0.00)
    Soft-r^4(d,a)=(-2.00, 0.10) at (x,y,z) = ( 0.00, 2.60, 1.30)
    Soft-r^4(d,a)=(-2.00, 0.10) at (x,y,z) = ( 0.00, 2.60, 2.60)
    Soft-r^4(d,a)=(-2.00, 0.10) at (x,y,z) = ( 0.00, 2.60, 3.90)
    Soft-r^4(d,a)=(-2.00, 0.10) at (x,y,z) = ( 0.00, 2.60, 5.20)
    Soft-r^4(d,a)=(-2.00, 0.10) at (x,y,z) = ( 0.00, 3.90, 0.00)
    Soft-r^4(d,a)=(-2.00, 0.10) at (x,y,z) = ( 0.00, 3.90, 1.30)
    Soft-r^4(d,a)=(-2.00, 0.10) at (x,y,z) = ( 0.00, 3.90, 2.60)
    Soft-r^4(d,a)=(-2.00, 0.10) at (x,y,z) = ( 0.00, 3.90, 3.90)
    Soft-r^4(d,a)=(-2.00, 0.10) at (x,y,z) = ( 0.00, 3.90, 5.20)
    Soft-r^4(d,a)=(-2.00, 0.10) at (x,y,z) = ( 0.00, 5.20, 0.00)
    Soft-r^4(d,a)=(-2.00, 0.10) at (x,y,z) = ( 0.00, 5.20, 1.30)
    Soft-r^4(d,a)=(-2.00, 0.10) at (x,y,z) = ( 0.00, 5.20, 2.60)
    Soft-r^4(d,a)=(-2.00, 0.10) at (x,y,z) = ( 0.00, 5.20, 3.90)
    Soft-r^4(d,a)=(-2.00, 0.10) at (x,y,z) = ( 0.00, 5.20, 5.20)
    Soft-r^4(d,a)=(-2.00, 0.10) at (x,y,z) = ( 1.30, 0.00, 0.00)
    Soft-r^4(d,a)=(-2.00, 0.10) at (x,y,z) = ( 1.30, 0.00, 1.30)
    Soft-r^4(d,a)=(-2.00, 0.10) at (x,y,z) = ( 1.30, 0.00, 2.60)
    Soft-r^4(d,a)=(-2.00, 0.10) at (x,y,z) = ( 1.30, 0.00, 3.90)
    Soft-r^4(d,a)=(-2.00, 0.10) at (x,y,z) = ( 1.30, 0.00, 5.20)
    Soft-r^4(d,a)=(-2.00, 0.10) at (x,y,z) = ( 1.30, 1.30, 0.00)
    Soft-r^4(d,a)=(-2.00, 0.10) at (x,y,z) = ( 1.30, 1.30, 1.30)
    Soft-r^4(d,a)=(-2.00, 0.10) at (x,y,z) = ( 1.30, 1.30, 2.60)
    Soft-r^4(d,a)=(-2.00, 0.10) at (x,y,z) = ( 1.30, 1.30, 3.90)
    Soft-r^4(d,a)=(-2.00, 0.10) at (x,y,z) = ( 1.30, 1.30, 5.20)
    Soft-r^4(d,a)=(-2.00, 0.10) at (x,y,z) = ( 1.30, 2.60, 0.00)
    Soft-r^4(d,a)=(-2.00, 0.10) at (x,y,z) = ( 1.30, 2.60, 1.30)
    Soft-r^4(d,a)=(-2.00, 0.10) at (x,y,z) = ( 1.30, 2.60, 2.60)
    Soft-r^4(d,a)=(-2.00, 0.10) at (x,y,z) = ( 1.30, 2.60, 3.90)
    Soft-r^4(d,a)=(-2.00, 0.10) at (x,y,z) = ( 1.30, 2.60, 5.20)
    Soft-r^4(d,a)=(-2.00, 0.10) at (x,y,z) = ( 1.30, 3.90, 0.00)
    Soft-r^4(d,a)=(-2.00, 0.10) at (x,y,z) = ( 1.30, 3.90, 1.30)
    Soft-r^4(d,a)=(-2.00, 0.10) at (x,y,z) = ( 1.30, 3.90, 2.60)
    Soft-r^4(d,a)=(-2.00, 0.10) at (x,y,z) = ( 1.30, 3.90, 3.90)
    Soft-r^4(d,a)=(-2.00, 0.10) at (x,y,z) = ( 1.30, 3.90, 5.20)
    Soft-r^4(d,a)=(-2.00, 0.10) at (x,y,z) = ( 1.30, 5.20, 0.00)
    Soft-r^4(d,a)=(-2.00, 0.10) at (x,y,z) = ( 1.30, 5.20, 1.30)
    Soft-r^4(d,a)=(-2.00, 0.10) at (x,y,z) = ( 1.30, 5.20, 2.60)
    Soft-r^4(d,a)=(-2.00, 0.10) at (x,y,z) = ( 1.30, 5.20, 3.90)
    Soft-r^4(d,a)=(-2.00, 0.10) at (x,y,z) = ( 1.30, 5.20, 5.20)
    Soft-r^4(d,a)=(-2.00, 0.10) at (x,y,z) = ( 2.60, 0.00, 0.00)
    Soft-r^4(d,a)=(-2.00, 0.10) at (x,y,z) = ( 2.60, 0.00, 1.30)
    Soft-r^4(d,a)=(-2.00, 0.10) at (x,y,z) = ( 2.60, 0.00, 2.60)
    Soft-r^4(d,a)=(-2.00, 0.10) at (x,y,z) = ( 2.60, 0.00, 3.90)
    Soft-r^4(d,a)=(-2.00, 0.10) at (x,y,z) = ( 2.60, 0.00, 5.20)
    Soft-r^4(d,a)=(-2.00, 0.10) at (x,y,z) = ( 2.60, 1.30, 0.00)
    Soft-r^4(d,a)=(-2.00, 0.10) at (x,y,z) = ( 2.60, 1.30, 1.30)
    Soft-r^4(d,a)=(-2.00, 0.10) at (x,y,z) = ( 2.60, 1.30, 2.60)
    Soft-r^4(d,a)=(-2.00, 0.10) at (x,y,z) = ( 2.60, 1.30, 3.90)
    Soft-r^4(d,a)=(-2.00, 0.10) at (x,y,z) = ( 2.60, 1.30, 5.20)
    Soft-r^4(d,a)=(-2.00, 0.10) at (x,y,z) = ( 2.60, 2.60, 0.00)
    Soft-r^4(d,a)=(-2.00, 0.10) at (x,y,z) = ( 2.60, 2.60, 1.30)
    Soft-r^4(d,a)=(-2.00, 0.10) at (x,y,z) = ( 2.60, 2.60, 2.60)
    Soft-r^4(d,a)=(-2.00, 0.10) at (x,y,z) = ( 2.60, 2.60, 3.90)
    Soft-r^4(d,a)=(-2.00, 0.10) at (x,y,z) = ( 2.60, 2.60, 5.20)
    Soft-r^4(d,a)=(-2.00, 0.10) at (x,y,z) = ( 2.60, 3.90, 0.00)
    Soft-r^4(d,a)=(-2.00, 0.10) at (x,y,z) = ( 2.60, 3.90, 1.30)
    Soft-r^4(d,a)=(-2.00, 0.10) at (x,y,z) = ( 2.60, 3.90, 2.60)
    Soft-r^4(d,a)=(-2.00, 0.10) at (x,y,z) = ( 2.60, 3.90, 3.90)
    Soft-r^4(d,a)=(-2.00, 0.10) at (x,y,z) = ( 2.60, 3.90, 5.20)
    Soft-r^4(d,a)=(-2.00, 0.10) at (x,y,z) = ( 2.60, 5.20, 0.00)
    Soft-r^4(d,a)=(-2.00, 0.10) at (x,y,z) = ( 2.60, 5.20, 1.30)
    Soft-r^4(d,a)=(-2.00, 0.10) at (x,y,z) = ( 2.60, 5.20, 2.60)
    Soft-r^4(d,a)=(-2.00, 0.10) at (x,y,z) = ( 2.60, 5.20, 3.90)
    Soft-r^4(d,a)=(-2.00, 0.10) at (x,y,z) = ( 2.60, 5.20, 5.20)
    Soft-r^4(d,a)=(-2.00, 0.10) at (x,y,z) = ( 3.90, 0.00, 0.00)
    Soft-r^4(d,a)=(-2.00, 0.10) at (x,y,z) = ( 3.90, 0.00, 1.30)
    Soft-r^4(d,a)=(-2.00, 0.10) at (x,y,z) = ( 3.90, 0.00, 2.60)
    Soft-r^4(d,a)=(-2.00, 0.10) at (x,y,z) = ( 3.90, 0.00, 3.90)
    Soft-r^4(d,a)=(-2.00, 0.10) at (x,y,z) = ( 3.90, 0.00, 5.20)
    Soft-r^4(d,a)=(-2.00, 0.10) at (x,y,z) = ( 3.90, 1.30, 0.00)
    Soft-r^4(d,a)=(-2.00, 0.10) at (x,y,z) = ( 3.90, 1.30, 1.30)
    Soft-r^4(d,a)=(-2.00, 0.10) at (x,y,z) = ( 3.90, 1.30, 2.60)
    Soft-r^4(d,a)=(-2.00, 0.10) at (x,y,z) = ( 3.90, 1.30, 3.90)
    Soft-r^4(d,a)=(-2.00, 0.10) at (x,y,z) = ( 3.90, 1.30, 5.20)
    Soft-r^4(d,a)=(-2.00, 0.10) at (x,y,z) = ( 3.90, 2.60, 0.00)
    Soft-r^4(d,a)=(-2.00, 0.10) at (x,y,z) = ( 3.90, 2.60, 1.30)
    Soft-r^4(d,a)=(-2.00, 0.10) at (x,y,z) = ( 3.90, 2.60, 2.60)
    Soft-r^4(d,a)=(-2.00, 0.10) at (x,y,z) = ( 3.90, 2.60, 3.90)
    Soft-r^4(d,a)=(-2.00, 0.10) at (x,y,z) = ( 3.90, 2.60, 5.20)
    Soft-r^4(d,a)=(-2.00, 0.10) at (x,y,z) = ( 3.90, 3.90, 0.00)
    Soft-r^4(d,a)=(-2.00, 0.10) at (x,y,z) = ( 3.90, 3.90, 1.30)
    Soft-r^4(d,a)=(-2.00, 0.10) at (x,y,z) = ( 3.90, 3.90, 2.60)
    Soft-r^4(d,a)=(-2.00, 0.10) at (x,y,z) = ( 3.90, 3.90, 3.90)
    Soft-r^4(d,a)=(-2.00, 0.10) at (x,y,z) = ( 3.90, 3.90, 5.20)
    Soft-r^4(d,a)=(-2.00, 0.10) at (x,y,z) = ( 3.90, 5.20, 0.00)
    Soft-r^4(d,a)=(-2.00, 0.10) at (x,y,z) = ( 3.90, 5.20, 1.30)
    Soft-r^4(d,a)=(-2.00, 0.10) at (x,y,z) = ( 3.90, 5.20, 2.60)
    Soft-r^4(d,a)=(-2.00, 0.10) at (x,y,z) = ( 3.90, 5.20, 3.90)
    Soft-r^4(d,a)=(-2.00, 0.10) at (x,y,z) = ( 3.90, 5.20, 5.20)
    Soft-r^4(d,a)=(-2.00, 0.10) at (x,y,z) = ( 5.20, 0.00, 0.00)
    Soft-r^4(d,a)=(-2.00, 0.10) at (x,y,z) = ( 5.20, 0.00, 1.30)
    Soft-r^4(d,a)=(-2.00, 0.10) at (x,y,z) = ( 5.20, 0.00, 2.60)
    Soft-r^4(d,a)=(-2.00, 0.10) at (x,y,z) = ( 5.20, 0.00, 3.90)
    Soft-r^4(d,a)=(-2.00, 0.10) at (x,y,z) = ( 5.20, 0.00, 5.20)
    Soft-r^4(d,a)=(-2.00, 0.10) at (x,y,z) = ( 5.20, 1.30, 0.00)
    Soft-r^4(d,a)=(-2.00, 0.10) at (x,y,z) = ( 5.20, 1.30, 1.30)
    Soft-r^4(d,a)=(-2.00, 0.10) at (x,y,z) = ( 5.20, 1.30, 2.60)
    Soft-r^4(d,a)=(-2.00, 0.10) at (x,y,z) = ( 5.20, 1.30, 3.90)
    Soft-r^4(d,a)=(-2.00, 0.10) at (x,y,z) = ( 5.20, 1.30, 5.20)
    Soft-r^4(d,a)=(-2.00, 0.10) at (x,y,z) = ( 5.20, 2.60, 0.00)
    Soft-r^4(d,a)=(-2.00, 0.10) at (x,y,z) = ( 5.20, 2.60, 1.30)
    Soft-r^4(d,a)=(-2.00, 0.10) at (x,y,z) = ( 5.20, 2.60, 2.60)
    Soft-r^4(d,a)=(-2.00, 0.10) at (x,y,z) = ( 5.20, 2.60, 3.90)
    Soft-r^4(d,a)=(-2.00, 0.10) at (x,y,z) = ( 5.20, 2.60, 5.20)
    Soft-r^4(d,a)=(-2.00, 0.10) at (x,y,z) = ( 5.20, 3.90, 0.00)
    Soft-r^4(d,a)=(-2.00, 0.10) at (x,y,z) = ( 5.20, 3.90, 1.30)
    Soft-r^4(d,a)=(-2.00, 0.10) at (x,y,z) = ( 5.20, 3.90, 2.60)
    Soft-r^4(d,a)=(-2.00, 0.10) at (x,y,z) = ( 5.20, 3.90, 3.90)
    Soft-r^4(d,a)=(-2.00, 0.10) at (x,y,z) = ( 5.20, 3.90, 5.20)
    Soft-r^4(d,a)=(-2.00, 0.10) at (x,y,z) = ( 5.20, 5.20, 0.00)
    Soft-r^4(d,a)=(-2.00, 0.10) at (x,y,z) = ( 5.20, 5.20, 1.30)
    Soft-r^4(d,a)=(-2.00, 0.10) at (x,y,z) = ( 5.20, 5.20, 2.60)
    Soft-r^4(d,a)=(-2.00, 0.10) at (x,y,z) = ( 5.20, 5.20, 3.90)
    Soft-r^4(d,a)=(-2.00, 0.10) at (x,y,z) = ( 5.20, 5.20, 5.20)


----GRAPH-CREATION-and-PARTITIONING----=======================================
      Setup: Max:   0.339, Sum: 173.370, Balance:   1.000
   Matching: Max:   0.489, Sum: 250.197, Balance:   1.000
Contraction: Max:   0.171, Sum:  87.371, Balance:   1.000
   InitPart: Max:   0.824, Sum: 421.801, Balance:   1.000
    Project: Max:   0.001, Sum:   0.536, Balance:   1.082
 Initialize: Max:   0.106, Sum:  54.394, Balance:   1.002
      K-way: Max:   0.574, Sum: 293.693, Balance:   1.000
      Remap: Max:   0.001, Sum:   0.573, Balance:   1.001
      Total: Max:   2.504, Sum: 1282.061, Balance:   1.000
Final 512-way Cut: 38111009 	Balance: 1.065 

    Number of nodes:
         Rank0.........1.278E+03
         Averg.........1.286E+03
         Total.........6.585E+05
    Number of edges:
         Rank0.........3.634E+05
         Averg.........4.143E+05
         Total.........2.121E+08
    Memory usage.[MB]:
         Rank0.........5.564E+00
         Averg.........6.341E+00
         Total.........3.247E+03


----MATRIX-ALLOCATION----=====================================================
    Dimension of matrix H or S:
              Rank0..............1.278E+03 (1278)
              Averg..............1.286E+03       
              Total..............6.585E+05 (658503)
    Nonzero entries in H or S:
              Rank0..............3.646E+05 (364630)
              Averg..............4.156E+05       
              Total..............2.128E+08 (212776173)
    Sparseness of H or S (fraction):
              Rank0..............4.333E-04
              Averg..............4.907E-04
    Sparseness of H or S (non-zero elemnts in a row):
              Rank0..............285.3
              Averg..............323.1
    Memory usage for H and S [MiB]:
              Rank0..............1.113E+01
              Averg..............1.268E+01
              Total..............6.493E+03


----ASSEMBLING----============================================================
..........10..........20..........30..........40..........50done
Assembling time = 16 [s]



----SOLVING----===============================================================
EPS Object: 512 MPI processes
  type: krylovschur
    Krylov-Schur: 50% of basis vectors kept after restart
  problem type: generalized symmetric eigenvalue problem
  extraction type: Rayleigh-Ritz
  selected portion of the spectrum: smallest real parts
  number of eigenvalues (nev): 100
  number of column vectors (ncv): 300
  maximum dimension of projected problem (mpd): 300
  maximum number of iterations: 1500
  tolerance: 0.0001
  convergence test: relative to the eigenvalue
  estimates of matrix norms (constant): norm(A)=1, norm(B)=1
IP Object: 512 MPI processes
  type: bilinear
  orthogonalization method: classical Gram-Schmidt
  orthogonalization refinement: if needed (eta: 0.7071)
  Matrix Object:   512 MPI processes
    type: mpiaij
    rows=658503, cols=658503
    total: nonzeros=212776173, allocated nonzeros=212776173
    total number of mallocs used during MatSetValues calls =0
      not using I-node (on process 0) routines
DS Object: 512 MPI processes
  type: hep
  solving the problem with: Implicit QR method (_steqr)
ST Object: 512 MPI processes
  type: shift
  shift: 0
  matrices A and B have same nonzero pattern
  KSP Object:  (st_)   512 MPI processes
    type: cg
    maximum iterations=10000
    using preconditioner applied to right hand side for initial guess
    tolerances:  relative=1e-05, absolute=1e-50, divergence=10000
    left preconditioning
    using nonzero initial guess
    using PRECONDITIONED norm type for convergence test
  PC Object:  (st_)   512 MPI processes
    type: asm
      Additive Schwarz: total subdomain blocks = 512, amount of overlap = 1
      Additive Schwarz: restriction/interpolation type - RESTRICT
      Local solve is same for all blocks, in the following KSP and PC objects:
    KSP Object:    (st_sub_)     1 MPI processes
      type: preonly
      maximum iterations=10000, initial guess is zero
      tolerances:  relative=1e-05, absolute=1e-50, divergence=10000
      left preconditioning
      using DEFAULT norm type for convergence test
    PC Object:    (st_sub_)     1 MPI processes
      type: icc
        0 levels of fill
        tolerance for zero pivot 2.22045e-14
        using Manteuffel shift
        matrix ordering: natural
      linear system matrix = precond matrix:
      Matrix Object:       1 MPI processes
        type: seqaij
        rows=3909, cols=3909
        total: nonzeros=952515, allocated nonzeros=952515
        total number of mallocs used during MatSetValues calls =0
          not using I-node routines
    linear system matrix = precond matrix:
    Matrix Object:     512 MPI processes
      type: mpiaij
      rows=658503, cols=658503
      total: nonzeros=212776173, allocated nonzeros=212776173
      total number of mallocs used during MatSetValues calls =0
        not using I-node (on process 0) routines


  1 EPS nconv=15 first unconverged value (error) -18.557 (5.12386499e-02)
  2 EPS nconv=26 first unconverged value (error) -17.5958 (3.15774581e-03)
  3 EPS nconv=34 first unconverged value (error) -17.1056 (3.29968982e-03)
  4 EPS nconv=48 first unconverged value (error) -16.5938 (5.62716569e-03)
  5 EPS nconv=92 first unconverged value (error) -14.7414 (4.72618941e-03)
  6 EPS nconv=98 first unconverged value (error) -14.624 (1.01440374e-03)
  7 EPS nconv=120 first unconverged value (error) -13.9848 (2.53532037e-04)

--------------------------------------------------------------
    Number of iterations of the method.............7
    Number of linear iterations of the method......5225
    Solution method................................krylovschur
    Number of requested eigenvalues................100
    Stopping condition: eps_tol....................1.000000E-04
    Stopping condition: eps_max_it.................1500
--------------------------------------------------------------


             EIGENVALUES            ERROR
====================================================
    0    -2.0323190979E+01     2.6088451753E-08
    1    -1.9740626144E+01     3.4223044967E-08
    2    -1.9740311827E+01     4.4236805570E-08
    3    -1.9740309869E+01     3.5126252491E-08
    4    -1.9242671644E+01     3.8597517621E-08
    5    -1.9227803624E+01     5.1675847086E-08
    6    -1.9227798776E+01     2.1664334671E-08
    7    -1.9167436046E+01     4.4820927883E-08
    8    -1.9167134824E+01     3.9779871790E-08
    9    -1.9167132707E+01     3.0650816234E-08
   10    -1.8665586612E+01     4.1243377300E-08
   11    -1.8664101750E+01     1.0084740655E-07
   12    -1.8664101204E+01     2.9887886546E-08
   13    -1.8655318848E+01     3.7046889337E-08
   14    -1.8655318406E+01     4.7259436616E-08
   15    -1.8653844602E+01     3.2002467345E-07
   16    -1.8603203080E+01     4.0651622758E-08
   17    -1.8169727054E+01     4.1237156473E-08
   18    -1.8154870175E+01     6.6175632334E-08
   19    -1.8154868647E+01     3.3526139633E-08
   20    -1.8097625485E+01     3.4266574417E-08
   21    -1.8094933800E+01     3.5618668700E-08
   22    -1.8094931673E+01     3.5442958771E-08
   23    -1.7637363120E+01     5.9253366113E-08
   24    -1.7635818605E+01     4.9936458665E-08
   25    -1.7635818571E+01     9.9674169587E-08
   26    -1.7597461864E+01     9.0948168741E-08
   27    -1.7594930380E+01     6.9497433240E-08
   28    -1.7594928548E+01     6.9818799616E-08
   29    -1.7511842001E+01     2.6198636880E-08
   30    -1.7507806377E+01     3.4862986789E-08
   31    -1.7507805366E+01     2.7668423020E-08
   32    -1.7112600117E+01     7.3979611063E-08
   33    -1.7111861221E+01     4.9512546106E-08
   34    -1.7111860843E+01     8.1792842526E-08
   35    -1.7102504779E+01     6.2951527013E-08
   36    -1.7091902054E+01     7.7231289048E-08
   37    -1.7091901165E+01     7.7734160885E-08
   38    -1.7090850379E+01     1.3332499438E-07
   39    -1.6980894388E+01     2.7661186520E-08
   40    -1.6978742183E+01     3.1182485027E-08
   41    -1.6978741566E+01     3.7660228602E-08
   42    -1.6967050658E+01     5.1268964253E-08
   43    -1.6967049666E+01     2.4614513394E-08
   44    -1.6965226392E+01     4.0021197292E-08
   45    -1.6604195886E+01     4.3136385831E-08
   46    -1.6597485056E+01     6.1648880752E-08
   47    -1.6597484097E+01     6.4095967883E-08
   48    -1.6596190638E+01     7.4145381859E-08
   49    -1.6577470216E+01     4.7857698501E-08
   50    -1.6577468538E+01     4.8776052834E-08
   51    -1.6570951352E+01     3.0922249701E-08
   52    -1.6564604187E+01     3.8648442415E-08
   53    -1.6564603786E+01     7.8350606904E-08
   54    -1.6480660980E+01     2.7575115502E-08
   55    -1.6472964961E+01     3.1316283019E-08
   56    -1.6472963742E+01     3.5444080146E-08
   57    -1.6456751361E+01     5.5931505138E-08
   58    -1.6438615790E+01     3.1444762480E-08
   59    -1.6438615393E+01     3.0301433524E-08
   60    -1.6437902802E+01     2.4991351264E-08
   61    -1.6437902429E+01     2.8671504389E-08
   62    -1.6429476562E+01     4.2803914355E-08
   63    -1.6081790104E+01     5.9035172764E-08
   64    -1.6072321631E+01     3.4498518050E-08
   65    -1.6072320249E+01     4.9261759180E-08
   66    -1.6052256365E+01     5.8139785645E-08
   67    -1.6052255797E+01     5.9015522205E-08
   68    -1.6037698418E+01     4.1695185166E-08
   69    -1.5956387278E+01     9.6204486210E-08
   70    -1.5943471111E+01     7.0350255675E-08
   71    -1.5943470284E+01     7.8315919253E-08
   72    -1.5909561409E+01     3.7183768269E-08
   73    -1.5909560315E+01     5.2516509576E-08
   74    -1.5901347392E+01     3.5934096933E-08
   75    -1.5582008644E+01     4.5900555874E-08
   76    -1.5539876835E+01     4.2093987707E-08
   77    -1.5539875468E+01     4.7302688751E-08
   78    -1.5449754532E+01     3.6670946749E-08
   79    -1.5400130685E+01     3.6744330712E-08
   80    -1.5400130062E+01     5.3455700228E-08
   81    -1.5247280723E+01     5.8759987757E-08
   82    -1.5245785736E+01     3.9411413955E-08
   83    -1.5245785121E+01     5.1331174787E-07
   84    -1.5116338560E+01     6.3480795078E-08
   85    -1.5114101432E+01     3.6719035827E-08
   86    -1.5114099810E+01     3.4626757279E-07
   87    -1.5112363816E+01     3.0245987963E-07
   88    -1.5112363070E+01     5.0972727078E-08
   89    -1.5110179619E+01     6.0499807533E-08
   90    -1.4983367413E+01     4.6819520932E-08
   91    -1.4978895223E+01     3.7785604065E-07
   92    -1.4978892688E+01     3.0579314274E-07
   93    -1.4771903725E+01     8.1474007806E-08
   94    -1.4740999788E+01     5.2876736776E-08
   95    -1.4740999145E+01     9.0874273694E-08
   96    -1.4634521182E+01     8.1479802798E-08
   97    -1.4624513178E+01     5.7166232464E-08
   98    -1.4624512274E+01     7.2547740359E-08
   99    -1.4608678160E+01     2.9912006405E-08
  100    -1.4608677152E+01     3.6402482435E-08
  101    -1.4598128843E+01     6.4240567424E-08
  102    -1.4553758289E+01     3.8084668630E-08
  103    -1.4550840610E+01     5.5974201720E-08
  104    -1.4550838564E+01     3.8099813052E-08
  105    -1.4495160891E+01     5.8422991783E-08
  106    -1.4475588369E+01     5.7456385985E-08
  107    -1.4475587460E+01     4.6919234382E-08
  108    -1.4258795952E+01     5.9250041335E-08
  109    -1.4224335195E+01     6.7693195689E-08
  110    -1.4224334292E+01     1.4068108606E-07
  111    -1.4129598390E+01     8.5947403779E-08
  112    -1.4114397621E+01     3.9121082880E-08
  113    -1.4114397060E+01     2.8976654111E-08
  114    -1.4080851679E+01     5.4276105316E-08
  115    -1.4080851118E+01     6.6768786214E-08
  116    -1.4066062536E+01     5.3561099905E-08
  117    -1.3999852764E+01     9.5571969701E-08
  118    -1.3986246389E+01     6.1915598395E-08
  119    -1.3984781134E+01     6.1800507982E-07


 TOTAL TIME = 552 [s]
