===============================================================================
 RRRRR  SSSSS  H   H  RRRRR    Zbigniew ROMANOWSKI                             
 R   R  S      H   H  R   R                                                    
 RRRRR  SSSSS  HHHHH  RRRRR    version: 5.4                                    
 R  R       S  H   H  R  R                                                     
 R   R  SSSSS  H   H  R   R    compilation date: Dec  8 2012 (20:50:40)                       
===============================================================================

PEs = 32

----INITIALIZATION----========================================================
DOMAIN:
    BsplDeg = 3, CubatOrder = 5, CubatNodeNo = 125
    h = 3.333333E-01
    Nx = 135,    Ny = 135,   Nz = 135
    X0 = -2.000000E+01,    Xmax = 2.500000E+01
    Y0 = -2.000000E+01,    Ymax = 2.500000E+01
    Z0 = -2.000000E+01,    Zmax = 2.500000E+01

NUMBER OF 'ATOMS' = 125
    Soft-r^4(d,a)=(-2.00, 0.10) at (x,y,z) = ( 0.00, 0.00, 0.00)
    Soft-r^4(d,a)=(-2.00, 0.10) at (x,y,z) = ( 0.00, 0.00, 1.30)
    Soft-r^4(d,a)=(-2.00, 0.10) at (x,y,z) = ( 0.00, 0.00, 2.60)
    Soft-r^4(d,a)=(-2.00, 0.10) at (x,y,z) = ( 0.00, 0.00, 3.90)
    Soft-r^4(d,a)=(-2.00, 0.10) at (x,y,z) = ( 0.00, 0.00, 5.20)
    Soft-r^4(d,a)=(-2.00, 0.10) at (x,y,z) = ( 0.00, 1.30, 0.00)
    Soft-r^4(d,a)=(-2.00, 0.10) at (x,y,z) = ( 0.00, 1.30, 1.30)
    Soft-r^4(d,a)=(-2.00, 0.10) at (x,y,z) = ( 0.00, 1.30, 2.60)
    Soft-r^4(d,a)=(-2.00, 0.10) at (x,y,z) = ( 0.00, 1.30, 3.90)
    Soft-r^4(d,a)=(-2.00, 0.10) at (x,y,z) = ( 0.00, 1.30, 5.20)
    Soft-r^4(d,a)=(-2.00, 0.10) at (x,y,z) = ( 0.00, 2.60, 0.00)
    Soft-r^4(d,a)=(-2.00, 0.10) at (x,y,z) = ( 0.00, 2.60, 1.30)
    Soft-r^4(d,a)=(-2.00, 0.10) at (x,y,z) = ( 0.00, 2.60, 2.60)
    Soft-r^4(d,a)=(-2.00, 0.10) at (x,y,z) = ( 0.00, 2.60, 3.90)
    Soft-r^4(d,a)=(-2.00, 0.10) at (x,y,z) = ( 0.00, 2.60, 5.20)
    Soft-r^4(d,a)=(-2.00, 0.10) at (x,y,z) = ( 0.00, 3.90, 0.00)
    Soft-r^4(d,a)=(-2.00, 0.10) at (x,y,z) = ( 0.00, 3.90, 1.30)
    Soft-r^4(d,a)=(-2.00, 0.10) at (x,y,z) = ( 0.00, 3.90, 2.60)
    Soft-r^4(d,a)=(-2.00, 0.10) at (x,y,z) = ( 0.00, 3.90, 3.90)
    Soft-r^4(d,a)=(-2.00, 0.10) at (x,y,z) = ( 0.00, 3.90, 5.20)
    Soft-r^4(d,a)=(-2.00, 0.10) at (x,y,z) = ( 0.00, 5.20, 0.00)
    Soft-r^4(d,a)=(-2.00, 0.10) at (x,y,z) = ( 0.00, 5.20, 1.30)
    Soft-r^4(d,a)=(-2.00, 0.10) at (x,y,z) = ( 0.00, 5.20, 2.60)
    Soft-r^4(d,a)=(-2.00, 0.10) at (x,y,z) = ( 0.00, 5.20, 3.90)
    Soft-r^4(d,a)=(-2.00, 0.10) at (x,y,z) = ( 0.00, 5.20, 5.20)
    Soft-r^4(d,a)=(-2.00, 0.10) at (x,y,z) = ( 1.30, 0.00, 0.00)
    Soft-r^4(d,a)=(-2.00, 0.10) at (x,y,z) = ( 1.30, 0.00, 1.30)
    Soft-r^4(d,a)=(-2.00, 0.10) at (x,y,z) = ( 1.30, 0.00, 2.60)
    Soft-r^4(d,a)=(-2.00, 0.10) at (x,y,z) = ( 1.30, 0.00, 3.90)
    Soft-r^4(d,a)=(-2.00, 0.10) at (x,y,z) = ( 1.30, 0.00, 5.20)
    Soft-r^4(d,a)=(-2.00, 0.10) at (x,y,z) = ( 1.30, 1.30, 0.00)
    Soft-r^4(d,a)=(-2.00, 0.10) at (x,y,z) = ( 1.30, 1.30, 1.30)
    Soft-r^4(d,a)=(-2.00, 0.10) at (x,y,z) = ( 1.30, 1.30, 2.60)
    Soft-r^4(d,a)=(-2.00, 0.10) at (x,y,z) = ( 1.30, 1.30, 3.90)
    Soft-r^4(d,a)=(-2.00, 0.10) at (x,y,z) = ( 1.30, 1.30, 5.20)
    Soft-r^4(d,a)=(-2.00, 0.10) at (x,y,z) = ( 1.30, 2.60, 0.00)
    Soft-r^4(d,a)=(-2.00, 0.10) at (x,y,z) = ( 1.30, 2.60, 1.30)
    Soft-r^4(d,a)=(-2.00, 0.10) at (x,y,z) = ( 1.30, 2.60, 2.60)
    Soft-r^4(d,a)=(-2.00, 0.10) at (x,y,z) = ( 1.30, 2.60, 3.90)
    Soft-r^4(d,a)=(-2.00, 0.10) at (x,y,z) = ( 1.30, 2.60, 5.20)
    Soft-r^4(d,a)=(-2.00, 0.10) at (x,y,z) = ( 1.30, 3.90, 0.00)
    Soft-r^4(d,a)=(-2.00, 0.10) at (x,y,z) = ( 1.30, 3.90, 1.30)
    Soft-r^4(d,a)=(-2.00, 0.10) at (x,y,z) = ( 1.30, 3.90, 2.60)
    Soft-r^4(d,a)=(-2.00, 0.10) at (x,y,z) = ( 1.30, 3.90, 3.90)
    Soft-r^4(d,a)=(-2.00, 0.10) at (x,y,z) = ( 1.30, 3.90, 5.20)
    Soft-r^4(d,a)=(-2.00, 0.10) at (x,y,z) = ( 1.30, 5.20, 0.00)
    Soft-r^4(d,a)=(-2.00, 0.10) at (x,y,z) = ( 1.30, 5.20, 1.30)
    Soft-r^4(d,a)=(-2.00, 0.10) at (x,y,z) = ( 1.30, 5.20, 2.60)
    Soft-r^4(d,a)=(-2.00, 0.10) at (x,y,z) = ( 1.30, 5.20, 3.90)
    Soft-r^4(d,a)=(-2.00, 0.10) at (x,y,z) = ( 1.30, 5.20, 5.20)
    Soft-r^4(d,a)=(-2.00, 0.10) at (x,y,z) = ( 2.60, 0.00, 0.00)
    Soft-r^4(d,a)=(-2.00, 0.10) at (x,y,z) = ( 2.60, 0.00, 1.30)
    Soft-r^4(d,a)=(-2.00, 0.10) at (x,y,z) = ( 2.60, 0.00, 2.60)
    Soft-r^4(d,a)=(-2.00, 0.10) at (x,y,z) = ( 2.60, 0.00, 3.90)
    Soft-r^4(d,a)=(-2.00, 0.10) at (x,y,z) = ( 2.60, 0.00, 5.20)
    Soft-r^4(d,a)=(-2.00, 0.10) at (x,y,z) = ( 2.60, 1.30, 0.00)
    Soft-r^4(d,a)=(-2.00, 0.10) at (x,y,z) = ( 2.60, 1.30, 1.30)
    Soft-r^4(d,a)=(-2.00, 0.10) at (x,y,z) = ( 2.60, 1.30, 2.60)
    Soft-r^4(d,a)=(-2.00, 0.10) at (x,y,z) = ( 2.60, 1.30, 3.90)
    Soft-r^4(d,a)=(-2.00, 0.10) at (x,y,z) = ( 2.60, 1.30, 5.20)
    Soft-r^4(d,a)=(-2.00, 0.10) at (x,y,z) = ( 2.60, 2.60, 0.00)
    Soft-r^4(d,a)=(-2.00, 0.10) at (x,y,z) = ( 2.60, 2.60, 1.30)
    Soft-r^4(d,a)=(-2.00, 0.10) at (x,y,z) = ( 2.60, 2.60, 2.60)
    Soft-r^4(d,a)=(-2.00, 0.10) at (x,y,z) = ( 2.60, 2.60, 3.90)
    Soft-r^4(d,a)=(-2.00, 0.10) at (x,y,z) = ( 2.60, 2.60, 5.20)
    Soft-r^4(d,a)=(-2.00, 0.10) at (x,y,z) = ( 2.60, 3.90, 0.00)
    Soft-r^4(d,a)=(-2.00, 0.10) at (x,y,z) = ( 2.60, 3.90, 1.30)
    Soft-r^4(d,a)=(-2.00, 0.10) at (x,y,z) = ( 2.60, 3.90, 2.60)
    Soft-r^4(d,a)=(-2.00, 0.10) at (x,y,z) = ( 2.60, 3.90, 3.90)
    Soft-r^4(d,a)=(-2.00, 0.10) at (x,y,z) = ( 2.60, 3.90, 5.20)
    Soft-r^4(d,a)=(-2.00, 0.10) at (x,y,z) = ( 2.60, 5.20, 0.00)
    Soft-r^4(d,a)=(-2.00, 0.10) at (x,y,z) = ( 2.60, 5.20, 1.30)
    Soft-r^4(d,a)=(-2.00, 0.10) at (x,y,z) = ( 2.60, 5.20, 2.60)
    Soft-r^4(d,a)=(-2.00, 0.10) at (x,y,z) = ( 2.60, 5.20, 3.90)
    Soft-r^4(d,a)=(-2.00, 0.10) at (x,y,z) = ( 2.60, 5.20, 5.20)
    Soft-r^4(d,a)=(-2.00, 0.10) at (x,y,z) = ( 3.90, 0.00, 0.00)
    Soft-r^4(d,a)=(-2.00, 0.10) at (x,y,z) = ( 3.90, 0.00, 1.30)
    Soft-r^4(d,a)=(-2.00, 0.10) at (x,y,z) = ( 3.90, 0.00, 2.60)
    Soft-r^4(d,a)=(-2.00, 0.10) at (x,y,z) = ( 3.90, 0.00, 3.90)
    Soft-r^4(d,a)=(-2.00, 0.10) at (x,y,z) = ( 3.90, 0.00, 5.20)
    Soft-r^4(d,a)=(-2.00, 0.10) at (x,y,z) = ( 3.90, 1.30, 0.00)
    Soft-r^4(d,a)=(-2.00, 0.10) at (x,y,z) = ( 3.90, 1.30, 1.30)
    Soft-r^4(d,a)=(-2.00, 0.10) at (x,y,z) = ( 3.90, 1.30, 2.60)
    Soft-r^4(d,a)=(-2.00, 0.10) at (x,y,z) = ( 3.90, 1.30, 3.90)
    Soft-r^4(d,a)=(-2.00, 0.10) at (x,y,z) = ( 3.90, 1.30, 5.20)
    Soft-r^4(d,a)=(-2.00, 0.10) at (x,y,z) = ( 3.90, 2.60, 0.00)
    Soft-r^4(d,a)=(-2.00, 0.10) at (x,y,z) = ( 3.90, 2.60, 1.30)
    Soft-r^4(d,a)=(-2.00, 0.10) at (x,y,z) = ( 3.90, 2.60, 2.60)
    Soft-r^4(d,a)=(-2.00, 0.10) at (x,y,z) = ( 3.90, 2.60, 3.90)
    Soft-r^4(d,a)=(-2.00, 0.10) at (x,y,z) = ( 3.90, 2.60, 5.20)
    Soft-r^4(d,a)=(-2.00, 0.10) at (x,y,z) = ( 3.90, 3.90, 0.00)
    Soft-r^4(d,a)=(-2.00, 0.10) at (x,y,z) = ( 3.90, 3.90, 1.30)
    Soft-r^4(d,a)=(-2.00, 0.10) at (x,y,z) = ( 3.90, 3.90, 2.60)
    Soft-r^4(d,a)=(-2.00, 0.10) at (x,y,z) = ( 3.90, 3.90, 3.90)
    Soft-r^4(d,a)=(-2.00, 0.10) at (x,y,z) = ( 3.90, 3.90, 5.20)
    Soft-r^4(d,a)=(-2.00, 0.10) at (x,y,z) = ( 3.90, 5.20, 0.00)
    Soft-r^4(d,a)=(-2.00, 0.10) at (x,y,z) = ( 3.90, 5.20, 1.30)
    Soft-r^4(d,a)=(-2.00, 0.10) at (x,y,z) = ( 3.90, 5.20, 2.60)
    Soft-r^4(d,a)=(-2.00, 0.10) at (x,y,z) = ( 3.90, 5.20, 3.90)
    Soft-r^4(d,a)=(-2.00, 0.10) at (x,y,z) = ( 3.90, 5.20, 5.20)
    Soft-r^4(d,a)=(-2.00, 0.10) at (x,y,z) = ( 5.20, 0.00, 0.00)
    Soft-r^4(d,a)=(-2.00, 0.10) at (x,y,z) = ( 5.20, 0.00, 1.30)
    Soft-r^4(d,a)=(-2.00, 0.10) at (x,y,z) = ( 5.20, 0.00, 2.60)
    Soft-r^4(d,a)=(-2.00, 0.10) at (x,y,z) = ( 5.20, 0.00, 3.90)
    Soft-r^4(d,a)=(-2.00, 0.10) at (x,y,z) = ( 5.20, 0.00, 5.20)
    Soft-r^4(d,a)=(-2.00, 0.10) at (x,y,z) = ( 5.20, 1.30, 0.00)
    Soft-r^4(d,a)=(-2.00, 0.10) at (x,y,z) = ( 5.20, 1.30, 1.30)
    Soft-r^4(d,a)=(-2.00, 0.10) at (x,y,z) = ( 5.20, 1.30, 2.60)
    Soft-r^4(d,a)=(-2.00, 0.10) at (x,y,z) = ( 5.20, 1.30, 3.90)
    Soft-r^4(d,a)=(-2.00, 0.10) at (x,y,z) = ( 5.20, 1.30, 5.20)
    Soft-r^4(d,a)=(-2.00, 0.10) at (x,y,z) = ( 5.20, 2.60, 0.00)
    Soft-r^4(d,a)=(-2.00, 0.10) at (x,y,z) = ( 5.20, 2.60, 1.30)
    Soft-r^4(d,a)=(-2.00, 0.10) at (x,y,z) = ( 5.20, 2.60, 2.60)
    Soft-r^4(d,a)=(-2.00, 0.10) at (x,y,z) = ( 5.20, 2.60, 3.90)
    Soft-r^4(d,a)=(-2.00, 0.10) at (x,y,z) = ( 5.20, 2.60, 5.20)
    Soft-r^4(d,a)=(-2.00, 0.10) at (x,y,z) = ( 5.20, 3.90, 0.00)
    Soft-r^4(d,a)=(-2.00, 0.10) at (x,y,z) = ( 5.20, 3.90, 1.30)
    Soft-r^4(d,a)=(-2.00, 0.10) at (x,y,z) = ( 5.20, 3.90, 2.60)
    Soft-r^4(d,a)=(-2.00, 0.10) at (x,y,z) = ( 5.20, 3.90, 3.90)
    Soft-r^4(d,a)=(-2.00, 0.10) at (x,y,z) = ( 5.20, 3.90, 5.20)
    Soft-r^4(d,a)=(-2.00, 0.10) at (x,y,z) = ( 5.20, 5.20, 0.00)
    Soft-r^4(d,a)=(-2.00, 0.10) at (x,y,z) = ( 5.20, 5.20, 1.30)
    Soft-r^4(d,a)=(-2.00, 0.10) at (x,y,z) = ( 5.20, 5.20, 2.60)
    Soft-r^4(d,a)=(-2.00, 0.10) at (x,y,z) = ( 5.20, 5.20, 3.90)
    Soft-r^4(d,a)=(-2.00, 0.10) at (x,y,z) = ( 5.20, 5.20, 5.20)


----GRAPH-CREATION-and-PARTITIONING----=======================================
      Setup: Max:  11.782, Sum: 377.011, Balance:   1.000
   Matching: Max:   7.244, Sum: 231.796, Balance:   1.000
Contraction: Max:   5.916, Sum: 189.302, Balance:   1.000
   InitPart: Max:   0.050, Sum:   1.589, Balance:   1.000
    Project: Max:   0.004, Sum:   0.141, Balance:   1.018
 Initialize: Max:   3.243, Sum: 103.780, Balance:   1.000
      K-way: Max:   7.935, Sum: 253.905, Balance:   1.000
      Remap: Max:   0.002, Sum:   0.055, Balance:   1.000
      Total: Max:  36.175, Sum: 1157.602, Balance:   1.000
Final  32-way Cut: 31707953 	Balance: 1.049 

    Number of nodes:
         Rank0.........7.439E+04
         Averg.........7.187E+04
         Total.........2.300E+06
    Number of edges:
         Rank0.........2.371E+07
         Averg.........2.363E+07
         Total.........7.563E+08
    Memory usage.[MB]:
         Rank0.........3.629E+02
         Averg.........3.617E+02
         Total.........1.157E+04


----MATRIX-ALLOCATION----=====================================================
    Dimension of matrix H or S:
              Rank0..............7.439E+04 (74386)
              Averg..............7.187E+04       
              Total..............2.300E+06 (2299968)
    Nonzero entries in H or S:
              Rank0..............2.378E+07 (23783614)
              Averg..............2.370E+07       
              Total..............7.586E+08 (758550528)
    Sparseness of H or S (fraction):
              Rank0..............1.390E-04
              Averg..............1.434E-04
    Sparseness of H or S (non-zero elemnts in a row):
              Rank0..............319.7
              Averg..............329.8
    Memory usage for H and S [MiB]:
              Rank0..............7.258E+02
              Averg..............7.234E+02
              Total..............2.315E+04


----ASSEMBLING----============================================================
..........10..........20..........30..........40..........50done
Assembling time = 712 [s]



----SOLVING----===============================================================
EPS Object: 32 MPI processes
  type: krylovschur
    Krylov-Schur: 50% of basis vectors kept after restart
  problem type: generalized symmetric eigenvalue problem
  extraction type: Rayleigh-Ritz
  selected portion of the spectrum: smallest real parts
  number of eigenvalues (nev): 100
  number of column vectors (ncv): 300
  maximum dimension of projected problem (mpd): 300
  maximum number of iterations: 1500
  tolerance: 0.0001
  convergence test: relative to the eigenvalue
  estimates of matrix norms (constant): norm(A)=1, norm(B)=1
IP Object: 32 MPI processes
  type: bilinear
  orthogonalization method: classical Gram-Schmidt
  orthogonalization refinement: if needed (eta: 0.7071)
  Matrix Object:   32 MPI processes
    type: mpiaij
    rows=2299968, cols=2299968
    total: nonzeros=758550528, allocated nonzeros=758550528
    total number of mallocs used during MatSetValues calls =0
      not using I-node (on process 0) routines
DS Object: 32 MPI processes
  type: hep
  solving the problem with: Implicit QR method (_steqr)
ST Object: 32 MPI processes
  type: shift
  shift: 0
  matrices A and B have same nonzero pattern
  KSP Object:  (st_)   32 MPI processes
    type: cg
    maximum iterations=10000
    using preconditioner applied to right hand side for initial guess
    tolerances:  relative=1e-05, absolute=1e-50, divergence=10000
    left preconditioning
    using nonzero initial guess
    using PRECONDITIONED norm type for convergence test
  PC Object:  (st_)   32 MPI processes
    type: asm
      Additive Schwarz: total subdomain blocks = 32, amount of overlap = 1
      Additive Schwarz: restriction/interpolation type - RESTRICT
      Local solve is same for all blocks, in the following KSP and PC objects:
    KSP Object:    (st_sub_)     1 MPI processes
      type: preonly
      maximum iterations=10000, initial guess is zero
      tolerances:  relative=1e-05, absolute=1e-50, divergence=10000
      left preconditioning
      using DEFAULT norm type for convergence test
    PC Object:    (st_sub_)     1 MPI processes
      type: icc
        0 levels of fill
        tolerance for zero pivot 2.22045e-14
        using Manteuffel shift
        matrix ordering: natural
      linear system matrix = precond matrix:
      Matrix Object:       1 MPI processes
        type: seqaij
        rows=99108, cols=99108
        total: nonzeros=30137872, allocated nonzeros=30137872
        total number of mallocs used during MatSetValues calls =0
          not using I-node routines
    linear system matrix = precond matrix:
    Matrix Object:     32 MPI processes
      type: mpiaij
      rows=2299968, cols=2299968
      total: nonzeros=758550528, allocated nonzeros=758550528
      total number of mallocs used during MatSetValues calls =0
        not using I-node (on process 0) routines


  1 EPS nconv=5 first unconverged value (error) -19.3819 (1.85634053e-04)
  2 EPS nconv=16 first unconverged value (error) -18.3579 (1.56574442e-04)
  3 EPS nconv=28 first unconverged value (error) -17.6832 (6.51721095e-04)
  4 EPS nconv=38 first unconverged value (error) -17.1839 (5.52180244e-03)
  5 EPS nconv=38 first unconverged value (error) -17.2601 (1.99451631e-04)
  6 EPS nconv=46 first unconverged value (error) -16.7421 (1.39699206e-04)
  7 EPS nconv=50 first unconverged value (error) -16.7317 (3.78853402e-04)
  8 EPS nconv=86 first unconverged value (error) -15.2962 (5.61254151e-03)
  9 EPS nconv=98 first unconverged value (error) -14.8395 (1.79588954e-02)
 10 EPS nconv=113 first unconverged value (error) -14.3521 (3.85680944e-03)

--------------------------------------------------------------
    Number of iterations of the method.............10
    Number of linear iterations of the method......5796
    Solution method................................krylovschur
    Number of requested eigenvalues................100
    Stopping condition: eps_tol....................1.000000E-04
    Stopping condition: eps_max_it.................1500
--------------------------------------------------------------


             EIGENVALUES            ERROR
====================================================
    0    -2.0430445893E+01     3.1725362111E-08
    1    -1.9881819539E+01     3.2805862318E-08
    2    -1.9881811179E+01     1.4700507213E-07
    3    -1.9881810699E+01     1.5131381781E-07
    4    -1.9396076486E+01     2.9326193711E-08
    5    -1.9381855842E+01     3.3469731580E-08
    6    -1.9381844339E+01     4.0629738817E-08
    7    -1.9342542517E+01     3.3045329993E-08
    8    -1.9342533517E+01     3.3788435001E-08
    9    -1.9342528103E+01     3.7840394273E-08
   10    -1.8852858878E+01     5.7297506382E-08
   11    -1.8852851802E+01     9.4555893152E-08
   12    -1.8852850087E+01     4.3102540893E-08
   13    -1.8843610075E+01     3.5520150558E-08
   14    -1.8843607367E+01     9.3720118809E-08
   15    -1.8843596428E+01     1.0361672784E-07
   16    -1.8812147236E+01     3.5292510107E-08
   17    -1.8372011341E+01     3.3313599125E-08
   18    -1.8357920990E+01     3.2723681581E-08
   19    -1.8357910343E+01     4.5963803452E-08
   20    -1.8318666105E+01     3.9712299757E-08
   21    -1.8318657398E+01     3.5210830304E-08
   22    -1.8318645425E+01     4.4997294448E-08
   23    -1.7833412784E+01     3.6402535074E-08
   24    -1.7833395919E+01     1.4619699100E-07
   25    -1.7833394177E+01     6.0117884450E-08
   26    -1.7748481212E+01     1.8167972828E-07
   27    -1.7748474940E+01     4.2511683267E-07
   28    -1.7748473633E+01     5.7125635860E-08
   29    -1.7688766537E+01     3.8898873189E-08
   30    -1.7683180685E+01     5.0323363456E-08
   31    -1.7683174385E+01     7.2948390842E-08
   32    -1.7355632097E+01     4.1624150995E-08
   33    -1.7260097187E+01     3.1170208069E-07
   34    -1.7260087921E+01     5.0132388139E-07
   35    -1.7260084231E+01     4.7145380011E-08
   36    -1.7228171514E+01     5.1127380169E-07
   37    -1.7228169262E+01     3.0717093733E-08
   38    -1.7228159456E+01     5.4549756271E-07
   39    -1.7184918102E+01     2.5518136054E-07
   40    -1.7184910884E+01     6.1561714847E-08
   41    -1.7184907572E+01     5.1072176195E-08
   42    -1.7181233712E+01     4.1382371968E-08
   43    -1.7181229659E+01     5.2169128005E-08
   44    -1.7181221643E+01     4.7719418190E-08
   45    -1.6778960437E+01     5.3208155534E-08
   46    -1.6742062468E+01     5.5206866087E-08
   47    -1.6742052482E+01     4.7854003624E-08
   48    -1.6742044949E+01     3.7777644500E-07
   49    -1.6733880886E+01     8.6056174253E-07
   50    -1.6733876394E+01     5.3386583275E-08
   51    -1.6733868780E+01     6.2761648328E-07
   52    -1.6731621982E+01     7.9493608714E-08
   53    -1.6731617633E+01     8.3737379014E-08
   54    -1.6716220475E+01     4.4802534911E-08
   55    -1.6707724312E+01     9.2484034979E-08
   56    -1.6707717054E+01     7.6537926010E-08
   57    -1.6688553971E+01     8.9053282700E-08
   58    -1.6688549918E+01     1.2226442669E-07
   59    -1.6688547752E+01     1.3683969744E-07
   60    -1.6653637153E+01     3.6624691227E-08
   61    -1.6653632684E+01     5.5224386230E-08
   62    -1.6644897854E+01     4.6820293333E-08
   63    -1.6256712566E+01     6.9887968973E-08
   64    -1.6256700056E+01     9.4929584619E-08
   65    -1.6256695393E+01     1.5846972415E-07
   66    -1.6228057984E+01     2.1322199104E-07
   67    -1.6228051432E+01     7.3668332117E-08
   68    -1.6228018249E+01     5.2922042784E-08
   69    -1.6217071341E+01     6.6010601896E-08
   70    -1.6217043024E+01     1.9035950874E-07
   71    -1.6217039762E+01     9.5260943887E-08
   72    -1.6156648038E+01     4.0513864520E-08
   73    -1.6156644348E+01     3.8805541723E-08
   74    -1.6156636785E+01     6.8755204718E-08
   75    -1.5747934752E+01     4.9078665843E-08
   76    -1.5744708941E+01     1.3010480972E-07
   77    -1.5744705818E+01     9.9780183550E-08
   78    -1.5744378182E+01     9.0391385459E-08
   79    -1.5664271232E+01     5.1633419255E-08
   80    -1.5664268175E+01     7.4005556711E-08
   81    -1.5364094043E+01     4.1012142252E-08
   82    -1.5364092028E+01     2.2781324908E-07
   83    -1.5364089149E+01     5.3668750857E-08
   84    -1.5299966523E+01     2.4890281884E-07
   85    -1.5299964199E+01     4.3056086450E-08
   86    -1.5299953888E+01     8.9896872418E-08
   87    -1.5295884351E+01     5.8575372173E-08
   88    -1.5295880874E+01     4.7343440436E-08
   89    -1.5295866905E+01     5.8283765983E-08
   90    -1.5238189173E+01     4.0157369285E-08
   91    -1.5232078829E+01     5.8699820165E-08
   92    -1.5232074765E+01     4.7191449260E-08
   93    -1.4927732414E+01     5.0717101174E-08
   94    -1.4880329576E+01     9.8545165507E-08
   95    -1.4880326972E+01     1.3271277939E-07
   96    -1.4848118362E+01     2.8074791679E-07
   97    -1.4848096225E+01     4.0503251923E-08
   98    -1.4848095173E+01     2.6995441736E-07
   99    -1.4815295658E+01     5.9784004627E-08
  100    -1.4815292736E+01     8.1124759933E-08
  101    -1.4815269211E+01     4.6246840342E-08
  102    -1.4769588644E+01     2.4805677491E-07
  103    -1.4769582537E+01     9.3071212861E-08
  104    -1.4769577122E+01     2.3743831478E-07
  105    -1.4749233560E+01     6.8737025700E-08
  106    -1.4749228359E+01     5.0062044796E-08
  107    -1.4749221875E+01     6.9449568174E-08
  108    -1.4384786949E+01     1.0251227547E-07
  109    -1.4384762589E+01     1.0844132729E-06
  110    -1.4384757231E+01     1.5771144430E-07
  111    -1.4352349165E+01     3.1158912369E-07
  112    -1.4352300011E+01     2.8523578438E-07


 TOTAL TIME = 15790 [s]
