===============================================================================
 RRRRR  SSSSS  H   H  RRRRR    Zbigniew ROMANOWSKI                             
 R   R  S      H   H  R   R                                                    
 RRRRR  SSSSS  HHHHH  RRRRR    version: 5.4                                    
 R  R       S  H   H  R  R                                                     
 R   R  SSSSS  H   H  R   R    compilation date: Dec  8 2012 (20:50:40)                       
===============================================================================

PEs = 2048

----INITIALIZATION----========================================================
DOMAIN:
    BsplDeg = 3, CubatOrder = 5, CubatNodeNo = 125
    h = 3.333333E-01
    Nx = 135,    Ny = 135,   Nz = 135
    X0 = -2.000000E+01,    Xmax = 2.500000E+01
    Y0 = -2.000000E+01,    Ymax = 2.500000E+01
    Z0 = -2.000000E+01,    Zmax = 2.500000E+01

NUMBER OF 'ATOMS' = 125
    Soft-r^4(d,a)=(-2.00, 0.10) at (x,y,z) = ( 0.00, 0.00, 0.00)
    Soft-r^4(d,a)=(-2.00, 0.10) at (x,y,z) = ( 0.00, 0.00, 1.30)
    Soft-r^4(d,a)=(-2.00, 0.10) at (x,y,z) = ( 0.00, 0.00, 2.60)
    Soft-r^4(d,a)=(-2.00, 0.10) at (x,y,z) = ( 0.00, 0.00, 3.90)
    Soft-r^4(d,a)=(-2.00, 0.10) at (x,y,z) = ( 0.00, 0.00, 5.20)
    Soft-r^4(d,a)=(-2.00, 0.10) at (x,y,z) = ( 0.00, 1.30, 0.00)
    Soft-r^4(d,a)=(-2.00, 0.10) at (x,y,z) = ( 0.00, 1.30, 1.30)
    Soft-r^4(d,a)=(-2.00, 0.10) at (x,y,z) = ( 0.00, 1.30, 2.60)
    Soft-r^4(d,a)=(-2.00, 0.10) at (x,y,z) = ( 0.00, 1.30, 3.90)
    Soft-r^4(d,a)=(-2.00, 0.10) at (x,y,z) = ( 0.00, 1.30, 5.20)
    Soft-r^4(d,a)=(-2.00, 0.10) at (x,y,z) = ( 0.00, 2.60, 0.00)
    Soft-r^4(d,a)=(-2.00, 0.10) at (x,y,z) = ( 0.00, 2.60, 1.30)
    Soft-r^4(d,a)=(-2.00, 0.10) at (x,y,z) = ( 0.00, 2.60, 2.60)
    Soft-r^4(d,a)=(-2.00, 0.10) at (x,y,z) = ( 0.00, 2.60, 3.90)
    Soft-r^4(d,a)=(-2.00, 0.10) at (x,y,z) = ( 0.00, 2.60, 5.20)
    Soft-r^4(d,a)=(-2.00, 0.10) at (x,y,z) = ( 0.00, 3.90, 0.00)
    Soft-r^4(d,a)=(-2.00, 0.10) at (x,y,z) = ( 0.00, 3.90, 1.30)
    Soft-r^4(d,a)=(-2.00, 0.10) at (x,y,z) = ( 0.00, 3.90, 2.60)
    Soft-r^4(d,a)=(-2.00, 0.10) at (x,y,z) = ( 0.00, 3.90, 3.90)
    Soft-r^4(d,a)=(-2.00, 0.10) at (x,y,z) = ( 0.00, 3.90, 5.20)
    Soft-r^4(d,a)=(-2.00, 0.10) at (x,y,z) = ( 0.00, 5.20, 0.00)
    Soft-r^4(d,a)=(-2.00, 0.10) at (x,y,z) = ( 0.00, 5.20, 1.30)
    Soft-r^4(d,a)=(-2.00, 0.10) at (x,y,z) = ( 0.00, 5.20, 2.60)
    Soft-r^4(d,a)=(-2.00, 0.10) at (x,y,z) = ( 0.00, 5.20, 3.90)
    Soft-r^4(d,a)=(-2.00, 0.10) at (x,y,z) = ( 0.00, 5.20, 5.20)
    Soft-r^4(d,a)=(-2.00, 0.10) at (x,y,z) = ( 1.30, 0.00, 0.00)
    Soft-r^4(d,a)=(-2.00, 0.10) at (x,y,z) = ( 1.30, 0.00, 1.30)
    Soft-r^4(d,a)=(-2.00, 0.10) at (x,y,z) = ( 1.30, 0.00, 2.60)
    Soft-r^4(d,a)=(-2.00, 0.10) at (x,y,z) = ( 1.30, 0.00, 3.90)
    Soft-r^4(d,a)=(-2.00, 0.10) at (x,y,z) = ( 1.30, 0.00, 5.20)
    Soft-r^4(d,a)=(-2.00, 0.10) at (x,y,z) = ( 1.30, 1.30, 0.00)
    Soft-r^4(d,a)=(-2.00, 0.10) at (x,y,z) = ( 1.30, 1.30, 1.30)
    Soft-r^4(d,a)=(-2.00, 0.10) at (x,y,z) = ( 1.30, 1.30, 2.60)
    Soft-r^4(d,a)=(-2.00, 0.10) at (x,y,z) = ( 1.30, 1.30, 3.90)
    Soft-r^4(d,a)=(-2.00, 0.10) at (x,y,z) = ( 1.30, 1.30, 5.20)
    Soft-r^4(d,a)=(-2.00, 0.10) at (x,y,z) = ( 1.30, 2.60, 0.00)
    Soft-r^4(d,a)=(-2.00, 0.10) at (x,y,z) = ( 1.30, 2.60, 1.30)
    Soft-r^4(d,a)=(-2.00, 0.10) at (x,y,z) = ( 1.30, 2.60, 2.60)
    Soft-r^4(d,a)=(-2.00, 0.10) at (x,y,z) = ( 1.30, 2.60, 3.90)
    Soft-r^4(d,a)=(-2.00, 0.10) at (x,y,z) = ( 1.30, 2.60, 5.20)
    Soft-r^4(d,a)=(-2.00, 0.10) at (x,y,z) = ( 1.30, 3.90, 0.00)
    Soft-r^4(d,a)=(-2.00, 0.10) at (x,y,z) = ( 1.30, 3.90, 1.30)
    Soft-r^4(d,a)=(-2.00, 0.10) at (x,y,z) = ( 1.30, 3.90, 2.60)
    Soft-r^4(d,a)=(-2.00, 0.10) at (x,y,z) = ( 1.30, 3.90, 3.90)
    Soft-r^4(d,a)=(-2.00, 0.10) at (x,y,z) = ( 1.30, 3.90, 5.20)
    Soft-r^4(d,a)=(-2.00, 0.10) at (x,y,z) = ( 1.30, 5.20, 0.00)
    Soft-r^4(d,a)=(-2.00, 0.10) at (x,y,z) = ( 1.30, 5.20, 1.30)
    Soft-r^4(d,a)=(-2.00, 0.10) at (x,y,z) = ( 1.30, 5.20, 2.60)
    Soft-r^4(d,a)=(-2.00, 0.10) at (x,y,z) = ( 1.30, 5.20, 3.90)
    Soft-r^4(d,a)=(-2.00, 0.10) at (x,y,z) = ( 1.30, 5.20, 5.20)
    Soft-r^4(d,a)=(-2.00, 0.10) at (x,y,z) = ( 2.60, 0.00, 0.00)
    Soft-r^4(d,a)=(-2.00, 0.10) at (x,y,z) = ( 2.60, 0.00, 1.30)
    Soft-r^4(d,a)=(-2.00, 0.10) at (x,y,z) = ( 2.60, 0.00, 2.60)
    Soft-r^4(d,a)=(-2.00, 0.10) at (x,y,z) = ( 2.60, 0.00, 3.90)
    Soft-r^4(d,a)=(-2.00, 0.10) at (x,y,z) = ( 2.60, 0.00, 5.20)
    Soft-r^4(d,a)=(-2.00, 0.10) at (x,y,z) = ( 2.60, 1.30, 0.00)
    Soft-r^4(d,a)=(-2.00, 0.10) at (x,y,z) = ( 2.60, 1.30, 1.30)
    Soft-r^4(d,a)=(-2.00, 0.10) at (x,y,z) = ( 2.60, 1.30, 2.60)
    Soft-r^4(d,a)=(-2.00, 0.10) at (x,y,z) = ( 2.60, 1.30, 3.90)
    Soft-r^4(d,a)=(-2.00, 0.10) at (x,y,z) = ( 2.60, 1.30, 5.20)
    Soft-r^4(d,a)=(-2.00, 0.10) at (x,y,z) = ( 2.60, 2.60, 0.00)
    Soft-r^4(d,a)=(-2.00, 0.10) at (x,y,z) = ( 2.60, 2.60, 1.30)
    Soft-r^4(d,a)=(-2.00, 0.10) at (x,y,z) = ( 2.60, 2.60, 2.60)
    Soft-r^4(d,a)=(-2.00, 0.10) at (x,y,z) = ( 2.60, 2.60, 3.90)
    Soft-r^4(d,a)=(-2.00, 0.10) at (x,y,z) = ( 2.60, 2.60, 5.20)
    Soft-r^4(d,a)=(-2.00, 0.10) at (x,y,z) = ( 2.60, 3.90, 0.00)
    Soft-r^4(d,a)=(-2.00, 0.10) at (x,y,z) = ( 2.60, 3.90, 1.30)
    Soft-r^4(d,a)=(-2.00, 0.10) at (x,y,z) = ( 2.60, 3.90, 2.60)
    Soft-r^4(d,a)=(-2.00, 0.10) at (x,y,z) = ( 2.60, 3.90, 3.90)
    Soft-r^4(d,a)=(-2.00, 0.10) at (x,y,z) = ( 2.60, 3.90, 5.20)
    Soft-r^4(d,a)=(-2.00, 0.10) at (x,y,z) = ( 2.60, 5.20, 0.00)
    Soft-r^4(d,a)=(-2.00, 0.10) at (x,y,z) = ( 2.60, 5.20, 1.30)
    Soft-r^4(d,a)=(-2.00, 0.10) at (x,y,z) = ( 2.60, 5.20, 2.60)
    Soft-r^4(d,a)=(-2.00, 0.10) at (x,y,z) = ( 2.60, 5.20, 3.90)
    Soft-r^4(d,a)=(-2.00, 0.10) at (x,y,z) = ( 2.60, 5.20, 5.20)
    Soft-r^4(d,a)=(-2.00, 0.10) at (x,y,z) = ( 3.90, 0.00, 0.00)
    Soft-r^4(d,a)=(-2.00, 0.10) at (x,y,z) = ( 3.90, 0.00, 1.30)
    Soft-r^4(d,a)=(-2.00, 0.10) at (x,y,z) = ( 3.90, 0.00, 2.60)
    Soft-r^4(d,a)=(-2.00, 0.10) at (x,y,z) = ( 3.90, 0.00, 3.90)
    Soft-r^4(d,a)=(-2.00, 0.10) at (x,y,z) = ( 3.90, 0.00, 5.20)
    Soft-r^4(d,a)=(-2.00, 0.10) at (x,y,z) = ( 3.90, 1.30, 0.00)
    Soft-r^4(d,a)=(-2.00, 0.10) at (x,y,z) = ( 3.90, 1.30, 1.30)
    Soft-r^4(d,a)=(-2.00, 0.10) at (x,y,z) = ( 3.90, 1.30, 2.60)
    Soft-r^4(d,a)=(-2.00, 0.10) at (x,y,z) = ( 3.90, 1.30, 3.90)
    Soft-r^4(d,a)=(-2.00, 0.10) at (x,y,z) = ( 3.90, 1.30, 5.20)
    Soft-r^4(d,a)=(-2.00, 0.10) at (x,y,z) = ( 3.90, 2.60, 0.00)
    Soft-r^4(d,a)=(-2.00, 0.10) at (x,y,z) = ( 3.90, 2.60, 1.30)
    Soft-r^4(d,a)=(-2.00, 0.10) at (x,y,z) = ( 3.90, 2.60, 2.60)
    Soft-r^4(d,a)=(-2.00, 0.10) at (x,y,z) = ( 3.90, 2.60, 3.90)
    Soft-r^4(d,a)=(-2.00, 0.10) at (x,y,z) = ( 3.90, 2.60, 5.20)
    Soft-r^4(d,a)=(-2.00, 0.10) at (x,y,z) = ( 3.90, 3.90, 0.00)
    Soft-r^4(d,a)=(-2.00, 0.10) at (x,y,z) = ( 3.90, 3.90, 1.30)
    Soft-r^4(d,a)=(-2.00, 0.10) at (x,y,z) = ( 3.90, 3.90, 2.60)
    Soft-r^4(d,a)=(-2.00, 0.10) at (x,y,z) = ( 3.90, 3.90, 3.90)
    Soft-r^4(d,a)=(-2.00, 0.10) at (x,y,z) = ( 3.90, 3.90, 5.20)
    Soft-r^4(d,a)=(-2.00, 0.10) at (x,y,z) = ( 3.90, 5.20, 0.00)
    Soft-r^4(d,a)=(-2.00, 0.10) at (x,y,z) = ( 3.90, 5.20, 1.30)
    Soft-r^4(d,a)=(-2.00, 0.10) at (x,y,z) = ( 3.90, 5.20, 2.60)
    Soft-r^4(d,a)=(-2.00, 0.10) at (x,y,z) = ( 3.90, 5.20, 3.90)
    Soft-r^4(d,a)=(-2.00, 0.10) at (x,y,z) = ( 3.90, 5.20, 5.20)
    Soft-r^4(d,a)=(-2.00, 0.10) at (x,y,z) = ( 5.20, 0.00, 0.00)
    Soft-r^4(d,a)=(-2.00, 0.10) at (x,y,z) = ( 5.20, 0.00, 1.30)
    Soft-r^4(d,a)=(-2.00, 0.10) at (x,y,z) = ( 5.20, 0.00, 2.60)
    Soft-r^4(d,a)=(-2.00, 0.10) at (x,y,z) = ( 5.20, 0.00, 3.90)
    Soft-r^4(d,a)=(-2.00, 0.10) at (x,y,z) = ( 5.20, 0.00, 5.20)
    Soft-r^4(d,a)=(-2.00, 0.10) at (x,y,z) = ( 5.20, 1.30, 0.00)
    Soft-r^4(d,a)=(-2.00, 0.10) at (x,y,z) = ( 5.20, 1.30, 1.30)
    Soft-r^4(d,a)=(-2.00, 0.10) at (x,y,z) = ( 5.20, 1.30, 2.60)
    Soft-r^4(d,a)=(-2.00, 0.10) at (x,y,z) = ( 5.20, 1.30, 3.90)
    Soft-r^4(d,a)=(-2.00, 0.10) at (x,y,z) = ( 5.20, 1.30, 5.20)
    Soft-r^4(d,a)=(-2.00, 0.10) at (x,y,z) = ( 5.20, 2.60, 0.00)
    Soft-r^4(d,a)=(-2.00, 0.10) at (x,y,z) = ( 5.20, 2.60, 1.30)
    Soft-r^4(d,a)=(-2.00, 0.10) at (x,y,z) = ( 5.20, 2.60, 2.60)
    Soft-r^4(d,a)=(-2.00, 0.10) at (x,y,z) = ( 5.20, 2.60, 3.90)
    Soft-r^4(d,a)=(-2.00, 0.10) at (x,y,z) = ( 5.20, 2.60, 5.20)
    Soft-r^4(d,a)=(-2.00, 0.10) at (x,y,z) = ( 5.20, 3.90, 0.00)
    Soft-r^4(d,a)=(-2.00, 0.10) at (x,y,z) = ( 5.20, 3.90, 1.30)
    Soft-r^4(d,a)=(-2.00, 0.10) at (x,y,z) = ( 5.20, 3.90, 2.60)
    Soft-r^4(d,a)=(-2.00, 0.10) at (x,y,z) = ( 5.20, 3.90, 3.90)
    Soft-r^4(d,a)=(-2.00, 0.10) at (x,y,z) = ( 5.20, 3.90, 5.20)
    Soft-r^4(d,a)=(-2.00, 0.10) at (x,y,z) = ( 5.20, 5.20, 0.00)
    Soft-r^4(d,a)=(-2.00, 0.10) at (x,y,z) = ( 5.20, 5.20, 1.30)
    Soft-r^4(d,a)=(-2.00, 0.10) at (x,y,z) = ( 5.20, 5.20, 2.60)
    Soft-r^4(d,a)=(-2.00, 0.10) at (x,y,z) = ( 5.20, 5.20, 3.90)
    Soft-r^4(d,a)=(-2.00, 0.10) at (x,y,z) = ( 5.20, 5.20, 5.20)


----GRAPH-CREATION-and-PARTITIONING----=======================================
      Setup: Max:   0.315, Sum: 645.925, Balance:   1.000
   Matching: Max:   0.458, Sum: 938.476, Balance:   1.000
Contraction: Max:   0.134, Sum: 275.362, Balance:   1.000
   InitPart: Max:   3.776, Sum: 7734.105, Balance:   1.000
    Project: Max:   0.001, Sum:   1.847, Balance:   1.088
 Initialize: Max:   0.098, Sum: 200.656, Balance:   1.003
      K-way: Max:   0.610, Sum: 1250.244, Balance:   1.000
      Remap: Max:   0.005, Sum:   9.425, Balance:   1.000
      Total: Max:   5.399, Sum: 11056.492, Balance:   1.000
Final 2048-way Cut: 145608307 	Balance: 1.069 

    Number of nodes:
         Rank0.........1.163E+03
         Averg.........1.123E+03
         Total.........2.300E+06
    Number of edges:
         Rank0.........3.297E+05
         Averg.........3.693E+05
         Total.........7.563E+08
    Memory usage.[MB]:
         Rank0.........5.049E+00
         Averg.........5.652E+00
         Total.........1.157E+04


----MATRIX-ALLOCATION----=====================================================
    Dimension of matrix H or S:
              Rank0..............1.163E+03 (1163)
              Averg..............1.123E+03       
              Total..............2.300E+06 (2299968)
    Nonzero entries in H or S:
              Rank0..............3.309E+05 (330876)
              Averg..............3.704E+05       
              Total..............7.586E+08 (758550528)
    Sparseness of H or S (fraction):
              Rank0..............1.237E-04
              Averg..............1.434E-04
    Sparseness of H or S (non-zero elemnts in a row):
              Rank0..............284.5
              Averg..............329.8
    Memory usage for H and S [MiB]:
              Rank0..............1.010E+01
              Averg..............1.130E+01
              Total..............2.315E+04


----ASSEMBLING----============================================================
..........10..........20..........30..........40..........50done
Assembling time = 15 [s]



----SOLVING----===============================================================
EPS Object: 2048 MPI processes
  type: krylovschur
    Krylov-Schur: 50% of basis vectors kept after restart
  problem type: generalized symmetric eigenvalue problem
  extraction type: Rayleigh-Ritz
  selected portion of the spectrum: smallest real parts
  number of eigenvalues (nev): 100
  number of column vectors (ncv): 300
  maximum dimension of projected problem (mpd): 300
  maximum number of iterations: 1500
  tolerance: 0.0001
  convergence test: relative to the eigenvalue
  estimates of matrix norms (constant): norm(A)=1, norm(B)=1
IP Object: 2048 MPI processes
  type: bilinear
  orthogonalization method: classical Gram-Schmidt
  orthogonalization refinement: if needed (eta: 0.7071)
  Matrix Object:   2048 MPI processes
    type: mpiaij
    rows=2299968, cols=2299968
    total: nonzeros=758550528, allocated nonzeros=758550528
    total number of mallocs used during MatSetValues calls =0
      not using I-node (on process 0) routines
DS Object: 2048 MPI processes
  type: hep
  solving the problem with: Implicit QR method (_steqr)
ST Object: 2048 MPI processes
  type: shift
  shift: 0
  matrices A and B have same nonzero pattern
  KSP Object:  (st_)   2048 MPI processes
    type: cg
    maximum iterations=10000
    using preconditioner applied to right hand side for initial guess
    tolerances:  relative=1e-05, absolute=1e-50, divergence=10000
    left preconditioning
    using nonzero initial guess
    using PRECONDITIONED norm type for convergence test
  PC Object:  (st_)   2048 MPI processes
    type: asm
      Additive Schwarz: total subdomain blocks = 2048, amount of overlap = 1
      Additive Schwarz: restriction/interpolation type - RESTRICT
      Local solve is same for all blocks, in the following KSP and PC objects:
    KSP Object:    (st_sub_)     1 MPI processes
      type: preonly
      maximum iterations=10000, initial guess is zero
      tolerances:  relative=1e-05, absolute=1e-50, divergence=10000
      left preconditioning
      using DEFAULT norm type for convergence test
    PC Object:    (st_sub_)     1 MPI processes
      type: icc
        0 levels of fill
        tolerance for zero pivot 2.22045e-14
        using Manteuffel shift
        matrix ordering: natural
      linear system matrix = precond matrix:
      Matrix Object:       1 MPI processes
        type: seqaij
        rows=3531, cols=3531
        total: nonzeros=854385, allocated nonzeros=854385
        total number of mallocs used during MatSetValues calls =0
          not using I-node routines
    linear system matrix = precond matrix:
    Matrix Object:     2048 MPI processes
      type: mpiaij
      rows=2299968, cols=2299968
      total: nonzeros=758550528, allocated nonzeros=758550528
      total number of mallocs used during MatSetValues calls =0
        not using I-node (on process 0) routines


  1 EPS nconv=6 first unconverged value (error) -19.3811 (2.79473802e-03)
  2 EPS nconv=16 first unconverged value (error) -18.3584 (2.38815115e-03)
  3 EPS nconv=25 first unconverged value (error) -17.8315 (9.31790189e-03)
  4 EPS nconv=36 first unconverged value (error) -17.2282 (3.07595903e-04)
  5 EPS nconv=38 first unconverged value (error) -17.2281 (4.04784713e-04)
  6 EPS nconv=46 first unconverged value (error) -16.7421 (1.54373425e-04)
  7 EPS nconv=48 first unconverged value (error) -16.7413 (5.40904002e-03)
  8 EPS nconv=86 first unconverged value (error) -15.2984 (1.93530648e-03)
  9 EPS nconv=98 first unconverged value (error) -14.8481 (1.91614067e-03)
 10 EPS nconv=104 first unconverged value (error) -14.7696 (1.18907823e-04)

--------------------------------------------------------------
    Number of iterations of the method.............10
    Number of linear iterations of the method......7260
    Solution method................................krylovschur
    Number of requested eigenvalues................100
    Stopping condition: eps_tol....................1.000000E-04
    Stopping condition: eps_max_it.................1500
--------------------------------------------------------------


             EIGENVALUES            ERROR
====================================================
    0    -2.0430439870E+01     1.9750923197E-08
    1    -1.9881816569E+01     1.5336686376E-08
    2    -1.9881807795E+01     2.2662562107E-08
    3    -1.9881806316E+01     5.1707524577E-08
    4    -1.9396076518E+01     1.5283607007E-08
    5    -1.9381849854E+01     1.6761720631E-08
    6    -1.9381849222E+01     4.1661048568E-08
    7    -1.9342542309E+01     2.1149844920E-08
    8    -1.9342530926E+01     1.4946200353E-08
    9    -1.9342529193E+01     2.2613491683E-08
   10    -1.8852867315E+01     4.5832480876E-08
   11    -1.8852853259E+01     1.9980706741E-08
   12    -1.8852851658E+01     1.8616106809E-08
   13    -1.8843608740E+01     2.7481552079E-08
   14    -1.8843607166E+01     3.1085098559E-08
   15    -1.8843595468E+01     2.8688635052E-08
   16    -1.8812146249E+01     1.5020560705E-08
   17    -1.8372010799E+01     1.6071745723E-08
   18    -1.8357925637E+01     2.5088701034E-08
   19    -1.8357921088E+01     2.2340875596E-08
   20    -1.8318668120E+01     1.8719078450E-08
   21    -1.8318654871E+01     3.0747015930E-08
   22    -1.8318652697E+01     1.7649357029E-08
   23    -1.7833415727E+01     1.8044419080E-07
   24    -1.7833403024E+01     1.4927692509E-08
   25    -1.7833401657E+01     6.0605424444E-08
   26    -1.7748478935E+01     3.6963068357E-08
   27    -1.7748477115E+01     5.2916771928E-08
   28    -1.7748475901E+01     1.0486180590E-07
   29    -1.7688770660E+01     2.3463933578E-08
   30    -1.7683180042E+01     2.5431106013E-08
   31    -1.7683178902E+01     2.2434261357E-08
   32    -1.7355639194E+01     1.8843993042E-08
   33    -1.7260094890E+01     1.4414265764E-07
   34    -1.7260090234E+01     2.4467394373E-07
   35    -1.7260088168E+01     6.9242735095E-08
   36    -1.7228170360E+01     7.9117801906E-07
   37    -1.7228168764E+01     2.0149420636E-08
   38    -1.7228165439E+01     2.9664687889E-07
   39    -1.7184919324E+01     3.2608462010E-08
   40    -1.7184911664E+01     4.1785248337E-08
   41    -1.7184911168E+01     7.4500696587E-08
   42    -1.7181233334E+01     1.1436089876E-07
   43    -1.7181231926E+01     9.5893480054E-08
   44    -1.7181224606E+01     2.7452710803E-08
   45    -1.6778965241E+01     1.6412371264E-08
   46    -1.6742065276E+01     1.2629542826E-07
   47    -1.6742054971E+01     5.0789535181E-08
   48    -1.6742054120E+01     2.1680166494E-08
   49    -1.6733879105E+01     2.3518460532E-08
   50    -1.6733878496E+01     2.0142036822E-08
   51    -1.6733869681E+01     3.0038370216E-08
   52    -1.6731621949E+01     2.7185371968E-08
   53    -1.6731620261E+01     1.9259112882E-08
   54    -1.6716225858E+01     2.3014421059E-08
   55    -1.6707724619E+01     6.2771357565E-08
   56    -1.6707722987E+01     3.2398220073E-08
   57    -1.6688555007E+01     1.8220696743E-08
   58    -1.6688552340E+01     1.7801453635E-08
   59    -1.6688551637E+01     2.0087916311E-08
   60    -1.6653637351E+01     2.2729027855E-08
   61    -1.6653636148E+01     2.1676723600E-08
   62    -1.6644901377E+01     2.0511188315E-08
   63    -1.6256714434E+01     5.8011136518E-08
   64    -1.6256701573E+01     3.0205659906E-08
   65    -1.6256700451E+01     5.0436806610E-08
   66    -1.6228057333E+01     2.4976453242E-08
   67    -1.6228057150E+01     4.4660509306E-08
   68    -1.6228018596E+01     3.5347706355E-08
   69    -1.6217074211E+01     1.9242585686E-08
   70    -1.6217044958E+01     1.5037099158E-08
   71    -1.6217043079E+01     1.8868413033E-08
   72    -1.6156648472E+01     2.5596108685E-08
   73    -1.6156647742E+01     2.7381964812E-08
   74    -1.6156639420E+01     2.3816081237E-08
   75    -1.5747942117E+01     1.8346866698E-08
   76    -1.5744712771E+01     2.0397752197E-08
   77    -1.5744711765E+01     3.4119686439E-08
   78    -1.5744382773E+01     2.1150244548E-08
   79    -1.5664274922E+01     1.9137207515E-08
   80    -1.5664274190E+01     2.1938322144E-08
   81    -1.5364092049E+01     5.1693876722E-08
   82    -1.5364090956E+01     5.1162254757E-08
   83    -1.5364090573E+01     1.6719339537E-07
   84    -1.5299973309E+01     1.0679916824E-07
   85    -1.5299955271E+01     2.4431152852E-08
   86    -1.5299954942E+01     9.6784584528E-08
   87    -1.5295883792E+01     5.7117323964E-08
   88    -1.5295882877E+01     4.7172460025E-08
   89    -1.5295866173E+01     7.5669629164E-08
   90    -1.5238188303E+01     1.5823992310E-08
   91    -1.5232076913E+01     2.7934194747E-08
   92    -1.5232076292E+01     3.5769478758E-08
   93    -1.4927734277E+01     1.7863084953E-08
   94    -1.4880328521E+01     4.2992461330E-08
   95    -1.4880327993E+01     4.0956417242E-08
   96    -1.4848119256E+01     3.9832423655E-07
   97    -1.4848098273E+01     2.5866197706E-08
   98    -1.4848096954E+01     3.3547942371E-07
   99    -1.4815294741E+01     2.4085489202E-08
  100    -1.4815293789E+01     2.1745734036E-08
  101    -1.4815271747E+01     2.5662764849E-08
  102    -1.4769589491E+01     3.9469532488E-08
  103    -1.4769581947E+01     2.6177536480E-07


 TOTAL TIME = 663 [s]
