===============================================================================
 RRRRR  SSSSS  H   H  RRRRR    Zbigniew ROMANOWSKI                             
 R   R  S      H   H  R   R                                                    
 RRRRR  SSSSS  HHHHH  RRRRR    version: 5.4                                    
 R  R       S  H   H  R  R                                                     
 R   R  SSSSS  H   H  R   R    compilation date: Dec  8 2012 (20:50:40)                       
===============================================================================

PEs = 32

----INITIALIZATION----========================================================
DOMAIN:
    BsplDeg = 3, CubatOrder = 5, CubatNodeNo = 125
    h = 5.000000E-01
    Nx = 90,    Ny = 90,   Nz = 90
    X0 = -2.000000E+01,    Xmax = 2.500000E+01
    Y0 = -2.000000E+01,    Ymax = 2.500000E+01
    Z0 = -2.000000E+01,    Zmax = 2.500000E+01

NUMBER OF 'ATOMS' = 125
    Soft-r^4(d,a)=(-2.00, 0.10) at (x,y,z) = ( 0.00, 0.00, 0.00)
    Soft-r^4(d,a)=(-2.00, 0.10) at (x,y,z) = ( 0.00, 0.00, 1.30)
    Soft-r^4(d,a)=(-2.00, 0.10) at (x,y,z) = ( 0.00, 0.00, 2.60)
    Soft-r^4(d,a)=(-2.00, 0.10) at (x,y,z) = ( 0.00, 0.00, 3.90)
    Soft-r^4(d,a)=(-2.00, 0.10) at (x,y,z) = ( 0.00, 0.00, 5.20)
    Soft-r^4(d,a)=(-2.00, 0.10) at (x,y,z) = ( 0.00, 1.30, 0.00)
    Soft-r^4(d,a)=(-2.00, 0.10) at (x,y,z) = ( 0.00, 1.30, 1.30)
    Soft-r^4(d,a)=(-2.00, 0.10) at (x,y,z) = ( 0.00, 1.30, 2.60)
    Soft-r^4(d,a)=(-2.00, 0.10) at (x,y,z) = ( 0.00, 1.30, 3.90)
    Soft-r^4(d,a)=(-2.00, 0.10) at (x,y,z) = ( 0.00, 1.30, 5.20)
    Soft-r^4(d,a)=(-2.00, 0.10) at (x,y,z) = ( 0.00, 2.60, 0.00)
    Soft-r^4(d,a)=(-2.00, 0.10) at (x,y,z) = ( 0.00, 2.60, 1.30)
    Soft-r^4(d,a)=(-2.00, 0.10) at (x,y,z) = ( 0.00, 2.60, 2.60)
    Soft-r^4(d,a)=(-2.00, 0.10) at (x,y,z) = ( 0.00, 2.60, 3.90)
    Soft-r^4(d,a)=(-2.00, 0.10) at (x,y,z) = ( 0.00, 2.60, 5.20)
    Soft-r^4(d,a)=(-2.00, 0.10) at (x,y,z) = ( 0.00, 3.90, 0.00)
    Soft-r^4(d,a)=(-2.00, 0.10) at (x,y,z) = ( 0.00, 3.90, 1.30)
    Soft-r^4(d,a)=(-2.00, 0.10) at (x,y,z) = ( 0.00, 3.90, 2.60)
    Soft-r^4(d,a)=(-2.00, 0.10) at (x,y,z) = ( 0.00, 3.90, 3.90)
    Soft-r^4(d,a)=(-2.00, 0.10) at (x,y,z) = ( 0.00, 3.90, 5.20)
    Soft-r^4(d,a)=(-2.00, 0.10) at (x,y,z) = ( 0.00, 5.20, 0.00)
    Soft-r^4(d,a)=(-2.00, 0.10) at (x,y,z) = ( 0.00, 5.20, 1.30)
    Soft-r^4(d,a)=(-2.00, 0.10) at (x,y,z) = ( 0.00, 5.20, 2.60)
    Soft-r^4(d,a)=(-2.00, 0.10) at (x,y,z) = ( 0.00, 5.20, 3.90)
    Soft-r^4(d,a)=(-2.00, 0.10) at (x,y,z) = ( 0.00, 5.20, 5.20)
    Soft-r^4(d,a)=(-2.00, 0.10) at (x,y,z) = ( 1.30, 0.00, 0.00)
    Soft-r^4(d,a)=(-2.00, 0.10) at (x,y,z) = ( 1.30, 0.00, 1.30)
    Soft-r^4(d,a)=(-2.00, 0.10) at (x,y,z) = ( 1.30, 0.00, 2.60)
    Soft-r^4(d,a)=(-2.00, 0.10) at (x,y,z) = ( 1.30, 0.00, 3.90)
    Soft-r^4(d,a)=(-2.00, 0.10) at (x,y,z) = ( 1.30, 0.00, 5.20)
    Soft-r^4(d,a)=(-2.00, 0.10) at (x,y,z) = ( 1.30, 1.30, 0.00)
    Soft-r^4(d,a)=(-2.00, 0.10) at (x,y,z) = ( 1.30, 1.30, 1.30)
    Soft-r^4(d,a)=(-2.00, 0.10) at (x,y,z) = ( 1.30, 1.30, 2.60)
    Soft-r^4(d,a)=(-2.00, 0.10) at (x,y,z) = ( 1.30, 1.30, 3.90)
    Soft-r^4(d,a)=(-2.00, 0.10) at (x,y,z) = ( 1.30, 1.30, 5.20)
    Soft-r^4(d,a)=(-2.00, 0.10) at (x,y,z) = ( 1.30, 2.60, 0.00)
    Soft-r^4(d,a)=(-2.00, 0.10) at (x,y,z) = ( 1.30, 2.60, 1.30)
    Soft-r^4(d,a)=(-2.00, 0.10) at (x,y,z) = ( 1.30, 2.60, 2.60)
    Soft-r^4(d,a)=(-2.00, 0.10) at (x,y,z) = ( 1.30, 2.60, 3.90)
    Soft-r^4(d,a)=(-2.00, 0.10) at (x,y,z) = ( 1.30, 2.60, 5.20)
    Soft-r^4(d,a)=(-2.00, 0.10) at (x,y,z) = ( 1.30, 3.90, 0.00)
    Soft-r^4(d,a)=(-2.00, 0.10) at (x,y,z) = ( 1.30, 3.90, 1.30)
    Soft-r^4(d,a)=(-2.00, 0.10) at (x,y,z) = ( 1.30, 3.90, 2.60)
    Soft-r^4(d,a)=(-2.00, 0.10) at (x,y,z) = ( 1.30, 3.90, 3.90)
    Soft-r^4(d,a)=(-2.00, 0.10) at (x,y,z) = ( 1.30, 3.90, 5.20)
    Soft-r^4(d,a)=(-2.00, 0.10) at (x,y,z) = ( 1.30, 5.20, 0.00)
    Soft-r^4(d,a)=(-2.00, 0.10) at (x,y,z) = ( 1.30, 5.20, 1.30)
    Soft-r^4(d,a)=(-2.00, 0.10) at (x,y,z) = ( 1.30, 5.20, 2.60)
    Soft-r^4(d,a)=(-2.00, 0.10) at (x,y,z) = ( 1.30, 5.20, 3.90)
    Soft-r^4(d,a)=(-2.00, 0.10) at (x,y,z) = ( 1.30, 5.20, 5.20)
    Soft-r^4(d,a)=(-2.00, 0.10) at (x,y,z) = ( 2.60, 0.00, 0.00)
    Soft-r^4(d,a)=(-2.00, 0.10) at (x,y,z) = ( 2.60, 0.00, 1.30)
    Soft-r^4(d,a)=(-2.00, 0.10) at (x,y,z) = ( 2.60, 0.00, 2.60)
    Soft-r^4(d,a)=(-2.00, 0.10) at (x,y,z) = ( 2.60, 0.00, 3.90)
    Soft-r^4(d,a)=(-2.00, 0.10) at (x,y,z) = ( 2.60, 0.00, 5.20)
    Soft-r^4(d,a)=(-2.00, 0.10) at (x,y,z) = ( 2.60, 1.30, 0.00)
    Soft-r^4(d,a)=(-2.00, 0.10) at (x,y,z) = ( 2.60, 1.30, 1.30)
    Soft-r^4(d,a)=(-2.00, 0.10) at (x,y,z) = ( 2.60, 1.30, 2.60)
    Soft-r^4(d,a)=(-2.00, 0.10) at (x,y,z) = ( 2.60, 1.30, 3.90)
    Soft-r^4(d,a)=(-2.00, 0.10) at (x,y,z) = ( 2.60, 1.30, 5.20)
    Soft-r^4(d,a)=(-2.00, 0.10) at (x,y,z) = ( 2.60, 2.60, 0.00)
    Soft-r^4(d,a)=(-2.00, 0.10) at (x,y,z) = ( 2.60, 2.60, 1.30)
    Soft-r^4(d,a)=(-2.00, 0.10) at (x,y,z) = ( 2.60, 2.60, 2.60)
    Soft-r^4(d,a)=(-2.00, 0.10) at (x,y,z) = ( 2.60, 2.60, 3.90)
    Soft-r^4(d,a)=(-2.00, 0.10) at (x,y,z) = ( 2.60, 2.60, 5.20)
    Soft-r^4(d,a)=(-2.00, 0.10) at (x,y,z) = ( 2.60, 3.90, 0.00)
    Soft-r^4(d,a)=(-2.00, 0.10) at (x,y,z) = ( 2.60, 3.90, 1.30)
    Soft-r^4(d,a)=(-2.00, 0.10) at (x,y,z) = ( 2.60, 3.90, 2.60)
    Soft-r^4(d,a)=(-2.00, 0.10) at (x,y,z) = ( 2.60, 3.90, 3.90)
    Soft-r^4(d,a)=(-2.00, 0.10) at (x,y,z) = ( 2.60, 3.90, 5.20)
    Soft-r^4(d,a)=(-2.00, 0.10) at (x,y,z) = ( 2.60, 5.20, 0.00)
    Soft-r^4(d,a)=(-2.00, 0.10) at (x,y,z) = ( 2.60, 5.20, 1.30)
    Soft-r^4(d,a)=(-2.00, 0.10) at (x,y,z) = ( 2.60, 5.20, 2.60)
    Soft-r^4(d,a)=(-2.00, 0.10) at (x,y,z) = ( 2.60, 5.20, 3.90)
    Soft-r^4(d,a)=(-2.00, 0.10) at (x,y,z) = ( 2.60, 5.20, 5.20)
    Soft-r^4(d,a)=(-2.00, 0.10) at (x,y,z) = ( 3.90, 0.00, 0.00)
    Soft-r^4(d,a)=(-2.00, 0.10) at (x,y,z) = ( 3.90, 0.00, 1.30)
    Soft-r^4(d,a)=(-2.00, 0.10) at (x,y,z) = ( 3.90, 0.00, 2.60)
    Soft-r^4(d,a)=(-2.00, 0.10) at (x,y,z) = ( 3.90, 0.00, 3.90)
    Soft-r^4(d,a)=(-2.00, 0.10) at (x,y,z) = ( 3.90, 0.00, 5.20)
    Soft-r^4(d,a)=(-2.00, 0.10) at (x,y,z) = ( 3.90, 1.30, 0.00)
    Soft-r^4(d,a)=(-2.00, 0.10) at (x,y,z) = ( 3.90, 1.30, 1.30)
    Soft-r^4(d,a)=(-2.00, 0.10) at (x,y,z) = ( 3.90, 1.30, 2.60)
    Soft-r^4(d,a)=(-2.00, 0.10) at (x,y,z) = ( 3.90, 1.30, 3.90)
    Soft-r^4(d,a)=(-2.00, 0.10) at (x,y,z) = ( 3.90, 1.30, 5.20)
    Soft-r^4(d,a)=(-2.00, 0.10) at (x,y,z) = ( 3.90, 2.60, 0.00)
    Soft-r^4(d,a)=(-2.00, 0.10) at (x,y,z) = ( 3.90, 2.60, 1.30)
    Soft-r^4(d,a)=(-2.00, 0.10) at (x,y,z) = ( 3.90, 2.60, 2.60)
    Soft-r^4(d,a)=(-2.00, 0.10) at (x,y,z) = ( 3.90, 2.60, 3.90)
    Soft-r^4(d,a)=(-2.00, 0.10) at (x,y,z) = ( 3.90, 2.60, 5.20)
    Soft-r^4(d,a)=(-2.00, 0.10) at (x,y,z) = ( 3.90, 3.90, 0.00)
    Soft-r^4(d,a)=(-2.00, 0.10) at (x,y,z) = ( 3.90, 3.90, 1.30)
    Soft-r^4(d,a)=(-2.00, 0.10) at (x,y,z) = ( 3.90, 3.90, 2.60)
    Soft-r^4(d,a)=(-2.00, 0.10) at (x,y,z) = ( 3.90, 3.90, 3.90)
    Soft-r^4(d,a)=(-2.00, 0.10) at (x,y,z) = ( 3.90, 3.90, 5.20)
    Soft-r^4(d,a)=(-2.00, 0.10) at (x,y,z) = ( 3.90, 5.20, 0.00)
    Soft-r^4(d,a)=(-2.00, 0.10) at (x,y,z) = ( 3.90, 5.20, 1.30)
    Soft-r^4(d,a)=(-2.00, 0.10) at (x,y,z) = ( 3.90, 5.20, 2.60)
    Soft-r^4(d,a)=(-2.00, 0.10) at (x,y,z) = ( 3.90, 5.20, 3.90)
    Soft-r^4(d,a)=(-2.00, 0.10) at (x,y,z) = ( 3.90, 5.20, 5.20)
    Soft-r^4(d,a)=(-2.00, 0.10) at (x,y,z) = ( 5.20, 0.00, 0.00)
    Soft-r^4(d,a)=(-2.00, 0.10) at (x,y,z) = ( 5.20, 0.00, 1.30)
    Soft-r^4(d,a)=(-2.00, 0.10) at (x,y,z) = ( 5.20, 0.00, 2.60)
    Soft-r^4(d,a)=(-2.00, 0.10) at (x,y,z) = ( 5.20, 0.00, 3.90)
    Soft-r^4(d,a)=(-2.00, 0.10) at (x,y,z) = ( 5.20, 0.00, 5.20)
    Soft-r^4(d,a)=(-2.00, 0.10) at (x,y,z) = ( 5.20, 1.30, 0.00)
    Soft-r^4(d,a)=(-2.00, 0.10) at (x,y,z) = ( 5.20, 1.30, 1.30)
    Soft-r^4(d,a)=(-2.00, 0.10) at (x,y,z) = ( 5.20, 1.30, 2.60)
    Soft-r^4(d,a)=(-2.00, 0.10) at (x,y,z) = ( 5.20, 1.30, 3.90)
    Soft-r^4(d,a)=(-2.00, 0.10) at (x,y,z) = ( 5.20, 1.30, 5.20)
    Soft-r^4(d,a)=(-2.00, 0.10) at (x,y,z) = ( 5.20, 2.60, 0.00)
    Soft-r^4(d,a)=(-2.00, 0.10) at (x,y,z) = ( 5.20, 2.60, 1.30)
    Soft-r^4(d,a)=(-2.00, 0.10) at (x,y,z) = ( 5.20, 2.60, 2.60)
    Soft-r^4(d,a)=(-2.00, 0.10) at (x,y,z) = ( 5.20, 2.60, 3.90)
    Soft-r^4(d,a)=(-2.00, 0.10) at (x,y,z) = ( 5.20, 2.60, 5.20)
    Soft-r^4(d,a)=(-2.00, 0.10) at (x,y,z) = ( 5.20, 3.90, 0.00)
    Soft-r^4(d,a)=(-2.00, 0.10) at (x,y,z) = ( 5.20, 3.90, 1.30)
    Soft-r^4(d,a)=(-2.00, 0.10) at (x,y,z) = ( 5.20, 3.90, 2.60)
    Soft-r^4(d,a)=(-2.00, 0.10) at (x,y,z) = ( 5.20, 3.90, 3.90)
    Soft-r^4(d,a)=(-2.00, 0.10) at (x,y,z) = ( 5.20, 3.90, 5.20)
    Soft-r^4(d,a)=(-2.00, 0.10) at (x,y,z) = ( 5.20, 5.20, 0.00)
    Soft-r^4(d,a)=(-2.00, 0.10) at (x,y,z) = ( 5.20, 5.20, 1.30)
    Soft-r^4(d,a)=(-2.00, 0.10) at (x,y,z) = ( 5.20, 5.20, 2.60)
    Soft-r^4(d,a)=(-2.00, 0.10) at (x,y,z) = ( 5.20, 5.20, 3.90)
    Soft-r^4(d,a)=(-2.00, 0.10) at (x,y,z) = ( 5.20, 5.20, 5.20)


----GRAPH-CREATION-and-PARTITIONING----=======================================
      Setup: Max:   4.152, Sum: 132.868, Balance:   1.000
   Matching: Max:   4.215, Sum: 134.873, Balance:   1.000
Contraction: Max:   1.403, Sum:  44.892, Balance:   1.000
   InitPart: Max:   0.072, Sum:   2.305, Balance:   1.000
    Project: Max:   0.002, Sum:   0.066, Balance:   1.034
 Initialize: Max:   1.019, Sum:  32.615, Balance:   1.000
      K-way: Max:   3.149, Sum: 100.762, Balance:   1.000
      Remap: Max:   0.001, Sum:   0.018, Balance:   1.001
      Total: Max:  14.013, Sum: 448.413, Balance:   1.000
Final  32-way Cut: 13216845 	Balance: 1.050 

    Number of nodes:
         Rank0.........2.124E+04
         Averg.........2.058E+04
         Total.........6.585E+05
    Number of edges:
         Rank0.........6.588E+06
         Averg.........6.629E+06
         Total.........2.121E+08
    Memory usage.[MB]:
         Rank0.........1.009E+02
         Averg.........1.015E+02
         Total.........3.247E+03


----MATRIX-ALLOCATION----=====================================================
    Dimension of matrix H or S:
              Rank0..............2.124E+04 (21241)
              Averg..............2.058E+04       
              Total..............6.585E+05 (658503)
    Nonzero entries in H or S:
              Rank0..............6.610E+06 (6609723)
              Averg..............6.649E+06       
              Total..............2.128E+08 (212776173)
    Sparseness of H or S (fraction):
              Rank0..............4.726E-04
              Averg..............4.907E-04
    Sparseness of H or S (non-zero elemnts in a row):
              Rank0..............311.2
              Averg..............323.1
    Memory usage for H and S [MiB]:
              Rank0..............2.017E+02
              Averg..............2.029E+02
              Total..............6.493E+03


----ASSEMBLING----============================================================
..........10..........20..........30..........40..........50done
Assembling time = 209 [s]



----SOLVING----===============================================================
EPS Object: 32 MPI processes
  type: krylovschur
    Krylov-Schur: 50% of basis vectors kept after restart
  problem type: generalized symmetric eigenvalue problem
  extraction type: Rayleigh-Ritz
  selected portion of the spectrum: smallest real parts
  number of eigenvalues (nev): 100
  number of column vectors (ncv): 300
  maximum dimension of projected problem (mpd): 300
  maximum number of iterations: 1500
  tolerance: 0.0001
  convergence test: relative to the eigenvalue
  estimates of matrix norms (constant): norm(A)=1, norm(B)=1
IP Object: 32 MPI processes
  type: bilinear
  orthogonalization method: classical Gram-Schmidt
  orthogonalization refinement: if needed (eta: 0.7071)
  Matrix Object:   32 MPI processes
    type: mpiaij
    rows=658503, cols=658503
    total: nonzeros=212776173, allocated nonzeros=212776173
    total number of mallocs used during MatSetValues calls =0
      not using I-node (on process 0) routines
DS Object: 32 MPI processes
  type: hep
  solving the problem with: Implicit QR method (_steqr)
ST Object: 32 MPI processes
  type: shift
  shift: 0
  matrices A and B have same nonzero pattern
  KSP Object:  (st_)   32 MPI processes
    type: cg
    maximum iterations=10000
    using preconditioner applied to right hand side for initial guess
    tolerances:  relative=1e-05, absolute=1e-50, divergence=10000
    left preconditioning
    using nonzero initial guess
    using PRECONDITIONED norm type for convergence test
  PC Object:  (st_)   32 MPI processes
    type: asm
      Additive Schwarz: total subdomain blocks = 32, amount of overlap = 1
      Additive Schwarz: restriction/interpolation type - RESTRICT
      Local solve is same for all blocks, in the following KSP and PC objects:
    KSP Object:    (st_sub_)     1 MPI processes
      type: preonly
      maximum iterations=10000, initial guess is zero
      tolerances:  relative=1e-05, absolute=1e-50, divergence=10000
      left preconditioning
      using DEFAULT norm type for convergence test
    PC Object:    (st_sub_)     1 MPI processes
      type: icc
        0 levels of fill
        tolerance for zero pivot 2.22045e-14
        using Manteuffel shift
        matrix ordering: natural
      linear system matrix = precond matrix:
      Matrix Object:       1 MPI processes
        type: seqaij
        rows=31111, cols=31111
        total: nonzeros=9037989, allocated nonzeros=9037989
        total number of mallocs used during MatSetValues calls =0
          not using I-node routines
    linear system matrix = precond matrix:
    Matrix Object:     32 MPI processes
      type: mpiaij
      rows=658503, cols=658503
      total: nonzeros=212776173, allocated nonzeros=212776173
      total number of mallocs used during MatSetValues calls =0
        not using I-node (on process 0) routines


  1 EPS nconv=20 first unconverged value (error) -17.6299 (9.85576111e-03)
  2 EPS nconv=25 first unconverged value (error) -17.6332 (2.83838939e-03)
  3 EPS nconv=34 first unconverged value (error) -17.1108 (4.48212105e-03)
  4 EPS nconv=48 first unconverged value (error) -16.5831 (4.53644926e-03)
  5 EPS nconv=88 first unconverged value (error) -15.0992 (1.42828479e-02)
  6 EPS nconv=98 first unconverged value (error) -14.6245 (4.35085718e-04)
  7 EPS nconv=120 first unconverged value (error) -13.9848 (5.23330901e-04)

--------------------------------------------------------------
    Number of iterations of the method.............7
    Number of linear iterations of the method......4180
    Solution method................................krylovschur
    Number of requested eigenvalues................100
    Stopping condition: eps_tol....................1.000000E-04
    Stopping condition: eps_max_it.................1500
--------------------------------------------------------------


             EIGENVALUES            ERROR
====================================================
    0    -2.0323191450E+01     3.4792368628E-08
    1    -1.9740625626E+01     3.7585227570E-08
    2    -1.9740311120E+01     3.6744901176E-08
    3    -1.9740310936E+01     4.1302630628E-08
    4    -1.9242666380E+01     3.0216800479E-08
    5    -1.9227799594E+01     2.7502192136E-08
    6    -1.9227799247E+01     4.9858322747E-08
    7    -1.9167435860E+01     2.5311453116E-08
    8    -1.9167132128E+01     3.3686338986E-08
    9    -1.9167131878E+01     3.9082774370E-08
   10    -1.8665587465E+01     2.7053453104E-08
   11    -1.8664101668E+01     1.3256184195E-07
   12    -1.8664101485E+01     3.0666292009E-08
   13    -1.8655316849E+01     2.6089406391E-07
   14    -1.8655316842E+01     2.2493876424E-08
   15    -1.8653845395E+01     2.3528981613E-08
   16    -1.8603203545E+01     1.6039199587E-08
   17    -1.8169722786E+01     3.1519754096E-08
   18    -1.8154868847E+01     3.1399211715E-07
   19    -1.8154868659E+01     4.0388323144E-08
   20    -1.8097625662E+01     3.1520625047E-08
   21    -1.8094932487E+01     2.5528046764E-08
   22    -1.8094932305E+01     7.6317507419E-08
   23    -1.7637362024E+01     1.2815137895E-06
   24    -1.7635819932E+01     1.1904972439E-07
   25    -1.7635818037E+01     3.9411172654E-08
   26    -1.7597460185E+01     7.6425428946E-08
   27    -1.7594928500E+01     4.3265462921E-08
   28    -1.7594928205E+01     1.1091017749E-07
   29    -1.7511843303E+01     3.4717592649E-08
   30    -1.7507806886E+01     4.3294760396E-08
   31    -1.7507806701E+01     8.1482404620E-08
   32    -1.7112598451E+01     2.4946012356E-07
   33    -1.7111861254E+01     4.3683098168E-08
   34    -1.7111860168E+01     2.3191895058E-07
   35    -1.7102503790E+01     2.9839436108E-07
   36    -1.7091901522E+01     5.0129624457E-07
   37    -1.7091899320E+01     4.5350522998E-08
   38    -1.7090851340E+01     5.0949365592E-07
   39    -1.6980893241E+01     4.6538259361E-08
   40    -1.6978742381E+01     8.4393320279E-08
   41    -1.6978741767E+01     8.9381729236E-08
   42    -1.6967050025E+01     4.8860563329E-08
   43    -1.6967048928E+01     4.4195797503E-08
   44    -1.6965226845E+01     1.1148256303E-07
   45    -1.6604195453E+01     3.8337842571E-08
   46    -1.6597484300E+01     4.5859088475E-08
   47    -1.6597484236E+01     3.8854906770E-08
   48    -1.6596189487E+01     5.4248010327E-08
   49    -1.6577469048E+01     9.5178710325E-08
   50    -1.6577467423E+01     8.1574423743E-08
   51    -1.6570950246E+01     1.0636090780E-07
   52    -1.6564604661E+01     2.0871040993E-08
   53    -1.6564602957E+01     5.5969513935E-08
   54    -1.6480661050E+01     4.3250954223E-08
   55    -1.6472964335E+01     4.0702840940E-08
   56    -1.6472964046E+01     2.9771206232E-08
   57    -1.6456750707E+01     4.0756905311E-08
   58    -1.6438615061E+01     3.6863023693E-08
   59    -1.6438614172E+01     3.6043835772E-08
   60    -1.6437902937E+01     5.5441242337E-08
   61    -1.6437902517E+01     4.7475714402E-08
   62    -1.6429476258E+01     4.9491576786E-08
   63    -1.6081792435E+01     3.8446428486E-07
   64    -1.6072321472E+01     1.0935183652E-07
   65    -1.6072318282E+01     6.0943631062E-08
   66    -1.6052258545E+01     5.4951751492E-08
   67    -1.6052257048E+01     2.8837505782E-07
   68    -1.6037697566E+01     5.1226222347E-08
   69    -1.5956386500E+01     2.1805339706E-07
   70    -1.5943470100E+01     7.2106733359E-08
   71    -1.5943469041E+01     4.0230984239E-08
   72    -1.5909560114E+01     8.3134219495E-08
   73    -1.5909559088E+01     1.0360826613E-07
   74    -1.5901346303E+01     2.3001275563E-07
   75    -1.5582007819E+01     4.9246716629E-08
   76    -1.5539876791E+01     1.7141241959E-07
   77    -1.5539876514E+01     1.3284785752E-07
   78    -1.5449753447E+01     3.9120251041E-08
   79    -1.5400130305E+01     3.2756528046E-08
   80    -1.5400129648E+01     8.8524258030E-08
   81    -1.5247280987E+01     7.3657668749E-08
   82    -1.5245785980E+01     1.6473365643E-07
   83    -1.5245785427E+01     2.3044416469E-07
   84    -1.5116338518E+01     5.7278840848E-08
   85    -1.5114099911E+01     6.9586777501E-08
   86    -1.5114098728E+01     8.0176161990E-08
   87    -1.5112362208E+01     8.8192649621E-08
   88    -1.5112360663E+01     7.4032844960E-08
   89    -1.5110177661E+01     6.3997546336E-08
   90    -1.4983367479E+01     5.9010732585E-08
   91    -1.4978893921E+01     1.2149567286E-07
   92    -1.4978893653E+01     2.9142716187E-08
   93    -1.4771903315E+01     2.3999152820E-07
   94    -1.4740999530E+01     3.8480680300E-08
   95    -1.4740998368E+01     4.8676051695E-08
   96    -1.4634518443E+01     6.6986186566E-08
   97    -1.4624510160E+01     9.5837141106E-08
   98    -1.4624508814E+01     1.4021227782E-06
   99    -1.4608675326E+01     1.0609912607E-07
  100    -1.4608674917E+01     9.4167505347E-08
  101    -1.4598126113E+01     1.3756719589E-07
  102    -1.4553758371E+01     3.9616844034E-08
  103    -1.4550839801E+01     2.5724859227E-08
  104    -1.4550839445E+01     2.3590765917E-08
  105    -1.4495160757E+01     2.4331670813E-07
  106    -1.4475588640E+01     2.3003603989E-07
  107    -1.4475586965E+01     2.0223049959E-07
  108    -1.4258795483E+01     1.8846361505E-07
  109    -1.4224334930E+01     8.9114185794E-08
  110    -1.4224330811E+01     7.2389762225E-08
  111    -1.4129595123E+01     1.9247617850E-07
  112    -1.4114396898E+01     4.5134871837E-08
  113    -1.4114392831E+01     8.1010685733E-08
  114    -1.4080851358E+01     1.4507224609E-07
  115    -1.4080848252E+01     3.5863686456E-07
  116    -1.4066060973E+01     6.6129400407E-08
  117    -1.3999851973E+01     2.5003096665E-07
  118    -1.3986245021E+01     3.6054961274E-08
  119    -1.3984781775E+01     6.4029420176E-08


 TOTAL TIME = 3938 [s]
