===============================================================================
 RRRRR  SSSSS  H   H  RRRRR    Zbigniew ROMANOWSKI                             
 R   R  S      H   H  R   R                                                    
 RRRRR  SSSSS  HHHHH  RRRRR    version: 5.4                                    
 R  R       S  H   H  R  R                                                     
 R   R  SSSSS  H   H  R   R    compilation date: Dec  8 2012 (20:50:40)                       
===============================================================================

PEs = 4096

----INITIALIZATION----========================================================
DOMAIN:
    BsplDeg = 3, CubatOrder = 5, CubatNodeNo = 125
    h = 5.000000E-01
    Nx = 90,    Ny = 90,   Nz = 90
    X0 = -2.000000E+01,    Xmax = 2.500000E+01
    Y0 = -2.000000E+01,    Ymax = 2.500000E+01
    Z0 = -2.000000E+01,    Zmax = 2.500000E+01

NUMBER OF 'ATOMS' = 125
    Soft-r^4(d,a)=(-2.00, 0.10) at (x,y,z) = ( 0.00, 0.00, 0.00)
    Soft-r^4(d,a)=(-2.00, 0.10) at (x,y,z) = ( 0.00, 0.00, 1.30)
    Soft-r^4(d,a)=(-2.00, 0.10) at (x,y,z) = ( 0.00, 0.00, 2.60)
    Soft-r^4(d,a)=(-2.00, 0.10) at (x,y,z) = ( 0.00, 0.00, 3.90)
    Soft-r^4(d,a)=(-2.00, 0.10) at (x,y,z) = ( 0.00, 0.00, 5.20)
    Soft-r^4(d,a)=(-2.00, 0.10) at (x,y,z) = ( 0.00, 1.30, 0.00)
    Soft-r^4(d,a)=(-2.00, 0.10) at (x,y,z) = ( 0.00, 1.30, 1.30)
    Soft-r^4(d,a)=(-2.00, 0.10) at (x,y,z) = ( 0.00, 1.30, 2.60)
    Soft-r^4(d,a)=(-2.00, 0.10) at (x,y,z) = ( 0.00, 1.30, 3.90)
    Soft-r^4(d,a)=(-2.00, 0.10) at (x,y,z) = ( 0.00, 1.30, 5.20)
    Soft-r^4(d,a)=(-2.00, 0.10) at (x,y,z) = ( 0.00, 2.60, 0.00)
    Soft-r^4(d,a)=(-2.00, 0.10) at (x,y,z) = ( 0.00, 2.60, 1.30)
    Soft-r^4(d,a)=(-2.00, 0.10) at (x,y,z) = ( 0.00, 2.60, 2.60)
    Soft-r^4(d,a)=(-2.00, 0.10) at (x,y,z) = ( 0.00, 2.60, 3.90)
    Soft-r^4(d,a)=(-2.00, 0.10) at (x,y,z) = ( 0.00, 2.60, 5.20)
    Soft-r^4(d,a)=(-2.00, 0.10) at (x,y,z) = ( 0.00, 3.90, 0.00)
    Soft-r^4(d,a)=(-2.00, 0.10) at (x,y,z) = ( 0.00, 3.90, 1.30)
    Soft-r^4(d,a)=(-2.00, 0.10) at (x,y,z) = ( 0.00, 3.90, 2.60)
    Soft-r^4(d,a)=(-2.00, 0.10) at (x,y,z) = ( 0.00, 3.90, 3.90)
    Soft-r^4(d,a)=(-2.00, 0.10) at (x,y,z) = ( 0.00, 3.90, 5.20)
    Soft-r^4(d,a)=(-2.00, 0.10) at (x,y,z) = ( 0.00, 5.20, 0.00)
    Soft-r^4(d,a)=(-2.00, 0.10) at (x,y,z) = ( 0.00, 5.20, 1.30)
    Soft-r^4(d,a)=(-2.00, 0.10) at (x,y,z) = ( 0.00, 5.20, 2.60)
    Soft-r^4(d,a)=(-2.00, 0.10) at (x,y,z) = ( 0.00, 5.20, 3.90)
    Soft-r^4(d,a)=(-2.00, 0.10) at (x,y,z) = ( 0.00, 5.20, 5.20)
    Soft-r^4(d,a)=(-2.00, 0.10) at (x,y,z) = ( 1.30, 0.00, 0.00)
    Soft-r^4(d,a)=(-2.00, 0.10) at (x,y,z) = ( 1.30, 0.00, 1.30)
    Soft-r^4(d,a)=(-2.00, 0.10) at (x,y,z) = ( 1.30, 0.00, 2.60)
    Soft-r^4(d,a)=(-2.00, 0.10) at (x,y,z) = ( 1.30, 0.00, 3.90)
    Soft-r^4(d,a)=(-2.00, 0.10) at (x,y,z) = ( 1.30, 0.00, 5.20)
    Soft-r^4(d,a)=(-2.00, 0.10) at (x,y,z) = ( 1.30, 1.30, 0.00)
    Soft-r^4(d,a)=(-2.00, 0.10) at (x,y,z) = ( 1.30, 1.30, 1.30)
    Soft-r^4(d,a)=(-2.00, 0.10) at (x,y,z) = ( 1.30, 1.30, 2.60)
    Soft-r^4(d,a)=(-2.00, 0.10) at (x,y,z) = ( 1.30, 1.30, 3.90)
    Soft-r^4(d,a)=(-2.00, 0.10) at (x,y,z) = ( 1.30, 1.30, 5.20)
    Soft-r^4(d,a)=(-2.00, 0.10) at (x,y,z) = ( 1.30, 2.60, 0.00)
    Soft-r^4(d,a)=(-2.00, 0.10) at (x,y,z) = ( 1.30, 2.60, 1.30)
    Soft-r^4(d,a)=(-2.00, 0.10) at (x,y,z) = ( 1.30, 2.60, 2.60)
    Soft-r^4(d,a)=(-2.00, 0.10) at (x,y,z) = ( 1.30, 2.60, 3.90)
    Soft-r^4(d,a)=(-2.00, 0.10) at (x,y,z) = ( 1.30, 2.60, 5.20)
    Soft-r^4(d,a)=(-2.00, 0.10) at (x,y,z) = ( 1.30, 3.90, 0.00)
    Soft-r^4(d,a)=(-2.00, 0.10) at (x,y,z) = ( 1.30, 3.90, 1.30)
    Soft-r^4(d,a)=(-2.00, 0.10) at (x,y,z) = ( 1.30, 3.90, 2.60)
    Soft-r^4(d,a)=(-2.00, 0.10) at (x,y,z) = ( 1.30, 3.90, 3.90)
    Soft-r^4(d,a)=(-2.00, 0.10) at (x,y,z) = ( 1.30, 3.90, 5.20)
    Soft-r^4(d,a)=(-2.00, 0.10) at (x,y,z) = ( 1.30, 5.20, 0.00)
    Soft-r^4(d,a)=(-2.00, 0.10) at (x,y,z) = ( 1.30, 5.20, 1.30)
    Soft-r^4(d,a)=(-2.00, 0.10) at (x,y,z) = ( 1.30, 5.20, 2.60)
    Soft-r^4(d,a)=(-2.00, 0.10) at (x,y,z) = ( 1.30, 5.20, 3.90)
    Soft-r^4(d,a)=(-2.00, 0.10) at (x,y,z) = ( 1.30, 5.20, 5.20)
    Soft-r^4(d,a)=(-2.00, 0.10) at (x,y,z) = ( 2.60, 0.00, 0.00)
    Soft-r^4(d,a)=(-2.00, 0.10) at (x,y,z) = ( 2.60, 0.00, 1.30)
    Soft-r^4(d,a)=(-2.00, 0.10) at (x,y,z) = ( 2.60, 0.00, 2.60)
    Soft-r^4(d,a)=(-2.00, 0.10) at (x,y,z) = ( 2.60, 0.00, 3.90)
    Soft-r^4(d,a)=(-2.00, 0.10) at (x,y,z) = ( 2.60, 0.00, 5.20)
    Soft-r^4(d,a)=(-2.00, 0.10) at (x,y,z) = ( 2.60, 1.30, 0.00)
    Soft-r^4(d,a)=(-2.00, 0.10) at (x,y,z) = ( 2.60, 1.30, 1.30)
    Soft-r^4(d,a)=(-2.00, 0.10) at (x,y,z) = ( 2.60, 1.30, 2.60)
    Soft-r^4(d,a)=(-2.00, 0.10) at (x,y,z) = ( 2.60, 1.30, 3.90)
    Soft-r^4(d,a)=(-2.00, 0.10) at (x,y,z) = ( 2.60, 1.30, 5.20)
    Soft-r^4(d,a)=(-2.00, 0.10) at (x,y,z) = ( 2.60, 2.60, 0.00)
    Soft-r^4(d,a)=(-2.00, 0.10) at (x,y,z) = ( 2.60, 2.60, 1.30)
    Soft-r^4(d,a)=(-2.00, 0.10) at (x,y,z) = ( 2.60, 2.60, 2.60)
    Soft-r^4(d,a)=(-2.00, 0.10) at (x,y,z) = ( 2.60, 2.60, 3.90)
    Soft-r^4(d,a)=(-2.00, 0.10) at (x,y,z) = ( 2.60, 2.60, 5.20)
    Soft-r^4(d,a)=(-2.00, 0.10) at (x,y,z) = ( 2.60, 3.90, 0.00)
    Soft-r^4(d,a)=(-2.00, 0.10) at (x,y,z) = ( 2.60, 3.90, 1.30)
    Soft-r^4(d,a)=(-2.00, 0.10) at (x,y,z) = ( 2.60, 3.90, 2.60)
    Soft-r^4(d,a)=(-2.00, 0.10) at (x,y,z) = ( 2.60, 3.90, 3.90)
    Soft-r^4(d,a)=(-2.00, 0.10) at (x,y,z) = ( 2.60, 3.90, 5.20)
    Soft-r^4(d,a)=(-2.00, 0.10) at (x,y,z) = ( 2.60, 5.20, 0.00)
    Soft-r^4(d,a)=(-2.00, 0.10) at (x,y,z) = ( 2.60, 5.20, 1.30)
    Soft-r^4(d,a)=(-2.00, 0.10) at (x,y,z) = ( 2.60, 5.20, 2.60)
    Soft-r^4(d,a)=(-2.00, 0.10) at (x,y,z) = ( 2.60, 5.20, 3.90)
    Soft-r^4(d,a)=(-2.00, 0.10) at (x,y,z) = ( 2.60, 5.20, 5.20)
    Soft-r^4(d,a)=(-2.00, 0.10) at (x,y,z) = ( 3.90, 0.00, 0.00)
    Soft-r^4(d,a)=(-2.00, 0.10) at (x,y,z) = ( 3.90, 0.00, 1.30)
    Soft-r^4(d,a)=(-2.00, 0.10) at (x,y,z) = ( 3.90, 0.00, 2.60)
    Soft-r^4(d,a)=(-2.00, 0.10) at (x,y,z) = ( 3.90, 0.00, 3.90)
    Soft-r^4(d,a)=(-2.00, 0.10) at (x,y,z) = ( 3.90, 0.00, 5.20)
    Soft-r^4(d,a)=(-2.00, 0.10) at (x,y,z) = ( 3.90, 1.30, 0.00)
    Soft-r^4(d,a)=(-2.00, 0.10) at (x,y,z) = ( 3.90, 1.30, 1.30)
    Soft-r^4(d,a)=(-2.00, 0.10) at (x,y,z) = ( 3.90, 1.30, 2.60)
    Soft-r^4(d,a)=(-2.00, 0.10) at (x,y,z) = ( 3.90, 1.30, 3.90)
    Soft-r^4(d,a)=(-2.00, 0.10) at (x,y,z) = ( 3.90, 1.30, 5.20)
    Soft-r^4(d,a)=(-2.00, 0.10) at (x,y,z) = ( 3.90, 2.60, 0.00)
    Soft-r^4(d,a)=(-2.00, 0.10) at (x,y,z) = ( 3.90, 2.60, 1.30)
    Soft-r^4(d,a)=(-2.00, 0.10) at (x,y,z) = ( 3.90, 2.60, 2.60)
    Soft-r^4(d,a)=(-2.00, 0.10) at (x,y,z) = ( 3.90, 2.60, 3.90)
    Soft-r^4(d,a)=(-2.00, 0.10) at (x,y,z) = ( 3.90, 2.60, 5.20)
    Soft-r^4(d,a)=(-2.00, 0.10) at (x,y,z) = ( 3.90, 3.90, 0.00)
    Soft-r^4(d,a)=(-2.00, 0.10) at (x,y,z) = ( 3.90, 3.90, 1.30)
    Soft-r^4(d,a)=(-2.00, 0.10) at (x,y,z) = ( 3.90, 3.90, 2.60)
    Soft-r^4(d,a)=(-2.00, 0.10) at (x,y,z) = ( 3.90, 3.90, 3.90)
    Soft-r^4(d,a)=(-2.00, 0.10) at (x,y,z) = ( 3.90, 3.90, 5.20)
    Soft-r^4(d,a)=(-2.00, 0.10) at (x,y,z) = ( 3.90, 5.20, 0.00)
    Soft-r^4(d,a)=(-2.00, 0.10) at (x,y,z) = ( 3.90, 5.20, 1.30)
    Soft-r^4(d,a)=(-2.00, 0.10) at (x,y,z) = ( 3.90, 5.20, 2.60)
    Soft-r^4(d,a)=(-2.00, 0.10) at (x,y,z) = ( 3.90, 5.20, 3.90)
    Soft-r^4(d,a)=(-2.00, 0.10) at (x,y,z) = ( 3.90, 5.20, 5.20)
    Soft-r^4(d,a)=(-2.00, 0.10) at (x,y,z) = ( 5.20, 0.00, 0.00)
    Soft-r^4(d,a)=(-2.00, 0.10) at (x,y,z) = ( 5.20, 0.00, 1.30)
    Soft-r^4(d,a)=(-2.00, 0.10) at (x,y,z) = ( 5.20, 0.00, 2.60)
    Soft-r^4(d,a)=(-2.00, 0.10) at (x,y,z) = ( 5.20, 0.00, 3.90)
    Soft-r^4(d,a)=(-2.00, 0.10) at (x,y,z) = ( 5.20, 0.00, 5.20)
    Soft-r^4(d,a)=(-2.00, 0.10) at (x,y,z) = ( 5.20, 1.30, 0.00)
    Soft-r^4(d,a)=(-2.00, 0.10) at (x,y,z) = ( 5.20, 1.30, 1.30)
    Soft-r^4(d,a)=(-2.00, 0.10) at (x,y,z) = ( 5.20, 1.30, 2.60)
    Soft-r^4(d,a)=(-2.00, 0.10) at (x,y,z) = ( 5.20, 1.30, 3.90)
    Soft-r^4(d,a)=(-2.00, 0.10) at (x,y,z) = ( 5.20, 1.30, 5.20)
    Soft-r^4(d,a)=(-2.00, 0.10) at (x,y,z) = ( 5.20, 2.60, 0.00)
    Soft-r^4(d,a)=(-2.00, 0.10) at (x,y,z) = ( 5.20, 2.60, 1.30)
    Soft-r^4(d,a)=(-2.00, 0.10) at (x,y,z) = ( 5.20, 2.60, 2.60)
    Soft-r^4(d,a)=(-2.00, 0.10) at (x,y,z) = ( 5.20, 2.60, 3.90)
    Soft-r^4(d,a)=(-2.00, 0.10) at (x,y,z) = ( 5.20, 2.60, 5.20)
    Soft-r^4(d,a)=(-2.00, 0.10) at (x,y,z) = ( 5.20, 3.90, 0.00)
    Soft-r^4(d,a)=(-2.00, 0.10) at (x,y,z) = ( 5.20, 3.90, 1.30)
    Soft-r^4(d,a)=(-2.00, 0.10) at (x,y,z) = ( 5.20, 3.90, 2.60)
    Soft-r^4(d,a)=(-2.00, 0.10) at (x,y,z) = ( 5.20, 3.90, 3.90)
    Soft-r^4(d,a)=(-2.00, 0.10) at (x,y,z) = ( 5.20, 3.90, 5.20)
    Soft-r^4(d,a)=(-2.00, 0.10) at (x,y,z) = ( 5.20, 5.20, 0.00)
    Soft-r^4(d,a)=(-2.00, 0.10) at (x,y,z) = ( 5.20, 5.20, 1.30)
    Soft-r^4(d,a)=(-2.00, 0.10) at (x,y,z) = ( 5.20, 5.20, 2.60)
    Soft-r^4(d,a)=(-2.00, 0.10) at (x,y,z) = ( 5.20, 5.20, 3.90)
    Soft-r^4(d,a)=(-2.00, 0.10) at (x,y,z) = ( 5.20, 5.20, 5.20)


----GRAPH-CREATION-and-PARTITIONING----=======================================
      Setup: Max:   0.076, Sum: 310.518, Balance:   1.000
   Matching: Max:   0.142, Sum: 581.399, Balance:   1.000
Contraction: Max:   0.036, Sum: 146.044, Balance:   1.000
   InitPart: Max:  13.344, Sum: 54656.375, Balance:   1.000
    Project: Max:   0.001, Sum:   2.438, Balance:   1.137
 Initialize: Max:   0.026, Sum: 103.973, Balance:   1.009
      K-way: Max:   0.339, Sum: 1388.262, Balance:   1.000
      Remap: Max:   0.009, Sum:  38.338, Balance:   1.000
      Total: Max:  13.972, Sum: 57228.465, Balance:   1.000
Final 4096-way Cut: 73142905 	Balance: 1.194 

    Number of nodes:
         Rank0.........1.650E+02
         Averg.........1.608E+02
         Total.........6.585E+05
    Number of edges:
         Rank0.........3.903E+04
         Averg.........5.179E+04
         Total.........2.121E+08
    Memory usage.[MB]:
         Rank0.........5.980E-01
         Averg.........7.927E-01
         Total.........3.247E+03


----MATRIX-ALLOCATION----=====================================================
    Dimension of matrix H or S:
              Rank0..............1.650E+02 (165)
              Averg..............1.608E+02       
              Total..............6.585E+05 (658503)
    Nonzero entries in H or S:
              Rank0..............3.919E+04 (39193)
              Averg..............5.195E+04       
              Total..............2.128E+08 (212776173)
    Sparseness of H or S (fraction):
              Rank0..............3.607E-04
              Averg..............4.907E-04
    Sparseness of H or S (non-zero elemnts in a row):
              Rank0..............237.5
              Averg..............323.1
    Memory usage for H and S [MiB]:
              Rank0..............1.196E+00
              Averg..............1.585E+00
              Total..............6.493E+03


----ASSEMBLING----============================================================
..........10..........20..........30..........40..........50done
Assembling time = 3 [s]



----SOLVING----===============================================================
EPS Object: 4096 MPI processes
  type: krylovschur
    Krylov-Schur: 50% of basis vectors kept after restart
  problem type: generalized symmetric eigenvalue problem
  extraction type: Rayleigh-Ritz
  selected portion of the spectrum: smallest real parts
  number of eigenvalues (nev): 100
  number of column vectors (ncv): 300
  maximum dimension of projected problem (mpd): 300
  maximum number of iterations: 1500
  tolerance: 0.0001
  convergence test: relative to the eigenvalue
  estimates of matrix norms (constant): norm(A)=1, norm(B)=1
IP Object: 4096 MPI processes
  type: bilinear
  orthogonalization method: classical Gram-Schmidt
  orthogonalization refinement: if needed (eta: 0.7071)
  Matrix Object:   4096 MPI processes
    type: mpiaij
    rows=658503, cols=658503
    total: nonzeros=212776173, allocated nonzeros=212776173
    total number of mallocs used during MatSetValues calls =0
      not using I-node (on process 0) routines
DS Object: 4096 MPI processes
  type: hep
  solving the problem with: Implicit QR method (_steqr)
ST Object: 4096 MPI processes
  type: shift
  shift: 0
  matrices A and B have same nonzero pattern
  KSP Object:  (st_)   4096 MPI processes
    type: cg
    maximum iterations=10000
    using preconditioner applied to right hand side for initial guess
    tolerances:  relative=1e-05, absolute=1e-50, divergence=10000
    left preconditioning
    using nonzero initial guess
    using PRECONDITIONED norm type for convergence test
  PC Object:  (st_)   4096 MPI processes
    type: asm
      Additive Schwarz: total subdomain blocks = 4096, amount of overlap = 1
      Additive Schwarz: restriction/interpolation type - RESTRICT
      Local solve is same for all blocks, in the following KSP and PC objects:
    KSP Object:    (st_sub_)     1 MPI processes
      type: preonly
      maximum iterations=10000, initial guess is zero
      tolerances:  relative=1e-05, absolute=1e-50, divergence=10000
      left preconditioning
      using DEFAULT norm type for convergence test
    PC Object:    (st_sub_)     1 MPI processes
      type: icc
        0 levels of fill
        tolerance for zero pivot 2.22045e-14
        using Manteuffel shift
        matrix ordering: natural
      linear system matrix = precond matrix:
      Matrix Object:       1 MPI processes
        type: seqaij
        rows=1280, cols=1280
        total: nonzeros=261658, allocated nonzeros=261658
        total number of mallocs used during MatSetValues calls =0
          not using I-node routines
    linear system matrix = precond matrix:
    Matrix Object:     4096 MPI processes
      type: mpiaij
      rows=658503, cols=658503
      total: nonzeros=212776173, allocated nonzeros=212776173
      total number of mallocs used during MatSetValues calls =0
        not using I-node (on process 0) routines


  1 EPS nconv=14 first unconverged value (error) -18.6347 (2.27891859e-02)
  2 EPS nconv=26 first unconverged value (error) -17.595 (2.49358544e-03)
  3 EPS nconv=34 first unconverged value (error) -17.1095 (5.52468579e-03)
  4 EPS nconv=48 first unconverged value (error) -16.5803 (1.30135527e-02)
  5 EPS nconv=92 first unconverged value (error) -14.7666 (3.97945945e-02)
  6 EPS nconv=98 first unconverged value (error) -14.6244 (7.87734703e-04)
  7 EPS nconv=122 first unconverged value (error) -13.9413 (8.51420249e-04)

--------------------------------------------------------------
    Number of iterations of the method.............7
    Number of linear iterations of the method......6272
    Solution method................................krylovschur
    Number of requested eigenvalues................100
    Stopping condition: eps_tol....................1.000000E-04
    Stopping condition: eps_max_it.................1500
--------------------------------------------------------------


             EIGENVALUES            ERROR
====================================================
    0    -2.0323190767E+01     1.6007417047E-07
    1    -1.9740611914E+01     2.2010341497E-07
    2    -1.9740321227E+01     1.9550696793E-07
    3    -1.9740310842E+01     1.7179033944E-07
    4    -1.9242668515E+01     1.8745679278E-07
    5    -1.9227801270E+01     1.7552580008E-07
    6    -1.9227795909E+01     1.9654444500E-07
    7    -1.9167432611E+01     1.6217095231E-07
    8    -1.9167138329E+01     1.6078865031E-07
    9    -1.9167129456E+01     1.6794868270E-07
   10    -1.8665588208E+01     2.1436755300E-07
   11    -1.8664096803E+01     2.1966629914E-07
   12    -1.8664087844E+01     2.1446267994E-07
   13    -1.8655318885E+01     1.9120496772E-07
   14    -1.8655314613E+01     3.0577857343E-07
   15    -1.8653849568E+01     6.9466328243E-07
   16    -1.8603201281E+01     1.5827321190E-07
   17    -1.8169714253E+01     1.8860937504E-07
   18    -1.8154870176E+01     3.1643991486E-07
   19    -1.8154864317E+01     3.1730919296E-07
   20    -1.8097611996E+01     1.7473525912E-07
   21    -1.8094936508E+01     1.6274758827E-07
   22    -1.8094927409E+01     1.7822425832E-07
   23    -1.7637360638E+01     1.8199990967E-07
   24    -1.7635815713E+01     1.8713024854E-07
   25    -1.7635815164E+01     2.0581438885E-07
   26    -1.7597447676E+01     2.4960370926E-07
   27    -1.7594925460E+01     1.8845298572E-07
   28    -1.7594919049E+01     2.0773698642E-07
   29    -1.7511838196E+01     2.0462113254E-07
   30    -1.7507810115E+01     2.0184702825E-07
   31    -1.7507804951E+01     1.8531456852E-07
   32    -1.7112594870E+01     2.8820449913E-07
   33    -1.7111866475E+01     1.6430334789E-07
   34    -1.7111862358E+01     2.6986313695E-07
   35    -1.7102500651E+01     2.7621373307E-07
   36    -1.7091903203E+01     2.1027243492E-07
   37    -1.7091892752E+01     2.5200293472E-07
   38    -1.7090847558E+01     3.6060696575E-07
   39    -1.6980887577E+01     2.0324669634E-07
   40    -1.6978746760E+01     1.7638643432E-07
   41    -1.6978737541E+01     1.8990025645E-07
   42    -1.6967052118E+01     2.0338645100E-07
   43    -1.6967045521E+01     1.9963831041E-07
   44    -1.6965218897E+01     2.0683335103E-07
   45    -1.6604195603E+01     2.0815137495E-07
   46    -1.6597481851E+01     1.6493999655E-07
   47    -1.6597472520E+01     1.9866030290E-07
   48    -1.6596189683E+01     1.6806451402E-07
   49    -1.6577469506E+01     1.5525026579E-07
   50    -1.6577462230E+01     2.1266542000E-07
   51    -1.6570948334E+01     1.9949080332E-07
   52    -1.6564609253E+01     1.8022996127E-07
   53    -1.6564601837E+01     1.8981680677E-07
   54    -1.6480665241E+01     2.0366143557E-07
   55    -1.6472964341E+01     2.0042867124E-07
   56    -1.6472958601E+01     1.7982500956E-07
   57    -1.6456750309E+01     1.8200119083E-07
   58    -1.6438613298E+01     1.7907405431E-07
   59    -1.6438610272E+01     1.7052750423E-07
   60    -1.6437909806E+01     1.8714861144E-07
   61    -1.6437898783E+01     2.0582584223E-07
   62    -1.6429476235E+01     2.1402651655E-07
   63    -1.6081795046E+01     2.2574871703E-07
   64    -1.6072319013E+01     1.6379319969E-07
   65    -1.6072311936E+01     1.8293508955E-07
   66    -1.6052263681E+01     2.6292604957E-07
   67    -1.6052250670E+01     1.9975038305E-07
   68    -1.6037700810E+01     1.9721901379E-07
   69    -1.5956385767E+01     2.0621999892E-07
   70    -1.5943476698E+01     2.1076295469E-07
   71    -1.5943466435E+01     1.9176095110E-07
   72    -1.5909560013E+01     2.2571420735E-07
   73    -1.5909550104E+01     2.0506491168E-07
   74    -1.5901340452E+01     1.9634627858E-07
   75    -1.5582006064E+01     2.2036102719E-07
   76    -1.5539877324E+01     2.1188258138E-07
   77    -1.5539874460E+01     1.6449423469E-07
   78    -1.5449746645E+01     2.2353426198E-07
   79    -1.5400131357E+01     2.5948475692E-07
   80    -1.5400127978E+01     2.0932104534E-07
   81    -1.5247278951E+01     1.6889034362E-07
   82    -1.5245785738E+01     1.6701301722E-07
   83    -1.5245779146E+01     1.6689885134E-07
   84    -1.5116338881E+01     1.9721456969E-07
   85    -1.5114098303E+01     2.0115198076E-07
   86    -1.5114091600E+01     2.3194961120E-07
   87    -1.5112362149E+01     2.1704900998E-07
   88    -1.5112357542E+01     5.1032128291E-07
   89    -1.5110175082E+01     2.0477067054E-07
   90    -1.4983362713E+01     2.2769069600E-07
   91    -1.4978896292E+01     3.8244694656E-07
   92    -1.4978889206E+01     7.2487462158E-07
   93    -1.4771902154E+01     1.8017523895E-07
   94    -1.4741005688E+01     1.9067315056E-07
   95    -1.4740989842E+01     1.7250882140E-07
   96    -1.4634516340E+01     1.7638137575E-07
   97    -1.4624516425E+01     1.8043404427E-07
   98    -1.4624512036E+01     3.8172680601E-07
   99    -1.4608680943E+01     2.0093802296E-07
  100    -1.4608671139E+01     2.0901607871E-07
  101    -1.4598123678E+01     2.0459569691E-07
  102    -1.4553762069E+01     2.4392017971E-07
  103    -1.4550834832E+01     3.1635362416E-07
  104    -1.4550824364E+01     2.3143880096E-07
  105    -1.4495160339E+01     1.8322146149E-07
  106    -1.4475589936E+01     1.9211658589E-07
  107    -1.4475583169E+01     3.1425879102E-07
  108    -1.4258791101E+01     2.1806690175E-07
  109    -1.4224335522E+01     1.6619331973E-07
  110    -1.4224332406E+01     1.9281951172E-07
  111    -1.4129595064E+01     2.2837270887E-07
  112    -1.4114402103E+01     2.2189847251E-07
  113    -1.4114395379E+01     2.0623027445E-07
  114    -1.4080856337E+01     2.3659348963E-07
  115    -1.4080850541E+01     2.3941170018E-07
  116    -1.4066067989E+01     2.0086791069E-07
  117    -1.3999854097E+01     2.1087275115E-07
  118    -1.3986242013E+01     4.7352152103E-07
  119    -1.3984778727E+01     1.1954520394E-06
  120    -1.3984774319E+01     1.7131305027E-06
  121    -1.3941359937E+01     6.5320403055E-07


 TOTAL TIME = 319 [s]
