===============================================================================
 RRRRR  SSSSS  H   H  RRRRR    Zbigniew ROMANOWSKI                             
 R   R  S      H   H  R   R                                                    
 RRRRR  SSSSS  HHHHH  RRRRR    version: 5.4                                    
 R  R       S  H   H  R  R                                                     
 R   R  SSSSS  H   H  R   R    compilation date: Dec  8 2012 (20:50:40)                       
===============================================================================

PEs = 64

----INITIALIZATION----========================================================
DOMAIN:
    BsplDeg = 3, CubatOrder = 5, CubatNodeNo = 125
    h = 4.000000E-01
    Nx = 113,    Ny = 113,   Nz = 113
    X0 = -2.000000E+01,    Xmax = 2.520000E+01
    Y0 = -2.000000E+01,    Ymax = 2.520000E+01
    Z0 = -2.000000E+01,    Zmax = 2.520000E+01

NUMBER OF 'ATOMS' = 125
    Soft-r^4(d,a)=(-2.00, 0.10) at (x,y,z) = ( 0.00, 0.00, 0.00)
    Soft-r^4(d,a)=(-2.00, 0.10) at (x,y,z) = ( 0.00, 0.00, 1.30)
    Soft-r^4(d,a)=(-2.00, 0.10) at (x,y,z) = ( 0.00, 0.00, 2.60)
    Soft-r^4(d,a)=(-2.00, 0.10) at (x,y,z) = ( 0.00, 0.00, 3.90)
    Soft-r^4(d,a)=(-2.00, 0.10) at (x,y,z) = ( 0.00, 0.00, 5.20)
    Soft-r^4(d,a)=(-2.00, 0.10) at (x,y,z) = ( 0.00, 1.30, 0.00)
    Soft-r^4(d,a)=(-2.00, 0.10) at (x,y,z) = ( 0.00, 1.30, 1.30)
    Soft-r^4(d,a)=(-2.00, 0.10) at (x,y,z) = ( 0.00, 1.30, 2.60)
    Soft-r^4(d,a)=(-2.00, 0.10) at (x,y,z) = ( 0.00, 1.30, 3.90)
    Soft-r^4(d,a)=(-2.00, 0.10) at (x,y,z) = ( 0.00, 1.30, 5.20)
    Soft-r^4(d,a)=(-2.00, 0.10) at (x,y,z) = ( 0.00, 2.60, 0.00)
    Soft-r^4(d,a)=(-2.00, 0.10) at (x,y,z) = ( 0.00, 2.60, 1.30)
    Soft-r^4(d,a)=(-2.00, 0.10) at (x,y,z) = ( 0.00, 2.60, 2.60)
    Soft-r^4(d,a)=(-2.00, 0.10) at (x,y,z) = ( 0.00, 2.60, 3.90)
    Soft-r^4(d,a)=(-2.00, 0.10) at (x,y,z) = ( 0.00, 2.60, 5.20)
    Soft-r^4(d,a)=(-2.00, 0.10) at (x,y,z) = ( 0.00, 3.90, 0.00)
    Soft-r^4(d,a)=(-2.00, 0.10) at (x,y,z) = ( 0.00, 3.90, 1.30)
    Soft-r^4(d,a)=(-2.00, 0.10) at (x,y,z) = ( 0.00, 3.90, 2.60)
    Soft-r^4(d,a)=(-2.00, 0.10) at (x,y,z) = ( 0.00, 3.90, 3.90)
    Soft-r^4(d,a)=(-2.00, 0.10) at (x,y,z) = ( 0.00, 3.90, 5.20)
    Soft-r^4(d,a)=(-2.00, 0.10) at (x,y,z) = ( 0.00, 5.20, 0.00)
    Soft-r^4(d,a)=(-2.00, 0.10) at (x,y,z) = ( 0.00, 5.20, 1.30)
    Soft-r^4(d,a)=(-2.00, 0.10) at (x,y,z) = ( 0.00, 5.20, 2.60)
    Soft-r^4(d,a)=(-2.00, 0.10) at (x,y,z) = ( 0.00, 5.20, 3.90)
    Soft-r^4(d,a)=(-2.00, 0.10) at (x,y,z) = ( 0.00, 5.20, 5.20)
    Soft-r^4(d,a)=(-2.00, 0.10) at (x,y,z) = ( 1.30, 0.00, 0.00)
    Soft-r^4(d,a)=(-2.00, 0.10) at (x,y,z) = ( 1.30, 0.00, 1.30)
    Soft-r^4(d,a)=(-2.00, 0.10) at (x,y,z) = ( 1.30, 0.00, 2.60)
    Soft-r^4(d,a)=(-2.00, 0.10) at (x,y,z) = ( 1.30, 0.00, 3.90)
    Soft-r^4(d,a)=(-2.00, 0.10) at (x,y,z) = ( 1.30, 0.00, 5.20)
    Soft-r^4(d,a)=(-2.00, 0.10) at (x,y,z) = ( 1.30, 1.30, 0.00)
    Soft-r^4(d,a)=(-2.00, 0.10) at (x,y,z) = ( 1.30, 1.30, 1.30)
    Soft-r^4(d,a)=(-2.00, 0.10) at (x,y,z) = ( 1.30, 1.30, 2.60)
    Soft-r^4(d,a)=(-2.00, 0.10) at (x,y,z) = ( 1.30, 1.30, 3.90)
    Soft-r^4(d,a)=(-2.00, 0.10) at (x,y,z) = ( 1.30, 1.30, 5.20)
    Soft-r^4(d,a)=(-2.00, 0.10) at (x,y,z) = ( 1.30, 2.60, 0.00)
    Soft-r^4(d,a)=(-2.00, 0.10) at (x,y,z) = ( 1.30, 2.60, 1.30)
    Soft-r^4(d,a)=(-2.00, 0.10) at (x,y,z) = ( 1.30, 2.60, 2.60)
    Soft-r^4(d,a)=(-2.00, 0.10) at (x,y,z) = ( 1.30, 2.60, 3.90)
    Soft-r^4(d,a)=(-2.00, 0.10) at (x,y,z) = ( 1.30, 2.60, 5.20)
    Soft-r^4(d,a)=(-2.00, 0.10) at (x,y,z) = ( 1.30, 3.90, 0.00)
    Soft-r^4(d,a)=(-2.00, 0.10) at (x,y,z) = ( 1.30, 3.90, 1.30)
    Soft-r^4(d,a)=(-2.00, 0.10) at (x,y,z) = ( 1.30, 3.90, 2.60)
    Soft-r^4(d,a)=(-2.00, 0.10) at (x,y,z) = ( 1.30, 3.90, 3.90)
    Soft-r^4(d,a)=(-2.00, 0.10) at (x,y,z) = ( 1.30, 3.90, 5.20)
    Soft-r^4(d,a)=(-2.00, 0.10) at (x,y,z) = ( 1.30, 5.20, 0.00)
    Soft-r^4(d,a)=(-2.00, 0.10) at (x,y,z) = ( 1.30, 5.20, 1.30)
    Soft-r^4(d,a)=(-2.00, 0.10) at (x,y,z) = ( 1.30, 5.20, 2.60)
    Soft-r^4(d,a)=(-2.00, 0.10) at (x,y,z) = ( 1.30, 5.20, 3.90)
    Soft-r^4(d,a)=(-2.00, 0.10) at (x,y,z) = ( 1.30, 5.20, 5.20)
    Soft-r^4(d,a)=(-2.00, 0.10) at (x,y,z) = ( 2.60, 0.00, 0.00)
    Soft-r^4(d,a)=(-2.00, 0.10) at (x,y,z) = ( 2.60, 0.00, 1.30)
    Soft-r^4(d,a)=(-2.00, 0.10) at (x,y,z) = ( 2.60, 0.00, 2.60)
    Soft-r^4(d,a)=(-2.00, 0.10) at (x,y,z) = ( 2.60, 0.00, 3.90)
    Soft-r^4(d,a)=(-2.00, 0.10) at (x,y,z) = ( 2.60, 0.00, 5.20)
    Soft-r^4(d,a)=(-2.00, 0.10) at (x,y,z) = ( 2.60, 1.30, 0.00)
    Soft-r^4(d,a)=(-2.00, 0.10) at (x,y,z) = ( 2.60, 1.30, 1.30)
    Soft-r^4(d,a)=(-2.00, 0.10) at (x,y,z) = ( 2.60, 1.30, 2.60)
    Soft-r^4(d,a)=(-2.00, 0.10) at (x,y,z) = ( 2.60, 1.30, 3.90)
    Soft-r^4(d,a)=(-2.00, 0.10) at (x,y,z) = ( 2.60, 1.30, 5.20)
    Soft-r^4(d,a)=(-2.00, 0.10) at (x,y,z) = ( 2.60, 2.60, 0.00)
    Soft-r^4(d,a)=(-2.00, 0.10) at (x,y,z) = ( 2.60, 2.60, 1.30)
    Soft-r^4(d,a)=(-2.00, 0.10) at (x,y,z) = ( 2.60, 2.60, 2.60)
    Soft-r^4(d,a)=(-2.00, 0.10) at (x,y,z) = ( 2.60, 2.60, 3.90)
    Soft-r^4(d,a)=(-2.00, 0.10) at (x,y,z) = ( 2.60, 2.60, 5.20)
    Soft-r^4(d,a)=(-2.00, 0.10) at (x,y,z) = ( 2.60, 3.90, 0.00)
    Soft-r^4(d,a)=(-2.00, 0.10) at (x,y,z) = ( 2.60, 3.90, 1.30)
    Soft-r^4(d,a)=(-2.00, 0.10) at (x,y,z) = ( 2.60, 3.90, 2.60)
    Soft-r^4(d,a)=(-2.00, 0.10) at (x,y,z) = ( 2.60, 3.90, 3.90)
    Soft-r^4(d,a)=(-2.00, 0.10) at (x,y,z) = ( 2.60, 3.90, 5.20)
    Soft-r^4(d,a)=(-2.00, 0.10) at (x,y,z) = ( 2.60, 5.20, 0.00)
    Soft-r^4(d,a)=(-2.00, 0.10) at (x,y,z) = ( 2.60, 5.20, 1.30)
    Soft-r^4(d,a)=(-2.00, 0.10) at (x,y,z) = ( 2.60, 5.20, 2.60)
    Soft-r^4(d,a)=(-2.00, 0.10) at (x,y,z) = ( 2.60, 5.20, 3.90)
    Soft-r^4(d,a)=(-2.00, 0.10) at (x,y,z) = ( 2.60, 5.20, 5.20)
    Soft-r^4(d,a)=(-2.00, 0.10) at (x,y,z) = ( 3.90, 0.00, 0.00)
    Soft-r^4(d,a)=(-2.00, 0.10) at (x,y,z) = ( 3.90, 0.00, 1.30)
    Soft-r^4(d,a)=(-2.00, 0.10) at (x,y,z) = ( 3.90, 0.00, 2.60)
    Soft-r^4(d,a)=(-2.00, 0.10) at (x,y,z) = ( 3.90, 0.00, 3.90)
    Soft-r^4(d,a)=(-2.00, 0.10) at (x,y,z) = ( 3.90, 0.00, 5.20)
    Soft-r^4(d,a)=(-2.00, 0.10) at (x,y,z) = ( 3.90, 1.30, 0.00)
    Soft-r^4(d,a)=(-2.00, 0.10) at (x,y,z) = ( 3.90, 1.30, 1.30)
    Soft-r^4(d,a)=(-2.00, 0.10) at (x,y,z) = ( 3.90, 1.30, 2.60)
    Soft-r^4(d,a)=(-2.00, 0.10) at (x,y,z) = ( 3.90, 1.30, 3.90)
    Soft-r^4(d,a)=(-2.00, 0.10) at (x,y,z) = ( 3.90, 1.30, 5.20)
    Soft-r^4(d,a)=(-2.00, 0.10) at (x,y,z) = ( 3.90, 2.60, 0.00)
    Soft-r^4(d,a)=(-2.00, 0.10) at (x,y,z) = ( 3.90, 2.60, 1.30)
    Soft-r^4(d,a)=(-2.00, 0.10) at (x,y,z) = ( 3.90, 2.60, 2.60)
    Soft-r^4(d,a)=(-2.00, 0.10) at (x,y,z) = ( 3.90, 2.60, 3.90)
    Soft-r^4(d,a)=(-2.00, 0.10) at (x,y,z) = ( 3.90, 2.60, 5.20)
    Soft-r^4(d,a)=(-2.00, 0.10) at (x,y,z) = ( 3.90, 3.90, 0.00)
    Soft-r^4(d,a)=(-2.00, 0.10) at (x,y,z) = ( 3.90, 3.90, 1.30)
    Soft-r^4(d,a)=(-2.00, 0.10) at (x,y,z) = ( 3.90, 3.90, 2.60)
    Soft-r^4(d,a)=(-2.00, 0.10) at (x,y,z) = ( 3.90, 3.90, 3.90)
    Soft-r^4(d,a)=(-2.00, 0.10) at (x,y,z) = ( 3.90, 3.90, 5.20)
    Soft-r^4(d,a)=(-2.00, 0.10) at (x,y,z) = ( 3.90, 5.20, 0.00)
    Soft-r^4(d,a)=(-2.00, 0.10) at (x,y,z) = ( 3.90, 5.20, 1.30)
    Soft-r^4(d,a)=(-2.00, 0.10) at (x,y,z) = ( 3.90, 5.20, 2.60)
    Soft-r^4(d,a)=(-2.00, 0.10) at (x,y,z) = ( 3.90, 5.20, 3.90)
    Soft-r^4(d,a)=(-2.00, 0.10) at (x,y,z) = ( 3.90, 5.20, 5.20)
    Soft-r^4(d,a)=(-2.00, 0.10) at (x,y,z) = ( 5.20, 0.00, 0.00)
    Soft-r^4(d,a)=(-2.00, 0.10) at (x,y,z) = ( 5.20, 0.00, 1.30)
    Soft-r^4(d,a)=(-2.00, 0.10) at (x,y,z) = ( 5.20, 0.00, 2.60)
    Soft-r^4(d,a)=(-2.00, 0.10) at (x,y,z) = ( 5.20, 0.00, 3.90)
    Soft-r^4(d,a)=(-2.00, 0.10) at (x,y,z) = ( 5.20, 0.00, 5.20)
    Soft-r^4(d,a)=(-2.00, 0.10) at (x,y,z) = ( 5.20, 1.30, 0.00)
    Soft-r^4(d,a)=(-2.00, 0.10) at (x,y,z) = ( 5.20, 1.30, 1.30)
    Soft-r^4(d,a)=(-2.00, 0.10) at (x,y,z) = ( 5.20, 1.30, 2.60)
    Soft-r^4(d,a)=(-2.00, 0.10) at (x,y,z) = ( 5.20, 1.30, 3.90)
    Soft-r^4(d,a)=(-2.00, 0.10) at (x,y,z) = ( 5.20, 1.30, 5.20)
    Soft-r^4(d,a)=(-2.00, 0.10) at (x,y,z) = ( 5.20, 2.60, 0.00)
    Soft-r^4(d,a)=(-2.00, 0.10) at (x,y,z) = ( 5.20, 2.60, 1.30)
    Soft-r^4(d,a)=(-2.00, 0.10) at (x,y,z) = ( 5.20, 2.60, 2.60)
    Soft-r^4(d,a)=(-2.00, 0.10) at (x,y,z) = ( 5.20, 2.60, 3.90)
    Soft-r^4(d,a)=(-2.00, 0.10) at (x,y,z) = ( 5.20, 2.60, 5.20)
    Soft-r^4(d,a)=(-2.00, 0.10) at (x,y,z) = ( 5.20, 3.90, 0.00)
    Soft-r^4(d,a)=(-2.00, 0.10) at (x,y,z) = ( 5.20, 3.90, 1.30)
    Soft-r^4(d,a)=(-2.00, 0.10) at (x,y,z) = ( 5.20, 3.90, 2.60)
    Soft-r^4(d,a)=(-2.00, 0.10) at (x,y,z) = ( 5.20, 3.90, 3.90)
    Soft-r^4(d,a)=(-2.00, 0.10) at (x,y,z) = ( 5.20, 3.90, 5.20)
    Soft-r^4(d,a)=(-2.00, 0.10) at (x,y,z) = ( 5.20, 5.20, 0.00)
    Soft-r^4(d,a)=(-2.00, 0.10) at (x,y,z) = ( 5.20, 5.20, 1.30)
    Soft-r^4(d,a)=(-2.00, 0.10) at (x,y,z) = ( 5.20, 5.20, 2.60)
    Soft-r^4(d,a)=(-2.00, 0.10) at (x,y,z) = ( 5.20, 5.20, 3.90)
    Soft-r^4(d,a)=(-2.00, 0.10) at (x,y,z) = ( 5.20, 5.20, 5.20)


----GRAPH-CREATION-and-PARTITIONING----=======================================
      Setup: Max:   5.001, Sum: 320.058, Balance:   1.000
   Matching: Max:   4.030, Sum: 257.918, Balance:   1.000
Contraction: Max:   1.549, Sum:  99.156, Balance:   1.000
   InitPart: Max:   0.092, Sum:   5.889, Balance:   1.000
    Project: Max:   0.002, Sum:   0.152, Balance:   1.037
 Initialize: Max:   1.069, Sum:  68.390, Balance:   1.000
      K-way: Max:   3.292, Sum: 210.714, Balance:   1.000
      Remap: Max:   0.001, Sum:   0.040, Balance:   1.001
      Total: Max:  15.037, Sum: 962.344, Balance:   1.000
Final  64-way Cut: 28452614 	Balance: 1.050 

    Number of nodes:
         Rank0.........1.444E+04
         Averg.........2.080E+04
         Total.........1.331E+06
    Number of edges:
         Rank0.........4.649E+06
         Averg.........6.784E+06
         Total.........4.342E+08
    Memory usage.[MB]:
         Rank0.........7.117E+01
         Averg.........1.038E+02
         Total.........6.646E+03


----MATRIX-ALLOCATION----=====================================================
    Dimension of matrix H or S:
              Rank0..............1.444E+04 (14443)
              Averg..............2.080E+04       
              Total..............1.331E+06 (1331000)
    Nonzero entries in H or S:
              Rank0..............4.664E+06 (4663918)
              Averg..............6.805E+06       
              Total..............4.355E+08 (435519512)
    Sparseness of H or S (fraction):
              Rank0..............2.426E-04
              Averg..............2.458E-04
    Sparseness of H or S (non-zero elemnts in a row):
              Rank0..............322.9
              Averg..............327.2
    Memory usage for H and S [MiB]:
              Rank0..............1.423E+02
              Averg..............2.077E+02
              Total..............1.329E+04


----ASSEMBLING----============================================================
..........10..........20..........30..........40..........50done
Assembling time = 212 [s]



----SOLVING----===============================================================
EPS Object: 64 MPI processes
  type: krylovschur
    Krylov-Schur: 50% of basis vectors kept after restart
  problem type: generalized symmetric eigenvalue problem
  extraction type: Rayleigh-Ritz
  selected portion of the spectrum: smallest real parts
  number of eigenvalues (nev): 100
  number of column vectors (ncv): 300
  maximum dimension of projected problem (mpd): 300
  maximum number of iterations: 1500
  tolerance: 0.0001
  convergence test: relative to the eigenvalue
  estimates of matrix norms (constant): norm(A)=1, norm(B)=1
IP Object: 64 MPI processes
  type: bilinear
  orthogonalization method: classical Gram-Schmidt
  orthogonalization refinement: if needed (eta: 0.7071)
  Matrix Object:   64 MPI processes
    type: mpiaij
    rows=1331000, cols=1331000
    total: nonzeros=435519512, allocated nonzeros=435519512
    total number of mallocs used during MatSetValues calls =0
      not using I-node (on process 0) routines
DS Object: 64 MPI processes
  type: hep
  solving the problem with: Implicit QR method (_steqr)
ST Object: 64 MPI processes
  type: shift
  shift: 0
  matrices A and B have same nonzero pattern
  KSP Object:  (st_)   64 MPI processes
    type: cg
    maximum iterations=10000
    using preconditioner applied to right hand side for initial guess
    tolerances:  relative=1e-05, absolute=1e-50, divergence=10000
    left preconditioning
    using nonzero initial guess
    using PRECONDITIONED norm type for convergence test
  PC Object:  (st_)   64 MPI processes
    type: asm
      Additive Schwarz: total subdomain blocks = 64, amount of overlap = 1
      Additive Schwarz: restriction/interpolation type - RESTRICT
      Local solve is same for all blocks, in the following KSP and PC objects:
    KSP Object:    (st_sub_)     1 MPI processes
      type: preonly
      maximum iterations=10000, initial guess is zero
      tolerances:  relative=1e-05, absolute=1e-50, divergence=10000
      left preconditioning
      using DEFAULT norm type for convergence test
    PC Object:    (st_sub_)     1 MPI processes
      type: icc
        0 levels of fill
        tolerance for zero pivot 2.22045e-14
        using Manteuffel shift
        matrix ordering: natural
      linear system matrix = precond matrix:
      Matrix Object:       1 MPI processes
        type: seqaij
        rows=27346, cols=27346
        total: nonzeros=7904960, allocated nonzeros=7904960
        total number of mallocs used during MatSetValues calls =0
          not using I-node routines
    linear system matrix = precond matrix:
    Matrix Object:     64 MPI processes
      type: mpiaij
      rows=1331000, cols=1331000
      total: nonzeros=435519512, allocated nonzeros=435519512
      total number of mallocs used during MatSetValues calls =0
        not using I-node (on process 0) routines


  1 EPS nconv=10 first unconverged value (error) -18.8126 (5.02704102e-04)
  2 EPS nconv=12 first unconverged value (error) -18.8088 (7.95550752e-03)
  3 EPS nconv=28 first unconverged value (error) -17.7246 (5.93175469e-04)
  4 EPS nconv=38 first unconverged value (error) -17.2007 (5.43463652e-04)
  5 EPS nconv=47 first unconverged value (error) -16.7012 (3.38030286e-04)
  6 EPS nconv=51 first unconverged value (error) -16.693 (1.36865946e-04)
  7 EPS nconv=86 first unconverged value (error) -15.2687 (1.88531165e-03)
  8 EPS nconv=112 first unconverged value (error) -14.2834 (2.36442403e-02)

--------------------------------------------------------------
    Number of iterations of the method.............8
    Number of linear iterations of the method......4864
    Solution method................................krylovschur
    Number of requested eigenvalues................100
    Stopping condition: eps_tol....................1.000000E-04
    Stopping condition: eps_max_it.................1500
--------------------------------------------------------------


             EIGENVALUES            ERROR
====================================================
    0    -2.0410999910E+01     1.7541480050E-08
    1    -1.9859270083E+01     1.9219711648E-08
    2    -1.9859267792E+01     1.6442017776E-08
    3    -1.9859266757E+01     2.3922635260E-08
    4    -1.9359745220E+01     1.8016322502E-08
    5    -1.9345372577E+01     2.8132822986E-08
    6    -1.9345371080E+01     2.7739328978E-08
    7    -1.9316663229E+01     2.1614288879E-08
    8    -1.9316661518E+01     3.4318448075E-08
    9    -1.9316659068E+01     2.6403825401E-08
   10    -1.8812848872E+01     1.7797303843E-08
   11    -1.8812847599E+01     3.1883569962E-08
   12    -1.8812847281E+01     3.2808957826E-08
   13    -1.8803479843E+01     2.6290187326E-08
   14    -1.8803478342E+01     2.4812142981E-08
   15    -1.8803477308E+01     3.0815934997E-08
   16    -1.8782697639E+01     2.6814102209E-08
   17    -1.8317428487E+01     2.2227340276E-08
   18    -1.8303074508E+01     3.0699472236E-08
   19    -1.8303073137E+01     2.9160410903E-08
   20    -1.8274707835E+01     2.7290130493E-08
   21    -1.8274707414E+01     2.2239649249E-08
   22    -1.8274704146E+01     3.6150010926E-08
   23    -1.7774509984E+01     7.7096884906E-08
   24    -1.7774509381E+01     1.2189945317E-06
   25    -1.7774507154E+01     5.6157842961E-08
   26    -1.7724653431E+01     9.4481660359E-07
   27    -1.7724650410E+01     2.7860546824E-08
   28    -1.7724648977E+01     2.4752245670E-07
   29    -1.7662339246E+01     3.2926629530E-08
   30    -1.7656634615E+01     3.7328085976E-08
   31    -1.7656632593E+01     2.9545814979E-08
   32    -1.7281611751E+01     2.9668650539E-08
   33    -1.7233106277E+01     1.7614113587E-07
   34    -1.7233104582E+01     2.8538373123E-07
   35    -1.7233102652E+01     9.0836586709E-08
   36    -1.7200821559E+01     6.5304278823E-08
   37    -1.7200819572E+01     3.9375564890E-08
   38    -1.7200816619E+01     3.3330977093E-08
   39    -1.7154961571E+01     1.9238960293E-07
   40    -1.7154960098E+01     7.4435378683E-08
   41    -1.7154957302E+01     7.5969564614E-08
   42    -1.7151211022E+01     1.0559727682E-07
   43    -1.7151208388E+01     1.5815423325E-07
   44    -1.7151206396E+01     1.2187186700E-07
   45    -1.6748596571E+01     4.0866436718E-08
   46    -1.6701303461E+01     3.1553676146E-07
   47    -1.6701298430E+01     9.4635337387E-08
   48    -1.6701295500E+01     6.4454916228E-08
   49    -1.6700632516E+01     1.0684660800E-07
   50    -1.6700630355E+01     2.5602741073E-07
   51    -1.6693014397E+01     1.0638976298E-06
   52    -1.6693012160E+01     4.3852210201E-08
   53    -1.6693009742E+01     1.1565286144E-07
   54    -1.6673182941E+01     4.0117232717E-08
   55    -1.6664639789E+01     3.9358018231E-08
   56    -1.6664636908E+01     4.3280178731E-08
   57    -1.6654820301E+01     6.6069922733E-08
   58    -1.6654818264E+01     7.8747631966E-08
   59    -1.6654815652E+01     5.7422566557E-08
   60    -1.6609503249E+01     3.4390272648E-08
   61    -1.6609498275E+01     4.4864841090E-08
   62    -1.6600567679E+01     4.0407252091E-08
   63    -1.6212264509E+01     5.9369304035E-07
   64    -1.6212258666E+01     1.2411203690E-07
   65    -1.6212256981E+01     2.9932981013E-07
   66    -1.6183020872E+01     3.3633513855E-08
   67    -1.6183017186E+01     2.5505767269E-07
   68    -1.6183014904E+01     3.7242729544E-07
   69    -1.6170091583E+01     8.4573464163E-08
   70    -1.6170090526E+01     4.2162968546E-08
   71    -1.6170090084E+01     6.3256083615E-08
   72    -1.6108304395E+01     5.7223657423E-08
   73    -1.6108301615E+01     1.1337778007E-07
   74    -1.6108299955E+01     1.1220986560E-07
   75    -1.5687511802E+01     5.0855434371E-08
   76    -1.5685592467E+01     1.1462206486E-07
   77    -1.5685591071E+01     2.3588812820E-07
   78    -1.5685582439E+01     2.2868753857E-07
   79    -1.5601385207E+01     5.3004736949E-07
   80    -1.5601379841E+01     2.0413163747E-07
   81    -1.5336348342E+01     8.9005202522E-08
   82    -1.5336343792E+01     3.5184621370E-08
   83    -1.5336341708E+01     3.8991279154E-08
   84    -1.5268933786E+01     6.3782004164E-08
   85    -1.5268930818E+01     5.4581611701E-08
   86    -1.5268930105E+01     3.0762032714E-08
   87    -1.5264822561E+01     5.5744682871E-08
   88    -1.5264818387E+01     4.9436044166E-08
   89    -1.5264817518E+01     4.3899151722E-08
   90    -1.5204067451E+01     4.2316622010E-08
   91    -1.5197893050E+01     9.3687045906E-08
   92    -1.5197889818E+01     5.6172288870E-08
   93    -1.4896511155E+01     5.0501533573E-08
   94    -1.4848545642E+01     1.0228927403E-07
   95    -1.4848541199E+01     9.3781124277E-08
   96    -1.4813263964E+01     7.4844940483E-08
   97    -1.4813261786E+01     6.5975341651E-08
   98    -1.4813260505E+01     6.0152818249E-08
   99    -1.4779998905E+01     1.7634728623E-07
  100    -1.4779995579E+01     1.2201118953E-07
  101    -1.4779994749E+01     9.3613845521E-08
  102    -1.4741573551E+01     3.1320650983E-07
  103    -1.4741571924E+01     3.9044575482E-07
  104    -1.4731243258E+01     9.0605976680E-08
  105    -1.4731240934E+01     7.3430032576E-08
  106    -1.4731237882E+01     1.1176455503E-07
  107    -1.4339886351E+01     1.4730743135E-07
  108    -1.4339884994E+01     6.1833803548E-07
  109    -1.4339877350E+01     1.2400128897E-07
  110    -1.4304570093E+01     2.1235078347E-07
  111    -1.4304566858E+01     2.2430158107E-07


 TOTAL TIME = 4417 [s]
