===============================================================================
 RRRRR  SSSSS  H   H  RRRRR    Zbigniew ROMANOWSKI                             
 R   R  S      H   H  R   R                                                    
 RRRRR  SSSSS  HHHHH  RRRRR    version: 5.4                                    
 R  R       S  H   H  R  R                                                     
 R   R  SSSSS  H   H  R   R    compilation date: Dec  8 2012 (20:50:40)                       
===============================================================================

PEs = 256

----INITIALIZATION----========================================================
DOMAIN:
    BsplDeg = 3, CubatOrder = 5, CubatNodeNo = 125
    h = 3.333333E-01
    Nx = 135,    Ny = 135,   Nz = 135
    X0 = -2.000000E+01,    Xmax = 2.500000E+01
    Y0 = -2.000000E+01,    Ymax = 2.500000E+01
    Z0 = -2.000000E+01,    Zmax = 2.500000E+01

NUMBER OF 'ATOMS' = 125
    Soft-r^4(d,a)=(-2.00, 0.10) at (x,y,z) = ( 0.00, 0.00, 0.00)
    Soft-r^4(d,a)=(-2.00, 0.10) at (x,y,z) = ( 0.00, 0.00, 1.30)
    Soft-r^4(d,a)=(-2.00, 0.10) at (x,y,z) = ( 0.00, 0.00, 2.60)
    Soft-r^4(d,a)=(-2.00, 0.10) at (x,y,z) = ( 0.00, 0.00, 3.90)
    Soft-r^4(d,a)=(-2.00, 0.10) at (x,y,z) = ( 0.00, 0.00, 5.20)
    Soft-r^4(d,a)=(-2.00, 0.10) at (x,y,z) = ( 0.00, 1.30, 0.00)
    Soft-r^4(d,a)=(-2.00, 0.10) at (x,y,z) = ( 0.00, 1.30, 1.30)
    Soft-r^4(d,a)=(-2.00, 0.10) at (x,y,z) = ( 0.00, 1.30, 2.60)
    Soft-r^4(d,a)=(-2.00, 0.10) at (x,y,z) = ( 0.00, 1.30, 3.90)
    Soft-r^4(d,a)=(-2.00, 0.10) at (x,y,z) = ( 0.00, 1.30, 5.20)
    Soft-r^4(d,a)=(-2.00, 0.10) at (x,y,z) = ( 0.00, 2.60, 0.00)
    Soft-r^4(d,a)=(-2.00, 0.10) at (x,y,z) = ( 0.00, 2.60, 1.30)
    Soft-r^4(d,a)=(-2.00, 0.10) at (x,y,z) = ( 0.00, 2.60, 2.60)
    Soft-r^4(d,a)=(-2.00, 0.10) at (x,y,z) = ( 0.00, 2.60, 3.90)
    Soft-r^4(d,a)=(-2.00, 0.10) at (x,y,z) = ( 0.00, 2.60, 5.20)
    Soft-r^4(d,a)=(-2.00, 0.10) at (x,y,z) = ( 0.00, 3.90, 0.00)
    Soft-r^4(d,a)=(-2.00, 0.10) at (x,y,z) = ( 0.00, 3.90, 1.30)
    Soft-r^4(d,a)=(-2.00, 0.10) at (x,y,z) = ( 0.00, 3.90, 2.60)
    Soft-r^4(d,a)=(-2.00, 0.10) at (x,y,z) = ( 0.00, 3.90, 3.90)
    Soft-r^4(d,a)=(-2.00, 0.10) at (x,y,z) = ( 0.00, 3.90, 5.20)
    Soft-r^4(d,a)=(-2.00, 0.10) at (x,y,z) = ( 0.00, 5.20, 0.00)
    Soft-r^4(d,a)=(-2.00, 0.10) at (x,y,z) = ( 0.00, 5.20, 1.30)
    Soft-r^4(d,a)=(-2.00, 0.10) at (x,y,z) = ( 0.00, 5.20, 2.60)
    Soft-r^4(d,a)=(-2.00, 0.10) at (x,y,z) = ( 0.00, 5.20, 3.90)
    Soft-r^4(d,a)=(-2.00, 0.10) at (x,y,z) = ( 0.00, 5.20, 5.20)
    Soft-r^4(d,a)=(-2.00, 0.10) at (x,y,z) = ( 1.30, 0.00, 0.00)
    Soft-r^4(d,a)=(-2.00, 0.10) at (x,y,z) = ( 1.30, 0.00, 1.30)
    Soft-r^4(d,a)=(-2.00, 0.10) at (x,y,z) = ( 1.30, 0.00, 2.60)
    Soft-r^4(d,a)=(-2.00, 0.10) at (x,y,z) = ( 1.30, 0.00, 3.90)
    Soft-r^4(d,a)=(-2.00, 0.10) at (x,y,z) = ( 1.30, 0.00, 5.20)
    Soft-r^4(d,a)=(-2.00, 0.10) at (x,y,z) = ( 1.30, 1.30, 0.00)
    Soft-r^4(d,a)=(-2.00, 0.10) at (x,y,z) = ( 1.30, 1.30, 1.30)
    Soft-r^4(d,a)=(-2.00, 0.10) at (x,y,z) = ( 1.30, 1.30, 2.60)
    Soft-r^4(d,a)=(-2.00, 0.10) at (x,y,z) = ( 1.30, 1.30, 3.90)
    Soft-r^4(d,a)=(-2.00, 0.10) at (x,y,z) = ( 1.30, 1.30, 5.20)
    Soft-r^4(d,a)=(-2.00, 0.10) at (x,y,z) = ( 1.30, 2.60, 0.00)
    Soft-r^4(d,a)=(-2.00, 0.10) at (x,y,z) = ( 1.30, 2.60, 1.30)
    Soft-r^4(d,a)=(-2.00, 0.10) at (x,y,z) = ( 1.30, 2.60, 2.60)
    Soft-r^4(d,a)=(-2.00, 0.10) at (x,y,z) = ( 1.30, 2.60, 3.90)
    Soft-r^4(d,a)=(-2.00, 0.10) at (x,y,z) = ( 1.30, 2.60, 5.20)
    Soft-r^4(d,a)=(-2.00, 0.10) at (x,y,z) = ( 1.30, 3.90, 0.00)
    Soft-r^4(d,a)=(-2.00, 0.10) at (x,y,z) = ( 1.30, 3.90, 1.30)
    Soft-r^4(d,a)=(-2.00, 0.10) at (x,y,z) = ( 1.30, 3.90, 2.60)
    Soft-r^4(d,a)=(-2.00, 0.10) at (x,y,z) = ( 1.30, 3.90, 3.90)
    Soft-r^4(d,a)=(-2.00, 0.10) at (x,y,z) = ( 1.30, 3.90, 5.20)
    Soft-r^4(d,a)=(-2.00, 0.10) at (x,y,z) = ( 1.30, 5.20, 0.00)
    Soft-r^4(d,a)=(-2.00, 0.10) at (x,y,z) = ( 1.30, 5.20, 1.30)
    Soft-r^4(d,a)=(-2.00, 0.10) at (x,y,z) = ( 1.30, 5.20, 2.60)
    Soft-r^4(d,a)=(-2.00, 0.10) at (x,y,z) = ( 1.30, 5.20, 3.90)
    Soft-r^4(d,a)=(-2.00, 0.10) at (x,y,z) = ( 1.30, 5.20, 5.20)
    Soft-r^4(d,a)=(-2.00, 0.10) at (x,y,z) = ( 2.60, 0.00, 0.00)
    Soft-r^4(d,a)=(-2.00, 0.10) at (x,y,z) = ( 2.60, 0.00, 1.30)
    Soft-r^4(d,a)=(-2.00, 0.10) at (x,y,z) = ( 2.60, 0.00, 2.60)
    Soft-r^4(d,a)=(-2.00, 0.10) at (x,y,z) = ( 2.60, 0.00, 3.90)
    Soft-r^4(d,a)=(-2.00, 0.10) at (x,y,z) = ( 2.60, 0.00, 5.20)
    Soft-r^4(d,a)=(-2.00, 0.10) at (x,y,z) = ( 2.60, 1.30, 0.00)
    Soft-r^4(d,a)=(-2.00, 0.10) at (x,y,z) = ( 2.60, 1.30, 1.30)
    Soft-r^4(d,a)=(-2.00, 0.10) at (x,y,z) = ( 2.60, 1.30, 2.60)
    Soft-r^4(d,a)=(-2.00, 0.10) at (x,y,z) = ( 2.60, 1.30, 3.90)
    Soft-r^4(d,a)=(-2.00, 0.10) at (x,y,z) = ( 2.60, 1.30, 5.20)
    Soft-r^4(d,a)=(-2.00, 0.10) at (x,y,z) = ( 2.60, 2.60, 0.00)
    Soft-r^4(d,a)=(-2.00, 0.10) at (x,y,z) = ( 2.60, 2.60, 1.30)
    Soft-r^4(d,a)=(-2.00, 0.10) at (x,y,z) = ( 2.60, 2.60, 2.60)
    Soft-r^4(d,a)=(-2.00, 0.10) at (x,y,z) = ( 2.60, 2.60, 3.90)
    Soft-r^4(d,a)=(-2.00, 0.10) at (x,y,z) = ( 2.60, 2.60, 5.20)
    Soft-r^4(d,a)=(-2.00, 0.10) at (x,y,z) = ( 2.60, 3.90, 0.00)
    Soft-r^4(d,a)=(-2.00, 0.10) at (x,y,z) = ( 2.60, 3.90, 1.30)
    Soft-r^4(d,a)=(-2.00, 0.10) at (x,y,z) = ( 2.60, 3.90, 2.60)
    Soft-r^4(d,a)=(-2.00, 0.10) at (x,y,z) = ( 2.60, 3.90, 3.90)
    Soft-r^4(d,a)=(-2.00, 0.10) at (x,y,z) = ( 2.60, 3.90, 5.20)
    Soft-r^4(d,a)=(-2.00, 0.10) at (x,y,z) = ( 2.60, 5.20, 0.00)
    Soft-r^4(d,a)=(-2.00, 0.10) at (x,y,z) = ( 2.60, 5.20, 1.30)
    Soft-r^4(d,a)=(-2.00, 0.10) at (x,y,z) = ( 2.60, 5.20, 2.60)
    Soft-r^4(d,a)=(-2.00, 0.10) at (x,y,z) = ( 2.60, 5.20, 3.90)
    Soft-r^4(d,a)=(-2.00, 0.10) at (x,y,z) = ( 2.60, 5.20, 5.20)
    Soft-r^4(d,a)=(-2.00, 0.10) at (x,y,z) = ( 3.90, 0.00, 0.00)
    Soft-r^4(d,a)=(-2.00, 0.10) at (x,y,z) = ( 3.90, 0.00, 1.30)
    Soft-r^4(d,a)=(-2.00, 0.10) at (x,y,z) = ( 3.90, 0.00, 2.60)
    Soft-r^4(d,a)=(-2.00, 0.10) at (x,y,z) = ( 3.90, 0.00, 3.90)
    Soft-r^4(d,a)=(-2.00, 0.10) at (x,y,z) = ( 3.90, 0.00, 5.20)
    Soft-r^4(d,a)=(-2.00, 0.10) at (x,y,z) = ( 3.90, 1.30, 0.00)
    Soft-r^4(d,a)=(-2.00, 0.10) at (x,y,z) = ( 3.90, 1.30, 1.30)
    Soft-r^4(d,a)=(-2.00, 0.10) at (x,y,z) = ( 3.90, 1.30, 2.60)
    Soft-r^4(d,a)=(-2.00, 0.10) at (x,y,z) = ( 3.90, 1.30, 3.90)
    Soft-r^4(d,a)=(-2.00, 0.10) at (x,y,z) = ( 3.90, 1.30, 5.20)
    Soft-r^4(d,a)=(-2.00, 0.10) at (x,y,z) = ( 3.90, 2.60, 0.00)
    Soft-r^4(d,a)=(-2.00, 0.10) at (x,y,z) = ( 3.90, 2.60, 1.30)
    Soft-r^4(d,a)=(-2.00, 0.10) at (x,y,z) = ( 3.90, 2.60, 2.60)
    Soft-r^4(d,a)=(-2.00, 0.10) at (x,y,z) = ( 3.90, 2.60, 3.90)
    Soft-r^4(d,a)=(-2.00, 0.10) at (x,y,z) = ( 3.90, 2.60, 5.20)
    Soft-r^4(d,a)=(-2.00, 0.10) at (x,y,z) = ( 3.90, 3.90, 0.00)
    Soft-r^4(d,a)=(-2.00, 0.10) at (x,y,z) = ( 3.90, 3.90, 1.30)
    Soft-r^4(d,a)=(-2.00, 0.10) at (x,y,z) = ( 3.90, 3.90, 2.60)
    Soft-r^4(d,a)=(-2.00, 0.10) at (x,y,z) = ( 3.90, 3.90, 3.90)
    Soft-r^4(d,a)=(-2.00, 0.10) at (x,y,z) = ( 3.90, 3.90, 5.20)
    Soft-r^4(d,a)=(-2.00, 0.10) at (x,y,z) = ( 3.90, 5.20, 0.00)
    Soft-r^4(d,a)=(-2.00, 0.10) at (x,y,z) = ( 3.90, 5.20, 1.30)
    Soft-r^4(d,a)=(-2.00, 0.10) at (x,y,z) = ( 3.90, 5.20, 2.60)
    Soft-r^4(d,a)=(-2.00, 0.10) at (x,y,z) = ( 3.90, 5.20, 3.90)
    Soft-r^4(d,a)=(-2.00, 0.10) at (x,y,z) = ( 3.90, 5.20, 5.20)
    Soft-r^4(d,a)=(-2.00, 0.10) at (x,y,z) = ( 5.20, 0.00, 0.00)
    Soft-r^4(d,a)=(-2.00, 0.10) at (x,y,z) = ( 5.20, 0.00, 1.30)
    Soft-r^4(d,a)=(-2.00, 0.10) at (x,y,z) = ( 5.20, 0.00, 2.60)
    Soft-r^4(d,a)=(-2.00, 0.10) at (x,y,z) = ( 5.20, 0.00, 3.90)
    Soft-r^4(d,a)=(-2.00, 0.10) at (x,y,z) = ( 5.20, 0.00, 5.20)
    Soft-r^4(d,a)=(-2.00, 0.10) at (x,y,z) = ( 5.20, 1.30, 0.00)
    Soft-r^4(d,a)=(-2.00, 0.10) at (x,y,z) = ( 5.20, 1.30, 1.30)
    Soft-r^4(d,a)=(-2.00, 0.10) at (x,y,z) = ( 5.20, 1.30, 2.60)
    Soft-r^4(d,a)=(-2.00, 0.10) at (x,y,z) = ( 5.20, 1.30, 3.90)
    Soft-r^4(d,a)=(-2.00, 0.10) at (x,y,z) = ( 5.20, 1.30, 5.20)
    Soft-r^4(d,a)=(-2.00, 0.10) at (x,y,z) = ( 5.20, 2.60, 0.00)
    Soft-r^4(d,a)=(-2.00, 0.10) at (x,y,z) = ( 5.20, 2.60, 1.30)
    Soft-r^4(d,a)=(-2.00, 0.10) at (x,y,z) = ( 5.20, 2.60, 2.60)
    Soft-r^4(d,a)=(-2.00, 0.10) at (x,y,z) = ( 5.20, 2.60, 3.90)
    Soft-r^4(d,a)=(-2.00, 0.10) at (x,y,z) = ( 5.20, 2.60, 5.20)
    Soft-r^4(d,a)=(-2.00, 0.10) at (x,y,z) = ( 5.20, 3.90, 0.00)
    Soft-r^4(d,a)=(-2.00, 0.10) at (x,y,z) = ( 5.20, 3.90, 1.30)
    Soft-r^4(d,a)=(-2.00, 0.10) at (x,y,z) = ( 5.20, 3.90, 2.60)
    Soft-r^4(d,a)=(-2.00, 0.10) at (x,y,z) = ( 5.20, 3.90, 3.90)
    Soft-r^4(d,a)=(-2.00, 0.10) at (x,y,z) = ( 5.20, 3.90, 5.20)
    Soft-r^4(d,a)=(-2.00, 0.10) at (x,y,z) = ( 5.20, 5.20, 0.00)
    Soft-r^4(d,a)=(-2.00, 0.10) at (x,y,z) = ( 5.20, 5.20, 1.30)
    Soft-r^4(d,a)=(-2.00, 0.10) at (x,y,z) = ( 5.20, 5.20, 2.60)
    Soft-r^4(d,a)=(-2.00, 0.10) at (x,y,z) = ( 5.20, 5.20, 3.90)
    Soft-r^4(d,a)=(-2.00, 0.10) at (x,y,z) = ( 5.20, 5.20, 5.20)


----GRAPH-CREATION-and-PARTITIONING----=======================================
      Setup: Max:   2.587, Sum: 662.152, Balance:   1.000
   Matching: Max:   3.087, Sum: 790.166, Balance:   1.000
Contraction: Max:   1.004, Sum: 256.943, Balance:   1.000
   InitPart: Max:   0.283, Sum:  72.533, Balance:   1.000
    Project: Max:   0.002, Sum:   0.594, Balance:   1.055
 Initialize: Max:   0.585, Sum: 149.616, Balance:   1.001
      K-way: Max:   2.239, Sum: 573.178, Balance:   1.000
      Remap: Max:   0.001, Sum:   0.250, Balance:   1.001
      Total: Max:   9.787, Sum: 2505.530, Balance:   1.000
Final 256-way Cut: 70983847 	Balance: 1.051 

    Number of nodes:
         Rank0.........9.346E+03
         Averg.........8.984E+03
         Total.........2.300E+06
    Number of edges:
         Rank0.........2.999E+06
         Averg.........2.954E+06
         Total.........7.563E+08
    Memory usage.[MB]:
         Rank0.........4.591E+01
         Averg.........4.521E+01
         Total.........1.157E+04


----MATRIX-ALLOCATION----=====================================================
    Dimension of matrix H or S:
              Rank0..............9.346E+03 (9346)
              Averg..............8.984E+03       
              Total..............2.300E+06 (2299968)
    Nonzero entries in H or S:
              Rank0..............3.009E+06 (3008698)
              Averg..............2.963E+06       
              Total..............7.586E+08 (758550528)
    Sparseness of H or S (fraction):
              Rank0..............1.400E-04
              Averg..............1.434E-04
    Sparseness of H or S (non-zero elemnts in a row):
              Rank0..............321.9
              Averg..............329.8
    Memory usage for H and S [MiB]:
              Rank0..............9.182E+01
              Averg..............9.043E+01
              Total..............2.315E+04


----ASSEMBLING----============================================================
..........10..........20..........30..........40..........50done
Assembling time = 95 [s]



----SOLVING----===============================================================
EPS Object: 256 MPI processes
  type: krylovschur
    Krylov-Schur: 50% of basis vectors kept after restart
  problem type: generalized symmetric eigenvalue problem
  extraction type: Rayleigh-Ritz
  selected portion of the spectrum: smallest real parts
  number of eigenvalues (nev): 1000
  number of column vectors (ncv): 2000
  maximum dimension of projected problem (mpd): 2000
  maximum number of iterations: 1500
  tolerance: 0.0001
  convergence test: relative to the eigenvalue
  estimates of matrix norms (constant): norm(A)=1, norm(B)=1
IP Object: 256 MPI processes
  type: bilinear
  orthogonalization method: classical Gram-Schmidt
  orthogonalization refinement: if needed (eta: 0.7071)
  Matrix Object:   256 MPI processes
    type: mpiaij
    rows=2299968, cols=2299968
    total: nonzeros=758550528, allocated nonzeros=758550528
    total number of mallocs used during MatSetValues calls =0
      not using I-node (on process 0) routines
DS Object: 256 MPI processes
  type: hep
  solving the problem with: Implicit QR method (_steqr)
ST Object: 256 MPI processes
  type: shift
  shift: 0
  matrices A and B have same nonzero pattern
  KSP Object:  (st_)   256 MPI processes
    type: cg
    maximum iterations=10000
    using preconditioner applied to right hand side for initial guess
    tolerances:  relative=1e-05, absolute=1e-50, divergence=10000
    left preconditioning
    using nonzero initial guess
    using PRECONDITIONED norm type for convergence test
  PC Object:  (st_)   256 MPI processes
    type: asm
      Additive Schwarz: total subdomain blocks = 256, amount of overlap = 1
      Additive Schwarz: restriction/interpolation type - RESTRICT
      Local solve is same for all blocks, in the following KSP and PC objects:
    KSP Object:    (st_sub_)     1 MPI processes
      type: preonly
      maximum iterations=10000, initial guess is zero
      tolerances:  relative=1e-05, absolute=1e-50, divergence=10000
      left preconditioning
      using DEFAULT norm type for convergence test
    PC Object:    (st_sub_)     1 MPI processes
      type: icc
        0 levels of fill
        tolerance for zero pivot 2.22045e-14
        using Manteuffel shift
        matrix ordering: natural
      linear system matrix = precond matrix:
      Matrix Object:       1 MPI processes
        type: seqaij
        rows=19647, cols=19647
        total: nonzeros=5593185, allocated nonzeros=5593185
        total number of mallocs used during MatSetValues calls =0
          not using I-node routines
    linear system matrix = precond matrix:
    Matrix Object:     256 MPI processes
      type: mpiaij
      rows=2299968, cols=2299968
      total: nonzeros=758550528, allocated nonzeros=758550528
      total number of mallocs used during MatSetValues calls =0
        not using I-node (on process 0) routines


  1 EPS nconv=177 first unconverged value (error) -12.0247 (1.12173963e-04)
  2 EPS nconv=277 first unconverged value (error) -9.60551 (2.13625801e-04)
  3 EPS nconv=434 first unconverged value (error) -6.73871 (1.03254726e-02)
  4 EPS nconv=541 first unconverged value (error) -5.10292 (2.66014297e-03)
  5 EPS nconv=686 first unconverged value (error) -2.96084 (1.03458423e-04)
  6 EPS nconv=793 first unconverged value (error) -1.72536 (1.03302416e-04)
  7 EPS nconv=859 first unconverged value (error) -0.988668 (8.56452703e-03)
  8 EPS nconv=922 first unconverged value (error) -0.477342 (1.42351777e-01)
  9 EPS nconv=958 first unconverged value (error) -0.237484 (1.32169887e-01)
 10 EPS nconv=984 first unconverged value (error) -0.00123625 (9.43176317e-04)
 11 EPS nconv=986 first unconverged value (error) 0.0100414 (5.92959866e-03)
 12 EPS nconv=988 first unconverged value (error) 0.0106569 (3.22788491e-01)
 13 EPS nconv=998 first unconverged value (error) 0.0286167 (4.48819439e-04)
 14 EPS nconv=998 first unconverged value (error) 0.0283524 (8.87782395e-02)
 15 EPS nconv=1001 first unconverged value (error) 0.0286526 (1.09355784e-04)

--------------------------------------------------------------
    Number of iterations of the method.............15
    Number of linear iterations of the method......42850
    Solution method................................krylovschur
    Number of requested eigenvalues................1000
    Stopping condition: eps_tol....................1.000000E-04
    Stopping condition: eps_max_it.................1500
--------------------------------------------------------------


             EIGENVALUES            ERROR
====================================================
    0    -2.0430447941E+01     3.4214749693E-08
    1    -1.9881824904E+01     4.5841853037E-08
    2    -1.9881812992E+01     2.9060918562E-08
    3    -1.9881804279E+01     3.6357992731E-08
    4    -1.9396081358E+01     4.2925799558E-08
    5    -1.9381857032E+01     3.4019677763E-08
    6    -1.9381842790E+01     4.9145506009E-08
    7    -1.9342539189E+01     4.3373887881E-08
    8    -1.9342535230E+01     4.8424804633E-08
    9    -1.9342529081E+01     3.5110255987E-08
   10    -1.8852864538E+01     3.3375305077E-08
   11    -1.8852850776E+01     5.5582991369E-08
   12    -1.8852842145E+01     5.3009406033E-08
   13    -1.8843611026E+01     2.8680108754E-08
   14    -1.8843597263E+01     6.3139494290E-08
   15    -1.8843593455E+01     4.6760602537E-08
   16    -1.8812137447E+01     5.4733581894E-08
   17    -1.8372009585E+01     4.9665910629E-08
   18    -1.8357920811E+01     4.7314136109E-08
   19    -1.8357909066E+01     5.1284902014E-08
   20    -1.8318669965E+01     6.9532479402E-08
   21    -1.8318650784E+01     4.5093635990E-08
   22    -1.8318619301E+01     1.0705658610E-07
   23    -1.7833412335E+01     4.2336164689E-08
   24    -1.7833391796E+01     4.5371768874E-08
   25    -1.7833372719E+01     7.9292088278E-08
   26    -1.7748490653E+01     7.4082149025E-08
   27    -1.7748481537E+01     1.2472286365E-07
   28    -1.7748476962E+01     1.0440392003E-07
   29    -1.7688773495E+01     5.1427760651E-08
   30    -1.7683188754E+01     5.7792682829E-08
   31    -1.7683181656E+01     4.3011607460E-08
   32    -1.7355624035E+01     5.7854884669E-08
   33    -1.7260096895E+01     1.0696400188E-07
   34    -1.7260093343E+01     7.1392253601E-08
   35    -1.7260088042E+01     5.5461522193E-08
   36    -1.7228175927E+01     1.1550374761E-07
   37    -1.7228169056E+01     8.1032082288E-08
   38    -1.7228166260E+01     5.5050117770E-08
   39    -1.7184920572E+01     6.8349473492E-08
   40    -1.7184914340E+01     5.1384238039E-08
   41    -1.7184911362E+01     9.8598209982E-08
   42    -1.7181235319E+01     5.2469479663E-08
   43    -1.7181229948E+01     4.9210165693E-08
   44    -1.7181226732E+01     6.0530773752E-08
   45    -1.6778960391E+01     5.7581506295E-08
   46    -1.6742058463E+01     5.4507904219E-08
   47    -1.6742050430E+01     5.6741224434E-08
   48    -1.6742043451E+01     7.9184835430E-08
   49    -1.6733875423E+01     4.2199719779E-08
   50    -1.6733870521E+01     6.6913897527E-08
   51    -1.6733860409E+01     6.4194766178E-08
   52    -1.6731621027E+01     4.7686888092E-08
   53    -1.6731617183E+01     5.9625758349E-08
   54    -1.6716220698E+01     5.9464351550E-08
   55    -1.6707722606E+01     6.8486484399E-08
   56    -1.6707715679E+01     8.4629891806E-08
   57    -1.6688554209E+01     4.8437175730E-08
   58    -1.6688548374E+01     5.9980288923E-08
   59    -1.6688546036E+01     6.9402974227E-08
   60    -1.6653635762E+01     5.2404071819E-08
   61    -1.6653623681E+01     7.1679332474E-08
   62    -1.6644894791E+01     6.3518009930E-08
   63    -1.6256712793E+01     6.4402048296E-08
   64    -1.6256696018E+01     6.9223043392E-08
   65    -1.6256683188E+01     8.8948466245E-08
   66    -1.6228056086E+01     4.9262594140E-08
   67    -1.6228049030E+01     1.0016014521E-07
   68    -1.6228003447E+01     7.7891916695E-08
   69    -1.6217073817E+01     6.2673807689E-08
   70    -1.6217037072E+01     9.0815912125E-08
   71    -1.6217027608E+01     6.6818515242E-08
   72    -1.6156644718E+01     8.3489151707E-08
   73    -1.6156637572E+01     5.4869581422E-08
   74    -1.6156625726E+01     1.0690547586E-07
   75    -1.5747929112E+01     6.7681798900E-08
   76    -1.5744704683E+01     6.4440513557E-08
   77    -1.5744692979E+01     1.1667953328E-07
   78    -1.5744368014E+01     7.4956070815E-08
   79    -1.5664267037E+01     5.4398163607E-08
   80    -1.5664253050E+01     8.0656425970E-08
   81    -1.5364093535E+01     6.4219024441E-08
   82    -1.5364092283E+01     5.1317773445E-08
   83    -1.5364090183E+01     4.9701317000E-08
   84    -1.5299977870E+01     6.4905437448E-08
   85    -1.5299955233E+01     7.6422087458E-08
   86    -1.5299947860E+01     9.1521699396E-08
   87    -1.5295888841E+01     7.4551536648E-08
   88    -1.5295883197E+01     6.0119754772E-08
   89    -1.5295861962E+01     6.8277137922E-08
   90    -1.5238187922E+01     5.6353551170E-08
   91    -1.5232077569E+01     8.5553771680E-08
   92    -1.5232075978E+01     6.1147146093E-08
   93    -1.4927731018E+01     8.0272092194E-08
   94    -1.4880325128E+01     8.7570664593E-08
   95    -1.4880324581E+01     7.8630123644E-08
   96    -1.4848116475E+01     4.8560810093E-08
   97    -1.4848094898E+01     5.4848501796E-08
   98    -1.4848090761E+01     8.1509630280E-08
   99    -1.4815292065E+01     7.9170595593E-08
  100    -1.4815289213E+01     6.3234422096E-08
  101    -1.4815266983E+01     6.8216999356E-08
  102    -1.4769585503E+01     6.7395126137E-08
  103    -1.4769578935E+01     5.9673056871E-08
  104    -1.4769576098E+01     1.0309103482E-07
  105    -1.4749234154E+01     6.8822096614E-08
  106    -1.4749232350E+01     4.8945287830E-08
  107    -1.4749218707E+01     5.2321385203E-08
  108    -1.4384780777E+01     6.5387527845E-08
  109    -1.4384755571E+01     6.7990791208E-08
  110    -1.4384753238E+01     7.0164501257E-08
  111    -1.4352341004E+01     8.6498580616E-08
  112    -1.4352302363E+01     8.1605038985E-08
  113    -1.4352294323E+01     7.8963546801E-08
  114    -1.4321630206E+01     6.7205759022E-08
  115    -1.4294830965E+01     5.4757239016E-08
  116    -1.4294819292E+01     9.9243973646E-08
  117    -1.4294793609E+01     1.1603939343E-07
  118    -1.4235698526E+01     1.1779318634E-07
  119    -1.4235695896E+01     7.1412958956E-08
  120    -1.4210120605E+01     6.8800962162E-08
  121    -1.4210115746E+01     6.2611873641E-08
  122    -1.4210108914E+01     6.5734393329E-08
  123    -1.4170247555E+01     5.6068371853E-08
  124    -1.4170234251E+01     6.2727320825E-08
  125    -1.4170232373E+01     6.6873349273E-08
  126    -1.3677401552E+01     1.0119703193E-07
  127    -1.3652939701E+01     5.8178781485E-08
  128    -1.3652935997E+01     5.9748880042E-08
  129    -1.3652906377E+01     5.8051421502E-08
  130    -1.3642836107E+01     8.6872941829E-08
  131    -1.3642810683E+01     5.6334279541E-08
  132    -1.3642804569E+01     7.4685951454E-08
  133    -1.3622283593E+01     7.7954768826E-08
  134    -1.3622278682E+01     1.0617719831E-07
  135    -1.3304761213E+01     5.1647114455E-08
  136    -1.3251891536E+01     1.3720219455E-07
  137    -1.3251886209E+01     1.6443734796E-07
  138    -1.3218871091E+01     1.0790826000E-07
  139    -1.3147608544E+01     7.2569459674E-08
  140    -1.3147564310E+01     7.3291356730E-08
  141    -1.3147562951E+01     9.3275021855E-08
  142    -1.3117799069E+01     8.5894481790E-08
  143    -1.3117791897E+01     1.0095429872E-07
  144    -1.3117770300E+01     1.0496513866E-07
  145    -1.3083972798E+01     9.0601184584E-08
  146    -1.3083950168E+01     6.4382592297E-08
  147    -1.3083947866E+01     7.5200781050E-08
  148    -1.3078686433E+01     1.0790326643E-07
  149    -1.3078636823E+01     8.4322399794E-08
  150    -1.3078635070E+01     8.4224648034E-08
  151    -1.3011956806E+01     6.3993645107E-08
  152    -1.2740116415E+01     7.3333493742E-08
  153    -1.2740113872E+01     6.9703366799E-08
  154    -1.2740080586E+01     9.0630277963E-08
  155    -1.2706703319E+01     9.0921534535E-08
  156    -1.2706676735E+01     6.6109647353E-08
  157    -1.2706669887E+01     8.1792999626E-08
  158    -1.2573477010E+01     6.8899852354E-08
  159    -1.2573474706E+01     7.6972860394E-08
  160    -1.2573411607E+01     6.4206306843E-08
  161    -1.2248455654E+01     6.4800921842E-08
  162    -1.2223644294E+01     7.7557305197E-08
  163    -1.2223642231E+01     8.0946163951E-08
  164    -1.2187987208E+01     1.5717947649E-07
  165    -1.2187984114E+01     1.2129631007E-07
  166    -1.2187962074E+01     8.1369856832E-08
  167    -1.2185640259E+01     2.2271313345E-07
  168    -1.2185636979E+01     1.7740178519E-07
  169    -1.2185596123E+01     2.8165587291E-07
  170    -1.2135338725E+01     9.8539626992E-08
  171    -1.2135336528E+01     9.0716166281E-08
  172    -1.2106220142E+01     9.3367191008E-08
  173    -1.2040028776E+01     1.3634356363E-07
  174    -1.2040026706E+01     1.2998704920E-07
  175    -1.2040018668E+01     9.0168916618E-08
  176    -1.2024788598E+01     1.2093755116E-06
  177    -1.2024750582E+01     6.8150385587E-08
  178    -1.2024746749E+01     1.6154155057E-07
  179    -1.2020886210E+01     8.3167812455E-08
  180    -1.2020881564E+01     7.9133983562E-08
  181    -1.2020854374E+01     1.0726356088E-07
  182    -1.1695208798E+01     7.7226627662E-08
  183    -1.1695203600E+01     1.0370103637E-07
  184    -1.1695177086E+01     6.9428296456E-08
  185    -1.1694897637E+01     7.4729350120E-08
  186    -1.1653431097E+01     8.0753144710E-08
  187    -1.1653430158E+01     1.0517396708E-07
  188    -1.1620609945E+01     1.9204345640E-07
  189    -1.1620608733E+01     1.4486124675E-07
  190    -1.1620496784E+01     7.0966716283E-08
  191    -1.1593636715E+01     8.4554818698E-08
  192    -1.1593599944E+01     6.6925113233E-08
  193    -1.1593594467E+01     8.9098906433E-08
  194    -1.1547790735E+01     1.0335579960E-07
  195    -1.1547789199E+01     1.0088280121E-07
  196    -1.1523215505E+01     8.0425480334E-08
  197    -1.1523197144E+01     1.1304959142E-07
  198    -1.1523195047E+01     8.0100026484E-08
  199    -1.1499308799E+01     1.0907609471E-07
  200    -1.1499211507E+01     9.8280505169E-08
  201    -1.1499206124E+01     1.1634820311E-07
  202    -1.1489204261E+01     1.1276709181E-07
  203    -1.1202238960E+01     8.9598524510E-08
  204    -1.1168953756E+01     1.0746564261E-07
  205    -1.1168950787E+01     1.0627721676E-07
  206    -1.1168898689E+01     7.6454609541E-08
  207    -1.1112048412E+01     1.2513707715E-07
  208    -1.1112044378E+01     9.5710634151E-08
  209    -1.1112021641E+01     1.1869503776E-07
  210    -1.1072141051E+01     8.5690847244E-08
  211    -1.1072132986E+01     1.0912074833E-07
  212    -1.1014021727E+01     1.1667381294E-07
  213    -1.1014018234E+01     1.0078613355E-07
  214    -1.1013959513E+01     8.7533570728E-08
  215    -1.0988888566E+01     1.5264107885E-07
  216    -1.0988817123E+01     1.0088738555E-07
  217    -1.0988813570E+01     1.8265957210E-07
  218    -1.0982006475E+01     8.5983278535E-08
  219    -1.0981937304E+01     7.5265578923E-08
  220    -1.0981936289E+01     7.8484575252E-08
  221    -1.0927379537E+01     1.4399547768E-07
  222    -1.0927351619E+01     1.1329139353E-07
  223    -1.0927348441E+01     1.0113882080E-07
  224    -1.0718086283E+01     1.1400892433E-07
  225    -1.0718082322E+01     7.2021792506E-08
  226    -1.0718081809E+01     9.9299812269E-08
  227    -1.0713834153E+01     8.3792642212E-08
  228    -1.0694558172E+01     9.1598281561E-08
  229    -1.0694555616E+01     8.0145107358E-08
  230    -1.0694552409E+01     1.0005921725E-07
  231    -1.0685871834E+01     7.9726187345E-08
  232    -1.0668289543E+01     1.1820922290E-07
  233    -1.0668286876E+01     1.1347720468E-07
  234    -1.0564223410E+01     8.4748877638E-08
  235    -1.0564219624E+01     1.1528073246E-07
  236    -1.0543361509E+01     1.3576494568E-07
  237    -1.0533912028E+01     9.9930383505E-08
  238    -1.0533908950E+01     9.4932349329E-08
  239    -1.0533832853E+01     1.1165802885E-07
  240    -1.0523148591E+01     1.0483089318E-07
  241    -1.0523072739E+01     7.1852958369E-08
  242    -1.0523067336E+01     9.5283659536E-08
  243    -1.0454513885E+01     8.1032136101E-08
  244    -1.0454512165E+01     1.6708975820E-07
  245    -1.0224335420E+01     1.0440986135E-07
  246    -1.0224333540E+01     1.4943728385E-07
  247    -1.0224300834E+01     9.1876422111E-08
  248    -1.0180311312E+01     2.4552537341E-07
  249    -1.0180287819E+01     2.1654296593E-07
  250    -1.0180287091E+01     1.4231186600E-07
  251    -1.0171215140E+01     2.4578408060E-07
  252    -1.0171212677E+01     1.4190350028E-07
  253    -1.0171198379E+01     2.6491779362E-07
  254    -1.0070151115E+01     8.4396631114E-08
  255    -1.0070146146E+01     9.1786237355E-08
  256    -1.0070139371E+01     1.0767332215E-07
  257    -1.0059933454E+01     9.8124325970E-08
  258    -1.0059888090E+01     9.1202584334E-08
  259    -1.0059887343E+01     1.2997063335E-07
  260    -1.0024369001E+01     8.9687336410E-08
  261    -9.9233770027E+00     7.0120686442E-08
  262    -9.9233736530E+00     8.6979111524E-08
  263    -9.9233636594E+00     1.5468702286E-07
  264    -9.8731781675E+00     1.6746081397E-07
  265    -9.7283556413E+00     9.5450795638E-08
  266    -9.7153155855E+00     9.5577787604E-08
  267    -9.7153056662E+00     1.1423066630E-07
  268    -9.7153028145E+00     1.0963397800E-07
  269    -9.7053182860E+00     8.9354554089E-08
  270    -9.7053164218E+00     1.1180112696E-07
  271    -9.7052857505E+00     1.0714809925E-07
  272    -9.6962904591E+00     1.2668289365E-07
  273    -9.6962875490E+00     1.3584020128E-07
  274    -9.6941859584E+00     1.1296266514E-07
  275    -9.6941817221E+00     1.3559847915E-07
  276    -9.6055520933E+00     4.4511208344E-07
  277    -9.6055134977E+00     1.0839274253E-07
  278    -9.6055078567E+00     1.2482767861E-07
  279    -9.6014176768E+00     1.1080650020E-07
  280    -9.6014137914E+00     1.1142725284E-07
  281    -9.6013638551E+00     9.8949919003E-08
  282    -9.5755543789E+00     9.4832463880E-08
  283    -9.5755521099E+00     1.2844033418E-07
  284    -9.5727008306E+00     1.2304805745E-07
  285    -9.5723859583E+00     9.2365791249E-08
  286    -9.5723821536E+00     1.3498660301E-07
  287    -9.5596782194E+00     1.0964206899E-07
  288    -9.5596765264E+00     9.8368109778E-08
  289    -9.4669904216E+00     8.4723228029E-08
  290    -9.4669809448E+00     1.3330973027E-07
  291    -9.4669749251E+00     9.1581365119E-08
  292    -9.4480573180E+00     9.1003839238E-08
  293    -9.3628168766E+00     1.5332187764E-07
  294    -9.3628121705E+00     9.2844704671E-08
  295    -9.3628094127E+00     1.8331307329E-07
  296    -9.3257130150E+00     1.5355329470E-07
  297    -9.3257076392E+00     1.8411517324E-07
  298    -9.3256988498E+00     2.0239572033E-07
  299    -9.1681920582E+00     2.7383599820E-07
  300    -9.1681679991E+00     2.2688639307E-07
  301    -9.1681640108E+00     1.2240671414E-07
  302    -9.1399018335E+00     1.6088567825E-07
  303    -9.1399005408E+00     1.4121245085E-07
  304    -9.1398601112E+00     1.6209820252E-07
  305    -9.0819768440E+00     3.6470896339E-07
  306    -9.0819567193E+00     2.4987129199E-07
  307    -9.0819552975E+00     2.0109253088E-07
  308    -9.0214284747E+00     1.2634839491E-07
  309    -9.0214265752E+00     1.0242973280E-07
  310    -9.0213596712E+00     1.7821451659E-07
  311    -9.0145466448E+00     1.4062784799E-07
  312    -9.0144825947E+00     1.4468503258E-07
  313    -9.0144813889E+00     1.3094696567E-07
  314    -8.8269049571E+00     1.5761249014E-07
  315    -8.8113533443E+00     1.1907382569E-07
  316    -8.7963289256E+00     8.7301127354E-08
  317    -8.7963232523E+00     1.2734527078E-07
  318    -8.7369553155E+00     1.0225628757E-07
  319    -8.7369525551E+00     8.5516591606E-08
  320    -8.7369125865E+00     1.2108343276E-07
  321    -8.7303372123E+00     1.6831178254E-07
  322    -8.7303350874E+00     1.9026561693E-07
  323    -8.7281101233E+00     1.3287946384E-07
  324    -8.6635182049E+00     1.6158451773E-07
  325    -8.6635175242E+00     1.0703937697E-07
  326    -8.6261691141E+00     1.3597716584E-07
  327    -8.6261645794E+00     1.4972938775E-07
  328    -8.6097963643E+00     2.1477207109E-07
  329    -8.5926632938E+00     1.0303577537E-07
  330    -8.5926611416E+00     1.1087848166E-07
  331    -8.5926603416E+00     1.4950905155E-07
  332    -8.5489747085E+00     8.0751506362E-08
  333    -8.5489736998E+00     1.3497365128E-07
  334    -8.4754043131E+00     1.7359149810E-07
  335    -8.4438954284E+00     1.5294566558E-07
  336    -8.4438948202E+00     9.0407709479E-08
  337    -8.4438628058E+00     9.8662977848E-08
  338    -8.4107199193E+00     1.2895223019E-07
  339    -8.4107194003E+00     1.3514999380E-07
  340    -8.4107189887E+00     1.2844166091E-07
  341    -8.3576548323E+00     1.0702667754E-07
  342    -8.3576521501E+00     1.1762929681E-07
  343    -8.3576502991E+00     1.3269910257E-07
  344    -8.3083387107E+00     1.4909029183E-07
  345    -8.2824128667E+00     2.0826583437E-07
  346    -8.2821972004E+00     1.9986225735E-07
  347    -8.2821954002E+00     1.0751004565E-07
  348    -8.2770017822E+00     9.9583062016E-08
  349    -8.2770008896E+00     2.4597802427E-07
  350    -8.2769953137E+00     2.4223214902E-07
  351    -8.1915730754E+00     1.5580536059E-07
  352    -8.1915719495E+00     1.0554841023E-07
  353    -8.1891142052E+00     1.9500033616E-07
  354    -8.1891091988E+00     1.2107874147E-07
  355    -8.1891070022E+00     1.9929195673E-07
  356    -8.1797167803E+00     1.6850665987E-07
  357    -8.1797157448E+00     1.6257837239E-07
  358    -8.1796963773E+00     2.4623282381E-07
  359    -8.1606323305E+00     1.6356993658E-07
  360    -8.1606315757E+00     1.3706803123E-07
  361    -8.1606293551E+00     1.3570315092E-07
  362    -8.0806531525E+00     1.9760662216E-07
  363    -8.0806512941E+00     1.0693525399E-07
  364    -8.0806461639E+00     1.2292905235E-07
  365    -8.0320256986E+00     1.1057355503E-07
  366    -8.0320231097E+00     1.4039509628E-07
  367    -8.0319980089E+00     1.6398032792E-07
  368    -8.0196283004E+00     1.0812623748E-07
  369    -8.0195962983E+00     1.1175168603E-07
  370    -8.0195928716E+00     1.1843611647E-07
  371    -7.9328938679E+00     1.8012168636E-07
  372    -7.9328902753E+00     1.0391169861E-07
  373    -7.9328895214E+00     1.0975369192E-07
  374    -7.8666253226E+00     2.1421067473E-07
  375    -7.8666219651E+00     1.5188688078E-07
  376    -7.8666177821E+00     1.7552641907E-07
  377    -7.8179409158E+00     1.1185135326E-07
  378    -7.8179374885E+00     2.7712640429E-07
  379    -7.8179333019E+00     1.3556201330E-07
  380    -7.7544520276E+00     9.6626794955E-08
  381    -7.7543417175E+00     1.0156211591E-07
  382    -7.7543394970E+00     1.0527774193E-07
  383    -7.7456984230E+00     1.1107381302E-07
  384    -7.7456967623E+00     1.1637977316E-07
  385    -7.7455853825E+00     1.5806384486E-07
  386    -7.6514481100E+00     2.2644826297E-07
  387    -7.6383770572E+00     1.0915219474E-07
  388    -7.6383704494E+00     1.7122021504E-07
  389    -7.4573652102E+00     1.7393228095E-07
  390    -7.4573360385E+00     1.6246551241E-07
  391    -7.4573343956E+00     5.1658384776E-07
  392    -7.3881568006E+00     1.2746067368E-07
  393    -7.3445559585E+00     1.6573459286E-07
  394    -7.3445537617E+00     1.5259786086E-07
  395    -7.3082300607E+00     1.7680983029E-07
  396    -7.3082283522E+00     2.3477322711E-07
  397    -7.3082113240E+00     1.7939495515E-07
  398    -7.2759110135E+00     1.3771914515E-07
  399    -7.2759095345E+00     1.7816819944E-07
  400    -7.2759022584E+00     1.3984574982E-07
  401    -7.2632193553E+00     2.0154094904E-07
  402    -7.2632162551E+00     1.5322940996E-07
  403    -7.2632152903E+00     1.7847472554E-07
  404    -7.2354299946E+00     1.1711244326E-07
  405    -7.2234395098E+00     1.1374504376E-07
  406    -7.2234371343E+00     1.2010730655E-07
  407    -7.2172673568E+00     1.0066221386E-07
  408    -7.2172652805E+00     1.3566224287E-07
  409    -7.2169431640E+00     1.5344784586E-07
  410    -7.2073050222E+00     1.3146926309E-07
  411    -7.2073015588E+00     1.3521058811E-07
  412    -7.2072516099E+00     1.3517552275E-07
  413    -7.1961960127E+00     1.9964001257E-07
  414    -7.1961930369E+00     1.0903300822E-07
  415    -7.1416008930E+00     2.2046760201E-07
  416    -6.9710435372E+00     2.6241799342E-07
  417    -6.9094557893E+00     1.5429482762E-07
  418    -6.8937745280E+00     1.3569857501E-07
  419    -6.8937731946E+00     2.1205149745E-07
  420    -6.8936877571E+00     1.8770608095E-07
  421    -6.8545549877E+00     2.7242301169E-07
  422    -6.8545541758E+00     6.4762716657E-07
  423    -6.8544415737E+00     3.2376134288E-07
  424    -6.8429098501E+00     1.5535582933E-07
  425    -6.8429088774E+00     1.3778208083E-07
  426    -6.8158862741E+00     1.4139642558E-07
  427    -6.8158853633E+00     2.1716055408E-07
  428    -6.8158845910E+00     2.2885855796E-07
  429    -6.7836176619E+00     1.8346630431E-07
  430    -6.7836160720E+00     1.2452797697E-07
  431    -6.7836098143E+00     2.1326503173E-07
  432    -6.7780367297E+00     1.9151621645E-07
  433    -6.7780352884E+00     1.5696415826E-07
  434    -6.7780277806E+00     1.7172914557E-07
  435    -6.7400542530E+00     6.1931468457E-07
  436    -6.7392504450E+00     3.5222287805E-07
  437    -6.7392492436E+00     1.2793599668E-07
  438    -6.7364192043E+00     1.8621472089E-07
  439    -6.7364182003E+00     1.5823155817E-07
  440    -6.7356136658E+00     3.1600175021E-07
  441    -6.6955928237E+00     2.3789302611E-07
  442    -6.6954774003E+00     2.3999552506E-07
  443    -6.6954727831E+00     1.3645270789E-07
  444    -6.6875097673E+00     1.6725082967E-07
  445    -6.6875066759E+00     1.2156343439E-07
  446    -6.6874010945E+00     1.3864676993E-07
  447    -6.6651738009E+00     1.5018442577E-07
  448    -6.6651495601E+00     2.3738925149E-07
  449    -6.6651486888E+00     1.6011618579E-07
  450    -6.6102661757E+00     2.0640706604E-07
  451    -6.6102629021E+00     3.3819534677E-07
  452    -6.5923770119E+00     3.6884721300E-07
  453    -6.5923498062E+00     1.9533885221E-07
  454    -6.5923468248E+00     3.5434188634E-07
  455    -6.5869720585E+00     2.4229855805E-07
  456    -6.5869437512E+00     2.7763521782E-07
  457    -6.5869412250E+00     1.6971241975E-07
  458    -6.4416459260E+00     2.1271014162E-07
  459    -6.3646313138E+00     3.2604213208E-07
  460    -6.3646300711E+00     3.1554195353E-07
  461    -6.3145764670E+00     1.9732340536E-07
  462    -6.3145335784E+00     1.4114014856E-07
  463    -6.3145325342E+00     2.1573150883E-07
  464    -6.3072839945E+00     1.3977313667E-07
  465    -6.3072837498E+00     1.8052724438E-07
  466    -6.3072618806E+00     1.5459441809E-07
  467    -6.2989191643E+00     3.4675163369E-07
  468    -6.2567727833E+00     1.5441334445E-07
  469    -6.2567712100E+00     1.6642638722E-07
  470    -6.2561119904E+00     2.0695003606E-07
  471    -6.2561103332E+00     1.5778165425E-07
  472    -6.2561048215E+00     1.4743913718E-07
  473    -6.1857907113E+00     1.8767686108E-07
  474    -6.1857885334E+00     1.8093392632E-07
  475    -6.1857873643E+00     1.3702891249E-07
  476    -6.1856838841E+00     1.8867650162E-07
  477    -6.1856831902E+00     1.9767744050E-07
  478    -6.1689023742E+00     2.1731989015E-07
  479    -6.1687299228E+00     1.6018449328E-07
  480    -6.1687255180E+00     2.1398626793E-07
  481    -6.1433471579E+00     2.2512491701E-07
  482    -6.1311162686E+00     1.1736990639E-07
  483    -5.9086604979E+00     1.6345141014E-07
  484    -5.9085847574E+00     2.1978433759E-07
  485    -5.9085826491E+00     2.1756337715E-07
  486    -5.8602926064E+00     5.3363689051E-07
  487    -5.8424092745E+00     4.6776017840E-07
  488    -5.8424084241E+00     1.9994473183E-07
  489    -5.8423778915E+00     3.3821878502E-07
  490    -5.8061259296E+00     1.5049564916E-07
  491    -5.8061250013E+00     3.9130859311E-07
  492    -5.8060683277E+00     5.5080345747E-07
  493    -5.7792802639E+00     1.6119326197E-07
  494    -5.7792769406E+00     3.8822931415E-07
  495    -5.7741935861E+00     2.8806115865E-07
  496    -5.7741482339E+00     1.4158691109E-07
  497    -5.7741458899E+00     1.7359193471E-07
  498    -5.7679635756E+00     1.5633881826E-07
  499    -5.7679627076E+00     4.1780954696E-07
  500    -5.7677674386E+00     1.6966519747E-07
  501    -5.7006490112E+00     4.3135683793E-07
  502    -5.7006478837E+00     3.8170488384E-07
  503    -5.5442394249E+00     5.8309642227E-07
  504    -5.5442373634E+00     8.8509790969E-07
  505    -5.4752752746E+00     3.4694168276E-07
  506    -5.4752749559E+00     2.5126364943E-07
  507    -5.4752244708E+00     1.9622806372E-07
  508    -5.4639297473E+00     3.7775846006E-07
  509    -5.4426061941E+00     2.8314851319E-07
  510    -5.4154080434E+00     1.8762943688E-07
  511    -5.4154039667E+00     2.3277244105E-07
  512    -5.4154023131E+00     2.3018603456E-07
  513    -5.4106321767E+00     3.2441701046E-07
  514    -5.3944585787E+00     1.7917051484E-07
  515    -5.3944572609E+00     2.1345412367E-07
  516    -5.3233359315E+00     2.8464658942E-07
  517    -5.3233354324E+00     2.1024239267E-07
  518    -5.2928007936E+00     4.3373073075E-07
  519    -5.2870753785E+00     1.7557265438E-07
  520    -5.2870572227E+00     3.1084518263E-07
  521    -5.2870561009E+00     2.1037416946E-07
  522    -5.2737553022E+00     1.8593790667E-07
  523    -5.2737543962E+00     2.5456073730E-07
  524    -5.2737368472E+00     2.6347692283E-07
  525    -5.2541639270E+00     4.0710225138E-07
  526    -5.2541613447E+00     3.3477087852E-07
  527    -5.2541484691E+00     1.8130383417E-07
  528    -5.2178238742E+00     2.4440258234E-07
  529    -5.2178012939E+00     3.5487022698E-07
  530    -5.2178009659E+00     2.8409881594E-07
  531    -5.1677735529E+00     6.4346507064E-07
  532    -5.1677103717E+00     2.0055535206E-06
  533    -5.1677094126E+00     4.8679294286E-07
  534    -5.1636623329E+00     3.3934045024E-07
  535    -5.1636163135E+00     3.2900601771E-07
  536    -5.1636144809E+00     3.4680955111E-07
  537    -5.1464598447E+00     2.9473690753E-07
  538    -5.1464558768E+00     3.0312718832E-07
  539    -5.1042332054E+00     2.6725054440E-07
  540    -5.1042323310E+00     2.2501341349E-07
  541    -5.1042282698E+00     2.9381520318E-07
  542    -5.1026559064E+00     1.7081596584E-07
  543    -5.1026301015E+00     2.0738241009E-07
  544    -5.1026290127E+00     2.6154986418E-07
  545    -5.0875819822E+00     3.0255328564E-07
  546    -5.0875803595E+00     3.5543114220E-07
  547    -5.0875680990E+00     3.3677753616E-07
  548    -5.0416758557E+00     4.1874810970E-07
  549    -5.0275098267E+00     2.0688121366E-07
  550    -5.0275087032E+00     2.2902776748E-07
  551    -5.0275074834E+00     2.2875377299E-07
  552    -5.0240088193E+00     2.4843178724E-07
  553    -5.0240066285E+00     3.1932238151E-07
  554    -5.0239941118E+00     3.2869869170E-07
  555    -4.9339878701E+00     2.2728947615E-07
  556    -4.9339867278E+00     4.2309623201E-07
  557    -4.8907371821E+00     1.6969388049E-07
  558    -4.8648579955E+00     2.0594305956E-07
  559    -4.8648321998E+00     2.9751518791E-07
  560    -4.8648305494E+00     1.9692414795E-07
  561    -4.8342171300E+00     2.1630085517E-07
  562    -4.8342153961E+00     5.3247502305E-07
  563    -4.8069945948E+00     3.0567030370E-07
  564    -4.8069932261E+00     1.2962139249E-06
  565    -4.8069640543E+00     2.3116793748E-07
  566    -4.8060629458E+00     3.0498675811E-07
  567    -4.8060622159E+00     3.0718937331E-07
  568    -4.8058745734E+00     3.2335008906E-07
  569    -4.7893808460E+00     2.3831334480E-07
  570    -4.7893704629E+00     2.3096106797E-07
  571    -4.7893683736E+00     2.7169211571E-07
  572    -4.7729739313E+00     2.8415917370E-07
  573    -4.7729414165E+00     3.4905702463E-07
  574    -4.7729394360E+00     3.9610960784E-07
  575    -4.7652319432E+00     3.9998965549E-07
  576    -4.7651365499E+00     4.9590496719E-07
  577    -4.7651352109E+00     1.8398724896E-07
  578    -4.6975971870E+00     2.0346449847E-07
  579    -4.6975959924E+00     2.6691881413E-07
  580    -4.6975914028E+00     2.5676263726E-07
  581    -4.6400798483E+00     3.7854021163E-07
  582    -4.6400773449E+00     2.3806448802E-07
  583    -4.6400421155E+00     3.4959480624E-07
  584    -4.5983715398E+00     2.9414521042E-07
  585    -4.5983695894E+00     5.4638953439E-07
  586    -4.5597712714E+00     2.6427586470E-07
  587    -4.3627749491E+00     5.4851284301E-07
  588    -4.3626929115E+00     4.3337784903E-07
  589    -4.3626924940E+00     3.1802648441E-07
  590    -4.3190122144E+00     4.2137633974E-07
  591    -4.3190101852E+00     4.0044936766E-07
  592    -4.3189965422E+00     6.2239756064E-07
  593    -4.2205273632E+00     3.7248272709E-07
  594    -4.2205265679E+00     6.0109892093E-07
  595    -4.2203546756E+00     3.7239817331E-07
  596    -4.1736344228E+00     2.6398390870E-07
  597    -4.1734422072E+00     4.2174723943E-07
  598    -4.1734408069E+00     4.2472001853E-07
  599    -4.1627324586E+00     7.7217982482E-07
  600    -4.1045317591E+00     5.5380266039E-07
  601    -4.1045316150E+00     3.8605135601E-07
  602    -4.1045204338E+00     6.5943806243E-07
  603    -3.9959259207E+00     3.4130683639E-07
  604    -3.9959188550E+00     3.1456327944E-07
  605    -3.9959177595E+00     3.3113547177E-07
  606    -3.9554264952E+00     3.7859484690E-07
  607    -3.9554253842E+00     4.2220415087E-07
  608    -3.9554182086E+00     3.4189840739E-07
  609    -3.9233586080E+00     2.9608007758E-07
  610    -3.9232782925E+00     2.9494670245E-07
  611    -3.9232780018E+00     3.6617214890E-07
  612    -3.9137787080E+00     6.1846232050E-07
  613    -3.9089081863E+00     8.6922928819E-07
  614    -3.8947000032E+00     5.7254868953E-07
  615    -3.8946964713E+00     4.1162519781E-07
  616    -3.8946956626E+00     3.7442037343E-07
  617    -3.8310877815E+00     5.0080151273E-07
  618    -3.8310871009E+00     5.4743490161E-07
  619    -3.7880674813E+00     6.1419696518E-07
  620    -3.7329072431E+00     3.7869460378E-07
  621    -3.7329068206E+00     3.0898646347E-07
  622    -3.7089414564E+00     1.0149692729E-06
  623    -3.7086455039E+00     4.2738738542E-07
  624    -3.7086450153E+00     4.7413311835E-07
  625    -3.6940527790E+00     6.0658453710E-07
  626    -3.6940521545E+00     7.4311970611E-07
  627    -3.6829670130E+00     4.8167900842E-07
  628    -3.6496281015E+00     6.0189215698E-07
  629    -3.6496279000E+00     3.4555234977E-07
  630    -3.6495942511E+00     5.7515525225E-07
  631    -3.6343840736E+00     4.7542993083E-07
  632    -3.6343838597E+00     5.2224695364E-07
  633    -3.6343124828E+00     3.5292015558E-07
  634    -3.6127652721E+00     3.5388644762E-07
  635    -3.6127644046E+00     3.5917492953E-07
  636    -3.5995859121E+00     4.8658934597E-07
  637    -3.5912263931E+00     3.2678773349E-07
  638    -3.5912236864E+00     3.7421776263E-07
  639    -3.5876240306E+00     1.1189767487E-06
  640    -3.5875032015E+00     3.2702195700E-07
  641    -3.5875027434E+00     1.1255457444E-06
  642    -3.5796944302E+00     4.1248666872E-07
  643    -3.5462713988E+00     4.3518484300E-07
  644    -3.5462694412E+00     3.7188273217E-07
  645    -3.5462325636E+00     5.0674325182E-07
  646    -3.5296173479E+00     1.1754681327E-06
  647    -3.5295610420E+00     3.4434901719E-07
  648    -3.5295597805E+00     7.1645629335E-07
  649    -3.5189020468E+00     1.2867984105E-06
  650    -3.5189015850E+00     8.1784171644E-07
  651    -3.5186903962E+00     7.8273921901E-07
  652    -3.5179231151E+00     3.5976110692E-07
  653    -3.5178778450E+00     7.1244437823E-07
  654    -3.5178772928E+00     7.5916602511E-07
  655    -3.4891420064E+00     8.5353115174E-07
  656    -3.4891210457E+00     3.0916185210E-07
  657    -3.4891205243E+00     3.2992728209E-07
  658    -3.4614623888E+00     4.8204310797E-07
  659    -3.4614614535E+00     3.6074875873E-07
  660    -3.3513042299E+00     4.7527390374E-07
  661    -3.3512795117E+00     5.6586592280E-07
  662    -3.3512788976E+00     8.4968021738E-07
  663    -3.3340628032E+00     7.4529410372E-07
  664    -3.3340622950E+00     8.7632478675E-07
  665    -3.3340554860E+00     3.9147773869E-07
  666    -3.3257283826E+00     5.4654298804E-07
  667    -3.3257277866E+00     5.6916347670E-07
  668    -3.3257264625E+00     1.1471610844E-06
  669    -3.2986270011E+00     5.2987263203E-07
  670    -3.2986255705E+00     4.7891143367E-07
  671    -3.2986248688E+00     6.4209546065E-07
  672    -3.2626713533E+00     3.6995242525E-07
  673    -3.2366613941E+00     9.3555845957E-07
  674    -3.2366609267E+00     1.0191674717E-06
  675    -3.2366562363E+00     6.5792381082E-07
  676    -3.1981579610E+00     4.6162433234E-07
  677    -3.1981573851E+00     8.1015192918E-07
  678    -3.1597005999E+00     6.5983029610E-07
  679    -3.1596999620E+00     1.0535235305E-06
  680    -3.1158948900E+00     1.3059573051E-06
  681    -3.0822832839E+00     1.1435298919E-06
  682    -2.9630103934E+00     5.6328651130E-07
  683    -2.9630100084E+00     6.1237294919E-07
  684    -2.9625460155E+00     6.0502294049E-07
  685    -2.9608452689E+00     2.6089233454E-06
  686    -2.9608443892E+00     5.2333223302E-07
  687    -2.9607774196E+00     4.8894229094E-07
  688    -2.9590701843E+00     6.1578138423E-07
  689    -2.9590696905E+00     5.2596916401E-07
  690    -2.9373236310E+00     1.4152798337E-06
  691    -2.8914141566E+00     4.7928289487E-07
  692    -2.8913655015E+00     5.6753571782E-07
  693    -2.8913650732E+00     7.9391629596E-07
  694    -2.8585841796E+00     5.3734687969E-07
  695    -2.8585778422E+00     1.0386031096E-06
  696    -2.8585770038E+00     7.8520444279E-07
  697    -2.8547181312E+00     5.9058082274E-07
  698    -2.8547176367E+00     8.9884326233E-07
  699    -2.8547095116E+00     6.9835021290E-07
  700    -2.8209404049E+00     5.2855986826E-07
  701    -2.8201632706E+00     9.5398054129E-07
  702    -2.8201627736E+00     1.0594156775E-06
  703    -2.8160513906E+00     1.0304158342E-06
  704    -2.8160511596E+00     1.0227058700E-06
  705    -2.8141010564E+00     7.5572821779E-07
  706    -2.8140611085E+00     4.8926528586E-07
  707    -2.8140604491E+00     9.0832688869E-07
  708    -2.7932648017E+00     1.2875818872E-06
  709    -2.7192783662E+00     1.1333490192E-06
  710    -2.7192252800E+00     9.0318282372E-07
  711    -2.7192247460E+00     1.2324141991E-06
  712    -2.6764022958E+00     7.5184225990E-07
  713    -2.6764003110E+00     7.4778177201E-07
  714    -2.6764001020E+00     8.7189434094E-07
  715    -2.5895400945E+00     1.2018562702E-06
  716    -2.5895320732E+00     1.2670011773E-06
  717    -2.5895315895E+00     1.5607483933E-06
  718    -2.5629279968E+00     9.6725291854E-07
  719    -2.5629276669E+00     1.7058805078E-06
  720    -2.4570883410E+00     8.8455511040E-07
  721    -2.4418404258E+00     1.1346895314E-06
  722    -2.4418399745E+00     1.9425350538E-06
  723    -2.4415589086E+00     8.5413266495E-07
  724    -2.4359004913E+00     8.3273213912E-07
  725    -2.4356142974E+00     1.2049026306E-06
  726    -2.4356134748E+00     6.3288361948E-07
  727    -2.3687842045E+00     8.1204950312E-07
  728    -2.3687839797E+00     6.9971714594E-07
  729    -2.3684421832E+00     7.4273073259E-07
  730    -2.3680256482E+00     9.6515062352E-07
  731    -2.3679230383E+00     6.9569208705E-07
  732    -2.3679218427E+00     9.0191617578E-07
  733    -2.3647857678E+00     9.3155998691E-07
  734    -2.3475966851E+00     1.7460133533E-06
  735    -2.3473450204E+00     1.4758230156E-06
  736    -2.3473449694E+00     1.3764688703E-06
  737    -2.3249077306E+00     6.7554897348E-07
  738    -2.3249073913E+00     9.1322166971E-07
  739    -2.3168779322E+00     6.6968511174E-07
  740    -2.3133949516E+00     7.1672512116E-07
  741    -2.3133942611E+00     7.4557300722E-07
  742    -2.2992565669E+00     1.4541052605E-06
  743    -2.2992010714E+00     7.2792690877E-07
  744    -2.2992006377E+00     7.4047806536E-07
  745    -2.2900545921E+00     7.9607716634E-07
  746    -2.2900542053E+00     8.2342033217E-07
  747    -2.2898468876E+00     9.2252185575E-07
  748    -2.2836867314E+00     9.8893397476E-07
  749    -2.2836865118E+00     9.5404256612E-07
  750    -2.2836842897E+00     1.4824282397E-06
  751    -2.2533369521E+00     9.3770152298E-07
  752    -2.2533364085E+00     1.3864981469E-06
  753    -2.1844870586E+00     1.2612417070E-06
  754    -2.1844712737E+00     2.4474227653E-06
  755    -2.1844703664E+00     1.0872654987E-06
  756    -2.1802336623E+00     9.0880587146E-07
  757    -2.1802333407E+00     7.0019325443E-07
  758    -2.1801682511E+00     1.0225854754E-06
  759    -2.1708286434E+00     2.0455328125E-06
  760    -2.1708280748E+00     1.4904459219E-06
  761    -2.1707940139E+00     2.1593000268E-06
  762    -2.1628924824E+00     1.1223837676E-06
  763    -2.1628919769E+00     1.1058169260E-06
  764    -2.1028510118E+00     1.8059371649E-06
  765    -2.0740630074E+00     1.8856654704E-06
  766    -2.0740447204E+00     1.4906514174E-06
  767    -2.0740436323E+00     1.2967167314E-06
  768    -2.0630621007E+00     1.9180054626E-06
  769    -1.9905298208E+00     9.1723759797E-07
  770    -1.9905295267E+00     2.1635040019E-06
  771    -1.9843020671E+00     1.3186383756E-06
  772    -1.9842124883E+00     1.2118197642E-06
  773    -1.9842116118E+00     2.0182837712E-06
  774    -1.9804520658E+00     9.4365600535E-07
  775    -1.9804510574E+00     1.9035844649E-06
  776    -1.9804283672E+00     9.8904785292E-07
  777    -1.9537545829E+00     1.0913277349E-06
  778    -1.9536648045E+00     1.9938437362E-06
  779    -1.9536647037E+00     1.7564145453E-06
  780    -1.9067673080E+00     1.0293492774E-06
  781    -1.9067661060E+00     1.5763541108E-06
  782    -1.9066922572E+00     1.3006276000E-06
  783    -1.8852474845E+00     1.6775122507E-06
  784    -1.8852469319E+00     1.5261511374E-06
  785    -1.8851812299E+00     2.5032201992E-06
  786    -1.8182874097E+00     1.4603799249E-06
  787    -1.8181534635E+00     2.4246358370E-06
  788    -1.8181533828E+00     1.6627420344E-06
  789    -1.8137098240E+00     2.6309091630E-06
  790    -1.8137096084E+00     2.1237327011E-06
  791    -1.7307252392E+00     3.1672404920E-06
  792    -1.7253763840E+00     2.6260095551E-06
  793    -1.7253644363E+00     1.1785851924E-06
  794    -1.7253638120E+00     1.1840854679E-06
  795    -1.7176812082E+00     1.4591230880E-06
  796    -1.7176806744E+00     3.1767132558E-06
  797    -1.7176062462E+00     4.0494105849E-06
  798    -1.7061461320E+00     3.3997214301E-06
  799    -1.7061336755E+00     2.3702032269E-06
  800    -1.7061333648E+00     2.6152038019E-06
  801    -1.6732140159E+00     2.3371596146E-06
  802    -1.6732135408E+00     1.4433171040E-06
  803    -1.6731762447E+00     2.7077923271E-06
  804    -1.6235771304E+00     1.4133256239E-06
  805    -1.6235768532E+00     3.3930663206E-06
  806    -1.6235358494E+00     1.9630390551E-06
  807    -1.5140639297E+00     2.0417294483E-06
  808    -1.5140637796E+00     1.9625814171E-06
  809    -1.5137395513E+00     5.1548922419E-06
  810    -1.5125286277E+00     1.8124695032E-06
  811    -1.5039292550E+00     2.1755052474E-06
  812    -1.5034771614E+00     2.4767853258E-06
  813    -1.5034768291E+00     4.1909302808E-06
  814    -1.4730666313E+00     1.9785825933E-06
  815    -1.4730662359E+00     1.6105955163E-06
  816    -1.4728924950E+00     4.3837820935E-06
  817    -1.4687489750E+00     2.3126094553E-06
  818    -1.4687487140E+00     1.9226078736E-06
  819    -1.4683247469E+00     3.7662123887E-06
  820    -1.4086487854E+00     2.2670637846E-06
  821    -1.4084817678E+00     3.0554905158E-06
  822    -1.4084816654E+00     1.9004175462E-06
  823    -1.3205984573E+00     3.4094228919E-06
  824    -1.3205982340E+00     4.5204814292E-06
  825    -1.2897781167E+00     2.2085524402E-06
  826    -1.2897780367E+00     3.0370186422E-06
  827    -1.2897088186E+00     6.6701209070E-06
  828    -1.2598897096E+00     2.8108870377E-06
  829    -1.2303898129E+00     4.4920628786E-06
  830    -1.2303897810E+00     4.1094214152E-06
  831    -1.2303637317E+00     6.6035056241E-06
  832    -1.2203111037E+00     2.7668143321E-06
  833    -1.2203106385E+00     4.2222146522E-06
  834    -1.2203084489E+00     2.5253402123E-06
  835    -1.1955891813E+00     2.7458132948E-06
  836    -1.1955754537E+00     1.1542562909E-05
  837    -1.1955752459E+00     8.8628144334E-06
  838    -1.1840033120E+00     5.5697963850E-06
  839    -1.1743246886E+00     4.8131950063E-06
  840    -1.1688520814E+00     4.1521801856E-06
  841    -1.1688519392E+00     4.5850520202E-06
  842    -1.1686211470E+00     7.9070033850E-06
  843    -1.1588688943E+00     4.0579186556E-06
  844    -1.1588684347E+00     4.4802947323E-06
  845    -1.1071674404E+00     9.3753383957E-06
  846    -1.1071673603E+00     8.9119401822E-06
  847    -1.1071225497E+00     3.8442566315E-06
  848    -1.0992864177E+00     5.4016163982E-06
  849    -1.0992862921E+00     5.6654751084E-06
  850    -1.0932978529E+00     7.7516512549E-06
  851    -1.0932976777E+00     6.5582396529E-06
  852    -1.0455975971E+00     3.8862493813E-06
  853    -1.0455969751E+00     4.0560710140E-06
  854    -1.0412248148E+00     5.5539369982E-06
  855    -9.9769218082E-01     4.5657430978E-06
  856    -9.9764711900E-01     1.0533645369E-05
  857    -9.9764676502E-01     3.0823594101E-05
  858    -9.8867943508E-01     4.6836703473E-06
  859    -9.8867910460E-01     2.7548972207E-06
  860    -9.8865540512E-01     4.7511293830E-06
  861    -9.6416544567E-01     7.9063610581E-06
  862    -9.6127467858E-01     5.2712984838E-06
  863    -9.6127428001E-01     4.9775256379E-06
  864    -9.6126371976E-01     9.1059138208E-06
  865    -9.3142370674E-01     5.6557663848E-06
  866    -9.3131883469E-01     6.2856137890E-06
  867    -9.3131839568E-01     6.3152135328E-06
  868    -9.1880172146E-01     5.6446316608E-06
  869    -9.1880123915E-01     2.0352737885E-05
  870    -9.0752100260E-01     6.4481236391E-06
  871    -9.0745465767E-01     5.7384342853E-06
  872    -9.0745426991E-01     6.8555242820E-06
  873    -9.0049179124E-01     7.7916658897E-06
  874    -8.7032731041E-01     2.4082523313E-05
  875    -8.7032709175E-01     3.3409329908E-05
  876    -8.3739186067E-01     1.0116612782E-05
  877    -8.3690081266E-01     1.2675137955E-05
  878    -8.3690079799E-01     1.3607971466E-05
  879    -8.0521106957E-01     6.1488917668E-06
  880    -8.0521094184E-01     8.0670320304E-06
  881    -8.0474300386E-01     1.3693644086E-05
  882    -7.7586020902E-01     1.7915641461E-05
  883    -7.7574586616E-01     3.9691198394E-05
  884    -7.7574557343E-01     4.8430418652E-05
  885    -7.7016116500E-01     6.9809321109E-06
  886    -7.7016094763E-01     1.9879206655E-05
  887    -7.6998878464E-01     2.6883324493E-05
  888    -7.5160826114E-01     1.6302864732E-05
  889    -7.5154734303E-01     7.7916992887E-05
  890    -7.5154723475E-01     2.9381820324E-05
  891    -7.4218356982E-01     3.5125955427E-05
  892    -7.0345191434E-01     1.6919953110E-05
  893    -7.0345184873E-01     1.9121970124E-05
  894    -7.0131610025E-01     6.7516751379E-06
  895    -6.9867738251E-01     3.4148399749E-05
  896    -6.9866418374E-01     1.7085179598E-05
  897    -6.9653356731E-01     9.0450847134E-06
  898    -6.9653342866E-01     6.5244721727E-06
  899    -6.6203363923E-01     8.0180058500E-06
  900    -6.6202524365E-01     1.4686518463E-05
  901    -6.6202509636E-01     1.3027772543E-05
  902    -6.3461756558E-01     2.1799820531E-05
  903    -6.3461749943E-01     2.6777185635E-05
  904    -6.1941399350E-01     1.4211236341E-05
  905    -6.1941387642E-01     1.1887835474E-05
  906    -6.0496648150E-01     9.9172207251E-06
  907    -6.0496638161E-01     8.7190842850E-06
  908    -6.0468544318E-01     2.0128234983E-05
  909    -5.9349839425E-01     1.8690650419E-05
  910    -5.9349832371E-01     2.1484586585E-05
  911    -5.8623983995E-01     2.1645941275E-05
  912    -5.6941682444E-01     2.0764575421E-05
  913    -5.6941672769E-01     1.5344183187E-05
  914    -5.6938645995E-01     1.2047298701E-05
  915    -5.1344092313E-01     3.6021395806E-05
  916    -5.1344076443E-01     4.2195629282E-05
  917    -5.1340389991E-01     2.1047101141E-05
  918    -4.9146844912E-01     3.9918914913E-05
  919    -4.9144726077E-01     1.6472069384E-05
  920    -4.9144724961E-01     8.3500700934E-05
  921    -4.8252301388E-01     2.2051387489E-05
  922    -4.8250577771E-01     2.7891501548E-05
  923    -4.8250574940E-01     1.4812352821E-05
  924    -4.7239401999E-01     2.4042280079E-05
  925    -4.7239378428E-01     6.4691085589E-05
  926    -4.7227238587E-01     4.2612548487E-05
  927    -4.6252445813E-01     1.1989354858E-04
  928    -4.6243318417E-01     4.3109834647E-05
  929    -4.6243310218E-01     3.6148999652E-05
  930    -4.2837839694E-01     2.0700616795E-04
  931    -4.2837801208E-01     4.8686302914E-05
  932    -4.0433196843E-01     2.0089216741E-05
  933    -4.0433178793E-01     3.6092148142E-05
  934    -3.9974131592E-01     2.5205674011E-05
  935    -3.9974118216E-01     4.2708060406E-05
  936    -3.9970989067E-01     6.5354192620E-05
  937    -3.8390621490E-01     2.8460506003E-05
  938    -3.7894455731E-01     6.9234294281E-05
  939    -3.7885830545E-01     5.0887259637E-05
  940    -3.7885817178E-01     6.4861279645E-05
  941    -3.2688841466E-01     6.3312312601E-05
  942    -3.2688833157E-01     4.1439099181E-05
  943    -3.2606619989E-01     1.0904525777E-04
  944    -3.2546331108E-01     8.3530272547E-05
  945    -3.2455644406E-01     2.9515786135E-05
  946    -3.2455625657E-01     6.7840832151E-05
  947    -3.1286911307E-01     7.3379217388E-05
  948    -3.1283512176E-01     5.3753613084E-05
  949    -3.1283502479E-01     6.5487579948E-05
  950    -2.8925588586E-01     5.4842613542E-05
  951    -2.5945845931E-01     1.3964868786E-04
  952    -2.5931514239E-01     1.3839782387E-04
  953    -2.5931503522E-01     9.5292847425E-05
  954    -2.4280670681E-01     1.4820158068E-04
  955    -2.4280666617E-01     1.3157464028E-04
  956    -2.3859265460E-01     1.0129153670E-04
  957    -2.3859252504E-01     7.0586580620E-05
  958    -2.3844596763E-01     1.1429908326E-04
  959    -2.3700925229E-01     8.8370994334E-05
  960    -2.3700915131E-01     7.7698020258E-05
  961    -2.3695309642E-01     8.3469489911E-05
  962    -2.1665392966E-01     2.4664922494E-04
  963    -2.1639833269E-01     2.2718179615E-04
  964    -2.1639811773E-01     1.6165122217E-04
  965    -2.0289275327E-01     3.9148308956E-04
  966    -1.9436691396E-01     1.5606552027E-04
  967    -1.3898091575E-01     2.6452552757E-04
  968    -1.3487318310E-01     3.6195723085E-04
  969    -1.3487313282E-01     2.0337047951E-04
  970    -1.3473000266E-01     4.8342253808E-04
  971    -1.2948919950E-01     5.1663101391E-04
  972    -1.0319866519E-01     1.0027617041E-03
  973    -1.0312004373E-01     1.0953350043E-03
  974    -1.0311961284E-01     1.4655444468E-03
  975    -8.9895631734E-02     6.2654725854E-04
  976    -8.9895590237E-02     8.2667705932E-04
  977    -7.1676037938E-02     4.4639545552E-03
  978    -7.1675871061E-02     7.2634794980E-04
  979    -7.1672608459E-02     3.1217475273E-03
  980    -5.1414349885E-02     8.4906505863E-03
  981    -5.1414190150E-02     1.7977673145E-03
  982    -5.1373013074E-02     4.3500103993E-03
  983    -1.0518059309E-02     1.0309809399E-01
  984    -1.2362835150E-03     1.8379540729E+00
  985    -1.2362479929E-03     2.3005589363E+00
  986     1.0041379733E-02     6.8130342063E-02
  987     1.0041662934E-02     1.6240734939E-01
  988     1.0041853605E-02     7.2615137743E-02
  989     1.0749024355E-02     4.1708480217E-02
  990     1.0749160703E-02     5.6649269173E-02
  991     1.0750245072E-02     4.8448604791E-02
  992     1.7280997050E-02     2.8165675899E-02
  993     1.7281124413E-02     1.8545192067E-02
  994     2.0419267282E-02     4.1985369849E-02
  995     2.6558911231E-02     1.1985928065E-02
  996     2.8308389605E-02     6.4244424281E-03
  997     2.8308391317E-02     1.9532501197E-02
  998     2.8346486393E-02     1.6323623798E-02
  999     2.8616731589E-02     1.0720737931E-02
 1000     2.8652527041E-02     9.0189732614E-03


 TOTAL TIME = 23248 [s]
